Antes do refactor: 


Projeto: /home/vitor-otto/opensource/Recaf-2.21.13

Total asserts: 589
Asserts sem descrição: 582
Asserts com descrição: 6
Assertion Roulette: 509

Após o refactor: 


Projeto: /home/vitor-otto/opensource/Recaf-2.21.13

chamada antiga: assertEquals("test/Person", graph.getCommon("test/Jedi", "test/Sith"))
nova chamada: assertEquals("test/Person", graph.getCommon("test/Jedi", "test/Sith"), "Era esperado valores iguais, mas  'test/Person' é diferente de " + result0 + " <graph.getCommon('test/Jedi', 'test/Sith')>")
chamada antiga: assertEquals("test/Person", graph.getCommon("test/Jedi", "test/Person"))
nova chamada: assertEquals("test/Person", graph.getCommon("test/Jedi", "test/Person"), "Era esperado valores iguais, mas  'test/Person' é diferente de " + result1 + " <graph.getCommon('test/Jedi', 'test/Person')>")
chamada antiga: assertEquals("test/Person", graph.getCommon("test/Person", "test/Person"))
nova chamada: assertEquals("test/Person", graph.getCommon("test/Person", "test/Person"), "Era esperado valores iguais, mas  'test/Person' é diferente de " + result2 + " <graph.getCommon('test/Person', 'test/Person')>")
chamada antiga: assertEquals(expected.size(), hierarchy.stream().filter(v -> expected.contains(v.getData().getClassName())).count())
nova chamada: assertEquals(expected.size(), hierarchy.stream().filter(v -> expected.contains(v.getData().getClassName())).count(), "Era esperado valores iguais, mas " + result3 + " <expected.size()> é diferente de " + result4 + " <hierarchy.stream().filter(v -> expected.contains(v.getData().getClassName())).count()>")
chamada antiga: assertTrue(graph.isLibrary("test/Yoda", "toString", "()Ljava/lang/String;"))
nova chamada: assertTrue(graph.isLibrary("test/Yoda", "toString", "()Ljava/lang/String;"), "Era esperado verdadeiro, mas " + result5 + " <graph.isLibrary('test/Yoda', 'toString', '()Ljava/lang/String;')> é falso")
chamada antiga: assertTrue(graph.areLinked("test/Yoda", "say", "()V", "test/Greetings", "say", "()V"))
nova chamada: assertTrue(graph.areLinked("test/Yoda", "say", "()V", "test/Greetings", "say", "()V"), "Era esperado verdadeiro, mas " + result6 + " <graph.areLinked('test/Yoda', 'say', '()V', 'test/Greetings', 'say', '()V')> é falso")
chamada antiga: assertEquals(1, results.size())
nova chamada: assertEquals(1, results.size(), "Era esperado valores iguais, mas  1 é diferente de " + result7 + " <results.size()>")
chamada antiga: assertEquals(Collections.emptySet(), result.getDifference())
nova chamada: assertEquals(Collections.emptySet(), result.getDifference(), "Era esperado valores iguais, mas " + result8 + " <Collections.emptySet()> é diferente de " + result9 + " <result.getDifference()>")
chamada antiga: assertEquals(1, results.size())
nova chamada: assertEquals(1, results.size(), "Era esperado valores iguais, mas  1 é diferente de " + result10 + " <results.size()>")
chamada antiga: assertEquals(20, mappings.size())
nova chamada: assertEquals(20, mappings.size(), "Era esperado valores iguais, mas  20 é diferente de " + result11 + " <mappings.size()>")
chamada antiga: assertEquals(1, results.size())
nova chamada: assertEquals(1, results.size(), "Era esperado valores iguais, mas  1 é diferente de " + result12 + " <results.size()>")
chamada antiga: assertEquals(1, difference.size())
nova chamada: assertEquals(1, difference.size(), "Era esperado valores iguais, mas  1 é diferente de " + result13 + " <difference.size()>")
chamada antiga: assertEquals("Start", vertex.getValue().getOwner())
nova chamada: assertEquals("Start", vertex.getValue().getOwner(), "Era esperado valores iguais, mas  'Start' é diferente de " + result14 + " <vertex.getValue().getOwner()>")
chamada antiga: assertEquals("main", vertex.getValue().getName())
nova chamada: assertEquals("main", vertex.getValue().getName(), "Era esperado valores iguais, mas  'main' é diferente de " + result15 + " <vertex.getValue().getName()>")
chamada antiga: assertEquals("([Ljava/lang/String;)V", vertex.getValue().getDesc())
nova chamada: assertEquals("([Ljava/lang/String;)V", vertex.getValue().getDesc(), "Era esperado valores iguais, mas  '([Ljava/lang/String;)V' é diferente de " + result16 + " <vertex.getValue().getDesc()>")
chamada antiga: assertEquals(Collections.emptySet(), result.getDifference())
nova chamada: assertEquals(Collections.emptySet(), result.getDifference(), "Era esperado valores iguais, mas " + result17 + " <Collections.emptySet()> é diferente de " + result18 + " <result.getDifference()>")
chamada antiga: assertEquals(1, results.size())
nova chamada: assertEquals(1, results.size(), "Era esperado valores iguais, mas  1 é diferente de " + result19 + " <results.size()>")
chamada antiga: assertEquals(0, mappings.size())
nova chamada: assertEquals(0, mappings.size(), "Era esperado valores iguais, mas  0 é diferente de " + result20 + " <mappings.size()>")
chamada antiga: assertEquals(0, mappings.size())
nova chamada: assertEquals(0, mappings.size(), "Era esperado valores iguais, mas  0 é diferente de " + result21 + " <mappings.size()>")
chamada antiga: assertEquals(1, fields.size())
nova chamada: assertEquals(1, fields.size(), "Era esperado valores iguais, mas  1 é diferente de " + result22 + " <fields.size()>")
chamada antiga: assertEquals("i", field.getName())
nova chamada: assertEquals("i", field.getName(), "Era esperado valores iguais, mas  'i' é diferente de " + result23 + " <field.getName()>")
chamada antiga: assertEquals("int", field.getType())
nova chamada: assertEquals("int", field.getType(), "Era esperado valores iguais, mas  'int' é diferente de " + result24 + " <field.getType()>")
chamada antiga: assertEquals("", field.getDescription())
nova chamada: assertEquals("", field.getDescription(), "Era esperado valores iguais, mas  '' é diferente de " + result25 + " <field.getDescription()>")
chamada antiga: assertEquals("protected", field.getModifiers().get(0))
nova chamada: assertEquals("protected", field.getModifiers().get(0), "Era esperado valores iguais, mas  'protected' é diferente de " + result26 + " <field.getModifiers().get(0)>")
chamada antiga: assertEquals("final", field.getModifiers().get(1))
nova chamada: assertEquals("final", field.getModifiers().get(1), "Era esperado valores iguais, mas  'final' é diferente de " + result27 + " <field.getModifiers().get(1)>")
chamada antiga: assertEquals(2, methods.size())
nova chamada: assertEquals(2, methods.size(), "Era esperado valores iguais, mas  2 é diferente de " + result28 + " <methods.size()>")
chamada antiga: assertEquals("evaluate", method.getName())
nova chamada: assertEquals("evaluate", method.getName(), "Era esperado valores iguais, mas  'evaluate' é diferente de " + result29 + " <method.getName()>")
chamada antiga: assertEquals("double", method.getReturnType())
nova chamada: assertEquals("double", method.getReturnType(), "Era esperado valores iguais, mas  'double' é diferente de " + result30 + " <method.getReturnType()>")
chamada antiga: assertEquals("Evaluates an expression as a level deeper than the current one in the expression tree,", method.getDescription())
nova chamada: assertEquals("Evaluates an expression as a level deeper than the current one in the expression tree,", method.getDescription(), "Era esperado valores iguais, mas  'Evaluates an expression as a level deeper than the current one in the expression tree,' é diferente de " + result31 + " <method.getDescription()>")
chamada antiga: assertEquals("protected", method.getModifiers().get(0))
nova chamada: assertEquals("protected", method.getModifiers().get(0), "Era esperado valores iguais, mas  'protected' é diferente de " + result32 + " <method.getModifiers().get(0)>")
chamada antiga: assertEquals("final", method.getModifiers().get(1))
nova chamada: assertEquals("final", method.getModifiers().get(1), "Era esperado valores iguais, mas  'final' é diferente de " + result33 + " <method.getModifiers().get(1)>")
chamada antiga: assertEquals("Evaluated result.", method.getReturnDescription())
nova chamada: assertEquals("Evaluated result.", method.getReturnDescription(), "Era esperado valores iguais, mas  'Evaluated result.' é diferente de " + result34 + " <method.getReturnDescription()>")
chamada antiga: assertEquals(1, method.getParameters().size())
nova chamada: assertEquals(1, method.getParameters().size(), "Era esperado valores iguais, mas  1 é diferente de " + result35 + " <method.getParameters().size()>")
chamada antiga: assertEquals("expression", parameter.getName())
nova chamada: assertEquals("expression", parameter.getName(), "Era esperado valores iguais, mas  'expression' é diferente de " + result36 + " <parameter.getName()>")
chamada antiga: assertEquals("Some math expression.", parameter.getDescription())
nova chamada: assertEquals("Some math expression.", parameter.getDescription(), "Era esperado valores iguais, mas  'Some math expression.' é diferente de " + result37 + " <parameter.getDescription()>")
chamada antiga: assertEquals("accept", method.getName())
nova chamada: assertEquals("accept", method.getName(), "Era esperado valores iguais, mas  'accept' é diferente de " + result38 + " <method.getName()>")
chamada antiga: assertEquals("double", method.getReturnType())
nova chamada: assertEquals("double", method.getReturnType(), "Era esperado valores iguais, mas  'double' é diferente de " + result39 + " <method.getReturnType()>")
chamada antiga: assertEquals("", method.getDescription())
nova chamada: assertEquals("", method.getDescription(), "Era esperado valores iguais, mas  '' é diferente de " + result40 + " <method.getDescription()>")
chamada antiga: assertEquals("public", method.getModifiers().get(0))
nova chamada: assertEquals("public", method.getModifiers().get(0), "Era esperado valores iguais, mas  'public' é diferente de " + result41 + " <method.getModifiers().get(0)>")
chamada antiga: assertEquals("abstract", method.getModifiers().get(1))
nova chamada: assertEquals("abstract", method.getModifiers().get(1), "Era esperado valores iguais, mas  'abstract' é diferente de " + result42 + " <method.getModifiers().get(1)>")
chamada antiga: assertEquals("Evaluated result.", method.getReturnDescription())
nova chamada: assertEquals("Evaluated result.", method.getReturnDescription(), "Era esperado valores iguais, mas  'Evaluated result.' é diferente de " + result43 + " <method.getReturnDescription()>")
chamada antiga: assertEquals(1, method.getParameters().size())
nova chamada: assertEquals(1, method.getParameters().size(), "Era esperado valores iguais, mas  1 é diferente de " + result44 + " <method.getParameters().size()>")
chamada antiga: assertEquals("expression", parameter.getName())
nova chamada: assertEquals("expression", parameter.getName(), "Era esperado valores iguais, mas  'expression' é diferente de " + result45 + " <parameter.getName()>")
chamada antiga: assertEquals("Some math expression.", parameter.getDescription())
nova chamada: assertEquals("Some math expression.", parameter.getDescription(), "Era esperado valores iguais, mas  'Some math expression.' é diferente de " + result46 + " <parameter.getDescription()>")
chamada antiga: assertEquals(2, inheritance.size())
nova chamada: assertEquals(2, inheritance.size(), "Era esperado valores iguais, mas  2 é diferente de " + result47 + " <inheritance.size()>")
chamada antiga: assertEquals("calc/Calculator", inheritance.get(0))
nova chamada: assertEquals("calc/Calculator", inheritance.get(0), "Era esperado valores iguais, mas  'calc/Calculator' é diferente de " + result48 + " <inheritance.get(0)>")
chamada antiga: assertEquals("java/lang/Object", inheritance.get(1))
nova chamada: assertEquals("java/lang/Object", inheritance.get(1), "Era esperado valores iguais, mas  'java/lang/Object' é diferente de " + result49 + " <inheritance.get(1)>")
chamada antiga: assertEquals(keys.length, subclasses.size())
nova chamada: assertEquals(keys.length, subclasses.size(), "Era esperado valores iguais, mas  keys.length é diferente de " + result50 + " <subclasses.size()>")
chamada antiga: assertEquals(0, subclasses.size())
nova chamada: assertEquals(0, subclasses.size(), "Era esperado valores iguais, mas  0 é diferente de " + result51 + " <subclasses.size()>")
chamada antiga: assertEquals(small, frames[frames.length - 2].getLocal(0).getValue())
nova chamada: assertEquals(small, frames[frames.length - 2].getLocal(0).getValue(), "Era esperado valores iguais, mas  small é diferente de " + result52 + " <frames[frames.length - 2].getLocal(0).getValue()>")
chamada antiga: assertEquals(str, frames[3].getStack(0).getValue())
nova chamada: assertEquals(str, frames[3].getStack(0).getValue(), "Era esperado valores iguais, mas  str é diferente de " + result53 + " <frames[3].getStack(0).getValue()>")
chamada antiga: assertEquals(str.length(), frames[4].getStack(0).getValue())
nova chamada: assertEquals(str.length(), frames[4].getStack(0).getValue(), "Era esperado valores iguais, mas " + result54 + " <str.length()> é diferente de " + result55 + " <frames[4].getStack(0).getValue()>")
chamada antiga: assertEquals(part1 + part2, frames[frames.length - 2].getStack(0).getValue())
nova chamada: assertEquals(part1 + part2, frames[frames.length - 2].getStack(0).getValue(), "Era esperado valores iguais, mas  part1 + part2 é diferente de " + result56 + " <frames[frames.length - 2].getStack(0).getValue()>")
chamada antiga: assertEquals(part1 + part2, retFrameLocal.getValue())
nova chamada: assertEquals(part1 + part2, retFrameLocal.getValue(), "Era esperado valores iguais, mas  part1 + part2 é diferente de " + result57 + " <retFrameLocal.getValue()>")
chamada antiga: assertNotEquals(initial, retFrameLocal.getValue())
nova chamada: assertNotEquals(initial, retFrameLocal.getValue(), "Era esperado valores diferentes, mas  initial é igual a " + result58 + " <retFrameLocal.getValue()>")
chamada antiga: assertNotEquals(one, retFrameLocal.getValue())
nova chamada: assertNotEquals(one, retFrameLocal.getValue(), "Era esperado valores diferentes, mas  one é igual a " + result59 + " <retFrameLocal.getValue()>")
chamada antiga: assertNotEquals(two, retFrameLocal.getValue())
nova chamada: assertNotEquals(two, retFrameLocal.getValue(), "Era esperado valores diferentes, mas  two é igual a " + result60 + " <retFrameLocal.getValue()>")
chamada antiga: assertNotEquals(initial, retFrameLocal.getValue())
nova chamada: assertNotEquals(initial, retFrameLocal.getValue(), "Era esperado valores diferentes, mas  initial é igual a " + result61 + " <retFrameLocal.getValue()>")
chamada antiga: assertNotEquals(one, retFrameLocal.getValue())
nova chamada: assertNotEquals(one, retFrameLocal.getValue(), "Era esperado valores diferentes, mas  one é igual a " + result62 + " <retFrameLocal.getValue()>")
chamada antiga: assertEquals(two, retFrameLocal.getValue())
nova chamada: assertEquals(two, retFrameLocal.getValue(), "Era esperado valores iguais, mas  two é diferente de " + result63 + " <retFrameLocal.getValue()>")
chamada antiga: assertNotNull(result)
nova chamada: assertNotNull(result, "Era esperado não nulo, mas  o valor obtido foi nulo")
chamada antiga: assertTrue(Arrays.binarySearch(paths, path) >= 0)
nova chamada: assertTrue(Arrays.binarySearch(paths, path) >= 0, "Era esperado verdadeiro, mas o valor obtido é falso")
chamada antiga: assertTrue(directedGraph.getVertex(1).isRoot())
nova chamada: assertTrue(directedGraph.getVertex(1).isRoot(), "Era esperado verdadeiro, mas " + result64 + " <directedGraph.getVertex(1).isRoot()> é falso")
chamada antiga: assertTrue(directedGraph.getVertex(6).isRoot())
nova chamada: assertTrue(directedGraph.getVertex(6).isRoot(), "Era esperado verdadeiro, mas " + result65 + " <directedGraph.getVertex(6).isRoot()> é falso")
chamada antiga: assertTrue(roots.contains(v1))
nova chamada: assertTrue(roots.contains(v1), "Era esperado verdadeiro, mas " + result66 + " <roots.contains(v1)> é falso")
chamada antiga: assertTrue(roots.contains(v6))
nova chamada: assertTrue(roots.contains(v6), "Era esperado verdadeiro, mas " + result67 + " <roots.contains(v6)> é falso")
chamada antiga: assertEquals(2, roots.size())
nova chamada: assertEquals(2, roots.size(), "Era esperado valores iguais, mas  2 é diferente de " + result68 + " <roots.size()>")
chamada antiga: assertTrue(roots.contains(v1))
nova chamada: assertTrue(roots.contains(v1), "Era esperado verdadeiro, mas " + result69 + " <roots.contains(v1)> é falso")
chamada antiga: assertEquals(1, roots.size())
nova chamada: assertEquals(1, roots.size(), "Era esperado valores iguais, mas  1 é diferente de " + result70 + " <roots.size()>")
chamada antiga: assertTrue(roots.contains(v1))
nova chamada: assertTrue(roots.contains(v1), "Era esperado verdadeiro, mas " + result71 + " <roots.contains(v1)> é falso")
chamada antiga: assertEquals(1, roots.size())
nova chamada: assertEquals(1, roots.size(), "Era esperado valores iguais, mas  1 é diferente de " + result72 + " <roots.size()>")
chamada antiga: assertTrue(directedGraph.getVertex(4).isLeaf())
nova chamada: assertTrue(directedGraph.getVertex(4).isLeaf(), "Era esperado verdadeiro, mas " + result73 + " <directedGraph.getVertex(4).isLeaf()> é falso")
chamada antiga: assertTrue(directedGraph.getVertex(5).isLeaf())
nova chamada: assertTrue(directedGraph.getVertex(5).isLeaf(), "Era esperado verdadeiro, mas " + result74 + " <directedGraph.getVertex(5).isLeaf()> é falso")
chamada antiga: assertTrue(leaves.contains(v4))
nova chamada: assertTrue(leaves.contains(v4), "Era esperado verdadeiro, mas " + result75 + " <leaves.contains(v4)> é falso")
chamada antiga: assertTrue(leaves.contains(v5))
nova chamada: assertTrue(leaves.contains(v5), "Era esperado verdadeiro, mas " + result76 + " <leaves.contains(v5)> é falso")
chamada antiga: assertEquals(2, leaves.size())
nova chamada: assertEquals(2, leaves.size(), "Era esperado valores iguais, mas  2 é diferente de " + result77 + " <leaves.size()>")
chamada antiga: assertTrue(leaves.contains(v5))
nova chamada: assertTrue(leaves.contains(v5), "Era esperado verdadeiro, mas " + result78 + " <leaves.contains(v5)> é falso")
chamada antiga: assertEquals(1, leaves.size())
nova chamada: assertEquals(1, leaves.size(), "Era esperado valores iguais, mas  1 é diferente de " + result79 + " <leaves.size()>")
chamada antiga: assertTrue(leaves.contains(v5))
nova chamada: assertTrue(leaves.contains(v5), "Era esperado verdadeiro, mas " + result80 + " <leaves.contains(v5)> é falso")
chamada antiga: assertEquals(1, leaves.size())
nova chamada: assertEquals(1, leaves.size(), "Era esperado valores iguais, mas  1 é diferente de " + result81 + " <leaves.size()>")
chamada antiga: assertEquals(2, resultMapping.size())
nova chamada: assertEquals(2, resultMapping.size(), "Era esperado valores iguais, mas  2 é diferente de " + result82 + " <resultMapping.size()>")
chamada antiga: assertEquals("calc/Calculator.MAX_DEPTH_LEVEL", resultMapping.get("calc/Calculator.MAX_DEPTH"))
nova chamada: assertEquals("calc/Calculator.MAX_DEPTH_LEVEL", resultMapping.get("calc/Calculator.MAX_DEPTH"), "Era esperado valores iguais, mas  'calc/Calculator.MAX_DEPTH_LEVEL' é diferente de " + result83 + " <resultMapping.get('calc/Calculator.MAX_DEPTH')>")
chamada antiga: assertEquals("calc/Calculator.doEvaluate(ILjava/lang/String;)D", resultMapping.get("calc/Calculator.evaluate(ILjava/lang/String;)D"))
nova chamada: assertEquals("calc/Calculator.doEvaluate(ILjava/lang/String;)D", resultMapping.get("calc/Calculator.evaluate(ILjava/lang/String;)D"), "Era esperado valores iguais, mas  'calc/Calculator.doEvaluate(ILjava/lang/String;)D' é diferente de " + result84 + " <resultMapping.get('calc/Calculator.evaluate(ILjava/lang/String;)D')>")
chamada antiga: assertEquals(3, aggregateMapping.size())
nova chamada: assertEquals(3, aggregateMapping.size(), "Era esperado valores iguais, mas  3 é diferente de " + result85 + " <aggregateMapping.size()>")
chamada antiga: assertEquals("renamed/MyCalc", aggregateMapping.get("calc/Calculator"))
nova chamada: assertEquals("renamed/MyCalc", aggregateMapping.get("calc/Calculator"), "Era esperado valores iguais, mas  'renamed/MyCalc' é diferente de " + result86 + " <aggregateMapping.get('calc/Calculator')>")
chamada antiga: assertEquals("MAX_DEPTH_LEVEL", aggregateMapping.get("calc/Calculator.MAX_DEPTH"))
nova chamada: assertEquals("MAX_DEPTH_LEVEL", aggregateMapping.get("calc/Calculator.MAX_DEPTH"), "Era esperado valores iguais, mas  'MAX_DEPTH_LEVEL' é diferente de " + result87 + " <aggregateMapping.get('calc/Calculator.MAX_DEPTH')>")
chamada antiga: assertEquals("doEvaluate", aggregateMapping.get("calc/Calculator.evaluate(ILjava/lang/String;)D"))
nova chamada: assertEquals("doEvaluate", aggregateMapping.get("calc/Calculator.evaluate(ILjava/lang/String;)D"), "Era esperado valores iguais, mas  'doEvaluate' é diferente de " + result88 + " <aggregateMapping.get('calc/Calculator.evaluate(ILjava/lang/String;)D')>")
chamada antiga: assertEquals(3, aggregateMapping.size())
nova chamada: assertEquals(3, aggregateMapping.size(), "Era esperado valores iguais, mas  3 é diferente de " + result89 + " <aggregateMapping.size()>")
chamada antiga: assertEquals("renamed/MyCalc", aggregateMapping.get("calc/Calculator"))
nova chamada: assertEquals("renamed/MyCalc", aggregateMapping.get("calc/Calculator"), "Era esperado valores iguais, mas  'renamed/MyCalc' é diferente de " + result90 + " <aggregateMapping.get('calc/Calculator')>")
chamada antiga: assertEquals("MAX_DEPTH_LEVEL", aggregateMapping.get("calc/Calculator.MAX_DEPTH"))
nova chamada: assertEquals("MAX_DEPTH_LEVEL", aggregateMapping.get("calc/Calculator.MAX_DEPTH"), "Era esperado valores iguais, mas  'MAX_DEPTH_LEVEL' é diferente de " + result91 + " <aggregateMapping.get('calc/Calculator.MAX_DEPTH')>")
chamada antiga: assertEquals("doEvaluate", aggregateMapping.get("calc/Calculator.evaluate(ILjava/lang/String;)D"))
nova chamada: assertEquals("doEvaluate", aggregateMapping.get("calc/Calculator.evaluate(ILjava/lang/String;)D"), "Era esperado valores iguais, mas  'doEvaluate' é diferente de " + result92 + " <aggregateMapping.get('calc/Calculator.evaluate(ILjava/lang/String;)D')>")
chamada antiga: assertEquals(3, aggregateMapping.size())
nova chamada: assertEquals(3, aggregateMapping.size(), "Era esperado valores iguais, mas  3 é diferente de " + result93 + " <aggregateMapping.size()>")
chamada antiga: assertEquals("renamed2/MyCalc2", aggregateMapping.get("calc/Calculator"))
nova chamada: assertEquals("renamed2/MyCalc2", aggregateMapping.get("calc/Calculator"), "Era esperado valores iguais, mas  'renamed2/MyCalc2' é diferente de " + result94 + " <aggregateMapping.get('calc/Calculator')>")
chamada antiga: assertEquals("MAX_DEPTH_LEVEL", aggregateMapping.get("calc/Calculator.MAX_DEPTH"))
nova chamada: assertEquals("MAX_DEPTH_LEVEL", aggregateMapping.get("calc/Calculator.MAX_DEPTH"), "Era esperado valores iguais, mas  'MAX_DEPTH_LEVEL' é diferente de " + result95 + " <aggregateMapping.get('calc/Calculator.MAX_DEPTH')>")
chamada antiga: assertEquals("doEvaluate", aggregateMapping.get("calc/Calculator.evaluate(ILjava/lang/String;)D"))
nova chamada: assertEquals("doEvaluate", aggregateMapping.get("calc/Calculator.evaluate(ILjava/lang/String;)D"), "Era esperado valores iguais, mas  'doEvaluate' é diferente de " + result96 + " <aggregateMapping.get('calc/Calculator.evaluate(ILjava/lang/String;)D')>")
chamada antiga: assertTrue(node instanceof ClassOrInterfaceType)
nova chamada: assertTrue(node instanceof ClassOrInterfaceType, "Era esperado verdadeiro, mas o valor obtido é falso")
chamada antiga: assertEquals("Scanner", ((ClassOrInterfaceType) node).asString())
nova chamada: assertEquals("Scanner", ((ClassOrInterfaceType) node).asString(), "Era esperado valores iguais, mas  'Scanner' é diferente de " + result97 + " <((ClassOrInterfaceType) node).asString()>")
chamada antiga: assertTrue(node instanceof VariableDeclarator)
nova chamada: assertTrue(node instanceof VariableDeclarator, "Era esperado verdadeiro, mas o valor obtido é falso")
chamada antiga: assertEquals("scanner", ((VariableDeclarator) node).getNameAsString())
nova chamada: assertEquals("scanner", ((VariableDeclarator) node).getNameAsString(), "Era esperado valores iguais, mas  'scanner' é diferente de " + result98 + " <((VariableDeclarator) node).getNameAsString()>")
chamada antiga: assertTrue(node instanceof ClassOrInterfaceType)
nova chamada: assertTrue(node instanceof ClassOrInterfaceType, "Era esperado verdadeiro, mas o valor obtido é falso")
chamada antiga: assertEquals("Scanner", ((ClassOrInterfaceType) node).asString())
nova chamada: assertEquals("Scanner", ((ClassOrInterfaceType) node).asString(), "Era esperado valores iguais, mas  'Scanner' é diferente de " + result99 + " <((ClassOrInterfaceType) node).asString()>")
chamada antiga: assertTrue(node instanceof FieldAccessExpr)
nova chamada: assertTrue(node instanceof FieldAccessExpr, "Era esperado verdadeiro, mas o valor obtido é falso")
chamada antiga: assertTrue(((FieldAccessExpr) node).getScope() instanceof NameExpr)
nova chamada: assertTrue(((FieldAccessExpr) node).getScope() instanceof NameExpr, "Era esperado verdadeiro, mas o valor obtido é falso")
chamada antiga: assertEquals("System", ((NameExpr) ((FieldAccessExpr) node).getScope()).getNameAsString())
nova chamada: assertEquals("System", ((NameExpr) ((FieldAccessExpr) node).getScope()).getNameAsString(), "Era esperado valores iguais, mas  'System' é diferente de " + result100 + " <((NameExpr) ((FieldAccessExpr) node).getScope()).getNameAsString()>")
chamada antiga: assertEquals("in", ((FieldAccessExpr) node).getNameAsString())
nova chamada: assertEquals("in", ((FieldAccessExpr) node).getNameAsString(), "Era esperado valores iguais, mas  'in' é diferente de " + result101 + " <((FieldAccessExpr) node).getNameAsString()>")
chamada antiga: assertTrue(node instanceof ClassOrInterfaceType)
nova chamada: assertTrue(node instanceof ClassOrInterfaceType, "Era esperado verdadeiro, mas o valor obtido é falso")
chamada antiga: assertEquals("java/lang/String", toInternal(dec))
nova chamada: assertEquals("java/lang/String", toInternal(dec), "Era esperado valores iguais, mas  'java/lang/String' é diferente de " + result102 + " <toInternal(dec)>")
chamada antiga: assertTrue(node instanceof ClassOrInterfaceType)
nova chamada: assertTrue(node instanceof ClassOrInterfaceType, "Era esperado verdadeiro, mas o valor obtido é falso")
chamada antiga: assertEquals("calc/Exponent", toInternal(dec))
nova chamada: assertEquals("calc/Exponent", toInternal(dec), "Era esperado valores iguais, mas  'calc/Exponent' é diferente de " + result103 + " <toInternal(dec)>")
chamada antiga: assertTrue(node instanceof PrimitiveType)
nova chamada: assertTrue(node instanceof PrimitiveType, "Era esperado verdadeiro, mas o valor obtido é falso")
chamada antiga: assertEquals("java/lang/Integer", toInternal(decPrim))
nova chamada: assertEquals("java/lang/Integer", toInternal(decPrim), "Era esperado valores iguais, mas  'java/lang/Integer' é diferente de " + result104 + " <toInternal(decPrim)>")
chamada antiga: assertTrue(node instanceof FieldAccessExpr)
nova chamada: assertTrue(node instanceof FieldAccessExpr, "Era esperado verdadeiro, mas o valor obtido é falso")
chamada antiga: assertEquals("java/lang/System", getOwner(dec))
nova chamada: assertEquals("java/lang/System", getOwner(dec), "Era esperado valores iguais, mas  'java/lang/System' é diferente de " + result105 + " <getOwner(dec)>")
chamada antiga: assertEquals("in", dec.getName())
nova chamada: assertEquals("in", dec.getName(), "Era esperado valores iguais, mas  'in' é diferente de " + result106 + " <dec.getName()>")
chamada antiga: assertEquals("Ljava/io/InputStream;", getDescriptor(dec))
nova chamada: assertEquals("Ljava/io/InputStream;", getDescriptor(dec), "Era esperado valores iguais, mas  'Ljava/io/InputStream;' é diferente de " + result107 + " <getDescriptor(dec)>")
chamada antiga: assertTrue(node instanceof MethodCallExpr)
nova chamada: assertTrue(node instanceof MethodCallExpr, "Era esperado verdadeiro, mas o valor obtido é falso")
chamada antiga: assertEquals("calc/Parenthesis", getOwner(dec))
nova chamada: assertEquals("calc/Parenthesis", getOwner(dec), "Era esperado valores iguais, mas  'calc/Parenthesis' é diferente de " + result108 + " <getOwner(dec)>")
chamada antiga: assertEquals("accept", dec.getName())
nova chamada: assertEquals("accept", dec.getName(), "Era esperado valores iguais, mas  'accept' é diferente de " + result109 + " <dec.getName()>")
chamada antiga: assertEquals("(Ljava/lang/String;)D", getDescriptor(dec))
nova chamada: assertEquals("(Ljava/lang/String;)D", getDescriptor(dec), "Era esperado valores iguais, mas  '(Ljava/lang/String;)D' é diferente de " + result110 + " <getDescriptor(dec)>")
chamada antiga: assertTrue(node instanceof MethodCallExpr)
nova chamada: assertTrue(node instanceof MethodCallExpr, "Era esperado verdadeiro, mas o valor obtido é falso")
chamada antiga: assertEquals("java/io/PrintStream", getOwner(dec))
nova chamada: assertEquals("java/io/PrintStream", getOwner(dec), "Era esperado valores iguais, mas  'java/io/PrintStream' é diferente de " + result111 + " <getOwner(dec)>")
chamada antiga: assertEquals("println", dec.getName())
nova chamada: assertEquals("println", dec.getName(), "Era esperado valores iguais, mas  'println' é diferente de " + result112 + " <dec.getName()>")
chamada antiga: assertEquals("(Ljava/lang/String;)V", getDescriptor(dec))
nova chamada: assertEquals("(Ljava/lang/String;)V", getDescriptor(dec), "Era esperado valores iguais, mas  '(Ljava/lang/String;)V' é diferente de " + result113 + " <getDescriptor(dec)>")
chamada antiga: assertEquals(0, imports.size())
nova chamada: assertEquals(0, imports.size(), "Era esperado valores iguais, mas  0 é diferente de " + result114 + " <imports.size()>")
chamada antiga: assertEquals(8, imports.size() - SourceCode.LANG_PACKAGE_NAMES.length)
nova chamada: assertEquals(8, imports.size() - SourceCode.LANG_PACKAGE_NAMES.length, "Era esperado valores iguais, mas  8 é diferente de " + " imports.size() - SourceCode.LANG_PACKAGE_NAMES.length")
chamada antiga: assertEquals(2, imports.size())
nova chamada: assertEquals(2, imports.size(), "Era esperado valores iguais, mas  2 é diferente de " + result115 + " <imports.size()>")
chamada antiga: assertTrue(imports.contains("java/util/regex/Matcher"))
nova chamada: assertTrue(imports.contains("java/util/regex/Matcher"), "Era esperado verdadeiro, mas " + result116 + " <imports.contains('java/util/regex/Matcher')> é falso")
chamada antiga: assertTrue(imports.contains("java/util/regex/Pattern"))
nova chamada: assertTrue(imports.contains("java/util/regex/Pattern"), "Era esperado verdadeiro, mas " + result117 + " <imports.contains('java/util/regex/Pattern')> é falso")
chamada antiga: assertEquals(9, imports.size())
nova chamada: assertEquals(9, imports.size(), "Era esperado valores iguais, mas  9 é diferente de " + result118 + " <imports.size()>")
chamada antiga: assertTrue(imports.contains("java/util/Scanner"))
nova chamada: assertTrue(imports.contains("java/util/Scanner"), "Era esperado verdadeiro, mas " + result119 + " <imports.contains('java/util/Scanner')> é falso")
chamada antiga: assertEquals(expected, actual)
nova chamada: assertEquals(expected, actual, "Era esperado valores iguais, mas  expected é diferente de " + " actual")
chamada antiga: assertNotEquals(emptySet(), expectedSrcNames)
nova chamada: assertNotEquals(emptySet(), expectedSrcNames, "Era esperado valores diferentes, mas " + result120 + " <emptySet()> é igual a " + " expectedSrcNames")
chamada antiga: assertNotEquals(emptySet(), foundSrcNames)
nova chamada: assertNotEquals(emptySet(), foundSrcNames, "Era esperado valores diferentes, mas " + result121 + " <emptySet()> é igual a " + " foundSrcNames")
chamada antiga: assertEquals(emptySet(), difference)
nova chamada: assertEquals(emptySet(), difference, "Era esperado valores iguais, mas " + result122 + " <emptySet()> é diferente de " + " difference")
chamada antiga: assertEquals(1, resource.getClassHistory(key).size())
nova chamada: assertEquals(1, resource.getClassHistory(key).size(), "Era esperado valores iguais, mas  1 é diferente de " + result123 + " <resource.getClassHistory(key).size()>")
chamada antiga: assertEquals(1, resource.getFileHistory(key).size())
nova chamada: assertEquals(1, resource.getFileHistory(key).size(), "Era esperado valores iguais, mas  1 é diferente de " + result124 + " <resource.getFileHistory(key).size()>")
chamada antiga: assertEquals(1, resource.getClassHistory(key).size())
nova chamada: assertEquals(1, resource.getClassHistory(key).size(), "Era esperado valores iguais, mas  1 é diferente de " + result125 + " <resource.getClassHistory(key).size()>")
chamada antiga: assertEquals(1, resource.getClassHistory(key).size())
nova chamada: assertEquals(1, resource.getClassHistory(key).size(), "Era esperado valores iguais, mas  1 é diferente de " + result126 + " <resource.getClassHistory(key).size()>")
chamada antiga: assertEquals(2, resource.getClassHistory(key).size())
nova chamada: assertEquals(2, resource.getClassHistory(key).size(), "Era esperado valores iguais, mas  2 é diferente de " + result127 + " <resource.getClassHistory(key).size()>")
chamada antiga: assertEquals(3, resource.getClassHistory(key).size())
nova chamada: assertEquals(3, resource.getClassHistory(key).size(), "Era esperado valores iguais, mas  3 é diferente de " + result128 + " <resource.getClassHistory(key).size()>")
chamada antiga: assertEquals(2, resource.getFileHistory(key).size())
nova chamada: assertEquals(2, resource.getFileHistory(key).size(), "Era esperado valores iguais, mas  2 é diferente de " + result129 + " <resource.getFileHistory(key).size()>")
chamada antiga: assertEquals(3, resource.getFileHistory(key).size())
nova chamada: assertEquals(3, resource.getFileHistory(key).size(), "Era esperado valores iguais, mas  3 é diferente de " + result130 + " <resource.getFileHistory(key).size()>")
chamada antiga: assertArrayEquals(DUMMY, resource.getClassHistory(key).pop())
nova chamada: assertArrayEquals(DUMMY, resource.getClassHistory(key).pop(), "Era esperado arrays iguais, mas  DUMMY é diferente de " + result131 + " <resource.getClassHistory(key).pop()>")
chamada antiga: assertArrayEquals(initial, resource.getClassHistory(key).pop())
nova chamada: assertArrayEquals(initial, resource.getClassHistory(key).pop(), "Era esperado arrays iguais, mas  initial é diferente de " + result132 + " <resource.getClassHistory(key).pop()>")
chamada antiga: assertArrayEquals(DUMMY, resource.getFileHistory(key).pop())
nova chamada: assertArrayEquals(DUMMY, resource.getFileHistory(key).pop(), "Era esperado arrays iguais, mas  DUMMY é diferente de " + result133 + " <resource.getFileHistory(key).pop()>")
chamada antiga: assertArrayEquals(initial, resource.getFileHistory(key).pop())
nova chamada: assertArrayEquals(initial, resource.getFileHistory(key).pop(), "Era esperado arrays iguais, mas  initial é diferente de " + result134 + " <resource.getFileHistory(key).pop()>")
chamada antiga: assertTrue(c.compile())
nova chamada: assertTrue(c.compile(), "Era esperado verdadeiro, mas " + result135 + " <c.compile()> é falso")
chamada antiga: assertNotNull(outer)
nova chamada: assertNotNull(outer, "Era esperado não nulo, mas  o valor obtido foi nulo")
chamada antiga: assertNotNull(inner)
nova chamada: assertNotNull(inner, "Era esperado não nulo, mas  o valor obtido foi nulo")
chamada antiga: assertTrue(cDebug.compile())
nova chamada: assertTrue(cDebug.compile(), "Era esperado verdadeiro, mas " + result136 + " <cDebug.compile()> é falso")
chamada antiga: assertTrue(cNone.compile())
nova chamada: assertTrue(cNone.compile(), "Era esperado verdadeiro, mas " + result137 + " <cNone.compile()> é falso")
chamada antiga: assertNotNull(debug)
nova chamada: assertNotNull(debug, "Era esperado não nulo, mas  o valor obtido foi nulo")
chamada antiga: assertNotNull(nodebug)
nova chamada: assertNotNull(nodebug, "Era esperado não nulo, mas  o valor obtido foi nulo")
chamada antiga: assertTrue(debug.length > nodebug.length)
nova chamada: assertTrue(debug.length > nodebug.length, "Era esperado verdadeiro, mas o valor obtido é falso")
chamada antiga: assertEquals("calc.jar", controller.getWorkspace().getPrimary().getShortName().toString())
nova chamada: assertEquals("calc.jar", controller.getWorkspace().getPrimary().getShortName().toString(), "Era esperado valores iguais, mas  'calc.jar' é diferente de " + result138 + " <controller.getWorkspace().getPrimary().getShortName().toString()>")
chamada antiga: assertEquals("Manifest.jar", controller.getWorkspace().getPrimary().getShortName().toString())
nova chamada: assertEquals("Manifest.jar", controller.getWorkspace().getPrimary().getShortName().toString(), "Era esperado valores iguais, mas  'Manifest.jar' é diferente de " + result139 + " <controller.getWorkspace().getPrimary().getShortName().toString()>")
chamada antiga: assertNotEquals(manifestBytes, null)
nova chamada: assertNotEquals(manifestBytes, null, "Era esperado valores diferentes, mas  manifestBytes é igual a " + " null")
chamada antiga: assertEquals(attr.size(), 2)
nova chamada: assertEquals(attr.size(), 2, "Era esperado valores iguais, mas " + result140 + " <attr.size()> é diferente de " + " 2")
chamada antiga: assertEquals(mainClass, "Code/Code/Code")
nova chamada: assertEquals(mainClass, "Code/Code/Code", "Era esperado valores iguais, mas  mainClass é diferente de " + " 'Code/Code/Code'")
chamada antiga: assertEquals(mainClass, "some/pkg/Main")
nova chamada: assertEquals(mainClass, "some/pkg/Main", "Era esperado valores iguais, mas  mainClass é diferente de " + " 'some/pkg/Main'")
chamada antiga: assertTrue(putted.contains(valueToPut))
nova chamada: assertTrue(putted.contains(valueToPut), "Era esperado verdadeiro, mas " + result141 + " <putted.contains(valueToPut)> é falso")
chamada antiga: assertTrue(resource.getDirtyClasses().contains(valueToPut))
nova chamada: assertTrue(resource.getDirtyClasses().contains(valueToPut), "Era esperado verdadeiro, mas " + result142 + " <resource.getDirtyClasses().contains(valueToPut)> é falso")
chamada antiga: assertTrue(putted.contains(valueToPut))
nova chamada: assertTrue(putted.contains(valueToPut), "Era esperado verdadeiro, mas " + result143 + " <putted.contains(valueToPut)> é falso")
chamada antiga: assertTrue(resource.getDirtyFiles().contains(valueToPut))
nova chamada: assertTrue(resource.getDirtyFiles().contains(valueToPut), "Era esperado verdadeiro, mas " + result144 + " <resource.getDirtyFiles().contains(valueToPut)> é falso")
chamada antiga: assertTrue(putted.contains(valueToPut1))
nova chamada: assertTrue(putted.contains(valueToPut1), "Era esperado verdadeiro, mas " + result145 + " <putted.contains(valueToPut1)> é falso")
chamada antiga: assertTrue(putted.contains(valueToPut2))
nova chamada: assertTrue(putted.contains(valueToPut2), "Era esperado verdadeiro, mas " + result146 + " <putted.contains(valueToPut2)> é falso")
chamada antiga: assertTrue(resource.getDirtyClasses().contains(valueToPut1))
nova chamada: assertTrue(resource.getDirtyClasses().contains(valueToPut1), "Era esperado verdadeiro, mas " + result147 + " <resource.getDirtyClasses().contains(valueToPut1)> é falso")
chamada antiga: assertTrue(resource.getDirtyClasses().contains(valueToPut2))
nova chamada: assertTrue(resource.getDirtyClasses().contains(valueToPut2), "Era esperado verdadeiro, mas " + result148 + " <resource.getDirtyClasses().contains(valueToPut2)> é falso")
chamada antiga: assertTrue(putted.contains(valueToPut1))
nova chamada: assertTrue(putted.contains(valueToPut1), "Era esperado verdadeiro, mas " + result149 + " <putted.contains(valueToPut1)> é falso")
chamada antiga: assertTrue(putted.contains(valueToPut2))
nova chamada: assertTrue(putted.contains(valueToPut2), "Era esperado verdadeiro, mas " + result150 + " <putted.contains(valueToPut2)> é falso")
chamada antiga: assertTrue(resource.getDirtyFiles().contains(valueToPut1))
nova chamada: assertTrue(resource.getDirtyFiles().contains(valueToPut1), "Era esperado verdadeiro, mas " + result151 + " <resource.getDirtyFiles().contains(valueToPut1)> é falso")
chamada antiga: assertTrue(resource.getDirtyFiles().contains(valueToPut2))
nova chamada: assertTrue(resource.getDirtyFiles().contains(valueToPut2), "Era esperado verdadeiro, mas " + result152 + " <resource.getDirtyFiles().contains(valueToPut2)> é falso")
chamada antiga: assertTrue(removed.contains(valueToRemove))
nova chamada: assertTrue(removed.contains(valueToRemove), "Era esperado verdadeiro, mas " + result153 + " <removed.contains(valueToRemove)> é falso")
chamada antiga: assertTrue(removed.contains(valueToRemove))
nova chamada: assertTrue(removed.contains(valueToRemove), "Era esperado verdadeiro, mas " + result154 + " <removed.contains(valueToRemove)> é falso")
chamada antiga: assertEquals(1, one.getEdges().size())
nova chamada: assertEquals(1, one.getEdges().size(), "Era esperado valores iguais, mas  1 é diferente de " + result155 + " <one.getEdges().size()>")
chamada antiga: assertEquals("java/io/PrintStream", other.getOwner())
nova chamada: assertEquals("java/io/PrintStream", other.getOwner(), "Era esperado valores iguais, mas  'java/io/PrintStream' é diferente de " + result156 + " <other.getOwner()>")
chamada antiga: assertEquals("println", other.getName())
nova chamada: assertEquals("println", other.getName(), "Era esperado valores iguais, mas  'println' é diferente de " + result157 + " <other.getName()>")
chamada antiga: assertEquals("(Ljava/lang/String;)V", other.getDesc())
nova chamada: assertEquals("(Ljava/lang/String;)V", other.getDesc(), "Era esperado valores iguais, mas  '(Ljava/lang/String;)V' é diferente de " + result158 + " <other.getDesc()>")
chamada antiga: assertEquals(count, calledCount)
nova chamada: assertEquals(count, calledCount, "Era esperado valores iguais, mas  count é diferente de " + " calledCount")
chamada antiga: assertNotNull(result)
nova chamada: assertNotNull(result, "Era esperado não nulo, mas  o valor obtido foi nulo")
chamada antiga: assertEquals(3, path.size())
nova chamada: assertEquals(3, path.size(), "Era esperado valores iguais, mas  3 é diferente de " + result159 + " <path.size()>")
chamada antiga: assertEquals(one, path.get(0))
nova chamada: assertEquals(one, path.get(0), "Era esperado valores iguais, mas  one é diferente de " + result160 + " <path.get(0)>")
chamada antiga: assertEquals(two, path.get(1))
nova chamada: assertEquals(two, path.get(1), "Era esperado valores iguais, mas  two é diferente de " + result161 + " <path.get(1)>")
chamada antiga: assertEquals(three, path.get(2))
nova chamada: assertEquals(three, path.get(2), "Era esperado valores iguais, mas  three é diferente de " + result162 + " <path.get(2)>")
chamada antiga: assertEquals(two, oneEdge)
nova chamada: assertEquals(two, oneEdge, "Era esperado valores iguais, mas  two é diferente de " + " oneEdge")
chamada antiga: assertEquals(three, twoEdge)
nova chamada: assertEquals(three, twoEdge, "Era esperado valores iguais, mas  three é diferente de " + " twoEdge")
chamada antiga: assertEquals(one, threeEdge)
nova chamada: assertEquals(one, threeEdge, "Era esperado valores iguais, mas  one é diferente de " + " threeEdge")
chamada antiga: assertEquals(parentThing, calledParent)
nova chamada: assertEquals(parentThing, calledParent, "Era esperado valores iguais, mas  parentThing é diferente de " + " calledParent")
chamada antiga: assertEquals(interfaceThing, calledInterface)
nova chamada: assertEquals(interfaceThing, calledInterface, "Era esperado valores iguais, mas  interfaceThing é diferente de " + " calledInterface")
chamada antiga: assertEquals(1, edges.size())
nova chamada: assertEquals(1, edges.size(), "Era esperado valores iguais, mas  1 é diferente de " + result163 + " <edges.size()>")
chamada antiga: assertEquals(1, results.size())
nova chamada: assertEquals(1, results.size(), "Era esperado valores iguais, mas  1 é diferente de " + result164 + " <results.size()>")
chamada antiga: assertEquals("EVAL: ", res.getText())
nova chamada: assertEquals("EVAL: ", res.getText(), "Era esperado valores iguais, mas  'EVAL: ' é diferente de " + result165 + " <res.getText()>")
chamada antiga: assertEquals(2, results.size())
nova chamada: assertEquals(2, results.size(), "Era esperado valores iguais, mas  2 é diferente de " + result166 + " <results.size()>")
chamada antiga: assertEquals(2, results.size())
nova chamada: assertEquals(2, results.size(), "Era esperado valores iguais, mas  2 é diferente de " + result167 + " <results.size()>")
chamada antiga: assertEquals(30, resVal.getValue())
nova chamada: assertEquals(30, resVal.getValue(), "Era esperado valores iguais, mas  30 é diferente de " + result168 + " <resVal.getValue()>")
chamada antiga: assertEquals("EVAL: ", resStr.getText())
nova chamada: assertEquals("EVAL: ", resStr.getText(), "Era esperado valores iguais, mas  'EVAL: ' é diferente de " + result169 + " <resStr.getText()>")
chamada antiga: assertEquals(4, results.size())
nova chamada: assertEquals(4, results.size(), "Era esperado valores iguais, mas  4 é diferente de " + result170 + " <results.size()>")
chamada antiga: assertEquals(4, results.size())
nova chamada: assertEquals(4, results.size(), "Era esperado valores iguais, mas  4 é diferente de " + result171 + " <results.size()>")
chamada antiga: assertTrue(results.contains("calc/Expression.i I"))
nova chamada: assertTrue(results.contains("calc/Expression.i I"), "Era esperado verdadeiro, mas " + result172 + " <results.contains('calc/Expression.i I')> é falso")
chamada antiga: assertTrue(results.contains("calc/Expression.<init>(I)V"))
nova chamada: assertTrue(results.contains("calc/Expression.<init>(I)V"), "Era esperado verdadeiro, mas " + result173 + " <results.contains('calc/Expression.<init>(I)V')> é falso")
chamada antiga: assertTrue(results.contains("calc/Expression.accept(Ljava/lang/String;)D"))
nova chamada: assertTrue(results.contains("calc/Expression.accept(Ljava/lang/String;)D"), "Era esperado verdadeiro, mas " + result174 + " <results.contains('calc/Expression.accept(Ljava/lang/String;)D')> é falso")
chamada antiga: assertTrue(results.contains("calc/Expression.evaluate(Ljava/lang/String;)D"))
nova chamada: assertTrue(results.contains("calc/Expression.evaluate(Ljava/lang/String;)D"), "Era esperado verdadeiro, mas " + result175 + " <results.contains('calc/Expression.evaluate(Ljava/lang/String;)D')> é falso")
chamada antiga: assertEquals(3, results.size())
nova chamada: assertEquals(3, results.size(), "Era esperado valores iguais, mas  3 é diferente de " + result176 + " <results.size()>")
chamada antiga: assertTrue(results.contains("calc/Parenthesis.LEVEL_UNSET I"))
nova chamada: assertTrue(results.contains("calc/Parenthesis.LEVEL_UNSET I"), "Era esperado verdadeiro, mas " + result177 + " <results.contains('calc/Parenthesis.LEVEL_UNSET I')> é falso")
chamada antiga: assertTrue(results.contains("calc/Calculator.MAX_DEPTH I"))
nova chamada: assertTrue(results.contains("calc/Calculator.MAX_DEPTH I"), "Era esperado verdadeiro, mas " + result178 + " <results.contains('calc/Calculator.MAX_DEPTH I')> é falso")
chamada antiga: assertTrue(results.contains("calc/Expression.i I"))
nova chamada: assertTrue(results.contains("calc/Expression.i I"), "Era esperado verdadeiro, mas " + result179 + " <results.contains('calc/Expression.i I')> é falso")
chamada antiga: assertEquals(3, results.size())
nova chamada: assertEquals(3, results.size(), "Era esperado valores iguais, mas  3 é diferente de " + result180 + " <results.size()>")
chamada antiga: assertEquals(2, exp)
nova chamada: assertEquals(2, exp, "Era esperado valores iguais, mas  2 é diferente de " + " exp")
chamada antiga: assertEquals(1, calc)
nova chamada: assertEquals(1, calc, "Era esperado valores iguais, mas  1 é diferente de " + " calc")
chamada antiga: assertEquals(2, results.size())
nova chamada: assertEquals(2, results.size(), "Era esperado valores iguais, mas  2 é diferente de " + result181 + " <results.size()>")
chamada antiga: assertEquals(0, results.size())
nova chamada: assertEquals(0, results.size(), "Era esperado valores iguais, mas  0 é diferente de " + result182 + " <results.size()>")
chamada antiga: assertEquals(1, results.size())
nova chamada: assertEquals(1, results.size(), "Era esperado valores iguais, mas  1 é diferente de " + result183 + " <results.size()>")
chamada antiga: assertEquals("Start", ((ClassResult) results.get(0)).getName())
nova chamada: assertEquals("Start", ((ClassResult) results.get(0)).getName(), "Era esperado valores iguais, mas  'Start' é diferente de " + result184 + " <((ClassResult) results.get(0)).getName()>")
chamada antiga: assertEquals(1, results.size())
nova chamada: assertEquals(1, results.size(), "Era esperado valores iguais, mas  1 é diferente de " + result185 + " <results.size()>")
chamada antiga: assertEquals("Start", ((ClassResult) results.get(0)).getName())
nova chamada: assertEquals("Start", ((ClassResult) results.get(0)).getName(), "Era esperado valores iguais, mas  'Start' é diferente de " + result186 + " <((ClassResult) results.get(0)).getName()>")
chamada antiga: assertEquals(1, results.size())
nova chamada: assertEquals(1, results.size(), "Era esperado valores iguais, mas  1 é diferente de " + result187 + " <results.size()>")
chamada antiga: assertEquals("calc/Parenthesis", ((ClassResult) results.get(0)).getName())
nova chamada: assertEquals("calc/Parenthesis", ((ClassResult) results.get(0)).getName(), "Era esperado valores iguais, mas  'calc/Parenthesis' é diferente de " + result188 + " <((ClassResult) results.get(0)).getName()>")
chamada antiga: assertEquals(1, results.size())
nova chamada: assertEquals(1, results.size(), "Era esperado valores iguais, mas  1 é diferente de " + result189 + " <results.size()>")
chamada antiga: assertEquals("Start", ((ClassResult) results.get(0)).getName())
nova chamada: assertEquals("Start", ((ClassResult) results.get(0)).getName(), "Era esperado valores iguais, mas  'Start' é diferente de " + result190 + " <((ClassResult) results.get(0)).getName()>")
chamada antiga: assertEquals(5, results.size())
nova chamada: assertEquals(5, results.size(), "Era esperado valores iguais, mas  5 é diferente de " + result191 + " <results.size()>")
chamada antiga: assertTrue(results.contains("calc/Parenthesis"))
nova chamada: assertTrue(results.contains("calc/Parenthesis"), "Era esperado verdadeiro, mas " + result192 + " <results.contains('calc/Parenthesis')> é falso")
chamada antiga: assertTrue(results.contains("calc/Exponent"))
nova chamada: assertTrue(results.contains("calc/Exponent"), "Era esperado verdadeiro, mas " + result193 + " <results.contains('calc/Exponent')> é falso")
chamada antiga: assertTrue(results.contains("calc/MultAndDiv"))
nova chamada: assertTrue(results.contains("calc/MultAndDiv"), "Era esperado verdadeiro, mas " + result194 + " <results.contains('calc/MultAndDiv')> é falso")
chamada antiga: assertTrue(results.contains("calc/AddAndSub"))
nova chamada: assertTrue(results.contains("calc/AddAndSub"), "Era esperado verdadeiro, mas " + result195 + " <results.contains('calc/AddAndSub')> é falso")
chamada antiga: assertTrue(results.contains("calc/Constant"))
nova chamada: assertTrue(results.contains("calc/Constant"), "Era esperado verdadeiro, mas " + result196 + " <results.contains('calc/Constant')> é falso")
chamada antiga: assertTrue(context instanceof Context.MemberContext)
nova chamada: assertTrue(context instanceof Context.MemberContext, "Era esperado verdadeiro, mas o valor obtido é falso")
chamada antiga: assertEquals(owner, member.getParent().getName())
nova chamada: assertEquals(owner, member.getParent().getName(), "Era esperado valores iguais, mas  owner é diferente de " + result197 + " <member.getParent().getName()>")
chamada antiga: assertEquals(name, member.getName())
nova chamada: assertEquals(name, member.getName(), "Era esperado valores iguais, mas  name é diferente de " + result198 + " <member.getName()>")
chamada antiga: assertEquals(desc, member.getDesc())
nova chamada: assertEquals(desc, member.getDesc(), "Era esperado valores iguais, mas  desc é diferente de " + result199 + " <member.getDesc()>")
chamada antiga: assertEquals(msg, ast.getComment())
nova chamada: assertEquals(msg, ast.getComment(), "Era esperado valores iguais, mas  msg é diferente de " + result200 + " <ast.getComment()>")
chamada antiga: assertEquals(line, ast.print())
nova chamada: assertEquals(line, ast.print(), "Era esperado valores iguais, mas  line é diferente de " + result201 + " <ast.print()>")
chamada antiga: assertEquals(sig, ast.getSignature())
nova chamada: assertEquals(sig, ast.getSignature(), "Era esperado valores iguais, mas  sig é diferente de " + result202 + " <ast.getSignature()>")
chamada antiga: assertEquals(pre + sig, ast.print())
nova chamada: assertEquals(pre + sig, ast.print(), "Era esperado valores iguais, mas  pre + sig é diferente de " + result203 + " <ast.print()>")
chamada antiga: assertEquals("LDC \"Hello World\"", ldc.print())
nova chamada: assertEquals("LDC \"Hello World\"", ldc.print(), "Era esperado valores iguais, mas  'LDC \'Hello World\'' é diferente de " + result204 + " <ldc.print()>")
chamada antiga: assertEquals("LDC \"Hello World\"", ldc.print())
nova chamada: assertEquals("LDC \"Hello World\"", ldc.print(), "Era esperado valores iguais, mas  'LDC \'Hello World\'' é diferente de " + result205 + " <ldc.print()>")
chamada antiga: assertEquals(msg, ast.getComment())
nova chamada: assertEquals(msg, ast.getComment(), "Era esperado valores iguais, mas  msg é diferente de " + result206 + " <ast.getComment()>")
chamada antiga: assertEquals(line, ast.print())
nova chamada: assertEquals(line, ast.print(), "Era esperado valores iguais, mas  line é diferente de " + result207 + " <ast.print()>")
chamada antiga: assertEquals(name, ast.getName().getName())
nova chamada: assertEquals(name, ast.getName().getName(), "Era esperado valores iguais, mas  name é diferente de " + result208 + " <ast.getName().getName()>")
chamada antiga: assertEquals(line, ast.print())
nova chamada: assertEquals(line, ast.print(), "Era esperado valores iguais, mas  line é diferente de " + result209 + " <ast.print()>")
chamada antiga: assertEquals(type, ast.getType().getType())
nova chamada: assertEquals(type, ast.getType().getType(), "Era esperado valores iguais, mas  type é diferente de " + result210 + " <ast.getType().getType()>")
chamada antiga: assertEquals(line, ast.print())
nova chamada: assertEquals(line, ast.print(), "Era esperado valores iguais, mas  line é diferente de " + result211 + " <ast.print()>")
chamada antiga: assertEquals("main", def.getName().getName())
nova chamada: assertEquals("main", def.getName().getName(), "Era esperado valores iguais, mas  'main' é diferente de " + result212 + " <def.getName().getName()>")
chamada antiga: assertEquals(2, def.getModifiers().size())
nova chamada: assertEquals(2, def.getModifiers().size(), "Era esperado valores iguais, mas  2 é diferente de " + result213 + " <def.getModifiers().size()>")
chamada antiga: assertEquals("public", def.getModifiers().get(0).getName())
nova chamada: assertEquals("public", def.getModifiers().get(0).getName(), "Era esperado valores iguais, mas  'public' é diferente de " + result214 + " <def.getModifiers().get(0).getName()>")
chamada antiga: assertEquals("static", def.getModifiers().get(1).getName())
nova chamada: assertEquals("static", def.getModifiers().get(1).getName(), "Era esperado valores iguais, mas  'static' é diferente de " + result215 + " <def.getModifiers().get(1).getName()>")
chamada antiga: assertEquals(1, def.getArguments().size())
nova chamada: assertEquals(1, def.getArguments().size(), "Era esperado valores iguais, mas  1 é diferente de " + result216 + " <def.getArguments().size()>")
chamada antiga: assertEquals("[Ljava/lang/String;", def.getArguments().get(0).getDesc().getDesc())
nova chamada: assertEquals("[Ljava/lang/String;", def.getArguments().get(0).getDesc().getDesc(), "Era esperado valores iguais, mas  '[Ljava/lang/String;' é diferente de " + result217 + " <def.getArguments().get(0).getDesc().getDesc()>")
chamada antiga: assertEquals("args", def.getArguments().get(0).getVariableName().getName())
nova chamada: assertEquals("args", def.getArguments().get(0).getVariableName().getName(), "Era esperado valores iguais, mas  'args' é diferente de " + result218 + " <def.getArguments().get(0).getVariableName().getName()>")
chamada antiga: assertEquals("V", def.getReturnType().getDesc())
nova chamada: assertEquals("V", def.getReturnType().getDesc(), "Era esperado valores iguais, mas  'V' é diferente de " + result219 + " <def.getReturnType().getDesc()>")
chamada antiga: assertEquals("myList", def.getName().getName())
nova chamada: assertEquals("myList", def.getName().getName(), "Era esperado valores iguais, mas  'myList' é diferente de " + result220 + " <def.getName().getName()>")
chamada antiga: assertEquals(2, def.getModifiers().size())
nova chamada: assertEquals(2, def.getModifiers().size(), "Era esperado valores iguais, mas  2 é diferente de " + result221 + " <def.getModifiers().size()>")
chamada antiga: assertEquals("public", def.getModifiers().get(0).getName())
nova chamada: assertEquals("public", def.getModifiers().get(0).getName(), "Era esperado valores iguais, mas  'public' é diferente de " + result222 + " <def.getModifiers().get(0).getName()>")
chamada antiga: assertEquals("static", def.getModifiers().get(1).getName())
nova chamada: assertEquals("static", def.getModifiers().get(1).getName(), "Era esperado valores iguais, mas  'static' é diferente de " + result223 + " <def.getModifiers().get(1).getName()>")
chamada antiga: assertEquals("Ljava/util/List;", def.getType().getDesc())
nova chamada: assertEquals("Ljava/util/List;", def.getType().getDesc(), "Era esperado valores iguais, mas  'Ljava/util/List;' é diferente de " + result224 + " <def.getType().getDesc()>")
chamada antiga: assertEquals("func", def.getName().getName())
nova chamada: assertEquals("func", def.getName().getName(), "Era esperado valores iguais, mas  'func' é diferente de " + result225 + " <def.getName().getName()>")
chamada antiga: assertEquals(0, def.getModifiers().size())
nova chamada: assertEquals(0, def.getModifiers().size(), "Era esperado valores iguais, mas  0 é diferente de " + result226 + " <def.getModifiers().size()>")
chamada antiga: assertEquals("myList", def.getName().getName())
nova chamada: assertEquals("myList", def.getName().getName(), "Era esperado valores iguais, mas  'myList' é diferente de " + result227 + " <def.getName().getName()>")
chamada antiga: assertEquals("Ljava/util/List;", def.getType().getDesc())
nova chamada: assertEquals("Ljava/util/List;", def.getType().getDesc(), "Era esperado valores iguais, mas  'Ljava/util/List;' é diferente de " + result228 + " <def.getType().getDesc()>")
chamada antiga: assertEquals(0, def.getModifiers().size())
nova chamada: assertEquals(0, def.getModifiers().size(), "Era esperado valores iguais, mas  0 é diferente de " + result229 + " <def.getModifiers().size()>")
chamada antiga: assertEquals("myLong", def.getName().getName())
nova chamada: assertEquals("myLong", def.getName().getName(), "Era esperado valores iguais, mas  'myLong' é diferente de " + result230 + " <def.getName().getName()>")
chamada antiga: assertEquals("J", def.getType().getDesc())
nova chamada: assertEquals("J", def.getType().getDesc(), "Era esperado valores iguais, mas  'J' é diferente de " + result231 + " <def.getType().getDesc()>")
chamada antiga: assertEquals(0, def.getModifiers().size())
nova chamada: assertEquals(0, def.getModifiers().size(), "Era esperado valores iguais, mas  0 é diferente de " + result232 + " <def.getModifiers().size()>")
chamada antiga: assertEquals("func", def.getName().getName())
nova chamada: assertEquals("func", def.getName().getName(), "Era esperado valores iguais, mas  'func' é diferente de " + result233 + " <def.getName().getName()>")
chamada antiga: assertEquals(0, def.getArguments().size())
nova chamada: assertEquals(0, def.getArguments().size(), "Era esperado valores iguais, mas  0 é diferente de " + result234 + " <def.getArguments().size()>")
chamada antiga: assertEquals("func", def.getName().getName())
nova chamada: assertEquals("func", def.getName().getName(), "Era esperado valores iguais, mas  'func' é diferente de " + result235 + " <def.getName().getName()>")
chamada antiga: assertEquals(2, def.getArguments().size())
nova chamada: assertEquals(2, def.getArguments().size(), "Era esperado valores iguais, mas  2 é diferente de " + result236 + " <def.getArguments().size()>")
chamada antiga: assertEquals("I", def.getArguments().get(0).getDesc().getDesc())
nova chamada: assertEquals("I", def.getArguments().get(0).getDesc().getDesc(), "Era esperado valores iguais, mas  'I' é diferente de " + result237 + " <def.getArguments().get(0).getDesc().getDesc()>")
chamada antiga: assertEquals("int1", def.getArguments().get(0).getVariableName().getName())
nova chamada: assertEquals("int1", def.getArguments().get(0).getVariableName().getName(), "Era esperado valores iguais, mas  'int1' é diferente de " + result238 + " <def.getArguments().get(0).getVariableName().getName()>")
chamada antiga: assertEquals("I", def.getArguments().get(1).getDesc().getDesc())
nova chamada: assertEquals("I", def.getArguments().get(1).getDesc().getDesc(), "Era esperado valores iguais, mas  'I' é diferente de " + result239 + " <def.getArguments().get(1).getDesc().getDesc()>")
chamada antiga: assertEquals("int2", def.getArguments().get(1).getVariableName().getName())
nova chamada: assertEquals("int2", def.getArguments().get(1).getVariableName().getName(), "Era esperado valores iguais, mas  'int2' é diferente de " + result240 + " <def.getArguments().get(1).getVariableName().getName()>")
chamada antiga: assertEquals("start", def.getLblStart().getName())
nova chamada: assertEquals("start", def.getLblStart().getName(), "Era esperado valores iguais, mas  'start' é diferente de " + result241 + " <def.getLblStart().getName()>")
chamada antiga: assertEquals("end", def.getLblEnd().getName())
nova chamada: assertEquals("end", def.getLblEnd().getName(), "Era esperado valores iguais, mas  'end' é diferente de " + result242 + " <def.getLblEnd().getName()>")
chamada antiga: assertEquals("handler", def.getLblHandler().getName())
nova chamada: assertEquals("handler", def.getLblHandler().getName(), "Era esperado valores iguais, mas  'handler' é diferente de " + result243 + " <def.getLblHandler().getName()>")
chamada antiga: assertEquals("java/lang/Exception", def.getType().getType())
nova chamada: assertEquals("java/lang/Exception", def.getType().getType(), "Era esperado valores iguais, mas  'java/lang/Exception' é diferente de " + result244 + " <def.getType().getType()>")
chamada antiga: assertEquals(root.getChildren().get(0), root.getChildren().get(1).getPrev())
nova chamada: assertEquals(root.getChildren().get(0), root.getChildren().get(1).getPrev(), "Era esperado valores iguais, mas " + result245 + " <root.getChildren().get(0)> é diferente de " + result246 + " <root.getChildren().get(1).getPrev()>")
chamada antiga: assertEquals(root.getChildren().get(1), root.getChildren().get(2).getPrev())
nova chamada: assertEquals(root.getChildren().get(1), root.getChildren().get(2).getPrev(), "Era esperado valores iguais, mas " + result247 + " <root.getChildren().get(1)> é diferente de " + result248 + " <root.getChildren().get(2).getPrev()>")
chamada antiga: assertEquals(root.getChildren().get(1), root.getChildren().get(0).getNext())
nova chamada: assertEquals(root.getChildren().get(1), root.getChildren().get(0).getNext(), "Era esperado valores iguais, mas " + result249 + " <root.getChildren().get(1)> é diferente de " + result250 + " <root.getChildren().get(0).getNext()>")
chamada antiga: assertEquals(root.getChildren().get(2), root.getChildren().get(1).getNext())
nova chamada: assertEquals(root.getChildren().get(2), root.getChildren().get(1).getNext(), "Era esperado valores iguais, mas " + result251 + " <root.getChildren().get(2)> é diferente de " + result252 + " <root.getChildren().get(1).getNext()>")
chamada antiga: assertEquals(line, root.print())
nova chamada: assertEquals(line, root.print(), "Era esperado valores iguais, mas  line é diferente de " + result253 + " <root.print()>")
chamada antiga: assertEquals("ACONST_NULL", root.getChildren().get(0).print())
nova chamada: assertEquals("ACONST_NULL", root.getChildren().get(0).print(), "Era esperado valores iguais, mas  'ACONST_NULL' é diferente de " + result254 + " <root.getChildren().get(0).print()>")
chamada antiga: assertEquals("ARETURN", root.getChildren().get(1).print())
nova chamada: assertEquals("ARETURN", root.getChildren().get(1).print(), "Era esperado valores iguais, mas  'ARETURN' é diferente de " + result255 + " <root.getChildren().get(1).print()>")
chamada antiga: assertEquals(text, iiAst.print())
nova chamada: assertEquals(text, iiAst.print(), "Era esperado valores iguais, mas  text é diferente de " + result256 + " <iiAst.print()>")
chamada antiga: assertEquals("BIPUSH", iiAst.getOpcode().print())
nova chamada: assertEquals("BIPUSH", iiAst.getOpcode().print(), "Era esperado valores iguais, mas  'BIPUSH' é diferente de " + result257 + " <iiAst.getOpcode().print()>")
chamada antiga: assertEquals(5, iiAst.getValue().getIntValue())
nova chamada: assertEquals(5, iiAst.getValue().getIntValue(), "Era esperado valores iguais, mas  5 é diferente de " + result258 + " <iiAst.getValue().getIntValue()>")
chamada antiga: assertEquals(text, iiAst.print())
nova chamada: assertEquals(text, iiAst.print(), "Era esperado valores iguais, mas  text é diferente de " + result259 + " <iiAst.print()>")
chamada antiga: assertEquals("ILOAD", iiAst.getOpcode().print())
nova chamada: assertEquals("ILOAD", iiAst.getOpcode().print(), "Era esperado valores iguais, mas  'ILOAD' é diferente de " + result260 + " <iiAst.getOpcode().print()>")
chamada antiga: assertEquals("i", iiAst.getVariableName().getName())
nova chamada: assertEquals("i", iiAst.getVariableName().getName(), "Era esperado valores iguais, mas  'i' é diferente de " + result261 + " <iiAst.getVariableName().getName()>")
chamada antiga: assertEquals(text, tiAST.print())
nova chamada: assertEquals(text, tiAST.print(), "Era esperado valores iguais, mas  text é diferente de " + result262 + " <tiAST.print()>")
chamada antiga: assertEquals("NEW", tiAST.getOpcode().print())
nova chamada: assertEquals("NEW", tiAST.getOpcode().print(), "Era esperado valores iguais, mas  'NEW' é diferente de " + result263 + " <tiAST.getOpcode().print()>")
chamada antiga: assertEquals("java/lang/String", tiAST.getType().getType())
nova chamada: assertEquals("java/lang/String", tiAST.getType().getType(), "Era esperado valores iguais, mas  'java/lang/String' é diferente de " + result264 + " <tiAST.getType().getType()>")
chamada antiga: assertEquals(text, tiAST.print())
nova chamada: assertEquals(text, tiAST.print(), "Era esperado valores iguais, mas  text é diferente de " + result265 + " <tiAST.print()>")
chamada antiga: assertEquals("IINC", tiAST.getOpcode().print())
nova chamada: assertEquals("IINC", tiAST.getOpcode().print(), "Era esperado valores iguais, mas  'IINC' é diferente de " + result266 + " <tiAST.getOpcode().print()>")
chamada antiga: assertEquals("i", tiAST.getVariableName().getName())
nova chamada: assertEquals("i", tiAST.getVariableName().getName(), "Era esperado valores iguais, mas  'i' é diferente de " + result267 + " <tiAST.getVariableName().getName()>")
chamada antiga: assertEquals(2, tiAST.getIncrement().getIntValue())
nova chamada: assertEquals(2, tiAST.getIncrement().getIntValue(), "Era esperado valores iguais, mas  2 é diferente de " + result268 + " <tiAST.getIncrement().getIntValue()>")
chamada antiga: assertEquals(text, lineAST.print())
nova chamada: assertEquals(text, lineAST.print(), "Era esperado valores iguais, mas  text é diferente de " + result269 + " <lineAST.print()>")
chamada antiga: assertEquals("LINE", lineAST.getOpcode().print())
nova chamada: assertEquals("LINE", lineAST.getOpcode().print(), "Era esperado valores iguais, mas  'LINE' é diferente de " + result270 + " <lineAST.getOpcode().print()>")
chamada antiga: assertEquals("lbl", lineAST.getLabel().getName())
nova chamada: assertEquals("lbl", lineAST.getLabel().getName(), "Era esperado valores iguais, mas  'lbl' é diferente de " + result271 + " <lineAST.getLabel().getName()>")
chamada antiga: assertEquals(2, lineAST.getLineNumber().getIntValue())
nova chamada: assertEquals(2, lineAST.getLineNumber().getIntValue(), "Era esperado valores iguais, mas  2 é diferente de " + result272 + " <lineAST.getLineNumber().getIntValue()>")
chamada antiga: assertEquals(text, arrayAST.print())
nova chamada: assertEquals(text, arrayAST.print(), "Era esperado valores iguais, mas  text é diferente de " + result273 + " <arrayAST.print()>")
chamada antiga: assertEquals(TypeUtil.typeToNewArrayArg(Type.INT_TYPE), arrayAST.getValue().getIntValue())
nova chamada: assertEquals(TypeUtil.typeToNewArrayArg(Type.INT_TYPE), arrayAST.getValue().getIntValue(), "Era esperado valores iguais, mas " + result274 + " <TypeUtil.typeToNewArrayArg(Type.INT_TYPE)> é diferente de " + result275 + " <arrayAST.getValue().getIntValue()>")
chamada antiga: assertEquals(text, arrayAST.print())
nova chamada: assertEquals(text, arrayAST.print(), "Era esperado valores iguais, mas  text é diferente de " + result276 + " <arrayAST.print()>")
chamada antiga: assertEquals("MULTIANEWARRAY", arrayAST.getOpcode().print())
nova chamada: assertEquals("MULTIANEWARRAY", arrayAST.getOpcode().print(), "Era esperado valores iguais, mas  'MULTIANEWARRAY' é diferente de " + result277 + " <arrayAST.getOpcode().print()>")
chamada antiga: assertEquals("[[Ljava/lang/String;", arrayAST.getDesc().getDesc())
nova chamada: assertEquals("[[Ljava/lang/String;", arrayAST.getDesc().getDesc(), "Era esperado valores iguais, mas  '[[Ljava/lang/String;' é diferente de " + result278 + " <arrayAST.getDesc().getDesc()>")
chamada antiga: assertEquals(2, arrayAST.getDimensions().getIntValue())
nova chamada: assertEquals(2, arrayAST.getDimensions().getIntValue(), "Era esperado valores iguais, mas  2 é diferente de " + result279 + " <arrayAST.getDimensions().getIntValue()>")
chamada antiga: assertEquals(text, fieldAST.print())
nova chamada: assertEquals(text, fieldAST.print(), "Era esperado valores iguais, mas  text é diferente de " + result280 + " <fieldAST.print()>")
chamada antiga: assertEquals("GETSTATIC", fieldAST.getOpcode().print())
nova chamada: assertEquals("GETSTATIC", fieldAST.getOpcode().print(), "Era esperado valores iguais, mas  'GETSTATIC' é diferente de " + result281 + " <fieldAST.getOpcode().print()>")
chamada antiga: assertEquals("java/lang/System", fieldAST.getOwner().getType())
nova chamada: assertEquals("java/lang/System", fieldAST.getOwner().getType(), "Era esperado valores iguais, mas  'java/lang/System' é diferente de " + result282 + " <fieldAST.getOwner().getType()>")
chamada antiga: assertEquals("out", fieldAST.getName().getName())
nova chamada: assertEquals("out", fieldAST.getName().getName(), "Era esperado valores iguais, mas  'out' é diferente de " + result283 + " <fieldAST.getName().getName()>")
chamada antiga: assertEquals("Ljava/io/PrintStream;", fieldAST.getDesc().getDesc())
nova chamada: assertEquals("Ljava/io/PrintStream;", fieldAST.getDesc().getDesc(), "Era esperado valores iguais, mas  'Ljava/io/PrintStream;' é diferente de " + result284 + " <fieldAST.getDesc().getDesc()>")
chamada antiga: assertEquals(text, methodAST.print())
nova chamada: assertEquals(text, methodAST.print(), "Era esperado valores iguais, mas  text é diferente de " + result285 + " <methodAST.print()>")
chamada antiga: assertEquals("INVOKEVIRTUAL", methodAST.getOpcode().print())
nova chamada: assertEquals("INVOKEVIRTUAL", methodAST.getOpcode().print(), "Era esperado valores iguais, mas  'INVOKEVIRTUAL' é diferente de " + result286 + " <methodAST.getOpcode().print()>")
chamada antiga: assertEquals("java/io/PrintStream", methodAST.getOwner().getType())
nova chamada: assertEquals("java/io/PrintStream", methodAST.getOwner().getType(), "Era esperado valores iguais, mas  'java/io/PrintStream' é diferente de " + result287 + " <methodAST.getOwner().getType()>")
chamada antiga: assertEquals("println", methodAST.getName().getName())
nova chamada: assertEquals("println", methodAST.getName().getName(), "Era esperado valores iguais, mas  'println' é diferente de " + result288 + " <methodAST.getName().getName()>")
chamada antiga: assertEquals("(Ljava/lang/String;)V", methodAST.getDesc().getDesc())
nova chamada: assertEquals("(Ljava/lang/String;)V", methodAST.getDesc().getDesc(), "Era esperado valores iguais, mas  '(Ljava/lang/String;)V' é diferente de " + result289 + " <methodAST.getDesc().getDesc()>")
chamada antiga: assertEquals(text, methodAST.print())
nova chamada: assertEquals(text, methodAST.print(), "Era esperado valores iguais, mas  text é diferente de " + result290 + " <methodAST.print()>")
chamada antiga: assertEquals("INVOKEVIRTUAL", methodAST.getOpcode().print())
nova chamada: assertEquals("INVOKEVIRTUAL", methodAST.getOpcode().print(), "Era esperado valores iguais, mas  'INVOKEVIRTUAL' é diferente de " + result291 + " <methodAST.getOpcode().print()>")
chamada antiga: assertEquals("java/lang/String", methodAST.getOwner().getType())
nova chamada: assertEquals("java/lang/String", methodAST.getOwner().getType(), "Era esperado valores iguais, mas  'java/lang/String' é diferente de " + result292 + " <methodAST.getOwner().getType()>")
chamada antiga: assertEquals("getBytes", methodAST.getName().getName())
nova chamada: assertEquals("getBytes", methodAST.getName().getName(), "Era esperado valores iguais, mas  'getBytes' é diferente de " + result293 + " <methodAST.getName().getName()>")
chamada antiga: assertEquals("()[B", methodAST.getDesc().getDesc())
nova chamada: assertEquals("()[B", methodAST.getDesc().getDesc(), "Era esperado valores iguais, mas  '()[B' é diferente de " + result294 + " <methodAST.getDesc().getDesc()>")
chamada antiga: assertEquals(text, ldc.print())
nova chamada: assertEquals(text, ldc.print(), "Era esperado valores iguais, mas  text é diferente de " + result295 + " <ldc.print()>")
chamada antiga: assertEquals("LDC", ldc.getOpcode().print())
nova chamada: assertEquals("LDC", ldc.getOpcode().print(), "Era esperado valores iguais, mas  'LDC' é diferente de " + result296 + " <ldc.getOpcode().print()>")
chamada antiga: assertEquals(1, ((NumberAST) ldc.getContent()).getIntValue())
nova chamada: assertEquals(1, ((NumberAST) ldc.getContent()).getIntValue(), "Era esperado valores iguais, mas  1 é diferente de " + result297 + " <((NumberAST) ldc.getContent()).getIntValue()>")
chamada antiga: assertEquals(text, ldc.print())
nova chamada: assertEquals(text, ldc.print(), "Era esperado valores iguais, mas  text é diferente de " + result298 + " <ldc.print()>")
chamada antiga: assertEquals(-10, ((NumberAST) ldc.getContent()).getIntValue())
nova chamada: assertEquals(-10, ((NumberAST) ldc.getContent()).getIntValue(), "Era esperado valores iguais, mas  -10 é diferente de " + result299 + " <((NumberAST) ldc.getContent()).getIntValue()>")
chamada antiga: assertEquals(text, ldc.print())
nova chamada: assertEquals(text, ldc.print(), "Era esperado valores iguais, mas  text é diferente de " + result300 + " <ldc.print()>")
chamada antiga: assertEquals(10000000000L, ((NumberAST) ldc.getContent()).getLongValue())
nova chamada: assertEquals(10000000000L, ((NumberAST) ldc.getContent()).getLongValue(), "Era esperado valores iguais, mas  10000000000L é diferente de " + result301 + " <((NumberAST) ldc.getContent()).getLongValue()>")
chamada antiga: assertEquals(text, ldc.print())
nova chamada: assertEquals(text, ldc.print(), "Era esperado valores iguais, mas  text é diferente de " + result302 + " <ldc.print()>")
chamada antiga: assertEquals(-10000000000L, ((NumberAST) ldc.getContent()).getLongValue())
nova chamada: assertEquals(-10000000000L, ((NumberAST) ldc.getContent()).getLongValue(), "Era esperado valores iguais, mas  -10000000000L é diferente de " + result303 + " <((NumberAST) ldc.getContent()).getLongValue()>")
chamada antiga: assertEquals(text, ldc.print())
nova chamada: assertEquals(text, ldc.print(), "Era esperado valores iguais, mas  text é diferente de " + result304 + " <ldc.print()>")
chamada antiga: assertEquals(2.5, ((NumberAST) ldc.getContent()).getDoubleValue())
nova chamada: assertEquals(2.5, ((NumberAST) ldc.getContent()).getDoubleValue(), "Era esperado valores iguais, mas  2.5 é diferente de " + result305 + " <((NumberAST) ldc.getContent()).getDoubleValue()>")
chamada antiga: assertEquals(text, ldc.print())
nova chamada: assertEquals(text, ldc.print(), "Era esperado valores iguais, mas  text é diferente de " + result306 + " <ldc.print()>")
chamada antiga: assertEquals(-2.5, ((NumberAST) ldc.getContent()).getDoubleValue())
nova chamada: assertEquals(-2.5, ((NumberAST) ldc.getContent()).getDoubleValue(), "Era esperado valores iguais, mas  -2.5 é diferente de " + result307 + " <((NumberAST) ldc.getContent()).getDoubleValue()>")
chamada antiga: assertEquals(text, ldc.print())
nova chamada: assertEquals(text, ldc.print(), "Era esperado valores iguais, mas  text é diferente de " + result308 + " <ldc.print()>")
chamada antiga: assertEquals(2.6F, ((NumberAST) ldc.getContent()).getFloatValue())
nova chamada: assertEquals(2.6F, ((NumberAST) ldc.getContent()).getFloatValue(), "Era esperado valores iguais, mas  2.6F é diferente de " + result309 + " <((NumberAST) ldc.getContent()).getFloatValue()>")
chamada antiga: assertEquals(text, ldc.print())
nova chamada: assertEquals(text, ldc.print(), "Era esperado valores iguais, mas  text é diferente de " + result310 + " <ldc.print()>")
chamada antiga: assertEquals(-2.6F, ((NumberAST) ldc.getContent()).getFloatValue())
nova chamada: assertEquals(-2.6F, ((NumberAST) ldc.getContent()).getFloatValue(), "Era esperado valores iguais, mas  -2.6F é diferente de " + result311 + " <((NumberAST) ldc.getContent()).getFloatValue()>")
chamada antiga: assertEquals(text, ldc.print())
nova chamada: assertEquals(text, ldc.print(), "Era esperado valores iguais, mas  text é diferente de " + result312 + " <ldc.print()>")
chamada antiga: assertEquals("text", ((StringAST) ldc.getContent()).getValue())
nova chamada: assertEquals("text", ((StringAST) ldc.getContent()).getValue(), "Era esperado valores iguais, mas  'text' é diferente de " + result313 + " <((StringAST) ldc.getContent()).getValue()>")
chamada antiga: assertEquals(text, ldc.print())
nova chamada: assertEquals(text, ldc.print(), "Era esperado valores iguais, mas  text é diferente de " + result314 + " <ldc.print()>")
chamada antiga: assertEquals("", ((StringAST) ldc.getContent()).getValue())
nova chamada: assertEquals("", ((StringAST) ldc.getContent()).getValue(), "Era esperado valores iguais, mas  '' é diferente de " + result315 + " <((StringAST) ldc.getContent()).getValue()>")
chamada antiga: assertEquals(text, ldc.print())
nova chamada: assertEquals(text, ldc.print(), "Era esperado valores iguais, mas  text é diferente de " + result316 + " <ldc.print()>")
chamada antiga: assertEquals("\\n", ((StringAST) ldc.getContent()).getValue())
nova chamada: assertEquals("\\n", ((StringAST) ldc.getContent()).getValue(), "Era esperado valores iguais, mas  '\\n' é diferente de " + result317 + " <((StringAST) ldc.getContent()).getValue()>")
chamada antiga: assertEquals("\n", ((StringAST) ldc.getContent()).getUnescapedValue())
nova chamada: assertEquals("\n", ((StringAST) ldc.getContent()).getUnescapedValue(), "Era esperado valores iguais, mas  '\n' é diferente de " + result318 + " <((StringAST) ldc.getContent()).getUnescapedValue()>")
chamada antiga: assertEquals(text, ldc.print())
nova chamada: assertEquals(text, ldc.print(), "Era esperado valores iguais, mas  text é diferente de " + result319 + " <ldc.print()>")
chamada antiga: assertEquals("\\t", ((StringAST) ldc.getContent()).getValue())
nova chamada: assertEquals("\\t", ((StringAST) ldc.getContent()).getValue(), "Era esperado valores iguais, mas  '\\t' é diferente de " + result320 + " <((StringAST) ldc.getContent()).getValue()>")
chamada antiga: assertEquals("\t", ((StringAST) ldc.getContent()).getUnescapedValue())
nova chamada: assertEquals("\t", ((StringAST) ldc.getContent()).getUnescapedValue(), "Era esperado valores iguais, mas  '\t' é diferente de " + result321 + " <((StringAST) ldc.getContent()).getUnescapedValue()>")
chamada antiga: assertEquals(text, ldc.print())
nova chamada: assertEquals(text, ldc.print(), "Era esperado valores iguais, mas  text é diferente de " + result322 + " <ldc.print()>")
chamada antiga: assertEquals("\t", ((StringAST) ldc.getContent()).getValue())
nova chamada: assertEquals("\t", ((StringAST) ldc.getContent()).getValue(), "Era esperado valores iguais, mas  '\t' é diferente de " + result323 + " <((StringAST) ldc.getContent()).getValue()>")
chamada antiga: assertEquals("\t", ((StringAST) ldc.getContent()).getUnescapedValue())
nova chamada: assertEquals("\t", ((StringAST) ldc.getContent()).getUnescapedValue(), "Era esperado valores iguais, mas  '\t' é diferente de " + result324 + " <((StringAST) ldc.getContent()).getUnescapedValue()>")
chamada antiga: assertEquals(text, ldc.print())
nova chamada: assertEquals(text, ldc.print(), "Era esperado valores iguais, mas  text é diferente de " + result325 + " <ldc.print()>")
chamada antiga: assertEquals("\\u0000", ((StringAST) ldc.getContent()).getUnescapedValue())
nova chamada: assertEquals("\\u0000", ((StringAST) ldc.getContent()).getUnescapedValue(), "Era esperado valores iguais, mas  '\\u0000' é diferente de " + result326 + " <((StringAST) ldc.getContent()).getUnescapedValue()>")
chamada antiga: assertEquals("\\u4E0B\\u96E8\\u4E86", ((StringAST) ldc.getContent()).getValue())
nova chamada: assertEquals("\\u4E0B\\u96E8\\u4E86", ((StringAST) ldc.getContent()).getValue(), "Era esperado valores iguais, mas  '\\u4E0B\\u96E8\\u4E86' é diferente de " + result327 + " <((StringAST) ldc.getContent()).getValue()>")
chamada antiga: assertEquals("下雨了", ((StringAST) ldc.getContent()).getUnescapedValue())
nova chamada: assertEquals("下雨了", ((StringAST) ldc.getContent()).getUnescapedValue(), "Era esperado valores iguais, mas  '下雨了' é diferente de " + result328 + " <((StringAST) ldc.getContent()).getUnescapedValue()>")
chamada antiga: assertEquals(text, ldc.print())
nova chamada: assertEquals(text, ldc.print(), "Era esperado valores iguais, mas  text é diferente de " + result329 + " <ldc.print()>")
chamada antiga: assertEquals("下雨了", ((StringAST) ldc.getContent()).getValue())
nova chamada: assertEquals("下雨了", ((StringAST) ldc.getContent()).getValue(), "Era esperado valores iguais, mas  '下雨了' é diferente de " + result330 + " <((StringAST) ldc.getContent()).getValue()>")
chamada antiga: assertEquals("下雨了", ((StringAST) ldc.getContent()).getUnescapedValue())
nova chamada: assertEquals("下雨了", ((StringAST) ldc.getContent()).getUnescapedValue(), "Era esperado valores iguais, mas  '下雨了' é diferente de " + result331 + " <((StringAST) ldc.getContent()).getUnescapedValue()>")
chamada antiga: assertEquals(text, ldc.print())
nova chamada: assertEquals(text, ldc.print(), "Era esperado valores iguais, mas  text é diferente de " + result332 + " <ldc.print()>")
chamada antiga: assertEquals("\\u048", ((StringAST) ldc.getContent()).getValue())
nova chamada: assertEquals("\\u048", ((StringAST) ldc.getContent()).getValue(), "Era esperado valores iguais, mas  '\\u048' é diferente de " + result333 + " <((StringAST) ldc.getContent()).getValue()>")
chamada antiga: assertEquals("\\u048", ((StringAST) ldc.getContent()).getUnescapedValue())
nova chamada: assertEquals("\\u048", ((StringAST) ldc.getContent()).getUnescapedValue(), "Era esperado valores iguais, mas  '\\u048' é diferente de " + result334 + " <((StringAST) ldc.getContent()).getUnescapedValue()>")
chamada antiga: assertEquals(text, ldc.print())
nova chamada: assertEquals(text, ldc.print(), "Era esperado valores iguais, mas  text é diferente de " + result335 + " <ldc.print()>")
chamada antiga: assertEquals("C:\\\\example\\\\recaf.jar", ((StringAST) ldc.getContent()).getValue())
nova chamada: assertEquals("C:\\\\example\\\\recaf.jar", ((StringAST) ldc.getContent()).getValue(), "Era esperado valores iguais, mas  'C:\\\\example\\\\recaf.jar' é diferente de " + result336 + " <((StringAST) ldc.getContent()).getValue()>")
chamada antiga: assertEquals("C:\\example\\recaf.jar", ((StringAST) ldc.getContent()).getUnescapedValue())
nova chamada: assertEquals("C:\\example\\recaf.jar", ((StringAST) ldc.getContent()).getUnescapedValue(), "Era esperado valores iguais, mas  'C:\\example\\recaf.jar' é diferente de " + result337 + " <((StringAST) ldc.getContent()).getUnescapedValue()>")
chamada antiga: assertEquals(text, ldc.print())
nova chamada: assertEquals(text, ldc.print(), "Era esperado valores iguais, mas  text é diferente de " + result338 + " <ldc.print()>")
chamada antiga: assertEquals(text, ldc.print())
nova chamada: assertEquals(text, ldc.print(), "Era esperado valores iguais, mas  text é diferente de " + result339 + " <ldc.print()>")
chamada antiga: assertEquals("Ljava/lang/String;", ((DescAST) ldc.getContent()).getDesc())
nova chamada: assertEquals("Ljava/lang/String;", ((DescAST) ldc.getContent()).getDesc(), "Era esperado valores iguais, mas  'Ljava/lang/String;' é diferente de " + result340 + " <((DescAST) ldc.getContent()).getDesc()>")
chamada antiga: assertEquals(text, tbl.print())
nova chamada: assertEquals(text, tbl.print(), "Era esperado valores iguais, mas  text é diferente de " + result341 + " <tbl.print()>")
chamada antiga: assertEquals("TABLESWITCH", tbl.getOpcode().print())
nova chamada: assertEquals("TABLESWITCH", tbl.getOpcode().print(), "Era esperado valores iguais, mas  'TABLESWITCH' é diferente de " + result342 + " <tbl.getOpcode().print()>")
chamada antiga: assertEquals("D", tbl.getDfltLabel().print())
nova chamada: assertEquals("D", tbl.getDfltLabel().print(), "Era esperado valores iguais, mas  'D' é diferente de " + result343 + " <tbl.getDfltLabel().print()>")
chamada antiga: assertEquals(0, tbl.getRangeMin().getIntValue())
nova chamada: assertEquals(0, tbl.getRangeMin().getIntValue(), "Era esperado valores iguais, mas  0 é diferente de " + result344 + " <tbl.getRangeMin().getIntValue()>")
chamada antiga: assertEquals(2, tbl.getRangeMax().getIntValue())
nova chamada: assertEquals(2, tbl.getRangeMax().getIntValue(), "Era esperado valores iguais, mas  2 é diferente de " + result345 + " <tbl.getRangeMax().getIntValue()>")
chamada antiga: assertEquals(3, tbl.getLabels().size())
nova chamada: assertEquals(3, tbl.getLabels().size(), "Era esperado valores iguais, mas  3 é diferente de " + result346 + " <tbl.getLabels().size()>")
chamada antiga: assertEquals(text, tbl.print())
nova chamada: assertEquals(text, tbl.print(), "Era esperado valores iguais, mas  text é diferente de " + result347 + " <tbl.print()>")
chamada antiga: assertEquals("LOOKUPSWITCH", tbl.getOpcode().print())
nova chamada: assertEquals("LOOKUPSWITCH", tbl.getOpcode().print(), "Era esperado valores iguais, mas  'LOOKUPSWITCH' é diferente de " + result348 + " <tbl.getOpcode().print()>")
chamada antiga: assertEquals("D", tbl.getDfltLabel().print())
nova chamada: assertEquals("D", tbl.getDfltLabel().print(), "Era esperado valores iguais, mas  'D' é diferente de " + result349 + " <tbl.getDfltLabel().print()>")
chamada antiga: assertEquals(3, tbl.getMapping().size())
nova chamada: assertEquals(3, tbl.getMapping().size(), "Era esperado valores iguais, mas  3 é diferente de " + result350 + " <tbl.getMapping().size()>")
chamada antiga: assertEquals(text, tbl.print())
nova chamada: assertEquals(text, tbl.print(), "Era esperado valores iguais, mas  text é diferente de " + result351 + " <tbl.print()>")
chamada antiga: assertEquals("LOOKUPSWITCH", tbl.getOpcode().print())
nova chamada: assertEquals("LOOKUPSWITCH", tbl.getOpcode().print(), "Era esperado valores iguais, mas  'LOOKUPSWITCH' é diferente de " + result352 + " <tbl.getOpcode().print()>")
chamada antiga: assertEquals("D", tbl.getDfltLabel().print())
nova chamada: assertEquals("D", tbl.getDfltLabel().print(), "Era esperado valores iguais, mas  'D' é diferente de " + result353 + " <tbl.getDfltLabel().print()>")
chamada antiga: assertEquals(0, tbl.getMapping().size())
nova chamada: assertEquals(0, tbl.getMapping().size(), "Era esperado valores iguais, mas  0 é diferente de " + result354 + " <tbl.getMapping().size()>")
chamada antiga: assertEquals(text, indy.print())
nova chamada: assertEquals(text, indy.print(), "Era esperado valores iguais, mas  text é diferente de " + result355 + " <indy.print()>")
chamada antiga: assertEquals("INVOKEDYNAMIC", indy.getOpcode().print())
nova chamada: assertEquals("INVOKEDYNAMIC", indy.getOpcode().print(), "Era esperado valores iguais, mas  'INVOKEDYNAMIC' é diferente de " + result356 + " <indy.getOpcode().print()>")
chamada antiga: assertEquals("handle", indy.getName().getName())
nova chamada: assertEquals("handle", indy.getName().getName(), "Era esperado valores iguais, mas  'handle' é diferente de " + result357 + " <indy.getName().getName()>")
chamada antiga: assertEquals("(Lgame/SnakeController;)Ljavafx/event/EventHandler;", indy.getDesc().getDesc())
nova chamada: assertEquals("(Lgame/SnakeController;)Ljavafx/event/EventHandler;", indy.getDesc().getDesc(), "Era esperado valores iguais, mas  '(Lgame/SnakeController;)Ljavafx/event/EventHandler;' é diferente de " + result358 + " <indy.getDesc().getDesc()>")
chamada antiga: assertEquals(text, indy.print())
nova chamada: assertEquals(text, indy.print(), "Era esperado valores iguais, mas  text é diferente de " + result359 + " <indy.print()>")
chamada antiga: assertEquals(text, indy.print())
nova chamada: assertEquals(text, indy.print(), "Era esperado valores iguais, mas  text é diferente de " + result360 + " <indy.print()>")
chamada antiga: assertEquals("H_INVOKESTATIC", handle.getTag().getName())
nova chamada: assertEquals("H_INVOKESTATIC", handle.getTag().getName(), "Era esperado valores iguais, mas  'H_INVOKESTATIC' é diferente de " + result361 + " <handle.getTag().getName()>")
chamada antiga: assertEquals("TextBlockLiteralExpr", handle.getOwner().getType())
nova chamada: assertEquals("TextBlockLiteralExpr", handle.getOwner().getType(), "Era esperado valores iguais, mas  'TextBlockLiteralExpr' é diferente de " + result362 + " <handle.getOwner().getType()>")
chamada antiga: assertEquals("stripIndent", handle.getName().getName())
nova chamada: assertEquals("stripIndent", handle.getName().getName(), "Era esperado valores iguais, mas  'stripIndent' é diferente de " + result363 + " <handle.getName().getName()>")
chamada antiga: assertEquals("([LString;I)LPair;", handle.getDesc().getDesc())
nova chamada: assertEquals("([LString;I)LPair;", handle.getDesc().getDesc(), "Era esperado valores iguais, mas  '([LString;I)LPair;' é diferente de " + result364 + " <handle.getDesc().getDesc()>")
chamada antiga: assertEquals(text, indy.print())
nova chamada: assertEquals(text, indy.print(), "Era esperado valores iguais, mas  text é diferente de " + result365 + " <indy.print()>")
chamada antiga: assertEquals(text, indy.print())
nova chamada: assertEquals(text, indy.print(), "Era esperado valores iguais, mas  text é diferente de " + result366 + " <indy.print()>")
chamada antiga: assertTrue(suggestions.contains("java/lang/String"))
nova chamada: assertTrue(suggestions.contains("java/lang/String"), "Era esperado verdadeiro, mas " + result367 + " <suggestions.contains('java/lang/String')> é falso")
chamada antiga: assertTrue(suggestions.contains("[Ljava/lang/String;"))
nova chamada: assertTrue(suggestions.contains("[Ljava/lang/String;"), "Era esperado verdadeiro, mas " + result368 + " <suggestions.contains('[Ljava/lang/String;')> é falso")
chamada antiga: assertTrue(suggestions.contains("java/lang/System"))
nova chamada: assertTrue(suggestions.contains("java/lang/System"), "Era esperado verdadeiro, mas " + result369 + " <suggestions.contains('java/lang/System')> é falso")
chamada antiga: assertTrue(suggestions.contains("out Ljava/io/PrintStream;"))
nova chamada: assertTrue(suggestions.contains("out Ljava/io/PrintStream;"), "Era esperado verdadeiro, mas " + result370 + " <suggestions.contains('out Ljava/io/PrintStream;')> é falso")
chamada antiga: assertTrue(suggestions.contains("java/lang/System"))
nova chamada: assertTrue(suggestions.contains("java/lang/System"), "Era esperado verdadeiro, mas " + result371 + " <suggestions.contains('java/lang/System')> é falso")
chamada antiga: assertTrue(suggestions.contains("println(Ljava/lang/String;)V"))
nova chamada: assertTrue(suggestions.contains("println(Ljava/lang/String;)V"), "Era esperado verdadeiro, mas " + result372 + " <suggestions.contains('println(Ljava/lang/String;)V')> é falso")
chamada antiga: assertTrue(suggestions.contains("example"))
nova chamada: assertTrue(suggestions.contains("example"), "Era esperado verdadeiro, mas " + result373 + " <suggestions.contains('example')> é falso")
chamada antiga: assertEquals(1, suggestions.size())
nova chamada: assertEquals(1, suggestions.size(), "Era esperado valores iguais, mas  1 é diferente de " + result374 + " <suggestions.size()>")
chamada antiga: assertTrue(suggestions.contains("args"))
nova chamada: assertTrue(suggestions.contains("args"), "Era esperado verdadeiro, mas " + result375 + " <suggestions.contains('args')> é falso")
chamada antiga: assertEquals(1, suggestions.size())
nova chamada: assertEquals(1, suggestions.size(), "Era esperado valores iguais, mas  1 é diferente de " + result376 + " <suggestions.size()>")
chamada antiga: assertTrue(suggestions.contains("example"))
nova chamada: assertTrue(suggestions.contains("example"), "Era esperado verdadeiro, mas " + result377 + " <suggestions.contains('example')> é falso")
chamada antiga: assertEquals(1, suggestions.size())
nova chamada: assertEquals(1, suggestions.size(), "Era esperado valores iguais, mas  1 é diferente de " + result378 + " <suggestions.size()>")
chamada antiga: assertTrue(suggestions.contains("example"))
nova chamada: assertTrue(suggestions.contains("example"), "Era esperado verdadeiro, mas " + result379 + " <suggestions.contains('example')> é falso")
chamada antiga: assertEquals(1, suggestions.size())
nova chamada: assertEquals(1, suggestions.size(), "Era esperado valores iguais, mas  1 é diferente de " + result380 + " <suggestions.size()>")
chamada antiga: assertTrue(suggestions.contains("example"))
nova chamada: assertTrue(suggestions.contains("example"), "Era esperado verdadeiro, mas " + result381 + " <suggestions.contains('example')> é falso")
chamada antiga: assertEquals(1, suggestions.size())
nova chamada: assertEquals(1, suggestions.size(), "Era esperado valores iguais, mas  1 é diferente de " + result382 + " <suggestions.size()>")
chamada antiga: assertTrue(suggestions.contains("example"))
nova chamada: assertTrue(suggestions.contains("example"), "Era esperado verdadeiro, mas " + result383 + " <suggestions.contains('example')> é falso")
chamada antiga: assertEquals(1, suggestions.size())
nova chamada: assertEquals(1, suggestions.size(), "Era esperado valores iguais, mas  1 é diferente de " + result384 + " <suggestions.size()>")
chamada antiga: assertTrue(suggestions.contains("example"))
nova chamada: assertTrue(suggestions.contains("example"), "Era esperado verdadeiro, mas " + result385 + " <suggestions.contains('example')> é falso")
chamada antiga: assertEquals(1, suggestions.size())
nova chamada: assertEquals(1, suggestions.size(), "Era esperado valores iguais, mas  1 é diferente de " + result386 + " <suggestions.size()>")
chamada antiga: assertTrue(suggestions.contains("java/lang/Exception"))
nova chamada: assertTrue(suggestions.contains("java/lang/Exception"), "Era esperado verdadeiro, mas " + result387 + " <suggestions.contains('java/lang/Exception')> é falso")
chamada antiga: assertTrue(suggestions.contains("example"))
nova chamada: assertTrue(suggestions.contains("example"), "Era esperado verdadeiro, mas " + result388 + " <suggestions.contains('example')> é falso")
chamada antiga: assertEquals(1, suggestions.size())
nova chamada: assertEquals(1, suggestions.size(), "Era esperado valores iguais, mas  1 é diferente de " + result389 + " <suggestions.size()>")
chamada antiga: assertTrue(suggestions.contains("H_GETSTATIC"))
nova chamada: assertTrue(suggestions.contains("H_GETSTATIC"), "Era esperado verdadeiro, mas " + result390 + " <suggestions.contains('H_GETSTATIC')> é falso")
chamada antiga: assertTrue(suggestions.contains("H_GETFIELD"))
nova chamada: assertTrue(suggestions.contains("H_GETFIELD"), "Era esperado verdadeiro, mas " + result391 + " <suggestions.contains('H_GETFIELD')> é falso")
chamada antiga: assertEquals(2, suggestions.size())
nova chamada: assertEquals(2, suggestions.size(), "Era esperado valores iguais, mas  2 é diferente de " + result392 + " <suggestions.size()>")
chamada antiga: assertTrue(suggestions.contains("out Ljava/io/PrintStream;"))
nova chamada: assertTrue(suggestions.contains("out Ljava/io/PrintStream;"), "Era esperado verdadeiro, mas " + result393 + " <suggestions.contains('out Ljava/io/PrintStream;')> é falso")
chamada antiga: assertEquals(1, suggestions.size())
nova chamada: assertEquals(1, suggestions.size(), "Era esperado valores iguais, mas  1 é diferente de " + result394 + " <suggestions.size()>")
chamada antiga: assertTrue(suggestions.contains("println(Ljava/lang/String;)V"))
nova chamada: assertTrue(suggestions.contains("println(Ljava/lang/String;)V"), "Era esperado verdadeiro, mas " + result395 + " <suggestions.contains('println(Ljava/lang/String;)V')> é falso")
chamada antiga: assertTrue(suggestions.isEmpty())
nova chamada: assertTrue(suggestions.isEmpty(), "Era esperado verdadeiro, mas " + result396 + " <suggestions.isEmpty()> é falso")
Total asserts: 589
Asserts sem descrição: 582
Asserts com descrição: 6
Assertion Roulette: 509
