Antes do refactor: 


Projeto: /home/vitor-otto/opensource/springdoc-openapi-2.0.2

Total asserts: 163
Asserts sem descrição: 117
Asserts com descrição: 46
Assertion Roulette: 59

Após o refactor: 


Projeto: /home/vitor-otto/opensource/springdoc-openapi-2.0.2

chamada antiga: Assertions.assertTrue(!result.contains("!<Type A>"))
nova chamada: assertTrue(!result.contains("!<Type A>"), "Era esperado verdadeiro, mas o valor obtido é falso")
chamada antiga: assertTrue(contentAsString.contains("Swagger UI"))
nova chamada: assertTrue(contentAsString.contains("Swagger UI"), "Era esperado verdadeiro, mas " + result0 + " <contentAsString.contains('Swagger UI')> é falso")
chamada antiga: Assertions.assertEquals(expected, result)
nova chamada: assertEquals(expected, result, "Era esperado valores iguais, mas  expected é diferente de " + " result")
chamada antiga: assertTrue(result.contains("window.ui"))
nova chamada: assertTrue(result.contains("window.ui"), "Era esperado verdadeiro, mas " + result1 + " <result.contains('window.ui')> é falso")
chamada antiga: assertEquals(expected, result.replace("\r", ""))
nova chamada: assertEquals(expected, result.replace("\r", ""), "Era esperado valores iguais, mas  expected é diferente de " + result2 + " <result.replace('\r', '')>")
chamada antiga: assertTrue(contentAsString.contains("Swagger UI"))
nova chamada: assertTrue(contentAsString.contains("Swagger UI"), "Era esperado verdadeiro, mas " + result3 + " <contentAsString.contains('Swagger UI')> é falso")
chamada antiga: assertTrue(contentAsString.contains("Swagger UI"))
nova chamada: assertTrue(contentAsString.contains("Swagger UI"), "Era esperado verdadeiro, mas " + result4 + " <contentAsString.contains('Swagger UI')> é falso")
chamada antiga: assertTrue(contentAsString.contains("Swagger UI"))
nova chamada: assertTrue(contentAsString.contains("Swagger UI"), "Era esperado verdadeiro, mas " + result5 + " <contentAsString.contains('Swagger UI')> é falso")
chamada antiga: assertTrue(contentAsString.contains("Swagger UI"))
nova chamada: assertTrue(contentAsString.contains("Swagger UI"), "Era esperado verdadeiro, mas " + result6 + " <contentAsString.contains('Swagger UI')> é falso")
chamada antiga: assertTrue(contentAsString.contains("Swagger UI"))
nova chamada: assertTrue(contentAsString.contains("Swagger UI"), "Era esperado verdadeiro, mas " + result7 + " <contentAsString.contains('Swagger UI')> é falso")
chamada antiga: assertTrue(transformedIndex.contains("window.ui"))
nova chamada: assertTrue(transformedIndex.contains("window.ui"), "Era esperado verdadeiro, mas " + result8 + " <transformedIndex.contains('window.ui')> é falso")
chamada antiga: assertEquals("no-store", mvcResult.getResponse().getHeader("Cache-Control"))
nova chamada: assertEquals("no-store", mvcResult.getResponse().getHeader("Cache-Control"), "Era esperado valores iguais, mas  'no-store' é diferente de " + result9 + " <mvcResult.getResponse().getHeader('Cache-Control')>")
chamada antiga: assertEquals(this.getContent(fileName), transformedIndex.replace("\r", ""))
nova chamada: assertEquals(this.getContent(fileName), transformedIndex.replace("\r", ""), "Era esperado valores iguais, mas " + result10 + " <this.getContent(fileName)> é diferente de " + result11 + " <transformedIndex.replace('\r', '')>")
chamada antiga: assertTrue(htmlResult.contains("window.ui"))
nova chamada: assertTrue(htmlResult.contains("window.ui"), "Era esperado verdadeiro, mas " + result12 + " <htmlResult.contains('window.ui')> é falso")
chamada antiga: assertEquals(this.getContent(fileName), htmlResult.replace("\r", ""))
nova chamada: assertEquals(this.getContent(fileName), htmlResult.replace("\r", ""), "Era esperado valores iguais, mas " + result13 + " <this.getContent(fileName)> é diferente de " + result14 + " <htmlResult.replace('\r', '')>")
chamada antiga: assertTrue(contentAsString.contains("Swagger UI"))
nova chamada: assertTrue(contentAsString.contains("Swagger UI"), "Era esperado verdadeiro, mas " + result15 + " <contentAsString.contains('Swagger UI')> é falso")
chamada antiga: assertTrue(contentAsString.contains("Swagger UI"))
nova chamada: assertTrue(contentAsString.contains("Swagger UI"), "Era esperado verdadeiro, mas " + result16 + " <contentAsString.contains('Swagger UI')> é falso")
chamada antiga: assertTrue(contentAsString.contains("Swagger UI"))
nova chamada: assertTrue(contentAsString.contains("Swagger UI"), "Era esperado verdadeiro, mas " + result17 + " <contentAsString.contains('Swagger UI')> é falso")
chamada antiga: assertTrue(contentAsString.contains("Swagger UI"))
nova chamada: assertTrue(contentAsString.contains("Swagger UI"), "Era esperado verdadeiro, mas " + result18 + " <contentAsString.contains('Swagger UI')> é falso")
chamada antiga: assertTrue(contentAsString.contains("Swagger UI"))
nova chamada: assertTrue(contentAsString.contains("Swagger UI"), "Era esperado verdadeiro, mas " + result19 + " <contentAsString.contains('Swagger UI')> é falso")
Total asserts: 163
Asserts sem descrição: 117
Asserts com descrição: 46
Assertion Roulette: 59
