
Projeto: /home/vitor-otto/opensource/jasypt-spring-boot-jasypt-spring-boot-parent-3.0.5

Antes do refactor: 
Assert sem descrição: /home/vitor-otto/opensource/jasypt-spring-boot-jasypt-spring-boot-parent-3.0.5/jasypt-spring-boot/src/test/java/com/ulisesbocchio/jasyptspringboot/filter/DefaultPropertyFilterTest.java linha: 22 Método: assertTrue(ClassUtils.isAssignable(new ParameterizedTypeReference<PropertySource<Iterable<ConfigurationPropertySource>>>() {
}, EncryptableConfigurationPropertySourcesPropertySource.class))
Assert sem descrição: /home/vitor-otto/opensource/jasypt-spring-boot-jasypt-spring-boot-parent-3.0.5/jasypt-spring-boot/src/test/java/com/ulisesbocchio/jasyptspringboot/filter/DefaultPropertyFilterTest.java linha: 24 Método: assertFalse(ClassUtils.isAssignable(new ParameterizedTypeReference<PropertySource<Map<String, Object>>>() {
}, EncryptableConfigurationPropertySourcesPropertySource.class))
Assert sem descrição: /home/vitor-otto/opensource/jasypt-spring-boot-jasypt-spring-boot-parent-3.0.5/jasypt-spring-boot/src/test/java/com/ulisesbocchio/jasyptspringboot/filter/DefaultPropertyFilterTest.java linha: 26 Método: assertTrue(ClassUtils.isAssignable(new ParameterizedTypeReference<PropertySource<Map<String, Object>>>() {
}, EncryptableMapPropertySourceWrapper.class))
Assert sem descrição: /home/vitor-otto/opensource/jasypt-spring-boot-jasypt-spring-boot-parent-3.0.5/jasypt-spring-boot/src/test/java/com/ulisesbocchio/jasyptspringboot/filter/DefaultPropertyFilterTest.java linha: 28 Método: assertFalse(ClassUtils.isAssignable(new ParameterizedTypeReference<PropertySource<Iterable<ConfigurationPropertySource>>>() {
}, EncryptableMapPropertySourceWrapper.class))
Assert sem descrição: /home/vitor-otto/opensource/jasypt-spring-boot-jasypt-spring-boot-parent-3.0.5/jasypt-spring-boot/src/test/java/com/ulisesbocchio/jasyptspringboot/filter/DefaultPropertyFilterTest.java linha: 36 Método: assertTrue(filter.shouldInclude(source, "some.property"))
Assert sem descrição: /home/vitor-otto/opensource/jasypt-spring-boot-jasypt-spring-boot-parent-3.0.5/jasypt-spring-boot/src/test/java/com/ulisesbocchio/jasyptspringboot/filter/DefaultPropertyFilterTest.java linha: 43 Método: assertTrue(filter.shouldInclude(source, "some.property"))
Assert sem descrição: /home/vitor-otto/opensource/jasypt-spring-boot-jasypt-spring-boot-parent-3.0.5/jasypt-spring-boot/src/test/java/com/ulisesbocchio/jasyptspringboot/filter/DefaultPropertyFilterTest.java linha: 50 Método: assertTrue(filter.shouldInclude(source, "some.property"))
Assert sem descrição: /home/vitor-otto/opensource/jasypt-spring-boot-jasypt-spring-boot-parent-3.0.5/jasypt-spring-boot/src/test/java/com/ulisesbocchio/jasyptspringboot/filter/DefaultPropertyFilterTest.java linha: 57 Método: assertTrue(filter.shouldInclude(source, "some.property"))
Assert sem descrição: /home/vitor-otto/opensource/jasypt-spring-boot-jasypt-spring-boot-parent-3.0.5/jasypt-spring-boot/src/test/java/com/ulisesbocchio/jasyptspringboot/filter/DefaultPropertyFilterTest.java linha: 64 Método: assertTrue(filter.shouldInclude(source, "some.property"))
Assert sem descrição: /home/vitor-otto/opensource/jasypt-spring-boot-jasypt-spring-boot-parent-3.0.5/jasypt-spring-boot/src/test/java/com/ulisesbocchio/jasyptspringboot/filter/DefaultPropertyFilterTest.java linha: 71 Método: assertTrue(filter.shouldInclude(source, "some.property"))
Assert sem descrição: /home/vitor-otto/opensource/jasypt-spring-boot-jasypt-spring-boot-parent-3.0.5/jasypt-spring-boot/src/test/java/com/ulisesbocchio/jasyptspringboot/filter/DefaultPropertyFilterTest.java linha: 78 Método: assertTrue(filter.shouldInclude(source, "some.property"))
Assert sem descrição: /home/vitor-otto/opensource/jasypt-spring-boot-jasypt-spring-boot-parent-3.0.5/jasypt-spring-boot/src/test/java/com/ulisesbocchio/jasyptspringboot/filter/DefaultPropertyFilterTest.java linha: 85 Método: assertTrue(filter.shouldInclude(source, "some.property"))
Assert sem descrição: /home/vitor-otto/opensource/jasypt-spring-boot-jasypt-spring-boot-parent-3.0.5/jasypt-spring-boot/src/test/java/com/ulisesbocchio/jasyptspringboot/filter/DefaultPropertyFilterTest.java linha: 92 Método: assertTrue(filter.shouldInclude(source, "some.property"))
Assert sem descrição: /home/vitor-otto/opensource/jasypt-spring-boot-jasypt-spring-boot-parent-3.0.5/jasypt-spring-boot/src/test/java/com/ulisesbocchio/jasyptspringboot/filter/DefaultPropertyFilterTest.java linha: 99 Método: assertTrue(filter.shouldInclude(source, "some.property"))
Assert sem descrição: /home/vitor-otto/opensource/jasypt-spring-boot-jasypt-spring-boot-parent-3.0.5/jasypt-spring-boot/src/test/java/com/ulisesbocchio/jasyptspringboot/filter/DefaultPropertyFilterTest.java linha: 106 Método: assertTrue(filter.shouldInclude(source, "some.property"))
Assert sem descrição: /home/vitor-otto/opensource/jasypt-spring-boot-jasypt-spring-boot-parent-3.0.5/jasypt-spring-boot/src/test/java/com/ulisesbocchio/jasyptspringboot/filter/DefaultPropertyFilterTest.java linha: 113 Método: assertTrue(filter.shouldInclude(source, "some.property"))
Assert sem descrição: /home/vitor-otto/opensource/jasypt-spring-boot-jasypt-spring-boot-parent-3.0.5/jasypt-spring-boot/src/test/java/com/ulisesbocchio/jasyptspringboot/filter/DefaultPropertyFilterTest.java linha: 120 Método: assertTrue(filter.shouldInclude(source, "some.property"))
Assert sem descrição: /home/vitor-otto/opensource/jasypt-spring-boot-jasypt-spring-boot-parent-3.0.5/jasypt-spring-boot/src/test/java/com/ulisesbocchio/jasyptspringboot/filter/DefaultPropertyFilterTest.java linha: 127 Método: assertFalse(filter.shouldInclude(source, "some.property"))
Assert sem descrição: /home/vitor-otto/opensource/jasypt-spring-boot-jasypt-spring-boot-parent-3.0.5/jasypt-spring-boot/src/test/java/com/ulisesbocchio/jasyptspringboot/filter/DefaultPropertyFilterTest.java linha: 134 Método: assertFalse(filter.shouldInclude(source, "some.property"))
Assert sem descrição: /home/vitor-otto/opensource/jasypt-spring-boot-jasypt-spring-boot-parent-3.0.5/jasypt-spring-boot/src/test/java/com/ulisesbocchio/jasyptspringboot/filter/DefaultPropertyFilterTest.java linha: 141 Método: assertFalse(filter.shouldInclude(source, "some.property"))
Assert sem descrição: /home/vitor-otto/opensource/jasypt-spring-boot-jasypt-spring-boot-parent-3.0.5/jasypt-spring-boot/src/test/java/com/ulisesbocchio/jasyptspringboot/filter/DefaultPropertyFilterTest.java linha: 148 Método: assertFalse(filter.shouldInclude(source, "some.property"))
Assert sem descrição: /home/vitor-otto/opensource/jasypt-spring-boot-jasypt-spring-boot-parent-3.0.5/jasypt-spring-boot/src/test/java/com/ulisesbocchio/jasyptspringboot/filter/DefaultPropertyFilterTest.java linha: 155 Método: assertFalse(filter.shouldInclude(source, "some.property"))
Assert sem descrição: /home/vitor-otto/opensource/jasypt-spring-boot-jasypt-spring-boot-parent-3.0.5/jasypt-spring-boot/src/test/java/com/ulisesbocchio/jasyptspringboot/filter/DefaultPropertyFilterTest.java linha: 162 Método: assertFalse(filter.shouldInclude(source, "some.property"))
Assert sem descrição: /home/vitor-otto/opensource/jasypt-spring-boot-jasypt-spring-boot-parent-3.0.5/jasypt-spring-boot/src/test/java/com/ulisesbocchio/jasyptspringboot/filter/DefaultPropertyFilterTest.java linha: 169 Método: assertFalse(filter.shouldInclude(source, "some.property"))
Assert sem descrição: /home/vitor-otto/opensource/jasypt-spring-boot-jasypt-spring-boot-parent-3.0.5/jasypt-spring-boot/src/test/java/com/ulisesbocchio/jasyptspringboot/filter/DefaultPropertyFilterTest.java linha: 176 Método: assertFalse(filter.shouldInclude(source, "some.property"))
Assert sem descrição: /home/vitor-otto/opensource/jasypt-spring-boot-jasypt-spring-boot-parent-3.0.5/jasypt-spring-boot/src/test/java/com/ulisesbocchio/jasyptspringboot/filter/DefaultPropertyFilterTest.java linha: 183 Método: assertFalse(filter.shouldInclude(source, "some.property"))
Assert sem descrição: /home/vitor-otto/opensource/jasypt-spring-boot-jasypt-spring-boot-parent-3.0.5/jasypt-spring-boot/src/test/java/com/ulisesbocchio/jasyptspringboot/filter/DefaultPropertyFilterTest.java linha: 190 Método: assertFalse(filter.shouldInclude(source, "some.property"))
Assert sem descrição: /home/vitor-otto/opensource/jasypt-spring-boot-jasypt-spring-boot-parent-3.0.5/jasypt-spring-boot/src/test/java/com/ulisesbocchio/jasyptspringboot/filter/DefaultPropertyFilterTest.java linha: 197 Método: assertFalse(filter.shouldInclude(source, "some.property"))
Assert sem descrição: /home/vitor-otto/opensource/jasypt-spring-boot-jasypt-spring-boot-parent-3.0.5/jasypt-spring-boot/src/test/java/com/ulisesbocchio/jasyptspringboot/filter/DefaultPropertyFilterTest.java linha: 204 Método: assertFalse(filter.shouldInclude(source, "some.property"))
Assert sem descrição: /home/vitor-otto/opensource/jasypt-spring-boot-jasypt-spring-boot-parent-3.0.5/jasypt-spring-boot/src/test/java/com/ulisesbocchio/jasyptspringboot/filter/DefaultPropertyFilterTest.java linha: 211 Método: assertFalse(filter.shouldInclude(source, "some.property"))
Assert sem descrição: /home/vitor-otto/opensource/jasypt-spring-boot-jasypt-spring-boot-parent-3.0.5/jasypt-spring-boot/src/test/java/com/ulisesbocchio/jasyptspringboot/EncryptorTest.java linha: 214 Método: assertEquals(decrypted, message)
Assert sem descrição: /home/vitor-otto/opensource/jasypt-spring-boot-jasypt-spring-boot-parent-3.0.5/jasypt-spring-boot/src/test/java/com/ulisesbocchio/jasyptspringboot/EncryptorTest.java linha: 224 Método: assertEquals(decrypted, message)
Assert sem descrição: /home/vitor-otto/opensource/jasypt-spring-boot-jasypt-spring-boot-parent-3.0.5/jasypt-spring-boot/src/test/java/com/ulisesbocchio/jasyptspringboot/EncryptorTest.java linha: 234 Método: assertEquals(decrypted, message)
Assert sem descrição: /home/vitor-otto/opensource/jasypt-spring-boot-jasypt-spring-boot-parent-3.0.5/jasypt-spring-boot/src/test/java/com/ulisesbocchio/jasyptspringboot/EncryptorTest.java linha: 244 Método: assertEquals(decrypted, message)
Assert sem descrição: /home/vitor-otto/opensource/jasypt-spring-boot-jasypt-spring-boot-parent-3.0.5/jasypt-spring-boot/src/test/java/com/ulisesbocchio/jasyptspringboot/EncryptorTest.java linha: 254 Método: assertEquals(decrypted, message)
Assert sem descrição: /home/vitor-otto/opensource/jasypt-spring-boot-jasypt-spring-boot-parent-3.0.5/jasypt-spring-boot/src/test/java/com/ulisesbocchio/jasyptspringboot/EncryptorTest.java linha: 264 Método: assertEquals(decrypted, message)
Assert sem descrição: /home/vitor-otto/opensource/jasypt-spring-boot-jasypt-spring-boot-parent-3.0.5/jasypt-spring-boot/src/test/java/com/ulisesbocchio/jasyptspringboot/EncryptorTest.java linha: 278 Método: assertEquals(message, decrypted)
Assert sem descrição: /home/vitor-otto/opensource/jasypt-spring-boot-jasypt-spring-boot-parent-3.0.5/jasypt-spring-boot/src/test/java/com/ulisesbocchio/jasyptspringboot/EncryptorTest.java linha: 289 Método: assertEquals(message, decrypted)
Assert sem descrição: /home/vitor-otto/opensource/jasypt-spring-boot-jasypt-spring-boot-parent-3.0.5/jasypt-spring-boot/src/test/java/com/ulisesbocchio/jasyptspringboot/EncryptorTest.java linha: 300 Método: assertEquals(message, decrypted)
Assert sem descrição: /home/vitor-otto/opensource/jasypt-spring-boot-jasypt-spring-boot-parent-3.0.5/jasypt-spring-boot/src/test/java/com/ulisesbocchio/jasyptspringboot/EncryptorTest.java linha: 313 Método: assertEquals(message, decrypted)
Assert sem descrição: /home/vitor-otto/opensource/jasypt-spring-boot-jasypt-spring-boot-parent-3.0.5/jasypt-spring-boot/src/test/java/com/ulisesbocchio/jasyptspringboot/EncryptorTest.java linha: 326 Método: assertEquals(message, decrypted)
Assert sem descrição: /home/vitor-otto/opensource/jasypt-spring-boot-jasypt-spring-boot-parent-3.0.5/jasypt-spring-boot/src/test/java/com/ulisesbocchio/jasyptspringboot/EncryptorTest.java linha: 340 Método: assertEquals(message, decrypted)
Assert sem descrição: /home/vitor-otto/opensource/jasypt-spring-boot-jasypt-spring-boot-parent-3.0.5/jasypt-spring-boot/src/test/java/com/ulisesbocchio/jasyptspringboot/EncryptorTest.java linha: 353 Método: assertEquals(message, decrypted)
Assert sem descrição: /home/vitor-otto/opensource/jasypt-spring-boot-jasypt-spring-boot-parent-3.0.5/jasypt-spring-boot/src/test/java/com/ulisesbocchio/jasyptspringboot/EncryptorTest.java linha: 367 Método: assertEquals(message, decrypted)
Assert sem descrição: /home/vitor-otto/opensource/jasypt-spring-boot-jasypt-spring-boot-parent-3.0.5/jasypt-spring-boot/src/test/java/com/ulisesbocchio/jasyptspringboot/EncryptorTest.java linha: 378 Método: assertEquals(message, decrypted)
Assert sem descrição: /home/vitor-otto/opensource/jasypt-spring-boot-jasypt-spring-boot-parent-3.0.5/jasypt-spring-boot/src/test/java/com/ulisesbocchio/jasyptspringboot/EncryptorTest.java linha: 401 Método: assertEquals(message, v)
Assert sem descrição: /home/vitor-otto/opensource/jasypt-spring-boot-jasypt-spring-boot-parent-3.0.5/jasypt-spring-boot/src/test/java/com/ulisesbocchio/jasyptspringboot/EncryptorTest.java linha: 401 Método: assertAll(decrypted.stream().map((v -> () -> assertEquals(message, v))))
Assert com mensagem: /home/vitor-otto/opensource/jasypt-spring-boot-jasypt-spring-boot-parent-3.0.5/jasypt-spring-boot-starter/src/test/java/com/ulisesbocchio/jasyptspringbootstarter/BootstrappingJasyptConfigurationTest.java linha: 43 Método: assertEquals("mypassword", event.getApplicationContext().getEnvironment().getProperty("spring.cloud.config.server.svn.password"), "ENC() value is not decrypted during bootstrap phase")
Assert sem descrição: /home/vitor-otto/opensource/jasypt-spring-boot-jasypt-spring-boot-parent-3.0.5/jasypt-spring-boot-starter/src/test/java/com/ulisesbocchio/jasyptspringbootstarter/BootstrappingJasyptConfigurationTest.java linha: 47 Método: assertNotNull(this.context.getBean(EnableEncryptablePropertiesBeanFactoryPostProcessor.class))
Assert com mensagem: /home/vitor-otto/opensource/jasypt-spring-boot-jasypt-spring-boot-parent-3.0.5/jasypt-spring-boot-starter/src/test/java/com/ulisesbocchio/jasyptspringbootstarter/BootstrappingJasyptConfigurationTest.java linha: 58 Método: assertEquals("mypassword", event.getApplicationContext().getEnvironment().getProperty("spring.cloud.config.server.svn.password"), "ENC() value is decrypted during bootstrap phase")
Assert sem descrição: /home/vitor-otto/opensource/jasypt-spring-boot-jasypt-spring-boot-parent-3.0.5/jasypt-spring-boot-starter/src/test/java/com/ulisesbocchio/jasyptspringbootstarter/BootstrappingJasyptConfigurationTest.java linha: 62 Método: assertNotNull(this.context.getBean(EnableEncryptablePropertiesBeanFactoryPostProcessor.class))
Assert com mensagem: /home/vitor-otto/opensource/jasypt-spring-boot-jasypt-spring-boot-parent-3.0.5/jasypt-spring-boot-starter/src/test/java/com/ulisesbocchio/jasyptspringbootstarter/BootstrappingJasyptConfigurationTest.java linha: 71 Método: assertEquals("mypassword", event.getApplicationContext().getEnvironment().getProperty("spring.cloud.config.server.svn.password"), "ENC() value is decrypted during bootstrap phase")
Assert com mensagem: /home/vitor-otto/opensource/jasypt-spring-boot-jasypt-spring-boot-parent-3.0.5/jasypt-spring-boot-starter/src/test/java/com/ulisesbocchio/jasyptspringbootstarter/BootstrappingJasyptConfigurationTest.java linha: 74 Método: assertNotNull(this.context.getBean(EnableEncryptablePropertiesBeanFactoryPostProcessor.class), "EnableEncryptablePropertiesBeanFactoryPostProcessor not created when spring.cloud.bootstrap.enabled=true")
Assert com mensagem: /home/vitor-otto/opensource/jasypt-spring-boot-jasypt-spring-boot-parent-3.0.5/jasypt-spring-boot-starter/src/test/java/com/ulisesbocchio/jasyptspringbootstarter/BootstrappingJasyptConfigurationTest.java linha: 83 Método: assertNotEquals("mypassword", event.getApplicationContext().getEnvironment().getProperty("spring.cloud.config.server.svn.password"), "ENC() value is decrypted during bootstrap phase")
Assert com mensagem: /home/vitor-otto/opensource/jasypt-spring-boot-jasypt-spring-boot-parent-3.0.5/jasypt-spring-boot-starter/src/test/java/com/ulisesbocchio/jasyptspringbootstarter/BootstrappingJasyptConfigurationTest.java linha: 86 Método: assertNotNull(this.context.getBean(EnableEncryptablePropertiesBeanFactoryPostProcessor.class), "EnableEncryptablePropertiesBeanFactoryPostProcessor not created when spring.cloud.bootstrap.enabled=false")
Assert sem descrição: /home/vitor-otto/opensource/jasypt-spring-boot-jasypt-spring-boot-parent-3.0.5/jasypt-spring-boot-starter/src/test/java/com/ulisesbocchio/jasyptspringbootstarter/resolver/DefaultPropertyResolverTest.java linha: 52 Método: assertThat(env.getProperty("spring.cloud.config.server.svn.password"))
Assert sem descrição: /home/vitor-otto/opensource/jasypt-spring-boot-jasypt-spring-boot-parent-3.0.5/jasypt-spring-boot-starter/src/test/java/com/ulisesbocchio/jasyptspringbootstarter/resolver/DefaultPropertyResolverTest.java linha: 53 Método: assertThat(secret)
Assert sem descrição: /home/vitor-otto/opensource/jasypt-spring-boot-jasypt-spring-boot-parent-3.0.5/jasypt-spring-boot-starter/src/test/java/com/ulisesbocchio/jasyptspringbootstarter/resolver/DefaultPropertyResolverTest.java linha: 62 Método: assertThat(response.getStatusCode())
Assert sem descrição: /home/vitor-otto/opensource/jasypt-spring-boot-jasypt-spring-boot-parent-3.0.5/jasypt-spring-boot-starter/src/test/java/com/ulisesbocchio/jasyptspringbootstarter/EnvironmentVariablesLoadTest.java linha: 38 Método: assertEquals("test1", myProperties.getFooString())
Assert sem descrição: /home/vitor-otto/opensource/jasypt-spring-boot-jasypt-spring-boot-parent-3.0.5/jasypt-spring-boot-starter/src/test/java/com/ulisesbocchio/jasyptspringbootstarter/EnvironmentVariablesLoadTest.java linha: 40 Método: assertEquals("test2", myProperties.getBarString())
Assert sem descrição: /home/vitor-otto/opensource/jasypt-spring-boot-jasypt-spring-boot-parent-3.0.5/jasypt-spring-boot-starter/src/test/java/com/ulisesbocchio/jasyptspringbootstarter/EnvironmentVariablesLoadTest.java linha: 42 Método: assertNotNull(myProperties.getFooList())
Assert sem descrição: /home/vitor-otto/opensource/jasypt-spring-boot-jasypt-spring-boot-parent-3.0.5/jasypt-spring-boot-starter/src/test/java/com/ulisesbocchio/jasyptspringbootstarter/EnvironmentVariablesLoadTest.java linha: 43 Método: assertEquals("[a1, b1]", myProperties.getFooList().toString())
Assert sem descrição: /home/vitor-otto/opensource/jasypt-spring-boot-jasypt-spring-boot-parent-3.0.5/jasypt-spring-boot-starter/src/test/java/com/ulisesbocchio/jasyptspringbootstarter/EnvironmentVariablesLoadTest.java linha: 45 Método: assertNotNull(myProperties.getBarList())
Assert sem descrição: /home/vitor-otto/opensource/jasypt-spring-boot-jasypt-spring-boot-parent-3.0.5/jasypt-spring-boot-starter/src/test/java/com/ulisesbocchio/jasyptspringbootstarter/EnvironmentVariablesLoadTest.java linha: 46 Método: assertEquals("[a2, b2]", myProperties.getBarList().toString())
Assert sem descrição: /home/vitor-otto/opensource/jasypt-spring-boot-jasypt-spring-boot-parent-3.0.5/jasypt-spring-boot-starter/src/test/java/com/ulisesbocchio/jasyptspringbootstarter/EnvironmentVariablesLoadTest.java linha: 48 Método: assertNotNull(myProperties.getStringMap())
Assert sem descrição: /home/vitor-otto/opensource/jasypt-spring-boot-jasypt-spring-boot-parent-3.0.5/jasypt-spring-boot-starter/src/test/java/com/ulisesbocchio/jasyptspringbootstarter/EnvironmentVariablesLoadTest.java linha: 49 Método: assertEquals("{k1=v1}", myProperties.getStringMap().toString())
Assert sem descrição: /home/vitor-otto/opensource/jasypt-spring-boot-jasypt-spring-boot-parent-3.0.5/jasypt-spring-boot-starter/src/test/java/com/ulisesbocchio/jasyptspringbootstarter/EnvironmentVariablesLoadTest.java linha: 51 Método: assertNotNull(myProperties.getListMap())
Assert sem descrição: /home/vitor-otto/opensource/jasypt-spring-boot-jasypt-spring-boot-parent-3.0.5/jasypt-spring-boot-starter/src/test/java/com/ulisesbocchio/jasyptspringbootstarter/EnvironmentVariablesLoadTest.java linha: 52 Método: assertEquals("{k2=[v2]}", myProperties.getListMap().toString())
Total asserts: 68
Asserts sem descrição: 62
Asserts com descrição: 6
Assertion Roulette: 20
