
Projeto: /home/vitor-otto/opensource/poi-tl-1.12.1

Antes do refactor: 
Assert sem descrição: /home/vitor-otto/opensource/poi-tl-1.12.1/poi-tl-jsonmodel-support/src/test/java/com/deepoove/poi/jsonmodel/support/TypeResolverTest.java linha: 30 Método: assertEquals(typeArguments[0], TextRenderData.class)
Assert sem descrição: /home/vitor-otto/opensource/poi-tl-1.12.1/poi-tl-jsonmodel-support/src/test/java/com/deepoove/poi/jsonmodel/support/TypeResolverTest.java linha: 33 Método: assertEquals(typeArguments[0], TextRenderData.class)
Assert sem descrição: /home/vitor-otto/opensource/poi-tl-1.12.1/poi-tl-jsonmodel-support/src/test/java/com/deepoove/poi/jsonmodel/support/SerializableJsonTest.java linha: 33 Método: assertEquals(result.getText(), data.getText())
Assert sem descrição: /home/vitor-otto/opensource/poi-tl-1.12.1/poi-tl-jsonmodel-support/src/test/java/com/deepoove/poi/jsonmodel/support/SerializableJsonTest.java linha: 34 Método: assertEquals(((HyperlinkTextRenderData) result).getUrl(), ((HyperlinkTextRenderData) data).getUrl())
Assert sem descrição: /home/vitor-otto/opensource/poi-tl-1.12.1/poi-tl-jsonmodel-support/src/test/java/com/deepoove/poi/jsonmodel/support/SerializableJsonTest.java linha: 35 Método: assertEquals(result.getStyle().getColor(), data.getStyle().getColor())
Assert sem descrição: /home/vitor-otto/opensource/poi-tl-1.12.1/poi-tl-jsonmodel-support/src/test/java/com/deepoove/poi/jsonmodel/support/SerializableJsonTest.java linha: 36 Método: assertEquals(result.getStyle().getUnderlinePatterns(), data.getStyle().getUnderlinePatterns())
Assert sem descrição: /home/vitor-otto/opensource/poi-tl-1.12.1/poi-tl-jsonmodel-support/src/test/java/com/deepoove/poi/jsonmodel/support/SerializableJsonTest.java linha: 47 Método: assertEquals(result.getPictureStyle().getWidth(), data.getPictureStyle().getWidth())
Assert sem descrição: /home/vitor-otto/opensource/poi-tl-1.12.1/poi-tl-jsonmodel-support/src/test/java/com/deepoove/poi/jsonmodel/support/SerializableJsonTest.java linha: 48 Método: assertEquals(result.getPictureStyle().getHeight(), data.getPictureStyle().getHeight())
Assert sem descrição: /home/vitor-otto/opensource/poi-tl-1.12.1/poi-tl-jsonmodel-support/src/test/java/com/deepoove/poi/jsonmodel/support/SerializableJsonTest.java linha: 49 Método: assertEquals(result.getPictureType(), data.getPictureType())
Assert sem descrição: /home/vitor-otto/opensource/poi-tl-1.12.1/poi-tl-jsonmodel-support/src/test/java/com/deepoove/poi/jsonmodel/support/SerializableJsonTest.java linha: 50 Método: assertEquals(result.getAltMeta(), data.getAltMeta())
Assert sem descrição: /home/vitor-otto/opensource/poi-tl-1.12.1/poi-tl-jsonmodel-support/src/test/java/com/deepoove/poi/jsonmodel/support/SerializableJsonTest.java linha: 62 Método: assertEquals(result.getChartTitle(), data.getChartTitle())
Assert sem descrição: /home/vitor-otto/opensource/poi-tl-1.12.1/poi-tl-jsonmodel-support/src/test/java/com/deepoove/poi/jsonmodel/support/SerializableJsonTest.java linha: 63 Método: assertArrayEquals(result.getCategories(), data.getCategories())
Assert sem descrição: /home/vitor-otto/opensource/poi-tl-1.12.1/poi-tl-jsonmodel-support/src/test/java/com/deepoove/poi/jsonmodel/support/SerializableJsonTest.java linha: 64 Método: assertEquals(result.getSeriesDatas().get(0).getName(), data.getSeriesDatas().get(0).getName())
Assert sem descrição: /home/vitor-otto/opensource/poi-tl-1.12.1/poi-tl-jsonmodel-support/src/test/java/com/deepoove/poi/jsonmodel/support/SerializableJsonTest.java linha: 65 Método: assertEquals(result.getSeriesDatas().get(0).getComboType(), data.getSeriesDatas().get(0).getComboType())
Assert sem descrição: /home/vitor-otto/opensource/poi-tl-1.12.1/poi-tl-jsonmodel-support/src/test/java/com/deepoove/poi/jsonmodel/support/SerializableJsonTest.java linha: 74 Método: assertArrayEquals(result.getMergedDoc(), data.getMergedDoc())
Assert sem descrição: /home/vitor-otto/opensource/poi-tl-1.12.1/poi-tl-jsonmodel-support/src/test/java/com/deepoove/poi/jsonmodel/support/SerializableJsonTest.java linha: 89 Método: assertEquals(result.getTableStyle().getWidth(), data.getTableStyle().getWidth())
Assert sem descrição: /home/vitor-otto/opensource/poi-tl-1.12.1/poi-tl-jsonmodel-support/src/test/java/com/deepoove/poi/jsonmodel/support/SerializableJsonTest.java linha: 90 Método: assertEquals(result.getTableStyle().getAlign(), data.getTableStyle().getAlign())
Assert sem descrição: /home/vitor-otto/opensource/poi-tl-1.12.1/poi-tl-jsonmodel-support/src/test/java/com/deepoove/poi/jsonmodel/support/SerializableJsonTest.java linha: 108 Método: assertEquals(contents2.size(), contents.size())
Assert sem descrição: /home/vitor-otto/opensource/poi-tl-1.12.1/poi-tl-jsonmodel-support/src/test/java/com/deepoove/poi/jsonmodel/support/SerializableJsonTest.java linha: 112 Método: assertEquals(renderData2.getClass(), renderData.getClass())
Assert sem descrição: /home/vitor-otto/opensource/poi-tl-1.12.1/poi-tl-jsonmodel-support/src/test/java/com/deepoove/poi/jsonmodel/support/SerializableJsonTest.java linha: 114 Método: assertEquals(((TextRenderData) renderData2).getText(), ((TextRenderData) renderData).getText())
Assert sem descrição: /home/vitor-otto/opensource/poi-tl-1.12.1/poi-tl-jsonmodel-support/src/test/java/com/deepoove/poi/jsonmodel/support/SerializableJsonTest.java linha: 134 Método: assertArrayEquals(result.getFormats().toArray(), data.getFormats().toArray())
Assert sem descrição: /home/vitor-otto/opensource/poi-tl-1.12.1/poi-tl-jsonmodel-support/src/test/java/com/deepoove/poi/jsonmodel/support/SerializableJsonTest.java linha: 138 Método: assertEquals(resultTxt.getText(), dataTxt.getText())
Assert sem descrição: /home/vitor-otto/opensource/poi-tl-1.12.1/poi-tl-jsonmodel-support/src/test/java/com/deepoove/poi/jsonmodel/support/SerializableJsonTest.java linha: 140 Método: assertEquals(result.getItems().get(1).getItem().getParagraphStyle().getGlyphStyle().getColor(), data.getItems().get(1).getItem().getParagraphStyle().getGlyphStyle().getColor())
Assert sem descrição: /home/vitor-otto/opensource/poi-tl-1.12.1/poi-tl/src/test/java/com/deepoove/poi/tl/policy/PictureRenderTest.java linha: 76 Método: assertEquals(PictureType.SVG, PictureType.suggestFileType(ByteUtils.getLocalByteArray(new File("src/test/resources/picture/p.svg"))))
Assert sem descrição: /home/vitor-otto/opensource/poi-tl-1.12.1/poi-tl/src/test/java/com/deepoove/poi/tl/policy/PictureRenderTest.java linha: 78 Método: assertEquals(PictureType.GIF, PictureType.suggestFileType(ByteUtils.getLocalByteArray(new File("src/test/resources/picture/p.gif"))))
Assert sem descrição: /home/vitor-otto/opensource/poi-tl-1.12.1/poi-tl/src/test/java/com/deepoove/poi/tl/policy/PictureRenderTest.java linha: 80 Método: assertEquals(PictureType.PNG, PictureType.suggestFileType(ByteUtils.getLocalByteArray(new File("src/test/resources/picture/p.png"))))
Assert sem descrição: /home/vitor-otto/opensource/poi-tl-1.12.1/poi-tl/src/test/java/com/deepoove/poi/tl/policy/PictureRenderTest.java linha: 82 Método: assertEquals(PictureType.JPEG, PictureType.suggestFileType(ByteUtils.getLocalByteArray(new File("src/test/resources/picture/p.jpg"))))
Assert sem descrição: /home/vitor-otto/opensource/poi-tl-1.12.1/poi-tl/src/test/java/com/deepoove/poi/tl/policy/PictureRenderTest.java linha: 84 Método: assertEquals(PictureType.BMP, PictureType.suggestFileType(ByteUtils.getLocalByteArray(new File("src/test/resources/picture/p.bmp"))))
Assert sem descrição: /home/vitor-otto/opensource/poi-tl-1.12.1/poi-tl/src/test/java/com/deepoove/poi/tl/policy/PictureRenderTest.java linha: 86 Método: assertEquals(PictureType.TIFF, PictureType.suggestFileType(ByteUtils.getLocalByteArray(new File("src/test/resources/picture/p.tif"))))
Assert sem descrição: /home/vitor-otto/opensource/poi-tl-1.12.1/poi-tl/src/test/java/com/deepoove/poi/tl/policy/PictureRenderTest.java linha: 88 Método: assertEquals(PictureType.PNG, PictureType.suggestFileType(ByteUtils.getUrlByteArray("http://deepoove.com/images/icecream.png")))
Assert sem descrição: /home/vitor-otto/opensource/poi-tl-1.12.1/poi-tl/src/test/java/com/deepoove/poi/tl/policy/PictureRenderTest.java linha: 90 Método: assertEquals(PictureType.SVG, PictureType.suggestFileType(ByteUtils.getUrlByteArray("http://deepoove.com/images/%E8%8C%84%E5%AD%90.svg")))
Assert sem descrição: /home/vitor-otto/opensource/poi-tl-1.12.1/poi-tl/src/test/java/com/deepoove/poi/tl/config/ConfigureTest.java linha: 71 Método: assertTrue(ele instanceof RunTemplate)
Assert sem descrição: /home/vitor-otto/opensource/poi-tl-1.12.1/poi-tl/src/test/java/com/deepoove/poi/tl/config/ConfigureTest.java linha: 74 Método: assertTrue(runTempalte.findPolicy(template.getConfig()) instanceof TextRenderPolicy)
Assert sem descrição: /home/vitor-otto/opensource/poi-tl-1.12.1/poi-tl/src/test/java/com/deepoove/poi/tl/config/ConfigureTest.java linha: 77 Método: assertTrue(runTempalte.findPolicy(template.getConfig()) instanceof PictureRenderPolicy)
Assert sem descrição: /home/vitor-otto/opensource/poi-tl-1.12.1/poi-tl/src/test/java/com/deepoove/poi/tl/config/ConfigureTest.java linha: 80 Método: assertTrue(runTempalte.findPolicy(template.getConfig()) instanceof TextRenderPolicy)
Assert sem descrição: /home/vitor-otto/opensource/poi-tl-1.12.1/poi-tl/src/test/java/com/deepoove/poi/tl/config/ConfigureTest.java linha: 87 Método: assertEquals(renew.getElementTemplates().size(), 0)
Assert sem descrição: /home/vitor-otto/opensource/poi-tl-1.12.1/poi-tl/src/test/java/com/deepoove/poi/tl/config/ConfigureTest.java linha: 101 Método: assertEquals(renew.getElementTemplates().size(), 4)
Assert sem descrição: /home/vitor-otto/opensource/poi-tl-1.12.1/poi-tl/src/test/java/com/deepoove/poi/tl/config/ConfigureTest.java linha: 110 Método: assertThrows(RenderException.class, () -> XWPFTemplate.compile(resource, builder.build()).render(new HashMap<String, Object>()))
Assert sem descrição: /home/vitor-otto/opensource/poi-tl-1.12.1/poi-tl/src/test/java/com/deepoove/poi/tl/config/ConfigureTest.java linha: 120 Método: assertEquals(template.getElementTemplates().size(), 3)
Assert sem descrição: /home/vitor-otto/opensource/poi-tl-1.12.1/poi-tl/src/test/java/com/deepoove/poi/tl/config/ConfigureTest.java linha: 133 Método: assertEquals(template.getElementTemplates().size(), 5)
Assert sem descrição: /home/vitor-otto/opensource/poi-tl-1.12.1/poi-tl/src/test/java/com/deepoove/poi/tl/config/ConfigureTest.java linha: 154 Método: assertEquals(renew.getElementTemplates().size(), 0)
Assert sem descrição: /home/vitor-otto/opensource/poi-tl-1.12.1/poi-tl/src/test/java/com/deepoove/poi/tl/config/ConfigureTest.java linha: 170 Método: assertEquals(Arrays.toString(text.split(regexLine, -1)), "[hello, poi-tl]")
Assert sem descrição: /home/vitor-otto/opensource/poi-tl-1.12.1/poi-tl/src/test/java/com/deepoove/poi/tl/config/ConfigureTest.java linha: 171 Método: assertEquals(Arrays.toString(text1.split(regexLine, -1)), "[hello, , poi-tl]")
Assert sem descrição: /home/vitor-otto/opensource/poi-tl-1.12.1/poi-tl/src/test/java/com/deepoove/poi/tl/config/ConfigureTest.java linha: 172 Método: assertEquals(Arrays.toString(text2.split(regexLine, -1)), "[hello, , ]")
Assert sem descrição: /home/vitor-otto/opensource/poi-tl-1.12.1/poi-tl/src/test/java/com/deepoove/poi/tl/config/ConfigureTest.java linha: 173 Método: assertEquals(Arrays.toString(text3.split(regexLine, -1)), "[, , poi-tl]")
Assert sem descrição: /home/vitor-otto/opensource/poi-tl-1.12.1/poi-tl/src/test/java/com/deepoove/poi/tl/config/ConfigureTest.java linha: 174 Método: assertEquals(Arrays.toString(text4.split(regexLine, -1)), "[, , , , ]")
Assert sem descrição: /home/vitor-otto/opensource/poi-tl-1.12.1/poi-tl/src/test/java/com/deepoove/poi/tl/config/ConfigureTest.java linha: 175 Método: assertEquals(Arrays.toString(text5.split(regexLine, -1)), "[hi, , , , what, is, , , this]")
Assert sem descrição: /home/vitor-otto/opensource/poi-tl-1.12.1/poi-tl/src/test/java/com/deepoove/poi/tl/config/ConfigureTest.java linha: 176 Método: assertEquals(Arrays.toString(text7.split(regexLine, -1)), "[hi, , , , what, is, , this]")
Assert sem descrição: /home/vitor-otto/opensource/poi-tl-1.12.1/poi-tl/src/test/java/com/deepoove/poi/tl/config/RenderDataComputeFactoryTest.java linha: 30 Método: assertEquals("123", document.getParagraphArray(0).getText())
Assert sem descrição: /home/vitor-otto/opensource/poi-tl-1.12.1/poi-tl/src/test/java/com/deepoove/poi/tl/config/ConfigELTest.java linha: 61 Método: assertEquals(paragraph.getText(), "Sayi")
Assert sem descrição: /home/vitor-otto/opensource/poi-tl-1.12.1/poi-tl/src/test/java/com/deepoove/poi/tl/config/ConfigELTest.java linha: 63 Método: assertEquals(paragraph.getText(), "卅一")
Assert sem descrição: /home/vitor-otto/opensource/poi-tl-1.12.1/poi-tl/src/test/java/com/deepoove/poi/tl/config/ConfigELTest.java linha: 65 Método: assertNull(paragraph)
Assert sem descrição: /home/vitor-otto/opensource/poi-tl-1.12.1/poi-tl/src/test/java/com/deepoove/poi/tl/config/ConfigELTest.java linha: 67 Método: assertEquals(document.getAllPictures().size(), 1)
Assert sem descrição: /home/vitor-otto/opensource/poi-tl-1.12.1/poi-tl/src/test/java/com/deepoove/poi/tl/config/ConfigELTest.java linha: 68 Método: assertEquals(document.getTables().size(), 1)
Assert sem descrição: /home/vitor-otto/opensource/poi-tl-1.12.1/poi-tl/src/test/java/com/deepoove/poi/tl/config/ConfigELTest.java linha: 79 Método: assertThrows(RenderException.class, () -> template.render(model))
Assert sem descrição: /home/vitor-otto/opensource/poi-tl-1.12.1/poi-tl/src/test/java/com/deepoove/poi/tl/config/ConfigELTest.java linha: 80 Método: assertTrue(exception.getCause() instanceof ExpressionEvalException)
Assert sem descrição: /home/vitor-otto/opensource/poi-tl-1.12.1/poi-tl/src/test/java/com/deepoove/poi/tl/config/ConfigELTest.java linha: 91 Método: assertEquals(paragraph.getText(), "Sayi")
Assert sem descrição: /home/vitor-otto/opensource/poi-tl-1.12.1/poi-tl/src/test/java/com/deepoove/poi/tl/config/ConfigELTest.java linha: 93 Método: assertEquals(paragraph.getText(), "卅一")
Assert sem descrição: /home/vitor-otto/opensource/poi-tl-1.12.1/poi-tl/src/test/java/com/deepoove/poi/tl/config/ConfigELTest.java linha: 95 Método: assertEquals(paragraph.getText(), "2018-10-01")
Assert sem descrição: /home/vitor-otto/opensource/poi-tl-1.12.1/poi-tl/src/test/java/com/deepoove/poi/tl/config/ConfigELTest.java linha: 97 Método: assertEquals(paragraph.getText(), "http://www.deepoove.com")
Assert sem descrição: /home/vitor-otto/opensource/poi-tl-1.12.1/poi-tl/src/test/java/com/deepoove/poi/tl/config/ConfigELTest.java linha: 99 Método: assertEquals(document.getAllPictures().size(), 1)
Assert sem descrição: /home/vitor-otto/opensource/poi-tl-1.12.1/poi-tl/src/test/java/com/deepoove/poi/tl/config/ConfigELTest.java linha: 100 Método: assertEquals(document.getTables().size(), 1)
Assert sem descrição: /home/vitor-otto/opensource/poi-tl-1.12.1/poi-tl/src/test/java/com/deepoove/poi/tl/config/WritePluginTest.java linha: 117 Método: assertEquals(args.get("sea"), document.getParagraphArray(0).getText())
Assert sem descrição: /home/vitor-otto/opensource/poi-tl-1.12.1/poi-tl/src/test/java/com/deepoove/poi/tl/config/WritePluginTest.java linha: 118 Método: assertEquals(1, document.getAllPictures().size())
Assert sem descrição: /home/vitor-otto/opensource/poi-tl-1.12.1/poi-tl/src/test/java/com/deepoove/poi/tl/config/WritePluginTest.java linha: 119 Método: assertEquals("面朝大海春暖花开", document.getParagraphArray(2).getText())
Assert sem descrição: /home/vitor-otto/opensource/poi-tl-1.12.1/poi-tl/src/test/java/com/deepoove/poi/tl/config/WritePluginTest.java linha: 120 Método: assertTrue(null != document.getParagraphArray(2).getNumID())
Assert sem descrição: /home/vitor-otto/opensource/poi-tl-1.12.1/poi-tl/src/test/java/com/deepoove/poi/tl/config/WritePluginTest.java linha: 121 Método: assertEquals("今朝有酒今朝醉", document.getParagraphArray(3).getText())
Assert sem descrição: /home/vitor-otto/opensource/poi-tl-1.12.1/poi-tl/src/test/java/com/deepoove/poi/tl/config/WritePluginTest.java linha: 122 Método: assertTrue(null != document.getParagraphArray(3).getNumID())
Assert sem descrição: /home/vitor-otto/opensource/poi-tl-1.12.1/poi-tl/src/test/java/com/deepoove/poi/tl/config/WritePluginTest.java linha: 123 Método: assertEquals(document.getParagraphArray(2).getNumID(), document.getParagraphArray(3).getNumID())
Assert sem descrição: /home/vitor-otto/opensource/poi-tl-1.12.1/poi-tl/src/test/java/com/deepoove/poi/tl/config/WritePluginTest.java linha: 125 Método: assertEquals("日落：日落山花红四海", document.getTables().get(0).getRow(1).getCell(1).getText())
Assert sem descrição: /home/vitor-otto/opensource/poi-tl-1.12.1/poi-tl/src/test/java/com/deepoove/poi/tl/config/ElementTemplateFactoryTest.java linha: 48 Método: assertEquals("123", document.getParagraphArray(0).getText())
Assert sem descrição: /home/vitor-otto/opensource/poi-tl-1.12.1/poi-tl/src/test/java/com/deepoove/poi/tl/config/SpELTest.java linha: 71 Método: assertEquals(spelForMap.compute("['name']"), "Sayi")
Assert sem descrição: /home/vitor-otto/opensource/poi-tl-1.12.1/poi-tl/src/test/java/com/deepoove/poi/tl/config/SpELTest.java linha: 72 Método: assertEquals(spelForMap.compute("['data']['hello']"), "poi-tl")
Assert sem descrição: /home/vitor-otto/opensource/poi-tl-1.12.1/poi-tl/src/test/java/com/deepoove/poi/tl/config/SpELTest.java linha: 74 Método: assertEquals(spelForMap.compute("name"), "Sayi")
Assert sem descrição: /home/vitor-otto/opensource/poi-tl-1.12.1/poi-tl/src/test/java/com/deepoove/poi/tl/config/SpELTest.java linha: 75 Método: assertEquals(spelForMap.compute("data.hello"), "poi-tl")
Assert sem descrição: /home/vitor-otto/opensource/poi-tl-1.12.1/poi-tl/src/test/java/com/deepoove/poi/tl/config/SpELTest.java linha: 77 Método: assertEquals(spelForMap.compute("localDate.format(T(java.time.format.DateTimeFormatter).ofPattern('yyyy年MM月dd日'))"), "2021年03月08日")
Assert sem descrição: /home/vitor-otto/opensource/poi-tl-1.12.1/poi-tl/src/test/java/com/deepoove/poi/tl/config/SpELTest.java linha: 81 Método: assertEquals(spelForBean.compute("name"), "poi-tl")
Assert sem descrição: /home/vitor-otto/opensource/poi-tl-1.12.1/poi-tl/src/test/java/com/deepoove/poi/tl/config/SpELTest.java linha: 82 Método: assertEquals(spelForBean.compute("name == 'poi-tl'"), true)
Assert sem descrição: /home/vitor-otto/opensource/poi-tl-1.12.1/poi-tl/src/test/java/com/deepoove/poi/tl/config/SpELTest.java linha: 84 Método: assertEquals(spelForBean.compute("name.toUpperCase()"), "POI-TL")
Assert sem descrição: /home/vitor-otto/opensource/poi-tl-1.12.1/poi-tl/src/test/java/com/deepoove/poi/tl/config/SpELTest.java linha: 86 Método: assertEquals(spelForBean.compute("empty?:'这个字段为空'"), "这个字段为空")
Assert sem descrição: /home/vitor-otto/opensource/poi-tl-1.12.1/poi-tl/src/test/java/com/deepoove/poi/tl/config/SpELTest.java linha: 88 Método: assertEquals(spelForBean.compute("sex ? '男' : '女'"), "男")
Assert sem descrição: /home/vitor-otto/opensource/poi-tl-1.12.1/poi-tl/src/test/java/com/deepoove/poi/tl/config/SpELTest.java linha: 90 Método: assertEquals(spelForBean.compute("new java.text.SimpleDateFormat('yyyy-MM-dd HH:mm:ss').format(time)"), "2019-05-20 22:14:10")
Assert sem descrição: /home/vitor-otto/opensource/poi-tl-1.12.1/poi-tl/src/test/java/com/deepoove/poi/tl/config/SpELTest.java linha: 92 Método: assertEquals(spelForBean.compute("new java.text.SimpleDateFormat('yyyy-MM-dd hh:mm').format(time)"), "2019-05-20 10:14")
Assert sem descrição: /home/vitor-otto/opensource/poi-tl-1.12.1/poi-tl/src/test/java/com/deepoove/poi/tl/config/SpELTest.java linha: 96 Método: assertEquals(spelForBean.compute("price"), 88880000L)
Assert sem descrição: /home/vitor-otto/opensource/poi-tl-1.12.1/poi-tl/src/test/java/com/deepoove/poi/tl/config/SpELTest.java linha: 97 Método: assertEquals(spelForBean.compute("price + '元'"), "88880000元")
Assert sem descrição: /home/vitor-otto/opensource/poi-tl-1.12.1/poi-tl/src/test/java/com/deepoove/poi/tl/config/SpELTest.java linha: 98 Método: assertEquals(spelForBean.compute("price + '元' == '88880000元'"), true)
Assert sem descrição: /home/vitor-otto/opensource/poi-tl-1.12.1/poi-tl/src/test/java/com/deepoove/poi/tl/config/SpELTest.java linha: 99 Método: assertEquals(spelForBean.compute("price/1000 + '千元'"), "88880千元")
Assert sem descrição: /home/vitor-otto/opensource/poi-tl-1.12.1/poi-tl/src/test/java/com/deepoove/poi/tl/config/SpELTest.java linha: 100 Método: assertEquals(spelForBean.compute("price/10000 + '万元'"), "8888万元")
Assert sem descrição: /home/vitor-otto/opensource/poi-tl-1.12.1/poi-tl/src/test/java/com/deepoove/poi/tl/config/SpELTest.java linha: 103 Método: assertEquals(spelForBean.compute("dogs[0].name"), "阿黄")
Assert sem descrição: /home/vitor-otto/opensource/poi-tl-1.12.1/poi-tl/src/test/java/com/deepoove/poi/tl/config/SpELTest.java linha: 104 Método: assertEquals(spelForBean.compute("dogs[1].age"), 6)
Assert sem descrição: /home/vitor-otto/opensource/poi-tl-1.12.1/poi-tl/src/test/java/com/deepoove/poi/tl/config/SpELTest.java linha: 105 Método: assertEquals(spelForBean.compute("dogs[2].name"), "阿蓝")
Assert sem descrição: /home/vitor-otto/opensource/poi-tl-1.12.1/poi-tl/src/test/java/com/deepoove/poi/tl/config/SpELTest.java linha: 106 Método: assertEquals(spelForBean.compute("dogsArr[2].name"), "阿蓝")
Assert sem descrição: /home/vitor-otto/opensource/poi-tl-1.12.1/poi-tl/src/test/java/com/deepoove/poi/tl/config/SpELTest.java linha: 109 Método: assertEquals(spelForBean.compute("data['hello']"), "poi-tl")
Assert sem descrição: /home/vitor-otto/opensource/poi-tl-1.12.1/poi-tl/src/test/java/com/deepoove/poi/tl/config/SpELTest.java linha: 112 Método: assertEquals(spelForFunction.compute("#substringStaticMethod('spElFunction', 2)"), "ElFunction")
Assert sem descrição: /home/vitor-otto/opensource/poi-tl-1.12.1/poi-tl/src/test/java/com/deepoove/poi/tl/config/SpELTest.java linha: 123 Método: assertEquals(paragraph.getText(), "poi-tl")
Assert sem descrição: /home/vitor-otto/opensource/poi-tl-1.12.1/poi-tl/src/test/java/com/deepoove/poi/tl/config/SpELTest.java linha: 125 Método: assertEquals(paragraph.getText(), "lowCase:poi-tlUpcase:POI-TL")
Assert sem descrição: /home/vitor-otto/opensource/poi-tl-1.12.1/poi-tl/src/test/java/com/deepoove/poi/tl/config/SpELTest.java linha: 127 Método: assertEquals(paragraph.getText(), "这个字段为空")
Assert sem descrição: /home/vitor-otto/opensource/poi-tl-1.12.1/poi-tl/src/test/java/com/deepoove/poi/tl/config/SpELTest.java linha: 129 Método: assertEquals(paragraph.getText(), "男")
Assert sem descrição: /home/vitor-otto/opensource/poi-tl-1.12.1/poi-tl/src/test/java/com/deepoove/poi/tl/config/SpELTest.java linha: 131 Método: assertEquals(paragraph.getText(), "2019-05-20 22:14:10")
Assert sem descrição: /home/vitor-otto/opensource/poi-tl-1.12.1/poi-tl/src/test/java/com/deepoove/poi/tl/config/SpELTest.java linha: 133 Método: assertEquals(paragraph.getText(), "2019-05-20 10:14")
Assert sem descrição: /home/vitor-otto/opensource/poi-tl-1.12.1/poi-tl/src/test/java/com/deepoove/poi/tl/config/SpELTest.java linha: 135 Método: assertEquals(paragraph.getText(), "88880000")
Assert sem descrição: /home/vitor-otto/opensource/poi-tl-1.12.1/poi-tl/src/test/java/com/deepoove/poi/tl/config/SpELTest.java linha: 137 Método: assertEquals(paragraph.getText(), "8888万元")
Assert sem descrição: /home/vitor-otto/opensource/poi-tl-1.12.1/poi-tl/src/test/java/com/deepoove/poi/tl/config/SpELTest.java linha: 139 Método: assertEquals(paragraph.getText(), "阿黄")
Assert sem descrição: /home/vitor-otto/opensource/poi-tl-1.12.1/poi-tl/src/test/java/com/deepoove/poi/tl/config/SpELTest.java linha: 141 Método: assertEquals(paragraph.getText(), "6")
Assert sem descrição: /home/vitor-otto/opensource/poi-tl-1.12.1/poi-tl/src/test/java/com/deepoove/poi/tl/config/SpELTest.java linha: 143 Método: assertEquals(paragraph.getText(), "阿蓝")
Assert sem descrição: /home/vitor-otto/opensource/poi-tl-1.12.1/poi-tl/src/test/java/com/deepoove/poi/tl/config/SpELTest.java linha: 145 Método: assertEquals(paragraph.getText(), "ElFunction")
Assert sem descrição: /home/vitor-otto/opensource/poi-tl-1.12.1/poi-tl/src/test/java/com/deepoove/poi/tl/config/ConfigureBuilderTest.java linha: 24 Método: assertEquals(Configure.DEFAULT_GRAMER_REGEX, config.getGrammerRegex())
Assert sem descrição: /home/vitor-otto/opensource/poi-tl-1.12.1/poi-tl/src/test/java/com/deepoove/poi/tl/config/ConfigureBuilderTest.java linha: 27 Método: assertNotEquals(Configure.DEFAULT_GRAMER_REGEX, config.getGrammerRegex())
Assert sem descrição: /home/vitor-otto/opensource/poi-tl-1.12.1/poi-tl/src/test/java/com/deepoove/poi/tl/resolver/GramerRegexTest.java linha: 28 Método: assertFalse(pattern.matcher("abc-123").matches())
Assert sem descrição: /home/vitor-otto/opensource/poi-tl-1.12.1/poi-tl/src/test/java/com/deepoove/poi/tl/resolver/GramerRegexTest.java linha: 29 Método: assertFalse(pattern.matcher("##this").matches())
Assert sem descrição: /home/vitor-otto/opensource/poi-tl-1.12.1/poi-tl/src/test/java/com/deepoove/poi/tl/resolver/GramerRegexTest.java linha: 30 Método: assertFalse(pattern.matcher("#.").matches())
Assert sem descrição: /home/vitor-otto/opensource/poi-tl-1.12.1/poi-tl/src/test/java/com/deepoove/poi/tl/resolver/GramerRegexTest.java linha: 31 Método: assertFalse(pattern.matcher("#.a").matches())
Assert sem descrição: /home/vitor-otto/opensource/poi-tl-1.12.1/poi-tl/src/test/java/com/deepoove/poi/tl/resolver/GramerRegexTest.java linha: 32 Método: assertTrue(pattern.matcher("#23.a").matches())
Assert sem descrição: /home/vitor-otto/opensource/poi-tl-1.12.1/poi-tl/src/test/java/com/deepoove/poi/tl/resolver/GramerRegexTest.java linha: 52 Método: assertTrue(pattern.matcher("123").matches())
Assert sem descrição: /home/vitor-otto/opensource/poi-tl-1.12.1/poi-tl/src/test/java/com/deepoove/poi/tl/resolver/GramerRegexTest.java linha: 53 Método: assertTrue(pattern.matcher("ABC").matches())
Assert sem descrição: /home/vitor-otto/opensource/poi-tl-1.12.1/poi-tl/src/test/java/com/deepoove/poi/tl/resolver/GramerRegexTest.java linha: 54 Método: assertTrue(pattern.matcher("abc123").matches())
Assert sem descrição: /home/vitor-otto/opensource/poi-tl-1.12.1/poi-tl/src/test/java/com/deepoove/poi/tl/resolver/GramerRegexTest.java linha: 55 Método: assertTrue(pattern.matcher("_123abc").matches())
Assert sem descrição: /home/vitor-otto/opensource/poi-tl-1.12.1/poi-tl/src/test/java/com/deepoove/poi/tl/resolver/GramerRegexTest.java linha: 56 Método: assertTrue(pattern.matcher("abc_123").matches())
Assert sem descrição: /home/vitor-otto/opensource/poi-tl-1.12.1/poi-tl/src/test/java/com/deepoove/poi/tl/resolver/GramerRegexTest.java linha: 57 Método: assertTrue(pattern.matcher("好123").matches())
Assert sem descrição: /home/vitor-otto/opensource/poi-tl-1.12.1/poi-tl/src/test/java/com/deepoove/poi/tl/resolver/GramerRegexTest.java linha: 58 Método: assertTrue(pattern.matcher("你好").matches())
Assert sem descrição: /home/vitor-otto/opensource/poi-tl-1.12.1/poi-tl/src/test/java/com/deepoove/poi/tl/resolver/GramerRegexTest.java linha: 59 Método: assertTrue(pattern.matcher("123好_好abc").matches())
Assert sem descrição: /home/vitor-otto/opensource/poi-tl-1.12.1/poi-tl/src/test/java/com/deepoove/poi/tl/resolver/GramerRegexTest.java linha: 60 Método: assertTrue(pattern.matcher("abc.123").matches())
Assert sem descrição: /home/vitor-otto/opensource/poi-tl-1.12.1/poi-tl/src/test/java/com/deepoove/poi/tl/resolver/GramerRegexTest.java linha: 62 Método: assertTrue(pattern.matcher("").matches())
Assert sem descrição: /home/vitor-otto/opensource/poi-tl-1.12.1/poi-tl/src/test/java/com/deepoove/poi/tl/resolver/GramerRegexTest.java linha: 63 Método: assertTrue(pattern.matcher("abc.123").matches())
Assert sem descrição: /home/vitor-otto/opensource/poi-tl-1.12.1/poi-tl/src/test/java/com/deepoove/poi/tl/resolver/GramerRegexTest.java linha: 65 Método: assertTrue(pattern.matcher("abc.123.123").matches())
Assert sem descrição: /home/vitor-otto/opensource/poi-tl-1.12.1/poi-tl/src/test/java/com/deepoove/poi/tl/resolver/GramerRegexTest.java linha: 66 Método: assertTrue(pattern.matcher("abc.好.123").matches())
Assert sem descrição: /home/vitor-otto/opensource/poi-tl-1.12.1/poi-tl/src/test/java/com/deepoove/poi/tl/resolver/GramerRegexTest.java linha: 67 Método: assertTrue(pattern.matcher("abc.好123").matches())
Assert sem descrição: /home/vitor-otto/opensource/poi-tl-1.12.1/poi-tl/src/test/java/com/deepoove/poi/tl/resolver/GramerRegexTest.java linha: 68 Método: assertTrue(pattern.matcher("好.123").matches())
Assert sem descrição: /home/vitor-otto/opensource/poi-tl-1.12.1/poi-tl/src/test/java/com/deepoove/poi/tl/resolver/GramerRegexTest.java linha: 69 Método: assertTrue(pattern.matcher("好.123.好").matches())
Assert sem descrição: /home/vitor-otto/opensource/poi-tl-1.12.1/poi-tl/src/test/java/com/deepoove/poi/tl/resolver/GramerRegexTest.java linha: 71 Método: assertTrue(pattern.matcher("#this").matches())
Assert sem descrição: /home/vitor-otto/opensource/poi-tl-1.12.1/poi-tl/src/test/java/com/deepoove/poi/tl/resolver/GramerRegexTest.java linha: 75 Método: assertFalse(pattern.matcher("好..123").matches())
Assert sem descrição: /home/vitor-otto/opensource/poi-tl-1.12.1/poi-tl/src/test/java/com/deepoove/poi/tl/resolver/GramerRegexTest.java linha: 76 Método: assertFalse(pattern.matcher("abc..123").matches())
Assert sem descrição: /home/vitor-otto/opensource/poi-tl-1.12.1/poi-tl/src/test/java/com/deepoove/poi/tl/resolver/GramerRegexTest.java linha: 77 Método: assertFalse(pattern.matcher("abc23.").matches())
Assert sem descrição: /home/vitor-otto/opensource/poi-tl-1.12.1/poi-tl/src/test/java/com/deepoove/poi/tl/resolver/GramerRegexTest.java linha: 78 Método: assertFalse(pattern.matcher("好123.").matches())
Assert sem descrição: /home/vitor-otto/opensource/poi-tl-1.12.1/poi-tl/src/test/java/com/deepoove/poi/tl/resolver/GramerRegexTest.java linha: 79 Método: assertFalse(pattern.matcher(".好123").matches())
Assert sem descrição: /home/vitor-otto/opensource/poi-tl-1.12.1/poi-tl/src/test/java/com/deepoove/poi/tl/resolver/GramerRegexTest.java linha: 93 Método: assertEquals(matcher.start(), "lowCase:".length())
Assert sem descrição: /home/vitor-otto/opensource/poi-tl-1.12.1/poi-tl/src/test/java/com/deepoove/poi/tl/resolver/GramerRegexTest.java linha: 94 Método: assertEquals(matcher.group(), "{{name}}")
Assert sem descrição: /home/vitor-otto/opensource/poi-tl-1.12.1/poi-tl/src/test/java/com/deepoove/poi/tl/resolver/GramerRegexTest.java linha: 95 Método: assertEquals(matcher.end(), "lowCase:{{name}}".length())
Assert sem descrição: /home/vitor-otto/opensource/poi-tl-1.12.1/poi-tl/src/test/java/com/deepoove/poi/tl/resolver/GramerRegexTest.java linha: 98 Método: assertEquals(matcher.start(), "lowCase:{{name}}Upcase:".length())
Assert sem descrição: /home/vitor-otto/opensource/poi-tl-1.12.1/poi-tl/src/test/java/com/deepoove/poi/tl/resolver/GramerRegexTest.java linha: 99 Método: assertEquals(matcher.group(), "{{name.toUpperCase()}}")
Assert sem descrição: /home/vitor-otto/opensource/poi-tl-1.12.1/poi-tl/src/test/java/com/deepoove/poi/tl/resolver/GramerRegexTest.java linha: 100 Método: assertEquals(matcher.end(), "lowCase:{{name}}Upcase:{{name.toUpperCase()}}".length())
Assert sem descrição: /home/vitor-otto/opensource/poi-tl-1.12.1/poi-tl/src/test/java/com/deepoove/poi/tl/resolver/GramerRegexTest.java linha: 101 Método: assertFalse(matcher.find())
Assert sem descrição: /home/vitor-otto/opensource/poi-tl-1.12.1/poi-tl/src/test/java/com/deepoove/poi/tl/resolver/GramerRegexTest.java linha: 106 Método: assertEquals(matcher.start(), "lowCase:{{nameUpcase:".length())
Assert sem descrição: /home/vitor-otto/opensource/poi-tl-1.12.1/poi-tl/src/test/java/com/deepoove/poi/tl/resolver/GramerRegexTest.java linha: 107 Método: assertEquals(matcher.group(), "{{name.toUpperCase()}}")
Assert sem descrição: /home/vitor-otto/opensource/poi-tl-1.12.1/poi-tl/src/test/java/com/deepoove/poi/tl/resolver/GramerRegexTest.java linha: 108 Método: assertEquals(matcher.end(), "lowCase:{{nameUpcase:{{name.toUpperCase()}}".length())
Assert sem descrição: /home/vitor-otto/opensource/poi-tl-1.12.1/poi-tl/src/test/java/com/deepoove/poi/tl/resolver/GramerRegexTest.java linha: 109 Método: assertFalse(matcher.find())
Assert sem descrição: /home/vitor-otto/opensource/poi-tl-1.12.1/poi-tl/src/test/java/com/deepoove/poi/tl/resolver/GramerRegexTest.java linha: 114 Método: assertEquals(matcher.start(), "lowCase:".length())
Assert sem descrição: /home/vitor-otto/opensource/poi-tl-1.12.1/poi-tl/src/test/java/com/deepoove/poi/tl/resolver/GramerRegexTest.java linha: 115 Método: assertEquals(matcher.group(), "{{name}}")
Assert sem descrição: /home/vitor-otto/opensource/poi-tl-1.12.1/poi-tl/src/test/java/com/deepoove/poi/tl/resolver/GramerRegexTest.java linha: 116 Método: assertEquals(matcher.end(), "lowCase:{{name}}".length())
Assert sem descrição: /home/vitor-otto/opensource/poi-tl-1.12.1/poi-tl/src/test/java/com/deepoove/poi/tl/resolver/GramerRegexTest.java linha: 118 Método: assertFalse(matcher.find())
Assert sem descrição: /home/vitor-otto/opensource/poi-tl-1.12.1/poi-tl/src/test/java/com/deepoove/poi/tl/resolver/GramerRegexTest.java linha: 123 Método: assertEquals(matcher.start(), "lowCase:".length())
Assert sem descrição: /home/vitor-otto/opensource/poi-tl-1.12.1/poi-tl/src/test/java/com/deepoove/poi/tl/resolver/GramerRegexTest.java linha: 124 Método: assertEquals(matcher.group(), "{{/}}")
Assert sem descrição: /home/vitor-otto/opensource/poi-tl-1.12.1/poi-tl/src/test/java/com/deepoove/poi/tl/resolver/GramerRegexTest.java linha: 125 Método: assertEquals(matcher.end(), "lowCase:{{/}}".length())
Assert sem descrição: /home/vitor-otto/opensource/poi-tl-1.12.1/poi-tl/src/test/java/com/deepoove/poi/tl/resolver/GramerRegexTest.java linha: 127 Método: assertFalse(matcher.find())
Assert sem descrição: /home/vitor-otto/opensource/poi-tl-1.12.1/poi-tl/src/test/java/com/deepoove/poi/tl/resolver/GramerRegexTest.java linha: 142 Método: assertEquals(matcher.start(), "lowCase:".length())
Assert sem descrição: /home/vitor-otto/opensource/poi-tl-1.12.1/poi-tl/src/test/java/com/deepoove/poi/tl/resolver/GramerRegexTest.java linha: 143 Método: assertEquals(matcher.group(), "${name}")
Assert sem descrição: /home/vitor-otto/opensource/poi-tl-1.12.1/poi-tl/src/test/java/com/deepoove/poi/tl/resolver/GramerRegexTest.java linha: 144 Método: assertEquals(matcher.end(), "lowCase:${name}".length())
Assert sem descrição: /home/vitor-otto/opensource/poi-tl-1.12.1/poi-tl/src/test/java/com/deepoove/poi/tl/resolver/GramerRegexTest.java linha: 147 Método: assertEquals(matcher.start(), "lowCase:${name}Upcase:".length())
Assert sem descrição: /home/vitor-otto/opensource/poi-tl-1.12.1/poi-tl/src/test/java/com/deepoove/poi/tl/resolver/GramerRegexTest.java linha: 148 Método: assertEquals(matcher.group(), "${name.toUpperCase()}")
Assert sem descrição: /home/vitor-otto/opensource/poi-tl-1.12.1/poi-tl/src/test/java/com/deepoove/poi/tl/resolver/GramerRegexTest.java linha: 149 Método: assertEquals(matcher.end(), "lowCase:${name}Upcase:${name.toUpperCase()}".length())
Assert sem descrição: /home/vitor-otto/opensource/poi-tl-1.12.1/poi-tl/src/test/java/com/deepoove/poi/tl/resolver/GramerRegexTest.java linha: 150 Método: assertFalse(matcher.find())
Assert sem descrição: /home/vitor-otto/opensource/poi-tl-1.12.1/poi-tl/src/test/java/com/deepoove/poi/tl/resolver/GramerRegexTest.java linha: 155 Método: assertEquals(matcher.start(), "lowCase:${nameUpcase:".length())
Assert sem descrição: /home/vitor-otto/opensource/poi-tl-1.12.1/poi-tl/src/test/java/com/deepoove/poi/tl/resolver/GramerRegexTest.java linha: 156 Método: assertEquals(matcher.group(), "${name.toUpperCase()}")
Assert sem descrição: /home/vitor-otto/opensource/poi-tl-1.12.1/poi-tl/src/test/java/com/deepoove/poi/tl/resolver/GramerRegexTest.java linha: 157 Método: assertEquals(matcher.end(), "lowCase:${nameUpcase:${name.toUpperCase()}".length())
Assert sem descrição: /home/vitor-otto/opensource/poi-tl-1.12.1/poi-tl/src/test/java/com/deepoove/poi/tl/resolver/GramerRegexTest.java linha: 158 Método: assertFalse(matcher.find())
Assert sem descrição: /home/vitor-otto/opensource/poi-tl-1.12.1/poi-tl/src/test/java/com/deepoove/poi/tl/resolver/GramerRegexTest.java linha: 163 Método: assertEquals(matcher.start(), "lowCase:".length())
Assert sem descrição: /home/vitor-otto/opensource/poi-tl-1.12.1/poi-tl/src/test/java/com/deepoove/poi/tl/resolver/GramerRegexTest.java linha: 164 Método: assertEquals(matcher.group(), "${name}")
Assert sem descrição: /home/vitor-otto/opensource/poi-tl-1.12.1/poi-tl/src/test/java/com/deepoove/poi/tl/resolver/GramerRegexTest.java linha: 165 Método: assertEquals(matcher.end(), "lowCase:${name}".length())
Assert sem descrição: /home/vitor-otto/opensource/poi-tl-1.12.1/poi-tl/src/test/java/com/deepoove/poi/tl/resolver/GramerRegexTest.java linha: 167 Método: assertFalse(matcher.find())
Assert sem descrição: /home/vitor-otto/opensource/poi-tl-1.12.1/poi-tl/src/test/java/com/deepoove/poi/tl/resolver/DefaultRunTemplateFactoryTest.java linha: 36 Método: assertEquals(tag, "/")
Assert sem descrição: /home/vitor-otto/opensource/poi-tl-1.12.1/poi-tl/src/test/java/com/deepoove/poi/tl/resolver/DefaultRunTemplateFactoryTest.java linha: 37 Método: assertEquals(template.toString(), text)
Assert sem descrição: /home/vitor-otto/opensource/poi-tl-1.12.1/poi-tl/src/test/java/com/deepoove/poi/tl/resolver/DefaultRunTemplateFactoryTest.java linha: 38 Método: assertEquals(template.getTagName(), "")
Assert sem descrição: /home/vitor-otto/opensource/poi-tl-1.12.1/poi-tl/src/test/java/com/deepoove/poi/tl/resolver/DefaultRunTemplateFactoryTest.java linha: 45 Método: assertEquals(tag, "")
Assert sem descrição: /home/vitor-otto/opensource/poi-tl-1.12.1/poi-tl/src/test/java/com/deepoove/poi/tl/resolver/DefaultRunTemplateFactoryTest.java linha: 46 Método: assertEquals(template.toString(), text)
Assert sem descrição: /home/vitor-otto/opensource/poi-tl-1.12.1/poi-tl/src/test/java/com/deepoove/poi/tl/resolver/DefaultRunTemplateFactoryTest.java linha: 47 Método: assertEquals(template.getTagName(), "")
Assert sem descrição: /home/vitor-otto/opensource/poi-tl-1.12.1/poi-tl/src/test/java/com/deepoove/poi/tl/resolver/DefaultRunTemplateFactoryTest.java linha: 54 Método: assertEquals(tag, "name")
Assert sem descrição: /home/vitor-otto/opensource/poi-tl-1.12.1/poi-tl/src/test/java/com/deepoove/poi/tl/resolver/DefaultRunTemplateFactoryTest.java linha: 55 Método: assertEquals(template.toString(), text)
Assert sem descrição: /home/vitor-otto/opensource/poi-tl-1.12.1/poi-tl/src/test/java/com/deepoove/poi/tl/resolver/DefaultRunTemplateFactoryTest.java linha: 56 Método: assertEquals(template.getTagName(), "name")
Assert sem descrição: /home/vitor-otto/opensource/poi-tl-1.12.1/poi-tl/src/test/java/com/deepoove/poi/tl/resolver/DefaultRunTemplateFactoryTest.java linha: 63 Método: assertEquals(tag, "?name")
Assert sem descrição: /home/vitor-otto/opensource/poi-tl-1.12.1/poi-tl/src/test/java/com/deepoove/poi/tl/resolver/DefaultRunTemplateFactoryTest.java linha: 64 Método: assertEquals(template.toString(), text)
Assert sem descrição: /home/vitor-otto/opensource/poi-tl-1.12.1/poi-tl/src/test/java/com/deepoove/poi/tl/resolver/DefaultRunTemplateFactoryTest.java linha: 65 Método: assertEquals(template.getTagName(), "name")
Assert sem descrição: /home/vitor-otto/opensource/poi-tl-1.12.1/poi-tl/src/test/java/com/deepoove/poi/tl/resolver/IterableTemplateResolverTest.java linha: 35 Método: assertTrue(elementTemplates.get(0) instanceof InlineIterableTemplate)
Assert sem descrição: /home/vitor-otto/opensource/poi-tl-1.12.1/poi-tl/src/test/java/com/deepoove/poi/tl/resolver/IterableTemplateResolverTest.java linha: 36 Método: assertEquals(elementTemplates.get(0).variable(), "{{?isShowTitle}}")
Assert sem descrição: /home/vitor-otto/opensource/poi-tl-1.12.1/poi-tl/src/test/java/com/deepoove/poi/tl/resolver/IterableTemplateResolverTest.java linha: 37 Método: assertEquals(((IterableTemplate) elementTemplates.get(0)).getTemplates().get(0).variable(), "{{title}}")
Assert sem descrição: /home/vitor-otto/opensource/poi-tl-1.12.1/poi-tl/src/test/java/com/deepoove/poi/tl/resolver/IterableTemplateResolverTest.java linha: 39 Método: assertTrue(elementTemplates.get(1) instanceof IterableTemplate)
Assert sem descrição: /home/vitor-otto/opensource/poi-tl-1.12.1/poi-tl/src/test/java/com/deepoove/poi/tl/resolver/IterableTemplateResolverTest.java linha: 41 Método: assertEquals(iterable.variable(), "{{?showUser}}")
Assert sem descrição: /home/vitor-otto/opensource/poi-tl-1.12.1/poi-tl/src/test/java/com/deepoove/poi/tl/resolver/IterableTemplateResolverTest.java linha: 44 Método: assertTrue(iterableTemplates.get(0) instanceof RunTemplate)
Assert sem descrição: /home/vitor-otto/opensource/poi-tl-1.12.1/poi-tl/src/test/java/com/deepoove/poi/tl/resolver/IterableTemplateResolverTest.java linha: 45 Método: assertEquals(iterableTemplates.get(0).variable(), "{{user}}")
Assert sem descrição: /home/vitor-otto/opensource/poi-tl-1.12.1/poi-tl/src/test/java/com/deepoove/poi/tl/resolver/IterableTemplateResolverTest.java linha: 47 Método: assertTrue(iterableTemplates.get(1) instanceof InlineIterableTemplate)
Assert sem descrição: /home/vitor-otto/opensource/poi-tl-1.12.1/poi-tl/src/test/java/com/deepoove/poi/tl/resolver/IterableTemplateResolverTest.java linha: 48 Método: assertEquals(iterableTemplates.get(1).variable(), "{{?showDate}}")
Assert sem descrição: /home/vitor-otto/opensource/poi-tl-1.12.1/poi-tl/src/test/java/com/deepoove/poi/tl/resolver/IterableTemplateResolverTest.java linha: 49 Método: assertEquals(((IterableTemplate) iterableTemplates.get(1)).getTemplates().get(0).variable(), "{{date}}")
Assert sem descrição: /home/vitor-otto/opensource/poi-tl-1.12.1/poi-tl/src/test/java/com/deepoove/poi/tl/resolver/IterableTemplateResolverTest.java linha: 51 Método: assertTrue(iterableTemplates.get(2) instanceof IterableTemplate)
Assert sem descrição: /home/vitor-otto/opensource/poi-tl-1.12.1/poi-tl/src/test/java/com/deepoove/poi/tl/resolver/IterableTemplateResolverTest.java linha: 52 Método: assertEquals(iterableTemplates.get(2).variable(), "{{?showDate}}")
Assert sem descrição: /home/vitor-otto/opensource/poi-tl-1.12.1/poi-tl/src/test/java/com/deepoove/poi/tl/resolver/IterableTemplateResolverTest.java linha: 53 Método: assertEquals(((IterableTemplate) iterableTemplates.get(2)).getTemplates().get(0).variable(), "{{date}}")
Assert sem descrição: /home/vitor-otto/opensource/poi-tl-1.12.1/poi-tl/src/test/java/com/deepoove/poi/tl/resolver/IterableTemplateResolverTest.java linha: 55 Método: assertTrue(iterableTemplates.get(3) instanceof InlineIterableTemplate)
Assert sem descrição: /home/vitor-otto/opensource/poi-tl-1.12.1/poi-tl/src/test/java/com/deepoove/poi/tl/resolver/IterableTemplateResolverTest.java linha: 56 Método: assertEquals(iterableTemplates.get(3).variable(), "{{?showDate}}")
Assert sem descrição: /home/vitor-otto/opensource/poi-tl-1.12.1/poi-tl/src/test/java/com/deepoove/poi/tl/resolver/IterableTemplateResolverTest.java linha: 57 Método: assertEquals(((IterableTemplate) iterableTemplates.get(3)).getTemplates().get(0).variable(), "{{date}}")
Assert sem descrição: /home/vitor-otto/opensource/poi-tl-1.12.1/poi-tl/src/test/java/com/deepoove/poi/tl/resolver/RunningRunBodyTest.java linha: 32 Método: assertEquals(elementTemplates.size(), 22)
Assert sem descrição: /home/vitor-otto/opensource/poi-tl-1.12.1/poi-tl/src/test/java/com/deepoove/poi/tl/resolver/RunningRunBodyTest.java linha: 35 Método: assertEquals(elementTemplates.get(i++).variable(), "{{@icon}}")
Assert sem descrição: /home/vitor-otto/opensource/poi-tl-1.12.1/poi-tl/src/test/java/com/deepoove/poi/tl/resolver/RunningRunBodyTest.java linha: 36 Método: assertEquals(elementTemplates.get(i++).variable(), "{{author}}")
Assert sem descrição: /home/vitor-otto/opensource/poi-tl-1.12.1/poi-tl/src/test/java/com/deepoove/poi/tl/resolver/RunningRunBodyTest.java linha: 37 Método: assertEquals(elementTemplates.get(i++).variable(), "{{date}}")
Assert sem descrição: /home/vitor-otto/opensource/poi-tl-1.12.1/poi-tl/src/test/java/com/deepoove/poi/tl/resolver/RunningRunBodyTest.java linha: 38 Método: assertEquals(elementTemplates.get(i++).variable(), "{{dfa}}")
Assert sem descrição: /home/vitor-otto/opensource/poi-tl-1.12.1/poi-tl/src/test/java/com/deepoove/poi/tl/resolver/RunningRunBodyTest.java linha: 39 Método: assertEquals(elementTemplates.get(i++).variable(), "{{fafd}}")
Assert sem descrição: /home/vitor-otto/opensource/poi-tl-1.12.1/poi-tl/src/test/java/com/deepoove/poi/tl/resolver/RunningRunBodyTest.java linha: 40 Método: assertEquals(elementTemplates.get(i++).variable(), "{{author}}")
Assert sem descrição: /home/vitor-otto/opensource/poi-tl-1.12.1/poi-tl/src/test/java/com/deepoove/poi/tl/resolver/RunningRunBodyTest.java linha: 41 Método: assertEquals(elementTemplates.get(i++).variable(), "{{madan}}")
Assert sem descrição: /home/vitor-otto/opensource/poi-tl-1.12.1/poi-tl/src/test/java/com/deepoove/poi/tl/resolver/RunningRunBodyTest.java linha: 42 Método: assertEquals(elementTemplates.get(i++).variable(), "{{aad}}")
Assert sem descrição: /home/vitor-otto/opensource/poi-tl-1.12.1/poi-tl/src/test/java/com/deepoove/poi/tl/resolver/RunningRunBodyTest.java linha: 43 Método: assertEquals(elementTemplates.get(i++).variable(), "{{date}}")
Assert sem descrição: /home/vitor-otto/opensource/poi-tl-1.12.1/poi-tl/src/test/java/com/deepoove/poi/tl/resolver/RunningRunBodyTest.java linha: 44 Método: assertEquals(elementTemplates.get(i++).variable(), "{{ada}}")
Assert sem descrição: /home/vitor-otto/opensource/poi-tl-1.12.1/poi-tl/src/test/java/com/deepoove/poi/tl/resolver/RunningRunBodyTest.java linha: 45 Método: assertEquals(elementTemplates.get(i++).variable(), "{{faf}}")
Assert sem descrição: /home/vitor-otto/opensource/poi-tl-1.12.1/poi-tl/src/test/java/com/deepoove/poi/tl/resolver/RunningRunBodyTest.java linha: 46 Método: assertEquals(elementTemplates.get(i++).variable(), "{{dfa}}")
Assert sem descrição: /home/vitor-otto/opensource/poi-tl-1.12.1/poi-tl/src/test/java/com/deepoove/poi/tl/resolver/RunningRunBodyTest.java linha: 47 Método: assertEquals(elementTemplates.get(i++).variable(), "{{dfdf}}")
Assert sem descrição: /home/vitor-otto/opensource/poi-tl-1.12.1/poi-tl/src/test/java/com/deepoove/poi/tl/resolver/RunningRunBodyTest.java linha: 48 Método: assertEquals(elementTemplates.get(i++).variable(), "{{fafd}}")
Assert sem descrição: /home/vitor-otto/opensource/poi-tl-1.12.1/poi-tl/src/test/java/com/deepoove/poi/tl/resolver/RunningRunBodyTest.java linha: 49 Método: assertEquals(elementTemplates.get(i++).variable(), "{{adaf}}")
Assert sem descrição: /home/vitor-otto/opensource/poi-tl-1.12.1/poi-tl/src/test/java/com/deepoove/poi/tl/resolver/RunningRunBodyTest.java linha: 50 Método: assertEquals(elementTemplates.get(i++).variable(), "{{ada}}")
Assert sem descrição: /home/vitor-otto/opensource/poi-tl-1.12.1/poi-tl/src/test/java/com/deepoove/poi/tl/resolver/RunningRunBodyTest.java linha: 51 Método: assertEquals(elementTemplates.get(i++).variable(), "{{yi}}")
Assert sem descrição: /home/vitor-otto/opensource/poi-tl-1.12.1/poi-tl/src/test/java/com/deepoove/poi/tl/resolver/RunningRunBodyTest.java linha: 52 Método: assertEquals(elementTemplates.get(i++).variable(), "{{dafd}}")
Assert sem descrição: /home/vitor-otto/opensource/poi-tl-1.12.1/poi-tl/src/test/java/com/deepoove/poi/tl/resolver/RunningRunBodyTest.java linha: 53 Método: assertEquals(elementTemplates.get(i++).variable(), "{{dfas}}")
Assert sem descrição: /home/vitor-otto/opensource/poi-tl-1.12.1/poi-tl/src/test/java/com/deepoove/poi/tl/resolver/RunningRunBodyTest.java linha: 54 Método: assertEquals(elementTemplates.get(i++).variable(), "{{@af}}")
Assert sem descrição: /home/vitor-otto/opensource/poi-tl-1.12.1/poi-tl/src/test/java/com/deepoove/poi/tl/resolver/RunningRunBodyTest.java linha: 55 Método: assertEquals(elementTemplates.get(i++).variable(), "{{table0}}")
Assert sem descrição: /home/vitor-otto/opensource/poi-tl-1.12.1/poi-tl/src/test/java/com/deepoove/poi/tl/resolver/RunningRunBodyTest.java linha: 56 Método: assertEquals(elementTemplates.get(i++).variable(), "{{table}}")
Assert sem descrição: /home/vitor-otto/opensource/poi-tl-1.12.1/poi-tl/src/test/java/com/deepoove/poi/tl/resolver/RunningRunBodyTest.java linha: 69 Método: assertEquals(elementTemplates.size(), 22)
Assert sem descrição: /home/vitor-otto/opensource/poi-tl-1.12.1/poi-tl/src/test/java/com/deepoove/poi/tl/resolver/RunningRunBodyTest.java linha: 72 Método: assertEquals(elementTemplates.get(i++).variable(), "${@icon}")
Assert sem descrição: /home/vitor-otto/opensource/poi-tl-1.12.1/poi-tl/src/test/java/com/deepoove/poi/tl/resolver/RunningRunBodyTest.java linha: 73 Método: assertEquals(elementTemplates.get(i++).variable(), "${author}")
Assert sem descrição: /home/vitor-otto/opensource/poi-tl-1.12.1/poi-tl/src/test/java/com/deepoove/poi/tl/resolver/RunningRunBodyTest.java linha: 74 Método: assertEquals(elementTemplates.get(i++).variable(), "${date}")
Assert sem descrição: /home/vitor-otto/opensource/poi-tl-1.12.1/poi-tl/src/test/java/com/deepoove/poi/tl/resolver/RunningRunBodyTest.java linha: 75 Método: assertEquals(elementTemplates.get(i++).variable(), "${dfa}")
Assert sem descrição: /home/vitor-otto/opensource/poi-tl-1.12.1/poi-tl/src/test/java/com/deepoove/poi/tl/resolver/RunningRunBodyTest.java linha: 76 Método: assertEquals(elementTemplates.get(i++).variable(), "${fafd}")
Assert sem descrição: /home/vitor-otto/opensource/poi-tl-1.12.1/poi-tl/src/test/java/com/deepoove/poi/tl/resolver/RunningRunBodyTest.java linha: 77 Método: assertEquals(elementTemplates.get(i++).variable(), "${author}")
Assert sem descrição: /home/vitor-otto/opensource/poi-tl-1.12.1/poi-tl/src/test/java/com/deepoove/poi/tl/resolver/RunningRunBodyTest.java linha: 78 Método: assertEquals(elementTemplates.get(i++).variable(), "${madan}")
Assert sem descrição: /home/vitor-otto/opensource/poi-tl-1.12.1/poi-tl/src/test/java/com/deepoove/poi/tl/resolver/RunningRunBodyTest.java linha: 79 Método: assertEquals(elementTemplates.get(i++).variable(), "${aad}")
Assert sem descrição: /home/vitor-otto/opensource/poi-tl-1.12.1/poi-tl/src/test/java/com/deepoove/poi/tl/resolver/RunningRunBodyTest.java linha: 80 Método: assertEquals(elementTemplates.get(i++).variable(), "${date}")
Assert sem descrição: /home/vitor-otto/opensource/poi-tl-1.12.1/poi-tl/src/test/java/com/deepoove/poi/tl/resolver/RunningRunBodyTest.java linha: 81 Método: assertEquals(elementTemplates.get(i++).variable(), "${ada}")
Assert sem descrição: /home/vitor-otto/opensource/poi-tl-1.12.1/poi-tl/src/test/java/com/deepoove/poi/tl/resolver/RunningRunBodyTest.java linha: 82 Método: assertEquals(elementTemplates.get(i++).variable(), "${faf}")
Assert sem descrição: /home/vitor-otto/opensource/poi-tl-1.12.1/poi-tl/src/test/java/com/deepoove/poi/tl/resolver/RunningRunBodyTest.java linha: 83 Método: assertEquals(elementTemplates.get(i++).variable(), "${dfa}")
Assert sem descrição: /home/vitor-otto/opensource/poi-tl-1.12.1/poi-tl/src/test/java/com/deepoove/poi/tl/resolver/RunningRunBodyTest.java linha: 84 Método: assertEquals(elementTemplates.get(i++).variable(), "${dfdf}")
Assert sem descrição: /home/vitor-otto/opensource/poi-tl-1.12.1/poi-tl/src/test/java/com/deepoove/poi/tl/resolver/RunningRunBodyTest.java linha: 85 Método: assertEquals(elementTemplates.get(i++).variable(), "${fafd}")
Assert sem descrição: /home/vitor-otto/opensource/poi-tl-1.12.1/poi-tl/src/test/java/com/deepoove/poi/tl/resolver/RunningRunBodyTest.java linha: 86 Método: assertEquals(elementTemplates.get(i++).variable(), "${adaf}")
Assert sem descrição: /home/vitor-otto/opensource/poi-tl-1.12.1/poi-tl/src/test/java/com/deepoove/poi/tl/resolver/RunningRunBodyTest.java linha: 87 Método: assertEquals(elementTemplates.get(i++).variable(), "${ada}")
Assert sem descrição: /home/vitor-otto/opensource/poi-tl-1.12.1/poi-tl/src/test/java/com/deepoove/poi/tl/resolver/RunningRunBodyTest.java linha: 88 Método: assertEquals(elementTemplates.get(i++).variable(), "${yi}")
Assert sem descrição: /home/vitor-otto/opensource/poi-tl-1.12.1/poi-tl/src/test/java/com/deepoove/poi/tl/resolver/RunningRunBodyTest.java linha: 89 Método: assertEquals(elementTemplates.get(i++).variable(), "${dafd}")
Assert sem descrição: /home/vitor-otto/opensource/poi-tl-1.12.1/poi-tl/src/test/java/com/deepoove/poi/tl/resolver/RunningRunBodyTest.java linha: 90 Método: assertEquals(elementTemplates.get(i++).variable(), "${dfas}")
Assert sem descrição: /home/vitor-otto/opensource/poi-tl-1.12.1/poi-tl/src/test/java/com/deepoove/poi/tl/resolver/RunningRunBodyTest.java linha: 91 Método: assertEquals(elementTemplates.get(i++).variable(), "${@af}")
Assert sem descrição: /home/vitor-otto/opensource/poi-tl-1.12.1/poi-tl/src/test/java/com/deepoove/poi/tl/resolver/RunningRunBodyTest.java linha: 92 Método: assertEquals(elementTemplates.get(i++).variable(), "${table0}")
Assert sem descrição: /home/vitor-otto/opensource/poi-tl-1.12.1/poi-tl/src/test/java/com/deepoove/poi/tl/resolver/RunningRunBodyTest.java linha: 93 Método: assertEquals(elementTemplates.get(i++).variable(), "${table}")
Assert sem descrição: /home/vitor-otto/opensource/poi-tl-1.12.1/poi-tl/src/test/java/com/deepoove/poi/tl/resolver/RunningRunBodyTest.java linha: 108 Método: assertEquals(1, paragraph.getRuns().size())
Assert sem descrição: /home/vitor-otto/opensource/poi-tl-1.12.1/poi-tl/src/test/java/com/deepoove/poi/tl/resolver/RunningRunBodyTest.java linha: 113 Método: assertEquals(text, paragraph.getParagraphText())
Assert sem descrição: /home/vitor-otto/opensource/poi-tl-1.12.1/poi-tl/src/test/java/com/deepoove/poi/tl/resolver/RunningRunBodyTest.java linha: 114 Método: assertEquals(5, paragraph.getRuns().size())
Assert sem descrição: /home/vitor-otto/opensource/poi-tl-1.12.1/poi-tl/src/test/java/com/deepoove/poi/tl/resolver/RunningRunBodyTest.java linha: 115 Método: assertEquals("{{Hi}}", paragraph.getRuns().get(0).getText(0))
Assert sem descrição: /home/vitor-otto/opensource/poi-tl-1.12.1/poi-tl/src/test/java/com/deepoove/poi/tl/resolver/RunningRunBodyTest.java linha: 116 Método: assertEquals("\n", paragraph.getRuns().get(1).toString())
Assert sem descrição: /home/vitor-otto/opensource/poi-tl-1.12.1/poi-tl/src/test/java/com/deepoove/poi/tl/resolver/RunningRunBodyTest.java linha: 117 Método: assertEquals("\n", paragraph.getRuns().get(2).toString())
Assert sem descrição: /home/vitor-otto/opensource/poi-tl-1.12.1/poi-tl/src/test/java/com/deepoove/poi/tl/resolver/RunningRunBodyTest.java linha: 118 Método: assertEquals("{{world}}", paragraph.getRuns().get(3).getText(0))
Assert sem descrição: /home/vitor-otto/opensource/poi-tl-1.12.1/poi-tl/src/test/java/com/deepoove/poi/tl/resolver/RunningRunBodyTest.java linha: 119 Método: assertEquals("2", paragraph.getRuns().get(4).getText(0))
Assert sem descrição: /home/vitor-otto/opensource/poi-tl-1.12.1/poi-tl/src/test/java/com/deepoove/poi/tl/resolver/RunningRunBodyTest.java linha: 135 Método: assertEquals(2, paragraph.getRuns().size())
Assert sem descrição: /home/vitor-otto/opensource/poi-tl-1.12.1/poi-tl/src/test/java/com/deepoove/poi/tl/resolver/RunningRunBodyTest.java linha: 139 Método: assertEquals(3, paragraph.getRuns().size())
Assert sem descrição: /home/vitor-otto/opensource/poi-tl-1.12.1/poi-tl/src/test/java/com/deepoove/poi/tl/resolver/RunningRunBodyTest.java linha: 140 Método: assertEquals("{{Hi}}", paragraph.getRuns().get(0).getText(0))
Assert sem descrição: /home/vitor-otto/opensource/poi-tl-1.12.1/poi-tl/src/test/java/com/deepoove/poi/tl/resolver/RunningRunBodyTest.java linha: 141 Método: assertEquals("AA", paragraph.getRuns().get(1).toString())
Assert sem descrição: /home/vitor-otto/opensource/poi-tl-1.12.1/poi-tl/src/test/java/com/deepoove/poi/tl/resolver/RunningRunBodyTest.java linha: 142 Método: assertEquals("http://deepoove.com", paragraph.getRuns().get(2).toString())
Assert sem descrição: /home/vitor-otto/opensource/poi-tl-1.12.1/poi-tl/src/test/java/com/deepoove/poi/tl/resolver/RunningRunBodyTest.java linha: 145 Método: assertEquals(3, xwpfParagraph.getRuns().size())
Assert sem descrição: /home/vitor-otto/opensource/poi-tl-1.12.1/poi-tl/src/test/java/com/deepoove/poi/tl/resolver/RunningRunBodyTest.java linha: 146 Método: assertEquals("{{Hi}}", xwpfParagraph.getRuns().get(0).getText(0))
Assert sem descrição: /home/vitor-otto/opensource/poi-tl-1.12.1/poi-tl/src/test/java/com/deepoove/poi/tl/resolver/RunningRunBodyTest.java linha: 147 Método: assertEquals("AA", xwpfParagraph.getRuns().get(1).toString())
Assert sem descrição: /home/vitor-otto/opensource/poi-tl-1.12.1/poi-tl/src/test/java/com/deepoove/poi/tl/resolver/RunningRunBodyTest.java linha: 148 Método: assertEquals("http://deepoove.com", xwpfParagraph.getRuns().get(2).toString())
Assert sem descrição: /home/vitor-otto/opensource/poi-tl-1.12.1/poi-tl/src/test/java/com/deepoove/poi/tl/expression/DefaultELTest.java linha: 36 Método: assertEquals(person.getAliasName(), elObject.eval("aliasName"))
Assert sem descrição: /home/vitor-otto/opensource/poi-tl-1.12.1/poi-tl/src/test/java/com/deepoove/poi/tl/expression/DefaultELTest.java linha: 37 Método: assertEquals(person.getAliasName(), elObject.eval("alias_name"))
Assert sem descrição: /home/vitor-otto/opensource/poi-tl-1.12.1/poi-tl/src/test/java/com/deepoove/poi/tl/expression/DefaultELTest.java linha: 38 Método: assertEquals(person.getWork(), elObject.eval("work"))
Assert sem descrição: /home/vitor-otto/opensource/poi-tl-1.12.1/poi-tl/src/test/java/com/deepoove/poi/tl/expression/DefaultELTest.java linha: 39 Método: assertEquals(person, elObject.eval("#this"))
Assert sem descrição: /home/vitor-otto/opensource/poi-tl-1.12.1/poi-tl/src/test/java/com/deepoove/poi/tl/expression/DefaultELTest.java linha: 52 Método: assertEquals(user, elObject.eval("user"))
Assert sem descrição: /home/vitor-otto/opensource/poi-tl-1.12.1/poi-tl/src/test/java/com/deepoove/poi/tl/expression/DefaultELTest.java linha: 53 Método: assertEquals(18, elObject.eval("user.age"))
Assert sem descrição: /home/vitor-otto/opensource/poi-tl-1.12.1/poi-tl/src/test/java/com/deepoove/poi/tl/expression/DefaultELTest.java linha: 54 Método: assertEquals(user.getName(), elObject.eval("user.name"))
Assert sem descrição: /home/vitor-otto/opensource/poi-tl-1.12.1/poi-tl/src/test/java/com/deepoove/poi/tl/expression/DefaultELTest.java linha: 55 Método: assertEquals(user.getPlace(), elObject.eval("user.place"))
Assert sem descrição: /home/vitor-otto/opensource/poi-tl-1.12.1/poi-tl/src/test/java/com/deepoove/poi/tl/expression/DefaultELTest.java linha: 56 Método: assertEquals(user.isEnable(), elObject.eval("user.enable"))
Assert sem descrição: /home/vitor-otto/opensource/poi-tl-1.12.1/poi-tl/src/test/java/com/deepoove/poi/tl/expression/DefaultELTest.java linha: 57 Método: assertEquals(asList, elObject.eval("user.alias"))
Assert sem descrição: /home/vitor-otto/opensource/poi-tl-1.12.1/poi-tl/src/test/java/com/deepoove/poi/tl/expression/DefaultELTest.java linha: 63 Método: assertTrue(e instanceof ExpressionEvalException)
Assert sem descrição: /home/vitor-otto/opensource/poi-tl-1.12.1/poi-tl/src/test/java/com/deepoove/poi/tl/expression/DefaultELTest.java linha: 70 Método: assertTrue(e instanceof ExpressionEvalException)
Assert sem descrição: /home/vitor-otto/opensource/poi-tl-1.12.1/poi-tl/src/test/java/com/deepoove/poi/tl/expression/DefaultELTest.java linha: 77 Método: assertTrue(e instanceof ExpressionEvalException)
Assert sem descrição: /home/vitor-otto/opensource/poi-tl-1.12.1/poi-tl/src/test/java/com/deepoove/poi/tl/expression/DefaultELTest.java linha: 82 Método: assertTrue(e instanceof ExpressionEvalException)
Assert sem descrição: /home/vitor-otto/opensource/poi-tl-1.12.1/poi-tl/src/test/java/com/deepoove/poi/tl/plugin/PaginationRenderPolicyTest.java linha: 36 Método: assertEquals("page1", paragraph.getParagraphText())
Assert sem descrição: /home/vitor-otto/opensource/poi-tl-1.12.1/poi-tl/src/test/java/com/deepoove/poi/tl/plugin/PaginationRenderPolicyTest.java linha: 38 Método: assertEquals("\n", paragraph1.getRuns().get(0).text())
Assert sem descrição: /home/vitor-otto/opensource/poi-tl-1.12.1/poi-tl/src/test/java/com/deepoove/poi/tl/plugin/PaginationRenderPolicyTest.java linha: 40 Método: assertEquals("page2", paragraph2.getParagraphText())
Assert sem descrição: /home/vitor-otto/opensource/poi-tl-1.12.1/poi-tl/src/test/java/com/deepoove/poi/tl/xwpf/XWPFParagraphWrapperTest.java linha: 44 Método: assertEquals(paragraph.getRuns().size(), 6)
Assert sem descrição: /home/vitor-otto/opensource/poi-tl-1.12.1/poi-tl/src/test/java/com/deepoove/poi/tl/xwpf/XWPFParagraphWrapperTest.java linha: 49 Método: assertEquals(paragraph.getRuns().size(), 0)
Assert sem descrição: /home/vitor-otto/opensource/poi-tl-1.12.1/poi-tl/src/test/java/com/deepoove/poi/tl/xwpf/HeaderFooterBodyContainnerTest.java linha: 53 Método: assertEquals(container.getPosOfParagraphCTP(paragraph.getCTP()), 2)
Assert sem descrição: /home/vitor-otto/opensource/poi-tl-1.12.1/poi-tl/src/test/java/com/deepoove/poi/tl/xwpf/HeaderFooterBodyContainnerTest.java linha: 61 Método: assertEquals(header.getTables().size(), 2)
Assert sem descrição: /home/vitor-otto/opensource/poi-tl-1.12.1/poi-tl/src/test/java/com/deepoove/poi/tl/xwpf/HeaderFooterBodyContainnerTest.java linha: 62 Método: assertEquals(header.getParagraphs().size(), 2)
Assert sem descrição: /home/vitor-otto/opensource/poi-tl-1.12.1/poi-tl/src/test/java/com/deepoove/poi/tl/xwpf/HeaderFooterBodyContainnerTest.java linha: 67 Método: assertEquals(container.getPosOfParagraph(paragraph), 2)
Assert sem descrição: /home/vitor-otto/opensource/poi-tl-1.12.1/poi-tl/src/test/java/com/deepoove/poi/tl/xwpf/HeaderFooterBodyContainnerTest.java linha: 73 Método: assertEquals(bodyElements.size(), 6)
Assert sem descrição: /home/vitor-otto/opensource/poi-tl-1.12.1/poi-tl/src/test/java/com/deepoove/poi/tl/xwpf/HeaderFooterBodyContainnerTest.java linha: 80 Método: assertEquals(header.getParagraphs().size(), 4)
Assert sem descrição: /home/vitor-otto/opensource/poi-tl-1.12.1/poi-tl/src/test/java/com/deepoove/poi/tl/xwpf/HeaderFooterBodyContainnerTest.java linha: 81 Método: assertEquals(container.getPosOfParagraph(paragraph), 3)
Assert sem descrição: /home/vitor-otto/opensource/poi-tl-1.12.1/poi-tl/src/test/java/com/deepoove/poi/tl/xwpf/HeaderFooterBodyContainnerTest.java linha: 89 Método: assertEquals(header.getParagraphs().size(), 4)
Assert sem descrição: /home/vitor-otto/opensource/poi-tl-1.12.1/poi-tl/src/test/java/com/deepoove/poi/tl/xwpf/HeaderFooterBodyContainnerTest.java linha: 90 Método: assertEquals(container.getPosOfParagraph(paragraph), 3)
Assert sem descrição: /home/vitor-otto/opensource/poi-tl-1.12.1/poi-tl/src/test/java/com/deepoove/poi/tl/xwpf/HeaderFooterBodyContainnerTest.java linha: 95 Método: assertEquals(container.getParaPos(paragraph), 1)
Assert sem descrição: /home/vitor-otto/opensource/poi-tl-1.12.1/poi-tl/src/test/java/com/deepoove/poi/tl/xwpf/HeaderFooterBodyContainnerTest.java linha: 103 Método: assertEquals(header.getTables().size(), 4)
Assert sem descrição: /home/vitor-otto/opensource/poi-tl-1.12.1/poi-tl/src/test/java/com/deepoove/poi/tl/xwpf/HeaderFooterBodyContainnerTest.java linha: 104 Método: assertEquals(container.getPosOfParagraph(paragraph), 3)
Assert sem descrição: /home/vitor-otto/opensource/poi-tl-1.12.1/poi-tl/src/test/java/com/deepoove/poi/tl/xwpf/HeaderFooterBodyContainnerTest.java linha: 109 Método: assertEquals(container.getTablePos(table), 1)
Assert sem descrição: /home/vitor-otto/opensource/poi-tl-1.12.1/poi-tl/src/test/java/com/deepoove/poi/tl/xwpf/HeaderFooterBodyContainnerTest.java linha: 116 Método: assertEquals(header.getTables().size(), 4)
Assert sem descrição: /home/vitor-otto/opensource/poi-tl-1.12.1/poi-tl/src/test/java/com/deepoove/poi/tl/xwpf/HeaderFooterBodyContainnerTest.java linha: 117 Método: assertEquals(container.getPosOfParagraph(paragraph), 3)
Assert sem descrição: /home/vitor-otto/opensource/poi-tl-1.12.1/poi-tl/src/test/java/com/deepoove/poi/tl/xwpf/HeaderFooterBodyContainnerTest.java linha: 126 Método: assertEquals(header.getParagraphs().size(), 2)
Assert sem descrição: /home/vitor-otto/opensource/poi-tl-1.12.1/poi-tl/src/test/java/com/deepoove/poi/tl/xwpf/HeaderFooterBodyContainnerTest.java linha: 138 Método: assertEquals(header.getParagraphs().size(), 3)
Assert sem descrição: /home/vitor-otto/opensource/poi-tl-1.12.1/poi-tl/src/test/java/com/deepoove/poi/tl/xwpf/NiceXWPFDocumentTest.java linha: 44 Método: assertEquals(sourceSize + targetSize, resultSize)
Assert sem descrição: /home/vitor-otto/opensource/poi-tl-1.12.1/poi-tl/src/test/java/com/deepoove/poi/tl/xwpf/NiceXWPFDocumentTest.java linha: 66 Método: assertEquals(sourceSize - 1 + targetSize1 + targetSize2, resultSize)
Assert sem descrição: /home/vitor-otto/opensource/poi-tl-1.12.1/poi-tl/src/test/java/com/deepoove/poi/tl/xwpf/NiceXWPFDocumentTest.java linha: 97 Método: assertEquals(-1, source.getXWPFDocument().getDocument().toString().indexOf(":wps="))
Assert sem descrição: /home/vitor-otto/opensource/poi-tl-1.12.1/poi-tl/src/test/java/com/deepoove/poi/tl/xwpf/NiceXWPFDocumentTest.java linha: 100 Método: assertNotEquals(-1, target.getXWPFDocument().getDocument().toString().indexOf(":wps="))
Assert sem descrição: /home/vitor-otto/opensource/poi-tl-1.12.1/poi-tl/src/test/java/com/deepoove/poi/tl/xwpf/NiceXWPFDocumentTest.java linha: 106 Método: assertEquals(result.getParagraphs().size(), 1)
Assert sem descrição: /home/vitor-otto/opensource/poi-tl-1.12.1/poi-tl/src/test/java/com/deepoove/poi/tl/xwpf/NiceXWPFDocumentTest.java linha: 107 Método: assertEquals(result.getParagraphArray(0).getText(), "")
Assert sem descrição: /home/vitor-otto/opensource/poi-tl-1.12.1/poi-tl/src/test/java/com/deepoove/poi/tl/xwpf/NiceXWPFDocumentTest.java linha: 108 Método: assertNotEquals(-1, target.getXWPFDocument().getDocument().toString().indexOf(":wps="))
Assert sem descrição: /home/vitor-otto/opensource/poi-tl-1.12.1/poi-tl/src/test/java/com/deepoove/poi/tl/xwpf/DocumentBodyContainnerTest.java linha: 48 Método: assertEquals(container.getPosOfParagraphCTP(paragraph.getCTP()), 2)
Assert sem descrição: /home/vitor-otto/opensource/poi-tl-1.12.1/poi-tl/src/test/java/com/deepoove/poi/tl/xwpf/DocumentBodyContainnerTest.java linha: 56 Método: assertEquals(doc.getTables().size(), 2)
Assert sem descrição: /home/vitor-otto/opensource/poi-tl-1.12.1/poi-tl/src/test/java/com/deepoove/poi/tl/xwpf/DocumentBodyContainnerTest.java linha: 57 Método: assertEquals(doc.getParagraphs().size(), 2)
Assert sem descrição: /home/vitor-otto/opensource/poi-tl-1.12.1/poi-tl/src/test/java/com/deepoove/poi/tl/xwpf/DocumentBodyContainnerTest.java linha: 62 Método: assertEquals(container.getPosOfParagraph(paragraph), 2)
Assert sem descrição: /home/vitor-otto/opensource/poi-tl-1.12.1/poi-tl/src/test/java/com/deepoove/poi/tl/xwpf/DocumentBodyContainnerTest.java linha: 68 Método: assertEquals(bodyElements.size(), 6)
Assert sem descrição: /home/vitor-otto/opensource/poi-tl-1.12.1/poi-tl/src/test/java/com/deepoove/poi/tl/xwpf/DocumentBodyContainnerTest.java linha: 75 Método: assertEquals(doc.getParagraphs().size(), 4)
Assert sem descrição: /home/vitor-otto/opensource/poi-tl-1.12.1/poi-tl/src/test/java/com/deepoove/poi/tl/xwpf/DocumentBodyContainnerTest.java linha: 76 Método: assertEquals(container.getPosOfParagraph(paragraph), 3)
Assert sem descrição: /home/vitor-otto/opensource/poi-tl-1.12.1/poi-tl/src/test/java/com/deepoove/poi/tl/xwpf/DocumentBodyContainnerTest.java linha: 84 Método: assertEquals(doc.getParagraphs().size(), 4)
Assert sem descrição: /home/vitor-otto/opensource/poi-tl-1.12.1/poi-tl/src/test/java/com/deepoove/poi/tl/xwpf/DocumentBodyContainnerTest.java linha: 85 Método: assertEquals(container.getPosOfParagraph(paragraph), 3)
Assert sem descrição: /home/vitor-otto/opensource/poi-tl-1.12.1/poi-tl/src/test/java/com/deepoove/poi/tl/xwpf/DocumentBodyContainnerTest.java linha: 90 Método: assertEquals(container.getParaPos(paragraph), 1)
Assert sem descrição: /home/vitor-otto/opensource/poi-tl-1.12.1/poi-tl/src/test/java/com/deepoove/poi/tl/xwpf/DocumentBodyContainnerTest.java linha: 98 Método: assertEquals(doc.getTables().size(), 4)
Assert sem descrição: /home/vitor-otto/opensource/poi-tl-1.12.1/poi-tl/src/test/java/com/deepoove/poi/tl/xwpf/DocumentBodyContainnerTest.java linha: 99 Método: assertEquals(container.getPosOfParagraph(paragraph), 3)
Assert sem descrição: /home/vitor-otto/opensource/poi-tl-1.12.1/poi-tl/src/test/java/com/deepoove/poi/tl/xwpf/DocumentBodyContainnerTest.java linha: 104 Método: assertEquals(container.getTablePos(table), 1)
Assert sem descrição: /home/vitor-otto/opensource/poi-tl-1.12.1/poi-tl/src/test/java/com/deepoove/poi/tl/xwpf/DocumentBodyContainnerTest.java linha: 111 Método: assertEquals(doc.getTables().size(), 4)
Assert sem descrição: /home/vitor-otto/opensource/poi-tl-1.12.1/poi-tl/src/test/java/com/deepoove/poi/tl/xwpf/DocumentBodyContainnerTest.java linha: 112 Método: assertEquals(container.getPosOfParagraph(paragraph), 3)
Assert sem descrição: /home/vitor-otto/opensource/poi-tl-1.12.1/poi-tl/src/test/java/com/deepoove/poi/tl/xwpf/DocumentBodyContainnerTest.java linha: 121 Método: assertEquals(doc.getParagraphs().size(), 2)
Assert sem descrição: /home/vitor-otto/opensource/poi-tl-1.12.1/poi-tl/src/test/java/com/deepoove/poi/tl/xwpf/DocumentBodyContainnerTest.java linha: 132 Método: assertEquals(doc.getParagraphs().size(), 3)
Assert sem descrição: /home/vitor-otto/opensource/poi-tl-1.12.1/poi-tl/src/test/java/com/deepoove/poi/tl/xwpf/CellBodyContainnerTest.java linha: 60 Método: assertEquals(container.getPosOfParagraphCTP(paragraph.getCTP()), 2)
Assert sem descrição: /home/vitor-otto/opensource/poi-tl-1.12.1/poi-tl/src/test/java/com/deepoove/poi/tl/xwpf/CellBodyContainnerTest.java linha: 68 Método: assertEquals(cell.getTables().size(), 2)
Assert sem descrição: /home/vitor-otto/opensource/poi-tl-1.12.1/poi-tl/src/test/java/com/deepoove/poi/tl/xwpf/CellBodyContainnerTest.java linha: 69 Método: assertEquals(cell.getParagraphs().size(), 2)
Assert sem descrição: /home/vitor-otto/opensource/poi-tl-1.12.1/poi-tl/src/test/java/com/deepoove/poi/tl/xwpf/CellBodyContainnerTest.java linha: 74 Método: assertEquals(container.getPosOfParagraph(paragraph), 2)
Assert sem descrição: /home/vitor-otto/opensource/poi-tl-1.12.1/poi-tl/src/test/java/com/deepoove/poi/tl/xwpf/CellBodyContainnerTest.java linha: 80 Método: assertEquals(bodyElements.size(), 6)
Assert sem descrição: /home/vitor-otto/opensource/poi-tl-1.12.1/poi-tl/src/test/java/com/deepoove/poi/tl/xwpf/CellBodyContainnerTest.java linha: 87 Método: assertEquals(cell.getParagraphs().size(), 4)
Assert sem descrição: /home/vitor-otto/opensource/poi-tl-1.12.1/poi-tl/src/test/java/com/deepoove/poi/tl/xwpf/CellBodyContainnerTest.java linha: 88 Método: assertEquals(container.getPosOfParagraph(paragraph), 3)
Assert sem descrição: /home/vitor-otto/opensource/poi-tl-1.12.1/poi-tl/src/test/java/com/deepoove/poi/tl/xwpf/CellBodyContainnerTest.java linha: 96 Método: assertEquals(cell.getParagraphs().size(), 4)
Assert sem descrição: /home/vitor-otto/opensource/poi-tl-1.12.1/poi-tl/src/test/java/com/deepoove/poi/tl/xwpf/CellBodyContainnerTest.java linha: 97 Método: assertEquals(container.getPosOfParagraph(paragraph), 3)
Assert sem descrição: /home/vitor-otto/opensource/poi-tl-1.12.1/poi-tl/src/test/java/com/deepoove/poi/tl/xwpf/CellBodyContainnerTest.java linha: 102 Método: assertEquals(container.getParaPos(paragraph), 1)
Assert sem descrição: /home/vitor-otto/opensource/poi-tl-1.12.1/poi-tl/src/test/java/com/deepoove/poi/tl/xwpf/CellBodyContainnerTest.java linha: 110 Método: assertEquals(cell.getTables().size(), 4)
Assert sem descrição: /home/vitor-otto/opensource/poi-tl-1.12.1/poi-tl/src/test/java/com/deepoove/poi/tl/xwpf/CellBodyContainnerTest.java linha: 111 Método: assertEquals(container.getPosOfParagraph(paragraph), 3)
Assert sem descrição: /home/vitor-otto/opensource/poi-tl-1.12.1/poi-tl/src/test/java/com/deepoove/poi/tl/xwpf/CellBodyContainnerTest.java linha: 116 Método: assertEquals(container.getTablePos(table), 1)
Assert sem descrição: /home/vitor-otto/opensource/poi-tl-1.12.1/poi-tl/src/test/java/com/deepoove/poi/tl/xwpf/CellBodyContainnerTest.java linha: 123 Método: assertEquals(cell.getTables().size(), 4)
Assert sem descrição: /home/vitor-otto/opensource/poi-tl-1.12.1/poi-tl/src/test/java/com/deepoove/poi/tl/xwpf/CellBodyContainnerTest.java linha: 124 Método: assertEquals(container.getPosOfParagraph(paragraph), 3)
Assert sem descrição: /home/vitor-otto/opensource/poi-tl-1.12.1/poi-tl/src/test/java/com/deepoove/poi/tl/xwpf/CellBodyContainnerTest.java linha: 133 Método: assertEquals(cell.getParagraphs().size(), 2)
Assert sem descrição: /home/vitor-otto/opensource/poi-tl-1.12.1/poi-tl/src/test/java/com/deepoove/poi/tl/xwpf/CellBodyContainnerTest.java linha: 145 Método: assertEquals(cell.getParagraphs().size(), 3)
Assert sem descrição: /home/vitor-otto/opensource/poi-tl-1.12.1/poi-tl/src/test/java/com/deepoove/poi/tl/xwpf/FooterEndnoteTest.java linha: 34 Método: assertEquals(" Chinathis is endnote", xwpfEndnote.getParagraphArray(0).getText())
Assert sem descrição: /home/vitor-otto/opensource/poi-tl-1.12.1/poi-tl/src/test/java/com/deepoove/poi/tl/xwpf/FooterEndnoteTest.java linha: 35 Método: assertEquals("世界地图this is footernote", xwpfFootnote.getParagraphArray(0).getText())
Assert sem descrição: /home/vitor-otto/opensource/poi-tl-1.12.1/poi-tl/src/test/java/com/deepoove/poi/tl/xwpf/TemplateTest.java linha: 32 Método: assertNull(paragraph.getRuns().get(0).getFontFamily())
Assert sem descrição: /home/vitor-otto/opensource/poi-tl-1.12.1/poi-tl/src/test/java/com/deepoove/poi/tl/xwpf/TemplateTest.java linha: 33 Método: assertEquals(text, paragraph.getText())
Assert sem descrição: /home/vitor-otto/opensource/poi-tl-1.12.1/poi-tl/src/test/java/com/deepoove/poi/tl/xwpf/TemplateTest.java linha: 39 Método: assertEquals("微软雅黑", paragraph.getRuns().get(0).getFontFamily())
Assert sem descrição: /home/vitor-otto/opensource/poi-tl-1.12.1/poi-tl/src/test/java/com/deepoove/poi/tl/xwpf/TemplateTest.java linha: 40 Método: assertEquals(text, paragraph.getText())
Assert sem descrição: /home/vitor-otto/opensource/poi-tl-1.12.1/poi-tl/src/test/java/com/deepoove/poi/tl/render/IterableEnvTest.java linha: 49 Método: assertEquals("index:1_is_first:true_is_last:false_has_next:true_is_even_item:false_is_odd_item:trueindex:2_is_first:false_is_last:false_has_next:true_is_even_item:true_is_odd_item:falseindex:3_is_first:false_is_last:false_has_next:true_is_even_item:false_is_odd_item:trueindex:4_is_first:false_is_last:true_has_next:false_is_even_item:true_is_odd_item:false", text)
Assert sem descrição: /home/vitor-otto/opensource/poi-tl-1.12.1/poi-tl/src/test/java/com/deepoove/poi/tl/render/JavaObjectRenderTest.java linha: 38 Método: assertEquals("[" + obj.getName() + "]", document.getParagraphArray(1).getText())
Assert sem descrição: /home/vitor-otto/opensource/poi-tl-1.12.1/poi-tl/src/test/java/com/deepoove/poi/tl/render/JavaObjectRenderTest.java linha: 39 Método: assertEquals("[" + obj.getWord() + "]", document.getParagraphArray(2).getText())
Assert sem descrição: /home/vitor-otto/opensource/poi-tl-1.12.1/poi-tl/src/test/java/com/deepoove/poi/tl/render/JavaObjectRenderTest.java linha: 40 Método: assertEquals("[" + obj.getTime() + "]", document.getParagraphArray(3).getText())
Assert sem descrição: /home/vitor-otto/opensource/poi-tl-1.12.1/poi-tl/src/test/java/com/deepoove/poi/tl/render/JavaObjectRenderTest.java linha: 42 Método: assertEquals("00", document.getTables().get(0).getRow(0).getCell(0).getText())
Assert sem descrição: /home/vitor-otto/opensource/poi-tl-1.12.1/poi-tl/src/test/java/com/deepoove/poi/tl/render/JavaObjectRenderTest.java linha: 43 Método: assertEquals(1, document.getAllPictures().size())
Assert sem descrição: /home/vitor-otto/opensource/poi-tl-1.12.1/poi-tl/src/test/java/com/deepoove/poi/tl/render/JavaObjectRenderTest.java linha: 44 Método: assertEquals(1, document.getHyperlinks().length)
Assert sem descrição: /home/vitor-otto/opensource/poi-tl-1.12.1/poi-tl/src/test/java/com/deepoove/poi/tl/render/IfTemplateRenderTest.java linha: 40 Método: assertEquals(paragraph.getText(), "Hi, poi-tl")
Assert sem descrição: /home/vitor-otto/opensource/poi-tl-1.12.1/poi-tl/src/test/java/com/deepoove/poi/tl/render/IfTemplateRenderTest.java linha: 44 Método: assertEquals(cell.getText(), "Hi, poi-tl")
Assert sem descrição: /home/vitor-otto/opensource/poi-tl-1.12.1/poi-tl/src/test/java/com/deepoove/poi/tl/render/IfTemplateRenderTest.java linha: 48 Método: assertEquals(paragraph.getText(), "Hi, poi-tl")
Assert sem descrição: /home/vitor-otto/opensource/poi-tl-1.12.1/poi-tl/src/test/java/com/deepoove/poi/tl/render/IfTemplateRenderTest.java linha: 86 Método: assertEquals(paragraph.getText(), "Hi, poi-tl")
Assert sem descrição: /home/vitor-otto/opensource/poi-tl-1.12.1/poi-tl/src/test/java/com/deepoove/poi/tl/render/IfTemplateRenderTest.java linha: 89 Método: assertEquals(paragraph.getText(), "Hello, My perfect.")
Assert sem descrição: /home/vitor-otto/opensource/poi-tl-1.12.1/poi-tl/src/test/java/com/deepoove/poi/tl/render/IfTemplateRenderTest.java linha: 92 Método: assertEquals(paragraph.getText(), "UserName: Sayi")
Assert sem descrição: /home/vitor-otto/opensource/poi-tl-1.12.1/poi-tl/src/test/java/com/deepoove/poi/tl/render/IfTemplateRenderTest.java linha: 95 Método: assertEquals(paragraph.getText(), "Date: 2020-02-10")
Assert sem descrição: /home/vitor-otto/opensource/poi-tl-1.12.1/poi-tl/src/test/java/com/deepoove/poi/tl/render/IfTemplateRenderTest.java linha: 98 Método: assertEquals(paragraph.getText(), "Date: 2020-02-10")
Assert sem descrição: /home/vitor-otto/opensource/poi-tl-1.12.1/poi-tl/src/test/java/com/deepoove/poi/tl/render/IfTemplateRenderTest.java linha: 101 Método: assertEquals(paragraph.getText(), "I love this Game Date: 2020-02-10 and good game.")
Assert sem descrição: /home/vitor-otto/opensource/poi-tl-1.12.1/poi-tl/src/test/java/com/deepoove/poi/tl/render/IterableTemplateTest.java linha: 91 Método: assertEquals("Hi, poi-tl", document.getParagraphArray(0).getText())
Assert sem descrição: /home/vitor-otto/opensource/poi-tl-1.12.1/poi-tl/src/test/java/com/deepoove/poi/tl/render/IterableTemplateTest.java linha: 92 Método: assertEquals("My perfect Sayi.My perfect Deepoove.", document.getParagraphArray(1).getText())
Assert sem descrição: /home/vitor-otto/opensource/poi-tl-1.12.1/poi-tl/src/test/java/com/deepoove/poi/tl/render/IterableTemplateTest.java linha: 93 Método: assertEquals("Please My perfect Sayi.My perfect Deepoove.", document.getParagraphArray(2).getText())
Assert sem descrição: /home/vitor-otto/opensource/poi-tl-1.12.1/poi-tl/src/test/java/com/deepoove/poi/tl/render/IterableTemplateTest.java linha: 94 Método: assertEquals("Good My perfect Sayi.My perfect Deepoove. Game.", document.getParagraphArray(3).getText())
Assert sem descrição: /home/vitor-otto/opensource/poi-tl-1.12.1/poi-tl/src/test/java/com/deepoove/poi/tl/render/IterableTemplateTest.java linha: 96 Método: assertEquals("Hello, My perfect Sayi.", document.getParagraphArray(5).getText())
Assert sem descrição: /home/vitor-otto/opensource/poi-tl-1.12.1/poi-tl/src/test/java/com/deepoove/poi/tl/render/IterableTemplateTest.java linha: 99 Método: assertEquals("Sayi", table0.getRow(1).getCell(2).getText())
Assert sem descrição: /home/vitor-otto/opensource/poi-tl-1.12.1/poi-tl/src/test/java/com/deepoove/poi/tl/render/IterableTemplateTest.java linha: 100 Método: assertEquals("addr: Hangzhou,China.", table0.getRow(2).getCell(1).getParagraphArray(0).getText())
Assert sem descrição: /home/vitor-otto/opensource/poi-tl-1.12.1/poi-tl/src/test/java/com/deepoove/poi/tl/render/IterableTemplateTest.java linha: 101 Método: assertEquals("addr: Shanghai,China.", table0.getRow(2).getCell(1).getParagraphArray(1).getText())
Assert sem descrição: /home/vitor-otto/opensource/poi-tl-1.12.1/poi-tl/src/test/java/com/deepoove/poi/tl/render/IterableTemplateTest.java linha: 104 Método: assertEquals("Deepoove", table1.getRow(1).getCell(2).getText())
Assert sem descrição: /home/vitor-otto/opensource/poi-tl-1.12.1/poi-tl/src/test/java/com/deepoove/poi/tl/render/IterableTemplateTest.java linha: 105 Método: assertEquals("", table1.getRow(2).getCell(1).getText())
Assert sem descrição: /home/vitor-otto/opensource/poi-tl-1.12.1/poi-tl/src/test/java/com/deepoove/poi/tl/render/IterableTemplateTest.java linha: 137 Método: assertEquals("开始，", document.getParagraphArray(0).getText())
Assert sem descrição: /home/vitor-otto/opensource/poi-tl-1.12.1/poi-tl/src/test/java/com/deepoove/poi/tl/render/IterableTemplateTest.java linha: 138 Método: assertEquals("结束。", document.getParagraphArray(1).getText())
Assert sem descrição: /home/vitor-otto/opensource/poi-tl-1.12.1/poi-tl/src/test/java/com/deepoove/poi/tl/render/IterableTemplateTest.java linha: 139 Método: assertEquals("开始，结束。", document.getParagraphArray(3).getText())
Assert sem descrição: /home/vitor-otto/opensource/poi-tl-1.12.1/poi-tl/src/test/java/com/deepoove/poi/tl/render/IterableTemplateTest.java linha: 140 Método: assertEquals("Hello, My perfect, http://deepoove.com,Sayi." + "addr:http://deepoove.comHangzhou,China.addr:http://deepoove.comShanghai,China." + "Hello, My perfect, http://deepoove.com,Deepoove website..", document.getParagraphArray(6).getText())
Assert sem descrição: /home/vitor-otto/opensource/poi-tl-1.12.1/poi-tl/src/test/java/com/deepoove/poi/tl/issue/Issue157.java linha: 58 Método: assertEquals(paragraph.getText(), "testTitle")
Assert sem descrição: /home/vitor-otto/opensource/poi-tl-1.12.1/poi-tl/src/test/java/com/deepoove/poi/tl/issue/Issue157.java linha: 60 Método: assertEquals(paragraph.getText(), "老师：t1\n" + "年龄：18")
Assert sem descrição: /home/vitor-otto/opensource/poi-tl-1.12.1/poi-tl/src/test/java/com/deepoove/poi/tl/issue/Issue157.java linha: 62 Método: assertEquals(paragraph.getText(), "老师：t2\n" + "年龄：36")
Assert sem descrição: /home/vitor-otto/opensource/poi-tl-1.12.1/poi-tl/src/test/java/com/deepoove/poi/tl/issue/Issue149.java linha: 49 Método: assertEquals(paragraph.getText(), "{{title}}")
Assert sem descrição: /home/vitor-otto/opensource/poi-tl-1.12.1/poi-tl/src/test/java/com/deepoove/poi/tl/issue/Issue149.java linha: 51 Método: assertEquals(paragraph.getText(), "{{+students}}")
Assert sem descrição: /home/vitor-otto/opensource/poi-tl-1.12.1/poi-tl/src/test/java/com/deepoove/poi/tl/issue/Issue149.java linha: 53 Método: assertEquals(paragraph.getText(), "{{+teachers}}")
Assert sem descrição: /home/vitor-otto/opensource/poi-tl-1.12.1/poi-tl/src/test/java/com/deepoove/poi/tl/issue/Issue149.java linha: 75 Método: assertEquals(paragraph.getText(), "{{title}}")
Assert sem descrição: /home/vitor-otto/opensource/poi-tl-1.12.1/poi-tl/src/test/java/com/deepoove/poi/tl/issue/Issue149.java linha: 77 Método: assertEquals(paragraph.getText(), "{{+students}}")
Assert sem descrição: /home/vitor-otto/opensource/poi-tl-1.12.1/poi-tl/src/test/java/com/deepoove/poi/tl/issue/Issue149.java linha: 79 Método: assertEquals(paragraph.getText(), "{{+teachers}}")
Assert sem descrição: /home/vitor-otto/opensource/poi-tl-1.12.1/poi-tl/src/test/java/com/deepoove/poi/tl/issue/Issue149.java linha: 99 Método: assertEquals(paragraph.getText(), "")
Assert sem descrição: /home/vitor-otto/opensource/poi-tl-1.12.1/poi-tl/src/test/java/com/deepoove/poi/tl/issue/Issue149.java linha: 101 Método: assertEquals(paragraph.getText(), "{{title}}")
Assert sem descrição: /home/vitor-otto/opensource/poi-tl-1.12.1/poi-tl/src/test/java/com/deepoove/poi/tl/issue/Issue149.java linha: 103 Método: assertEquals(paragraph.getText(), "{{+students}}")
Assert sem descrição: /home/vitor-otto/opensource/poi-tl-1.12.1/poi-tl/src/test/java/com/deepoove/poi/tl/issue/Issue149.java linha: 105 Método: assertEquals(paragraph.getText(), "{{+teachers}}")
Assert sem descrição: /home/vitor-otto/opensource/poi-tl-1.12.1/poi-tl/src/test/java/com/deepoove/poi/tl/issue/Issue149.java linha: 119 Método: assertEquals(result.getParagraphs().size(), 1)
Assert sem descrição: /home/vitor-otto/opensource/poi-tl-1.12.1/poi-tl/src/test/java/com/deepoove/poi/tl/issue/Issue149.java linha: 120 Método: assertEquals(result.getParagraphArray(0).getText(), "")
Assert sem descrição: /home/vitor-otto/opensource/poi-tl-1.12.1/poi-tl/src/test/java/com/deepoove/poi/tl/issue/Issue149.java linha: 142 Método: assertEquals(result.getParagraphs().size(), 1)
Assert sem descrição: /home/vitor-otto/opensource/poi-tl-1.12.1/poi-tl/src/test/java/com/deepoove/poi/tl/issue/Issue149.java linha: 143 Método: assertEquals(result.getParagraphArray(0).getText(), "")
Assert sem descrição: /home/vitor-otto/opensource/poi-tl-1.12.1/poi-tl/src/test/java/com/deepoove/poi/tl/issue/Issue149.java linha: 163 Método: assertEquals(result.getParagraphs().size(), 1)
Assert sem descrição: /home/vitor-otto/opensource/poi-tl-1.12.1/poi-tl/src/test/java/com/deepoove/poi/tl/issue/Issue149.java linha: 164 Método: assertEquals(result.getParagraphArray(0).getText(), "")
Assert sem descrição: /home/vitor-otto/opensource/poi-tl-1.12.1/poi-tl/src/test/java/com/deepoove/poi/tl/issue/Issue713.java linha: 14 Método: assertEquals(template.getElementTemplates().get(0).variable(), "{{orderInfo.Self}}")
Assert sem descrição: /home/vitor-otto/opensource/poi-tl-1.12.1/poi-tl/src/test/java/com/deepoove/poi/tl/issue/Issue713.java linha: 15 Método: assertEquals(template.getElementTemplates().get(1).variable(), "{{orderInfo.Remoter}}")
Assert sem descrição: /home/vitor-otto/opensource/poi-tl-1.12.1/poi-tl/src/test/java/com/deepoove/poi/tl/issue/Issue370.java linha: 47 Método: assertEquals(result.getBodyElements().size(), size + target.getBodyElements().size())
Assert sem descrição: /home/vitor-otto/opensource/poi-tl-1.12.1/poi-tl/src/test/java/com/deepoove/poi/tl/issue/Issue810.java linha: 28 Método: Assertions.assertEquals(paragraph.getText(), "data1\tdata1\tdata1")
Assert sem descrição: /home/vitor-otto/opensource/poi-tl-1.12.1/poi-tl/src/test/java/com/deepoove/poi/tl/issue/Issue313.java linha: 55 Método: assertEquals(tables.size(), 2)
Assert sem descrição: /home/vitor-otto/opensource/poi-tl-1.12.1/poi-tl/src/test/java/com/deepoove/poi/tl/issue/Issue313.java linha: 57 Método: assertEquals(tables.get(0).getRows().size(), 3)
Assert sem descrição: /home/vitor-otto/opensource/poi-tl-1.12.1/poi-tl/src/test/java/com/deepoove/poi/tl/issue/Issue313.java linha: 58 Método: assertEquals(tables.get(1).getRows().size(), 2)
Assert sem descrição: /home/vitor-otto/opensource/poi-tl-1.12.1/poi-tl/src/test/java/com/deepoove/poi/tl/issue/Issue111.java linha: 41 Método: assertEquals(paragraph.getText(), "姓名测试姓名0，年龄：测试年龄0。\n" + "姓名测试姓名1，年龄：测试年龄1。\n" + "姓名测试姓名2，年龄：测试年龄2。\n" + "姓名测试姓名3，年龄：测试年龄3。\n" + "姓名测试姓名4，年龄：测试年龄4。\n" + "姓名测试姓名0，年龄：测试年龄0。\n" + "姓名测试姓名1，年龄：测试年龄1。\n" + "姓名测试姓名2，年龄：测试年龄2。\n" + "姓名测试姓名3，年龄：测试年龄3。\n" + "姓名测试姓名4，年龄：测试年龄4。\n")
Assert sem descrição: /home/vitor-otto/opensource/poi-tl-1.12.1/poi-tl/src/test/java/com/deepoove/poi/tl/issue/Issue257.java linha: 47 Método: assertTrue(abstracNumSet.add(abstractNumId))
Assert sem descrição: /home/vitor-otto/opensource/poi-tl-1.12.1/poi-tl/src/test/java/com/deepoove/poi/tl/issue/Issue161.java linha: 40 Método: assertEquals(dataMap.get("projectName"), xwpfTable.getRow(1).getCell(1).getText())
Assert sem descrição: /home/vitor-otto/opensource/poi-tl-1.12.1/poi-tl/src/test/java/com/deepoove/poi/tl/issue/Issue161.java linha: 41 Método: assertEquals(dataMap.get("designDeptName"), xwpfTable.getRow(2).getCell(1).getText())
Assert sem descrição: /home/vitor-otto/opensource/poi-tl-1.12.1/poi-tl/src/test/java/com/deepoove/poi/tl/issue/Issue161.java linha: 42 Método: assertEquals(dataMap.get("applyUnitName"), xwpfTable.getRow(2).getCell(3).getText())
Assert sem descrição: /home/vitor-otto/opensource/poi-tl-1.12.1/poi-tl/src/test/java/com/deepoove/poi/tl/issue/Issue161.java linha: 45 Método: assertTrue(-1 != text.indexOf(dataMap.get("ownerDeptName")))
Assert sem descrição: /home/vitor-otto/opensource/poi-tl-1.12.1/poi-tl/src/test/java/com/deepoove/poi/tl/issue/Issue161.java linha: 46 Método: assertTrue(-1 != text.indexOf(dataMap.get("optimizeReason")))
Assert sem descrição: /home/vitor-otto/opensource/poi-tl-1.12.1/poi-tl/src/test/java/com/deepoove/poi/tl/issue/Issue161.java linha: 47 Método: assertTrue(-1 != text.indexOf(dataMap.get("optimizeChangeName")))
Assert sem descrição: /home/vitor-otto/opensource/poi-tl-1.12.1/poi-tl/src/test/java/com/deepoove/poi/tl/issue/Issue161.java linha: 48 Método: assertTrue(-1 != text.indexOf(dataMap.get("changeType")))
Assert sem descrição: /home/vitor-otto/opensource/poi-tl-1.12.1/poi-tl/src/test/java/com/deepoove/poi/tl/issue/Issue161.java linha: 49 Método: assertTrue(-1 != text.indexOf(dataMap.get("moneyChange")))
Assert sem descrição: /home/vitor-otto/opensource/poi-tl-1.12.1/poi-tl/src/test/java/com/deepoove/poi/tl/issue/Issue331.java linha: 33 Método: assertEquals("QA4时20分2020/3/2 16:20Deepoove website. and 发邮件给作者", document.getParagraphArray(0).getText())
Assert sem descrição: /home/vitor-otto/opensource/poi-tl-1.12.1/poi-tl/src/test/java/com/deepoove/poi/tl/issue/Issue331.java linha: 49 Método: assertEquals("HiAAhttp://baidu.comhttp:deepoove.com", document.getParagraphArray(0).getText())
Assert sem descrição: /home/vitor-otto/opensource/poi-tl-1.12.1/poi-tl/src/test/java/com/deepoove/poi/tl/issue/Issue687.java linha: 31 Método: assertEquals(1, newDocument.getParagraphs().size())
Assert sem descrição: /home/vitor-otto/opensource/poi-tl-1.12.1/poi-tl/src/test/java/com/deepoove/poi/tl/util/PreconditionsTest.java linha: 27 Método: assertThrows(IllegalStateException.class, () -> Preconditions.checkMinimumVersion("3.15-beta1", "3.16", func))
Assert sem descrição: /home/vitor-otto/opensource/poi-tl-1.12.1/poi-tl/src/test/java/com/deepoove/poi/tl/util/PreconditionsTest.java linha: 32 Método: assertThrows(IllegalStateException.class, () -> Preconditions.checkMinimumVersion("3.15-beta1", "4.0.0", func))
Assert sem descrição: /home/vitor-otto/opensource/poi-tl-1.12.1/poi-tl/src/test/java/com/deepoove/poi/tl/util/PreconditionsTest.java linha: 38 Método: assertThrows(IllegalStateException.class, () -> Preconditions.checkMinimumVersion("3.8", "4.0.0", func))
Assert sem descrição: /home/vitor-otto/opensource/poi-tl-1.12.1/poi-tl/src/test/java/com/deepoove/poi/tl/util/PreconditionsTest.java linha: 43 Método: assertThrows(IllegalStateException.class, () -> Preconditions.checkMinimumVersion("3.8-beta1", "4.0.0", func))
Assert sem descrição: /home/vitor-otto/opensource/poi-tl-1.12.1/poi-tl/src/test/java/com/deepoove/poi/tl/util/PreconditionsTest.java linha: 48 Método: assertThrows(IllegalStateException.class, () -> Preconditions.checkMinimumVersion("3.0.2-FINAL", "4.0.0", func))
Assert sem descrição: /home/vitor-otto/opensource/poi-tl-1.12.1/poi-tl/src/test/java/com/deepoove/poi/tl/util/PreconditionsTest.java linha: 54 Método: assertThrows(IllegalStateException.class, () -> Preconditions.checkMinimumVersion("3.16", "4.0.0", func))
Assert sem descrição: /home/vitor-otto/opensource/poi-tl-1.12.1/poi-tl/src/test/java/com/deepoove/poi/tl/util/StyleUtilsTest.java linha: 26 Método: assertEquals(10.5, createRun.getFontSizeAsDouble())
Assert sem descrição: /home/vitor-otto/opensource/poi-tl-1.12.1/poi-tl/src/test/java/com/deepoove/poi/tl/util/StyleUtilsTest.java linha: 32 Método: assertEquals(10.5, destRun.getFontSizeAsDouble())
Assert sem descrição: /home/vitor-otto/opensource/poi-tl-1.12.1/poi-tl/src/test/java/com/deepoove/poi/tl/util/StyleUtilsTest.java linha: 39 Método: assertEquals("11ff22", StyleUtils.toRgb("#1f2"))
Assert sem descrição: /home/vitor-otto/opensource/poi-tl-1.12.1/poi-tl/src/test/java/com/deepoove/poi/tl/util/StyleUtilsTest.java linha: 40 Método: assertEquals("01645a", StyleUtils.toRgb("rgb(1,100,90)"))
Assert sem descrição: /home/vitor-otto/opensource/poi-tl-1.12.1/poi-tl/src/test/java/com/deepoove/poi/tl/util/StyleUtilsTest.java linha: 41 Método: assertEquals("000000", StyleUtils.toRgb("black"))
Assert sem descrição: /home/vitor-otto/opensource/poi-tl-1.12.1/poi-tl-plugin-highlight/src/test/java/com/deepoove/poi/plugin/highlight/StylesheetParserTest.java linha: 44 Método: assertFalse(allCssStyles.isEmpty())
Total asserts: 424
Asserts sem descrição: 424
Asserts com descrição: 0
Assertion Roulette: 380
