
Projeto: /home/vitor-otto/opensource/ripme-1.7.95

Antes do refactor: 
Assert sem descrição: /home/vitor-otto/opensource/ripme-1.7.95/src/test/java/com/rarchives/ripme/tst/AbstractRipperTest.java linha: 17 Método: assertEquals("test.test", fileName)
Assert sem descrição: /home/vitor-otto/opensource/ripme-1.7.95/src/test/java/com/rarchives/ripme/tst/AbstractRipperTest.java linha: 20 Método: assertEquals("test", fileName)
Assert sem descrição: /home/vitor-otto/opensource/ripme-1.7.95/src/test/java/com/rarchives/ripme/tst/AbstractRipperTest.java linha: 23 Método: assertEquals("Object", fileName)
Assert sem descrição: /home/vitor-otto/opensource/ripme-1.7.95/src/test/java/com/rarchives/ripme/tst/AbstractRipperTest.java linha: 26 Método: assertEquals("file.png", fileName)
Assert sem descrição: /home/vitor-otto/opensource/ripme-1.7.95/src/test/java/com/rarchives/ripme/tst/AbstractRipperTest.java linha: 29 Método: assertEquals("file.", fileName)
Assert sem descrição: /home/vitor-otto/opensource/ripme-1.7.95/src/test/java/com/rarchives/ripme/tst/Base64Test.java linha: 12 Método: assertEquals("test", new String(Base64.decode("dGVzdA==")))
Assert sem descrição: /home/vitor-otto/opensource/ripme-1.7.95/src/test/java/com/rarchives/ripme/tst/ripper/rippers/NudeGalsRipperTest.java linha: 20 Método: Assertions.assertEquals("5541", ripper.getGID(new URL("https://nude-gals.com/photoshoot.php?photoshoot_id=5541")))
Assert sem descrição: /home/vitor-otto/opensource/ripme-1.7.95/src/test/java/com/rarchives/ripme/tst/ripper/rippers/BooruRipperTest.java linha: 21 Método: Assertions.assertEquals("furry", ripper.getGID(url))
Assert com mensagem: /home/vitor-otto/opensource/ripme-1.7.95/src/test/java/com/rarchives/ripme/tst/ripper/rippers/ImgurRipperTest.java linha: 30 Método: Assertions.fail("Instantiated ripper for URL that should not work: " + url)
Assert com mensagem: /home/vitor-otto/opensource/ripme-1.7.95/src/test/java/com/rarchives/ripme/tst/ripper/rippers/ImgurRipperTest.java linha: 75 Método: Assertions.assertTrue(album.images.size() >= 20, "Failed to find 20 files from " + album.url.toExternalForm() + ", only got " + album.images.size())
Assert com mensagem: /home/vitor-otto/opensource/ripme-1.7.95/src/test/java/com/rarchives/ripme/tst/ripper/rippers/ImgurRipperTest.java linha: 82 Método: Assertions.assertTrue(album.images.size() >= 100, "Failed to find 100 files from " + album.url.toExternalForm() + ", only got " + album.images.size())
Assert sem descrição: /home/vitor-otto/opensource/ripme-1.7.95/src/test/java/com/rarchives/ripme/tst/ripper/rippers/ImgurRipperTest.java linha: 89 Método: Assertions.assertEquals("https://i.imgur.com/4TtwxRN.mp4", urls.get(0).toExternalForm())
Assert sem descrição: /home/vitor-otto/opensource/ripme-1.7.95/src/test/java/com/rarchives/ripme/tst/ripper/rippers/ImagefapRipperTest.java linha: 37 Método: Assertions.assertEquals("imagefap_Red.Heels.Lover.In.Love_7789753", ripper.getAlbumTitle(url))
Assert sem descrição: /home/vitor-otto/opensource/ripme-1.7.95/src/test/java/com/rarchives/ripme/tst/ripper/rippers/AerisdiesRipperTest.java linha: 34 Método: Assertions.assertEquals("5230", ripper.getGID(url))
Assert sem descrição: /home/vitor-otto/opensource/ripme-1.7.95/src/test/java/com/rarchives/ripme/tst/ripper/rippers/EromeRipperTest.java linha: 16 Método: Assertions.assertEquals("Jay-Jenna", ripper.getGID(url))
Assert sem descrição: /home/vitor-otto/opensource/ripme-1.7.95/src/test/java/com/rarchives/ripme/tst/ripper/rippers/EromeRipperTest.java linha: 22 Método: Assertions.assertEquals("KbDAM1XT", ripper.getGID(url))
Assert sem descrição: /home/vitor-otto/opensource/ripme-1.7.95/src/test/java/com/rarchives/ripme/tst/ripper/rippers/MeituriRipperTest.java linha: 24 Método: Assertions.assertEquals("14449", ripper.getGID(url))
Assert com mensagem: /home/vitor-otto/opensource/ripme-1.7.95/src/test/java/com/rarchives/ripme/tst/ripper/rippers/VideoRippersTest.java linha: 34 Método: Assertions.fail("Error while ripping " + ripper.getURL() + " : " + e)
Assert com mensagem: /home/vitor-otto/opensource/ripme-1.7.95/src/test/java/com/rarchives/ripme/tst/ripper/rippers/VideoRippersTest.java linha: 32 Método: Assertions.assertFalse(oldURL.equals(ripper.getURL()), "Failed to find download url for " + oldURL)
Assert sem descrição: /home/vitor-otto/opensource/ripme-1.7.95/src/test/java/com/rarchives/ripme/tst/ripper/rippers/GfycatporntubeRipperTest.java linha: 23 Método: Assertions.assertEquals("blowjob-bunny-puts-on-a-show", ripper.getGID(url))
Assert sem descrição: /home/vitor-otto/opensource/ripme-1.7.95/src/test/java/com/rarchives/ripme/tst/ripper/rippers/VkRipperTest.java linha: 39 Método: Assertions.assertTrue(ripper.findJSONObjectContainingPhotoId("-45984105_457345201", new JSONObject(json)).similar(new JSONObject(responseJson)))
Assert sem descrição: /home/vitor-otto/opensource/ripme-1.7.95/src/test/java/com/rarchives/ripme/tst/ripper/rippers/VkRipperTest.java linha: 49 Método: Assertions.assertEquals("https://sun9-41.userapi.com/c857520/v857520962/10e24a/EsDDQA36qKI.jpg", ripper.getBestSourceUrl(new JSONObject(json)))
Assert sem descrição: /home/vitor-otto/opensource/ripme-1.7.95/src/test/java/com/rarchives/ripme/tst/ripper/rippers/KingcomixRipperTest.java linha: 25 Método: Assertions.assertEquals("aunt-cumming-tracy-scops", ripper.getGID(url))
Assert sem descrição: /home/vitor-otto/opensource/ripme-1.7.95/src/test/java/com/rarchives/ripme/tst/ripper/rippers/BatoRipperTest.java linha: 25 Método: Assertions.assertEquals("1207152", ripper.getGID(url))
Assert sem descrição: /home/vitor-otto/opensource/ripme-1.7.95/src/test/java/com/rarchives/ripme/tst/ripper/rippers/BatoRipperTest.java linha: 33 Método: Assertions.assertEquals("bato_1207152_I_Messed_Up_by_Teaching_at_a_Black_Gyaru_School!_Ch.2", ripper.getAlbumTitle(url))
Assert sem descrição: /home/vitor-otto/opensource/ripme-1.7.95/src/test/java/com/rarchives/ripme/tst/ripper/rippers/PhotobucketRipperTest.java linha: 45 Método: Assertions.assertEquals(e.getMessage(), "No more pages")
Assert com mensagem: /home/vitor-otto/opensource/ripme-1.7.95/src/test/java/com/rarchives/ripme/tst/ripper/rippers/PhotobucketRipperTest.java linha: 43 Método: Assertions.fail("Get next page did not throw an exception on the last page")
Assert sem descrição: /home/vitor-otto/opensource/ripme-1.7.95/src/test/java/com/rarchives/ripme/tst/ripper/rippers/PhotobucketRipperTest.java linha: 54 Método: Assertions.assertEquals("doublesix66", ripper.getGID(url))
Assert sem descrição: /home/vitor-otto/opensource/ripme-1.7.95/src/test/java/com/rarchives/ripme/tst/ripper/rippers/PhotobucketRipperTest.java linha: 57 Método: Assertions.assertEquals("doublesix66", ripper.getGID(url))
Assert sem descrição: /home/vitor-otto/opensource/ripme-1.7.95/src/test/java/com/rarchives/ripme/tst/ripper/rippers/PhotobucketRipperTest.java linha: 59 Método: Assertions.assertEquals("SpazzySpizzy", ripper.getGID(url))
Assert sem descrição: /home/vitor-otto/opensource/ripme-1.7.95/src/test/java/com/rarchives/ripme/tst/ripper/rippers/PhotobucketRipperTest.java linha: 61 Método: Assertions.assertEquals("SpazzySpizzy", ripper.getGID(url))
Assert sem descrição: /home/vitor-otto/opensource/ripme-1.7.95/src/test/java/com/rarchives/ripme/tst/ripper/rippers/NhentaiRipperTest.java linha: 20 Método: Assertions.assertEquals("233295", ripper.getGID(new URL("https://nhentai.net/g/233295/")))
Assert sem descrição: /home/vitor-otto/opensource/ripme-1.7.95/src/test/java/com/rarchives/ripme/tst/ripper/rippers/NhentaiRipperTest.java linha: 32 Método: Assertions.assertEquals("blowjob", blacklistedTag)
Assert sem descrição: /home/vitor-otto/opensource/ripme-1.7.95/src/test/java/com/rarchives/ripme/tst/ripper/rippers/NhentaiRipperTest.java linha: 37 Método: Assertions.assertEquals("sole-female", blacklistedTag)
Assert sem descrição: /home/vitor-otto/opensource/ripme-1.7.95/src/test/java/com/rarchives/ripme/tst/ripper/rippers/DynastyscansRipperTest.java linha: 20 Método: Assertions.assertEquals("under_one_roof_ch01", ripper.getGID(new URL("https://dynasty-scans.com/chapters/under_one_roof_ch01")))
Assert sem descrição: /home/vitor-otto/opensource/ripme-1.7.95/src/test/java/com/rarchives/ripme/tst/ripper/rippers/HentaifoundryRipperTest.java linha: 20 Método: Assertions.assertEquals("Rakked", ripper.getGID(new URL("https://www.hentai-foundry.com/stories/user/Rakked")))
Assert sem descrição: /home/vitor-otto/opensource/ripme-1.7.95/src/test/java/com/rarchives/ripme/tst/ripper/rippers/StaRipperTest.java linha: 25 Método: Assertions.assertEquals("01umpyuxi4js", ripper.getGID(url))
Assert sem descrição: /home/vitor-otto/opensource/ripme-1.7.95/src/test/java/com/rarchives/ripme/tst/ripper/rippers/SinfestRipperTest.java linha: 21 Método: Assertions.assertEquals("2000-01-17", ripper.getGID(url))
Assert sem descrição: /home/vitor-otto/opensource/ripme-1.7.95/src/test/java/com/rarchives/ripme/tst/ripper/rippers/VidbleRipperTest.java linha: 21 Método: Assertions.assertEquals("y1oyh3zd", ripper.getGID(url))
Assert sem descrição: /home/vitor-otto/opensource/ripme-1.7.95/src/test/java/com/rarchives/ripme/tst/ripper/rippers/RedgifsRipperTest.java linha: 55 Método: Assertions.assertTrue("https://napi.redgifs.com/v1/gfycats/search?search_text=little%20caprice&count=150&start=150".equalsIgnoreCase(doc.location()))
Assert sem descrição: /home/vitor-otto/opensource/ripme-1.7.95/src/test/java/com/rarchives/ripme/tst/ripper/rippers/RedgifsRipperTest.java linha: 57 Método: Assertions.assertTrue("https://napi.redgifs.com/v1/gfycats/search?search_text=little%20caprice&count=150&start=300".equalsIgnoreCase(doc.location()))
Assert sem descrição: /home/vitor-otto/opensource/ripme-1.7.95/src/test/java/com/rarchives/ripme/tst/ripper/rippers/ModelmayhemRipperTest.java linha: 26 Método: Assertions.assertEquals("520206", ripper.getGID(new URL("https://www.modelmayhem.com/portfolio/520206/viewall")))
Assert sem descrição: /home/vitor-otto/opensource/ripme-1.7.95/src/test/java/com/rarchives/ripme/tst/ripper/rippers/NewgroundsRipperTest.java linha: 21 Método: Assertions.assertEquals("zone-sama", ripper.getGID(url))
Assert sem descrição: /home/vitor-otto/opensource/ripme-1.7.95/src/test/java/com/rarchives/ripme/tst/ripper/rippers/TeenplanetRipperTest.java linha: 21 Método: Assertions.assertEquals("the-perfect-side-of-me-6588", ripper.getGID(url))
Assert sem descrição: /home/vitor-otto/opensource/ripme-1.7.95/src/test/java/com/rarchives/ripme/tst/ripper/rippers/TsuminoRipperTest.java linha: 30 Método: Assertions.assertEquals("smell", blacklistedTag)
Assert sem descrição: /home/vitor-otto/opensource/ripme-1.7.95/src/test/java/com/rarchives/ripme/tst/ripper/rippers/TsuminoRipperTest.java linha: 35 Método: Assertions.assertEquals("face sitting", blacklistedTag)
Assert sem descrição: /home/vitor-otto/opensource/ripme-1.7.95/src/test/java/com/rarchives/ripme/tst/ripper/rippers/TsuminoRipperTest.java linha: 40 Método: Assertions.assertNull(blacklistedTag)
Assert sem descrição: /home/vitor-otto/opensource/ripme-1.7.95/src/test/java/com/rarchives/ripme/tst/ripper/rippers/ZizkiRipperTest.java linha: 19 Método: Assertions.assertEquals("dee-chorde", ripper.getGID(url))
Assert sem descrição: /home/vitor-otto/opensource/ripme-1.7.95/src/test/java/com/rarchives/ripme/tst/ripper/rippers/ZizkiRipperTest.java linha: 25 Método: Assertions.assertEquals("zizki_Dee Chorde_We Got Spirit", ripper.getAlbumTitle(url))
Assert sem descrição: /home/vitor-otto/opensource/ripme-1.7.95/src/test/java/com/rarchives/ripme/tst/ripper/rippers/E621RipperTest.java linha: 34 Método: Assertions.assertEquals(e.getMessage(), "No more pages.")
Assert sem descrição: /home/vitor-otto/opensource/ripme-1.7.95/src/test/java/com/rarchives/ripme/tst/ripper/rippers/E621RipperTest.java linha: 61 Método: Assertions.assertEquals(e.getMessage(), "No more pages.")
Assert sem descrição: /home/vitor-otto/opensource/ripme-1.7.95/src/test/java/com/rarchives/ripme/tst/ripper/rippers/RulePornRipperTest.java linha: 21 Método: Assertions.assertEquals("tosh", ripper.getGID(url))
Assert sem descrição: /home/vitor-otto/opensource/ripme-1.7.95/src/test/java/com/rarchives/ripme/tst/ripper/rippers/HitomiRipperTest.java linha: 18 Método: Assertions.assertTrue(ripper.getGID(new URL("https://hitomi.la/galleries/975973.html")).equals("975973"))
Assert sem descrição: /home/vitor-otto/opensource/ripme-1.7.95/src/test/java/com/rarchives/ripme/tst/ripper/rippers/InstagramRipperTest.java linha: 33 Método: Assertions.assertEquals(testURLs.get(url), ripper.getGID(ripper.getURL()))
Assert sem descrição: /home/vitor-otto/opensource/ripme-1.7.95/src/test/java/com/rarchives/ripme/tst/ripper/rippers/WordpressComicRipperTest.java linha: 70 Método: Assertions.assertEquals("konradokonski.com_sawdust", ripper.getAlbumTitle(url))
Assert sem descrição: /home/vitor-otto/opensource/ripme-1.7.95/src/test/java/com/rarchives/ripme/tst/ripper/rippers/WordpressComicRipperTest.java linha: 98 Método: Assertions.assertEquals("8muses.download_lustomic-playkittens-josh-samuel-porn-comics-8-muses", ripper.getAlbumTitle(url))
Assert sem descrição: /home/vitor-otto/opensource/ripme-1.7.95/src/test/java/com/rarchives/ripme/tst/ripper/rippers/WordpressComicRipperTest.java linha: 110 Método: Assertions.assertEquals("spyingwithlana_the-big-hookup", ripper.getAlbumTitle(url))
Assert sem descrição: /home/vitor-otto/opensource/ripme-1.7.95/src/test/java/com/rarchives/ripme/tst/ripper/rippers/DeviantartRipperTest.java linha: 36 Método: Assertions.assertEquals("airgee", ripper.getGID(url))
Assert sem descrição: /home/vitor-otto/opensource/ripme-1.7.95/src/test/java/com/rarchives/ripme/tst/ripper/rippers/DeviantartRipperTest.java linha: 59 Método: Assertions.assertEquals("https://www.deviantart.com/airgee/gallery/", ripper.sanitizeURL(url).toExternalForm())
Assert com mensagem: /home/vitor-otto/opensource/ripme-1.7.95/src/test/java/com/rarchives/ripme/tst/ripper/rippers/VscoRipperTest.java linha: 47 Método: Assertions.assertEquals("jolly-roger/59035", ripper.getGID(url), "Failed to get GID")
Assert sem descrição: /home/vitor-otto/opensource/ripme-1.7.95/src/test/java/com/rarchives/ripme/tst/ripper/rippers/NfsfwRipperTest.java linha: 25 Método: Assertions.assertEquals("Kitten", ripper.getGID(url))
Assert sem descrição: /home/vitor-otto/opensource/ripme-1.7.95/src/test/java/com/rarchives/ripme/tst/ripper/rippers/NfsfwRipperTest.java linha: 27 Método: Assertions.assertEquals("Kitten", ripper.getGID(url))
Assert sem descrição: /home/vitor-otto/opensource/ripme-1.7.95/src/test/java/com/rarchives/ripme/tst/ripper/rippers/NfsfwRipperTest.java linha: 29 Método: Assertions.assertEquals("Kitten__gif_001", ripper.getGID(url))
Assert sem descrição: /home/vitor-otto/opensource/ripme-1.7.95/src/test/java/com/rarchives/ripme/tst/ripper/rippers/NfsfwRipperTest.java linha: 31 Método: Assertions.assertEquals("Kitten__gif_001", ripper.getGID(url))
Assert sem descrição: /home/vitor-otto/opensource/ripme-1.7.95/src/test/java/com/rarchives/ripme/tst/ripper/rippers/FolioRipperTest.java linha: 27 Método: Assertions.assertEquals("DmBe6i", ripper.getGID(url))
Assert sem descrição: /home/vitor-otto/opensource/ripme-1.7.95/src/test/java/com/rarchives/ripme/tst/ripper/rippers/PornhubRipperTest.java linha: 25 Método: Assertions.assertEquals("15680522", ripper.getGID(url))
Assert sem descrição: /home/vitor-otto/opensource/ripme-1.7.95/src/test/java/com/rarchives/ripme/tst/ripper/rippers/PornhubRipperTest.java linha: 27 Método: Assertions.assertEquals("15680522", ripper.getGID(url))
Assert sem descrição: /home/vitor-otto/opensource/ripme-1.7.95/src/test/java/com/rarchives/ripme/tst/ripper/rippers/PornhubRipperTest.java linha: 38 Método: Assertions.assertEquals(baseURL + "?page=" + (idx + 2), page.location())
Assert sem descrição: /home/vitor-otto/opensource/ripme-1.7.95/src/test/java/com/rarchives/ripme/tst/ripper/rippers/PornhubRipperTest.java linha: 44 Método: Assertions.assertEquals(e.getMessage(), "No more pages")
Assert com mensagem: /home/vitor-otto/opensource/ripme-1.7.95/src/test/java/com/rarchives/ripme/tst/ripper/rippers/PornhubRipperTest.java linha: 42 Método: Assertions.fail("Get next page did not throw an exception on the last page")
Assert sem descrição: /home/vitor-otto/opensource/ripme-1.7.95/src/test/java/com/rarchives/ripme/tst/ripper/rippers/SankakuComplexRipperTest.java linha: 33 Método: Assertions.assertEquals("idol._meme_(me!me!me!)_(cosplay)", ripper.getGID(url))
Assert sem descrição: /home/vitor-otto/opensource/ripme-1.7.95/src/test/java/com/rarchives/ripme/tst/ripper/rippers/SankakuComplexRipperTest.java linha: 40 Método: Assertions.assertEquals("idol.", ripper.getSubDomain(url))
Assert sem descrição: /home/vitor-otto/opensource/ripme-1.7.95/src/test/java/com/rarchives/ripme/tst/ripper/rippers/MyhentaigalleryRipperTest.java linha: 22 Método: Assertions.assertEquals("9201", ripper.getGID(url))
Assert sem descrição: /home/vitor-otto/opensource/ripme-1.7.95/src/test/java/com/rarchives/ripme/tst/ripper/rippers/Rule34RipperTest.java linha: 21 Método: Assertions.assertEquals("bimbo", ripper.getGID(url))
Assert sem descrição: /home/vitor-otto/opensource/ripme-1.7.95/src/test/java/com/rarchives/ripme/tst/ripper/rippers/PicstatioRipperTest.java linha: 19 Método: Assertions.assertEquals("aerial-view-wallpapers", ripper.getGID(new URL("https://www.picstatio.com/aerial-view-wallpapers")))
Assert sem descrição: /home/vitor-otto/opensource/ripme-1.7.95/src/test/java/com/rarchives/ripme/tst/ripper/rippers/ShesFreakyRipperTest.java linha: 25 Método: Assertions.assertEquals("nicee-snow-bunny-579NbPjUcYa", ripper.getGID(url))
Assert sem descrição: /home/vitor-otto/opensource/ripme-1.7.95/src/test/java/com/rarchives/ripme/tst/ripper/rippers/TapasticRipperTest.java linha: 23 Método: Assertions.assertEquals("series_ TPIAG", ripper.getGID(url))
Assert sem descrição: /home/vitor-otto/opensource/ripme-1.7.95/src/test/java/com/rarchives/ripme/tst/ripper/rippers/ManganeloRipperTest.java linha: 23 Método: Assertions.assertEquals("demonic_housekeeper", ripper.getGID(url))
Assert sem descrição: /home/vitor-otto/opensource/ripme-1.7.95/src/test/java/com/rarchives/ripme/tst/ripper/rippers/SmuttyRipperTest.java linha: 21 Método: Assertions.assertEquals("QUIGON", ripper.getGID(url))
Assert sem descrição: /home/vitor-otto/opensource/ripme-1.7.95/src/test/java/com/rarchives/ripme/tst/ripper/rippers/XhamsterRipperTest.java linha: 56 Método: Assertions.assertEquals("7254664", ripper.getGID(url))
Assert com mensagem: /home/vitor-otto/opensource/ripme-1.7.95/src/test/java/com/rarchives/ripme/tst/ripper/rippers/ChanRipperTest.java linha: 30 Método: Assertions.assertNotNull(ripper.getWorkingDir(), "Ripper for " + url + " did not have a valid working directory.")
Assert sem descrição: /home/vitor-otto/opensource/ripme-1.7.95/src/test/java/com/rarchives/ripme/tst/ripper/rippers/ChanRipperTest.java linha: 44 Método: Assertions.assertEquals(chansFromConfig.get(0).getDomains(), site1)
Assert sem descrição: /home/vitor-otto/opensource/ripme-1.7.95/src/test/java/com/rarchives/ripme/tst/ripper/rippers/ChanRipperTest.java linha: 45 Método: Assertions.assertEquals(chansFromConfig.get(0).getCdns(), site1Cdns)
Assert sem descrição: /home/vitor-otto/opensource/ripme-1.7.95/src/test/java/com/rarchives/ripme/tst/ripper/rippers/ChanRipperTest.java linha: 47 Método: Assertions.assertEquals(chansFromConfig.get(1).getDomains(), site2)
Assert sem descrição: /home/vitor-otto/opensource/ripme-1.7.95/src/test/java/com/rarchives/ripme/tst/ripper/rippers/ChanRipperTest.java linha: 48 Método: Assertions.assertEquals(chansFromConfig.get(1).getCdns(), site2Cdns)
Assert sem descrição: /home/vitor-otto/opensource/ripme-1.7.95/src/test/java/com/rarchives/ripme/tst/ripper/rippers/FuraffinityRipperTest.java linha: 29 Método: Assertions.assertEquals("mustardgas", ripper.getGID(url))
Assert sem descrição: /home/vitor-otto/opensource/ripme-1.7.95/src/test/java/com/rarchives/ripme/tst/ripper/rippers/ErofusRipperTest.java linha: 20 Método: Assertions.assertEquals("be-story-club-comics", ripper.getGID(new URL("https://www.erofus.com/comics/be-story-club-comics/a-kiss/issue-1")))
Assert sem descrição: /home/vitor-otto/opensource/ripme-1.7.95/src/test/java/com/rarchives/ripme/tst/ripper/rippers/ImagevenueRipperTest.java linha: 25 Método: Assertions.assertEquals("gallery_1373818527696_191lo", ripper.getGID(url))
Assert sem descrição: /home/vitor-otto/opensource/ripme-1.7.95/src/test/java/com/rarchives/ripme/tst/ripper/rippers/ImgboxRipperTest.java linha: 21 Método: Assertions.assertEquals("FJPF7t26FD", ripper.getGID(url))
Assert sem descrição: /home/vitor-otto/opensource/ripme-1.7.95/src/test/java/com/rarchives/ripme/tst/ripper/rippers/HqpornerRipperTest.java linha: 24 Método: Assertions.assertEquals("84636-pool_lesson_with_a_cheating_husband", ripper.getGID(poolURL))
Assert sem descrição: /home/vitor-otto/opensource/ripme-1.7.95/src/test/java/com/rarchives/ripme/tst/ripper/rippers/HqpornerRipperTest.java linha: 43 Método: Assertions.assertEquals(e.getMessage(), "No next page found.")
Assert sem descrição: /home/vitor-otto/opensource/ripme-1.7.95/src/test/java/com/rarchives/ripme/tst/ripper/rippers/MyhentaicomicsRipperTest.java linha: 21 Método: Assertions.assertEquals("Nienna-Lost-Tales", ripper.getGID(url))
Assert sem descrição: /home/vitor-otto/opensource/ripme-1.7.95/src/test/java/com/rarchives/ripme/tst/ripper/rippers/MyhentaicomicsRipperTest.java linha: 23 Método: Assertions.assertEquals("test", ripper.getGID(new URL("http://myhentaicomics.com/index.php/search?q=test")))
Assert sem descrição: /home/vitor-otto/opensource/ripme-1.7.95/src/test/java/com/rarchives/ripme/tst/ripper/rippers/MyhentaicomicsRipperTest.java linha: 25 Método: Assertions.assertEquals("2409", ripper.getGID(new URL("http://myhentaicomics.com/index.php/tag/2409/")))
Assert sem descrição: /home/vitor-otto/opensource/ripme-1.7.95/src/test/java/com/rarchives/ripme/tst/ripper/rippers/MyhentaicomicsRipperTest.java linha: 31 Método: Assertions.assertEquals(15, ripper.getAlbumsToQueue(ripper.getFirstPage()).size())
Assert sem descrição: /home/vitor-otto/opensource/ripme-1.7.95/src/test/java/com/rarchives/ripme/tst/ripper/rippers/MyhentaicomicsRipperTest.java linha: 38 Método: Assertions.assertTrue(ripper.pageContainsAlbums(url))
Assert sem descrição: /home/vitor-otto/opensource/ripme-1.7.95/src/test/java/com/rarchives/ripme/tst/ripper/rippers/MyhentaicomicsRipperTest.java linha: 39 Método: Assertions.assertTrue(ripper.pageContainsAlbums(url2))
Assert sem descrição: /home/vitor-otto/opensource/ripme-1.7.95/src/test/java/com/rarchives/ripme/tst/ripper/rippers/WebtoonsRipperTest.java linha: 27 Método: Assertions.assertEquals("super-hero", ripper.getGID(url))
Assert sem descrição: /home/vitor-otto/opensource/ripme-1.7.95/src/test/java/com/rarchives/ripme/tst/ripper/rippers/YuvutuRipperTest.java linha: 25 Método: Assertions.assertEquals("420333", ripper.getGID(url))
Assert sem descrição: /home/vitor-otto/opensource/ripme-1.7.95/src/test/java/com/rarchives/ripme/tst/ripper/rippers/EightmusesRipperTest.java linha: 26 Método: Assertions.assertEquals("Affect3D-Comics", ripper.getGID(new URL("https://www.8muses.com/comics/album/Affect3D-Comics/TheDude3DX/Lust-Unleashed-The-Urge-To-Explore")))
Assert sem descrição: /home/vitor-otto/opensource/ripme-1.7.95/src/test/java/com/rarchives/ripme/tst/ripper/rippers/EightmusesRipperTest.java linha: 31 Método: Assertions.assertEquals("After-Party-Issue-1", ripper.getSubdir("After Party - Issue 1"))
Assert sem descrição: /home/vitor-otto/opensource/ripme-1.7.95/src/test/java/com/rarchives/ripme/tst/ripper/rippers/HypnohubRipperTest.java linha: 26 Método: Assertions.assertEquals("2303", ripper.getGID(poolURL))
Assert sem descrição: /home/vitor-otto/opensource/ripme-1.7.95/src/test/java/com/rarchives/ripme/tst/ripper/rippers/HypnohubRipperTest.java linha: 29 Método: Assertions.assertEquals("63464_black_hair-bracelet-collar-corruption-female_only-", ripper.getGID(postURL))
Assert sem descrição: /home/vitor-otto/opensource/ripme-1.7.95/src/test/java/com/rarchives/ripme/tst/ripper/rippers/LusciousRipperTest.java linha: 25 Método: Assertions.assertEquals("h-na-alice-wa-suki-desu-ka-do-you-like-alice-when_321609", ripper.getGID(url))
Assert sem descrição: /home/vitor-otto/opensource/ripme-1.7.95/src/test/java/com/rarchives/ripme/tst/ripper/rippers/LusciousRipperTest.java linha: 40 Método: Assertions.assertEquals("No next page found.", e.getMessage())
Assert sem descrição: /home/vitor-otto/opensource/ripme-1.7.95/src/test/java/com/rarchives/ripme/tst/ripper/rippers/EhentaiRipperTest.java linha: 28 Método: Assertions.assertEquals("yuri", blacklistedTag)
Assert sem descrição: /home/vitor-otto/opensource/ripme-1.7.95/src/test/java/com/rarchives/ripme/tst/ripper/rippers/EhentaiRipperTest.java linha: 33 Método: Assertions.assertEquals("midnight on mars", blacklistedTag)
Assert sem descrição: /home/vitor-otto/opensource/ripme-1.7.95/src/test/java/com/rarchives/ripme/tst/ripper/rippers/HentainexusRipperTest.java linha: 40 Método: Assert.assertEquals(true, testOK)
Assert sem descrição: /home/vitor-otto/opensource/ripme-1.7.95/src/test/java/com/rarchives/ripme/tst/ripper/rippers/TheyiffgalleryRipperTest.java linha: 23 Método: Assertions.assertEquals("4303", ripper.getGID(url))
Assert com mensagem: /home/vitor-otto/opensource/ripme-1.7.95/src/test/java/com/rarchives/ripme/tst/ripper/rippers/RippersTest.java linha: 42 Método: Assertions.fail("Failed to rip " + ripper.getURL() + " : " + e.getMessage())
Assert com mensagem: /home/vitor-otto/opensource/ripme-1.7.95/src/test/java/com/rarchives/ripme/tst/ripper/rippers/RippersTest.java linha: 46 Método: Assertions.fail("Failed to rip " + ripper.getURL() + " : " + e.getMessage())
Assert com mensagem: /home/vitor-otto/opensource/ripme-1.7.95/src/test/java/com/rarchives/ripme/tst/ripper/rippers/RippersTest.java linha: 35 Método: Assertions.assertTrue(ripper.getWorkingDir().listFiles().length >= 1, "Failed to download a single file from " + ripper.getURL())
Assert com mensagem: /home/vitor-otto/opensource/ripme-1.7.95/src/test/java/com/rarchives/ripme/tst/ripper/rippers/RippersTest.java linha: 74 Método: Assertions.fail("Failed to rip " + ripper.getURL() + " : " + e.getMessage())
Assert com mensagem: /home/vitor-otto/opensource/ripme-1.7.95/src/test/java/com/rarchives/ripme/tst/ripper/rippers/RippersTest.java linha: 78 Método: Assertions.fail("Failed to rip " + ripper.getURL() + " : " + e.getMessage())
Assert com mensagem: /home/vitor-otto/opensource/ripme-1.7.95/src/test/java/com/rarchives/ripme/tst/ripper/rippers/RippersTest.java linha: 68 Método: Assertions.assertTrue(foundUrls.size() >= 1, "Failed to find single url on page " + ripper.getURL())
Assert sem descrição: /home/vitor-otto/opensource/ripme-1.7.95/src/test/java/com/rarchives/ripme/tst/proxyTest.java linha: 28 Método: assertFalse(ip1.equals(ip2))
Assert sem descrição: /home/vitor-otto/opensource/ripme-1.7.95/src/test/java/com/rarchives/ripme/tst/proxyTest.java linha: 48 Método: assertFalse(ip1.equals(ip2))
Assert sem descrição: /home/vitor-otto/opensource/ripme-1.7.95/src/test/java/com/rarchives/ripme/tst/UtilsTest.java linha: 16 Método: Assertions.assertEquals("jpeg", Utils.getEXTFromMagic(new byte[] { -1, -40, -1, -37, 0, 0, 0, 0 }))
Assert sem descrição: /home/vitor-otto/opensource/ripme-1.7.95/src/test/java/com/rarchives/ripme/tst/UtilsTest.java linha: 17 Método: Assertions.assertEquals("png", Utils.getEXTFromMagic(new byte[] { -119, 80, 78, 71, 13, 0, 0, 0 }))
Assert sem descrição: /home/vitor-otto/opensource/ripme-1.7.95/src/test/java/com/rarchives/ripme/tst/UtilsTest.java linha: 21 Método: Assertions.assertEquals("http://example.tld/image.ext", Utils.stripURLParameter("http://example.tld/image.ext?param", "param"))
Assert sem descrição: /home/vitor-otto/opensource/ripme-1.7.95/src/test/java/com/rarchives/ripme/tst/UtilsTest.java linha: 27 Método: Assertions.assertEquals("/test/test1", Utils.shortenPath("/test/test1"))
Assert sem descrição: /home/vitor-otto/opensource/ripme-1.7.95/src/test/java/com/rarchives/ripme/tst/UtilsTest.java linha: 28 Método: Assertions.assertEquals("/test/test/t...st/test/test", Utils.shortenPath(path))
Assert sem descrição: /home/vitor-otto/opensource/ripme-1.7.95/src/test/java/com/rarchives/ripme/tst/UtilsTest.java linha: 32 Método: Assertions.assertEquals("10.00iB", Utils.bytesToHumanReadable(10))
Assert sem descrição: /home/vitor-otto/opensource/ripme-1.7.95/src/test/java/com/rarchives/ripme/tst/UtilsTest.java linha: 33 Método: Assertions.assertEquals("1.00KiB", Utils.bytesToHumanReadable(1024))
Assert sem descrição: /home/vitor-otto/opensource/ripme-1.7.95/src/test/java/com/rarchives/ripme/tst/UtilsTest.java linha: 34 Método: Assertions.assertEquals("1.00MiB", Utils.bytesToHumanReadable(1024 * 1024))
Assert sem descrição: /home/vitor-otto/opensource/ripme-1.7.95/src/test/java/com/rarchives/ripme/tst/UtilsTest.java linha: 35 Método: Assertions.assertEquals("1.00GiB", Utils.bytesToHumanReadable(1024 * 1024 * 1024))
Assert sem descrição: /home/vitor-otto/opensource/ripme-1.7.95/src/test/java/com/rarchives/ripme/tst/UtilsTest.java linha: 43 Método: Assertions.assertEquals("5%  - 500.00iB / 97.66KiB", Utils.getByteStatusText(5, 500, 100000))
Assert sem descrição: /home/vitor-otto/opensource/ripme-1.7.95/src/test/java/com/rarchives/ripme/tst/UtilsTest.java linha: 47 Método: Assertions.assertEquals(Arrays.asList(" is a "), Utils.between("This is a test", "This", "test"))
Assert sem descrição: /home/vitor-otto/opensource/ripme-1.7.95/src/test/java/com/rarchives/ripme/tst/UtilsTest.java linha: 54 Método: Assertions.assertEquals(new File("D:/rips/test/reddit/deep/ffffffffffffffffffffffffffffffffffffffffffffffffffffffffffffffffffffffffffffffffffffffffffffffffffffffffffffffffffffffffffffffffffffffffffffffffffffffffffffffffffffffffffffffffffffffffffffffffffffffffffffffff.png"), f)
Assert sem descrição: /home/vitor-otto/opensource/ripme-1.7.95/src/test/java/com/rarchives/ripme/tst/UtilsTest.java linha: 60 Método: Assertions.assertEquals("This is a _ !__ test", Utils.sanitizeSaveAs("This is a \" !<? test"))
Assert com mensagem: /home/vitor-otto/opensource/ripme-1.7.95/src/test/java/com/rarchives/ripme/tst/ui/LabelsBundlesTest.java linha: 56 Método: assertTrue(defaultSet.contains(key), String.format("The key %s of %s is not in the default bundle", key, lang))
Assert sem descrição: /home/vitor-otto/opensource/ripme-1.7.95/src/test/java/com/rarchives/ripme/tst/ui/RipStatusMessageTest.java linha: 16 Método: Assertions.assertEquals(loadingResource, ripStatusMessage.getStatus())
Assert sem descrição: /home/vitor-otto/opensource/ripme-1.7.95/src/test/java/com/rarchives/ripme/tst/ui/RipStatusMessageTest.java linha: 17 Método: Assertions.assertEquals(path, ripStatusMessage.getObject())
Assert sem descrição: /home/vitor-otto/opensource/ripme-1.7.95/src/test/java/com/rarchives/ripme/tst/ui/RipStatusMessageTest.java linha: 18 Método: Assertions.assertEquals(toStringValue, ripStatusMessage.toString())
Total asserts: 134
Asserts sem descrição: 118
Asserts com descrição: 16
Assertion Roulette: 49
