
Projeto: /home/vitor-otto/opensource/spring-cloud-netflix-4.0.0

Antes do refactor: 
Assert sem descrição: /home/vitor-otto/opensource/spring-cloud-netflix-4.0.0/spring-cloud-netflix-eureka-client-tls-tests/src/test/java/org/springframework/cloud/netflix/eureka/EurekaClientTest.java linha: 42 Método: assertThat(service.discoveryClientOptionalArgs())
Assert sem descrição: /home/vitor-otto/opensource/spring-cloud-netflix-4.0.0/spring-cloud-netflix-eureka-client-tls-tests/src/test/java/org/springframework/cloud/netflix/eureka/RestTemplateEurekaClientTest.java linha: 51 Método: assertThat(service.discoveryClientOptionalArgs())
Assert sem descrição: /home/vitor-otto/opensource/spring-cloud-netflix-4.0.0/spring-cloud-netflix-eureka-client-tls-tests/src/test/java/org/springframework/cloud/netflix/eureka/BaseCertTest.java linha: 139 Método: assertThat(client.foundServiceViaEureka())
Assert sem descrição: /home/vitor-otto/opensource/spring-cloud-netflix-4.0.0/spring-cloud-netflix-eureka-client-tls-tests/src/test/java/org/springframework/cloud/netflix/eureka/BaseCertTest.java linha: 149 Método: assertThat(client.foundServiceViaEureka())
Assert sem descrição: /home/vitor-otto/opensource/spring-cloud-netflix-4.0.0/spring-cloud-netflix-eureka-client-tls-tests/src/test/java/org/springframework/cloud/netflix/eureka/BaseCertTest.java linha: 158 Método: Assertions.assertThrows(BeanCreationException.class, client::start)
Assert sem descrição: /home/vitor-otto/opensource/spring-cloud-netflix-4.0.0/spring-cloud-netflix-eureka-client-tls-tests/src/test/java/org/springframework/cloud/netflix/eureka/BaseCertTest.java linha: 166 Método: Assertions.assertThrows(BeanCreationException.class, client::start)
Assert sem descrição: /home/vitor-otto/opensource/spring-cloud-netflix-4.0.0/spring-cloud-netflix-eureka-client-tls-tests/src/test/java/org/springframework/cloud/netflix/eureka/BaseCertTest.java linha: 175 Método: assertThat(client.foundServiceViaEureka())
Assert sem descrição: /home/vitor-otto/opensource/spring-cloud-netflix-4.0.0/spring-cloud-netflix-eureka-client/src/test/java/org/springframework/cloud/netflix/eureka/config/EurekaHttpClientsOptionalArgsConfigurationNoWebfluxTest.java linha: 54 Método: assertThat(e)
Assert com mensagem: /home/vitor-otto/opensource/spring-cloud-netflix-4.0.0/spring-cloud-netflix-eureka-client/src/test/java/org/springframework/cloud/netflix/eureka/config/EurekaHttpClientsOptionalArgsConfigurationNoWebfluxTest.java linha: 50 Método: fail("exception not thrown")
Assert sem descrição: /home/vitor-otto/opensource/spring-cloud-netflix-4.0.0/spring-cloud-netflix-eureka-client/src/test/java/org/springframework/cloud/netflix/eureka/config/EurekaConfigServerBootstrapperTests.java linha: 39 Método: assertThat(providerFn.apply("id"))
Assert sem descrição: /home/vitor-otto/opensource/spring-cloud-netflix-4.0.0/spring-cloud-netflix-eureka-client/src/test/java/org/springframework/cloud/netflix/eureka/config/EurekaConfigServerBootstrapperTests.java linha: 51 Método: assertThat(providerFn.apply("id"))
Assert sem descrição: /home/vitor-otto/opensource/spring-cloud-netflix-4.0.0/spring-cloud-netflix-eureka-client/src/test/java/org/springframework/cloud/netflix/eureka/config/EurekaConfigServerBootstrapperTests.java linha: 63 Método: assertThat(providerFn.apply("id"))
Assert sem descrição: /home/vitor-otto/opensource/spring-cloud-netflix-4.0.0/spring-cloud-netflix-eureka-client/src/test/java/org/springframework/cloud/netflix/eureka/config/JerseyOptionalArgsConfigurationTest.java linha: 42 Método: assertThat(optionalArgs)
Assert sem descrição: /home/vitor-otto/opensource/spring-cloud-netflix-4.0.0/spring-cloud-netflix-eureka-client/src/test/java/org/springframework/cloud/netflix/eureka/config/EurekaHttpClientsOptionalArgsConfigurationTest.java linha: 45 Método: assertThat(context)
Assert sem descrição: /home/vitor-otto/opensource/spring-cloud-netflix-4.0.0/spring-cloud-netflix-eureka-client/src/test/java/org/springframework/cloud/netflix/eureka/config/EurekaHttpClientsOptionalArgsConfigurationTest.java linha: 46 Método: assertThat(context)
Assert sem descrição: /home/vitor-otto/opensource/spring-cloud-netflix-4.0.0/spring-cloud-netflix-eureka-client/src/test/java/org/springframework/cloud/netflix/eureka/config/EurekaHttpClientsOptionalArgsConfigurationTest.java linha: 54 Método: assertThat(context)
Assert sem descrição: /home/vitor-otto/opensource/spring-cloud-netflix-4.0.0/spring-cloud-netflix-eureka-client/src/test/java/org/springframework/cloud/netflix/eureka/config/EurekaHttpClientsOptionalArgsConfigurationTest.java linha: 55 Método: assertThat(context)
Assert sem descrição: /home/vitor-otto/opensource/spring-cloud-netflix-4.0.0/spring-cloud-netflix-eureka-client/src/test/java/org/springframework/cloud/netflix/eureka/config/EurekaHttpClientsOptionalArgsConfigurationTest.java linha: 62 Método: assertThat(context)
Assert sem descrição: /home/vitor-otto/opensource/spring-cloud-netflix-4.0.0/spring-cloud-netflix-eureka-client/src/test/java/org/springframework/cloud/netflix/eureka/config/EurekaHttpClientsOptionalArgsConfigurationTest.java linha: 63 Método: assertThat(context)
Assert sem descrição: /home/vitor-otto/opensource/spring-cloud-netflix-4.0.0/spring-cloud-netflix-eureka-client/src/test/java/org/springframework/cloud/netflix/eureka/config/EurekaConfigServerBootstrapConfigurationWebClientIntegrationTests.java linha: 57 Método: assertThat(response)
Assert sem descrição: /home/vitor-otto/opensource/spring-cloud-netflix-4.0.0/spring-cloud-netflix-eureka-client/src/test/java/org/springframework/cloud/netflix/eureka/config/EurekaConfigServerBootstrapConfigurationWebClientIntegrationTests.java linha: 58 Método: assertThat(response.statusCode())
Assert sem descrição: /home/vitor-otto/opensource/spring-cloud-netflix-4.0.0/spring-cloud-netflix-eureka-client/src/test/java/org/springframework/cloud/netflix/eureka/config/EurekaConfigServerBootstrapConfigurationWebClientIntegrationTests.java linha: 59 Método: assertThat(response.bodyToMono(String.class).block())
Assert sem descrição: /home/vitor-otto/opensource/spring-cloud-netflix-4.0.0/spring-cloud-netflix-eureka-client/src/test/java/org/springframework/cloud/netflix/eureka/config/EurekaConfigServerBootstrapConfigurationTests.java linha: 153 Método: assertThat(output)
Assert sem descrição: /home/vitor-otto/opensource/spring-cloud-netflix-4.0.0/spring-cloud-netflix-eureka-client/src/test/java/org/springframework/cloud/netflix/eureka/config/EurekaConfigServerBootstrapConfigurationTests.java linha: 167 Método: assertThat(output)
Assert sem descrição: /home/vitor-otto/opensource/spring-cloud-netflix-4.0.0/spring-cloud-netflix-eureka-client/src/test/java/org/springframework/cloud/netflix/eureka/config/EurekaConfigServerBootstrapConfigurationTests.java linha: 172 Método: assertThat(context)
Assert sem descrição: /home/vitor-otto/opensource/spring-cloud-netflix-4.0.0/spring-cloud-netflix-eureka-client/src/test/java/org/springframework/cloud/netflix/eureka/config/EurekaConfigServerBootstrapConfigurationTests.java linha: 173 Método: assertThat(context)
Assert sem descrição: /home/vitor-otto/opensource/spring-cloud-netflix-4.0.0/spring-cloud-netflix-eureka-client/src/test/java/org/springframework/cloud/netflix/eureka/config/EurekaConfigServerBootstrapConfigurationTests.java linha: 174 Método: assertThat(context)
Assert sem descrição: /home/vitor-otto/opensource/spring-cloud-netflix-4.0.0/spring-cloud-netflix-eureka-client/src/test/java/org/springframework/cloud/netflix/eureka/config/EurekaConfigServerBootstrapConfigurationTests.java linha: 178 Método: assertThat(context)
Assert sem descrição: /home/vitor-otto/opensource/spring-cloud-netflix-4.0.0/spring-cloud-netflix-eureka-client/src/test/java/org/springframework/cloud/netflix/eureka/config/EurekaConfigServerBootstrapConfigurationTests.java linha: 179 Método: assertThat(context)
Assert sem descrição: /home/vitor-otto/opensource/spring-cloud-netflix-4.0.0/spring-cloud-netflix-eureka-client/src/test/java/org/springframework/cloud/netflix/eureka/config/EurekaConfigServerBootstrapConfigurationTests.java linha: 180 Método: assertThat(context)
Assert sem descrição: /home/vitor-otto/opensource/spring-cloud-netflix-4.0.0/spring-cloud-netflix-eureka-client/src/test/java/org/springframework/cloud/netflix/eureka/config/EurekaClientConfigServerAutoConfigurationTests.java linha: 40 Método: assertThat(c.getBeanNamesForType(EurekaInstanceConfigBean.class).length)
Assert sem descrição: /home/vitor-otto/opensource/spring-cloud-netflix-4.0.0/spring-cloud-netflix-eureka-client/src/test/java/org/springframework/cloud/netflix/eureka/config/EurekaClientConfigServerAutoConfigurationTests.java linha: 49 Método: assertThat(c.getBeanNamesForType(EurekaInstanceConfig.class).length)
Assert sem descrição: /home/vitor-otto/opensource/spring-cloud-netflix-4.0.0/spring-cloud-netflix-eureka-client/src/test/java/org/springframework/cloud/netflix/eureka/config/EurekaClientConfigServerAutoConfigurationTests.java linha: 51 Método: assertThat(instance.getMetadataMap().get("configPath"))
Assert sem descrição: /home/vitor-otto/opensource/spring-cloud-netflix-4.0.0/spring-cloud-netflix-eureka-client/src/test/java/org/springframework/cloud/netflix/eureka/config/EurekaClientConfigServerAutoConfigurationTests.java linha: 62 Método: assertThat(c.getBeanNamesForType(EurekaInstanceConfig.class).length)
Assert sem descrição: /home/vitor-otto/opensource/spring-cloud-netflix-4.0.0/spring-cloud-netflix-eureka-client/src/test/java/org/springframework/cloud/netflix/eureka/config/EurekaClientConfigServerAutoConfigurationTests.java linha: 64 Método: assertThat(instance.getMetadataMap().get("configPath"))
Assert sem descrição: /home/vitor-otto/opensource/spring-cloud-netflix-4.0.0/spring-cloud-netflix-eureka-client/src/test/java/org/springframework/cloud/netflix/eureka/config/EurekaConfigServerBootstrapConfigurationWebClientTests.java linha: 42 Método: assertThat(context)
Assert sem descrição: /home/vitor-otto/opensource/spring-cloud-netflix-4.0.0/spring-cloud-netflix-eureka-client/src/test/java/org/springframework/cloud/netflix/eureka/config/EurekaConfigServerBootstrapConfigurationWebClientTests.java linha: 43 Método: assertThat(context)
Assert sem descrição: /home/vitor-otto/opensource/spring-cloud-netflix-4.0.0/spring-cloud-netflix-eureka-client/src/test/java/org/springframework/cloud/netflix/eureka/config/EurekaConfigServerBootstrapConfigurationWebClientTests.java linha: 44 Método: assertThat(context)
Assert sem descrição: /home/vitor-otto/opensource/spring-cloud-netflix-4.0.0/spring-cloud-netflix-eureka-client/src/test/java/org/springframework/cloud/netflix/eureka/config/EurekaConfigServerBootstrapConfigurationWebClientTests.java linha: 54 Método: assertThat(context)
Assert sem descrição: /home/vitor-otto/opensource/spring-cloud-netflix-4.0.0/spring-cloud-netflix-eureka-client/src/test/java/org/springframework/cloud/netflix/eureka/config/EurekaConfigServerBootstrapConfigurationWebClientTests.java linha: 55 Método: assertThat(context)
Assert sem descrição: /home/vitor-otto/opensource/spring-cloud-netflix-4.0.0/spring-cloud-netflix-eureka-client/src/test/java/org/springframework/cloud/netflix/eureka/config/EurekaConfigServerBootstrapConfigurationWebClientTests.java linha: 56 Método: assertThat(context)
Assert sem descrição: /home/vitor-otto/opensource/spring-cloud-netflix-4.0.0/spring-cloud-netflix-eureka-client/src/test/java/org/springframework/cloud/netflix/eureka/config/EurekaConfigServerBootstrapConfigurationWebClientTests.java linha: 57 Método: assertThat(context)
Assert sem descrição: /home/vitor-otto/opensource/spring-cloud-netflix-4.0.0/spring-cloud-netflix-eureka-client/src/test/java/org/springframework/cloud/netflix/eureka/EurekaClientAutoConfigurationTests.java linha: 105 Método: assertThat(instance.getMetadataMap().get("management.port"))
Assert sem descrição: /home/vitor-otto/opensource/spring-cloud-netflix-4.0.0/spring-cloud-netflix-eureka-client/src/test/java/org/springframework/cloud/netflix/eureka/EurekaClientAutoConfigurationTests.java linha: 115 Método: assertThat(instance.getMetadataMap().get("management.port"))
Assert sem descrição: /home/vitor-otto/opensource/spring-cloud-netflix-4.0.0/spring-cloud-netflix-eureka-client/src/test/java/org/springframework/cloud/netflix/eureka/EurekaClientAutoConfigurationTests.java linha: 116 Método: assertThat(instance.getMetadataMap().get("jmx.port"))
Assert sem descrição: /home/vitor-otto/opensource/spring-cloud-netflix-4.0.0/spring-cloud-netflix-eureka-client/src/test/java/org/springframework/cloud/netflix/eureka/EurekaClientAutoConfigurationTests.java linha: 126 Método: assertThat(instance.getMetadataMap().get("management.port"))
Assert sem descrição: /home/vitor-otto/opensource/spring-cloud-netflix-4.0.0/spring-cloud-netflix-eureka-client/src/test/java/org/springframework/cloud/netflix/eureka/EurekaClientAutoConfigurationTests.java linha: 127 Método: assertThat(instance.getMetadataMap().get("jmx.port"))
Assert sem descrição: /home/vitor-otto/opensource/spring-cloud-netflix-4.0.0/spring-cloud-netflix-eureka-client/src/test/java/org/springframework/cloud/netflix/eureka/EurekaClientAutoConfigurationTests.java linha: 137 Método: assertThat(instance.getMetadataMap().get("management.port"))
Assert sem descrição: /home/vitor-otto/opensource/spring-cloud-netflix-4.0.0/spring-cloud-netflix-eureka-client/src/test/java/org/springframework/cloud/netflix/eureka/EurekaClientAutoConfigurationTests.java linha: 138 Método: assertThat(instance.getMetadataMap().get("jmx.port"))
Assert sem descrição: /home/vitor-otto/opensource/spring-cloud-netflix-4.0.0/spring-cloud-netflix-eureka-client/src/test/java/org/springframework/cloud/netflix/eureka/EurekaClientAutoConfigurationTests.java linha: 154 Método: assertThat(this.context.getBeanDefinition("eurekaClient").getFactoryMethodName())
Assert sem descrição: /home/vitor-otto/opensource/spring-cloud-netflix-4.0.0/spring-cloud-netflix-eureka-client/src/test/java/org/springframework/cloud/netflix/eureka/EurekaClientAutoConfigurationTests.java linha: 167 Método: assertThat(getInstanceConfig().getSecurePort())
Assert sem descrição: /home/vitor-otto/opensource/spring-cloud-netflix-4.0.0/spring-cloud-netflix-eureka-client/src/test/java/org/springframework/cloud/netflix/eureka/EurekaClientAutoConfigurationTests.java linha: 173 Método: assertThat(this.context.getBeanDefinition("eurekaClient").getFactoryMethodName())
Assert sem descrição: /home/vitor-otto/opensource/spring-cloud-netflix-4.0.0/spring-cloud-netflix-eureka-client/src/test/java/org/springframework/cloud/netflix/eureka/EurekaClientAutoConfigurationTests.java linha: 181 Método: assertThat(instance.getStatusPageUrl().contains("9999"))
Assert sem descrição: /home/vitor-otto/opensource/spring-cloud-netflix-4.0.0/spring-cloud-netflix-eureka-client/src/test/java/org/springframework/cloud/netflix/eureka/EurekaClientAutoConfigurationTests.java linha: 191 Método: assertThat(instance.getStatusPageUrl().contains("/myStatusPage"))
Assert sem descrição: /home/vitor-otto/opensource/spring-cloud-netflix-4.0.0/spring-cloud-netflix-eureka-client/src/test/java/org/springframework/cloud/netflix/eureka/EurekaClientAutoConfigurationTests.java linha: 201 Método: assertThat(instance.getHealthCheckUrl().contains("/myHealthCheck"))
Assert sem descrição: /home/vitor-otto/opensource/spring-cloud-netflix-4.0.0/spring-cloud-netflix-eureka-client/src/test/java/org/springframework/cloud/netflix/eureka/EurekaClientAutoConfigurationTests.java linha: 212 Método: assertThat(instance.getStatusPageUrl().endsWith(":9999/actuator/info"))
Assert sem descrição: /home/vitor-otto/opensource/spring-cloud-netflix-4.0.0/spring-cloud-netflix-eureka-client/src/test/java/org/springframework/cloud/netflix/eureka/EurekaClientAutoConfigurationTests.java linha: 214 Método: assertThat(instance.getHealthCheckUrl().endsWith(":9999/actuator/health"))
Assert sem descrição: /home/vitor-otto/opensource/spring-cloud-netflix-4.0.0/spring-cloud-netflix-eureka-client/src/test/java/org/springframework/cloud/netflix/eureka/EurekaClientAutoConfigurationTests.java linha: 225 Método: assertThat(instance.getStatusPageUrl().endsWith(":8989/management/actuator/info"))
Assert sem descrição: /home/vitor-otto/opensource/spring-cloud-netflix-4.0.0/spring-cloud-netflix-eureka-client/src/test/java/org/springframework/cloud/netflix/eureka/EurekaClientAutoConfigurationTests.java linha: 227 Método: assertThat(instance.getHealthCheckUrl().endsWith(":8989/management/actuator/health"))
Assert sem descrição: /home/vitor-otto/opensource/spring-cloud-netflix-4.0.0/spring-cloud-netflix-eureka-client/src/test/java/org/springframework/cloud/netflix/eureka/EurekaClientAutoConfigurationTests.java linha: 238 Método: assertThat(instance.getStatusPageUrlPath().equals("/management/actuator/info"))
Assert sem descrição: /home/vitor-otto/opensource/spring-cloud-netflix-4.0.0/spring-cloud-netflix-eureka-client/src/test/java/org/springframework/cloud/netflix/eureka/EurekaClientAutoConfigurationTests.java linha: 240 Método: assertThat(instance.getHealthCheckUrlPath().equals("/management/actuator/health"))
Assert sem descrição: /home/vitor-otto/opensource/spring-cloud-netflix-4.0.0/spring-cloud-netflix-eureka-client/src/test/java/org/springframework/cloud/netflix/eureka/EurekaClientAutoConfigurationTests.java linha: 251 Método: assertThat(instance.getStatusPageUrl().endsWith(":9999/manage/myStatusPage"))
Assert sem descrição: /home/vitor-otto/opensource/spring-cloud-netflix-4.0.0/spring-cloud-netflix-eureka-client/src/test/java/org/springframework/cloud/netflix/eureka/EurekaClientAutoConfigurationTests.java linha: 263 Método: assertThat(instance.getHealthCheckUrl().endsWith(":9999/manage/myHealthCheck"))
Assert sem descrição: /home/vitor-otto/opensource/spring-cloud-netflix-4.0.0/spring-cloud-netflix-eureka-client/src/test/java/org/springframework/cloud/netflix/eureka/EurekaClientAutoConfigurationTests.java linha: 274 Método: assertThat(instance.getStatusPageUrl().endsWith(":9999/manage/myStatusPage"))
Assert sem descrição: /home/vitor-otto/opensource/spring-cloud-netflix-4.0.0/spring-cloud-netflix-eureka-client/src/test/java/org/springframework/cloud/netflix/eureka/EurekaClientAutoConfigurationTests.java linha: 286 Método: assertThat(instance.getHealthCheckUrl().endsWith(":9999/manage/myHealthCheck"))
Assert sem descrição: /home/vitor-otto/opensource/spring-cloud-netflix-4.0.0/spring-cloud-netflix-eureka-client/src/test/java/org/springframework/cloud/netflix/eureka/EurekaClientAutoConfigurationTests.java linha: 296 Método: assertThat(instance.getStatusPageUrl().endsWith(":8989/management/actuator/info"))
Assert sem descrição: /home/vitor-otto/opensource/spring-cloud-netflix-4.0.0/spring-cloud-netflix-eureka-client/src/test/java/org/springframework/cloud/netflix/eureka/EurekaClientAutoConfigurationTests.java linha: 298 Método: assertThat(instance.getHealthCheckUrl().endsWith(":8989/management/actuator/health"))
Assert sem descrição: /home/vitor-otto/opensource/spring-cloud-netflix-4.0.0/spring-cloud-netflix-eureka-client/src/test/java/org/springframework/cloud/netflix/eureka/EurekaClientAutoConfigurationTests.java linha: 308 Método: assertThat(instance.getStatusPageUrlPath().equals("/management/actuator/info"))
Assert sem descrição: /home/vitor-otto/opensource/spring-cloud-netflix-4.0.0/spring-cloud-netflix-eureka-client/src/test/java/org/springframework/cloud/netflix/eureka/EurekaClientAutoConfigurationTests.java linha: 310 Método: assertThat(instance.getHealthCheckUrlPath().equals("/management/actuator/health"))
Assert sem descrição: /home/vitor-otto/opensource/spring-cloud-netflix-4.0.0/spring-cloud-netflix-eureka-client/src/test/java/org/springframework/cloud/netflix/eureka/EurekaClientAutoConfigurationTests.java linha: 320 Método: assertThat(instance.getStatusPageUrl().endsWith(":9999/manage/myStatusPage"))
Assert sem descrição: /home/vitor-otto/opensource/spring-cloud-netflix-4.0.0/spring-cloud-netflix-eureka-client/src/test/java/org/springframework/cloud/netflix/eureka/EurekaClientAutoConfigurationTests.java linha: 330 Método: assertThat(instance.getHealthCheckUrl().endsWith(":9999/manage/myHealthCheck"))
Assert sem descrição: /home/vitor-otto/opensource/spring-cloud-netflix-4.0.0/spring-cloud-netflix-eureka-client/src/test/java/org/springframework/cloud/netflix/eureka/EurekaClientAutoConfigurationTests.java linha: 340 Método: assertThat(instance.getStatusPageUrl().endsWith(":9999/manage/myStatusPage"))
Assert sem descrição: /home/vitor-otto/opensource/spring-cloud-netflix-4.0.0/spring-cloud-netflix-eureka-client/src/test/java/org/springframework/cloud/netflix/eureka/EurekaClientAutoConfigurationTests.java linha: 350 Método: assertThat(instance.getHealthCheckUrl().endsWith(":9999/manage/myHealthCheck"))
Assert sem descrição: /home/vitor-otto/opensource/spring-cloud-netflix-4.0.0/spring-cloud-netflix-eureka-client/src/test/java/org/springframework/cloud/netflix/eureka/EurekaClientAutoConfigurationTests.java linha: 362 Método: assertThat(instance.getHealthCheckUrl())
Assert sem descrição: /home/vitor-otto/opensource/spring-cloud-netflix-4.0.0/spring-cloud-netflix-eureka-client/src/test/java/org/springframework/cloud/netflix/eureka/EurekaClientAutoConfigurationTests.java linha: 372 Método: assertThat(instance.getStatusPageUrl().contains("/myStatusPage"))
Assert sem descrição: /home/vitor-otto/opensource/spring-cloud-netflix-4.0.0/spring-cloud-netflix-eureka-client/src/test/java/org/springframework/cloud/netflix/eureka/EurekaClientAutoConfigurationTests.java linha: 384 Método: assertThat(instance.getStatusPageUrl())
Assert sem descrição: /home/vitor-otto/opensource/spring-cloud-netflix-4.0.0/spring-cloud-netflix-eureka-client/src/test/java/org/springframework/cloud/netflix/eureka/EurekaClientAutoConfigurationTests.java linha: 386 Método: assertThat(instance.getHealthCheckUrl())
Assert sem descrição: /home/vitor-otto/opensource/spring-cloud-netflix-4.0.0/spring-cloud-netflix-eureka-client/src/test/java/org/springframework/cloud/netflix/eureka/EurekaClientAutoConfigurationTests.java linha: 400 Método: assertThat(instance.getStatusPageUrl())
Assert sem descrição: /home/vitor-otto/opensource/spring-cloud-netflix-4.0.0/spring-cloud-netflix-eureka-client/src/test/java/org/springframework/cloud/netflix/eureka/EurekaClientAutoConfigurationTests.java linha: 402 Método: assertThat(instance.getHealthCheckUrl())
Assert sem descrição: /home/vitor-otto/opensource/spring-cloud-netflix-4.0.0/spring-cloud-netflix-eureka-client/src/test/java/org/springframework/cloud/netflix/eureka/EurekaClientAutoConfigurationTests.java linha: 412 Método: assertThat(instance.getHealthCheckUrl().contains("/myHealthCheck"))
Assert sem descrição: /home/vitor-otto/opensource/spring-cloud-netflix-4.0.0/spring-cloud-netflix-eureka-client/src/test/java/org/springframework/cloud/netflix/eureka/EurekaClientAutoConfigurationTests.java linha: 422 Método: assertThat(instance.getStatusPageUrl().contains("/myStatusPage"))
Assert sem descrição: /home/vitor-otto/opensource/spring-cloud-netflix-4.0.0/spring-cloud-netflix-eureka-client/src/test/java/org/springframework/cloud/netflix/eureka/EurekaClientAutoConfigurationTests.java linha: 432 Método: assertThat(instance.getHealthCheckUrl().contains("/myHealthCheck"))
Assert sem descrição: /home/vitor-otto/opensource/spring-cloud-netflix-4.0.0/spring-cloud-netflix-eureka-client/src/test/java/org/springframework/cloud/netflix/eureka/EurekaClientAutoConfigurationTests.java linha: 442 Método: assertThat(instance.getStatusPageUrl().contains("foo"))
Assert sem descrição: /home/vitor-otto/opensource/spring-cloud-netflix-4.0.0/spring-cloud-netflix-eureka-client/src/test/java/org/springframework/cloud/netflix/eureka/EurekaClientAutoConfigurationTests.java linha: 449 Método: assertThat(this.context.getBeanDefinition("eurekaClient").getBeanClassName())
Assert sem descrição: /home/vitor-otto/opensource/spring-cloud-netflix-4.0.0/spring-cloud-netflix-eureka-client/src/test/java/org/springframework/cloud/netflix/eureka/EurekaClientAutoConfigurationTests.java linha: 451 Método: assertThat(this.context.getBeanDefinition("eurekaApplicationInfoManager").getBeanClassName())
Assert sem descrição: /home/vitor-otto/opensource/spring-cloud-netflix-4.0.0/spring-cloud-netflix-eureka-client/src/test/java/org/springframework/cloud/netflix/eureka/EurekaClientAutoConfigurationTests.java linha: 469 Método: assertThat(healthCheckHandler)
Assert sem descrição: /home/vitor-otto/opensource/spring-cloud-netflix-4.0.0/spring-cloud-netflix-eureka-client/src/test/java/org/springframework/cloud/netflix/eureka/EurekaClientAutoConfigurationTests.java linha: 470 Método: assertThat(oldEurekaClient.getHealthCheckHandler())
Assert sem descrição: /home/vitor-otto/opensource/spring-cloud-netflix-4.0.0/spring-cloud-netflix-eureka-client/src/test/java/org/springframework/cloud/netflix/eureka/EurekaClientAutoConfigurationTests.java linha: 484 Método: assertThat(healthCheckHandler)
Assert sem descrição: /home/vitor-otto/opensource/spring-cloud-netflix-4.0.0/spring-cloud-netflix-eureka-client/src/test/java/org/springframework/cloud/netflix/eureka/EurekaClientAutoConfigurationTests.java linha: 485 Método: assertThat(oldEurekaClient)
Assert sem descrição: /home/vitor-otto/opensource/spring-cloud-netflix-4.0.0/spring-cloud-netflix-eureka-client/src/test/java/org/springframework/cloud/netflix/eureka/EurekaClientAutoConfigurationTests.java linha: 486 Método: assertThat(newEurekaClient.getHealthCheckHandler())
Assert sem descrição: /home/vitor-otto/opensource/spring-cloud-netflix-4.0.0/spring-cloud-netflix-eureka-client/src/test/java/org/springframework/cloud/netflix/eureka/EurekaClientAutoConfigurationTests.java linha: 497 Método: assertThat(isShutdown.get())
Assert sem descrição: /home/vitor-otto/opensource/spring-cloud-netflix-4.0.0/spring-cloud-netflix-eureka-client/src/test/java/org/springframework/cloud/netflix/eureka/EurekaClientAutoConfigurationTests.java linha: 501 Método: assertThat(isShutdown.get())
Assert sem descrição: /home/vitor-otto/opensource/spring-cloud-netflix-4.0.0/spring-cloud-netflix-eureka-client/src/test/java/org/springframework/cloud/netflix/eureka/EurekaClientAutoConfigurationTests.java linha: 517 Método: assertThat(getInstanceConfig().getAppname())
Assert sem descrição: /home/vitor-otto/opensource/spring-cloud-netflix-4.0.0/spring-cloud-netflix-eureka-client/src/test/java/org/springframework/cloud/netflix/eureka/EurekaClientAutoConfigurationTests.java linha: 518 Método: assertThat(getInstanceConfig().getVirtualHostName())
Assert sem descrição: /home/vitor-otto/opensource/spring-cloud-netflix-4.0.0/spring-cloud-netflix-eureka-client/src/test/java/org/springframework/cloud/netflix/eureka/EurekaClientAutoConfigurationTests.java linha: 519 Método: assertThat(getInstanceConfig().getSecureVirtualHostName())
Assert sem descrição: /home/vitor-otto/opensource/spring-cloud-netflix-4.0.0/spring-cloud-netflix-eureka-client/src/test/java/org/springframework/cloud/netflix/eureka/EurekaClientAutoConfigurationTests.java linha: 526 Método: assertThat(getInstanceConfig().getAppname())
Assert sem descrição: /home/vitor-otto/opensource/spring-cloud-netflix-4.0.0/spring-cloud-netflix-eureka-client/src/test/java/org/springframework/cloud/netflix/eureka/EurekaClientAutoConfigurationTests.java linha: 527 Método: assertThat(getInstanceConfig().getVirtualHostName())
Assert sem descrição: /home/vitor-otto/opensource/spring-cloud-netflix-4.0.0/spring-cloud-netflix-eureka-client/src/test/java/org/springframework/cloud/netflix/eureka/EurekaClientAutoConfigurationTests.java linha: 528 Método: assertThat(getInstanceConfig().getSecureVirtualHostName())
Assert sem descrição: /home/vitor-otto/opensource/spring-cloud-netflix-4.0.0/spring-cloud-netflix-eureka-client/src/test/java/org/springframework/cloud/netflix/eureka/EurekaClientAutoConfigurationTests.java linha: 535 Método: assertThat(getInstanceConfig().getAppname())
Assert sem descrição: /home/vitor-otto/opensource/spring-cloud-netflix-4.0.0/spring-cloud-netflix-eureka-client/src/test/java/org/springframework/cloud/netflix/eureka/EurekaClientAutoConfigurationTests.java linha: 536 Método: assertThat(getInstanceConfig().getVirtualHostName())
Assert sem descrição: /home/vitor-otto/opensource/spring-cloud-netflix-4.0.0/spring-cloud-netflix-eureka-client/src/test/java/org/springframework/cloud/netflix/eureka/EurekaClientAutoConfigurationTests.java linha: 537 Método: assertThat(getInstanceConfig().getSecureVirtualHostName())
Assert sem descrição: /home/vitor-otto/opensource/spring-cloud-netflix-4.0.0/spring-cloud-netflix-eureka-client/src/test/java/org/springframework/cloud/netflix/eureka/EurekaClientAutoConfigurationTests.java linha: 578 Método: assertThat(getInstanceConfig().getAppname())
Assert sem descrição: /home/vitor-otto/opensource/spring-cloud-netflix-4.0.0/spring-cloud-netflix-eureka-client/src/test/java/org/springframework/cloud/netflix/eureka/EurekaClientAutoConfigurationTests.java linha: 593 Método: assertThat(latch.getCount())
Assert sem descrição: /home/vitor-otto/opensource/spring-cloud-netflix-4.0.0/spring-cloud-netflix-eureka-client/src/test/java/org/springframework/cloud/netflix/eureka/EurekaClientAutoConfigurationTests.java linha: 615 Método: assertThat(context)
Assert sem descrição: /home/vitor-otto/opensource/spring-cloud-netflix-4.0.0/spring-cloud-netflix-eureka-client/src/test/java/org/springframework/cloud/netflix/eureka/EurekaClientAutoConfigurationTests.java linha: 616 Método: assertThat(context)
Assert com mensagem: /home/vitor-otto/opensource/spring-cloud-netflix-4.0.0/spring-cloud-netflix-eureka-client/src/test/java/org/springframework/cloud/netflix/eureka/EurekaClientAutoConfigurationTests.java linha: 624 Método: fail("Bean of type " + beanClass + " should not have been created.")
Assert sem descrição: /home/vitor-otto/opensource/spring-cloud-netflix-4.0.0/spring-cloud-netflix-eureka-client/src/test/java/org/springframework/cloud/netflix/eureka/EurekaClientAutoConfigurationTests.java linha: 634 Método: assertThat(getInstanceConfig().getNonSecurePort())
Assert sem descrição: /home/vitor-otto/opensource/spring-cloud-netflix-4.0.0/spring-cloud-netflix-eureka-client/src/test/java/org/springframework/cloud/netflix/eureka/EurekaClientAutoConfigurationTests.java linha: 640 Método: assertThat(getInstanceConfig().getNonSecurePort())
Assert sem descrição: /home/vitor-otto/opensource/spring-cloud-netflix-4.0.0/spring-cloud-netflix-eureka-client/src/test/java/org/springframework/cloud/netflix/eureka/EurekaClientAutoConfigurationTests.java linha: 646 Método: assertThat(getInstanceConfig().getSecurePort())
Assert sem descrição: /home/vitor-otto/opensource/spring-cloud-netflix-4.0.0/spring-cloud-netflix-eureka-client/src/test/java/org/springframework/cloud/netflix/eureka/reactive/EurekaReactiveDiscoveryClientTests.java linha: 54 Método: assertThat(client.description())
Assert sem descrição: /home/vitor-otto/opensource/spring-cloud-netflix-4.0.0/spring-cloud-netflix-eureka-client/src/test/java/org/springframework/cloud/netflix/eureka/reactive/EurekaReactiveDiscoveryClientTests.java linha: 55 Método: assertThat(client.getOrder())
Assert sem descrição: /home/vitor-otto/opensource/spring-cloud-netflix-4.0.0/spring-cloud-netflix-eureka-client/src/test/java/org/springframework/cloud/netflix/eureka/reactive/EurekaReactiveDiscoveryClientTests.java linha: 63 Método: assertThat(client.description())
Assert sem descrição: /home/vitor-otto/opensource/spring-cloud-netflix-4.0.0/spring-cloud-netflix-eureka-client/src/test/java/org/springframework/cloud/netflix/eureka/reactive/EurekaReactiveDiscoveryClientTests.java linha: 64 Método: assertThat(client.getOrder())
Assert sem descrição: /home/vitor-otto/opensource/spring-cloud-netflix-4.0.0/spring-cloud-netflix-eureka-client/src/test/java/org/springframework/cloud/netflix/eureka/reactive/EurekaReactiveDiscoveryClientConfigurationTests.java linha: 46 Método: assertThat(context)
Assert sem descrição: /home/vitor-otto/opensource/spring-cloud-netflix-4.0.0/spring-cloud-netflix-eureka-client/src/test/java/org/springframework/cloud/netflix/eureka/reactive/EurekaReactiveDiscoveryClientConfigurationTests.java linha: 47 Método: assertThat(context)
Assert sem descrição: /home/vitor-otto/opensource/spring-cloud-netflix-4.0.0/spring-cloud-netflix-eureka-client/src/test/java/org/springframework/cloud/netflix/eureka/reactive/EurekaReactiveDiscoveryClientConfigurationTests.java linha: 54 Método: assertThat(context)
Assert sem descrição: /home/vitor-otto/opensource/spring-cloud-netflix-4.0.0/spring-cloud-netflix-eureka-client/src/test/java/org/springframework/cloud/netflix/eureka/reactive/EurekaReactiveDiscoveryClientConfigurationTests.java linha: 55 Método: assertThat(context)
Assert sem descrição: /home/vitor-otto/opensource/spring-cloud-netflix-4.0.0/spring-cloud-netflix-eureka-client/src/test/java/org/springframework/cloud/netflix/eureka/reactive/EurekaReactiveDiscoveryClientConfigurationTests.java linha: 62 Método: assertThat(context)
Assert sem descrição: /home/vitor-otto/opensource/spring-cloud-netflix-4.0.0/spring-cloud-netflix-eureka-client/src/test/java/org/springframework/cloud/netflix/eureka/reactive/EurekaReactiveDiscoveryClientConfigurationTests.java linha: 63 Método: assertThat(context)
Assert sem descrição: /home/vitor-otto/opensource/spring-cloud-netflix-4.0.0/spring-cloud-netflix-eureka-client/src/test/java/org/springframework/cloud/netflix/eureka/reactive/EurekaReactiveDiscoveryClientConfigurationTests.java linha: 70 Método: assertThat(context)
Assert sem descrição: /home/vitor-otto/opensource/spring-cloud-netflix-4.0.0/spring-cloud-netflix-eureka-client/src/test/java/org/springframework/cloud/netflix/eureka/reactive/EurekaReactiveDiscoveryClientConfigurationTests.java linha: 71 Método: assertThat(context)
Assert sem descrição: /home/vitor-otto/opensource/spring-cloud-netflix-4.0.0/spring-cloud-netflix-eureka-client/src/test/java/org/springframework/cloud/netflix/eureka/reactive/EurekaReactiveDiscoveryClientConfigurationTests.java linha: 78 Método: assertThat(context)
Assert sem descrição: /home/vitor-otto/opensource/spring-cloud-netflix-4.0.0/spring-cloud-netflix-eureka-client/src/test/java/org/springframework/cloud/netflix/eureka/reactive/EurekaReactiveDiscoveryClientConfigurationTests.java linha: 79 Método: assertThat(context)
Assert sem descrição: /home/vitor-otto/opensource/spring-cloud-netflix-4.0.0/spring-cloud-netflix-eureka-client/src/test/java/org/springframework/cloud/netflix/eureka/reactive/EurekaReactiveDiscoveryClientConfigurationTests.java linha: 86 Método: assertThat(context)
Assert sem descrição: /home/vitor-otto/opensource/spring-cloud-netflix-4.0.0/spring-cloud-netflix-eureka-client/src/test/java/org/springframework/cloud/netflix/eureka/reactive/EurekaReactiveDiscoveryClientConfigurationTests.java linha: 87 Método: assertThat(context)
Assert sem descrição: /home/vitor-otto/opensource/spring-cloud-netflix-4.0.0/spring-cloud-netflix-eureka-client/src/test/java/org/springframework/cloud/netflix/eureka/InstanceInfoFactoryTests.java linha: 41 Método: assertThat(instanceInfo.getId())
Assert sem descrição: /home/vitor-otto/opensource/spring-cloud-netflix-4.0.0/spring-cloud-netflix-eureka-client/src/test/java/org/springframework/cloud/netflix/eureka/InstanceInfoFactoryTests.java linha: 48 Método: assertThat(instanceInfo.getId().matches("(\\d+\\.){3}\\d+"))
Assert sem descrição: /home/vitor-otto/opensource/spring-cloud-netflix-4.0.0/spring-cloud-netflix-eureka-client/src/test/java/org/springframework/cloud/netflix/eureka/InstanceInfoFactoryTests.java linha: 54 Método: assertThat(instanceInfo.getId())
Assert sem descrição: /home/vitor-otto/opensource/spring-cloud-netflix-4.0.0/spring-cloud-netflix-eureka-client/src/test/java/org/springframework/cloud/netflix/eureka/healthcheck/EurekaHealthCheckTests.java linha: 56 Método: assertThat(status)
Assert sem descrição: /home/vitor-otto/opensource/spring-cloud-netflix-4.0.0/spring-cloud-netflix-eureka-client/src/test/java/org/springframework/cloud/netflix/eureka/healthcheck/EurekaHealthCheckTests.java linha: 57 Método: assertThat(status)
Assert sem descrição: /home/vitor-otto/opensource/spring-cloud-netflix-4.0.0/spring-cloud-netflix-eureka-client/src/test/java/org/springframework/cloud/netflix/eureka/healthcheck/EurekaHealthCheckTests.java linha: 67 Método: assertThat(status)
Assert sem descrição: /home/vitor-otto/opensource/spring-cloud-netflix-4.0.0/spring-cloud-netflix-eureka-client/src/test/java/org/springframework/cloud/netflix/eureka/healthcheck/EurekaHealthCheckTests.java linha: 68 Método: assertThat(status)
Assert sem descrição: /home/vitor-otto/opensource/spring-cloud-netflix-4.0.0/spring-cloud-netflix-eureka-client/src/test/java/org/springframework/cloud/netflix/eureka/EurekaClientConfigBeanTests.java linha: 53 Método: assertThat(this.context.getBean(EurekaClientConfigBean.class).getProxyHost())
Assert sem descrição: /home/vitor-otto/opensource/spring-cloud-netflix-4.0.0/spring-cloud-netflix-eureka-client/src/test/java/org/springframework/cloud/netflix/eureka/EurekaClientConfigBeanTests.java linha: 61 Método: assertThat(this.context.getBean(EurekaClientConfigBean.class).getServiceUrl().toString())
Assert sem descrição: /home/vitor-otto/opensource/spring-cloud-netflix-4.0.0/spring-cloud-netflix-eureka-client/src/test/java/org/springframework/cloud/netflix/eureka/EurekaClientConfigBeanTests.java linha: 63 Método: assertThat(getEurekaServiceUrlsForDefaultZone())
Assert sem descrição: /home/vitor-otto/opensource/spring-cloud-netflix-4.0.0/spring-cloud-netflix-eureka-client/src/test/java/org/springframework/cloud/netflix/eureka/EurekaClientConfigBeanTests.java linha: 75 Método: assertThat(this.context.getBean(EurekaClientConfigBean.class).getServiceUrl().toString())
Assert sem descrição: /home/vitor-otto/opensource/spring-cloud-netflix-4.0.0/spring-cloud-netflix-eureka-client/src/test/java/org/springframework/cloud/netflix/eureka/EurekaClientConfigBeanTests.java linha: 77 Método: assertThat(getEurekaServiceUrlsForDefaultZone())
Assert sem descrição: /home/vitor-otto/opensource/spring-cloud-netflix-4.0.0/spring-cloud-netflix-eureka-client/src/test/java/org/springframework/cloud/netflix/eureka/EurekaClientConfigBeanTests.java linha: 86 Método: assertThat(getEurekaServiceUrlsForDefaultZone())
Assert sem descrição: /home/vitor-otto/opensource/spring-cloud-netflix-4.0.0/spring-cloud-netflix-eureka-client/src/test/java/org/springframework/cloud/netflix/eureka/EurekaClientConfigBeanTests.java linha: 94 Método: assertThat(getEurekaServiceUrls("customZone"))
Assert sem descrição: /home/vitor-otto/opensource/spring-cloud-netflix-4.0.0/spring-cloud-netflix-eureka-client/src/test/java/org/springframework/cloud/netflix/eureka/EurekaClientConfigBeanTests.java linha: 102 Método: assertThat(getEurekaServiceUrlsForDefaultZone())
Assert sem descrição: /home/vitor-otto/opensource/spring-cloud-netflix-4.0.0/spring-cloud-netflix-eureka-client/src/test/java/org/springframework/cloud/netflix/eureka/metadata/DefaultManagementMetadataProviderTest.java linha: 52 Método: assertThat(actual)
Assert sem descrição: /home/vitor-otto/opensource/spring-cloud-netflix-4.0.0/spring-cloud-netflix-eureka-client/src/test/java/org/springframework/cloud/netflix/eureka/metadata/DefaultManagementMetadataProviderTest.java linha: 64 Método: assertThat(actual)
Assert sem descrição: /home/vitor-otto/opensource/spring-cloud-netflix-4.0.0/spring-cloud-netflix-eureka-client/src/test/java/org/springframework/cloud/netflix/eureka/metadata/DefaultManagementMetadataProviderTest.java linha: 76 Método: assertThat(actual.getHealthCheckUrl())
Assert sem descrição: /home/vitor-otto/opensource/spring-cloud-netflix-4.0.0/spring-cloud-netflix-eureka-client/src/test/java/org/springframework/cloud/netflix/eureka/metadata/DefaultManagementMetadataProviderTest.java linha: 77 Método: assertThat(actual.getSecureHealthCheckUrl())
Assert sem descrição: /home/vitor-otto/opensource/spring-cloud-netflix-4.0.0/spring-cloud-netflix-eureka-client/src/test/java/org/springframework/cloud/netflix/eureka/metadata/DefaultManagementMetadataProviderTest.java linha: 78 Método: assertThat(actual.getStatusPageUrl())
Assert sem descrição: /home/vitor-otto/opensource/spring-cloud-netflix-4.0.0/spring-cloud-netflix-eureka-client/src/test/java/org/springframework/cloud/netflix/eureka/metadata/DefaultManagementMetadataProviderTest.java linha: 79 Método: assertThat(actual.getManagementPort())
Assert sem descrição: /home/vitor-otto/opensource/spring-cloud-netflix-4.0.0/spring-cloud-netflix-eureka-client/src/test/java/org/springframework/cloud/netflix/eureka/metadata/DefaultManagementMetadataProviderTest.java linha: 91 Método: assertThat(actual.getHealthCheckUrl())
Assert sem descrição: /home/vitor-otto/opensource/spring-cloud-netflix-4.0.0/spring-cloud-netflix-eureka-client/src/test/java/org/springframework/cloud/netflix/eureka/metadata/DefaultManagementMetadataProviderTest.java linha: 92 Método: assertThat(actual.getSecureHealthCheckUrl())
Assert sem descrição: /home/vitor-otto/opensource/spring-cloud-netflix-4.0.0/spring-cloud-netflix-eureka-client/src/test/java/org/springframework/cloud/netflix/eureka/metadata/DefaultManagementMetadataProviderTest.java linha: 93 Método: assertThat(actual.getStatusPageUrl())
Assert sem descrição: /home/vitor-otto/opensource/spring-cloud-netflix-4.0.0/spring-cloud-netflix-eureka-client/src/test/java/org/springframework/cloud/netflix/eureka/metadata/DefaultManagementMetadataProviderTest.java linha: 94 Método: assertThat(actual.getManagementPort())
Assert sem descrição: /home/vitor-otto/opensource/spring-cloud-netflix-4.0.0/spring-cloud-netflix-eureka-client/src/test/java/org/springframework/cloud/netflix/eureka/metadata/DefaultManagementMetadataProviderTest.java linha: 106 Método: assertThat(actual.getHealthCheckUrl())
Assert sem descrição: /home/vitor-otto/opensource/spring-cloud-netflix-4.0.0/spring-cloud-netflix-eureka-client/src/test/java/org/springframework/cloud/netflix/eureka/metadata/DefaultManagementMetadataProviderTest.java linha: 107 Método: assertThat(actual.getSecureHealthCheckUrl())
Assert sem descrição: /home/vitor-otto/opensource/spring-cloud-netflix-4.0.0/spring-cloud-netflix-eureka-client/src/test/java/org/springframework/cloud/netflix/eureka/metadata/DefaultManagementMetadataProviderTest.java linha: 108 Método: assertThat(actual.getStatusPageUrl())
Assert sem descrição: /home/vitor-otto/opensource/spring-cloud-netflix-4.0.0/spring-cloud-netflix-eureka-client/src/test/java/org/springframework/cloud/netflix/eureka/metadata/DefaultManagementMetadataProviderTest.java linha: 109 Método: assertThat(actual.getManagementPort())
Assert sem descrição: /home/vitor-otto/opensource/spring-cloud-netflix-4.0.0/spring-cloud-netflix-eureka-client/src/test/java/org/springframework/cloud/netflix/eureka/metadata/DefaultManagementMetadataProviderTest.java linha: 121 Método: assertThat(actual.getHealthCheckUrl())
Assert sem descrição: /home/vitor-otto/opensource/spring-cloud-netflix-4.0.0/spring-cloud-netflix-eureka-client/src/test/java/org/springframework/cloud/netflix/eureka/metadata/DefaultManagementMetadataProviderTest.java linha: 122 Método: assertThat(actual.getSecureHealthCheckUrl())
Assert sem descrição: /home/vitor-otto/opensource/spring-cloud-netflix-4.0.0/spring-cloud-netflix-eureka-client/src/test/java/org/springframework/cloud/netflix/eureka/metadata/DefaultManagementMetadataProviderTest.java linha: 123 Método: assertThat(actual.getStatusPageUrl())
Assert sem descrição: /home/vitor-otto/opensource/spring-cloud-netflix-4.0.0/spring-cloud-netflix-eureka-client/src/test/java/org/springframework/cloud/netflix/eureka/metadata/DefaultManagementMetadataProviderTest.java linha: 124 Método: assertThat(actual.getManagementPort())
Assert sem descrição: /home/vitor-otto/opensource/spring-cloud-netflix-4.0.0/spring-cloud-netflix-eureka-client/src/test/java/org/springframework/cloud/netflix/eureka/metadata/DefaultManagementMetadataProviderTest.java linha: 136 Método: assertThat(actual.getHealthCheckUrl())
Assert sem descrição: /home/vitor-otto/opensource/spring-cloud-netflix-4.0.0/spring-cloud-netflix-eureka-client/src/test/java/org/springframework/cloud/netflix/eureka/metadata/DefaultManagementMetadataProviderTest.java linha: 137 Método: assertThat(actual.getSecureHealthCheckUrl())
Assert sem descrição: /home/vitor-otto/opensource/spring-cloud-netflix-4.0.0/spring-cloud-netflix-eureka-client/src/test/java/org/springframework/cloud/netflix/eureka/metadata/DefaultManagementMetadataProviderTest.java linha: 138 Método: assertThat(actual.getStatusPageUrl())
Assert sem descrição: /home/vitor-otto/opensource/spring-cloud-netflix-4.0.0/spring-cloud-netflix-eureka-client/src/test/java/org/springframework/cloud/netflix/eureka/metadata/DefaultManagementMetadataProviderTest.java linha: 139 Método: assertThat(actual.getManagementPort())
Assert sem descrição: /home/vitor-otto/opensource/spring-cloud-netflix-4.0.0/spring-cloud-netflix-eureka-client/src/test/java/org/springframework/cloud/netflix/eureka/metadata/DefaultManagementMetadataProviderTest.java linha: 151 Método: assertThat(actual.getHealthCheckUrl())
Assert sem descrição: /home/vitor-otto/opensource/spring-cloud-netflix-4.0.0/spring-cloud-netflix-eureka-client/src/test/java/org/springframework/cloud/netflix/eureka/metadata/DefaultManagementMetadataProviderTest.java linha: 152 Método: assertThat(actual.getSecureHealthCheckUrl())
Assert sem descrição: /home/vitor-otto/opensource/spring-cloud-netflix-4.0.0/spring-cloud-netflix-eureka-client/src/test/java/org/springframework/cloud/netflix/eureka/metadata/DefaultManagementMetadataProviderTest.java linha: 153 Método: assertThat(actual.getStatusPageUrl())
Assert sem descrição: /home/vitor-otto/opensource/spring-cloud-netflix-4.0.0/spring-cloud-netflix-eureka-client/src/test/java/org/springframework/cloud/netflix/eureka/metadata/DefaultManagementMetadataProviderTest.java linha: 154 Método: assertThat(actual.getManagementPort())
Assert sem descrição: /home/vitor-otto/opensource/spring-cloud-netflix-4.0.0/spring-cloud-netflix-eureka-client/src/test/java/org/springframework/cloud/netflix/eureka/metadata/DefaultManagementMetadataProviderTest.java linha: 166 Método: assertThat(actual.getHealthCheckUrl())
Assert sem descrição: /home/vitor-otto/opensource/spring-cloud-netflix-4.0.0/spring-cloud-netflix-eureka-client/src/test/java/org/springframework/cloud/netflix/eureka/metadata/DefaultManagementMetadataProviderTest.java linha: 167 Método: assertThat(actual.getSecureHealthCheckUrl())
Assert sem descrição: /home/vitor-otto/opensource/spring-cloud-netflix-4.0.0/spring-cloud-netflix-eureka-client/src/test/java/org/springframework/cloud/netflix/eureka/metadata/DefaultManagementMetadataProviderTest.java linha: 168 Método: assertThat(actual.getStatusPageUrl())
Assert sem descrição: /home/vitor-otto/opensource/spring-cloud-netflix-4.0.0/spring-cloud-netflix-eureka-client/src/test/java/org/springframework/cloud/netflix/eureka/metadata/DefaultManagementMetadataProviderTest.java linha: 169 Método: assertThat(actual.getManagementPort())
Assert sem descrição: /home/vitor-otto/opensource/spring-cloud-netflix-4.0.0/spring-cloud-netflix-eureka-client/src/test/java/org/springframework/cloud/netflix/eureka/metadata/DefaultManagementMetadataProviderTest.java linha: 181 Método: assertThat(actual.getHealthCheckUrl())
Assert sem descrição: /home/vitor-otto/opensource/spring-cloud-netflix-4.0.0/spring-cloud-netflix-eureka-client/src/test/java/org/springframework/cloud/netflix/eureka/metadata/DefaultManagementMetadataProviderTest.java linha: 182 Método: assertThat(actual.getSecureHealthCheckUrl())
Assert sem descrição: /home/vitor-otto/opensource/spring-cloud-netflix-4.0.0/spring-cloud-netflix-eureka-client/src/test/java/org/springframework/cloud/netflix/eureka/metadata/DefaultManagementMetadataProviderTest.java linha: 183 Método: assertThat(actual.getStatusPageUrl())
Assert sem descrição: /home/vitor-otto/opensource/spring-cloud-netflix-4.0.0/spring-cloud-netflix-eureka-client/src/test/java/org/springframework/cloud/netflix/eureka/metadata/DefaultManagementMetadataProviderTest.java linha: 184 Método: assertThat(actual.getManagementPort())
Assert sem descrição: /home/vitor-otto/opensource/spring-cloud-netflix-4.0.0/spring-cloud-netflix-eureka-client/src/test/java/org/springframework/cloud/netflix/eureka/metadata/DefaultManagementMetadataProviderTest.java linha: 198 Método: assertThat(actual.getHealthCheckUrl())
Assert sem descrição: /home/vitor-otto/opensource/spring-cloud-netflix-4.0.0/spring-cloud-netflix-eureka-client/src/test/java/org/springframework/cloud/netflix/eureka/metadata/DefaultManagementMetadataProviderTest.java linha: 199 Método: assertThat(actual.getSecureHealthCheckUrl())
Assert sem descrição: /home/vitor-otto/opensource/spring-cloud-netflix-4.0.0/spring-cloud-netflix-eureka-client/src/test/java/org/springframework/cloud/netflix/eureka/metadata/DefaultManagementMetadataProviderTest.java linha: 200 Método: assertThat(actual.getStatusPageUrl())
Assert sem descrição: /home/vitor-otto/opensource/spring-cloud-netflix-4.0.0/spring-cloud-netflix-eureka-client/src/test/java/org/springframework/cloud/netflix/eureka/metadata/DefaultManagementMetadataProviderTest.java linha: 201 Método: assertThat(actual.getManagementPort())
Assert sem descrição: /home/vitor-otto/opensource/spring-cloud-netflix-4.0.0/spring-cloud-netflix-eureka-client/src/test/java/org/springframework/cloud/netflix/eureka/EurekaClientAutoConfigurationRandomPortTests.java linha: 43 Método: assertThat(info.getPort())
Assert sem descrição: /home/vitor-otto/opensource/spring-cloud-netflix-4.0.0/spring-cloud-netflix-eureka-client/src/test/java/org/springframework/cloud/netflix/eureka/EurekaInstanceConfigBeanTests.java linha: 73 Método: assertThat(getInstanceConfig().getAppGroupName())
Assert sem descrição: /home/vitor-otto/opensource/spring-cloud-netflix-4.0.0/spring-cloud-netflix-eureka-client/src/test/java/org/springframework/cloud/netflix/eureka/EurekaInstanceConfigBeanTests.java linha: 80 Método: assertThat(getInstanceConfig().getNonSecurePort())
Assert sem descrição: /home/vitor-otto/opensource/spring-cloud-netflix-4.0.0/spring-cloud-netflix-eureka-client/src/test/java/org/springframework/cloud/netflix/eureka/EurekaInstanceConfigBeanTests.java linha: 88 Método: assertThat(instance.getInstanceId())
Assert sem descrição: /home/vitor-otto/opensource/spring-cloud-netflix-4.0.0/spring-cloud-netflix-eureka-client/src/test/java/org/springframework/cloud/netflix/eureka/EurekaInstanceConfigBeanTests.java linha: 96 Método: assertThat(getInstanceConfig().getHostname())
Assert sem descrição: /home/vitor-otto/opensource/spring-cloud-netflix-4.0.0/spring-cloud-netflix-eureka-client/src/test/java/org/springframework/cloud/netflix/eureka/EurekaInstanceConfigBeanTests.java linha: 105 Método: assertThat(getInstanceConfig().getHostname())
Assert sem descrição: /home/vitor-otto/opensource/spring-cloud-netflix-4.0.0/spring-cloud-netflix-eureka-client/src/test/java/org/springframework/cloud/netflix/eureka/EurekaInstanceConfigBeanTests.java linha: 108 Método: assertThat(getInstanceConfig().getHostname())
Assert sem descrição: /home/vitor-otto/opensource/spring-cloud-netflix-4.0.0/spring-cloud-netflix-eureka-client/src/test/java/org/springframework/cloud/netflix/eureka/EurekaInstanceConfigBeanTests.java linha: 117 Método: assertThat(getInstanceConfig().getHostname())
Assert sem descrição: /home/vitor-otto/opensource/spring-cloud-netflix-4.0.0/spring-cloud-netflix-eureka-client/src/test/java/org/springframework/cloud/netflix/eureka/EurekaInstanceConfigBeanTests.java linha: 119 Método: assertThat(getInstanceConfig().getHostname())
Assert sem descrição: /home/vitor-otto/opensource/spring-cloud-netflix-4.0.0/spring-cloud-netflix-eureka-client/src/test/java/org/springframework/cloud/netflix/eureka/EurekaInstanceConfigBeanTests.java linha: 127 Método: assertThat(getInstanceConfig().getIpAddress())
Assert sem descrição: /home/vitor-otto/opensource/spring-cloud-netflix-4.0.0/spring-cloud-netflix-eureka-client/src/test/java/org/springframework/cloud/netflix/eureka/EurekaInstanceConfigBeanTests.java linha: 136 Método: assertThat(getInstanceConfig().getIpAddress())
Assert sem descrição: /home/vitor-otto/opensource/spring-cloud-netflix-4.0.0/spring-cloud-netflix-eureka-client/src/test/java/org/springframework/cloud/netflix/eureka/EurekaInstanceConfigBeanTests.java linha: 139 Método: assertThat(getInstanceConfig().getIpAddress())
Assert sem descrição: /home/vitor-otto/opensource/spring-cloud-netflix-4.0.0/spring-cloud-netflix-eureka-client/src/test/java/org/springframework/cloud/netflix/eureka/EurekaInstanceConfigBeanTests.java linha: 148 Método: assertThat(getInstanceConfig().getIpAddress())
Assert sem descrição: /home/vitor-otto/opensource/spring-cloud-netflix-4.0.0/spring-cloud-netflix-eureka-client/src/test/java/org/springframework/cloud/netflix/eureka/EurekaInstanceConfigBeanTests.java linha: 150 Método: assertThat(getInstanceConfig().getIpAddress())
Assert sem descrição: /home/vitor-otto/opensource/spring-cloud-netflix-4.0.0/spring-cloud-netflix-eureka-client/src/test/java/org/springframework/cloud/netflix/eureka/EurekaInstanceConfigBeanTests.java linha: 156 Método: assertThat(getInstanceConfig().getInitialStatus())
Assert sem descrição: /home/vitor-otto/opensource/spring-cloud-netflix-4.0.0/spring-cloud-netflix-eureka-client/src/test/java/org/springframework/cloud/netflix/eureka/EurekaInstanceConfigBeanTests.java linha: 163 Método: assertThat(getInstanceConfig().getInitialStatus())
Assert sem descrição: /home/vitor-otto/opensource/spring-cloud-netflix-4.0.0/spring-cloud-netflix-eureka-client/src/test/java/org/springframework/cloud/netflix/eureka/EurekaInstanceConfigBeanTests.java linha: 171 Método: assertThat(getInstanceConfig().getHostname().equals(instance.getIpAddress()))
Assert sem descrição: /home/vitor-otto/opensource/spring-cloud-netflix-4.0.0/spring-cloud-netflix-eureka-client/src/test/java/org/springframework/cloud/netflix/eureka/EurekaInstanceConfigBeanTests.java linha: 180 Método: assertThat(getInstanceConfig().getVirtualHostName())
Assert sem descrição: /home/vitor-otto/opensource/spring-cloud-netflix-4.0.0/spring-cloud-netflix-eureka-client/src/test/java/org/springframework/cloud/netflix/eureka/EurekaInstanceConfigBeanTests.java linha: 181 Método: assertThat(getInstanceConfig().getSecureVirtualHostName())
Assert sem descrição: /home/vitor-otto/opensource/spring-cloud-netflix-4.0.0/spring-cloud-netflix-eureka-client/src/test/java/org/springframework/cloud/netflix/eureka/EurekaInstanceConfigBeanTests.java linha: 190 Método: assertThat(getInstanceConfig().getVirtualHostName())
Assert sem descrição: /home/vitor-otto/opensource/spring-cloud-netflix-4.0.0/spring-cloud-netflix-eureka-client/src/test/java/org/springframework/cloud/netflix/eureka/EurekaInstanceConfigBeanTests.java linha: 191 Método: assertThat(getInstanceConfig().getSecureVirtualHostName())
Assert sem descrição: /home/vitor-otto/opensource/spring-cloud-netflix-4.0.0/spring-cloud-netflix-eureka-client/src/test/java/org/springframework/cloud/netflix/eureka/EurekaInstanceConfigBeanTests.java linha: 199 Método: assertThat(getInstanceConfig().getAppname())
Assert sem descrição: /home/vitor-otto/opensource/spring-cloud-netflix-4.0.0/spring-cloud-netflix-eureka-client/src/test/java/org/springframework/cloud/netflix/eureka/EurekaInstanceConfigBeanTests.java linha: 200 Método: assertThat(getInstanceConfig().getVirtualHostName())
Assert sem descrição: /home/vitor-otto/opensource/spring-cloud-netflix-4.0.0/spring-cloud-netflix-eureka-client/src/test/java/org/springframework/cloud/netflix/eureka/EurekaInstanceConfigBeanTests.java linha: 202 Método: assertThat(getInstanceConfig().getSecureVirtualHostName())
Assert sem descrição: /home/vitor-otto/opensource/spring-cloud-netflix-4.0.0/spring-cloud-netflix-eureka-client/src/test/java/org/springframework/cloud/netflix/eureka/EurekaInstanceConfigBeanTests.java linha: 210 Método: assertThat(getInstanceConfig().getInstanceId())
Assert sem descrição: /home/vitor-otto/opensource/spring-cloud-netflix-4.0.0/spring-cloud-netflix-eureka-client/src/test/java/org/springframework/cloud/netflix/eureka/EurekaInstanceConfigBeanTests.java linha: 217 Método: assertThat(getInstanceConfig().getInstanceId())
Assert sem descrição: /home/vitor-otto/opensource/spring-cloud-netflix-4.0.0/spring-cloud-netflix-eureka-client/src/test/java/org/springframework/cloud/netflix/eureka/EurekaInstanceConfigBeanTests.java linha: 223 Método: assertThat(getInstanceConfig().getInstanceId())
Assert sem descrição: /home/vitor-otto/opensource/spring-cloud-netflix-4.0.0/spring-cloud-netflix-eureka-client/src/test/java/org/springframework/cloud/netflix/eureka/serviceregistry/EurekaServiceRegistryTests.java linha: 92 Método: assertThat(registration.getInstanceId())
Assert sem descrição: /home/vitor-otto/opensource/spring-cloud-netflix-4.0.0/spring-cloud-netflix-eureka-client/src/test/java/org/springframework/cloud/netflix/eureka/serviceregistry/EurekaServiceRegistryTests.java linha: 94 Método: assertThat(status)
Assert sem descrição: /home/vitor-otto/opensource/spring-cloud-netflix-4.0.0/spring-cloud-netflix-eureka-client/src/test/java/org/springframework/cloud/netflix/eureka/serviceregistry/EurekaServiceRegistryTests.java linha: 98 Método: assertThat(map)
Assert sem descrição: /home/vitor-otto/opensource/spring-cloud-netflix-4.0.0/spring-cloud-netflix-eureka-client/src/test/java/org/springframework/cloud/netflix/eureka/serviceregistry/EurekaServiceRegistryTests.java linha: 124 Método: assertThat(registration.getInstanceId())
Assert sem descrição: /home/vitor-otto/opensource/spring-cloud-netflix-4.0.0/spring-cloud-netflix-eureka-client/src/test/java/org/springframework/cloud/netflix/eureka/serviceregistry/EurekaServiceRegistryTests.java linha: 126 Método: assertThat(status)
Assert sem descrição: /home/vitor-otto/opensource/spring-cloud-netflix-4.0.0/spring-cloud-netflix-eureka-client/src/test/java/org/springframework/cloud/netflix/eureka/serviceregistry/EurekaServiceRegistryTests.java linha: 130 Método: assertThat(map)
Assert sem descrição: /home/vitor-otto/opensource/spring-cloud-netflix-4.0.0/spring-cloud-netflix-eureka-client/src/test/java/org/springframework/cloud/netflix/eureka/http/AbstractEurekaHttpClientTests.java linha: 41 Método: assertThat(eurekaHttpClient.register(info).getStatusCode())
Assert sem descrição: /home/vitor-otto/opensource/spring-cloud-netflix-4.0.0/spring-cloud-netflix-eureka-client/src/test/java/org/springframework/cloud/netflix/eureka/http/AbstractEurekaHttpClientTests.java linha: 46 Método: assertThat(eurekaHttpClient.cancel("test", "test").getStatusCode())
Assert sem descrição: /home/vitor-otto/opensource/spring-cloud-netflix-4.0.0/spring-cloud-netflix-eureka-client/src/test/java/org/springframework/cloud/netflix/eureka/http/AbstractEurekaHttpClientTests.java linha: 51 Método: assertThat(eurekaHttpClient.sendHeartBeat("test", "test", info, null).getStatusCode())
Assert sem descrição: /home/vitor-otto/opensource/spring-cloud-netflix-4.0.0/spring-cloud-netflix-eureka-client/src/test/java/org/springframework/cloud/netflix/eureka/http/AbstractEurekaHttpClientTests.java linha: 57 Método: assertThat(eurekaHttpClient.sendHeartBeat("fourOFour", "test", info, null).getStatusCode())
Assert sem descrição: /home/vitor-otto/opensource/spring-cloud-netflix-4.0.0/spring-cloud-netflix-eureka-client/src/test/java/org/springframework/cloud/netflix/eureka/http/AbstractEurekaHttpClientTests.java linha: 63 Método: assertThat(eurekaHttpClient.statusUpdate("test", "test", InstanceInfo.InstanceStatus.UP, info).getStatusCode())
Assert sem descrição: /home/vitor-otto/opensource/spring-cloud-netflix-4.0.0/spring-cloud-netflix-eureka-client/src/test/java/org/springframework/cloud/netflix/eureka/http/AbstractEurekaHttpClientTests.java linha: 69 Método: assertThat(eurekaHttpClient.deleteStatusOverride("test", "test", info).getStatusCode())
Assert sem descrição: /home/vitor-otto/opensource/spring-cloud-netflix-4.0.0/spring-cloud-netflix-eureka-client/src/test/java/org/springframework/cloud/netflix/eureka/http/AbstractEurekaHttpClientTests.java linha: 76 Método: assertThat(entity)
Assert sem descrição: /home/vitor-otto/opensource/spring-cloud-netflix-4.0.0/spring-cloud-netflix-eureka-client/src/test/java/org/springframework/cloud/netflix/eureka/http/AbstractEurekaHttpClientTests.java linha: 77 Método: assertThat(eurekaHttpClient.getApplications("us", "eu").getEntity())
Assert sem descrição: /home/vitor-otto/opensource/spring-cloud-netflix-4.0.0/spring-cloud-netflix-eureka-client/src/test/java/org/springframework/cloud/netflix/eureka/support/ZoneUtilsTests.java linha: 31 Método: assertThat("foo".equals(ZoneUtils.extractApproximateZone("foo")))
Assert sem descrição: /home/vitor-otto/opensource/spring-cloud-netflix-4.0.0/spring-cloud-netflix-eureka-client/src/test/java/org/springframework/cloud/netflix/eureka/support/ZoneUtilsTests.java linha: 32 Método: assertThat("bar".equals(ZoneUtils.extractApproximateZone("foo.bar")))
Assert sem descrição: /home/vitor-otto/opensource/spring-cloud-netflix-4.0.0/spring-cloud-netflix-eureka-client/src/test/java/org/springframework/cloud/netflix/eureka/support/ZoneUtilsTests.java linha: 33 Método: assertThat("world.foo.bar".equals(ZoneUtils.extractApproximateZone("hello.world.foo.bar")))
Assert sem descrição: /home/vitor-otto/opensource/spring-cloud-netflix-4.0.0/spring-cloud-netflix-eureka-client/src/test/java/org/springframework/cloud/netflix/eureka/EurekaHealthCheckHandlerTests.java linha: 68 Método: assertThat(status)
Assert sem descrição: /home/vitor-otto/opensource/spring-cloud-netflix-4.0.0/spring-cloud-netflix-eureka-client/src/test/java/org/springframework/cloud/netflix/eureka/EurekaHealthCheckHandlerTests.java linha: 76 Método: assertThat(status)
Assert sem descrição: /home/vitor-otto/opensource/spring-cloud-netflix-4.0.0/spring-cloud-netflix-eureka-client/src/test/java/org/springframework/cloud/netflix/eureka/EurekaHealthCheckHandlerTests.java linha: 86 Método: assertThat(status)
Assert sem descrição: /home/vitor-otto/opensource/spring-cloud-netflix-4.0.0/spring-cloud-netflix-eureka-client/src/test/java/org/springframework/cloud/netflix/eureka/EurekaHealthCheckHandlerTests.java linha: 89 Método: assertThat(newStatus)
Assert sem descrição: /home/vitor-otto/opensource/spring-cloud-netflix-4.0.0/spring-cloud-netflix-eureka-client/src/test/java/org/springframework/cloud/netflix/eureka/EurekaHealthCheckHandlerTests.java linha: 97 Método: assertThat(status)
Assert sem descrição: /home/vitor-otto/opensource/spring-cloud-netflix-4.0.0/spring-cloud-netflix-eureka-client/src/test/java/org/springframework/cloud/netflix/eureka/EurekaHealthCheckHandlerTests.java linha: 105 Método: assertThat(status)
Assert sem descrição: /home/vitor-otto/opensource/spring-cloud-netflix-4.0.0/spring-cloud-netflix-eureka-client/src/test/java/org/springframework/cloud/netflix/eureka/EurekaHealthCheckHandlerTests.java linha: 113 Método: assertThat(status)
Assert sem descrição: /home/vitor-otto/opensource/spring-cloud-netflix-4.0.0/spring-cloud-netflix-eureka-client/src/test/java/org/springframework/cloud/netflix/eureka/EurekaHealthCheckHandlerTests.java linha: 121 Método: assertThat(status)
Assert sem descrição: /home/vitor-otto/opensource/spring-cloud-netflix-4.0.0/spring-cloud-netflix-eureka-client/src/test/java/org/springframework/cloud/netflix/eureka/EurekaHealthCheckHandlerTests.java linha: 129 Método: assertThat(status)
Assert sem descrição: /home/vitor-otto/opensource/spring-cloud-netflix-4.0.0/spring-cloud-netflix-eureka-client/src/test/java/org/springframework/cloud/netflix/eureka/EurekaHealthCheckHandlerTests.java linha: 137 Método: assertThat(status)
Assert sem descrição: /home/vitor-otto/opensource/spring-cloud-netflix-4.0.0/spring-cloud-netflix-eureka-client/src/test/java/org/springframework/cloud/netflix/eureka/EurekaHealthCheckHandlerTests.java linha: 145 Método: assertThat(status)
Assert sem descrição: /home/vitor-otto/opensource/spring-cloud-netflix-4.0.0/spring-cloud-netflix-eureka-client/src/test/java/org/springframework/cloud/netflix/eureka/EurekaHealthCheckHandlerTests.java linha: 153 Método: assertThat(status)
Assert sem descrição: /home/vitor-otto/opensource/spring-cloud-netflix-4.0.0/spring-cloud-netflix-eureka-client/src/test/java/org/springframework/cloud/netflix/eureka/EurekaHealthCheckHandlerTests.java linha: 161 Método: assertThat(status)
Assert sem descrição: /home/vitor-otto/opensource/spring-cloud-netflix-4.0.0/spring-cloud-netflix-eureka-client/src/test/java/org/springframework/cloud/netflix/eureka/ConditionalOnRefreshScopeTests.java linha: 41 Método: assertThat(c)
Assert sem descrição: /home/vitor-otto/opensource/spring-cloud-netflix-4.0.0/spring-cloud-netflix-eureka-client/src/test/java/org/springframework/cloud/netflix/eureka/ConditionalOnRefreshScopeTests.java linha: 42 Método: assertThat(c.getBean("foo"))
Assert sem descrição: /home/vitor-otto/opensource/spring-cloud-netflix-4.0.0/spring-cloud-netflix-eureka-client/src/test/java/org/springframework/cloud/netflix/eureka/ConditionalOnRefreshScopeTests.java linha: 50 Método: assertThat(c)
Assert sem descrição: /home/vitor-otto/opensource/spring-cloud-netflix-4.0.0/spring-cloud-netflix-eureka-client/src/test/java/org/springframework/cloud/netflix/eureka/ConditionalOnRefreshScopeTests.java linha: 51 Método: assertThat(c)
Assert sem descrição: /home/vitor-otto/opensource/spring-cloud-netflix-4.0.0/spring-cloud-netflix-eureka-client/src/test/java/org/springframework/cloud/netflix/eureka/ConditionalOnRefreshScopeTests.java linha: 52 Método: assertThat(c.getBean("bar"))
Assert sem descrição: /home/vitor-otto/opensource/spring-cloud-netflix-4.0.0/spring-cloud-netflix-eureka-client/src/test/java/org/springframework/cloud/netflix/eureka/ConditionalOnRefreshScopeTests.java linha: 59 Método: assertThat(c)
Assert sem descrição: /home/vitor-otto/opensource/spring-cloud-netflix-4.0.0/spring-cloud-netflix-eureka-client/src/test/java/org/springframework/cloud/netflix/eureka/ConditionalOnRefreshScopeTests.java linha: 60 Método: assertThat(c.getBean("bar"))
Assert sem descrição: /home/vitor-otto/opensource/spring-cloud-netflix-4.0.0/spring-cloud-netflix-eureka-client/src/test/java/org/springframework/cloud/netflix/eureka/ConditionalOnRefreshScopeTests.java linha: 65 Método: assertThat(c)
Assert sem descrição: /home/vitor-otto/opensource/spring-cloud-netflix-4.0.0/spring-cloud-netflix-eureka-client/src/test/java/org/springframework/cloud/netflix/eureka/ConditionalOnRefreshScopeTests.java linha: 66 Método: assertThat(c.getBean("bar"))
Assert sem descrição: /home/vitor-otto/opensource/spring-cloud-netflix-4.0.0/spring-cloud-netflix-eureka-client/src/test/java/org/springframework/cloud/netflix/eureka/loadbalancer/EurekaLoadBalancerClientConfigurationTests.java linha: 56 Método: assertThat(zoneConfig.getZone())
Assert sem descrição: /home/vitor-otto/opensource/spring-cloud-netflix-4.0.0/spring-cloud-netflix-eureka-client/src/test/java/org/springframework/cloud/netflix/eureka/loadbalancer/EurekaLoadBalancerClientConfigurationTests.java linha: 63 Método: assertThat(zoneConfig.getZone())
Assert sem descrição: /home/vitor-otto/opensource/spring-cloud-netflix-4.0.0/spring-cloud-netflix-eureka-client/src/test/java/org/springframework/cloud/netflix/eureka/loadbalancer/EurekaLoadBalancerClientConfigurationTests.java linha: 73 Método: assertThat(zoneConfig.getZone())
Assert sem descrição: /home/vitor-otto/opensource/spring-cloud-netflix-4.0.0/spring-cloud-netflix-eureka-client/src/test/java/org/springframework/cloud/netflix/eureka/loadbalancer/EurekaLoadBalancerClientConfigurationTests.java linha: 81 Método: assertThat(context)
Assert sem descrição: /home/vitor-otto/opensource/spring-cloud-netflix-4.0.0/spring-cloud-netflix-eureka-client/src/test/java/org/springframework/cloud/netflix/eureka/loadbalancer/EurekaLoadBalancerClientConfigurationTests.java linha: 82 Método: assertThat(context)
Assert sem descrição: /home/vitor-otto/opensource/spring-cloud-netflix-4.0.0/spring-cloud-netflix-eureka-client/src/test/java/org/springframework/cloud/netflix/eureka/EurekaServiceInstanceTests.java linha: 30 Método: Assertions.assertThat(instance.getScheme())
Assert sem descrição: /home/vitor-otto/opensource/spring-cloud-netflix-4.0.0/spring-cloud-netflix-eureka-server/src/test/java/org/springframework/cloud/netflix/eureka/server/ApplicationDashboardDisabledTests.java linha: 45 Método: assertThat(entity.getStatusCode())
Assert sem descrição: /home/vitor-otto/opensource/spring-cloud-netflix-4.0.0/spring-cloud-netflix-eureka-server/src/test/java/org/springframework/cloud/netflix/eureka/server/ApplicationDashboardDisabledTests.java linha: 52 Método: assertThat(entity.getStatusCode())
Assert sem descrição: /home/vitor-otto/opensource/spring-cloud-netflix-4.0.0/spring-cloud-netflix-eureka-server/src/test/java/org/springframework/cloud/netflix/eureka/server/ApplicationServletPathTests.java linha: 56 Método: assertThat(entity.getStatusCode())
Assert sem descrição: /home/vitor-otto/opensource/spring-cloud-netflix-4.0.0/spring-cloud-netflix-eureka-server/src/test/java/org/springframework/cloud/netflix/eureka/server/ApplicationServletPathTests.java linha: 63 Método: assertThat(entity.getStatusCode())
Assert sem descrição: /home/vitor-otto/opensource/spring-cloud-netflix-4.0.0/spring-cloud-netflix-eureka-server/src/test/java/org/springframework/cloud/netflix/eureka/server/ApplicationServletPathTests.java linha: 66 Método: assertThat(body.contains("eureka/js"))
Assert sem descrição: /home/vitor-otto/opensource/spring-cloud-netflix-4.0.0/spring-cloud-netflix-eureka-server/src/test/java/org/springframework/cloud/netflix/eureka/server/ApplicationServletPathTests.java linha: 67 Método: assertThat(body.contains("eureka/css"))
Assert sem descrição: /home/vitor-otto/opensource/spring-cloud-netflix-4.0.0/spring-cloud-netflix-eureka-server/src/test/java/org/springframework/cloud/netflix/eureka/server/ApplicationServletPathTests.java linha: 69 Método: assertThat(body.contains("<h1>Instances currently registered with Eureka</h1>"))
Assert sem descrição: /home/vitor-otto/opensource/spring-cloud-netflix-4.0.0/spring-cloud-netflix-eureka-server/src/test/java/org/springframework/cloud/netflix/eureka/server/ApplicationServletPathTests.java linha: 76 Método: assertThat(entity.getStatusCode())
Assert sem descrição: /home/vitor-otto/opensource/spring-cloud-netflix-4.0.0/spring-cloud-netflix-eureka-server/src/test/java/org/springframework/cloud/netflix/eureka/server/ApplicationServletPathTests.java linha: 83 Método: assertThat(entity.getStatusCode())
Assert sem descrição: /home/vitor-otto/opensource/spring-cloud-netflix-4.0.0/spring-cloud-netflix-eureka-server/src/test/java/org/springframework/cloud/netflix/eureka/server/ApplicationServletPathTests.java linha: 95 Método: assertThat(entity.getStatusCode())
Assert sem descrição: /home/vitor-otto/opensource/spring-cloud-netflix-4.0.0/spring-cloud-netflix-eureka-server/src/test/java/org/springframework/cloud/netflix/eureka/server/RefreshablePeerEurekaNodesTests.java linha: 85 Método: assertThat(serviceUrlMatches("https://default-host1:8678/eureka/"))
Assert sem descrição: /home/vitor-otto/opensource/spring-cloud-netflix-4.0.0/spring-cloud-netflix-eureka-server/src/test/java/org/springframework/cloud/netflix/eureka/server/RefreshablePeerEurekaNodesTests.java linha: 97 Método: assertThat(serviceUrlMatches("https://default-host2:8678/eureka/"))
Assert sem descrição: /home/vitor-otto/opensource/spring-cloud-netflix-4.0.0/spring-cloud-netflix-eureka-server/src/test/java/org/springframework/cloud/netflix/eureka/server/RefreshablePeerEurekaNodesTests.java linha: 110 Método: assertThat(serviceUrlMatches("https://region1-zone-host:8678/eureka/"))
Assert sem descrição: /home/vitor-otto/opensource/spring-cloud-netflix-4.0.0/spring-cloud-netflix-eureka-server/src/test/java/org/springframework/cloud/netflix/eureka/server/RefreshablePeerEurekaNodesTests.java linha: 115 Método: assertThat(serviceUrlMatches("https://region2-zone-host:8678/eureka/"))
Assert sem descrição: /home/vitor-otto/opensource/spring-cloud-netflix-4.0.0/spring-cloud-netflix-eureka-server/src/test/java/org/springframework/cloud/netflix/eureka/server/RefreshablePeerEurekaNodesTests.java linha: 127 Método: assertThat(this.peerEurekaNodes.getPeerEurekaNodes().get(0).getServiceUrl().equals("https://default-host3:8678/eureka/"))
Assert sem descrição: /home/vitor-otto/opensource/spring-cloud-netflix-4.0.0/spring-cloud-netflix-eureka-server/src/test/java/org/springframework/cloud/netflix/eureka/server/RefreshablePeerEurekaNodesTests.java linha: 133 Método: assertThat(serviceUrlMatches("https://region4-zone-host:8678/eureka/"))
Assert sem descrição: /home/vitor-otto/opensource/spring-cloud-netflix-4.0.0/spring-cloud-netflix-eureka-server/src/test/java/org/springframework/cloud/netflix/eureka/server/RefreshablePeerEurekaNodesTests.java linha: 169 Método: assertThat(this.peerEurekaNodes)
Assert sem descrição: /home/vitor-otto/opensource/spring-cloud-netflix-4.0.0/spring-cloud-netflix-eureka-server/src/test/java/org/springframework/cloud/netflix/eureka/server/RefreshablePeerEurekaNodesTests.java linha: 170 Método: assertThat(this.peerEurekaNodes instanceof RefreshablePeerEurekaNodes)
Assert sem descrição: /home/vitor-otto/opensource/spring-cloud-netflix-4.0.0/spring-cloud-netflix-eureka-server/src/test/java/org/springframework/cloud/netflix/eureka/server/RefreshablePeerEurekaNodesTests.java linha: 179 Método: assertThat(this.peerEurekaNodes.getPeerEurekaNodes().size())
Assert sem descrição: /home/vitor-otto/opensource/spring-cloud-netflix-4.0.0/spring-cloud-netflix-eureka-server/src/test/java/org/springframework/cloud/netflix/eureka/server/RefreshablePeerEurekaNodesTests.java linha: 187 Método: assertThat(serviceUrlMatches("https://defaul-host4:8678/eureka/"))
Assert sem descrição: /home/vitor-otto/opensource/spring-cloud-netflix-4.0.0/spring-cloud-netflix-eureka-server/src/test/java/org/springframework/cloud/netflix/eureka/server/RefreshablePeerEurekaNodesTests.java linha: 197 Método: assertThat(entity.getStatusCode())
Assert sem descrição: /home/vitor-otto/opensource/spring-cloud-netflix-4.0.0/spring-cloud-netflix-eureka-server/src/test/java/org/springframework/cloud/netflix/eureka/server/RefreshablePeerEurekaNodesTests.java linha: 199 Método: assertThat(body)
Assert sem descrição: /home/vitor-otto/opensource/spring-cloud-netflix-4.0.0/spring-cloud-netflix-eureka-server/src/test/java/org/springframework/cloud/netflix/eureka/server/RefreshablePeerEurekaNodesTests.java linha: 200 Método: assertThat(body.contains("https://defaul-host5:8678/eureka/"))
Assert sem descrição: /home/vitor-otto/opensource/spring-cloud-netflix-4.0.0/spring-cloud-netflix-eureka-server/src/test/java/org/springframework/cloud/netflix/eureka/server/RefreshablePeerEurekaNodesTests.java linha: 211 Método: assertThat(serviceUrlMatches("https://defaul-host6:8678/eureka/"))
Assert sem descrição: /home/vitor-otto/opensource/spring-cloud-netflix-4.0.0/spring-cloud-netflix-eureka-server/src/test/java/org/springframework/cloud/netflix/eureka/server/ApplicationTests.java linha: 63 Método: assertThat(entity.getStatusCode())
Assert sem descrição: /home/vitor-otto/opensource/spring-cloud-netflix-4.0.0/spring-cloud-netflix-eureka-server/src/test/java/org/springframework/cloud/netflix/eureka/server/ApplicationTests.java linha: 75 Método: assertThat(entity.getStatusCode())
Assert sem descrição: /home/vitor-otto/opensource/spring-cloud-netflix-4.0.0/spring-cloud-netflix-eureka-server/src/test/java/org/springframework/cloud/netflix/eureka/server/ApplicationTests.java linha: 82 Método: assertThat(entity.getStatusCode())
Assert sem descrição: /home/vitor-otto/opensource/spring-cloud-netflix-4.0.0/spring-cloud-netflix-eureka-server/src/test/java/org/springframework/cloud/netflix/eureka/server/ApplicationTests.java linha: 84 Método: assertThat(body)
Assert sem descrição: /home/vitor-otto/opensource/spring-cloud-netflix-4.0.0/spring-cloud-netflix-eureka-server/src/test/java/org/springframework/cloud/netflix/eureka/server/ApplicationTests.java linha: 85 Método: assertThat(body.contains(basePath + "/"))
Assert sem descrição: /home/vitor-otto/opensource/spring-cloud-netflix-4.0.0/spring-cloud-netflix-eureka-server/src/test/java/org/springframework/cloud/netflix/eureka/server/ApplicationTests.java linha: 93 Método: assertThat(entity.getStatusCode())
Assert sem descrição: /home/vitor-otto/opensource/spring-cloud-netflix-4.0.0/spring-cloud-netflix-eureka-server/src/test/java/org/springframework/cloud/netflix/eureka/server/ApplicationTests.java linha: 95 Método: assertThat(body)
Assert sem descrição: /home/vitor-otto/opensource/spring-cloud-netflix-4.0.0/spring-cloud-netflix-eureka-server/src/test/java/org/springframework/cloud/netflix/eureka/server/ApplicationTests.java linha: 96 Método: assertThat(body.contains("spring-logo"))
Assert sem descrição: /home/vitor-otto/opensource/spring-cloud-netflix-4.0.0/spring-cloud-netflix-eureka-server/src/test/java/org/springframework/cloud/netflix/eureka/server/ApplicationTests.java linha: 101 Método: assertThat(this.serverCodecs)
Assert sem descrição: /home/vitor-otto/opensource/spring-cloud-netflix-4.0.0/spring-cloud-netflix-eureka-server/src/test/java/org/springframework/cloud/netflix/eureka/server/ApplicationTests.java linha: 104 Método: assertThat(codec)
Assert sem descrição: /home/vitor-otto/opensource/spring-cloud-netflix-4.0.0/spring-cloud-netflix-eureka-server/src/test/java/org/springframework/cloud/netflix/eureka/server/ApplicationTests.java linha: 110 Método: assertThat(decoded.getInstanceId())
Assert sem descrição: /home/vitor-otto/opensource/spring-cloud-netflix-4.0.0/spring-cloud-netflix-eureka-server/src/test/java/org/springframework/cloud/netflix/eureka/server/ApplicationDashboardPathTests.java linha: 45 Método: assertThat(entity.getStatusCode())
Assert sem descrição: /home/vitor-otto/opensource/spring-cloud-netflix-4.0.0/spring-cloud-netflix-eureka-server/src/test/java/org/springframework/cloud/netflix/eureka/server/ApplicationDashboardPathTests.java linha: 52 Método: assertThat(entity.getStatusCode())
Assert sem descrição: /home/vitor-otto/opensource/spring-cloud-netflix-4.0.0/spring-cloud-netflix-eureka-server/src/test/java/org/springframework/cloud/netflix/eureka/server/ApplicationDashboardPathTests.java linha: 55 Método: assertThat(body.contains("eureka/js"))
Assert sem descrição: /home/vitor-otto/opensource/spring-cloud-netflix-4.0.0/spring-cloud-netflix-eureka-server/src/test/java/org/springframework/cloud/netflix/eureka/server/ApplicationDashboardPathTests.java linha: 56 Método: assertThat(body.contains("eureka/css"))
Assert sem descrição: /home/vitor-otto/opensource/spring-cloud-netflix-4.0.0/spring-cloud-netflix-eureka-server/src/test/java/org/springframework/cloud/netflix/eureka/server/ApplicationDashboardPathTests.java linha: 58 Método: assertThat(body.contains("<h1>Instances currently registered with Eureka</h1>"))
Assert sem descrição: /home/vitor-otto/opensource/spring-cloud-netflix-4.0.0/spring-cloud-netflix-eureka-server/src/test/java/org/springframework/cloud/netflix/eureka/server/ApplicationDashboardPathTests.java linha: 60 Método: assertThat(body.contains("<a class=\"nav-link px-2\" href=\"/dashboard\">Home</a>"))
Assert sem descrição: /home/vitor-otto/opensource/spring-cloud-netflix-4.0.0/spring-cloud-netflix-eureka-server/src/test/java/org/springframework/cloud/netflix/eureka/server/ApplicationDashboardPathTests.java linha: 62 Método: assertThat(body.contains("<a class=\"nav-link px-2\" href=\"/dashboard/lastn\">Last"))
Assert sem descrição: /home/vitor-otto/opensource/spring-cloud-netflix-4.0.0/spring-cloud-netflix-eureka-server/src/test/java/org/springframework/cloud/netflix/eureka/server/ApplicationDashboardPathTests.java linha: 69 Método: assertThat(entity.getStatusCode())
Assert sem descrição: /home/vitor-otto/opensource/spring-cloud-netflix-4.0.0/spring-cloud-netflix-eureka-server/src/test/java/org/springframework/cloud/netflix/eureka/server/ApplicationDashboardPathTests.java linha: 76 Método: assertThat(entity.getStatusCode())
Assert sem descrição: /home/vitor-otto/opensource/spring-cloud-netflix-4.0.0/spring-cloud-netflix-eureka-server/src/test/java/org/springframework/cloud/netflix/eureka/server/InstanceRegistryTests.java linha: 81 Método: assertThat(this.testEvents.applicationEvents.size())
Assert sem descrição: /home/vitor-otto/opensource/spring-cloud-netflix-4.0.0/spring-cloud-netflix-eureka-server/src/test/java/org/springframework/cloud/netflix/eureka/server/InstanceRegistryTests.java linha: 82 Método: assertThat(this.testEvents.applicationEvents.get(0) instanceof EurekaInstanceRegisteredEvent)
Assert sem descrição: /home/vitor-otto/opensource/spring-cloud-netflix-4.0.0/spring-cloud-netflix-eureka-server/src/test/java/org/springframework/cloud/netflix/eureka/server/InstanceRegistryTests.java linha: 86 Método: assertThat(registeredEvent.getInstanceInfo())
Assert sem descrição: /home/vitor-otto/opensource/spring-cloud-netflix-4.0.0/spring-cloud-netflix-eureka-server/src/test/java/org/springframework/cloud/netflix/eureka/server/InstanceRegistryTests.java linha: 87 Método: assertThat(registeredEvent.getLeaseDuration())
Assert sem descrição: /home/vitor-otto/opensource/spring-cloud-netflix-4.0.0/spring-cloud-netflix-eureka-server/src/test/java/org/springframework/cloud/netflix/eureka/server/InstanceRegistryTests.java linha: 88 Método: assertThat(registeredEvent.getSource())
Assert sem descrição: /home/vitor-otto/opensource/spring-cloud-netflix-4.0.0/spring-cloud-netflix-eureka-server/src/test/java/org/springframework/cloud/netflix/eureka/server/InstanceRegistryTests.java linha: 89 Método: assertThat(registeredEvent.isReplication())
Assert sem descrição: /home/vitor-otto/opensource/spring-cloud-netflix-4.0.0/spring-cloud-netflix-eureka-server/src/test/java/org/springframework/cloud/netflix/eureka/server/InstanceRegistryTests.java linha: 101 Método: assertThat(registeredEvent.getLeaseDuration())
Assert sem descrição: /home/vitor-otto/opensource/spring-cloud-netflix-4.0.0/spring-cloud-netflix-eureka-server/src/test/java/org/springframework/cloud/netflix/eureka/server/InstanceRegistryTests.java linha: 109 Método: assertThat(this.testEvents.applicationEvents.size())
Assert sem descrição: /home/vitor-otto/opensource/spring-cloud-netflix-4.0.0/spring-cloud-netflix-eureka-server/src/test/java/org/springframework/cloud/netflix/eureka/server/InstanceRegistryTests.java linha: 110 Método: assertThat(this.testEvents.applicationEvents.get(0) instanceof EurekaInstanceCanceledEvent)
Assert sem descrição: /home/vitor-otto/opensource/spring-cloud-netflix-4.0.0/spring-cloud-netflix-eureka-server/src/test/java/org/springframework/cloud/netflix/eureka/server/InstanceRegistryTests.java linha: 114 Método: assertThat(registeredEvent.getAppName())
Assert sem descrição: /home/vitor-otto/opensource/spring-cloud-netflix-4.0.0/spring-cloud-netflix-eureka-server/src/test/java/org/springframework/cloud/netflix/eureka/server/InstanceRegistryTests.java linha: 115 Método: assertThat(registeredEvent.getServerId())
Assert sem descrição: /home/vitor-otto/opensource/spring-cloud-netflix-4.0.0/spring-cloud-netflix-eureka-server/src/test/java/org/springframework/cloud/netflix/eureka/server/InstanceRegistryTests.java linha: 116 Método: assertThat(registeredEvent.getSource())
Assert sem descrição: /home/vitor-otto/opensource/spring-cloud-netflix-4.0.0/spring-cloud-netflix-eureka-server/src/test/java/org/springframework/cloud/netflix/eureka/server/InstanceRegistryTests.java linha: 117 Método: assertThat(registeredEvent.isReplication())
Assert sem descrição: /home/vitor-otto/opensource/spring-cloud-netflix-4.0.0/spring-cloud-netflix-eureka-server/src/test/java/org/springframework/cloud/netflix/eureka/server/InstanceRegistryTests.java linha: 133 Método: assertThat(this.testEvents.applicationEvents.size())
Assert sem descrição: /home/vitor-otto/opensource/spring-cloud-netflix-4.0.0/spring-cloud-netflix-eureka-server/src/test/java/org/springframework/cloud/netflix/eureka/server/InstanceRegistryTests.java linha: 134 Método: assertThat(this.testEvents.applicationEvents.get(0) instanceof EurekaInstanceRenewedEvent)
Assert sem descrição: /home/vitor-otto/opensource/spring-cloud-netflix-4.0.0/spring-cloud-netflix-eureka-server/src/test/java/org/springframework/cloud/netflix/eureka/server/InstanceRegistryTests.java linha: 135 Método: assertThat(this.testEvents.applicationEvents.get(1) instanceof EurekaInstanceRenewedEvent)
Assert sem descrição: /home/vitor-otto/opensource/spring-cloud-netflix-4.0.0/spring-cloud-netflix-eureka-server/src/test/java/org/springframework/cloud/netflix/eureka/server/InstanceRegistryTests.java linha: 139 Método: assertThat(event1.getAppName())
Assert sem descrição: /home/vitor-otto/opensource/spring-cloud-netflix-4.0.0/spring-cloud-netflix-eureka-server/src/test/java/org/springframework/cloud/netflix/eureka/server/InstanceRegistryTests.java linha: 140 Método: assertThat(event1.getServerId())
Assert sem descrição: /home/vitor-otto/opensource/spring-cloud-netflix-4.0.0/spring-cloud-netflix-eureka-server/src/test/java/org/springframework/cloud/netflix/eureka/server/InstanceRegistryTests.java linha: 141 Método: assertThat(event1.getSource())
Assert sem descrição: /home/vitor-otto/opensource/spring-cloud-netflix-4.0.0/spring-cloud-netflix-eureka-server/src/test/java/org/springframework/cloud/netflix/eureka/server/InstanceRegistryTests.java linha: 142 Método: assertThat(event1.getInstanceInfo())
Assert sem descrição: /home/vitor-otto/opensource/spring-cloud-netflix-4.0.0/spring-cloud-netflix-eureka-server/src/test/java/org/springframework/cloud/netflix/eureka/server/InstanceRegistryTests.java linha: 143 Método: assertThat(event1.isReplication())
Assert sem descrição: /home/vitor-otto/opensource/spring-cloud-netflix-4.0.0/spring-cloud-netflix-eureka-server/src/test/java/org/springframework/cloud/netflix/eureka/server/InstanceRegistryTests.java linha: 147 Método: assertThat(event2.getInstanceInfo())
Assert sem descrição: /home/vitor-otto/opensource/spring-cloud-netflix-4.0.0/spring-cloud-netflix-eureka-server/src/test/java/org/springframework/cloud/netflix/eureka/server/RefreshablePeerEurekaNodesWithCustomFiltersTests.java linha: 51 Método: assertThat(peerEurekaNodes instanceof RefreshablePeerEurekaNodes)
Assert sem descrição: /home/vitor-otto/opensource/spring-cloud-netflix-4.0.0/spring-cloud-netflix-eureka-server/src/test/java/org/springframework/cloud/netflix/eureka/server/RefreshablePeerEurekaNodesWithCustomFiltersTests.java linha: 56 Método: assertThat(filters.getFilters())
Assert sem descrição: /home/vitor-otto/opensource/spring-cloud-netflix-4.0.0/spring-cloud-netflix-eureka-server/src/test/java/org/springframework/cloud/netflix/eureka/server/RefreshablePeerEurekaNodesWithCustomFiltersTests.java linha: 58 Método: assertThat(filters.getFilters().iterator().next() instanceof Application.CustomClientFilter)
Assert sem descrição: /home/vitor-otto/opensource/spring-cloud-netflix-4.0.0/spring-cloud-netflix-eureka-server/src/test/java/org/springframework/cloud/netflix/eureka/server/EurekaControllerTests.java linha: 103 Método: assertThat((String) model.get("environment"))
Assert sem descrição: /home/vitor-otto/opensource/spring-cloud-netflix-4.0.0/spring-cloud-netflix-eureka-server/src/test/java/org/springframework/cloud/netflix/eureka/server/EurekaControllerTests.java linha: 104 Método: assertThat((String) model.get("datacenter"))
Assert sem descrição: /home/vitor-otto/opensource/spring-cloud-netflix-4.0.0/spring-cloud-netflix-eureka-server/src/test/java/org/springframework/cloud/netflix/eureka/server/EurekaControllerTests.java linha: 110 Método: assertThat((String) instance.get("id"))
Assert sem descrição: /home/vitor-otto/opensource/spring-cloud-netflix-4.0.0/spring-cloud-netflix-eureka-server/src/test/java/org/springframework/cloud/netflix/eureka/server/EurekaControllerTests.java linha: 111 Método: assertThat(instance.get("url"))
Assert sem descrição: /home/vitor-otto/opensource/spring-cloud-netflix-4.0.0/spring-cloud-netflix-eureka-server/src/test/java/org/springframework/cloud/netflix/eureka/server/EurekaControllerTests.java linha: 112 Método: assertThat((Boolean) instance.get("isHref"))
Assert sem descrição: /home/vitor-otto/opensource/spring-cloud-netflix-4.0.0/spring-cloud-netflix-eureka-server/src/test/java/org/springframework/cloud/netflix/eureka/server/EurekaControllerTests.java linha: 118 Método: assertThat(apps)
Assert sem descrição: /home/vitor-otto/opensource/spring-cloud-netflix-4.0.0/spring-cloud-netflix-eureka-server/src/test/java/org/springframework/cloud/netflix/eureka/server/EurekaControllerReplicasTests.java linha: 86 Método: assertThat(results.get("registered-replicas"))
Assert sem descrição: /home/vitor-otto/opensource/spring-cloud-netflix-4.0.0/spring-cloud-netflix-eureka-server/src/test/java/org/springframework/cloud/netflix/eureka/server/EurekaControllerReplicasTests.java linha: 87 Método: assertThat(results.get("available-replicas"))
Assert sem descrição: /home/vitor-otto/opensource/spring-cloud-netflix-4.0.0/spring-cloud-netflix-eureka-server/src/test/java/org/springframework/cloud/netflix/eureka/server/EurekaControllerReplicasTests.java linha: 88 Método: assertThat(results.get("unavailable-replicas"))
Assert sem descrição: /home/vitor-otto/opensource/spring-cloud-netflix-4.0.0/spring-cloud-netflix-eureka-server/src/test/java/org/springframework/cloud/netflix/eureka/server/EurekaControllerReplicasTests.java linha: 104 Método: assertThat(results.get("unavailable-replicas"))
Assert sem descrição: /home/vitor-otto/opensource/spring-cloud-netflix-4.0.0/spring-cloud-netflix-eureka-server/src/test/java/org/springframework/cloud/netflix/eureka/server/EurekaControllerReplicasTests.java linha: 105 Método: assertThat(results.get("available-replicas"))
Assert sem descrição: /home/vitor-otto/opensource/spring-cloud-netflix-4.0.0/spring-cloud-netflix-eureka-server/src/test/java/org/springframework/cloud/netflix/eureka/server/EurekaControllerReplicasTests.java linha: 106 Método: assertThat(results.get("registered-replicas"))
Assert sem descrição: /home/vitor-otto/opensource/spring-cloud-netflix-4.0.0/spring-cloud-netflix-eureka-server/src/test/java/org/springframework/cloud/netflix/eureka/server/EurekaControllerReplicasTests.java linha: 122 Método: assertThat(results.get("registered-replicas"))
Assert sem descrição: /home/vitor-otto/opensource/spring-cloud-netflix-4.0.0/spring-cloud-netflix-eureka-server/src/test/java/org/springframework/cloud/netflix/eureka/server/EurekaControllerReplicasTests.java linha: 123 Método: assertThat(results.get("available-replicas"))
Assert sem descrição: /home/vitor-otto/opensource/spring-cloud-netflix-4.0.0/spring-cloud-netflix-eureka-server/src/test/java/org/springframework/cloud/netflix/eureka/server/EurekaControllerReplicasTests.java linha: 124 Método: assertThat(results.get("unavailable-replicas"))
Assert sem descrição: /home/vitor-otto/opensource/spring-cloud-netflix-4.0.0/spring-cloud-netflix-eureka-server/src/test/java/org/springframework/cloud/netflix/eureka/server/EurekaCustomPeerNodesTests.java linha: 47 Método: assertThat(peerEurekaNodes instanceof CustomEurekaPeerNodes)
Assert sem descrição: /home/vitor-otto/opensource/spring-cloud-netflix-4.0.0/spring-cloud-netflix-eureka-server/src/test/java/org/springframework/cloud/netflix/eureka/server/ApplicationContextTests.java linha: 56 Método: assertThat(entity.getStatusCode())
Assert sem descrição: /home/vitor-otto/opensource/spring-cloud-netflix-4.0.0/spring-cloud-netflix-eureka-server/src/test/java/org/springframework/cloud/netflix/eureka/server/ApplicationContextTests.java linha: 63 Método: assertThat(entity.getStatusCode())
Assert sem descrição: /home/vitor-otto/opensource/spring-cloud-netflix-4.0.0/spring-cloud-netflix-eureka-server/src/test/java/org/springframework/cloud/netflix/eureka/server/ApplicationContextTests.java linha: 66 Método: assertThat(body.contains("eureka/js"))
Assert sem descrição: /home/vitor-otto/opensource/spring-cloud-netflix-4.0.0/spring-cloud-netflix-eureka-server/src/test/java/org/springframework/cloud/netflix/eureka/server/ApplicationContextTests.java linha: 67 Método: assertThat(body.contains("eureka/css"))
Assert sem descrição: /home/vitor-otto/opensource/spring-cloud-netflix-4.0.0/spring-cloud-netflix-eureka-server/src/test/java/org/springframework/cloud/netflix/eureka/server/ApplicationContextTests.java linha: 69 Método: assertThat(body.contains("<a href=\"http://localhost:8761/eureka/\">localhost</a>"))
Assert sem descrição: /home/vitor-otto/opensource/spring-cloud-netflix-4.0.0/spring-cloud-netflix-eureka-server/src/test/java/org/springframework/cloud/netflix/eureka/server/ApplicationContextTests.java linha: 76 Método: assertThat(entity.getStatusCode())
Assert sem descrição: /home/vitor-otto/opensource/spring-cloud-netflix-4.0.0/spring-cloud-netflix-eureka-server/src/test/java/org/springframework/cloud/netflix/eureka/server/ApplicationContextTests.java linha: 83 Método: assertThat(entity.getStatusCode())
Assert sem descrição: /home/vitor-otto/opensource/spring-cloud-netflix-4.0.0/spring-cloud-netflix-eureka-server/src/test/java/org/springframework/cloud/netflix/eureka/server/ApplicationContextTests.java linha: 95 Método: assertThat(entity.getStatusCode())
Assert sem descrição: /home/vitor-otto/opensource/spring-cloud-netflix-4.0.0/spring-cloud-netflix-eureka-server/src/test/java/org/springframework/cloud/netflix/eureka/server/EurekaServerInitializerConfigurationTest.java linha: 50 Método: assertThat(callbackCalled)
Total asserts: 344
Asserts sem descrição: 342
Asserts com descrição: 2
Assertion Roulette: 236
