
Projeto: /home/vitor-otto/opensource/fastjson2-2.0.24

Assert com mensagem: /home/vitor-otto/opensource/fastjson2-2.0.24/core/src/test/java/com/alibaba/fastjson2/primitves/JSONBSizeTest.java linha: 25 Método: assertEquals(2, bytes.length, "input " + val)
Assert com mensagem: /home/vitor-otto/opensource/fastjson2-2.0.24/core/src/test/java/com/alibaba/fastjson2/primitves/JSONBSizeTest.java linha: 27 Método: assertEquals(val, JSONB.parseObject(bytes, Number.class), "input " + val)
Assert com mensagem: /home/vitor-otto/opensource/fastjson2-2.0.24/core/src/test/java/com/alibaba/fastjson2/primitves/JSONBSizeTest.java linha: 48 Método: assertEquals(3, bytes.length, "input " + val)
Assert com mensagem: /home/vitor-otto/opensource/fastjson2-2.0.24/core/src/test/java/com/alibaba/fastjson2/primitves/JSONBSizeTest.java linha: 50 Método: assertEquals(val, JSONB.parseObject(bytes, Number.class), "input " + val)
Assert com mensagem: /home/vitor-otto/opensource/fastjson2-2.0.24/core/src/test/java/com/alibaba/fastjson2/primitves/JSONBSizeTest.java linha: 71 Método: assertEquals(1, bytes.length, "input " + val)
Assert com mensagem: /home/vitor-otto/opensource/fastjson2-2.0.24/core/src/test/java/com/alibaba/fastjson2/primitves/JSONBSizeTest.java linha: 73 Método: assertEquals(val, JSONB.parseObject(bytes, Number.class), "input " + val)
Assert com mensagem: /home/vitor-otto/opensource/fastjson2-2.0.24/core/src/test/java/com/alibaba/fastjson2/primitves/JSONBSizeTest.java linha: 94 Método: assertEquals(2, bytes.length, "input " + val)
Assert com mensagem: /home/vitor-otto/opensource/fastjson2-2.0.24/core/src/test/java/com/alibaba/fastjson2/primitves/JSONBSizeTest.java linha: 96 Método: assertEquals(val, JSONB.parseObject(bytes, Number.class), "input " + val)
Assert com mensagem: /home/vitor-otto/opensource/fastjson2-2.0.24/core/src/test/java/com/alibaba/fastjson2/primitves/JSONBSizeTest.java linha: 117 Método: assertEquals(3, bytes.length, "input " + val)
Assert com mensagem: /home/vitor-otto/opensource/fastjson2-2.0.24/core/src/test/java/com/alibaba/fastjson2/primitves/JSONBSizeTest.java linha: 119 Método: assertEquals(val, JSONB.parseObject(bytes, Number.class), "input " + val)
Assert com mensagem: /home/vitor-otto/opensource/fastjson2-2.0.24/core/src/test/java/com/alibaba/fastjson2/primitves/JSONBSizeTest.java linha: 139 Método: assertEquals(5, bytes.length, "input " + val)
Assert com mensagem: /home/vitor-otto/opensource/fastjson2-2.0.24/core/src/test/java/com/alibaba/fastjson2/primitves/JSONBSizeTest.java linha: 141 Método: assertEquals(val, JSONB.parseObject(bytes, Number.class), "input " + val)
Assert com mensagem: /home/vitor-otto/opensource/fastjson2-2.0.24/core/src/test/java/com/alibaba/fastjson2/primitves/JSONBSizeTest.java linha: 164 Método: assertEquals(1, bytes.length, "input " + val)
Assert com mensagem: /home/vitor-otto/opensource/fastjson2-2.0.24/core/src/test/java/com/alibaba/fastjson2/primitves/JSONBSizeTest.java linha: 167 Método: assertEquals(val, JSONB.parseObject(bytes, Number.class).longValue(), "input " + val)
Assert com mensagem: /home/vitor-otto/opensource/fastjson2-2.0.24/core/src/test/java/com/alibaba/fastjson2/primitves/JSONBSizeTest.java linha: 188 Método: assertEquals(2, bytes.length, "input " + val)
Assert com mensagem: /home/vitor-otto/opensource/fastjson2-2.0.24/core/src/test/java/com/alibaba/fastjson2/primitves/JSONBSizeTest.java linha: 190 Método: assertEquals(val, JSONB.parseObject(bytes, Number.class).longValue(), "input " + val)
Assert com mensagem: /home/vitor-otto/opensource/fastjson2-2.0.24/core/src/test/java/com/alibaba/fastjson2/primitves/JSONBSizeTest.java linha: 211 Método: assertEquals(3, bytes.length, "input " + val)
Assert com mensagem: /home/vitor-otto/opensource/fastjson2-2.0.24/core/src/test/java/com/alibaba/fastjson2/primitves/JSONBSizeTest.java linha: 233 Método: assertEquals(5, bytes.length, "input " + val)
Assert com mensagem: /home/vitor-otto/opensource/fastjson2-2.0.24/core/src/test/java/com/alibaba/fastjson2/primitves/JSONBSizeTest.java linha: 255 Método: assertEquals(9, bytes.length, "input " + val)
Assert com mensagem: /home/vitor-otto/opensource/fastjson2-2.0.24/core/src/test/java/com/alibaba/fastjson2/primitves/JSONBSizeTest.java linha: 259 Método: assertEquals(Byte.valueOf((byte) val), JSONB.parseObject(bytes, Byte.class), "input " + val)
Assert com mensagem: /home/vitor-otto/opensource/fastjson2-2.0.24/core/src/test/java/com/alibaba/fastjson2/primitves/JSONBSizeTest.java linha: 260 Método: assertEquals(Short.valueOf((short) val), JSONB.parseObject(bytes, Short.class), "input " + val)
Assert com mensagem: /home/vitor-otto/opensource/fastjson2-2.0.24/core/src/test/java/com/alibaba/fastjson2/primitves/JSONBSizeTest.java linha: 261 Método: assertEquals(Integer.valueOf((int) val), JSONB.parseObject(bytes, Integer.class), "input " + val)
Assert com mensagem: /home/vitor-otto/opensource/fastjson2-2.0.24/core/src/test/java/com/alibaba/fastjson2/primitves/JSONBSizeTest.java linha: 262 Método: assertEquals(Long.valueOf(val), JSONB.parseObject(bytes, Long.class), "input " + val)
Assert com mensagem: /home/vitor-otto/opensource/fastjson2-2.0.24/core/src/test/java/com/alibaba/fastjson2/primitves/JSONBSizeTest.java linha: 263 Método: assertEquals(Float.valueOf(val), JSONB.parseObject(bytes, Float.class), "input " + val)
Assert com mensagem: /home/vitor-otto/opensource/fastjson2-2.0.24/core/src/test/java/com/alibaba/fastjson2/primitves/JSONBSizeTest.java linha: 264 Método: assertEquals(Double.valueOf(val), JSONB.parseObject(bytes, Double.class), "input " + val)
Assert com mensagem: /home/vitor-otto/opensource/fastjson2-2.0.24/core/src/test/java/com/alibaba/fastjson2/primitves/JSONBSizeTest.java linha: 265 Método: assertEquals(BigInteger.valueOf(val), JSONB.parseObject(bytes, BigInteger.class), "input " + val)
Assert com mensagem: /home/vitor-otto/opensource/fastjson2-2.0.24/core/src/test/java/com/alibaba/fastjson2/primitves/JSONBSizeTest.java linha: 266 Método: assertEquals(BigDecimal.valueOf(val), JSONB.parseObject(bytes, BigDecimal.class), "input " + val)
Assert com mensagem: /home/vitor-otto/opensource/fastjson2-2.0.24/core/src/test/java/com/alibaba/fastjson2/primitves/JSONBSizeTest.java linha: 280 Método: assertEquals(2, bytes.length, "input " + val)
Assert com mensagem: /home/vitor-otto/opensource/fastjson2-2.0.24/core/src/test/java/com/alibaba/fastjson2/primitves/JSONBSizeTest.java linha: 303 Método: assertEquals(3, bytes.length, "input " + val)
Assert com mensagem: /home/vitor-otto/opensource/fastjson2-2.0.24/core/src/test/java/com/alibaba/fastjson2/primitves/JSONBSizeTest.java linha: 326 Método: assertEquals(4, bytes.length, "input " + val)
Assert com mensagem: /home/vitor-otto/opensource/fastjson2-2.0.24/core/src/test/java/com/alibaba/fastjson2/primitves/JSONBSizeTest.java linha: 348 Método: assertEquals(5, bytes.length, "input " + val)
Assert com mensagem: /home/vitor-otto/opensource/fastjson2-2.0.24/core/src/test/java/com/alibaba/fastjson2/primitves/JSONBSizeTest.java linha: 357 Método: assertEquals(Byte.valueOf((byte) val), JSONB.parseObject(bytes, Byte.class), "input " + val)
Assert com mensagem: /home/vitor-otto/opensource/fastjson2-2.0.24/core/src/test/java/com/alibaba/fastjson2/primitves/JSONBSizeTest.java linha: 358 Método: assertEquals(Short.valueOf((short) val), JSONB.parseObject(bytes, Short.class), "input " + val)
Assert com mensagem: /home/vitor-otto/opensource/fastjson2-2.0.24/core/src/test/java/com/alibaba/fastjson2/primitves/JSONBSizeTest.java linha: 378 Método: assertEquals(1, bytes.length, "input " + val)
Assert com mensagem: /home/vitor-otto/opensource/fastjson2-2.0.24/core/src/test/java/com/alibaba/fastjson2/primitves/JSONBSizeTest.java linha: 400 Método: assertEquals(2, bytes.length, "input " + val)
Assert com mensagem: /home/vitor-otto/opensource/fastjson2-2.0.24/core/src/test/java/com/alibaba/fastjson2/primitves/JSONBSizeTest.java linha: 423 Método: assertEquals(3, bytes.length, "input " + val)
Assert com mensagem: /home/vitor-otto/opensource/fastjson2-2.0.24/core/src/test/java/com/alibaba/fastjson2/primitves/JSONBSizeTest.java linha: 446 Método: assertEquals(4, bytes.length, "input " + val)
Assert com mensagem: /home/vitor-otto/opensource/fastjson2-2.0.24/core/src/test/java/com/alibaba/fastjson2/primitves/JSONBSizeTest.java linha: 468 Método: assertEquals(6, bytes.length, "input " + val)
Assert com mensagem: /home/vitor-otto/opensource/fastjson2-2.0.24/core/src/test/java/com/alibaba/fastjson2/primitves/JSONBSizeTest.java linha: 493 Método: assertEquals(9, bytes.length, "input " + val)
Assert com mensagem: /home/vitor-otto/opensource/fastjson2-2.0.24/core/src/test/java/com/alibaba/fastjson2/primitves/JSONBSizeTest.java linha: 502 Método: assertEquals(Byte.valueOf((byte) val), JSONB.parseObject(bytes, Byte.class), "input " + val)
Assert com mensagem: /home/vitor-otto/opensource/fastjson2-2.0.24/core/src/test/java/com/alibaba/fastjson2/primitves/JSONBSizeTest.java linha: 503 Método: assertEquals(Short.valueOf((short) val), JSONB.parseObject(bytes, Short.class), "input " + val)
Assert com mensagem: /home/vitor-otto/opensource/fastjson2-2.0.24/core/src/test/java/com/alibaba/fastjson2/primitves/JSONBSizeTest.java linha: 525 Método: assertEquals(val.length() + 1, bytes.length, "input " + val)
Assert com mensagem: /home/vitor-otto/opensource/fastjson2-2.0.24/core/src/test/java/com/alibaba/fastjson2/primitves/JSONBSizeTest.java linha: 534 Método: assertEquals(val.length() + 3, bytes.length, "input " + val)
Assert com mensagem: /home/vitor-otto/opensource/fastjson2-2.0.24/core/src/test/java/com/alibaba/fastjson2/primitves/Calendar1Test.java linha: 340 Método: assertEquals(id, id2, str)
Assert com mensagem: /home/vitor-otto/opensource/fastjson2-2.0.24/core/src/test/java/com/alibaba/fastjson2/primitves/Date1Test.java linha: 342 Método: assertEquals(date0.getTime(), date1.getTime(), str)
Assert com mensagem: /home/vitor-otto/opensource/fastjson2-2.0.24/core/src/test/java/com/alibaba/fastjson2/primitves/Date1Test.java linha: 363 Método: assertEquals(date0.getTime(), date1.getTime(), str)
Assert com mensagem: /home/vitor-otto/opensource/fastjson2-2.0.24/core/src/test/java/com/alibaba/fastjson2/primitves/Date1Test.java linha: 390 Método: assertEquals(date0.getTime(), date1.getTime(), str)
Assert com mensagem: /home/vitor-otto/opensource/fastjson2-2.0.24/core/src/test/java/com/alibaba/fastjson2/JSONReaderTest1.java linha: 1905 Método: assertEquals(epochMilli, millis, ldt.toString())
Assert com mensagem: /home/vitor-otto/opensource/fastjson2-2.0.24/core/src/test/java/com/alibaba/fastjson2/jsonb/basic/MapTest.java linha: 49 Método: assertEquals(bytes.length, 2 + keyBytes.length, valueBytes.length)
Assert com mensagem: /home/vitor-otto/opensource/fastjson2-2.0.24/core/src/test/java/com/alibaba/fastjson2/v1issues/issue_2900/Issue2962.java linha: 49 Método: assertEquals(vo.date.getTime(), result.date.getTime(), "timeZone " + id)
Assert com mensagem: /home/vitor-otto/opensource/fastjson2-2.0.24/core/src/test/java/com/alibaba/fastjson2/v1issues/issue_2900/Issue2962.java linha: 50 Método: assertEquals(JSON.toJSONString(vo.date), JSON.toJSONString(result.date), "timeZone " + id)
Assert com mensagem: /home/vitor-otto/opensource/fastjson2-2.0.24/core/src/test/java/com/alibaba/fastjson2/v1issues/issue_2900/Issue2962.java linha: 76 Método: assertEquals(vo.date.getTime(), result.date.getTime(), "timeZone " + id)
Assert com mensagem: /home/vitor-otto/opensource/fastjson2-2.0.24/core/src/test/java/com/alibaba/fastjson2/v1issues/issue_2900/Issue2962.java linha: 77 Método: assertEquals(JSON.toJSONString(vo.date), JSON.toJSONString(result.date), "timeZone " + id)
Assert com mensagem: /home/vitor-otto/opensource/fastjson2-2.0.24/core/src/test/java/com/alibaba/fastjson2/JSONReaderTest.java linha: 544 Método: assertTrue(jsonReader.hasComma(), jsonReader.getClass().getName())
Assert com mensagem: /home/vitor-otto/opensource/fastjson2-2.0.24/core/src/test/java/com/alibaba/fastjson2/JSONReaderTest.java linha: 550 Método: assertFalse(jsonReader.hasComma(), jsonReader.getClass().getName())
Assert com mensagem: /home/vitor-otto/opensource/fastjson2-2.0.24/core/src/test/java/com/alibaba/fastjson2/JSONReaderTest.java linha: 558 Método: assertFalse(jsonReader.hasComma(), jsonReader.getClass().getName())
Assert com mensagem: /home/vitor-otto/opensource/fastjson2-2.0.24/core/src/test/java/com/alibaba/fastjson2/JSONReaderTest.java linha: 566 Método: assertFalse(jsonReader.hasComma(), jsonReader.getClass().getName())
Assert com mensagem: /home/vitor-otto/opensource/fastjson2-2.0.24/core/src/test/java/com/alibaba/fastjson2/JSONReaderTest.java linha: 574 Método: assertFalse(jsonReader.hasComma(), jsonReader.getClass().getName())
Assert com mensagem: /home/vitor-otto/opensource/fastjson2-2.0.24/core/src/test/java/com/alibaba/fastjson2/JSONReaderTest.java linha: 597 Método: assertFalse(jsonReader.hasComma(), jsonReader.getClass().getName())
Assert com mensagem: /home/vitor-otto/opensource/fastjson2-2.0.24/core/src/test/java/com/alibaba/fastjson2/JSONReaderTest.java linha: 605 Método: assertFalse(jsonReader.hasComma(), jsonReader.getClass().getName())
Assert com mensagem: /home/vitor-otto/opensource/fastjson2-2.0.24/core/src/test/java/com/alibaba/fastjson2/JSONReaderTest.java linha: 628 Método: assertFalse(jsonReader.hasComma(), jsonReader.getClass().getName())
Assert com mensagem: /home/vitor-otto/opensource/fastjson2-2.0.24/core/src/test/java/com/alibaba/fastjson2/JSONReaderTest.java linha: 636 Método: assertFalse(jsonReader.hasComma(), jsonReader.getClass().getName())
Assert com mensagem: /home/vitor-otto/opensource/fastjson2-2.0.24/core/src/test/java/com/alibaba/fastjson2/JSONReaderTest.java linha: 659 Método: assertFalse(jsonReader.hasComma(), jsonReader.getClass().getName())
Assert com mensagem: /home/vitor-otto/opensource/fastjson2-2.0.24/core/src/test/java/com/alibaba/fastjson2/JSONReaderTest.java linha: 667 Método: assertFalse(jsonReader.hasComma(), jsonReader.getClass().getName())
Assert com mensagem: /home/vitor-otto/opensource/fastjson2-2.0.24/core/src/test/java/com/alibaba/fastjson2/JSONReaderTest.java linha: 690 Método: assertFalse(jsonReader.hasComma(), jsonReader.getClass().getName())
Assert com mensagem: /home/vitor-otto/opensource/fastjson2-2.0.24/core/src/test/java/com/alibaba/fastjson2/JSONReaderTest.java linha: 698 Método: assertFalse(jsonReader.hasComma(), jsonReader.getClass().getName())
Assert com mensagem: /home/vitor-otto/opensource/fastjson2-2.0.24/core/src/test/java/com/alibaba/fastjson2/JSONReaderTest.java linha: 721 Método: assertFalse(jsonReader.hasComma(), jsonReader.getClass().getName())
Assert com mensagem: /home/vitor-otto/opensource/fastjson2-2.0.24/core/src/test/java/com/alibaba/fastjson2/JSONReaderTest.java linha: 729 Método: assertFalse(jsonReader.hasComma(), jsonReader.getClass().getName())
Assert com mensagem: /home/vitor-otto/opensource/fastjson2-2.0.24/core/src/test/java/com/alibaba/fastjson2/JSONReaderTest.java linha: 752 Método: assertFalse(jsonReader.hasComma(), jsonReader.getClass().getName())
Assert com mensagem: /home/vitor-otto/opensource/fastjson2-2.0.24/core/src/test/java/com/alibaba/fastjson2/JSONReaderTest.java linha: 760 Método: assertFalse(jsonReader.hasComma(), jsonReader.getClass().getName())
Assert com mensagem: /home/vitor-otto/opensource/fastjson2-2.0.24/core/src/test/java/com/alibaba/fastjson2/JSONReaderTest.java linha: 783 Método: assertFalse(jsonReader.hasComma(), jsonReader.getClass().getName())
Assert com mensagem: /home/vitor-otto/opensource/fastjson2-2.0.24/core/src/test/java/com/alibaba/fastjson2/JSONReaderTest.java linha: 791 Método: assertFalse(jsonReader.hasComma(), jsonReader.getClass().getName())
Assert com mensagem: /home/vitor-otto/opensource/fastjson2-2.0.24/core/src/test/java/com/alibaba/fastjson2/JSONReaderTest.java linha: 814 Método: assertFalse(jsonReader.hasComma(), jsonReader.getClass().getName())
Assert com mensagem: /home/vitor-otto/opensource/fastjson2-2.0.24/core/src/test/java/com/alibaba/fastjson2/JSONReaderTest.java linha: 822 Método: assertFalse(jsonReader.hasComma(), jsonReader.getClass().getName())
Assert com mensagem: /home/vitor-otto/opensource/fastjson2-2.0.24/core/src/test/java/com/alibaba/fastjson2/support/sql/JdbcTimeTest.java linha: 141 Método: assertEquals(d.value.toString(), d1.value.toString(), str)
Assert com mensagem: /home/vitor-otto/opensource/fastjson2-2.0.24/core/src/test/java/com/alibaba/fastjson2/issues/Issue757.java linha: 30 Método: assertTrue(jsonReader.isEnd(), jsonReader.getClass().getName())
Assert com mensagem: /home/vitor-otto/opensource/fastjson2-2.0.24/core/src/test/java/com/alibaba/fastjson2/issues/Issue757.java linha: 36 Método: assertTrue(jsonReader.isEnd(), jsonReader.getClass().getName())
Assert com mensagem: /home/vitor-otto/opensource/fastjson2-2.0.24/core/src/test/java/com/alibaba/fastjson2/issues/Issue435.java linha: 40 Método: assertEquals(str, JSON.parse(json), "fail " + i)
Assert com mensagem: /home/vitor-otto/opensource/fastjson2-2.0.24/core/src/test/java/com/alibaba/fastjson2/issues/Issue435.java linha: 50 Método: assertEquals(str, JSON.parse(jsonBytes), "fail " + i)
Assert com mensagem: /home/vitor-otto/opensource/fastjson2-2.0.24/core/src/test/java/com/alibaba/fastjson2/issues/Issue435.java linha: 68 Método: assertEquals(str, JSON.parse(json), "fail " + i)
Assert com mensagem: /home/vitor-otto/opensource/fastjson2-2.0.24/core/src/test/java/com/alibaba/fastjson2/read/ObjectReaderProviderTest.java linha: 119 Método: assertThrows(JSONException.class, () -> provider.checkAutoType(longTypeName, null, 0), "autoType is not support. " + longTypeName)
Assert com mensagem: /home/vitor-otto/opensource/fastjson2-2.0.24/core/src/test/java/com/alibaba/fastjson2/JSONBTest.java linha: 51 Método: assertNotNull(object, type.getTypeName())
Assert com mensagem: /home/vitor-otto/opensource/fastjson2-2.0.24/core/src/test/java/com/alibaba/fastjson2/util/DateUtilsTest.java linha: 1460 Método: assertEquals(of, LocalDateTime.of(DateUtils.parseLocalDate9(str, 0), LocalTime.MIN), str)
Assert com mensagem: /home/vitor-otto/opensource/fastjson2-2.0.24/core/src/test/java/com/alibaba/fastjson2/util/DateUtilsTest.java linha: 1465 Método: assertEquals(of, DateUtils.parseLocalDateTime(str, 0, 9), str)
Assert com mensagem: /home/vitor-otto/opensource/fastjson2-2.0.24/core/src/test/java/com/alibaba/fastjson2/util/DateUtilsTest.java linha: 1504 Método: assertEquals(of, LocalDateTime.of(DateUtils.parseLocalDate9(str, 0), LocalTime.MIN), str)
Assert com mensagem: /home/vitor-otto/opensource/fastjson2-2.0.24/core/src/test/java/com/alibaba/fastjson2/util/DateUtilsTest.java linha: 1509 Método: assertEquals(of, DateUtils.parseLocalDateTime(str, 0, 9), str)
Assert com mensagem: /home/vitor-otto/opensource/fastjson2-2.0.24/core/src/test/java/com/alibaba/fastjson2/util/DateUtilsTest.java linha: 1534 Método: assertEquals(of, LocalDateTime.of(DateUtils.parseLocalDate9(str, 0), LocalTime.MIN), str)
Assert com mensagem: /home/vitor-otto/opensource/fastjson2-2.0.24/core/src/test/java/com/alibaba/fastjson2/util/DateUtilsTest.java linha: 1539 Método: assertEquals(of, DateUtils.parseLocalDateTime(str, 0, 9), str)
Assert com mensagem: /home/vitor-otto/opensource/fastjson2-2.0.24/core/src/test/java/com/alibaba/fastjson2/util/DateUtilsTest.java linha: 1579 Método: assertEquals(of, LocalDateTime.of(DateUtils.parseLocalDate10(str, 0), LocalTime.MIN), str)
Assert com mensagem: /home/vitor-otto/opensource/fastjson2-2.0.24/core/src/test/java/com/alibaba/fastjson2/util/DateUtilsTest.java linha: 1584 Método: assertEquals(of, DateUtils.parseLocalDateTime(str, 0, 10), str)
Assert com mensagem: /home/vitor-otto/opensource/fastjson2-2.0.24/core/src/test/java/com/alibaba/fastjson2/util/DateUtilsTest.java linha: 1624 Método: assertEquals(of, LocalDateTime.of(DateUtils.parseLocalDate11(str, 0), LocalTime.MIN), str)
Assert com mensagem: /home/vitor-otto/opensource/fastjson2-2.0.24/core/src/test/java/com/alibaba/fastjson2/util/DateUtilsTest.java linha: 1629 Método: assertEquals(of, DateUtils.parseLocalDateTime(str, 0, 11), str)
Assert com mensagem: /home/vitor-otto/opensource/fastjson2-2.0.24/core/src/test/java/com/alibaba/fastjson2/util/DateUtilsTest.java linha: 1672 Método: assertEquals(of, DateUtils.parseLocalDateTime16(str, 0), str)
Assert com mensagem: /home/vitor-otto/opensource/fastjson2-2.0.24/core/src/test/java/com/alibaba/fastjson2/util/DateUtilsTest.java linha: 1677 Método: assertEquals(of, DateUtils.parseLocalDateTime(str, 0, 16), str)
Assert com mensagem: /home/vitor-otto/opensource/fastjson2-2.0.24/core/src/test/java/com/alibaba/fastjson2/util/DateUtilsTest.java linha: 1721 Método: assertEquals(of, DateUtils.parseLocalDateTime16(str, 0), str)
Assert com mensagem: /home/vitor-otto/opensource/fastjson2-2.0.24/core/src/test/java/com/alibaba/fastjson2/util/DateUtilsTest.java linha: 1726 Método: assertEquals(of, DateUtils.parseLocalDateTime(str, 0, 16), str)
Assert com mensagem: /home/vitor-otto/opensource/fastjson2-2.0.24/core/src/test/java/com/alibaba/fastjson2/util/DateUtilsTest.java linha: 1782 Método: assertEquals(of, DateUtils.parseLocalDateTime18(str, 0), str)
Assert com mensagem: /home/vitor-otto/opensource/fastjson2-2.0.24/core/src/test/java/com/alibaba/fastjson2/util/DateUtilsTest.java linha: 1787 Método: assertEquals(of, DateUtils.parseLocalDateTime(str, 0, 18), str)
Assert com mensagem: /home/vitor-otto/opensource/fastjson2-2.0.24/core/src/test/java/com/alibaba/fastjson2/util/DateUtilsTest.java linha: 1831 Método: assertEquals(of, DateUtils.parseLocalDateTime18(str, 0), str)
Assert com mensagem: /home/vitor-otto/opensource/fastjson2-2.0.24/core/src/test/java/com/alibaba/fastjson2/util/DateUtilsTest.java linha: 1836 Método: assertEquals(of, DateUtils.parseLocalDateTime(str, 0, 18), str)
Assert com mensagem: /home/vitor-otto/opensource/fastjson2-2.0.24/core/src/test/java/com/alibaba/fastjson2/util/DateUtilsTest.java linha: 1879 Método: assertEquals(of, DateUtils.parseLocalDateTime18(str, 0), str)
Assert com mensagem: /home/vitor-otto/opensource/fastjson2-2.0.24/core/src/test/java/com/alibaba/fastjson2/util/DateUtilsTest.java linha: 1884 Método: assertEquals(of, DateUtils.parseLocalDateTime(str, 0, 18), str)
Assert com mensagem: /home/vitor-otto/opensource/fastjson2-2.0.24/core/src/test/java/com/alibaba/fastjson2/util/DateUtilsTest.java linha: 1927 Método: assertEquals(of, DateUtils.parseLocalDateTime18(str, 0), str)
Assert com mensagem: /home/vitor-otto/opensource/fastjson2-2.0.24/core/src/test/java/com/alibaba/fastjson2/util/DateUtilsTest.java linha: 1932 Método: assertEquals(of, DateUtils.parseLocalDateTime(str, 0, 18), str)
Assert com mensagem: /home/vitor-otto/opensource/fastjson2-2.0.24/core/src/test/java/com/alibaba/fastjson2/util/DateUtilsTest.java linha: 1975 Método: assertEquals(of, DateUtils.parseLocalDateTime18(str, 0), str)
Assert com mensagem: /home/vitor-otto/opensource/fastjson2-2.0.24/core/src/test/java/com/alibaba/fastjson2/util/DateUtilsTest.java linha: 1980 Método: assertEquals(of, DateUtils.parseLocalDateTime(str, 0, 18), str)
Assert com mensagem: /home/vitor-otto/opensource/fastjson2-2.0.24/core/src/test/java/com/alibaba/fastjson2/util/DateUtilsTest.java linha: 2024 Método: assertEquals(of, DateUtils.parseLocalDateTime19(str, 0), str)
Assert com mensagem: /home/vitor-otto/opensource/fastjson2-2.0.24/core/src/test/java/com/alibaba/fastjson2/util/DateUtilsTest.java linha: 2029 Método: assertEquals(of, DateUtils.parseLocalDateTime(str, 0, 19), str)
Assert com mensagem: /home/vitor-otto/opensource/fastjson2-2.0.24/fastjson1-compatible/src/test/java/com/alibaba/fastjson/issue_2900/Issue2962.java linha: 51 Método: assertEquals(vo.date.getTime(), result.date.getTime(), "timeZone " + id)
Assert com mensagem: /home/vitor-otto/opensource/fastjson2-2.0.24/fastjson1-compatible/src/test/java/com/alibaba/fastjson/issue_2900/Issue2962.java linha: 52 Método: assertEquals(JSON.toJSONString(vo.date), JSON.toJSONString(result.date), "timeZone " + id)
Total asserts: 20392
Asserts sem descrição: 20282
Asserts com descrição: 110
Assertion Roulette: 17522
