
Projeto: /home/vitor-otto/opensource/RoaringBitmap-0.9.39

Assert com mensagem: /home/vitor-otto/opensource/RoaringBitmap-0.9.39/RoaringBitmap/src/test/java/org/roaringbitmap/ValidationRangeConsumer.java linha: 32 Método: assertNotEquals(Value.UNINITIALISED, b, "Provide only fully initialised buffers!")
Assert com mensagem: /home/vitor-otto/opensource/RoaringBitmap-0.9.39/RoaringBitmap/src/test/java/org/roaringbitmap/ValidationRangeConsumer.java linha: 55 Método: assertEquals(buffer[relativePos], Value.PRESENT, () -> "Mismatch at position " + relativePos)
Assert com mensagem: /home/vitor-otto/opensource/RoaringBitmap-0.9.39/RoaringBitmap/src/test/java/org/roaringbitmap/ValidationRangeConsumer.java linha: 65 Método: assertEquals(buffer[relativePos], Value.ABSENT, () -> "Mismatch at position " + relativePos)
Assert com mensagem: /home/vitor-otto/opensource/RoaringBitmap-0.9.39/RoaringBitmap/src/test/java/org/roaringbitmap/ValidationRangeConsumer.java linha: 73 Método: assertTrue(relativeFrom < relativeTo, "Only consume [start, end) ranges!")
Assert com mensagem: /home/vitor-otto/opensource/RoaringBitmap-0.9.39/RoaringBitmap/src/test/java/org/roaringbitmap/ValidationRangeConsumer.java linha: 78 Método: assertEquals(buffer[i], Value.PRESENT, () -> "Mismatch at position " + finalI)
Assert com mensagem: /home/vitor-otto/opensource/RoaringBitmap-0.9.39/RoaringBitmap/src/test/java/org/roaringbitmap/ValidationRangeConsumer.java linha: 87 Método: assertTrue(relativeFrom < relativeTo, "Only consume [start, end) ranges!")
Assert com mensagem: /home/vitor-otto/opensource/RoaringBitmap-0.9.39/RoaringBitmap/src/test/java/org/roaringbitmap/ValidationRangeConsumer.java linha: 92 Método: assertEquals(buffer[i], Value.ABSENT, () -> "Mismatch at position " + finalI)
Assert com mensagem: /home/vitor-otto/opensource/RoaringBitmap-0.9.39/RoaringBitmap/src/test/java/org/roaringbitmap/ValidationRangeConsumer.java linha: 124 Método: assertEquals(Value.ABSENT, buffer[i], () -> "Mismatch at position " + finalI)
Assert com mensagem: /home/vitor-otto/opensource/RoaringBitmap-0.9.39/RoaringBitmap/src/test/java/org/roaringbitmap/ValidationRangeConsumer.java linha: 120 Método: assertEquals(Value.PRESENT, buffer[i], () -> "Mismatch at position " + finalI)
Assert com mensagem: /home/vitor-otto/opensource/RoaringBitmap-0.9.39/RoaringBitmap/src/test/java/org/roaringbitmap/ValidationRangeConsumer.java linha: 118 Método: assertEquals(Value.ABSENT, buffer[i], () -> "Mismatch at position " + finalI)
Assert com mensagem: /home/vitor-otto/opensource/RoaringBitmap-0.9.39/RoaringBitmap/src/test/java/org/roaringbitmap/ValidationRangeConsumer.java linha: 133 Método: assertEquals(Value.ABSENT, buffer[i], () -> "Mismatch at position " + finalI)
Assert com mensagem: /home/vitor-otto/opensource/RoaringBitmap-0.9.39/RoaringBitmap/src/test/java/org/roaringbitmap/ValidationRangeConsumer.java linha: 140 Método: assertEquals(Value.PRESENT, buffer[i], () -> "Mismatch at position " + finalI)
Assert com mensagem: /home/vitor-otto/opensource/RoaringBitmap-0.9.39/RoaringBitmap/src/test/java/org/roaringbitmap/RoaringArrayTest.java linha: 88 Método: assertSame(keys, array.keys, "Keys were not reallocated")
Assert com mensagem: /home/vitor-otto/opensource/RoaringBitmap-0.9.39/RoaringBitmap/src/test/java/org/roaringbitmap/TestRoaringBitmap.java linha: 2349 Método: assertTrue(iterator.hasNext(), "Error on iteration " + i)
Assert com mensagem: /home/vitor-otto/opensource/RoaringBitmap-0.9.39/RoaringBitmap/src/test/java/org/roaringbitmap/TestRoaringBitmap.java linha: 2423 Método: assertTrue(iterator.hasNext(), "Error on iteration " + i)
Assert com mensagem: /home/vitor-otto/opensource/RoaringBitmap-0.9.39/RoaringBitmap/src/test/java/org/roaringbitmap/TestRoaringBitmap.java linha: 2444 Método: assertTrue(iterator.hasNext(), "Error on iteration " + i)
Assert com mensagem: /home/vitor-otto/opensource/RoaringBitmap-0.9.39/RoaringBitmap/src/test/java/org/roaringbitmap/TestRoaringBitmap.java linha: 2445 Método: assertEquals(i, iterator.next(), "Error on iteration " + i)
Assert com mensagem: /home/vitor-otto/opensource/RoaringBitmap-0.9.39/RoaringBitmap/src/test/java/org/roaringbitmap/TestRoaringBitmap.java linha: 2464 Método: assertTrue(iterator.hasNext(), "Error on iteration " + i)
Assert com mensagem: /home/vitor-otto/opensource/RoaringBitmap-0.9.39/RoaringBitmap/src/test/java/org/roaringbitmap/TestRoaringBitmap.java linha: 2465 Método: assertEquals(i, iterator.next(), "Error on iteration " + i)
Assert com mensagem: /home/vitor-otto/opensource/RoaringBitmap-0.9.39/RoaringBitmap/src/test/java/org/roaringbitmap/TestRoaringBitmap.java linha: 2486 Método: assertTrue(iterator.hasNext(), "Error on iteration " + i)
Assert com mensagem: /home/vitor-otto/opensource/RoaringBitmap-0.9.39/RoaringBitmap/src/test/java/org/roaringbitmap/TestRoaringBitmap.java linha: 2487 Método: assertEquals(i, iterator.next(), "Error on iteration " + i)
Assert com mensagem: /home/vitor-otto/opensource/RoaringBitmap-0.9.39/RoaringBitmap/src/test/java/org/roaringbitmap/TestRoaringBitmap.java linha: 2511 Método: assertTrue(iterator.hasNext(), "Error on iteration " + i)
Assert com mensagem: /home/vitor-otto/opensource/RoaringBitmap-0.9.39/RoaringBitmap/src/test/java/org/roaringbitmap/TestRoaringBitmap.java linha: 2512 Método: assertEquals(i, iterator.next(), "Error on iteration " + i)
Assert com mensagem: /home/vitor-otto/opensource/RoaringBitmap-0.9.39/RoaringBitmap/src/test/java/org/roaringbitmap/TestRoaringBitmap.java linha: 5306 Método: assertEquals(b1, b2, "mismatch at " + i + "(bitset=" + b2 + ", rb=" + b1 + ")")
Assert com mensagem: /home/vitor-otto/opensource/RoaringBitmap-0.9.39/RoaringBitmap/src/test/java/org/roaringbitmap/TestRoaringBitmapOrNot.java linha: 70 Método: assertTrue(iterator.hasNext(), "Error on iteration " + i)
Assert com mensagem: /home/vitor-otto/opensource/RoaringBitmap-0.9.39/RoaringBitmap/src/test/java/org/roaringbitmap/TestRoaringBitmapOrNot.java linha: 91 Método: assertTrue(iterator.hasNext(), "Error on iteration " + i)
Assert com mensagem: /home/vitor-otto/opensource/RoaringBitmap-0.9.39/RoaringBitmap/src/test/java/org/roaringbitmap/TestRoaringBitmapOrNot.java linha: 92 Método: assertEquals(i, iterator.next(), "Error on iteration " + i)
Assert com mensagem: /home/vitor-otto/opensource/RoaringBitmap-0.9.39/RoaringBitmap/src/test/java/org/roaringbitmap/TestRoaringBitmapOrNot.java linha: 111 Método: assertTrue(iterator.hasNext(), "Error on iteration " + i)
Assert com mensagem: /home/vitor-otto/opensource/RoaringBitmap-0.9.39/RoaringBitmap/src/test/java/org/roaringbitmap/TestRoaringBitmapOrNot.java linha: 112 Método: assertEquals(i, iterator.next(), "Error on iteration " + i)
Assert com mensagem: /home/vitor-otto/opensource/RoaringBitmap-0.9.39/RoaringBitmap/src/test/java/org/roaringbitmap/TestRoaringBitmapOrNot.java linha: 133 Método: assertTrue(iterator.hasNext(), "Error on iteration " + i)
Assert com mensagem: /home/vitor-otto/opensource/RoaringBitmap-0.9.39/RoaringBitmap/src/test/java/org/roaringbitmap/TestRoaringBitmapOrNot.java linha: 134 Método: assertEquals(i, iterator.next(), "Error on iteration " + i)
Assert com mensagem: /home/vitor-otto/opensource/RoaringBitmap-0.9.39/RoaringBitmap/src/test/java/org/roaringbitmap/TestRoaringBitmapOrNot.java linha: 158 Método: assertTrue(iterator.hasNext(), "Error on iteration " + i)
Assert com mensagem: /home/vitor-otto/opensource/RoaringBitmap-0.9.39/RoaringBitmap/src/test/java/org/roaringbitmap/TestRoaringBitmapOrNot.java linha: 159 Método: assertEquals(i, iterator.next(), "Error on iteration " + i)
Assert com mensagem: /home/vitor-otto/opensource/RoaringBitmap-0.9.39/RoaringBitmap/src/test/java/org/roaringbitmap/TestRoaringBitmapOrNot.java linha: 194 Método: assertTrue(iterator.hasNext(), "Error on iteration " + i)
Assert com mensagem: /home/vitor-otto/opensource/RoaringBitmap-0.9.39/RoaringBitmap/src/test/java/org/roaringbitmap/TestRoaringBitmapOrNot.java linha: 195 Método: assertEquals(i, iterator.next(), "Error on iteration " + i)
Assert com mensagem: /home/vitor-otto/opensource/RoaringBitmap-0.9.39/RoaringBitmap/src/test/java/org/roaringbitmap/TestRoaringBitmapOrNot.java linha: 231 Método: assertTrue(iterator1.hasNext(), "Error on iteration " + i)
Assert com mensagem: /home/vitor-otto/opensource/RoaringBitmap-0.9.39/RoaringBitmap/src/test/java/org/roaringbitmap/TestRoaringBitmapOrNot.java linha: 232 Método: assertEquals(i, iterator1.next(), "Error on iteration " + i)
Assert com mensagem: /home/vitor-otto/opensource/RoaringBitmap-0.9.39/RoaringBitmap/src/test/java/org/roaringbitmap/TestRoaringBitmapOrNot.java linha: 248 Método: assertTrue(iterator.hasNext(), "Error on iteration " + i)
Assert com mensagem: /home/vitor-otto/opensource/RoaringBitmap-0.9.39/RoaringBitmap/src/test/java/org/roaringbitmap/TestRoaringBitmapOrNot.java linha: 249 Método: assertEquals(i, iterator.next(), "Error on iteration " + i)
Assert com mensagem: /home/vitor-otto/opensource/RoaringBitmap-0.9.39/RoaringBitmap/src/test/java/org/roaringbitmap/TestRoaringBitmapOrNot.java linha: 268 Método: assertTrue(iterator.hasNext(), "Error on iteration " + i)
Assert com mensagem: /home/vitor-otto/opensource/RoaringBitmap-0.9.39/RoaringBitmap/src/test/java/org/roaringbitmap/TestRoaringBitmapOrNot.java linha: 269 Método: assertEquals(i, iterator.next(), "Error on iteration " + i)
Assert com mensagem: /home/vitor-otto/opensource/RoaringBitmap-0.9.39/RoaringBitmap/src/test/java/org/roaringbitmap/TestRoaringBitmapOrNot.java linha: 289 Método: assertTrue(iterator.hasNext(), "Error on iteration " + i)
Assert com mensagem: /home/vitor-otto/opensource/RoaringBitmap-0.9.39/RoaringBitmap/src/test/java/org/roaringbitmap/TestRoaringBitmapOrNot.java linha: 290 Método: assertEquals(i, iterator.next(), "Error on iteration " + i)
Assert com mensagem: /home/vitor-otto/opensource/RoaringBitmap-0.9.39/RoaringBitmap/src/test/java/org/roaringbitmap/TestRoaringBitmapOrNot.java linha: 293 Método: assertFalse(iterator.hasNext(), "Number of elements " + (2 << 16))
Assert com mensagem: /home/vitor-otto/opensource/RoaringBitmap-0.9.39/RoaringBitmap/src/test/java/org/roaringbitmap/TestRoaringBitmapOrNot.java linha: 310 Método: assertTrue(iterator.hasNext(), "Error on iteration " + i)
Assert com mensagem: /home/vitor-otto/opensource/RoaringBitmap-0.9.39/RoaringBitmap/src/test/java/org/roaringbitmap/TestRoaringBitmapOrNot.java linha: 311 Método: assertEquals(i, iterator.next(), "Error on iteration " + i)
Assert com mensagem: /home/vitor-otto/opensource/RoaringBitmap-0.9.39/RoaringBitmap/src/test/java/org/roaringbitmap/TestRoaringBitmapOrNot.java linha: 314 Método: assertFalse(iterator.hasNext(), "Number of elements " + (2 << 16))
Assert com mensagem: /home/vitor-otto/opensource/RoaringBitmap-0.9.39/RoaringBitmap/src/test/java/org/roaringbitmap/TestConcatenation.java linha: 83 Método: assertArrayEquals(array1, shifted.toArray(), failureMessage(bitmap))
Assert com mensagem: /home/vitor-otto/opensource/RoaringBitmap-0.9.39/RoaringBitmap/src/test/java/org/roaringbitmap/TestConcatenation.java linha: 94 Método: assertArrayEquals(array1, shifted.toArray(), failureMessage(bitmap))
Assert com mensagem: /home/vitor-otto/opensource/RoaringBitmap-0.9.39/RoaringBitmap/src/test/java/org/roaringbitmap/TestConcatenation.java linha: 101 Método: assertEquals(bitmap.getCardinality(), shifted.getCardinality(), failureMessage(bitmap))
Assert com mensagem: /home/vitor-otto/opensource/RoaringBitmap-0.9.39/RoaringBitmap/src/test/java/org/roaringbitmap/TestConcatenation.java linha: 108 Método: assertEquals(bitmap.getCardinality(), shifted.getCardinality(), failureMessage(bitmap))
Assert com mensagem: /home/vitor-otto/opensource/RoaringBitmap-0.9.39/RoaringBitmap/src/test/java/org/roaringbitmap/TestConcatenation.java linha: 119 Método: assertEquals(shifted, deserialized, failureMessage(bitmap))
Assert com mensagem: /home/vitor-otto/opensource/RoaringBitmap-0.9.39/RoaringBitmap/src/test/java/org/roaringbitmap/TestConcatenation.java linha: 130 Método: assertEquals(shifted, deserialized, failureMessage(bitmap))
Assert com mensagem: /home/vitor-otto/opensource/RoaringBitmap-0.9.39/RoaringBitmap/src/test/java/org/roaringbitmap/insights/BitmapAnalyserTest.java linha: 42 Método: assertEquals(runFraction, result.containerFraction(result.getRunContainerCount()), delta)
Assert com mensagem: /home/vitor-otto/opensource/RoaringBitmap-0.9.39/RoaringBitmap/src/test/java/org/roaringbitmap/insights/BitmapAnalyserTest.java linha: 43 Método: assertEquals(bitmapFraction, result.containerFraction(result.getBitmapContainerCount()), delta)
Assert com mensagem: /home/vitor-otto/opensource/RoaringBitmap-0.9.39/RoaringBitmap/src/test/java/org/roaringbitmap/insights/BitmapAnalyserTest.java linha: 44 Método: assertEquals(arrayFraction, result.containerFraction(result.getArrayContainersStats().getContainersCount()), delta)
Assert com mensagem: /home/vitor-otto/opensource/RoaringBitmap-0.9.39/RoaringBitmap/src/test/java/org/roaringbitmap/insights/BitmapAnalyserTest.java linha: 63 Método: assertEquals(runFraction, result.containerFraction(result.getRunContainerCount()), delta)
Assert com mensagem: /home/vitor-otto/opensource/RoaringBitmap-0.9.39/RoaringBitmap/src/test/java/org/roaringbitmap/insights/BitmapAnalyserTest.java linha: 64 Método: assertEquals(bitmapFraction, result.containerFraction(result.getBitmapContainerCount()), delta)
Assert com mensagem: /home/vitor-otto/opensource/RoaringBitmap-0.9.39/RoaringBitmap/src/test/java/org/roaringbitmap/insights/BitmapAnalyserTest.java linha: 65 Método: assertEquals(arrayFraction, result.containerFraction(result.getArrayContainersStats().getContainersCount()), delta)
Assert com mensagem: /home/vitor-otto/opensource/RoaringBitmap-0.9.39/RoaringBitmap/src/test/java/org/roaringbitmap/TestContainer.java linha: 820 Método: assertEquals(x.xor(y).getCardinality(), x.xorCardinality(y), x.getContainerName() + " " + x + " " + y.getContainerName() + " " + y)
Assert com mensagem: /home/vitor-otto/opensource/RoaringBitmap-0.9.39/RoaringBitmap/src/test/java/org/roaringbitmap/TestContainer.java linha: 822 Método: assertEquals(y.xor(x).getCardinality(), y.xorCardinality(x), y.getContainerName() + " " + y + " " + x.getContainerName() + " " + x)
Assert com mensagem: /home/vitor-otto/opensource/RoaringBitmap-0.9.39/RoaringBitmap/src/test/java/org/roaringbitmap/TestContainer.java linha: 816 Método: assertEquals(x.xor(x).getCardinality(), x.xorCardinality(x), x.getContainerName() + ": " + x)
Assert com mensagem: /home/vitor-otto/opensource/RoaringBitmap-0.9.39/RoaringBitmap/src/test/java/org/roaringbitmap/ContainerBatchIteratorTest.java linha: 122 Método: assertArrayEquals(copyOfRange(expectedValues, from, cardinality), copyOfRange(buffer, 0, cardinality - from), "Failure with batch size " + batchSize)
Assert com mensagem: /home/vitor-otto/opensource/RoaringBitmap-0.9.39/RoaringBitmap/src/test/java/org/roaringbitmap/ContainerBatchIteratorTest.java linha: 144 Método: assertArrayEquals(copyOfRange(expectedValues, from, cardinality), copyOfRange(buffer, 0, cardinality - from), "Failure with batch size " + batchSize + " and container type " + container.getContainerName())
Assert com mensagem: /home/vitor-otto/opensource/RoaringBitmap-0.9.39/RoaringBitmap/src/test/java/org/roaringbitmap/TestRankIteratorsOfContainers.java linha: 85 Método: assertSame(empty, container, "bad test -- container was changed")
Assert com mensagem: /home/vitor-otto/opensource/RoaringBitmap-0.9.39/RoaringBitmap/src/test/java/org/roaringbitmap/TestRankIteratorsOfContainers.java linha: 93 Método: assertSame(empty, container, "bad test -- container was changed")
Assert com mensagem: /home/vitor-otto/opensource/RoaringBitmap-0.9.39/RoaringBitmap/src/test/java/org/roaringbitmap/TestRankIteratorsOfContainers.java linha: 198 Método: assertSame(container, c1, "bad test -- container was changed")
Assert com mensagem: /home/vitor-otto/opensource/RoaringBitmap-0.9.39/RoaringBitmap/src/test/java/org/roaringbitmap/TestRunContainer.java linha: 385 Método: assertTrue(intersectionNOT.contains((char) (k * 10 + 5)), " missing k=" + k)
Assert com mensagem: /home/vitor-otto/opensource/RoaringBitmap-0.9.39/RoaringBitmap/src/test/java/org/roaringbitmap/TestRunContainer.java linha: 406 Método: assertTrue(intersectionNOT.contains((char) (k * 10 + 5)), " missing k=" + k)
Assert com mensagem: /home/vitor-otto/opensource/RoaringBitmap-0.9.39/RoaringBitmap/src/test/java/org/roaringbitmap/buffer/BufferContainerBatchIteratorTest.java linha: 126 Método: assertArrayEquals(copyOfRange(expectedValues, from, cardinality), copyOfRange(buffer, 0, cardinality - from), "Failure with batch size " + batchSize)
Assert com mensagem: /home/vitor-otto/opensource/RoaringBitmap-0.9.39/RoaringBitmap/src/test/java/org/roaringbitmap/buffer/BufferContainerBatchIteratorTest.java linha: 149 Método: assertArrayEquals(copyOfRange(expectedValues, from, cardinality), copyOfRange(buffer, 0, cardinality - from), "Failure with batch size " + batchSize + " and container type " + container.getContainerName())
Assert com mensagem: /home/vitor-otto/opensource/RoaringBitmap-0.9.39/RoaringBitmap/src/test/java/org/roaringbitmap/buffer/TestRoaringBitmap.java linha: 2379 Método: assertTrue(iterator.hasNext(), "Error on iteration " + i)
Assert com mensagem: /home/vitor-otto/opensource/RoaringBitmap-0.9.39/RoaringBitmap/src/test/java/org/roaringbitmap/buffer/TestRoaringBitmap.java linha: 2453 Método: assertTrue(iterator.hasNext(), "Error on iteration " + i)
Assert com mensagem: /home/vitor-otto/opensource/RoaringBitmap-0.9.39/RoaringBitmap/src/test/java/org/roaringbitmap/buffer/TestRoaringBitmap.java linha: 2474 Método: assertTrue(iterator.hasNext(), "Error on iteration " + i)
Assert com mensagem: /home/vitor-otto/opensource/RoaringBitmap-0.9.39/RoaringBitmap/src/test/java/org/roaringbitmap/buffer/TestRoaringBitmap.java linha: 2475 Método: assertEquals(i, iterator.next(), "Error on iteration " + i)
Assert com mensagem: /home/vitor-otto/opensource/RoaringBitmap-0.9.39/RoaringBitmap/src/test/java/org/roaringbitmap/buffer/TestRoaringBitmap.java linha: 2494 Método: assertTrue(iterator.hasNext(), "Error on iteration " + i)
Assert com mensagem: /home/vitor-otto/opensource/RoaringBitmap-0.9.39/RoaringBitmap/src/test/java/org/roaringbitmap/buffer/TestRoaringBitmap.java linha: 2495 Método: assertEquals(i, iterator.next(), "Error on iteration " + i)
Assert com mensagem: /home/vitor-otto/opensource/RoaringBitmap-0.9.39/RoaringBitmap/src/test/java/org/roaringbitmap/buffer/TestRoaringBitmap.java linha: 2516 Método: assertTrue(iterator.hasNext(), "Error on iteration " + i)
Assert com mensagem: /home/vitor-otto/opensource/RoaringBitmap-0.9.39/RoaringBitmap/src/test/java/org/roaringbitmap/buffer/TestRoaringBitmap.java linha: 2517 Método: assertEquals(i, iterator.next(), "Error on iteration " + i)
Assert com mensagem: /home/vitor-otto/opensource/RoaringBitmap-0.9.39/RoaringBitmap/src/test/java/org/roaringbitmap/buffer/TestRoaringBitmap.java linha: 2541 Método: assertTrue(iterator.hasNext(), "Error on iteration " + i)
Assert com mensagem: /home/vitor-otto/opensource/RoaringBitmap-0.9.39/RoaringBitmap/src/test/java/org/roaringbitmap/buffer/TestRoaringBitmap.java linha: 2542 Método: assertEquals(i, iterator.next(), "Error on iteration " + i)
Assert com mensagem: /home/vitor-otto/opensource/RoaringBitmap-0.9.39/RoaringBitmap/src/test/java/org/roaringbitmap/buffer/TestImmutableRoaringBitmapOrNot.java linha: 69 Método: assertTrue(iterator.hasNext(), "Error on iteration " + i)
Assert com mensagem: /home/vitor-otto/opensource/RoaringBitmap-0.9.39/RoaringBitmap/src/test/java/org/roaringbitmap/buffer/TestImmutableRoaringBitmapOrNot.java linha: 90 Método: assertTrue(iterator.hasNext(), "Error on iteration " + i)
Assert com mensagem: /home/vitor-otto/opensource/RoaringBitmap-0.9.39/RoaringBitmap/src/test/java/org/roaringbitmap/buffer/TestImmutableRoaringBitmapOrNot.java linha: 91 Método: assertEquals(i, iterator.next(), "Error on iteration " + i)
Assert com mensagem: /home/vitor-otto/opensource/RoaringBitmap-0.9.39/RoaringBitmap/src/test/java/org/roaringbitmap/buffer/TestImmutableRoaringBitmapOrNot.java linha: 110 Método: assertTrue(iterator.hasNext(), "Error on iteration " + i)
Assert com mensagem: /home/vitor-otto/opensource/RoaringBitmap-0.9.39/RoaringBitmap/src/test/java/org/roaringbitmap/buffer/TestImmutableRoaringBitmapOrNot.java linha: 111 Método: assertEquals(i, iterator.next(), "Error on iteration " + i)
Assert com mensagem: /home/vitor-otto/opensource/RoaringBitmap-0.9.39/RoaringBitmap/src/test/java/org/roaringbitmap/buffer/TestImmutableRoaringBitmapOrNot.java linha: 132 Método: assertTrue(iterator.hasNext(), "Error on iteration " + i)
Assert com mensagem: /home/vitor-otto/opensource/RoaringBitmap-0.9.39/RoaringBitmap/src/test/java/org/roaringbitmap/buffer/TestImmutableRoaringBitmapOrNot.java linha: 133 Método: assertEquals(i, iterator.next(), "Error on iteration " + i)
Assert com mensagem: /home/vitor-otto/opensource/RoaringBitmap-0.9.39/RoaringBitmap/src/test/java/org/roaringbitmap/buffer/TestImmutableRoaringBitmapOrNot.java linha: 157 Método: assertTrue(iterator.hasNext(), "Error on iteration " + i)
Assert com mensagem: /home/vitor-otto/opensource/RoaringBitmap-0.9.39/RoaringBitmap/src/test/java/org/roaringbitmap/buffer/TestImmutableRoaringBitmapOrNot.java linha: 158 Método: assertEquals(i, iterator.next(), "Error on iteration " + i)
Assert com mensagem: /home/vitor-otto/opensource/RoaringBitmap-0.9.39/RoaringBitmap/src/test/java/org/roaringbitmap/buffer/TestImmutableRoaringBitmapOrNot.java linha: 193 Método: assertTrue(iterator.hasNext(), "Error on iteration " + i)
Assert com mensagem: /home/vitor-otto/opensource/RoaringBitmap-0.9.39/RoaringBitmap/src/test/java/org/roaringbitmap/buffer/TestImmutableRoaringBitmapOrNot.java linha: 194 Método: assertEquals(i, iterator.next(), "Error on iteration " + i)
Assert com mensagem: /home/vitor-otto/opensource/RoaringBitmap-0.9.39/RoaringBitmap/src/test/java/org/roaringbitmap/buffer/TestImmutableRoaringBitmapOrNot.java linha: 230 Método: assertTrue(iterator1.hasNext(), "Error on iteration " + i)
Assert com mensagem: /home/vitor-otto/opensource/RoaringBitmap-0.9.39/RoaringBitmap/src/test/java/org/roaringbitmap/buffer/TestImmutableRoaringBitmapOrNot.java linha: 231 Método: assertEquals(i, iterator1.next(), "Error on iteration " + i)
Assert com mensagem: /home/vitor-otto/opensource/RoaringBitmap-0.9.39/RoaringBitmap/src/test/java/org/roaringbitmap/buffer/TestImmutableRoaringBitmapOrNot.java linha: 247 Método: assertTrue(iterator.hasNext(), "Error on iteration " + i)
Assert com mensagem: /home/vitor-otto/opensource/RoaringBitmap-0.9.39/RoaringBitmap/src/test/java/org/roaringbitmap/buffer/TestImmutableRoaringBitmapOrNot.java linha: 248 Método: assertEquals(i, iterator.next(), "Error on iteration " + i)
Assert com mensagem: /home/vitor-otto/opensource/RoaringBitmap-0.9.39/RoaringBitmap/src/test/java/org/roaringbitmap/buffer/TestImmutableRoaringBitmapOrNot.java linha: 267 Método: assertTrue(iterator.hasNext(), "Error on iteration " + i)
Assert com mensagem: /home/vitor-otto/opensource/RoaringBitmap-0.9.39/RoaringBitmap/src/test/java/org/roaringbitmap/buffer/TestImmutableRoaringBitmapOrNot.java linha: 268 Método: assertEquals(i, iterator.next(), "Error on iteration " + i)
Assert com mensagem: /home/vitor-otto/opensource/RoaringBitmap-0.9.39/RoaringBitmap/src/test/java/org/roaringbitmap/buffer/TestImmutableRoaringBitmapOrNot.java linha: 288 Método: assertTrue(iterator.hasNext(), "Error on iteration " + i)
Assert com mensagem: /home/vitor-otto/opensource/RoaringBitmap-0.9.39/RoaringBitmap/src/test/java/org/roaringbitmap/buffer/TestImmutableRoaringBitmapOrNot.java linha: 289 Método: assertEquals(i, iterator.next(), "Error on iteration " + i)
Assert com mensagem: /home/vitor-otto/opensource/RoaringBitmap-0.9.39/RoaringBitmap/src/test/java/org/roaringbitmap/buffer/TestImmutableRoaringBitmapOrNot.java linha: 292 Método: assertFalse(iterator.hasNext(), "Number of elements " + (2 << 16))
Assert com mensagem: /home/vitor-otto/opensource/RoaringBitmap-0.9.39/RoaringBitmap/src/test/java/org/roaringbitmap/buffer/TestImmutableRoaringBitmapOrNot.java linha: 309 Método: assertTrue(iterator.hasNext(), "Error on iteration " + i)
Assert com mensagem: /home/vitor-otto/opensource/RoaringBitmap-0.9.39/RoaringBitmap/src/test/java/org/roaringbitmap/buffer/TestImmutableRoaringBitmapOrNot.java linha: 310 Método: assertEquals(i, iterator.next(), "Error on iteration " + i)
Assert com mensagem: /home/vitor-otto/opensource/RoaringBitmap-0.9.39/RoaringBitmap/src/test/java/org/roaringbitmap/buffer/TestImmutableRoaringBitmapOrNot.java linha: 313 Método: assertFalse(iterator.hasNext(), "Number of elements " + (2 << 16))
Assert com mensagem: /home/vitor-otto/opensource/RoaringBitmap-0.9.39/RoaringBitmap/src/test/java/org/roaringbitmap/buffer/TestImmutableRoaringBitmap.java linha: 1477 Método: assertEquals(b1, b2, "mismatch at " + i + "(bitset=" + b2 + ", rb=" + b1 + ")")
Assert com mensagem: /home/vitor-otto/opensource/RoaringBitmap-0.9.39/RoaringBitmap/src/test/java/org/roaringbitmap/buffer/TestRunContainer.java linha: 408 Método: assertTrue(intersectionNOT.contains((char) (k * 10 + 5)), " missing k=" + k)
Assert com mensagem: /home/vitor-otto/opensource/RoaringBitmap-0.9.39/RoaringBitmap/src/test/java/org/roaringbitmap/buffer/TestRunContainer.java linha: 429 Método: assertTrue(intersectionNOT.contains((char) (k * 10 + 5)), " missing k=" + k)
Assert com mensagem: /home/vitor-otto/opensource/RoaringBitmap-0.9.39/RoaringBitmap/src/test/java/org/roaringbitmap/buffer/TestMappeableBitmapContainer.java linha: 715 Método: assertFalse(BufferUtil.isBackedBySimpleArray(buffer), "Sanity check - aiming to test non array backed branch")
Assert com mensagem: /home/vitor-otto/opensource/RoaringBitmap-0.9.39/RoaringBitmap/src/test/java/org/roaringbitmap/buffer/TestUtil.java linha: 142 Método: assertEquals(bitmap.get(i), referenceBitmap.get(i), "mismatch at " + i)
Assert com mensagem: /home/vitor-otto/opensource/RoaringBitmap-0.9.39/RoaringBitmap/src/test/java/org/roaringbitmap/buffer/MutableRoaringArrayTest.java linha: 18 Método: assertSame(keys, array.keys, "Keys were not reallocated")
Assert com mensagem: /home/vitor-otto/opensource/RoaringBitmap-0.9.39/RoaringBitmap/src/test/java/org/roaringbitmap/buffer/TestRange.java linha: 694 Método: assertEquals(0, bitmap.getCardinality(), "fails with bits: " + bitset)
Assert com mensagem: /home/vitor-otto/opensource/RoaringBitmap-0.9.39/RoaringBitmap/src/test/java/org/roaringbitmap/RangeBitmapTest.java linha: 220 Método: assertEquals(supplierInvocations.get() - 2, cleanerInvocations.get(), "two internal buffers remain active and uncleaned at any time, the rest must be cleaned")
Assert com mensagem: /home/vitor-otto/opensource/RoaringBitmap-0.9.39/RoaringBitmap/src/test/java/org/roaringbitmap/RangeBitmapTest.java linha: 222 Método: assertTrue(supplierInvocations.get() > 2, "this test requires more than 2 buffer allocations to ensure cleaning occurs")
Assert com mensagem: /home/vitor-otto/opensource/RoaringBitmap-0.9.39/RoaringBitmap/src/test/java/org/roaringbitmap/RangeBitmapTest.java linha: 419 Método: assertEquals(expected.getCardinality(), sut.gteCardinality(min, lte), "" + i)
Assert com mensagem: /home/vitor-otto/opensource/RoaringBitmap-0.9.39/RoaringBitmap/src/test/java/org/roaringbitmap/RangeBitmapTest.java linha: 765 Método: assertAll(() -> regresssionTestIssue586(0x0FFFFFFFFFFFFFFL, 0xFFFFFFFFFFFFFF0L, 0xFFFFFFFFFFFFFF0L), () -> regresssionTestIssue586(0x0FFFFFFFFFFFFFFFL, 0xFFFFFFFFFFFFFFF0L, 0xFFFFFFFFFFFFFFF0L), () -> regresssionTestIssue586(0x0FFFFFFFFFFFFFFFL, 0xFFFFFFFFFFFFFFF1L, 0xFFFFFFFFFFFFFFF0L), () -> regresssionTestIssue586(0, 10_000_000_000L, 10_000_000L))
Assert com mensagem: /home/vitor-otto/opensource/RoaringBitmap-0.9.39/RoaringBitmap/src/test/java/org/roaringbitmap/TestRange.java linha: 683 Método: assertEquals(0, bitmap.getCardinality(), "fails with bits: " + bitset)
Assert com mensagem: /home/vitor-otto/opensource/RoaringBitmap-0.9.39/RoaringBitmap/src/test/java/org/roaringbitmap/TestArrayContainer.java linha: 944 Método: assertTrue(container == c, "Container type changed!")
Total asserts: 6627
Asserts sem descrição: 6510
Asserts com descrição: 117
Assertion Roulette: 5823
