
Projeto: /home/vitor-otto/opensource/wiremock-3.0.0-beta-7

Assert com mensagem: /home/vitor-otto/opensource/wiremock-3.0.0-beta-7/src/test/java/com/github/tomakehurst/wiremock/SnapshotDslAcceptanceTest.java linha: 95 Método: assertTrue(serverMappings.containsAll(returnedMappings), "All of the returned mappings should be present in the server")
Assert com mensagem: /home/vitor-otto/opensource/wiremock-3.0.0-beta-7/src/test/java/com/github/tomakehurst/wiremock/SnapshotDslAcceptanceTest.java linha: 114 Método: JSONAssert.assertEquals("{ \"counter\": 55 }", bodyPattern.getExpected(), true)
Assert com mensagem: /home/vitor-otto/opensource/wiremock-3.0.0-beta-7/src/test/java/com/github/tomakehurst/wiremock/matching/MatchesXPathPatternTest.java linha: 45 Método: assertTrue(match.isExactMatch(), "Expected XPath match")
Assert com mensagem: /home/vitor-otto/opensource/wiremock-3.0.0-beta-7/src/test/java/com/github/tomakehurst/wiremock/matching/MatchesXPathPatternTest.java linha: 59 Método: assertFalse(match.isExactMatch(), "Expected XPath non-match")
Assert com mensagem: /home/vitor-otto/opensource/wiremock-3.0.0-beta-7/src/test/java/com/github/tomakehurst/wiremock/matching/MatchesXPathPatternTest.java linha: 73 Método: assertFalse(match.isExactMatch(), "Expected XPath non-match")
Assert com mensagem: /home/vitor-otto/opensource/wiremock-3.0.0-beta-7/src/test/java/com/github/tomakehurst/wiremock/matching/MatchesXPathPatternTest.java linha: 87 Método: assertFalse(match.isExactMatch(), "Expected XPath non-match")
Assert com mensagem: /home/vitor-otto/opensource/wiremock-3.0.0-beta-7/src/test/java/com/github/tomakehurst/wiremock/matching/MatchesXPathPatternTest.java linha: 265 Método: JSONAssert.assertEquals("{ \"matchesXPath\" : \"//*\" ,   \n" + "  \"xPathNamespaces\" : {                                    \n" + "      \"one\" : \"http://one.com/\",                         \n" + "      \"two\" : \"http://two.com/\"                          \n" + "  }                                                          \n" + "}", json, false)
Assert com mensagem: /home/vitor-otto/opensource/wiremock-3.0.0-beta-7/src/test/java/com/github/tomakehurst/wiremock/matching/MatchesXPathPatternTest.java linha: 283 Método: JSONAssert.assertEquals("{ \"matchesXPath\" : \"//*\" }", json, false)
Assert com mensagem: /home/vitor-otto/opensource/wiremock-3.0.0-beta-7/src/test/java/com/github/tomakehurst/wiremock/matching/EqualToPatternTest.java linha: 82 Método: assertEquals("{                               \n" + "  \"equalTo\": \"something\"    \n" + "}", Json.write(new EqualToPattern("something")), false)
Assert com mensagem: /home/vitor-otto/opensource/wiremock-3.0.0-beta-7/src/test/java/com/github/tomakehurst/wiremock/matching/RequestPatternTest.java linha: 133 Método: JSONAssert.assertEquals("{									                \n" + "		\"method\": \"GET\",						\n" + "		\"url\": \"/my/url\"                		\n" + "}												    ", actualJson, true)
Assert com mensagem: /home/vitor-otto/opensource/wiremock-3.0.0-beta-7/src/test/java/com/github/tomakehurst/wiremock/matching/RequestPatternTest.java linha: 148 Método: JSONAssert.assertEquals("{									                \n" + "		\"method\": \"GET\",						\n" + "		\"urlPattern\": \"/my/url\"           		\n" + "}												    ", actualJson, true)
Assert com mensagem: /home/vitor-otto/opensource/wiremock-3.0.0-beta-7/src/test/java/com/github/tomakehurst/wiremock/matching/RequestPatternTest.java linha: 163 Método: JSONAssert.assertEquals("{									                \n" + "		\"method\": \"GET\",						\n" + "		\"urlPathPattern\": \"/my/url\"             \n" + "}												    ", actualJson, true)
Assert com mensagem: /home/vitor-otto/opensource/wiremock-3.0.0-beta-7/src/test/java/com/github/tomakehurst/wiremock/matching/RequestPatternTest.java linha: 183 Método: JSONAssert.assertEquals(URL_PATH_AND_HEADERS_EXAMPLE, actualJson, true)
Assert com mensagem: /home/vitor-otto/opensource/wiremock-3.0.0-beta-7/src/test/java/com/github/tomakehurst/wiremock/matching/RequestPatternTest.java linha: 238 Método: JSONAssert.assertEquals("{                              \n" + "    \"method\": \"GET\",       \n" + "    \"urlPath\": \"/my/url\",  \n" + "    \"queryParameters\": {     \n" + "        \"param1\": {          \n" + "            \"equalTo\": \"1\" \n" + "        },                     \n" + "        \"param2\": {          \n" + "            \"matches\": \"2\" \n" + "        }                      \n" + "    }                          \n" + "}", actualJson, true)
Assert com mensagem: /home/vitor-otto/opensource/wiremock-3.0.0-beta-7/src/test/java/com/github/tomakehurst/wiremock/matching/RequestPatternTest.java linha: 504 Método: JSONAssert.assertEquals(ALL_BODY_PATTERNS_EXAMPLE, json, true)
Assert com mensagem: /home/vitor-otto/opensource/wiremock-3.0.0-beta-7/src/test/java/com/github/tomakehurst/wiremock/matching/BinaryEqualToPatternPatternTest.java linha: 73 Método: assertEquals(expectedJson, Json.write(new BinaryEqualToPattern(expected)), true)
Assert com mensagem: /home/vitor-otto/opensource/wiremock-3.0.0-beta-7/src/test/java/com/github/tomakehurst/wiremock/matching/MultipartValuePatternTest.java linha: 81 Método: JSONAssert.assertEquals(pattern.getBodyPatterns().get(0).getExpected(), expectedJson, false)
Assert com mensagem: /home/vitor-otto/opensource/wiremock-3.0.0-beta-7/src/test/java/com/github/tomakehurst/wiremock/matching/MultiValuePatternTest.java linha: 106 Método: JSONAssert.assertEquals("{                              \n" + "  \"equalTo\": \"something\"   \n" + "}", actual, true)
Assert com mensagem: /home/vitor-otto/opensource/wiremock-3.0.0-beta-7/src/test/java/com/github/tomakehurst/wiremock/matching/MultiValuePatternTest.java linha: 116 Método: JSONAssert.assertEquals("{                   \n" + "  \"absent\": true   \n" + "}", actual, true)
Assert com mensagem: /home/vitor-otto/opensource/wiremock-3.0.0-beta-7/src/test/java/com/github/tomakehurst/wiremock/matching/RegexValuePatternTest.java linha: 33 Método: JSONAssert.assertEquals("{                               \n" + "  \"matches\": \"something\"    \n" + "}", actual, true)
Assert com mensagem: /home/vitor-otto/opensource/wiremock-3.0.0-beta-7/src/test/java/com/github/tomakehurst/wiremock/matching/EqualToJsonTest.java linha: 322 Método: JSONAssert.assertEquals(pattern.getExpected(), expectedJson, false)
Assert com mensagem: /home/vitor-otto/opensource/wiremock-3.0.0-beta-7/src/test/java/com/github/tomakehurst/wiremock/matching/EqualToJsonTest.java linha: 340 Método: JSONAssert.assertEquals(expected, serialised, false)
Assert com mensagem: /home/vitor-otto/opensource/wiremock-3.0.0-beta-7/src/test/java/com/github/tomakehurst/wiremock/matching/EqualToJsonTest.java linha: 349 Método: JSONAssert.assertEquals("{\n" + "    \"equalToJson\": \"4444\",\n" + "    \"ignoreArrayOrder\": true,\n" + "    \"ignoreExtraElements\": true\n" + "}", serialised, false)
Assert com mensagem: /home/vitor-otto/opensource/wiremock-3.0.0-beta-7/src/test/java/com/github/tomakehurst/wiremock/matching/EqualToJsonTest.java linha: 379 Método: JSONAssert.assertEquals(pattern.getExpected(), expectedJson, false)
Assert com mensagem: /home/vitor-otto/opensource/wiremock-3.0.0-beta-7/src/test/java/com/github/tomakehurst/wiremock/matching/EqualToJsonTest.java linha: 389 Método: JSONAssert.assertEquals("{ \"equalToJson\": " + expectedJson + " }", serialised, false)
Assert com mensagem: /home/vitor-otto/opensource/wiremock-3.0.0-beta-7/src/test/java/com/github/tomakehurst/wiremock/matching/EqualToJsonTest.java linha: 397 Método: JSONAssert.assertEquals("{\n" + "    \"equalToJson\": \"4444\"\n" + "}", serialised, false)
Assert com mensagem: /home/vitor-otto/opensource/wiremock-3.0.0-beta-7/src/test/java/com/github/tomakehurst/wiremock/matching/MatchesJsonPathPatternTest.java linha: 43 Método: assertTrue(pattern.match("{ \"one\": 1 }").isExactMatch(), "Expected match when JSON attribute is present")
Assert com mensagem: /home/vitor-otto/opensource/wiremock-3.0.0-beta-7/src/test/java/com/github/tomakehurst/wiremock/matching/MatchesJsonPathPatternTest.java linha: 51 Método: assertFalse(pattern.match("{ \"two\": 2 }").isExactMatch(), "Expected no match when JSON attribute is absent")
Assert com mensagem: /home/vitor-otto/opensource/wiremock-3.0.0-beta-7/src/test/java/com/github/tomakehurst/wiremock/matching/MatchesJsonPathPatternTest.java linha: 60 Método: assertTrue(pattern.match("{ \"numbers\": [ {\"number\": 1}, {\"number\": 2} ]}").isExactMatch(), "Expected match when JSON attribute is present")
Assert com mensagem: /home/vitor-otto/opensource/wiremock-3.0.0-beta-7/src/test/java/com/github/tomakehurst/wiremock/matching/MatchesJsonPathPatternTest.java linha: 63 Método: assertFalse(pattern.match("{ \"numbers\": [{\"number\": 7} ]}").isExactMatch(), "Expected no match when JSON attribute is absent")
Assert com mensagem: /home/vitor-otto/opensource/wiremock-3.0.0-beta-7/src/test/java/com/github/tomakehurst/wiremock/matching/MatchesJsonPathPatternTest.java linha: 72 Método: assertTrue(pattern.match("{ \"numbers\": [ {\"number\": 1}, {\"number\": 2} ]}").isExactMatch(), "Expected match when JSON attribute is present")
Assert com mensagem: /home/vitor-otto/opensource/wiremock-3.0.0-beta-7/src/test/java/com/github/tomakehurst/wiremock/matching/MatchesJsonPathPatternTest.java linha: 75 Método: assertFalse(pattern.match("{ \"numbers\": [{\"number\": 7} ]}").isExactMatch(), "Expected no match when JSON attribute is absent")
Assert com mensagem: /home/vitor-otto/opensource/wiremock-3.0.0-beta-7/src/test/java/com/github/tomakehurst/wiremock/matching/MatchesJsonPathPatternTest.java linha: 84 Método: assertTrue(pattern.match("{ \"numbers\": [ {\"number\": 1}, {\"number\": 2} ]}").isExactMatch(), "Expected match when JSON attribute is present")
Assert com mensagem: /home/vitor-otto/opensource/wiremock-3.0.0-beta-7/src/test/java/com/github/tomakehurst/wiremock/matching/MatchesJsonPathPatternTest.java linha: 87 Método: assertFalse(pattern.match("{ \"numbers\": [{\"number\": 7} ]}").isExactMatch(), "Expected no match when JSON attribute is absent")
Assert com mensagem: /home/vitor-otto/opensource/wiremock-3.0.0-beta-7/src/test/java/com/github/tomakehurst/wiremock/matching/MatchesJsonPathPatternTest.java linha: 95 Método: assertTrue(pattern.match("{ \"things\": { \"thingOne\": { \"innerOne\": 11 }, \"thingTwo\": 2 }}").isExactMatch(), "Expected match")
Assert com mensagem: /home/vitor-otto/opensource/wiremock-3.0.0-beta-7/src/test/java/com/github/tomakehurst/wiremock/matching/MatchesJsonPathPatternTest.java linha: 107 Método: assertFalse(pattern.match("Not a JSON document").isExactMatch(), "Expected the match to fail")
Assert com mensagem: /home/vitor-otto/opensource/wiremock-3.0.0-beta-7/src/test/java/com/github/tomakehurst/wiremock/matching/MatchesJsonPathPatternTest.java linha: 118 Método: assertFalse(pattern.match("{ \"nothing\": 1 }").isExactMatch(), "Expected the match to fail")
Assert com mensagem: /home/vitor-otto/opensource/wiremock-3.0.0-beta-7/src/test/java/com/github/tomakehurst/wiremock/AdminApiTest.java linha: 90 Método: JSONAssert.assertEquals("{                                              \n" + "  \"mappings\" : [ {                           \n" + "    \"id\" : \"" + stubMapping.getId() + "\",  \n" + "    \"uuid\" : \"" + stubMapping.getId() + "\",\n" + "    \"request\" : {                            \n" + "      \"url\" : \"/my-test-url\",              \n" + "      \"method\" : \"GET\"                     \n" + "    },                                         \n" + "    \"response\" : {                           \n" + "      \"status\" : 418                         \n" + "    }                                          \n" + "  } ],                                         \n" + "                                               \n" + "  \"meta\": {                                  \n" + "    \"total\": 1                               \n" + "  }                                            \n" + "}", body, true)
Assert com mensagem: /home/vitor-otto/opensource/wiremock-3.0.0-beta-7/src/test/java/com/github/tomakehurst/wiremock/AdminApiTest.java linha: 158 Método: JSONAssert.assertEquals("{\n" + "  \"mappings\" : [ {\n" + "    \"request\" : {\n" + "      \"url\" : \"/my-test-url\",\n" + "      \"method\" : \"GET\"\n" + "    },\n" + "    \"response\" : {\n" + "      \"status\" : 418\n" + "    }\n" + "  } ]\n" + "}", body, false)
Assert com mensagem: /home/vitor-otto/opensource/wiremock-3.0.0-beta-7/src/test/java/com/github/tomakehurst/wiremock/AdminApiTest.java linha: 185 Método: JSONAssert.assertEquals("{                                          \n" + "    \"id\": \"" + id + "\",              \n" + "    \"uuid\": \"" + id + "\",              \n" + "    \"request\" : {                        \n" + "      \"url\" : \"/my-addressable-stub\",  \n" + "      \"method\" : \"TRACE\"               \n" + "    },                                     \n" + "    \"response\" : {                       \n" + "      \"status\" : 451                     \n" + "    }                                      \n" + "}", body, true)
Assert com mensagem: /home/vitor-otto/opensource/wiremock-3.0.0-beta-7/src/test/java/com/github/tomakehurst/wiremock/AdminApiTest.java linha: 374 Método: JSONAssert.assertEquals(requestBody, response.content(), false)
Assert com mensagem: /home/vitor-otto/opensource/wiremock-3.0.0-beta-7/src/test/java/com/github/tomakehurst/wiremock/AdminApiTest.java linha: 858 Método: assertFalse(Paths.get(fileSource.getTextFileNamed(fileName).getPath()).toFile().exists(), "File should have been deleted")
Assert com mensagem: /home/vitor-otto/opensource/wiremock-3.0.0-beta-7/src/test/java/com/github/tomakehurst/wiremock/AdminApiTest.java linha: 873 Método: assertFalse(Paths.get(fileSource.getTextFileNamed(fileName).getPath()).toFile().exists(), "File should have been deleted")
Assert com mensagem: /home/vitor-otto/opensource/wiremock-3.0.0-beta-7/src/test/java/com/github/tomakehurst/wiremock/AdminApiTest.java linha: 889 Método: assertEquals("BBB", fileSource.getTextFileNamed(fileName).readContentsAsString(), "File should have been changed")
Assert com mensagem: /home/vitor-otto/opensource/wiremock-3.0.0-beta-7/src/test/java/com/github/tomakehurst/wiremock/AdminApiTest.java linha: 905 Método: assertEquals("BBB", fileSource.getTextFileNamed(fileName).readContentsAsString(), "File should have been changed")
Assert com mensagem: /home/vitor-otto/opensource/wiremock-3.0.0-beta-7/src/test/java/com/github/tomakehurst/wiremock/testsupport/WireMatchers.java linha: 72 Método: JSONAssert.assertEquals(expectedJson, actualJson, JSONCompareMode.STRICT)
Assert com mensagem: /home/vitor-otto/opensource/wiremock-3.0.0-beta-7/src/test/java/com/github/tomakehurst/wiremock/testsupport/WireMatchers.java linha: 93 Método: JSONAssert.assertEquals(expectedJson, Strings.stringFromBytes(actualJson), jsonCompareMode)
Assert com mensagem: /home/vitor-otto/opensource/wiremock-3.0.0-beta-7/src/test/java/com/github/tomakehurst/wiremock/testsupport/WireMatchers.java linha: 115 Método: JSONAssert.assertEquals(expectedJson, actualJson, jsonCompareMode)
Assert com mensagem: /home/vitor-otto/opensource/wiremock-3.0.0-beta-7/src/test/java/com/github/tomakehurst/wiremock/testsupport/WireMatchers.java linha: 136 Método: JSONAssert.assertEquals(expectedJson, Strings.stringFromBytes(actualJson), jsonCompareMode)
Assert com mensagem: /home/vitor-otto/opensource/wiremock-3.0.0-beta-7/src/test/java/com/github/tomakehurst/wiremock/HttpsAcceptanceTest.java linha: 322 Método: assertTrue(thrown, "No exception was thrown")
Assert com mensagem: /home/vitor-otto/opensource/wiremock-3.0.0-beta-7/src/test/java/com/github/tomakehurst/wiremock/StubbingAcceptanceTest.java linha: 1252 Método: assertTrue(thrown, "No exception was thrown")
Assert com mensagem: /home/vitor-otto/opensource/wiremock-3.0.0-beta-7/src/test/java/com/github/tomakehurst/wiremock/ResponseTemplatingAcceptanceTest.java linha: 222 Método: assertThat(response.content(), response.statusCode(), is(200))
Assert com mensagem: /home/vitor-otto/opensource/wiremock-3.0.0-beta-7/src/test/java/com/github/tomakehurst/wiremock/verification/LoggedRequestTest.java linha: 129 Método: JSONAssert.assertEquals(expectedJson, Json.write(loggedRequest), false)
Assert com mensagem: /home/vitor-otto/opensource/wiremock-3.0.0-beta-7/src/test/java/com/github/tomakehurst/wiremock/http/UniformDistributionTest.java linha: 37 Método: assertThat("found 0", found[0], is(false))
Assert com mensagem: /home/vitor-otto/opensource/wiremock-3.0.0-beta-7/src/test/java/com/github/tomakehurst/wiremock/http/UniformDistributionTest.java linha: 38 Método: assertThat("found 1", found[1], is(false))
Assert com mensagem: /home/vitor-otto/opensource/wiremock-3.0.0-beta-7/src/test/java/com/github/tomakehurst/wiremock/http/UniformDistributionTest.java linha: 39 Método: assertThat("found 2", found[2], is(false))
Assert com mensagem: /home/vitor-otto/opensource/wiremock-3.0.0-beta-7/src/test/java/com/github/tomakehurst/wiremock/http/UniformDistributionTest.java linha: 40 Método: assertThat("found 3", found[3], is(true))
Assert com mensagem: /home/vitor-otto/opensource/wiremock-3.0.0-beta-7/src/test/java/com/github/tomakehurst/wiremock/http/UniformDistributionTest.java linha: 41 Método: assertThat("found 4", found[4], is(true))
Assert com mensagem: /home/vitor-otto/opensource/wiremock-3.0.0-beta-7/src/test/java/com/github/tomakehurst/wiremock/http/ProxyResponseRendererTest.java linha: 138 Método: assertThat("CORS response header sent from the origin is not present in the response", corsHeader.isPresent(), is(true))
Assert com mensagem: /home/vitor-otto/opensource/wiremock-3.0.0-beta-7/src/test/java/com/github/tomakehurst/wiremock/http/ProxyResponseRendererTest.java linha: 157 Método: assertThat("CORS response header sent from the origin is present in the response", corsHeader.isPresent(), is(false))
Assert com mensagem: /home/vitor-otto/opensource/wiremock-3.0.0-beta-7/src/test/java/com/github/tomakehurst/wiremock/http/LogNormalTest.java linha: 36 Método: assertEquals(97.1115, sum / (double) n, 5.0)
Assert com mensagem: /home/vitor-otto/opensource/wiremock-3.0.0-beta-7/src/test/java/com/github/tomakehurst/wiremock/http/HttpHeadersTest.java linha: 84 Método: assertThat("Actual: " + json, json, equalToJson(SINGLE_VALUE_HEADER))
Assert com mensagem: /home/vitor-otto/opensource/wiremock-3.0.0-beta-7/src/test/java/com/github/tomakehurst/wiremock/http/HttpHeadersTest.java linha: 125 Método: assertThat("Actual: " + json, json, equalToJson(MULTI_VALUE_HEADER))
Assert com mensagem: /home/vitor-otto/opensource/wiremock-3.0.0-beta-7/src/test/java/com/github/tomakehurst/wiremock/common/ClasspathFileSourceTest.java linha: 72 Método: assertThat("Expected a non zero length file", binaryFile.readContents().length, greaterThan(0))
Assert com mensagem: /home/vitor-otto/opensource/wiremock-3.0.0-beta-7/src/test/java/com/github/tomakehurst/wiremock/common/ClasspathFileSourceTest.java linha: 81 Método: assertThat("Expected a non zero length file", binaryFile.readContents().length, greaterThan(0))
Assert com mensagem: /home/vitor-otto/opensource/wiremock-3.0.0-beta-7/src/test/java/com/github/tomakehurst/wiremock/common/ClasspathFileSourceTest.java linha: 101 Método: assertThat("Informative error", e.getMessage(), startsWith("Was unable to find entry: \"zippeddir/thisWillNotBeFound.txt\", found:"))
Assert com mensagem: /home/vitor-otto/opensource/wiremock-3.0.0-beta-7/src/test/java/com/github/tomakehurst/wiremock/common/ClasspathFileSourceTest.java linha: 114 Método: assertThat("Expected a non zero length file", binaryFile.readContents().length, greaterThan(0))
Assert com mensagem: /home/vitor-otto/opensource/wiremock-3.0.0-beta-7/src/test/java/com/github/tomakehurst/wiremock/common/ClasspathFileSourceTest.java linha: 128 Método: assertTrue(new ClasspathFileSource("filesource/subdir").exists(), "Expected to exist")
Assert com mensagem: /home/vitor-otto/opensource/wiremock-3.0.0-beta-7/src/test/java/com/github/tomakehurst/wiremock/common/ClasspathFileSourceTest.java linha: 129 Método: assertTrue(new ClasspathFileSource("META-INF/maven/com.google.guava").exists(), "Expected to exist")
Assert com mensagem: /home/vitor-otto/opensource/wiremock-3.0.0-beta-7/src/test/java/com/github/tomakehurst/wiremock/common/ClasspathFileSourceTest.java linha: 131 Método: assertFalse(new ClasspathFileSource("not/exist").exists(), "Expected not to exist")
Assert com mensagem: /home/vitor-otto/opensource/wiremock-3.0.0-beta-7/src/test/java/com/github/tomakehurst/wiremock/ProxyAcceptanceTest.java linha: 453 Método: assertFalse(lastRequest.getHeaders().getHeader("Accept-Encoding").isPresent(), "Accept-Encoding header should not be present")
Assert com mensagem: /home/vitor-otto/opensource/wiremock-3.0.0-beta-7/src/test/java/com/github/tomakehurst/wiremock/recording/ResponseDefinitionBodyMatcherDeserializerTest.java linha: 41 Método: assertEquals(expected, actual, "Failed with " + input)
Assert com mensagem: /home/vitor-otto/opensource/wiremock-3.0.0-beta-7/src/test/java/com/github/tomakehurst/wiremock/recording/ScenarioProcessorTest.java linha: 52 Método: assertThat("Last mapping should not have a state transition", foobar3.getNewScenarioState(), nullValue())
Assert com mensagem: /home/vitor-otto/opensource/wiremock-3.0.0-beta-7/src/test/java/com/github/tomakehurst/wiremock/MultipartBodyMatchingAcceptanceTest.java linha: 64 Método: assertThat(EntityUtils.toString(response.getEntity()), response.getCode(), is(200))
Assert com mensagem: /home/vitor-otto/opensource/wiremock-3.0.0-beta-7/src/test/java/com/github/tomakehurst/wiremock/MultipartBodyMatchingAcceptanceTest.java linha: 109 Método: assertThat(EntityUtils.toString(response.getEntity()), response.getCode(), is(200))
Assert com mensagem: /home/vitor-otto/opensource/wiremock-3.0.0-beta-7/src/test/java/com/github/tomakehurst/wiremock/MultipartBodyMatchingAcceptanceTest.java linha: 134 Método: assertThat(EntityUtils.toString(response.getEntity()), response.getCode(), is(200))
Assert com mensagem: /home/vitor-otto/opensource/wiremock-3.0.0-beta-7/src/test/java/com/github/tomakehurst/wiremock/stubbing/SortedConcurrentMappingSetTest.java linha: 86 Método: assertThat("Mapping set should be empty", mappingSet.iterator().hasNext(), is(false))
Assert com mensagem: /home/vitor-otto/opensource/wiremock-3.0.0-beta-7/src/test/java/com/github/tomakehurst/wiremock/stubbing/ResponseDefinitionTest.java linha: 69 Método: assertFalse(copiedResponse.wasConfigured(), "Should be not configured")
Assert com mensagem: /home/vitor-otto/opensource/wiremock-3.0.0-beta-7/src/test/java/com/github/tomakehurst/wiremock/stubbing/ResponseDefinitionTest.java linha: 107 Método: JSONAssert.assertEquals(STRING_BODY, Json.write(responseDef), false)
Assert com mensagem: /home/vitor-otto/opensource/wiremock-3.0.0-beta-7/src/test/java/com/github/tomakehurst/wiremock/stubbing/ResponseDefinitionTest.java linha: 133 Método: JSONAssert.assertEquals(actualJson, BINARY_BODY, false)
Assert com mensagem: /home/vitor-otto/opensource/wiremock-3.0.0-beta-7/src/test/java/com/github/tomakehurst/wiremock/MappingsAcceptanceTest.java linha: 195 Método: assertFalse(response.headers().containsKey("Transfer-Encoding"), "expected Transfer-Encoding head to be absent")
Assert com mensagem: /home/vitor-otto/opensource/wiremock-3.0.0-beta-7/src/test/java/com/github/tomakehurst/wiremock/PostServeActionExtensionTest.java linha: 164 Método: assertThat(response.content(), response.statusCode(), is(201))
Assert com mensagem: /home/vitor-otto/opensource/wiremock-3.0.0-beta-7/src/test/java/com/github/tomakehurst/wiremock/PostServeActionExtensionTest.java linha: 230 Método: assertThat(response.content(), response.statusCode(), is(201))
Assert com mensagem: /home/vitor-otto/opensource/wiremock-3.0.0-beta-7/src/test/java/com/github/tomakehurst/wiremock/junit5/JUnitJupiterExtensionNonStaticMultiInstanceTest.java linha: 91 Método: assertTrue(getAllServeEvents().isEmpty(), "The request log should be empty")
Assert com mensagem: /home/vitor-otto/opensource/wiremock-3.0.0-beta-7/src/test/java/com/github/tomakehurst/wiremock/junit5/JUnitJupiterExtensionStaticMultiInstanceTest.java linha: 91 Método: assertTrue(getAllServeEvents().isEmpty(), "The request log should be empty")
Assert com mensagem: /home/vitor-otto/opensource/wiremock-3.0.0-beta-7/src/test/java/com/github/tomakehurst/wiremock/junit5/JUnitJupiterExtensionDeclarativeWithRandomHttpsPortParameterTest.java linha: 42 Método: assertTrue(wmRuntimeInfo.isHttpsEnabled(), "Expected HTTPS to be enabled")
Assert com mensagem: /home/vitor-otto/opensource/wiremock-3.0.0-beta-7/src/test/java/com/github/tomakehurst/wiremock/junit5/JUnitJupiterExtensionDeclarativeWithFixedHttpsPortParameterTest.java linha: 29 Método: assertTrue(wmRuntimeInfo.isHttpsEnabled(), "Expected HTTPS to be enabled")
Assert com mensagem: /home/vitor-otto/opensource/wiremock-3.0.0-beta-7/wiremock-webhooks-extension/src/test/java/functional/WebhooksAcceptanceTest.java linha: 359 Método: assertTrue(latch.await(20, SECONDS), "Timed out waiting for target server to receive a request")
Assert com mensagem: /home/vitor-otto/opensource/wiremock-3.0.0-beta-7/wiremock-webhooks-extension/src/test/java/functional/FailingWebhookTest.java linha: 106 Método: assertThat("No webook should have been made", latch.getCount(), is(1L))
Total asserts: 2948
Asserts sem descrição: 2859
Asserts com descrição: 89
Assertion Roulette: 1905
