
Projeto: /home/vitor-otto/opensource/simplify-1.3.0

Antes do refactor: 
Assert sem descrição: /home/vitor-otto/opensource/simplify-1.3.0/simplify/src/test/java/org/cf/simplify/strategy/UnreflectionStrategyTest.java linha: 70 Método: assertEquals(expectedRegisterCount, actualRegisterCount)
Assert sem descrição: /home/vitor-otto/opensource/simplify-1.3.0/simplify/src/test/java/org/cf/simplify/strategy/UnreflectionStrategyTest.java linha: 76 Método: assertArrayEquals(expectedLines, actualLines)
Assert sem descrição: /home/vitor-otto/opensource/simplify-1.3.0/simplify/src/test/java/org/cf/simplify/strategy/UnreflectionStrategyTest.java linha: 372 Método: assertEquals(Opcode.IGET, UnreflectionStrategy.getGetOpcode("I", isStatic))
Assert sem descrição: /home/vitor-otto/opensource/simplify-1.3.0/simplify/src/test/java/org/cf/simplify/strategy/UnreflectionStrategyTest.java linha: 373 Método: assertEquals(Opcode.IGET_BOOLEAN, UnreflectionStrategy.getGetOpcode("Z", isStatic))
Assert sem descrição: /home/vitor-otto/opensource/simplify-1.3.0/simplify/src/test/java/org/cf/simplify/strategy/UnreflectionStrategyTest.java linha: 374 Método: assertEquals(Opcode.IGET_BYTE, UnreflectionStrategy.getGetOpcode("B", isStatic))
Assert sem descrição: /home/vitor-otto/opensource/simplify-1.3.0/simplify/src/test/java/org/cf/simplify/strategy/UnreflectionStrategyTest.java linha: 375 Método: assertEquals(Opcode.IGET_CHAR, UnreflectionStrategy.getGetOpcode("C", isStatic))
Assert sem descrição: /home/vitor-otto/opensource/simplify-1.3.0/simplify/src/test/java/org/cf/simplify/strategy/UnreflectionStrategyTest.java linha: 376 Método: assertEquals(Opcode.IGET_OBJECT, UnreflectionStrategy.getGetOpcode("Ljava/lang/Object;", isStatic))
Assert sem descrição: /home/vitor-otto/opensource/simplify-1.3.0/simplify/src/test/java/org/cf/simplify/strategy/UnreflectionStrategyTest.java linha: 377 Método: assertEquals(Opcode.IGET_SHORT, UnreflectionStrategy.getGetOpcode("S", isStatic))
Assert sem descrição: /home/vitor-otto/opensource/simplify-1.3.0/simplify/src/test/java/org/cf/simplify/strategy/UnreflectionStrategyTest.java linha: 378 Método: assertEquals(Opcode.IGET_WIDE, UnreflectionStrategy.getGetOpcode("J", isStatic))
Assert sem descrição: /home/vitor-otto/opensource/simplify-1.3.0/simplify/src/test/java/org/cf/simplify/strategy/UnreflectionStrategyTest.java linha: 379 Método: assertEquals(Opcode.IGET_WIDE, UnreflectionStrategy.getGetOpcode("D", isStatic))
Assert sem descrição: /home/vitor-otto/opensource/simplify-1.3.0/simplify/src/test/java/org/cf/simplify/strategy/UnreflectionStrategyTest.java linha: 385 Método: assertEquals(Opcode.SGET, UnreflectionStrategy.getGetOpcode("I", isStatic))
Assert sem descrição: /home/vitor-otto/opensource/simplify-1.3.0/simplify/src/test/java/org/cf/simplify/strategy/UnreflectionStrategyTest.java linha: 386 Método: assertEquals(Opcode.SGET_BOOLEAN, UnreflectionStrategy.getGetOpcode("Z", isStatic))
Assert sem descrição: /home/vitor-otto/opensource/simplify-1.3.0/simplify/src/test/java/org/cf/simplify/strategy/UnreflectionStrategyTest.java linha: 387 Método: assertEquals(Opcode.SGET_BYTE, UnreflectionStrategy.getGetOpcode("B", isStatic))
Assert sem descrição: /home/vitor-otto/opensource/simplify-1.3.0/simplify/src/test/java/org/cf/simplify/strategy/UnreflectionStrategyTest.java linha: 388 Método: assertEquals(Opcode.SGET_CHAR, UnreflectionStrategy.getGetOpcode("C", isStatic))
Assert sem descrição: /home/vitor-otto/opensource/simplify-1.3.0/simplify/src/test/java/org/cf/simplify/strategy/UnreflectionStrategyTest.java linha: 389 Método: assertEquals(Opcode.SGET_OBJECT, UnreflectionStrategy.getGetOpcode("Ljava/lang/Object;", isStatic))
Assert sem descrição: /home/vitor-otto/opensource/simplify-1.3.0/simplify/src/test/java/org/cf/simplify/strategy/UnreflectionStrategyTest.java linha: 390 Método: assertEquals(Opcode.SGET_SHORT, UnreflectionStrategy.getGetOpcode("S", isStatic))
Assert sem descrição: /home/vitor-otto/opensource/simplify-1.3.0/simplify/src/test/java/org/cf/simplify/strategy/UnreflectionStrategyTest.java linha: 391 Método: assertEquals(Opcode.SGET_WIDE, UnreflectionStrategy.getGetOpcode("J", isStatic))
Assert sem descrição: /home/vitor-otto/opensource/simplify-1.3.0/simplify/src/test/java/org/cf/simplify/strategy/UnreflectionStrategyTest.java linha: 392 Método: assertEquals(Opcode.SGET_WIDE, UnreflectionStrategy.getGetOpcode("D", isStatic))
Assert sem descrição: /home/vitor-otto/opensource/simplify-1.3.0/simplify/src/test/java/org/cf/simplify/strategy/ConstantPropagationStrategyTest.java linha: 53 Método: assertEquals(expected.getOpcode(), actual.getOpcode())
Assert sem descrição: /home/vitor-otto/opensource/simplify-1.3.0/simplify/src/test/java/org/cf/simplify/strategy/ConstantPropagationStrategyTest.java linha: 59 Método: assertEquals(expectedRegister, actualRegister)
Assert sem descrição: /home/vitor-otto/opensource/simplify-1.3.0/simplify/src/test/java/org/cf/simplify/strategy/ConstantPropagationStrategyTest.java linha: 66 Método: assertEquals(expectedLiteral, actualLiteral)
Assert sem descrição: /home/vitor-otto/opensource/simplify-1.3.0/simplify/src/test/java/org/cf/simplify/strategy/ConstantPropagationStrategyTest.java linha: 73 Método: assertEquals(expectedLiteral, actualLiteral)
Assert sem descrição: /home/vitor-otto/opensource/simplify-1.3.0/simplify/src/test/java/org/cf/simplify/strategy/ConstantPropagationStrategyTest.java linha: 80 Método: assertEquals(expectedRef, actualRef)
Assert sem descrição: /home/vitor-otto/opensource/simplify-1.3.0/simplify/src/test/java/org/cf/simplify/strategy/ConstantPropagationStrategyTest.java linha: 181 Método: assertFalse(changesMade)
Assert sem descrição: /home/vitor-otto/opensource/simplify-1.3.0/simplify/src/test/java/org/cf/simplify/strategy/ConstantPropagationStrategyTest.java linha: 232 Método: assertEquals(before.toSmali(), after.toSmali())
Assert sem descrição: /home/vitor-otto/opensource/simplify-1.3.0/simplify/src/test/java/org/cf/simplify/strategy/PeepholeStrategyTest.java linha: 66 Método: assertEquals(Opcode.GOTO_32, instruction.getOpcode())
Assert sem descrição: /home/vitor-otto/opensource/simplify-1.3.0/simplify/src/test/java/org/cf/simplify/strategy/PeepholeStrategyTest.java linha: 67 Método: assertEquals(4, ((OffsetInstruction) instruction).getCodeOffset())
Assert sem descrição: /home/vitor-otto/opensource/simplify-1.3.0/simplify/src/test/java/org/cf/simplify/strategy/PeepholeStrategyTest.java linha: 94 Método: assertEquals("Ljava/lang/Class;->forName(Ljava/lang/String;)Ljava/lang/Class;", methodDescriptor)
Assert sem descrição: /home/vitor-otto/opensource/simplify-1.3.0/simplify/src/test/java/org/cf/simplify/strategy/PeepholeStrategyTest.java linha: 101 Método: assertEquals(Opcode.CONST_CLASS, instruction.getOpcode())
Assert sem descrição: /home/vitor-otto/opensource/simplify-1.3.0/simplify/src/test/java/org/cf/simplify/strategy/PeepholeStrategyTest.java linha: 102 Método: assertEquals(0, instruction.getRegisterA())
Assert sem descrição: /home/vitor-otto/opensource/simplify-1.3.0/simplify/src/test/java/org/cf/simplify/strategy/PeepholeStrategyTest.java linha: 105 Método: assertEquals(expectedClassName, actualClassName)
Assert sem descrição: /home/vitor-otto/opensource/simplify-1.3.0/simplify/src/test/java/org/cf/simplify/strategy/PeepholeStrategyTest.java linha: 116 Método: assertArrayEquals(new int[] { 0 }, manipulator.getAddresses())
Assert sem descrição: /home/vitor-otto/opensource/simplify-1.3.0/simplify/src/test/java/org/cf/simplify/strategy/PeepholeStrategyTest.java linha: 117 Método: assertEquals("return-void", manipulator.getOp(0).toString())
Assert sem descrição: /home/vitor-otto/opensource/simplify-1.3.0/simplify/src/test/java/org/cf/simplify/strategy/PeepholeStrategyTest.java linha: 126 Método: assertArrayEquals(new int[] { 0, 2, 4 }, addresses)
Assert sem descrição: /home/vitor-otto/opensource/simplify-1.3.0/simplify/src/test/java/org/cf/simplify/strategy/PeepholeStrategyTest.java linha: 127 Método: assertEquals("if-eqz r0, :addr_4", manipulator.getOp(0).toString())
Assert sem descrição: /home/vitor-otto/opensource/simplify-1.3.0/simplify/src/test/java/org/cf/simplify/strategy/PeepholeStrategyTest.java linha: 128 Método: assertEquals("sget r0, Ljava/lang/Integer;->MAX_VALUE:I", manipulator.getOp(2).toString())
Assert sem descrição: /home/vitor-otto/opensource/simplify-1.3.0/simplify/src/test/java/org/cf/simplify/strategy/PeepholeStrategyTest.java linha: 129 Método: assertEquals("return-void", manipulator.getOp(4).toString())
Assert sem descrição: /home/vitor-otto/opensource/simplify-1.3.0/simplify/src/test/java/org/cf/simplify/strategy/PeepholeStrategyTest.java linha: 138 Método: assertArrayEquals(new int[] { 0, 2 }, manipulator.getAddresses())
Assert sem descrição: /home/vitor-otto/opensource/simplify-1.3.0/simplify/src/test/java/org/cf/simplify/strategy/PeepholeStrategyTest.java linha: 139 Método: assertEquals("check-cast r0, Ljava/lang/Integer;", manipulator.getOp(0).toString())
Assert sem descrição: /home/vitor-otto/opensource/simplify-1.3.0/simplify/src/test/java/org/cf/simplify/strategy/PeepholeStrategyTest.java linha: 140 Método: assertEquals("return-void", manipulator.getOp(2).toString())
Assert sem descrição: /home/vitor-otto/opensource/simplify-1.3.0/simplify/src/test/java/org/cf/simplify/strategy/PeepholeStrategyTest.java linha: 149 Método: assertArrayEquals(new int[] { 0, 2, 3, 6, 7, 9 }, manipulator.getAddresses())
Assert sem descrição: /home/vitor-otto/opensource/simplify-1.3.0/simplify/src/test/java/org/cf/simplify/strategy/PeepholeStrategyTest.java linha: 150 Método: assertEquals("if-eqz r1, :addr_7", manipulator.getOp(0).toString())
Assert sem descrição: /home/vitor-otto/opensource/simplify-1.3.0/simplify/src/test/java/org/cf/simplify/strategy/PeepholeStrategyTest.java linha: 151 Método: assertEquals("const/4 r0, 0x0", manipulator.getOp(2).toString())
Assert sem descrição: /home/vitor-otto/opensource/simplify-1.3.0/simplify/src/test/java/org/cf/simplify/strategy/PeepholeStrategyTest.java linha: 152 Método: assertEquals("invoke-static {r0}, Ljava/lang/Integer;->valueOf(I)Ljava/lang/Integer;", manipulator.getOp(3).toString())
Assert sem descrição: /home/vitor-otto/opensource/simplify-1.3.0/simplify/src/test/java/org/cf/simplify/strategy/PeepholeStrategyTest.java linha: 154 Método: assertEquals("move-result r1", manipulator.getOp(6).toString())
Assert sem descrição: /home/vitor-otto/opensource/simplify-1.3.0/simplify/src/test/java/org/cf/simplify/strategy/PeepholeStrategyTest.java linha: 155 Método: assertEquals("check-cast r1, Ljava/lang/Integer;", manipulator.getOp(7).toString())
Assert sem descrição: /home/vitor-otto/opensource/simplify-1.3.0/simplify/src/test/java/org/cf/simplify/strategy/PeepholeStrategyTest.java linha: 156 Método: assertEquals("return-void", manipulator.getOp(9).toString())
Assert sem descrição: /home/vitor-otto/opensource/simplify-1.3.0/simplify/src/test/java/org/cf/simplify/strategy/PeepholeStrategyTest.java linha: 187 Método: assertEquals("Ljava/lang/String;-><init>([B)V", methodDescriptor)
Assert sem descrição: /home/vitor-otto/opensource/simplify-1.3.0/simplify/src/test/java/org/cf/simplify/strategy/PeepholeStrategyTest.java linha: 197 Método: assertEquals(Opcode.CONST_STRING, instruction.getOpcode())
Assert sem descrição: /home/vitor-otto/opensource/simplify-1.3.0/simplify/src/test/java/org/cf/simplify/strategy/PeepholeStrategyTest.java linha: 198 Método: assertEquals(0, instruction.getRegisterA())
Assert sem descrição: /home/vitor-otto/opensource/simplify-1.3.0/simplify/src/test/java/org/cf/simplify/strategy/PeepholeStrategyTest.java linha: 201 Método: assertEquals(expectedConstant, actualConstant)
Assert sem descrição: /home/vitor-otto/opensource/simplify-1.3.0/simplify/src/test/java/org/cf/simplify/strategy/PeepholeStrategyTest.java linha: 223 Método: assertEquals(BuilderInstruction21c.class, manipulator.getInstruction(ADDRESS).getClass())
Assert sem descrição: /home/vitor-otto/opensource/simplify-1.3.0/simplify/src/test/java/org/cf/simplify/strategy/PeepholeStrategyTest.java linha: 225 Método: assertEquals(Opcode.CONST_CLASS, instruction.getOpcode())
Assert sem descrição: /home/vitor-otto/opensource/simplify-1.3.0/simplify/src/test/java/org/cf/simplify/strategy/PeepholeStrategyTest.java linha: 226 Método: assertEquals(0, instruction.getRegisterA())
Assert sem descrição: /home/vitor-otto/opensource/simplify-1.3.0/simplify/src/test/java/org/cf/simplify/strategy/PeepholeStrategyTest.java linha: 229 Método: assertEquals(CLASS_NAME, actualClassName)
Assert sem descrição: /home/vitor-otto/opensource/simplify-1.3.0/simplify/src/test/java/org/cf/simplify/strategy/PeepholeStrategyTest.java linha: 237 Método: assertEquals(BuilderInstruction21c.class, manipulator.getInstruction(ADDRESS).getClass())
Assert sem descrição: /home/vitor-otto/opensource/simplify-1.3.0/simplify/src/test/java/org/cf/simplify/strategy/PeepholeStrategyTest.java linha: 239 Método: assertEquals(Opcode.CONST_CLASS, instruction.getOpcode())
Assert sem descrição: /home/vitor-otto/opensource/simplify-1.3.0/simplify/src/test/java/org/cf/simplify/strategy/PeepholeStrategyTest.java linha: 240 Método: assertEquals(0, instruction.getRegisterA())
Assert sem descrição: /home/vitor-otto/opensource/simplify-1.3.0/simplify/src/test/java/org/cf/simplify/strategy/PeepholeStrategyTest.java linha: 243 Método: assertEquals(CLASS_NAME, actualClassName)
Assert sem descrição: /home/vitor-otto/opensource/simplify-1.3.0/simplify/src/test/java/org/cf/simplify/strategy/DeadRemovalStrategyTest.java linha: 51 Método: assertEquals(expected, found)
Assert sem descrição: /home/vitor-otto/opensource/simplify-1.3.0/simplify/src/test/java/org/cf/simplify/strategy/DeadRemovalStrategyTest.java linha: 67 Método: assertEquals(Opcode.INVOKE_DIRECT, instruction.getOpcode())
Assert sem descrição: /home/vitor-otto/opensource/simplify-1.3.0/simplify/src/test/java/org/cf/simplify/strategy/DeadRemovalStrategyTest.java linha: 77 Método: assertEquals(0, found.size())
Assert sem descrição: /home/vitor-otto/opensource/simplify-1.3.0/simplify/src/test/java/org/cf/simplify/strategy/DeadRemovalStrategyTest.java linha: 89 Método: assertEquals(expected, found)
Assert sem descrição: /home/vitor-otto/opensource/simplify-1.3.0/simplify/src/test/java/org/cf/simplify/strategy/DeadRemovalStrategyTest.java linha: 100 Método: assertEquals(expected, found)
Assert sem descrição: /home/vitor-otto/opensource/simplify-1.3.0/simplify/src/test/java/org/cf/simplify/strategy/DeadRemovalStrategyTest.java linha: 111 Método: assertEquals(expected, found)
Assert sem descrição: /home/vitor-otto/opensource/simplify-1.3.0/simplify/src/test/java/org/cf/simplify/strategy/DeadRemovalStrategyTest.java linha: 122 Método: assertEquals(expected, found)
Assert sem descrição: /home/vitor-otto/opensource/simplify-1.3.0/simplify/src/test/java/org/cf/simplify/strategy/DeadRemovalStrategyTest.java linha: 132 Método: assertEquals(expected, found)
Assert sem descrição: /home/vitor-otto/opensource/simplify-1.3.0/simplify/src/test/java/org/cf/simplify/strategy/DeadRemovalStrategyTest.java linha: 144 Método: assertEquals(expected, found)
Assert sem descrição: /home/vitor-otto/opensource/simplify-1.3.0/simplify/src/test/java/org/cf/simplify/strategy/DeadRemovalStrategyTest.java linha: 155 Método: assertEquals(expected, found)
Assert sem descrição: /home/vitor-otto/opensource/simplify-1.3.0/simplify/src/test/java/org/cf/simplify/strategy/DeadRemovalStrategyTest.java linha: 166 Método: assertEquals(expected, found)
Assert sem descrição: /home/vitor-otto/opensource/simplify-1.3.0/simplify/src/test/java/org/cf/simplify/strategy/DeadRemovalStrategyTest.java linha: 177 Método: assertEquals(expected, found)
Assert sem descrição: /home/vitor-otto/opensource/simplify-1.3.0/simplify/src/test/java/org/cf/simplify/ConstantBuilderTest.java linha: 51 Método: assertEquals(expectedInstr.getOpcode(), actualInstr.getOpcode())
Assert sem descrição: /home/vitor-otto/opensource/simplify-1.3.0/simplify/src/test/java/org/cf/simplify/ConstantBuilderTest.java linha: 57 Método: assertEquals(expected.getRegisterA(), actual.getRegisterA())
Assert sem descrição: /home/vitor-otto/opensource/simplify-1.3.0/simplify/src/test/java/org/cf/simplify/ConstantBuilderTest.java linha: 64 Método: assertEquals(expected.getNarrowLiteral(), actual.getNarrowLiteral())
Assert sem descrição: /home/vitor-otto/opensource/simplify-1.3.0/simplify/src/test/java/org/cf/simplify/ConstantBuilderTest.java linha: 71 Método: assertEquals(expected.getWideLiteral(), actual.getWideLiteral())
Assert sem descrição: /home/vitor-otto/opensource/simplify-1.3.0/simplify/src/test/java/org/cf/simplify/ConstantBuilderTest.java linha: 78 Método: assertEquals(expected.getReferenceType(), actual.getReferenceType())
Assert sem descrição: /home/vitor-otto/opensource/simplify-1.3.0/simplify/src/test/java/org/cf/simplify/ConstantBuilderTest.java linha: 79 Método: assertEquals(expected.getReference(), actual.getReference())
Assert sem descrição: /home/vitor-otto/opensource/simplify-1.3.0/simplify/src/test/java/org/cf/simplify/LauncherTest.java linha: 20 Método: assertTrue(outFile.exists())
Assert sem descrição: /home/vitor-otto/opensource/simplify-1.3.0/simplify/src/test/java/org/cf/simplify/LauncherTest.java linha: 31 Método: assertTrue(outFile.exists())
Assert sem descrição: /home/vitor-otto/opensource/simplify-1.3.0/simplify/src/test/java/org/cf/simplify/ExecutionGraphManipulatorTest.java linha: 38 Método: assertEquals(expectedOpcode, actualInstruction.getOpcode())
Assert com mensagem: /home/vitor-otto/opensource/simplify-1.3.0/simplify/src/test/java/org/cf/simplify/ExecutionGraphManipulatorTest.java linha: 42 Método: assertEquals(exChildren.length, actualNodePile.size(), expectedOpcode.name + " @" + address + " node pile size")
Assert com mensagem: /home/vitor-otto/opensource/simplify-1.3.0/simplify/src/test/java/org/cf/simplify/ExecutionGraphManipulatorTest.java linha: 51 Método: assertEquals(exChildren[i].length, children.length, expectedOpcode.name + " @" + address + " children size")
Assert com mensagem: /home/vitor-otto/opensource/simplify-1.3.0/simplify/src/test/java/org/cf/simplify/ExecutionGraphManipulatorTest.java linha: 53 Método: assertEquals((int) exChildren[i][j][0], children[j].getLocation().getCodeAddress(), expectedOpcode.name + " @" + address + " child address")
Assert com mensagem: /home/vitor-otto/opensource/simplify-1.3.0/simplify/src/test/java/org/cf/simplify/ExecutionGraphManipulatorTest.java linha: 54 Método: assertEquals(exChildren[i][j][1], children[j].getOpcode(), expectedOpcode.name + " @" + address + " child opcode")
Assert sem descrição: /home/vitor-otto/opensource/simplify-1.3.0/simplify/src/test/java/org/cf/simplify/ExecutionGraphManipulatorTest.java linha: 62 Método: assertEquals(0, template.getChildren().size())
Assert sem descrição: /home/vitor-otto/opensource/simplify-1.3.0/simplify/src/test/java/org/cf/simplify/ExecutionGraphManipulatorTest.java linha: 63 Método: assertNotNull(template.getOp().getChildren())
Assert sem descrição: /home/vitor-otto/opensource/simplify-1.3.0/simplify/src/test/java/org/cf/simplify/ExecutionGraphManipulatorTest.java linha: 66 Método: assertEquals(template.getOp(), node.getOp())
Assert sem descrição: /home/vitor-otto/opensource/simplify-1.3.0/simplify/src/test/java/org/cf/simplify/ExecutionGraphManipulatorTest.java linha: 69 Método: assertEquals(1, children.size())
Assert sem descrição: /home/vitor-otto/opensource/simplify-1.3.0/simplify/src/test/java/org/cf/simplify/ExecutionGraphManipulatorTest.java linha: 72 Método: assertEquals(1, childLocations.length)
Assert sem descrição: /home/vitor-otto/opensource/simplify-1.3.0/simplify/src/test/java/org/cf/simplify/ExecutionGraphManipulatorTest.java linha: 75 Método: assertEquals(node, child.getParent())
Assert sem descrição: /home/vitor-otto/opensource/simplify-1.3.0/simplify/src/test/java/org/cf/simplify/ExecutionGraphManipulatorTest.java linha: 76 Método: assertEquals(node.getContext(), child.getContext().getParent())
Assert sem descrição: /home/vitor-otto/opensource/simplify-1.3.0/simplify/src/test/java/org/cf/simplify/ExecutionGraphManipulatorTest.java linha: 79 Método: assertEquals(childOp.getLocation(), childLocations[0])
Assert sem descrição: /home/vitor-otto/opensource/simplify-1.3.0/simplify/src/test/java/org/cf/simplify/ExecutionGraphManipulatorTest.java linha: 80 Método: assertEquals(childOp.getLocation(), node.getOp().getChildren()[0])
Assert sem descrição: /home/vitor-otto/opensource/simplify-1.3.0/simplify/src/test/java/org/cf/simplify/ExecutionGraphManipulatorTest.java linha: 195 Método: assertArrayEquals(new int[] { 0, 1, 2, 3, 4 }, actualAvailable)
Assert sem descrição: /home/vitor-otto/opensource/simplify-1.3.0/simplify/src/test/java/org/cf/simplify/ExecutionGraphManipulatorTest.java linha: 205 Método: assertArrayEquals(expectedAddresses, actualAddresses)
Assert sem descrição: /home/vitor-otto/opensource/simplify-1.3.0/simplify/src/test/java/org/cf/simplify/ExecutionGraphManipulatorTest.java linha: 268 Método: assertArrayEquals(new int[] { 0 }, parentState.getRegistersAssigned())
Assert sem descrição: /home/vitor-otto/opensource/simplify-1.3.0/simplify/src/test/java/org/cf/simplify/ExecutionGraphManipulatorTest.java linha: 271 Método: assertArrayEquals(new int[] { 2 }, childState.getRegistersAssigned())
Assert sem descrição: /home/vitor-otto/opensource/simplify-1.3.0/simplify/src/test/java/org/cf/simplify/ExecutionGraphManipulatorTest.java linha: 274 Método: assertArrayEquals(new int[] { 3 }, grandchildState.getRegistersAssigned())
Assert sem descrição: /home/vitor-otto/opensource/simplify-1.3.0/simplify/src/test/java/org/cf/simplify/ExecutionGraphManipulatorTest.java linha: 295 Método: assertEquals(2, manipulator.getTryBlocks().size())
Assert sem descrição: /home/vitor-otto/opensource/simplify-1.3.0/simplify/src/test/java/org/cf/simplify/ExecutionGraphManipulatorTest.java linha: 298 Método: assertEquals(0, manipulator.getTryBlocks().size())
Assert sem descrição: /home/vitor-otto/opensource/simplify-1.3.0/simplify/src/test/java/org/cf/simplify/ExecutionGraphManipulatorTest.java linha: 327 Método: assertEquals(0, consensus.getValue())
Assert sem descrição: /home/vitor-otto/opensource/simplify-1.3.0/simplify/src/test/java/org/cf/simplify/ExecutionGraphManipulatorTest.java linha: 359 Método: assertEquals(1, consensus.getValue())
Assert sem descrição: /home/vitor-otto/opensource/simplify-1.3.0/simplify/src/test/java/org/cf/simplify/ExecutionGraphManipulatorTest.java linha: 362 Método: assertEquals(2, consensus.getValue())
Assert sem descrição: /home/vitor-otto/opensource/simplify-1.3.0/simplify/src/test/java/org/cf/simplify/ExecutionGraphManipulatorTest.java linha: 370 Método: assertEquals(1, manipulator.getInstruction(3).getLocation().getLabels().size())
Assert sem descrição: /home/vitor-otto/opensource/simplify-1.3.0/simplify/src/test/java/org/cf/simplify/ExecutionGraphManipulatorTest.java linha: 372 Método: assertEquals(1, manipulator.getInstruction(3).getLocation().getLabels().size())
Assert sem descrição: /home/vitor-otto/opensource/simplify-1.3.0/smalivm/src/test/java/org/cf/smalivm/configuration/ConfigurationTest.java linha: 33 Método: assertTrue(configuration.isImmutable("Ljava/lang/String;"))
Assert sem descrição: /home/vitor-otto/opensource/simplify-1.3.0/smalivm/src/test/java/org/cf/smalivm/configuration/ConfigurationTest.java linha: 38 Método: assertFalse(configuration.isImmutable("[Ljava/lang/String;"))
Assert sem descrição: /home/vitor-otto/opensource/simplify-1.3.0/smalivm/src/test/java/org/cf/smalivm/configuration/ConfigurationTest.java linha: 43 Método: assertFalse(configuration.isImmutable("Ljava/lang/StringBuilder;"))
Assert com mensagem: /home/vitor-otto/opensource/simplify-1.3.0/smalivm/src/test/java/org/cf/smalivm/configuration/ConfigurationTest.java linha: 97 Método: assertEquals(0, nonExistentClasses.size(), msg)
Assert sem descrição: /home/vitor-otto/opensource/simplify-1.3.0/smalivm/src/test/java/org/cf/smalivm/opcode/CmpOpTest.java linha: 302 Método: assertEquals(cmpValue.getClass(), setItem.getValue().getValue().getClass())
Assert sem descrição: /home/vitor-otto/opensource/simplify-1.3.0/smalivm/src/test/java/org/cf/smalivm/opcode/CmpOpTest.java linha: 303 Método: assertEquals(CMP_TYPE, setItem.getValue().getType())
Assert sem descrição: /home/vitor-otto/opensource/simplify-1.3.0/smalivm/src/test/java/org/cf/smalivm/opcode/CmpOpTest.java linha: 304 Método: assertEquals("cmp-long r0, r2, r4", op.toString())
Assert sem descrição: /home/vitor-otto/opensource/simplify-1.3.0/smalivm/src/test/java/org/cf/smalivm/opcode/CmpOpTest.java linha: 404 Método: assertEquals(cmpValue.getClass(), setItem.getValue().getValue().getClass())
Assert sem descrição: /home/vitor-otto/opensource/simplify-1.3.0/smalivm/src/test/java/org/cf/smalivm/opcode/CmpOpTest.java linha: 405 Método: assertEquals(CMP_TYPE, setItem.getValue().getType())
Assert sem descrição: /home/vitor-otto/opensource/simplify-1.3.0/smalivm/src/test/java/org/cf/smalivm/opcode/CmpOpTest.java linha: 419 Método: assertEquals(cmpValue, setItem.getValue().getValue())
Assert sem descrição: /home/vitor-otto/opensource/simplify-1.3.0/smalivm/src/test/java/org/cf/smalivm/opcode/CmpOpTest.java linha: 420 Método: assertEquals(CMP_TYPE, setItem.getValue().getType())
Assert sem descrição: /home/vitor-otto/opensource/simplify-1.3.0/smalivm/src/test/java/org/cf/smalivm/opcode/NewArrayOpTest.java linha: 29 Método: assertEquals(exceptionClass, item.getValue().getClass())
Assert sem descrição: /home/vitor-otto/opensource/simplify-1.3.0/smalivm/src/test/java/org/cf/smalivm/opcode/NewArrayOpTest.java linha: 30 Método: assertEquals(ClassNameUtils.toInternal(exceptionClass), item.getType())
Assert sem descrição: /home/vitor-otto/opensource/simplify-1.3.0/smalivm/src/test/java/org/cf/smalivm/opcode/NewArrayOpTest.java linha: 31 Método: assertEquals(exceptionMessage, ((Throwable) item.getValue()).getMessage())
Assert com mensagem: /home/vitor-otto/opensource/simplify-1.3.0/smalivm/src/test/java/org/cf/smalivm/opcode/NewArrayOpTest.java linha: 33 Método: assertFalse(graph.wasAddressReached(1), "Should not reach next instruction in non-exception execution path")
Assert sem descrição: /home/vitor-otto/opensource/simplify-1.3.0/smalivm/src/test/java/org/cf/smalivm/opcode/NewArrayOpTest.java linha: 36 Método: assertEquals(0, mState.getRegistersAssigned().length)
Assert sem descrição: /home/vitor-otto/opensource/simplify-1.3.0/smalivm/src/test/java/org/cf/smalivm/opcode/NewArrayOpTest.java linha: 55 Método: assertEquals("[[" + CLASS_NAME, consensus.getType())
Assert sem descrição: /home/vitor-otto/opensource/simplify-1.3.0/smalivm/src/test/java/org/cf/smalivm/opcode/NewArrayOpTest.java linha: 56 Método: assertEquals(length, Array.getLength(consensus.getValue()))
Assert sem descrição: /home/vitor-otto/opensource/simplify-1.3.0/smalivm/src/test/java/org/cf/smalivm/opcode/NewArrayOpTest.java linha: 58 Método: assertEquals("[[" + CLASS_NAME, actualClass.getName())
Assert sem descrição: /home/vitor-otto/opensource/simplify-1.3.0/smalivm/src/test/java/org/cf/smalivm/opcode/NewArrayOpTest.java linha: 95 Método: assertEquals("[" + CLASS_NAME, consensus.getType())
Assert sem descrição: /home/vitor-otto/opensource/simplify-1.3.0/smalivm/src/test/java/org/cf/smalivm/opcode/NewArrayOpTest.java linha: 96 Método: assertEquals(length, Array.getLength(consensus.getValue()))
Assert sem descrição: /home/vitor-otto/opensource/simplify-1.3.0/smalivm/src/test/java/org/cf/smalivm/opcode/NewArrayOpTest.java linha: 98 Método: assertEquals("[" + CLASS_NAME, actualClass.getName())
Assert sem descrição: /home/vitor-otto/opensource/simplify-1.3.0/smalivm/src/test/java/org/cf/smalivm/opcode/AGetOpTest.java linha: 27 Método: assertEquals(exceptionClass, item.getValue().getClass())
Assert sem descrição: /home/vitor-otto/opensource/simplify-1.3.0/smalivm/src/test/java/org/cf/smalivm/opcode/AGetOpTest.java linha: 28 Método: assertEquals(ClassNameUtils.toInternal(exceptionClass), item.getType())
Assert com mensagem: /home/vitor-otto/opensource/simplify-1.3.0/smalivm/src/test/java/org/cf/smalivm/opcode/AGetOpTest.java linha: 30 Método: assertFalse(graph.wasAddressReached(2), "Should not reach next instruction in non-exception execution path")
Assert sem descrição: /home/vitor-otto/opensource/simplify-1.3.0/smalivm/src/test/java/org/cf/smalivm/opcode/AGetOpTest.java linha: 33 Método: assertEquals(0, mState.getRegistersAssigned().length)
Assert sem descrição: /home/vitor-otto/opensource/simplify-1.3.0/smalivm/src/test/java/org/cf/smalivm/opcode/BinaryMathOpTest.java linha: 961 Método: assertEquals("div-long r" + DEST_REGISTER + ", r" + ARG1_REGISTER + ", r" + ARG2_REGISTER, op.toString())
Assert sem descrição: /home/vitor-otto/opensource/simplify-1.3.0/smalivm/src/test/java/org/cf/smalivm/opcode/UnaryMathOpTest.java linha: 385 Método: assertEquals("double-to-float r" + REGISTER_A + ", r" + REGISTER_B, op.toString())
Assert com mensagem: /home/vitor-otto/opensource/simplify-1.3.0/smalivm/src/test/java/org/cf/smalivm/opcode/MoveOpTest.java linha: 39 Método: assertArrayEquals(addresses, new int[] { 1 }, "Should terminate when expected: " + Arrays.toString(addresses) + " == {1}")
Assert sem descrição: /home/vitor-otto/opensource/simplify-1.3.0/smalivm/src/test/java/org/cf/smalivm/opcode/MoveOpTest.java linha: 44 Método: assertSame(register0, register1)
Assert sem descrição: /home/vitor-otto/opensource/simplify-1.3.0/smalivm/src/test/java/org/cf/smalivm/opcode/MoveOpTest.java linha: 45 Método: assertTrue(register0 instanceof Object)
Assert sem descrição: /home/vitor-otto/opensource/simplify-1.3.0/smalivm/src/test/java/org/cf/smalivm/opcode/SwitchPayloadOpTest.java linha: 53 Método: assertEquals("packed-switch-payload [1 -> :addr_10, 2 -> :addr_20]", op.toString())
Assert sem descrição: /home/vitor-otto/opensource/simplify-1.3.0/smalivm/src/test/java/org/cf/smalivm/opcode/APutOpTest.java linha: 33 Método: assertEquals(exceptionClass, item.getValue().getClass())
Assert sem descrição: /home/vitor-otto/opensource/simplify-1.3.0/smalivm/src/test/java/org/cf/smalivm/opcode/APutOpTest.java linha: 34 Método: assertEquals(ClassNameUtils.toInternal(exceptionClass), item.getType())
Assert com mensagem: /home/vitor-otto/opensource/simplify-1.3.0/smalivm/src/test/java/org/cf/smalivm/opcode/APutOpTest.java linha: 36 Método: assertFalse(graph.wasAddressReached(2), "Should not reach next instruction in non-exception execution path")
Assert sem descrição: /home/vitor-otto/opensource/simplify-1.3.0/smalivm/src/test/java/org/cf/smalivm/opcode/APutOpTest.java linha: 39 Método: assertEquals(0, mState.getRegistersAssigned().length)
Assert sem descrição: /home/vitor-otto/opensource/simplify-1.3.0/smalivm/src/test/java/org/cf/smalivm/opcode/APutOpTest.java linha: 324 Método: assertEquals(2, exceptions.size())
Assert sem descrição: /home/vitor-otto/opensource/simplify-1.3.0/smalivm/src/test/java/org/cf/smalivm/opcode/APutOpTest.java linha: 327 Método: assertTrue(exceptionClasses.contains(ArrayIndexOutOfBoundsException.class))
Assert sem descrição: /home/vitor-otto/opensource/simplify-1.3.0/smalivm/src/test/java/org/cf/smalivm/opcode/APutOpTest.java linha: 328 Método: assertTrue(exceptionClasses.contains(NullPointerException.class))
Assert sem descrição: /home/vitor-otto/opensource/simplify-1.3.0/smalivm/src/test/java/org/cf/smalivm/opcode/APutOpTest.java linha: 331 Método: assertEquals(CommonTypes.OBJECT, item.getType())
Assert sem descrição: /home/vitor-otto/opensource/simplify-1.3.0/smalivm/src/test/java/org/cf/smalivm/opcode/APutOpTest.java linha: 332 Método: assertEquals(UnknownValue.class, item.getValue().getClass())
Assert sem descrição: /home/vitor-otto/opensource/simplify-1.3.0/smalivm/src/test/java/org/cf/smalivm/opcode/ThrowOpTest.java linha: 33 Método: assertEquals(exceptionClass, item.getValue().getClass())
Assert sem descrição: /home/vitor-otto/opensource/simplify-1.3.0/smalivm/src/test/java/org/cf/smalivm/opcode/ThrowOpTest.java linha: 34 Método: assertEquals(ClassNameUtils.toInternal(exceptionClass), item.getType())
Assert sem descrição: /home/vitor-otto/opensource/simplify-1.3.0/smalivm/src/test/java/org/cf/smalivm/opcode/ThrowOpTest.java linha: 37 Método: assertEquals(item, throwItem)
Assert sem descrição: /home/vitor-otto/opensource/simplify-1.3.0/smalivm/src/test/java/org/cf/smalivm/opcode/ConstOpTest.java linha: 131 Método: assertEquals(exceptionClass, item.getValue().getClass())
Assert sem descrição: /home/vitor-otto/opensource/simplify-1.3.0/smalivm/src/test/java/org/cf/smalivm/opcode/ConstOpTest.java linha: 132 Método: assertEquals(ClassNameUtils.toInternal(exceptionClass), item.getType())
Assert sem descrição: /home/vitor-otto/opensource/simplify-1.3.0/smalivm/src/test/java/org/cf/smalivm/opcode/ConstOpTest.java linha: 134 Método: assertFalse(graph.wasAddressReached(2))
Assert sem descrição: /home/vitor-otto/opensource/simplify-1.3.0/smalivm/src/test/java/org/cf/smalivm/opcode/ConstOpTest.java linha: 137 Método: assertEquals(0, mState.getRegistersAssigned().length)
Assert sem descrição: /home/vitor-otto/opensource/simplify-1.3.0/smalivm/src/test/java/org/cf/smalivm/opcode/MonitorExitOpTest.java linha: 20 Método: assertEquals("monitor-exit r0", node.getOp().toString())
Assert sem descrição: /home/vitor-otto/opensource/simplify-1.3.0/smalivm/src/test/java/org/cf/smalivm/opcode/MonitorEnterOpTest.java linha: 20 Método: assertEquals("monitor-enter r0", node.getOp().toString())
Assert sem descrição: /home/vitor-otto/opensource/simplify-1.3.0/smalivm/src/test/java/org/cf/smalivm/opcode/FilledNewArrayTest.java linha: 210 Método: assertEquals(UnknownValue.class, setItem.getValue().getValue().getClass())
Assert sem descrição: /home/vitor-otto/opensource/simplify-1.3.0/smalivm/src/test/java/org/cf/smalivm/opcode/FilledNewArrayTest.java linha: 211 Método: assertEquals("[I", setItem.getValue().getType())
Assert sem descrição: /home/vitor-otto/opensource/simplify-1.3.0/smalivm/src/test/java/org/cf/smalivm/opcode/FilledNewArrayTest.java linha: 212 Método: assertEquals("filled-new-array {r0, r1}, [I", op.toString())
Assert sem descrição: /home/vitor-otto/opensource/simplify-1.3.0/smalivm/src/test/java/org/cf/smalivm/opcode/FilledNewArrayTest.java linha: 321 Método: assertEquals(UnknownValue.class, setItem.getValue().getValue().getClass())
Assert sem descrição: /home/vitor-otto/opensource/simplify-1.3.0/smalivm/src/test/java/org/cf/smalivm/opcode/FilledNewArrayTest.java linha: 322 Método: assertEquals("[I", setItem.getValue().getType())
Assert sem descrição: /home/vitor-otto/opensource/simplify-1.3.0/smalivm/src/test/java/org/cf/smalivm/opcode/FilledNewArrayTest.java linha: 323 Método: assertEquals("filled-new-array/range {r0 .. r5}, [I", op.toString())
Assert sem descrição: /home/vitor-otto/opensource/simplify-1.3.0/smalivm/src/test/java/org/cf/smalivm/opcode/IPutOpTest.java linha: 94 Método: assertEquals("iput r" + REGISTER_A + ", r" + REGISTER_B + ", Lsome/class;->someMethod:I", op.toString())
Assert sem descrição: /home/vitor-otto/opensource/simplify-1.3.0/smalivm/src/test/java/org/cf/smalivm/opcode/InvokeOpTest.java linha: 44 Método: assertEquals("Lhash_code;", consensus.getType())
Assert sem descrição: /home/vitor-otto/opensource/simplify-1.3.0/smalivm/src/test/java/org/cf/smalivm/opcode/InvokeOpTest.java linha: 55 Método: assertEquals("Lextends_enum;", consensus.getType())
Assert com mensagem: /home/vitor-otto/opensource/simplify-1.3.0/smalivm/src/test/java/org/cf/smalivm/opcode/InvokeOpTest.java linha: 253 Método: assertNull(consensus, "Consensus should be null")
Assert sem descrição: /home/vitor-otto/opensource/simplify-1.3.0/smalivm/src/test/java/org/cf/smalivm/opcode/InvokeOpTest.java linha: 286 Método: assertEquals(exceptionClass, item.getValue().getClass())
Assert sem descrição: /home/vitor-otto/opensource/simplify-1.3.0/smalivm/src/test/java/org/cf/smalivm/opcode/InvokeOpTest.java linha: 287 Método: assertEquals(ClassNameUtils.toInternal(exceptionClass), item.getType())
Assert sem descrição: /home/vitor-otto/opensource/simplify-1.3.0/smalivm/src/test/java/org/cf/smalivm/opcode/InvokeOpTest.java linha: 293 Método: assertEquals(item, throwItem)
Assert sem descrição: /home/vitor-otto/opensource/simplify-1.3.0/smalivm/src/test/java/org/cf/smalivm/opcode/InvokeOpTest.java linha: 331 Método: assertEquals(instanceClassName, consensus.getType())
Assert sem descrição: /home/vitor-otto/opensource/simplify-1.3.0/smalivm/src/test/java/org/cf/smalivm/opcode/InvokeOpTest.java linha: 332 Método: assertEquals(virtualClass.getName(), consensus.getValue().getClass().getName())
Assert sem descrição: /home/vitor-otto/opensource/simplify-1.3.0/smalivm/src/test/java/org/cf/smalivm/opcode/InvokeOpTest.java linha: 349 Método: assertEquals(instanceClassName, consensus.getType())
Assert sem descrição: /home/vitor-otto/opensource/simplify-1.3.0/smalivm/src/test/java/org/cf/smalivm/opcode/InvokeOpTest.java linha: 350 Método: assertEquals(virtualClass.getName(), consensus.getValue().getClass().getName())
Assert sem descrição: /home/vitor-otto/opensource/simplify-1.3.0/smalivm/src/test/java/org/cf/smalivm/opcode/InvokeOpTest.java linha: 367 Método: assertEquals(instanceClassName, consensus.getType())
Assert sem descrição: /home/vitor-otto/opensource/simplify-1.3.0/smalivm/src/test/java/org/cf/smalivm/opcode/InvokeOpTest.java linha: 368 Método: assertEquals(virtualClass.getName(), consensus.getValue().getClass().getName())
Assert sem descrição: /home/vitor-otto/opensource/simplify-1.3.0/smalivm/src/test/java/org/cf/smalivm/opcode/InvokeOpTest.java linha: 421 Método: assertEquals(exceptionClass, item.getValue().getClass())
Assert sem descrição: /home/vitor-otto/opensource/simplify-1.3.0/smalivm/src/test/java/org/cf/smalivm/opcode/InvokeOpTest.java linha: 422 Método: assertEquals(ClassNameUtils.toInternal(exceptionClass), item.getType())
Assert sem descrição: /home/vitor-otto/opensource/simplify-1.3.0/smalivm/src/test/java/org/cf/smalivm/opcode/InvokeOpTest.java linha: 440 Método: assertEquals(CLASS_NAME, consensus.getType())
Assert sem descrição: /home/vitor-otto/opensource/simplify-1.3.0/smalivm/src/test/java/org/cf/smalivm/opcode/InvokeOpTest.java linha: 441 Método: assertEquals(virtualClass, consensus.getValue().getClass())
Assert sem descrição: /home/vitor-otto/opensource/simplify-1.3.0/smalivm/src/test/java/org/cf/smalivm/opcode/InvokeOpTest.java linha: 483 Método: assertEquals(CLASS_NAME, consensus.getType())
Assert sem descrição: /home/vitor-otto/opensource/simplify-1.3.0/smalivm/src/test/java/org/cf/smalivm/opcode/InvokeOpTest.java linha: 484 Método: assertEquals(virtualClass.getName(), consensus.getValue().getClass().getName())
Assert sem descrição: /home/vitor-otto/opensource/simplify-1.3.0/smalivm/src/test/java/org/cf/smalivm/opcode/InvokeOpTest.java linha: 496 Método: assertNull(consensus)
Assert sem descrição: /home/vitor-otto/opensource/simplify-1.3.0/smalivm/src/test/java/org/cf/smalivm/opcode/InvokeOpTest.java linha: 520 Método: assertEquals(instance.getClass(), consensus.getValue())
Assert sem descrição: /home/vitor-otto/opensource/simplify-1.3.0/smalivm/src/test/java/org/cf/smalivm/opcode/InvokeOpTest.java linha: 538 Método: assertThrows(RuntimeException.class, () -> {
    VMTester.execute(CLASS_NAME, "invokeNonExistentMethod()V");
})
Assert sem descrição: /home/vitor-otto/opensource/simplify-1.3.0/smalivm/src/test/java/org/cf/smalivm/opcode/InvokeOpTest.java linha: 541 Método: assertEquals(exception.getMessage(), "Can't find Smali file for Lim_not_your_friend_buddy;")
Assert sem descrição: /home/vitor-otto/opensource/simplify-1.3.0/smalivm/src/test/java/org/cf/smalivm/opcode/InvokeOpTest.java linha: 552 Método: assertEquals("invoke-static {}, " + CLASS_NAME + "->returnVoid()V", op.toString())
Assert sem descrição: /home/vitor-otto/opensource/simplify-1.3.0/smalivm/src/test/java/org/cf/smalivm/opcode/SGetOpTest.java linha: 204 Método: assertThrows(RuntimeException.class, () -> {
    VMTester.test(CLASS_NAME, "getStaticUnknownClassField()V", expected);
})
Assert sem descrição: /home/vitor-otto/opensource/simplify-1.3.0/smalivm/src/test/java/org/cf/smalivm/opcode/SGetOpTest.java linha: 207 Método: assertEquals(exception.getMessage(), "Can't find Smali file for Lsome/unknown/classzzzzz;")
Assert sem descrição: /home/vitor-otto/opensource/simplify-1.3.0/smalivm/src/test/java/org/cf/smalivm/opcode/IfOpTest.java linha: 300 Método: assertEquals(1, graph.getNodePile(ADDRESS_NOP).size())
Assert sem descrição: /home/vitor-otto/opensource/simplify-1.3.0/smalivm/src/test/java/org/cf/smalivm/opcode/IfOpTest.java linha: 302 Método: assertEquals(2, graph.getNodePile(ADDRESS_RETURN).size())
Assert sem descrição: /home/vitor-otto/opensource/simplify-1.3.0/smalivm/src/test/java/org/cf/smalivm/opcode/IfOpTest.java linha: 338 Método: assertEquals("if-ge r2, r4, :addr_0", op.toString())
Assert sem descrição: /home/vitor-otto/opensource/simplify-1.3.0/smalivm/src/test/java/org/cf/smalivm/opcode/CheckCastOpTest.java linha: 27 Método: assertEquals(exceptionClass, item.getValue().getClass())
Assert sem descrição: /home/vitor-otto/opensource/simplify-1.3.0/smalivm/src/test/java/org/cf/smalivm/opcode/CheckCastOpTest.java linha: 28 Método: assertEquals(ClassNameUtils.toInternal(exceptionClass), item.getType())
Assert sem descrição: /home/vitor-otto/opensource/simplify-1.3.0/smalivm/src/test/java/org/cf/smalivm/opcode/CheckCastOpTest.java linha: 29 Método: assertEquals(exceptionMessage, ((Throwable) item.getValue()).getMessage())
Assert com mensagem: /home/vitor-otto/opensource/simplify-1.3.0/smalivm/src/test/java/org/cf/smalivm/opcode/CheckCastOpTest.java linha: 31 Método: assertFalse(graph.wasAddressReached(1), "Should not reach next instruction in non-exception execution path")
Assert sem descrição: /home/vitor-otto/opensource/simplify-1.3.0/smalivm/src/test/java/org/cf/smalivm/opcode/CheckCastOpTest.java linha: 34 Método: assertEquals(0, mState.getRegistersAssigned().length)
Assert sem descrição: /home/vitor-otto/opensource/simplify-1.3.0/smalivm/src/test/java/org/cf/smalivm/opcode/ArrayLengthOpTest.java linha: 82 Método: assertEquals(exceptionClass, item.getValue().getClass())
Assert sem descrição: /home/vitor-otto/opensource/simplify-1.3.0/smalivm/src/test/java/org/cf/smalivm/opcode/ArrayLengthOpTest.java linha: 83 Método: assertEquals(ClassNameUtils.toInternal(exceptionClass), item.getType())
Assert sem descrição: /home/vitor-otto/opensource/simplify-1.3.0/smalivm/src/test/java/org/cf/smalivm/opcode/ArrayLengthOpTest.java linha: 84 Método: assertEquals(exceptionMessage, ((Throwable) item.getValue()).getMessage())
Assert com mensagem: /home/vitor-otto/opensource/simplify-1.3.0/smalivm/src/test/java/org/cf/smalivm/opcode/ArrayLengthOpTest.java linha: 86 Método: assertFalse(graph.wasAddressReached(1), "Should not reach next instruction in non-exception execution path")
Assert sem descrição: /home/vitor-otto/opensource/simplify-1.3.0/smalivm/src/test/java/org/cf/smalivm/opcode/ArrayLengthOpTest.java linha: 89 Método: assertEquals(0, mState.getRegistersAssigned().length)
Assert sem descrição: /home/vitor-otto/opensource/simplify-1.3.0/smalivm/src/test/java/org/cf/smalivm/opcode/IGetOpTest.java linha: 92 Método: assertEquals(UnknownValue.class, setItem.getValue().getValue().getClass())
Assert sem descrição: /home/vitor-otto/opensource/simplify-1.3.0/smalivm/src/test/java/org/cf/smalivm/opcode/IGetOpTest.java linha: 93 Método: assertEquals("I", setItem.getValue().getType())
Assert sem descrição: /home/vitor-otto/opensource/simplify-1.3.0/smalivm/src/test/java/org/cf/smalivm/opcode/IGetOpTest.java linha: 94 Método: assertEquals("iget r" + REGISTER_A + ", r" + REGISTER_B + ", Lsome/class;->someMethod:I", op.toString())
Assert sem descrição: /home/vitor-otto/opensource/simplify-1.3.0/smalivm/src/test/java/org/cf/smalivm/context/MethodStateTest.java linha: 20 Método: assertEquals(expected, state.toString())
Assert sem descrição: /home/vitor-otto/opensource/simplify-1.3.0/smalivm/src/test/java/org/cf/smalivm/context/MethodStateTest.java linha: 31 Método: assertEquals(expected, state.toString(false))
Assert sem descrição: /home/vitor-otto/opensource/simplify-1.3.0/smalivm/src/test/java/org/cf/smalivm/context/ExecutionGraphTest.java linha: 40 Método: assertArrayEquals(expected, actual)
Assert sem descrição: /home/vitor-otto/opensource/simplify-1.3.0/smalivm/src/test/java/org/cf/smalivm/context/ExecutionGraphTest.java linha: 51 Método: assertEquals(CommonTypes.OBJECT, item.getType())
Assert sem descrição: /home/vitor-otto/opensource/simplify-1.3.0/smalivm/src/test/java/org/cf/smalivm/context/ExecutionGraphTest.java linha: 62 Método: assertEquals(CommonTypes.OBJECT, item.getType())
Assert sem descrição: /home/vitor-otto/opensource/simplify-1.3.0/smalivm/src/test/java/org/cf/smalivm/context/ExecutionGraphTest.java linha: 73 Método: assertEquals(CommonTypes.STRING, item.getType())
Assert sem descrição: /home/vitor-otto/opensource/simplify-1.3.0/smalivm/src/test/java/org/cf/smalivm/context/ExecutionGraphTest.java linha: 84 Método: assertEquals(CommonTypes.OBJECT, item.getType())
Assert sem descrição: /home/vitor-otto/opensource/simplify-1.3.0/smalivm/src/test/java/org/cf/smalivm/context/ExecutionGraphTest.java linha: 95 Método: assertEquals(CommonTypes.UNKNOWN, item.getType())
Assert sem descrição: /home/vitor-otto/opensource/simplify-1.3.0/smalivm/src/test/java/org/cf/smalivm/context/ExecutionGraphTest.java linha: 107 Método: assertEquals("[" + CommonTypes.OBJECT, item.getType())
Assert sem descrição: /home/vitor-otto/opensource/simplify-1.3.0/smalivm/src/test/java/org/cf/smalivm/context/ExecutionGrapherTest.java linha: 69 Método: assertEquals(expected, digraph)
Assert com mensagem: /home/vitor-otto/opensource/simplify-1.3.0/smalivm/src/test/java/org/cf/smalivm/VirtualMachineTest.java linha: 18 Método: fail("Not yet implemented")
Assert sem descrição: /home/vitor-otto/opensource/simplify-1.3.0/smalivm/src/test/java/org/cf/smalivm/ExceptionHandlerAddressResolverTest.java linha: 96 Método: assertEquals(handlerCodeAddress2, actual)
Assert sem descrição: /home/vitor-otto/opensource/simplify-1.3.0/smalivm/src/test/java/org/cf/smalivm/ExceptionHandlerAddressResolverTest.java linha: 120 Método: assertEquals(handlerCodeAddress1, actual)
Assert sem descrição: /home/vitor-otto/opensource/simplify-1.3.0/smalivm/src/test/java/org/cf/smalivm/ExceptionHandlerAddressResolverTest.java linha: 138 Método: assertEquals(handlerCodeAddress, actual)
Assert sem descrição: /home/vitor-otto/opensource/simplify-1.3.0/smalivm/src/test/java/org/cf/smalivm/MethodReflectorTest.java linha: 49 Método: assertEquals(expectedValue, instance.getValue())
Assert sem descrição: /home/vitor-otto/opensource/simplify-1.3.0/smalivm/src/test/java/org/cf/smalivm/MethodReflectorTest.java linha: 75 Método: assertEquals(expectedValue, instance.getValue())
Assert sem descrição: /home/vitor-otto/opensource/simplify-1.3.0/smalivm/src/test/java/org/cf/smalivm/TemplateStateFactoryTest.java linha: 34 Método: assertEquals(2, templateMethodState.getRegisterCount())
Assert sem descrição: /home/vitor-otto/opensource/simplify-1.3.0/smalivm/src/test/java/org/cf/smalivm/TemplateStateFactoryTest.java linha: 35 Método: assertEquals(1, templateMethodState.getParameterCount())
Assert sem descrição: /home/vitor-otto/opensource/simplify-1.3.0/smalivm/src/test/java/org/cf/smalivm/TemplateStateFactoryTest.java linha: 37 Método: assertEquals(1, instanceRegister)
Assert sem descrição: /home/vitor-otto/opensource/simplify-1.3.0/smalivm/src/test/java/org/cf/smalivm/TemplateStateFactoryTest.java linha: 40 Método: assertEquals(CLASS_NAME, instanceItem.getType())
Assert sem descrição: /home/vitor-otto/opensource/simplify-1.3.0/smalivm/src/test/java/org/cf/smalivm/TemplateStateFactoryTest.java linha: 41 Método: assertEquals(UnknownValue.class, instanceItem.getValue().getClass())
Assert sem descrição: /home/vitor-otto/opensource/simplify-1.3.0/smalivm/src/test/java/org/cf/smalivm/TemplateStateFactoryTest.java linha: 56 Método: assertEquals(1, templateMethodState.getRegisterCount())
Assert sem descrição: /home/vitor-otto/opensource/simplify-1.3.0/smalivm/src/test/java/org/cf/smalivm/TemplateStateFactoryTest.java linha: 57 Método: assertEquals(1, templateMethodState.getParameterCount())
Assert sem descrição: /home/vitor-otto/opensource/simplify-1.3.0/smalivm/src/test/java/org/cf/smalivm/TemplateStateFactoryTest.java linha: 59 Método: assertEquals(0, instanceRegister)
Assert sem descrição: /home/vitor-otto/opensource/simplify-1.3.0/smalivm/src/test/java/org/cf/smalivm/TemplateStateFactoryTest.java linha: 62 Método: assertEquals(CLASS_NAME, instanceItem.getType())
Assert sem descrição: /home/vitor-otto/opensource/simplify-1.3.0/smalivm/src/test/java/org/cf/smalivm/TemplateStateFactoryTest.java linha: 63 Método: assertEquals(UninitializedInstance.class, instanceItem.getValue().getClass())
Assert sem descrição: /home/vitor-otto/opensource/simplify-1.3.0/smalivm/src/test/java/org/cf/smalivm/dex/ClassManagerTest.java linha: 29 Método: assertEquals(CommonTypes.STRING, virtualClass.getName())
Assert sem descrição: /home/vitor-otto/opensource/simplify-1.3.0/smalivm/src/test/java/org/cf/smalivm/dex/ClassManagerTest.java linha: 35 Método: assertEquals(CommonTypes.STRING, virtualClass.getName())
Assert sem descrição: /home/vitor-otto/opensource/simplify-1.3.0/smalivm/src/test/java/org/cf/smalivm/dex/ClassManagerTest.java linha: 41 Método: assertEquals(CommonTypes.INTEGER, virtualType.getName())
Assert sem descrição: /home/vitor-otto/opensource/simplify-1.3.0/smalivm/src/test/java/org/cf/smalivm/dex/ClassManagerTest.java linha: 42 Método: assertTrue(virtualType instanceof VirtualPrimitive)
Assert sem descrição: /home/vitor-otto/opensource/simplify-1.3.0/smalivm/src/test/java/org/cf/smalivm/dex/ClassManagerTest.java linha: 48 Método: assertEquals(CommonTypes.INTEGER, virtualType.getName())
Assert sem descrição: /home/vitor-otto/opensource/simplify-1.3.0/smalivm/src/test/java/org/cf/smalivm/dex/ClassManagerTest.java linha: 49 Método: assertTrue(virtualType instanceof VirtualPrimitive)
Assert sem descrição: /home/vitor-otto/opensource/simplify-1.3.0/smalivm/src/test/java/org/cf/smalivm/dex/ClassManagerTest.java linha: 56 Método: assertEquals(typeSignature, virtualType.getName())
Assert sem descrição: /home/vitor-otto/opensource/simplify-1.3.0/smalivm/src/test/java/org/cf/smalivm/dex/ClassManagerTest.java linha: 57 Método: assertTrue(virtualType instanceof VirtualArray)
Assert sem descrição: /home/vitor-otto/opensource/simplify-1.3.0/smalivm/src/test/java/org/cf/smalivm/dex/ClassManagerTest.java linha: 63 Método: assertEquals("[" + CommonTypes.STRING, virtualType.getName())
Assert sem descrição: /home/vitor-otto/opensource/simplify-1.3.0/smalivm/src/test/java/org/cf/smalivm/dex/ClassManagerTest.java linha: 64 Método: assertTrue(virtualType instanceof VirtualArray)
Assert sem descrição: /home/vitor-otto/opensource/simplify-1.3.0/smalivm/src/test/java/org/cf/smalivm/dex/SmaliParserTest.java linha: 15 Método: assertTrue(classDefs.size() > 0)
Assert sem descrição: /home/vitor-otto/opensource/simplify-1.3.0/smalivm/src/test/java/org/cf/smalivm/dex/SmaliClassLoaderTest.java linha: 53 Método: assertEquals(klazz, enumConstant.getClass())
Assert sem descrição: /home/vitor-otto/opensource/simplify-1.3.0/smalivm/src/test/java/org/cf/smalivm/dex/SmaliClassLoaderTest.java linha: 62 Método: assertArrayEquals(expectedEnumStrings, enumStrings)
Assert sem descrição: /home/vitor-otto/opensource/simplify-1.3.0/smalivm/src/test/java/org/cf/smalivm/dex/SmaliClassLoaderTest.java linha: 71 Método: assertEquals(klazz, enumConstant.getClass())
Assert sem descrição: /home/vitor-otto/opensource/simplify-1.3.0/smalivm/src/test/java/org/cf/smalivm/dex/SmaliClassLoaderTest.java linha: 77 Método: assertThrows(NoClassDefFoundError.class, () -> {
    Class<?> klazz = classLoader.loadClass(className);
    klazz.getMethods();
})
Assert sem descrição: /home/vitor-otto/opensource/simplify-1.3.0/smalivm/src/test/java/org/cf/smalivm/dex/SmaliClassLoaderTest.java linha: 83 Método: assertEquals(exception.getMessage(), "does/not/exist")
Assert sem descrição: /home/vitor-otto/opensource/simplify-1.3.0/smalivm/src/test/java/org/cf/smalivm/dex/SmaliClassLoaderTest.java linha: 98 Método: assertEquals(1, methods1.size())
Assert sem descrição: /home/vitor-otto/opensource/simplify-1.3.0/smalivm/src/test/java/org/cf/smalivm/dex/SmaliClassLoaderTest.java linha: 101 Método: assertEquals(1, methods2.size())
Assert sem descrição: /home/vitor-otto/opensource/simplify-1.3.0/smalivm/src/test/java/org/cf/smalivm/dex/SmaliClassLoaderTest.java linha: 103 Método: assertEquals(methods1.get(0).getReturnType(), klazz2)
Assert sem descrição: /home/vitor-otto/opensource/simplify-1.3.0/smalivm/src/test/java/org/cf/smalivm/dex/SmaliClassLoaderTest.java linha: 104 Método: assertEquals(methods2.get(0).getReturnType(), klazz1)
Assert sem descrição: /home/vitor-otto/opensource/simplify-1.3.0/smalivm/src/test/java/org/cf/smalivm/dex/SmaliClassLoaderTest.java linha: 114 Método: assertEquals(2, fields.size())
Assert sem descrição: /home/vitor-otto/opensource/simplify-1.3.0/smalivm/src/test/java/org/cf/smalivm/dex/SmaliClassLoaderTest.java linha: 116 Método: assertEquals("public static int org.cf.test.OverloadedFields.field1", fields.get(0).toString())
Assert sem descrição: /home/vitor-otto/opensource/simplify-1.3.0/smalivm/src/test/java/org/cf/smalivm/dex/SmaliClassLoaderTest.java linha: 117 Método: assertEquals("public static java.lang.Object org.cf.test.OverloadedFields.field1", fields.get(1).toString())
Assert sem descrição: /home/vitor-otto/opensource/simplify-1.3.0/smalivm/src/test/java/org/cf/smalivm/dex/SmaliClassLoaderTest.java linha: 134 Método: assertEquals(superName, superClass.getName())
Assert sem descrição: /home/vitor-otto/opensource/simplify-1.3.0/smalivm/src/test/java/org/cf/smalivm/dex/SmaliClassLoaderTest.java linha: 135 Método: assertEquals(superClass, klazz.getSuperclass())
Assert sem descrição: /home/vitor-otto/opensource/simplify-1.3.0/smalivm/src/test/java/org/cf/smalivm/dex/SmaliClassLoaderTest.java linha: 138 Método: assertEquals(6, methods.size())
Assert sem descrição: /home/vitor-otto/opensource/simplify-1.3.0/smalivm/src/test/java/org/cf/smalivm/dex/SmaliClassLoaderTest.java linha: 141 Método: assertEquals(1, fields.size())
Assert sem descrição: /home/vitor-otto/opensource/simplify-1.3.0/smalivm/src/test/java/org/cf/smalivm/dex/SmaliClassLoaderTest.java linha: 149 Método: assertEquals(expected, actual)
Assert sem descrição: /home/vitor-otto/opensource/simplify-1.3.0/smalivm/src/test/java/org/cf/smalivm/dex/SmaliClassLoaderTest.java linha: 160 Método: assertEquals(expectedClassName, actual.getName())
Assert sem descrição: /home/vitor-otto/opensource/simplify-1.3.0/smalivm/src/test/java/org/cf/smalivm/dex/SmaliClassLoaderTest.java linha: 162 Método: assertNotEquals(jvmClass, actual)
Assert sem descrição: /home/vitor-otto/opensource/simplify-1.3.0/smalivm/src/test/java/org/cf/smalivm/dex/SmaliClassLoaderTest.java linha: 173 Método: assertEquals(1, fields.size())
Assert sem descrição: /home/vitor-otto/opensource/simplify-1.3.0/smalivm/src/test/java/org/cf/smalivm/dex/SmaliClassLoaderTest.java linha: 175 Método: assertEquals(arrayClass, fields.get(0).getType())
Assert sem descrição: /home/vitor-otto/opensource/simplify-1.3.0/smalivm/src/test/java/org/cf/smalivm/dex/SmaliClassLoaderTest.java linha: 178 Método: assertEquals(1, methods.size())
Assert sem descrição: /home/vitor-otto/opensource/simplify-1.3.0/smalivm/src/test/java/org/cf/smalivm/dex/SmaliClassLoaderTest.java linha: 181 Método: assertEquals(1, parameterTypes.length)
Assert sem descrição: /home/vitor-otto/opensource/simplify-1.3.0/smalivm/src/test/java/org/cf/smalivm/dex/SmaliClassLoaderTest.java linha: 182 Método: assertEquals(klazz, parameterTypes[0])
Assert sem descrição: /home/vitor-otto/opensource/simplify-1.3.0/smalivm/src/test/java/org/cf/smalivm/dex/SmaliClassLoaderTest.java linha: 192 Método: assertEquals(1, methods.size())
Assert sem descrição: /home/vitor-otto/opensource/simplify-1.3.0/smalivm/src/test/java/org/cf/smalivm/dex/SmaliClassLoaderTest.java linha: 193 Método: assertEquals("public static void " + className + ".simpleLoop(int,java.lang.Object)", methods.get(0).toString())
Assert sem descrição: /home/vitor-otto/opensource/simplify-1.3.0/smalivm/src/test/java/org/cf/smalivm/dex/SmaliClassLoaderTest.java linha: 207 Método: assertThrows(ClassNotFoundException.class, () -> classLoader.loadClass(nonExistentClassName))
Assert sem descrição: /home/vitor-otto/opensource/simplify-1.3.0/smalivm/src/test/java/org/cf/smalivm/dex/SmaliClassLoaderTest.java linha: 208 Método: assertEquals(exception.getMessage(), nonExistentClassName)
Assert sem descrição: /home/vitor-otto/opensource/simplify-1.3.0/smalivm/src/test/java/org/cf/smalivm/dex/SmaliClassLoaderTest.java linha: 215 Método: assertThrows(ClassNotFoundException.class, () -> classLoader.loadClass(nonExistentClassName))
Assert sem descrição: /home/vitor-otto/opensource/simplify-1.3.0/smalivm/src/test/java/org/cf/smalivm/dex/SmaliClassLoaderTest.java linha: 216 Método: assertEquals(exception.getMessage(), nonExistentClassName)
Assert com mensagem: /home/vitor-otto/opensource/simplify-1.3.0/smalivm/src/test/java/org/cf/smalivm/dex/SmaliClassLoaderTest.java linha: 223 Método: assertTrue(methodDescriptors.contains(objectMethod), "Must have method: " + objectMethod)
Assert sem descrição: /home/vitor-otto/opensource/simplify-1.3.0/smalivm/src/test/java/org/cf/smalivm/TestStaticFieldAccess.java linha: 24 Método: assertEquals(0, alwaysZeroItem.getValue())
Assert sem descrição: /home/vitor-otto/opensource/simplify-1.3.0/smalivm/src/test/java/org/cf/smalivm/TestStaticFieldAccess.java linha: 28 Método: assertEquals(0, testInt1Item.getValue())
Assert sem descrição: /home/vitor-otto/opensource/simplify-1.3.0/smalivm/src/test/java/org/cf/smalivm/TestStaticFieldAccess.java linha: 32 Método: assertEquals(1, testInt2Item.getValue())
Assert sem descrição: /home/vitor-otto/opensource/simplify-1.3.0/smalivm/src/test/java/org/cf/smalivm/TestStaticFieldAccess.java linha: 44 Método: assertEquals(ArrayList.class, item.getValue().getClass())
Assert sem descrição: /home/vitor-otto/opensource/simplify-1.3.0/smalivm/src/test/java/org/cf/smalivm/TestStaticFieldAccess.java linha: 46 Método: assertEquals(1, list.size())
Assert sem descrição: /home/vitor-otto/opensource/simplify-1.3.0/smalivm/src/test/java/org/cf/smalivm/TestStaticFieldAccess.java linha: 47 Método: assertEquals("added item!", list.get(0))
Assert sem descrição: /home/vitor-otto/opensource/simplify-1.3.0/smalivm/src/test/java/org/cf/smalivm/TestStaticFieldAccess.java linha: 50 Método: assertEquals(item, fieldItem)
Assert sem descrição: /home/vitor-otto/opensource/simplify-1.3.0/smalivm/src/test/java/org/cf/smalivm/TestStaticFieldAccess.java linha: 62 Método: assertEquals(ArrayList.class, item.getValue().getClass())
Assert sem descrição: /home/vitor-otto/opensource/simplify-1.3.0/smalivm/src/test/java/org/cf/smalivm/TestStaticFieldAccess.java linha: 65 Método: assertEquals(1, list.size())
Assert sem descrição: /home/vitor-otto/opensource/simplify-1.3.0/smalivm/src/test/java/org/cf/smalivm/TestStaticFieldAccess.java linha: 66 Método: assertEquals("added item!", list.get(0))
Assert sem descrição: /home/vitor-otto/opensource/simplify-1.3.0/smalivm/src/test/java/org/cf/smalivm/TestStaticFieldAccess.java linha: 69 Método: assertEquals(item, fieldItem)
Assert sem descrição: /home/vitor-otto/opensource/simplify-1.3.0/smalivm/src/test/java/org/cf/smalivm/type/VirtualArrayTest.java linha: 36 Método: assertEquals(expectedImmediateAncestors, ancestors)
Assert sem descrição: /home/vitor-otto/opensource/simplify-1.3.0/smalivm/src/test/java/org/cf/smalivm/type/VirtualArrayTest.java linha: 50 Método: assertEquals(expectedImmediateAncestors, ancestors)
Assert sem descrição: /home/vitor-otto/opensource/simplify-1.3.0/smalivm/src/test/java/org/cf/smalivm/type/VirtualArrayTest.java linha: 65 Método: assertEquals(expectedAncestors, ancestors)
Assert sem descrição: /home/vitor-otto/opensource/simplify-1.3.0/smalivm/src/test/java/org/cf/smalivm/type/VirtualArrayTest.java linha: 78 Método: assertEquals(expectedAncestors, ancestors)
Assert com mensagem: /home/vitor-otto/opensource/simplify-1.3.0/smalivm/src/test/java/org/cf/smalivm/emulate/java_lang_reflect_Field_get_Test.java linha: 49 Método: assertNotNull(returnItem, "Emulated method should set return register")
Assert sem descrição: /home/vitor-otto/opensource/simplify-1.3.0/smalivm/src/test/java/org/cf/smalivm/emulate/java_lang_reflect_Field_get_Test.java linha: 50 Método: assertEquals(fieldType, returnItem.getType())
Assert sem descrição: /home/vitor-otto/opensource/simplify-1.3.0/smalivm/src/test/java/org/cf/smalivm/emulate/java_lang_reflect_Field_get_Test.java linha: 54 Método: assertEquals(fieldValue, returnItem.getValue())
Assert sem descrição: /home/vitor-otto/opensource/simplify-1.3.0/smalivm/src/test/java/org/cf/smalivm/emulate/java_lang_reflect_Field_get_Test.java linha: 52 Método: assertEquals(UnknownValue.class, returnItem.getValue().getClass())
Assert com mensagem: /home/vitor-otto/opensource/simplify-1.3.0/smalivm/src/test/java/org/cf/smalivm/emulate/java_lang_reflect_Field_get_Test.java linha: 68 Método: assertEquals(1, exceptions.size(), "Should have one exception")
Assert sem descrição: /home/vitor-otto/opensource/simplify-1.3.0/smalivm/src/test/java/org/cf/smalivm/emulate/java_lang_reflect_Field_get_Test.java linha: 76 Método: assertEquals(IllegalAccessException.class, actualException.getClass())
Assert sem descrição: /home/vitor-otto/opensource/simplify-1.3.0/smalivm/src/test/java/org/cf/smalivm/emulate/java_lang_reflect_Field_get_Test.java linha: 77 Método: assertEquals(error, actualException.getMessage())
Assert sem descrição: /home/vitor-otto/opensource/simplify-1.3.0/smalivm/src/test/java/org/cf/smalivm/emulate/java_lang_Class_forName_Test.java linha: 78 Método: assertEquals(level, method.getSideEffectLevel())
Assert sem descrição: /home/vitor-otto/opensource/simplify-1.3.0/smalivm/src/test/java/org/cf/smalivm/emulate/java_lang_Class_forName_Test.java linha: 96 Método: assertEquals(level, method.getSideEffectLevel())
Assert sem descrição: /home/vitor-otto/opensource/simplify-1.3.0/smalivm/src/test/java/org/cf/smalivm/emulate/java_lang_Class_forName_Test.java linha: 114 Método: assertEquals(level, method.getSideEffectLevel())
Assert sem descrição: /home/vitor-otto/opensource/simplify-1.3.0/smalivm/src/test/java/org/cf/smalivm/emulate/java_lang_Class_forName_Test.java linha: 132 Método: assertEquals(1, method.getExceptions().size())
Assert sem descrição: /home/vitor-otto/opensource/simplify-1.3.0/smalivm/src/test/java/org/cf/smalivm/emulate/java_lang_Class_forName_Test.java linha: 135 Método: assertEquals(exception, actualException)
Assert sem descrição: /home/vitor-otto/opensource/simplify-1.3.0/smalivm/src/test/java/org/cf/smalivm/emulate/java_lang_Class_forName_Test.java linha: 138 Método: assertEquals(SideEffect.Level.NONE, method.getSideEffectLevel())
Assert sem descrição: /home/vitor-otto/opensource/simplify-1.3.0/smalivm/src/test/java/org/cf/smalivm/TestSideEffects.java linha: 28 Método: assertEquals(SideEffect.Level.NONE, graph.getHighestSideEffectLevel())
Assert sem descrição: /home/vitor-otto/opensource/simplify-1.3.0/smalivm/src/test/java/org/cf/smalivm/TestSideEffects.java linha: 36 Método: assertEquals(SideEffect.Level.NONE, graph.getHighestSideEffectLevel())
Assert sem descrição: /home/vitor-otto/opensource/simplify-1.3.0/smalivm/src/test/java/org/cf/smalivm/TestSideEffects.java linha: 44 Método: assertEquals(SideEffect.Level.NONE, graph.getHighestSideEffectLevel())
Assert sem descrição: /home/vitor-otto/opensource/simplify-1.3.0/smalivm/src/test/java/org/cf/smalivm/TestSideEffects.java linha: 52 Método: assertEquals(SideEffect.Level.STRONG, graph.getHighestSideEffectLevel())
Assert sem descrição: /home/vitor-otto/opensource/simplify-1.3.0/smalivm/src/test/java/org/cf/smalivm/TestSideEffects.java linha: 60 Método: assertEquals(SideEffect.Level.STRONG, graph.getHighestSideEffectLevel())
Assert sem descrição: /home/vitor-otto/opensource/simplify-1.3.0/smalivm/src/test/java/org/cf/smalivm/TestSideEffects.java linha: 68 Método: assertEquals(SideEffect.Level.NONE, graph.getHighestSideEffectLevel())
Assert sem descrição: /home/vitor-otto/opensource/simplify-1.3.0/smalivm/src/test/java/org/cf/smalivm/TestSideEffects.java linha: 76 Método: assertEquals(SideEffect.Level.WEAK, graph.getHighestSideEffectLevel())
Assert sem descrição: /home/vitor-otto/opensource/simplify-1.3.0/smalivm/src/test/java/org/cf/smalivm/TestSideEffects.java linha: 84 Método: assertEquals(SideEffect.Level.NONE, graph.getHighestSideEffectLevel())
Assert sem descrição: /home/vitor-otto/opensource/simplify-1.3.0/smalivm/src/test/java/org/cf/smalivm/TestSideEffects.java linha: 93 Método: assertEquals(SideEffect.Level.STRONG, graph.getHighestSideEffectLevel())
Assert sem descrição: /home/vitor-otto/opensource/simplify-1.3.0/smalivm/src/test/java/org/cf/smalivm/TestSideEffects.java linha: 102 Método: assertEquals(SideEffect.Level.WEAK, graph.getHighestSideEffectLevel())
Assert sem descrição: /home/vitor-otto/opensource/simplify-1.3.0/smalivm/src/test/java/org/cf/smalivm/TestSideEffects.java linha: 110 Método: assertEquals(SideEffect.Level.NONE, graph.getHighestSideEffectLevel())
Assert sem descrição: /home/vitor-otto/opensource/simplify-1.3.0/smalivm/src/test/java/org/cf/smalivm/TestSideEffects.java linha: 119 Método: assertEquals(SideEffect.Level.NONE, graph.getHighestSideEffectLevel())
Assert sem descrição: /home/vitor-otto/opensource/simplify-1.3.0/smalivm/src/test/java/org/cf/smalivm/TestSideEffects.java linha: 132 Método: assertEquals(SideEffect.Level.STRONG, graph.getHighestSideEffectLevel())
Assert sem descrição: /home/vitor-otto/opensource/simplify-1.3.0/smalivm/src/test/java/org/cf/smalivm/TestExceptionHandling.java linha: 32 Método: assertEquals(EXCEPTION_CLASS_NAME, item.getType())
Assert sem descrição: /home/vitor-otto/opensource/simplify-1.3.0/smalivm/src/test/java/org/cf/smalivm/TestExceptionHandling.java linha: 33 Método: assertEquals(UninitializedInstance.class, item.getValue().getClass())
Assert sem descrição: /home/vitor-otto/opensource/simplify-1.3.0/smalivm/src/test/java/org/cf/smalivm/TestExceptionHandling.java linha: 35 Método: assertEquals(EXCEPTION_CLASS_NAME, instance.getType().getName())
Assert sem descrição: /home/vitor-otto/opensource/simplify-1.3.0/smalivm/src/test/java/org/cf/smalivm/TestExceptionHandling.java linha: 44 Método: assertEquals(CommonTypes.UNKNOWN, item.getType())
Assert sem descrição: /home/vitor-otto/opensource/simplify-1.3.0/smalivm/src/test/java/org/cf/smalivm/TestExceptionHandling.java linha: 45 Método: assertTrue(item.isUnknown())
Assert sem descrição: /home/vitor-otto/opensource/simplify-1.3.0/smalivm/src/test/java/org/cf/smalivm/TestFieldInheritance.java linha: 47 Método: assertEquals(expectedValue, fieldItem.getValue())
Assert sem descrição: /home/vitor-otto/opensource/simplify-1.3.0/smalivm/src/test/java/org/cf/smalivm/TestFieldInheritance.java linha: 51 Método: assertEquals(expectedValue, fieldItem.getValue())
Assert sem descrição: /home/vitor-otto/opensource/simplify-1.3.0/smalivm/src/test/java/org/cf/smalivm/TestFieldInheritance.java linha: 66 Método: assertEquals(expectedValue, fieldItem.getValue())
Assert sem descrição: /home/vitor-otto/opensource/simplify-1.3.0/smalivm/src/test/java/org/cf/smalivm/TestFieldInheritance.java linha: 70 Método: assertEquals(expectedValue, fieldItem.getValue())
Assert sem descrição: /home/vitor-otto/opensource/simplify-1.3.0/smalivm/src/test/java/org/cf/smalivm/TestFieldInheritance.java linha: 74 Método: assertEquals(expectedValue, fieldItem.getValue())
Assert sem descrição: /home/vitor-otto/opensource/simplify-1.3.0/smalivm/src/test/java/org/cf/smalivm/TestFieldInheritance.java linha: 89 Método: assertEquals(expectedValue, fieldItem.getValue())
Assert sem descrição: /home/vitor-otto/opensource/simplify-1.3.0/smalivm/src/test/java/org/cf/smalivm/TestFieldInheritance.java linha: 93 Método: assertEquals(expectedValue, fieldItem.getValue())
Assert sem descrição: /home/vitor-otto/opensource/simplify-1.3.0/smalivm/src/test/java/org/cf/smalivm/TestFieldInheritance.java linha: 97 Método: assertEquals(expectedValue, fieldItem.getValue())
Assert sem descrição: /home/vitor-otto/opensource/simplify-1.3.0/smalivm/src/test/java/org/cf/smalivm/TestMethodInheritance.java linha: 32 Método: assertEquals(EXPECTED_VALUE, item.getValue())
Assert sem descrição: /home/vitor-otto/opensource/simplify-1.3.0/smalivm/src/test/java/org/cf/smalivm/TestMethodInheritance.java linha: 42 Método: assertEquals(EXPECTED_VALUE, value)
Assert sem descrição: /home/vitor-otto/opensource/simplify-1.3.0/smalivm/src/test/java/org/cf/smalivm/TestMethodInheritance.java linha: 51 Método: assertEquals("parentMethod", item.getValue())
Assert sem descrição: /home/vitor-otto/opensource/simplify-1.3.0/smalivm/src/test/java/org/cf/smalivm/TestMethodInheritance.java linha: 69 Método: assertThrows(IllegalArgumentException.class, () -> vm.execute(CLASS_NAME + "->" + methodName))
Assert com mensagem: /home/vitor-otto/opensource/simplify-1.3.0/smalivm/src/test/java/org/cf/smalivm/VMTester.java linha: 136 Método: assertNotNull(graph, "Graph is null. Failed to execute method.")
Assert sem descrição: /home/vitor-otto/opensource/simplify-1.3.0/smalivm/src/test/java/org/cf/smalivm/VMTester.java linha: 163 Método: assertArrayEquals(expectedAddresses, actualAddresses)
Assert sem descrição: /home/vitor-otto/opensource/simplify-1.3.0/smalivm/src/test/java/org/cf/smalivm/VMTester.java linha: 180 Método: assertEquals(exceptionClass, argument.getValue().getClass())
Assert sem descrição: /home/vitor-otto/opensource/simplify-1.3.0/smalivm/src/test/java/org/cf/smalivm/VMTester.java linha: 181 Método: assertEquals(message, argument.getValue().getMessage())
Assert com mensagem: /home/vitor-otto/opensource/simplify-1.3.0/smalivm/src/test/java/org/cf/smalivm/VMTester.java linha: 264 Método: assertNotNull(consensusValue, "No consensus for value")
Assert sem descrição: /home/vitor-otto/opensource/simplify-1.3.0/smalivm/src/test/java/org/cf/smalivm/VMTester.java linha: 300 Método: assertEquals(expectedValue, consensusValue)
Assert sem descrição: /home/vitor-otto/opensource/simplify-1.3.0/smalivm/src/test/java/org/cf/smalivm/VMTester.java linha: 301 Método: assertEquals(expected.getType(), consensus.getType())
Assert sem descrição: /home/vitor-otto/opensource/simplify-1.3.0/smalivm/src/test/java/org/cf/smalivm/VMTester.java linha: 298 Método: assertEquals(expectedValue.toString(), consensusValue.toString())
Assert sem descrição: /home/vitor-otto/opensource/simplify-1.3.0/smalivm/src/test/java/org/cf/smalivm/VMTester.java linha: 273 Método: assertEquals(expected.getType(), consensus.getType())
Assert sem descrição: /home/vitor-otto/opensource/simplify-1.3.0/smalivm/src/test/java/org/cf/smalivm/VMTester.java linha: 274 Método: assertEquals(expectedValue.getClass(), consensusValue.getClass())
Assert sem descrição: /home/vitor-otto/opensource/simplify-1.3.0/smalivm/src/test/java/org/cf/smalivm/VMTester.java linha: 295 Método: assertEquals(expectedValue, consensusValue)
Assert sem descrição: /home/vitor-otto/opensource/simplify-1.3.0/smalivm/src/test/java/org/cf/smalivm/VMTester.java linha: 293 Método: assertArrayEquals((boolean[]) expectedValue, (boolean[]) consensusValue)
Assert com mensagem: /home/vitor-otto/opensource/simplify-1.3.0/smalivm/src/test/java/org/cf/smalivm/VMTester.java linha: 291 Método: assertArrayEquals((double[]) expectedValue, (double[]) consensusValue, 0.001)
Assert com mensagem: /home/vitor-otto/opensource/simplify-1.3.0/smalivm/src/test/java/org/cf/smalivm/VMTester.java linha: 289 Método: assertArrayEquals((float[]) expectedValue, (float[]) consensusValue, 0.001F)
Assert sem descrição: /home/vitor-otto/opensource/simplify-1.3.0/smalivm/src/test/java/org/cf/smalivm/VMTester.java linha: 287 Método: assertArrayEquals((char[]) expectedValue, (char[]) consensusValue)
Assert sem descrição: /home/vitor-otto/opensource/simplify-1.3.0/smalivm/src/test/java/org/cf/smalivm/VMTester.java linha: 285 Método: assertArrayEquals((long[]) expectedValue, (long[]) consensusValue)
Assert sem descrição: /home/vitor-otto/opensource/simplify-1.3.0/smalivm/src/test/java/org/cf/smalivm/VMTester.java linha: 283 Método: assertArrayEquals((int[]) expectedValue, (int[]) consensusValue)
Assert sem descrição: /home/vitor-otto/opensource/simplify-1.3.0/smalivm/src/test/java/org/cf/smalivm/VMTester.java linha: 281 Método: assertArrayEquals((short[]) expectedValue, (short[]) consensusValue)
Assert sem descrição: /home/vitor-otto/opensource/simplify-1.3.0/smalivm/src/test/java/org/cf/smalivm/VMTester.java linha: 279 Método: assertArrayEquals((byte[]) expectedValue, (byte[]) consensusValue)
Assert sem descrição: /home/vitor-otto/opensource/simplify-1.3.0/smalivm/src/test/java/org/cf/smalivm/VMTester.java linha: 277 Método: assertArrayEquals((Object[]) expectedValue, (Object[]) consensusValue)
Assert sem descrição: /home/vitor-otto/opensource/simplify-1.3.0/smalivm/src/test/java/org/cf/smalivm/VMTester.java linha: 271 Método: assertEquals(expected.toString(), consensus.toString())
Assert sem descrição: /home/vitor-otto/opensource/simplify-1.3.0/smalivm/src/test/java/org/cf/smalivm/VMTester.java linha: 268 Método: assertEquals(expected, consensus)
Assert sem descrição: /home/vitor-otto/opensource/simplify-1.3.0/smalivm/src/test/java/org/cf/util/ClassNameUtilsTest.java linha: 75 Método: assertEquals(expected, actual)
Assert sem descrição: /home/vitor-otto/opensource/simplify-1.3.0/smalivm/src/test/java/org/cf/util/ClassNameUtilsTest.java linha: 86 Método: assertEquals(expected, actual)
Assert sem descrição: /home/vitor-otto/opensource/simplify-1.3.0/smalivm/src/test/java/org/cf/util/ClassNameUtilsTest.java linha: 97 Método: assertEquals(expected, actual)
Assert sem descrição: /home/vitor-otto/opensource/simplify-1.3.0/smalivm/src/test/java/org/cf/util/ClassNameUtilsTest.java linha: 108 Método: assertEquals(expected, actual)
Assert sem descrição: /home/vitor-otto/opensource/simplify-1.3.0/smalivm/src/test/java/org/cf/util/ClassNameUtilsTest.java linha: 119 Método: assertEquals(expected, actual)
Assert com mensagem: /home/vitor-otto/opensource/simplify-1.3.0/smalivm/src/test/java/org/cf/util/ClassNameUtilsTest.java linha: 130 Método: assertEquals(expected, actual, "class: " + className)
Assert sem descrição: /home/vitor-otto/opensource/simplify-1.3.0/smalivm/src/test/java/org/cf/util/ClassNameUtilsTest.java linha: 139 Método: assertEquals("Lsome/class;", componentBase)
Assert sem descrição: /home/vitor-otto/opensource/simplify-1.3.0/smalivm/src/test/java/org/cf/util/ClassNameUtilsTest.java linha: 142 Método: assertEquals("Lsome.class;", componentBase)
Assert sem descrição: /home/vitor-otto/opensource/simplify-1.3.0/smalivm/src/test/java/org/cf/util/ClassNameUtilsTest.java linha: 145 Método: assertEquals("some.class", componentBase)
Assert sem descrição: /home/vitor-otto/opensource/simplify-1.3.0/smalivm/src/test/java/org/cf/util/ClassNameUtilsTest.java linha: 153 Método: assertEquals("[[[[[Lsome/class;", componentType)
Assert sem descrição: /home/vitor-otto/opensource/simplify-1.3.0/smalivm/src/test/java/org/cf/util/ClassNameUtilsTest.java linha: 156 Método: assertEquals("[[Lsome.class;", componentType)
Assert sem descrição: /home/vitor-otto/opensource/simplify-1.3.0/smalivm/src/test/java/org/cf/util/ClassNameUtilsTest.java linha: 159 Método: assertEquals("some.class[][]", componentType)
Assert sem descrição: /home/vitor-otto/opensource/simplify-1.3.0/smalivm/src/test/java/org/cf/util/ClassNameUtilsTest.java linha: 164 Método: assertEquals("some.package", ClassNameUtils.getPackageName("Lsome/package/Class;"))
Assert sem descrição: /home/vitor-otto/opensource/simplify-1.3.0/smalivm/src/test/java/org/cf/util/ClassNameUtilsTest.java linha: 165 Método: assertEquals("", ClassNameUtils.getPackageName("LSomeClass;"))
Assert sem descrição: /home/vitor-otto/opensource/simplify-1.3.0/smalivm/src/test/java/org/cf/util/ClassNameUtilsTest.java linha: 166 Método: assertEquals("", ClassNameUtils.getPackageName("SomeClass"))
Assert sem descrição: /home/vitor-otto/opensource/simplify-1.3.0/smalivm/src/test/java/org/cf/util/ClassNameUtilsTest.java linha: 167 Método: assertEquals("", ClassNameUtils.getPackageName("SomeClass[]"))
Assert sem descrição: /home/vitor-otto/opensource/simplify-1.3.0/smalivm/src/test/java/org/cf/util/ClassNameUtilsTest.java linha: 168 Método: assertEquals("", ClassNameUtils.getPackageName("[LSomeClass;"))
Assert sem descrição: /home/vitor-otto/opensource/simplify-1.3.0/smalivm/src/test/java/org/cf/util/ClassNameUtilsTest.java linha: 175 Método: assertEquals("J", primitive)
Assert sem descrição: /home/vitor-otto/opensource/simplify-1.3.0/smalivm/src/test/java/org/cf/util/ClassNameUtilsTest.java linha: 178 Método: assertEquals("J", primitive)
Assert sem descrição: /home/vitor-otto/opensource/simplify-1.3.0/smalivm/src/test/java/org/cf/util/ClassNameUtilsTest.java linha: 181 Método: assertEquals("J", primitive)
Assert sem descrição: /home/vitor-otto/opensource/simplify-1.3.0/smalivm/src/test/java/org/cf/util/ClassNameUtilsTest.java linha: 184 Método: assertEquals("[[[I", primitive)
Assert sem descrição: /home/vitor-otto/opensource/simplify-1.3.0/smalivm/src/test/java/org/cf/util/ClassNameUtilsTest.java linha: 194 Método: assertEquals(expected, actual)
Assert sem descrição: /home/vitor-otto/opensource/simplify-1.3.0/smalivm/src/test/java/org/cf/util/ClassNameUtilsTest.java linha: 212 Método: assertEquals(expected, actual)
Assert sem descrição: /home/vitor-otto/opensource/simplify-1.3.0/smalivm/src/test/java/org/cf/util/ClassNameUtilsTest.java linha: 219 Método: assertEquals(3, actual)
Assert sem descrição: /home/vitor-otto/opensource/simplify-1.3.0/smalivm/src/test/java/org/cf/util/ClassNameUtilsTest.java linha: 224 Método: assertEquals("java.lang.Object", ClassNameUtils.toFormat("Ljava/lang/Object;", TypeFormat.SOURCE))
Assert sem descrição: /home/vitor-otto/opensource/simplify-1.3.0/smalivm/src/test/java/org/cf/util/ClassNameUtilsTest.java linha: 225 Método: assertEquals("java.lang.Object", ClassNameUtils.toFormat("java.lang.Object", TypeFormat.SOURCE))
Assert sem descrição: /home/vitor-otto/opensource/simplify-1.3.0/smalivm/src/test/java/org/cf/util/ClassNameUtilsTest.java linha: 226 Método: assertEquals("java.lang.Object[]", ClassNameUtils.toFormat("[Ljava.lang.Object;", TypeFormat.SOURCE))
Assert sem descrição: /home/vitor-otto/opensource/simplify-1.3.0/smalivm/src/test/java/org/cf/util/ClassNameUtilsTest.java linha: 227 Método: assertEquals("SomeClass", ClassNameUtils.toFormat("LSomeClass;", TypeFormat.SOURCE))
Assert sem descrição: /home/vitor-otto/opensource/simplify-1.3.0/smalivm/src/test/java/org/cf/util/ClassNameUtilsTest.java linha: 228 Método: assertEquals("SomeClass", ClassNameUtils.toFormat("SomeClass", TypeFormat.SOURCE))
Assert sem descrição: /home/vitor-otto/opensource/simplify-1.3.0/smalivm/src/test/java/org/cf/util/ClassNameUtilsTest.java linha: 229 Método: assertEquals("SomeClass[]", ClassNameUtils.toFormat("[LSomeClass;", TypeFormat.SOURCE))
Assert sem descrição: /home/vitor-otto/opensource/simplify-1.3.0/smalivm/src/test/java/org/cf/util/ClassNameUtilsTest.java linha: 231 Método: assertEquals("[Ljava/lang/Object;", ClassNameUtils.toFormat("java.lang.Object[]", TypeFormat.INTERNAL))
Assert sem descrição: /home/vitor-otto/opensource/simplify-1.3.0/smalivm/src/test/java/org/cf/util/ClassNameUtilsTest.java linha: 232 Método: assertEquals("I", ClassNameUtils.toFormat("int", TypeFormat.INTERNAL))
Assert sem descrição: /home/vitor-otto/opensource/simplify-1.3.0/smalivm/src/test/java/org/cf/util/ClassNameUtilsTest.java linha: 233 Método: assertEquals("[I", ClassNameUtils.toFormat("int[]", TypeFormat.INTERNAL))
Assert sem descrição: /home/vitor-otto/opensource/simplify-1.3.0/smalivm/src/test/java/org/cf/util/ClassNameUtilsTest.java linha: 234 Método: assertEquals("[Ljava/lang/Object;", ClassNameUtils.toFormat("[Ljava.lang.Object;", TypeFormat.INTERNAL))
Assert sem descrição: /home/vitor-otto/opensource/simplify-1.3.0/smalivm/src/test/java/org/cf/util/ClassNameUtilsTest.java linha: 235 Método: assertEquals("[Ljava/lang/Object;", ClassNameUtils.toFormat("[Ljava/lang/Object;", TypeFormat.INTERNAL))
Assert sem descrição: /home/vitor-otto/opensource/simplify-1.3.0/smalivm/src/test/java/org/cf/util/ClassNameUtilsTest.java linha: 237 Método: assertEquals("[Ljava.lang.Object;", ClassNameUtils.toFormat("java.lang.Object[]", TypeFormat.BINARY))
Assert sem descrição: /home/vitor-otto/opensource/simplify-1.3.0/smalivm/src/test/java/org/cf/util/ClassNameUtilsTest.java linha: 238 Método: assertEquals("java.lang.Object", ClassNameUtils.toFormat("java.lang.Object", TypeFormat.BINARY))
Assert sem descrição: /home/vitor-otto/opensource/simplify-1.3.0/smalivm/src/test/java/org/cf/util/ClassNameUtilsTest.java linha: 239 Método: assertEquals("java.lang.Object", ClassNameUtils.toFormat("Ljava/lang/Object;", TypeFormat.BINARY))
Assert sem descrição: /home/vitor-otto/opensource/simplify-1.3.0/smalivm/src/test/java/org/cf/util/ClassNameUtilsTest.java linha: 240 Método: assertEquals("int", ClassNameUtils.toFormat("I", TypeFormat.BINARY))
Assert sem descrição: /home/vitor-otto/opensource/simplify-1.3.0/smalivm/src/test/java/org/cf/util/ClassNameUtilsTest.java linha: 241 Método: assertEquals("[I", ClassNameUtils.toFormat("[I", TypeFormat.BINARY))
Assert sem descrição: /home/vitor-otto/opensource/simplify-1.3.0/smalivm/src/test/java/org/cf/util/UtilsTest.java linha: 34 Método: assertEquals(expected, actual)
Assert sem descrição: /home/vitor-otto/opensource/simplify-1.3.0/smalivm/src/test/java/org/cf/util/UtilsTest.java linha: 44 Método: assertEquals(expected, actual)
Assert sem descrição: /home/vitor-otto/opensource/simplify-1.3.0/smalivm/src/test/java/org/cf/util/UtilsTest.java linha: 55 Método: assertEquals(expected, actual)
Assert sem descrição: /home/vitor-otto/opensource/simplify-1.3.0/smalivm/src/test/java/org/cf/util/UtilsTest.java linha: 66 Método: assertArrayEquals(expected, (int[]) actual)
Assert sem descrição: /home/vitor-otto/opensource/simplify-1.3.0/smalivm/src/test/java/org/cf/util/UtilsTest.java linha: 77 Método: assertArrayEquals(expected, (int[][]) actual)
Assert sem descrição: /home/vitor-otto/opensource/simplify-1.3.0/smalivm/src/test/java/org/cf/util/UtilsTest.java linha: 88 Método: assertArrayEquals(expected, (String[][][]) actual)
Assert sem descrição: /home/vitor-otto/opensource/simplify-1.3.0/smalivm/src/test/java/org/cf/util/UtilsTest.java linha: 97 Método: assertEquals(expected, actual)
Assert sem descrição: /home/vitor-otto/opensource/simplify-1.3.0/smalivm/src/test/java/org/cf/util/UtilsTest.java linha: 109 Método: assertEquals(expected, actual)
Assert sem descrição: /home/vitor-otto/opensource/simplify-1.3.0/smalivm/src/test/java/org/cf/util/UtilsTest.java linha: 120 Método: assertEquals(3, intToObject.size())
Assert sem descrição: /home/vitor-otto/opensource/simplify-1.3.0/smalivm/src/test/java/org/cf/util/UtilsTest.java linha: 121 Método: assertEquals("one", intToObject.get(1))
Assert sem descrição: /home/vitor-otto/opensource/simplify-1.3.0/smalivm/src/test/java/org/cf/util/UtilsTest.java linha: 122 Método: assertEquals("two", intToObject.get(4))
Assert sem descrição: /home/vitor-otto/opensource/simplify-1.3.0/smalivm/src/test/java/org/cf/util/UtilsTest.java linha: 123 Método: assertEquals("three", intToObject.get(5))
Assert sem descrição: /home/vitor-otto/opensource/simplify-1.3.0/smalivm/src/test/java/org/cf/util/UtilsTest.java linha: 134 Método: assertEquals(2, intToObject.size())
Assert sem descrição: /home/vitor-otto/opensource/simplify-1.3.0/smalivm/src/test/java/org/cf/util/UtilsTest.java linha: 135 Método: assertEquals("two", intToObject.get(1))
Assert sem descrição: /home/vitor-otto/opensource/simplify-1.3.0/smalivm/src/test/java/org/cf/util/UtilsTest.java linha: 136 Método: assertEquals("three", intToObject.get(2))
Assert sem descrição: /home/vitor-otto/opensource/simplify-1.3.0/smalivm/src/test/java/org/cf/util/UtilsTest.java linha: 152 Método: assertEquals(2, typeNames.size())
Assert sem descrição: /home/vitor-otto/opensource/simplify-1.3.0/smalivm/src/test/java/org/cf/util/UtilsTest.java linha: 153 Método: assertEquals("typeRef1", typeNames.get(0))
Assert sem descrição: /home/vitor-otto/opensource/simplify-1.3.0/smalivm/src/test/java/org/cf/util/UtilsTest.java linha: 154 Método: assertEquals("typeRef2", typeNames.get(1))
Assert sem descrição: /home/vitor-otto/opensource/simplify-1.3.0/smalivm/src/test/java/org/cf/util/UtilsTest.java linha: 170 Método: assertEquals(3, registerSize)
Assert sem descrição: /home/vitor-otto/opensource/simplify-1.3.0/smalivm/src/test/java/org/cf/util/UtilsTest.java linha: 175 Método: assertEquals(true, Utils.castToPrimitive(Boolean.TRUE, "Z"))
Assert sem descrição: /home/vitor-otto/opensource/simplify-1.3.0/smalivm/src/test/java/org/cf/util/UtilsTest.java linha: 176 Método: assertEquals(false, Utils.castToPrimitive(Boolean.FALSE, "Ljava/lang/Boolean;"))
Assert sem descrição: /home/vitor-otto/opensource/simplify-1.3.0/smalivm/src/test/java/org/cf/util/UtilsTest.java linha: 178 Método: assertEquals((byte) 1, Utils.castToPrimitive(Boolean.TRUE, "B"))
Assert sem descrição: /home/vitor-otto/opensource/simplify-1.3.0/smalivm/src/test/java/org/cf/util/UtilsTest.java linha: 179 Método: assertEquals((byte) 0, Utils.castToPrimitive(Boolean.FALSE, "Ljava/lang/Byte;"))
Assert sem descrição: /home/vitor-otto/opensource/simplify-1.3.0/smalivm/src/test/java/org/cf/util/UtilsTest.java linha: 181 Método: assertEquals(1, Utils.castToPrimitive(Boolean.TRUE, "I"))
Assert sem descrição: /home/vitor-otto/opensource/simplify-1.3.0/smalivm/src/test/java/org/cf/util/UtilsTest.java linha: 182 Método: assertEquals(0, Utils.castToPrimitive(Boolean.FALSE, "Ljava/lang/Integer;"))
Assert sem descrição: /home/vitor-otto/opensource/simplify-1.3.0/smalivm/src/test/java/org/cf/util/UtilsTest.java linha: 184 Método: assertEquals((short) 1, Utils.castToPrimitive(Boolean.TRUE, "S"))
Assert sem descrição: /home/vitor-otto/opensource/simplify-1.3.0/smalivm/src/test/java/org/cf/util/UtilsTest.java linha: 185 Método: assertEquals((short) 0, Utils.castToPrimitive(Boolean.FALSE, "Ljava/lang/Short;"))
Assert sem descrição: /home/vitor-otto/opensource/simplify-1.3.0/smalivm/src/test/java/org/cf/util/UtilsTest.java linha: 193 Método: assertEquals(value1, Utils.castToPrimitive(value1, "C"))
Assert sem descrição: /home/vitor-otto/opensource/simplify-1.3.0/smalivm/src/test/java/org/cf/util/UtilsTest.java linha: 194 Método: assertEquals(value2, Utils.castToPrimitive(Character.valueOf(value2), "Ljava/lang/Character;"))
Assert sem descrição: /home/vitor-otto/opensource/simplify-1.3.0/smalivm/src/test/java/org/cf/util/UtilsTest.java linha: 196 Método: assertEquals(true, Utils.castToPrimitive((char) 1, "Z"))
Assert sem descrição: /home/vitor-otto/opensource/simplify-1.3.0/smalivm/src/test/java/org/cf/util/UtilsTest.java linha: 197 Método: assertEquals(false, Utils.castToPrimitive((char) 0, "Ljava/lang/Boolean;"))
Assert sem descrição: /home/vitor-otto/opensource/simplify-1.3.0/smalivm/src/test/java/org/cf/util/UtilsTest.java linha: 199 Método: assertEquals((byte) value1, Utils.castToPrimitive(value1, "B"))
Assert sem descrição: /home/vitor-otto/opensource/simplify-1.3.0/smalivm/src/test/java/org/cf/util/UtilsTest.java linha: 200 Método: assertEquals((byte) value2, Utils.castToPrimitive(value2, "Ljava/lang/Byte;"))
Assert sem descrição: /home/vitor-otto/opensource/simplify-1.3.0/smalivm/src/test/java/org/cf/util/UtilsTest.java linha: 202 Método: assertEquals((int) value1, Utils.castToPrimitive(value1, "I"))
Assert sem descrição: /home/vitor-otto/opensource/simplify-1.3.0/smalivm/src/test/java/org/cf/util/UtilsTest.java linha: 203 Método: assertEquals((int) value2, Utils.castToPrimitive(value2, "Ljava/lang/Integer;"))
Assert sem descrição: /home/vitor-otto/opensource/simplify-1.3.0/smalivm/src/test/java/org/cf/util/UtilsTest.java linha: 205 Método: assertEquals((short) value1, Utils.castToPrimitive(value1, "S"))
Assert sem descrição: /home/vitor-otto/opensource/simplify-1.3.0/smalivm/src/test/java/org/cf/util/UtilsTest.java linha: 206 Método: assertEquals((short) value2, Utils.castToPrimitive(value2, "Ljava/lang/Short;"))
Assert sem descrição: /home/vitor-otto/opensource/simplify-1.3.0/smalivm/src/test/java/org/cf/util/UtilsTest.java linha: 214 Método: assertEquals((byte) value1, Utils.castToPrimitive(Byte.valueOf((byte) value1), "B"))
Assert sem descrição: /home/vitor-otto/opensource/simplify-1.3.0/smalivm/src/test/java/org/cf/util/UtilsTest.java linha: 215 Método: assertEquals((byte) value2, Utils.castToPrimitive(Byte.valueOf((byte) value2), "Ljava/lang/Byte;"))
Assert sem descrição: /home/vitor-otto/opensource/simplify-1.3.0/smalivm/src/test/java/org/cf/util/UtilsTest.java linha: 217 Método: assertEquals((double) value1, Utils.castToPrimitive(Double.valueOf(value1), "D"))
Assert sem descrição: /home/vitor-otto/opensource/simplify-1.3.0/smalivm/src/test/java/org/cf/util/UtilsTest.java linha: 218 Método: assertEquals((double) value2, Utils.castToPrimitive(Double.valueOf(value2), "Ljava/lang/Double;"))
Assert sem descrição: /home/vitor-otto/opensource/simplify-1.3.0/smalivm/src/test/java/org/cf/util/UtilsTest.java linha: 220 Método: assertEquals((float) value1, Utils.castToPrimitive(Float.valueOf(value1), "F"))
Assert sem descrição: /home/vitor-otto/opensource/simplify-1.3.0/smalivm/src/test/java/org/cf/util/UtilsTest.java linha: 221 Método: assertEquals((float) value2, Utils.castToPrimitive(Float.valueOf(value2), "Ljava/lang/Float;"))
Assert sem descrição: /home/vitor-otto/opensource/simplify-1.3.0/smalivm/src/test/java/org/cf/util/UtilsTest.java linha: 223 Método: assertEquals(value1, Utils.castToPrimitive(value1, "I"))
Assert sem descrição: /home/vitor-otto/opensource/simplify-1.3.0/smalivm/src/test/java/org/cf/util/UtilsTest.java linha: 224 Método: assertEquals(value2, Utils.castToPrimitive(value2, "Ljava/lang/Integer;"))
Assert sem descrição: /home/vitor-otto/opensource/simplify-1.3.0/smalivm/src/test/java/org/cf/util/UtilsTest.java linha: 226 Método: assertEquals((long) value1, Utils.castToPrimitive(Long.valueOf(value1), "J"))
Assert sem descrição: /home/vitor-otto/opensource/simplify-1.3.0/smalivm/src/test/java/org/cf/util/UtilsTest.java linha: 227 Método: assertEquals((long) value2, Utils.castToPrimitive(Long.valueOf(value2), "Ljava/lang/Long;"))
Assert sem descrição: /home/vitor-otto/opensource/simplify-1.3.0/smalivm/src/test/java/org/cf/util/UtilsTest.java linha: 229 Método: assertEquals((short) value1, Utils.castToPrimitive(Short.valueOf((short) value1), "S"))
Assert sem descrição: /home/vitor-otto/opensource/simplify-1.3.0/smalivm/src/test/java/org/cf/util/UtilsTest.java linha: 230 Método: assertEquals((short) value2, Utils.castToPrimitive(Short.valueOf((short) value2), "Ljava/lang/Short;"))
Assert sem descrição: /home/vitor-otto/opensource/simplify-1.3.0/smalivm/src/test/java/org/cf/util/UtilsTest.java linha: 232 Método: assertEquals((char) value1, Utils.castToPrimitive(value1, "C"))
Assert sem descrição: /home/vitor-otto/opensource/simplify-1.3.0/smalivm/src/test/java/org/cf/util/UtilsTest.java linha: 233 Método: assertEquals((char) value2, Utils.castToPrimitive(value2, "Ljava/lang/Character;"))
Assert sem descrição: /home/vitor-otto/opensource/simplify-1.3.0/smalivm/src/test/java/org/cf/util/UtilsTest.java linha: 235 Método: assertEquals(true, Utils.castToPrimitive(1, "Z"))
Assert sem descrição: /home/vitor-otto/opensource/simplify-1.3.0/smalivm/src/test/java/org/cf/util/UtilsTest.java linha: 236 Método: assertEquals(false, Utils.castToPrimitive(0, "Ljava/lang/Boolean;"))
Total asserts: 444
Asserts sem descrição: 423
Asserts com descrição: 21
Assertion Roulette: 323
