
Projeto: /home/vitor-otto/opensource/springdoc-openapi-2.0.2

Antes do refactor: 
Assert com mensagem: /home/vitor-otto/opensource/springdoc-openapi-2.0.2/springdoc-openapi-starter-webmvc-api/src/test/java/test/org/springdoc/api/v31/AbstractSpringDocV31Test.java linha: 55 Método: assertEquals(expected, result, true)
Assert com mensagem: /home/vitor-otto/opensource/springdoc-openapi-2.0.2/springdoc-openapi-starter-webmvc-api/src/test/java/test/org/springdoc/api/v31/app5/SpringDocApp5Test.java linha: 30 Método: assertEquals(expected, result, true)
Assert sem descrição: /home/vitor-otto/opensource/springdoc-openapi-2.0.2/springdoc-openapi-starter-webmvc-api/src/test/java/test/org/springdoc/api/v30/app127/SpringDocApp127Test.java linha: 49 Método: Assertions.assertTrue(!result.contains("!<Type A>"))
Assert com mensagem: /home/vitor-otto/opensource/springdoc-openapi-2.0.2/springdoc-openapi-starter-webmvc-api/src/test/java/test/org/springdoc/api/v30/app171/SpringDocApp171Test.java linha: 68 Método: assertEquals(expected, result, true)
Assert com mensagem: /home/vitor-otto/opensource/springdoc-openapi-2.0.2/springdoc-openapi-starter-webmvc-api/src/test/java/test/org/springdoc/api/v30/AbstractSpringDocV30Test.java linha: 53 Método: assertEquals(expected, result, true)
Assert com mensagem: /home/vitor-otto/opensource/springdoc-openapi-2.0.2/springdoc-openapi-starter-webmvc-api/src/test/java/test/org/springdoc/api/v30/app173/SpringDocApp173Test.java linha: 63 Método: assertEquals(expected, result, true)
Assert sem descrição: /home/vitor-otto/opensource/springdoc-openapi-2.0.2/springdoc-openapi-starter-webmvc-api/src/test/java/test/org/springdoc/api/v30/app138/SpringDocApp138Test.java linha: 80 Método: Assertions.assertEquals(expected, result)
Assert sem descrição: /home/vitor-otto/opensource/springdoc-openapi-2.0.2/springdoc-openapi-starter-webmvc-api/src/test/java/test/org/springdoc/api/v30/app72/CacheAutoConfigurationTest1.java linha: 42 Método: assertThat(context)
Assert sem descrição: /home/vitor-otto/opensource/springdoc-openapi-2.0.2/springdoc-openapi-starter-webmvc-api/src/test/java/test/org/springdoc/api/v30/app72/CacheAutoConfigurationTest1.java linha: 54 Método: assertThat(context)
Assert sem descrição: /home/vitor-otto/opensource/springdoc-openapi-2.0.2/springdoc-openapi-starter-webmvc-api/src/test/java/test/org/springdoc/api/v30/app72/CacheAutoConfigurationTest1.java linha: 66 Método: assertThat(context)
Assert sem descrição: /home/vitor-otto/opensource/springdoc-openapi-2.0.2/springdoc-openapi-starter-webmvc-api/src/test/java/test/org/springdoc/api/v30/app72/CacheAutoConfigurationTest1.java linha: 78 Método: assertThat(context)
Assert sem descrição: /home/vitor-otto/opensource/springdoc-openapi-2.0.2/springdoc-openapi-starter-webmvc-api/src/test/java/test/org/springdoc/api/v30/app72/BlockingAutoConfigurationTest.java linha: 47 Método: assertThat(context)
Assert sem descrição: /home/vitor-otto/opensource/springdoc-openapi-2.0.2/springdoc-openapi-starter-webmvc-api/src/test/java/test/org/springdoc/api/v30/app72/BlockingAutoConfigurationTest.java linha: 59 Método: assertThat(context)
Assert sem descrição: /home/vitor-otto/opensource/springdoc-openapi-2.0.2/springdoc-openapi-starter-webmvc-api/src/test/java/test/org/springdoc/api/v30/app72/BlockingAutoConfigurationTest.java linha: 70 Método: assertThat(context)
Assert sem descrição: /home/vitor-otto/opensource/springdoc-openapi-2.0.2/springdoc-openapi-starter-webmvc-api/src/test/java/test/org/springdoc/api/v30/app72/BlockingAutoConfigurationTest.java linha: 82 Método: assertThat(context)
Assert sem descrição: /home/vitor-otto/opensource/springdoc-openapi-2.0.2/springdoc-openapi-starter-webmvc-api/src/test/java/test/org/springdoc/api/v30/app72/BlockingAutoConfigurationTest.java linha: 94 Método: assertThat(context)
Assert sem descrição: /home/vitor-otto/opensource/springdoc-openapi-2.0.2/springdoc-openapi-starter-webmvc-api/src/test/java/test/org/springdoc/api/v30/app72/GroupAutoConfigurationTest.java linha: 44 Método: assertThat(context)
Assert com mensagem: /home/vitor-otto/opensource/springdoc-openapi-2.0.2/springdoc-openapi-starter-webmvc-api/src/test/java/test/org/springdoc/api/v30/app41/SpringDocApp41Test.java linha: 61 Método: assertEquals(expected, result, false)
Assert com mensagem: /home/vitor-otto/opensource/springdoc-openapi-2.0.2/springdoc-openapi-starter-webmvc-api/src/test/java/test/org/springdoc/api/v30/app41/SpringDocApp411Test.java linha: 59 Método: assertEquals(expected, result, false)
Assert com mensagem: /home/vitor-otto/opensource/springdoc-openapi-2.0.2/springdoc-openapi-starter-webmvc-api/src/test/java/test/org/springdoc/api/v30/app136/SpringDocApp136Test.java linha: 72 Método: assertEquals(expected, openApi, true)
Assert com mensagem: /home/vitor-otto/opensource/springdoc-openapi-2.0.2/springdoc-openapi-tests/springdoc-openapi-hateoas-tests/src/test/java/test/org/springdoc/api/AbstractSpringDocTest.java linha: 79 Método: assertEquals(expected, result, true)
Assert com mensagem: /home/vitor-otto/opensource/springdoc-openapi-2.0.2/springdoc-openapi-tests/springdoc-openapi-function-webflux-tests/src/test/java/test/org/springdoc/api/AbstractSpringDocFunctionTest.java linha: 53 Método: assertEquals(expected, result, true)
Assert com mensagem: /home/vitor-otto/opensource/springdoc-openapi-2.0.2/springdoc-openapi-tests/springdoc-openapi-function-webmvc-tests/src/test/java/test/org/springdoc/api/AbstractSpringDocTest.java linha: 46 Método: assertEquals(expected, result, true)
Assert com mensagem: /home/vitor-otto/opensource/springdoc-openapi-2.0.2/springdoc-openapi-tests/springdoc-openapi-data-rest-tests/src/test/java/test/org/springdoc/api/AbstractSpringDocTest.java linha: 77 Método: assertEquals(expected, result, true)
Assert sem descrição: /home/vitor-otto/opensource/springdoc-openapi-2.0.2/springdoc-openapi-tests/springdoc-openapi-javadoc-tests/src/test/java/test/org/springdoc/api/app127/SpringDocApp127Test.java linha: 53 Método: Assertions.assertTrue(!result.contains("!<Type A>"))
Assert sem descrição: /home/vitor-otto/opensource/springdoc-openapi-2.0.2/springdoc-openapi-tests/springdoc-openapi-javadoc-tests/src/test/java/test/org/springdoc/api/app164/SpringDocJavadocProviderTest.java linha: 50 Método: assertThat(javadocProvider.getFirstSentence(javadoc))
Assert sem descrição: /home/vitor-otto/opensource/springdoc-openapi-2.0.2/springdoc-openapi-tests/springdoc-openapi-javadoc-tests/src/test/java/test/org/springdoc/api/app164/SpringDocJavadocProviderTest.java linha: 57 Método: assertThat(javadocProvider.getFirstSentence(javadoc))
Assert com mensagem: /home/vitor-otto/opensource/springdoc-openapi-2.0.2/springdoc-openapi-tests/springdoc-openapi-javadoc-tests/src/test/java/test/org/springdoc/api/AbstractSpringDocTest.java linha: 99 Método: assertEquals(expected, result, true)
Assert sem descrição: /home/vitor-otto/opensource/springdoc-openapi-2.0.2/springdoc-openapi-tests/springdoc-openapi-javadoc-tests/src/test/java/test/org/springdoc/api/app72/CacheAutoConfigurationTest1.java linha: 45 Método: assertThat(context)
Assert sem descrição: /home/vitor-otto/opensource/springdoc-openapi-2.0.2/springdoc-openapi-tests/springdoc-openapi-javadoc-tests/src/test/java/test/org/springdoc/api/app72/CacheAutoConfigurationTest1.java linha: 60 Método: assertThat(context)
Assert sem descrição: /home/vitor-otto/opensource/springdoc-openapi-2.0.2/springdoc-openapi-tests/springdoc-openapi-javadoc-tests/src/test/java/test/org/springdoc/api/app72/CacheAutoConfigurationTest1.java linha: 75 Método: assertThat(context)
Assert sem descrição: /home/vitor-otto/opensource/springdoc-openapi-2.0.2/springdoc-openapi-tests/springdoc-openapi-javadoc-tests/src/test/java/test/org/springdoc/api/app72/CacheAutoConfigurationTest1.java linha: 90 Método: assertThat(context)
Assert sem descrição: /home/vitor-otto/opensource/springdoc-openapi-2.0.2/springdoc-openapi-tests/springdoc-openapi-javadoc-tests/src/test/java/test/org/springdoc/api/app72/BlockingAutoConfigurationTest.java linha: 51 Método: assertThat(context)
Assert sem descrição: /home/vitor-otto/opensource/springdoc-openapi-2.0.2/springdoc-openapi-tests/springdoc-openapi-javadoc-tests/src/test/java/test/org/springdoc/api/app72/BlockingAutoConfigurationTest.java linha: 65 Método: assertThat(context)
Assert sem descrição: /home/vitor-otto/opensource/springdoc-openapi-2.0.2/springdoc-openapi-tests/springdoc-openapi-javadoc-tests/src/test/java/test/org/springdoc/api/app72/BlockingAutoConfigurationTest.java linha: 80 Método: assertThat(context)
Assert sem descrição: /home/vitor-otto/opensource/springdoc-openapi-2.0.2/springdoc-openapi-tests/springdoc-openapi-javadoc-tests/src/test/java/test/org/springdoc/api/app72/BlockingAutoConfigurationTest.java linha: 95 Método: assertThat(context)
Assert sem descrição: /home/vitor-otto/opensource/springdoc-openapi-2.0.2/springdoc-openapi-tests/springdoc-openapi-javadoc-tests/src/test/java/test/org/springdoc/api/app72/GroupAutoConfigurationTest.java linha: 47 Método: assertThat(context)
Assert com mensagem: /home/vitor-otto/opensource/springdoc-openapi-2.0.2/springdoc-openapi-tests/springdoc-openapi-javadoc-tests/src/test/java/test/org/springdoc/api/app41/SpringDocApp41Test.java linha: 63 Método: assertEquals(expected, result, false)
Assert com mensagem: /home/vitor-otto/opensource/springdoc-openapi-2.0.2/springdoc-openapi-tests/springdoc-openapi-javadoc-tests/src/test/java/test/org/springdoc/api/app41/SpringDocApp411Test.java linha: 61 Método: assertEquals(expected, result, false)
Assert sem descrição: /home/vitor-otto/opensource/springdoc-openapi-2.0.2/springdoc-openapi-tests/springdoc-openapi-security-tests/src/test/java/test/org/springdoc/api/app3/SpringOauth2Test.java linha: 36 Método: assertThat(context)
Assert com mensagem: /home/vitor-otto/opensource/springdoc-openapi-2.0.2/springdoc-openapi-tests/springdoc-openapi-security-tests/src/test/java/test/org/springdoc/api/AbstractSpringDocTest.java linha: 74 Método: assertEquals(expected, result, true)
Assert com mensagem: /home/vitor-otto/opensource/springdoc-openapi-2.0.2/springdoc-openapi-tests/springdoc-openapi-actuator-webmvc-tests/src/test/java/test/org/springdoc/api/app148/SpringDocApp148Test.java linha: 53 Método: assertEquals(expected, result, true)
Assert com mensagem: /home/vitor-otto/opensource/springdoc-openapi-2.0.2/springdoc-openapi-tests/springdoc-openapi-actuator-webmvc-tests/src/test/java/test/org/springdoc/api/app148/SpringDocApp148Test.java linha: 60 Método: assertEquals(expected, result, true)
Assert sem descrição: /home/vitor-otto/opensource/springdoc-openapi-2.0.2/springdoc-openapi-tests/springdoc-openapi-actuator-webmvc-tests/src/test/java/test/org/springdoc/api/app148/SpringDocApp148Test.java linha: 71 Método: assertTrue(true)
Assert sem descrição: /home/vitor-otto/opensource/springdoc-openapi-2.0.2/springdoc-openapi-tests/springdoc-openapi-actuator-webmvc-tests/src/test/java/test/org/springdoc/api/app148/SpringDocApp148Test.java linha: 67 Método: fail()
Assert com mensagem: /home/vitor-otto/opensource/springdoc-openapi-2.0.2/springdoc-openapi-tests/springdoc-openapi-actuator-webmvc-tests/src/test/java/test/org/springdoc/api/app144/SpringDocApp144Test.java linha: 52 Método: assertEquals(expected, result, true)
Assert com mensagem: /home/vitor-otto/opensource/springdoc-openapi-2.0.2/springdoc-openapi-tests/springdoc-openapi-actuator-webmvc-tests/src/test/java/test/org/springdoc/api/AbstractSpringDocTest.java linha: 46 Método: assertEquals(expected, result, true)
Assert sem descrição: /home/vitor-otto/opensource/springdoc-openapi-2.0.2/springdoc-openapi-tests/springdoc-openapi-actuator-webmvc-tests/src/test/java/test/org/springdoc/api/app145/SpringDocApp145Test.java linha: 65 Método: fail()
Assert sem descrição: /home/vitor-otto/opensource/springdoc-openapi-2.0.2/springdoc-openapi-tests/springdoc-openapi-actuator-webmvc-tests/src/test/java/test/org/springdoc/api/app145/SpringDocApp145Test.java linha: 63 Método: assertTrue(true)
Assert sem descrição: /home/vitor-otto/opensource/springdoc-openapi-2.0.2/springdoc-openapi-tests/springdoc-openapi-actuator-webmvc-tests/src/test/java/test/org/springdoc/api/app145/SpringDocApp145Test.java linha: 59 Método: fail()
Assert com mensagem: /home/vitor-otto/opensource/springdoc-openapi-2.0.2/springdoc-openapi-tests/springdoc-openapi-actuator-webmvc-tests/src/test/java/test/org/springdoc/api/app145/SpringDocApp145Test.java linha: 73 Método: assertEquals(expected, result, true)
Assert sem descrição: /home/vitor-otto/opensource/springdoc-openapi-2.0.2/springdoc-openapi-tests/springdoc-openapi-actuator-webmvc-tests/src/test/java/test/org/springdoc/api/app145/SpringDocApp145Test.java linha: 84 Método: assertTrue(true)
Assert sem descrição: /home/vitor-otto/opensource/springdoc-openapi-2.0.2/springdoc-openapi-tests/springdoc-openapi-actuator-webmvc-tests/src/test/java/test/org/springdoc/api/app145/SpringDocApp145Test.java linha: 80 Método: fail()
Assert sem descrição: /home/vitor-otto/opensource/springdoc-openapi-2.0.2/springdoc-openapi-tests/springdoc-openapi-actuator-webmvc-tests/src/test/java/test/org/springdoc/api/app72/CacheAutoConfigurationTest1.java linha: 36 Método: assertThat(context)
Assert sem descrição: /home/vitor-otto/opensource/springdoc-openapi-2.0.2/springdoc-openapi-tests/springdoc-openapi-actuator-webmvc-tests/src/test/java/test/org/springdoc/api/app72/CacheAutoConfigurationTest1.java linha: 48 Método: assertThat(context)
Assert sem descrição: /home/vitor-otto/opensource/springdoc-openapi-2.0.2/springdoc-openapi-tests/springdoc-openapi-actuator-webmvc-tests/src/test/java/test/org/springdoc/api/app72/CacheAutoConfigurationTest1.java linha: 60 Método: assertThat(context)
Assert sem descrição: /home/vitor-otto/opensource/springdoc-openapi-2.0.2/springdoc-openapi-tests/springdoc-openapi-actuator-webmvc-tests/src/test/java/test/org/springdoc/api/app72/CacheAutoConfigurationTest1.java linha: 72 Método: assertThat(context)
Assert sem descrição: /home/vitor-otto/opensource/springdoc-openapi-2.0.2/springdoc-openapi-tests/springdoc-openapi-actuator-webmvc-tests/src/test/java/test/org/springdoc/api/app72/BlockingAutoConfigurationTest.java linha: 41 Método: assertThat(context)
Assert sem descrição: /home/vitor-otto/opensource/springdoc-openapi-2.0.2/springdoc-openapi-tests/springdoc-openapi-actuator-webmvc-tests/src/test/java/test/org/springdoc/api/app72/BlockingAutoConfigurationTest.java linha: 53 Método: assertThat(context)
Assert sem descrição: /home/vitor-otto/opensource/springdoc-openapi-2.0.2/springdoc-openapi-tests/springdoc-openapi-actuator-webmvc-tests/src/test/java/test/org/springdoc/api/app72/BlockingAutoConfigurationTest.java linha: 64 Método: assertThat(context)
Assert sem descrição: /home/vitor-otto/opensource/springdoc-openapi-2.0.2/springdoc-openapi-tests/springdoc-openapi-actuator-webmvc-tests/src/test/java/test/org/springdoc/api/app72/BlockingAutoConfigurationTest.java linha: 76 Método: assertThat(context)
Assert sem descrição: /home/vitor-otto/opensource/springdoc-openapi-2.0.2/springdoc-openapi-tests/springdoc-openapi-actuator-webmvc-tests/src/test/java/test/org/springdoc/api/app72/BlockingAutoConfigurationTest.java linha: 88 Método: assertThat(context)
Assert sem descrição: /home/vitor-otto/opensource/springdoc-openapi-2.0.2/springdoc-openapi-tests/springdoc-openapi-actuator-webmvc-tests/src/test/java/test/org/springdoc/api/app72/GroupAutoConfigurationTest.java linha: 38 Método: assertThat(context)
Assert com mensagem: /home/vitor-otto/opensource/springdoc-openapi-2.0.2/springdoc-openapi-tests/springdoc-openapi-actuator-webflux-tests/src/test/java/test/org/springdoc/api/app148/SpringDocApp148Test.java linha: 52 Método: assertEquals(expected, result, true)
Assert com mensagem: /home/vitor-otto/opensource/springdoc-openapi-2.0.2/springdoc-openapi-tests/springdoc-openapi-actuator-webflux-tests/src/test/java/test/org/springdoc/api/app148/SpringDocApp148Test.java linha: 60 Método: assertEquals(expected, result, true)
Assert sem descrição: /home/vitor-otto/opensource/springdoc-openapi-2.0.2/springdoc-openapi-tests/springdoc-openapi-actuator-webflux-tests/src/test/java/test/org/springdoc/api/app148/SpringDocApp148Test.java linha: 74 Método: fail()
Assert sem descrição: /home/vitor-otto/opensource/springdoc-openapi-2.0.2/springdoc-openapi-tests/springdoc-openapi-actuator-webflux-tests/src/test/java/test/org/springdoc/api/app148/SpringDocApp148Test.java linha: 72 Método: assertTrue(true)
Assert sem descrição: /home/vitor-otto/opensource/springdoc-openapi-2.0.2/springdoc-openapi-tests/springdoc-openapi-actuator-webflux-tests/src/test/java/test/org/springdoc/api/app148/SpringDocApp148Test.java linha: 68 Método: fail()
Assert com mensagem: /home/vitor-otto/opensource/springdoc-openapi-2.0.2/springdoc-openapi-tests/springdoc-openapi-actuator-webflux-tests/src/test/java/test/org/springdoc/api/app146/SpringDocApp146Test.java linha: 51 Método: assertEquals(expected, result, true)
Assert com mensagem: /home/vitor-otto/opensource/springdoc-openapi-2.0.2/springdoc-openapi-tests/springdoc-openapi-actuator-webflux-tests/src/test/java/test/org/springdoc/api/app146/SpringDocApp146Test.java linha: 64 Método: assertEquals(expected, result, true)
Assert com mensagem: /home/vitor-otto/opensource/springdoc-openapi-2.0.2/springdoc-openapi-tests/springdoc-openapi-actuator-webflux-tests/src/test/java/test/org/springdoc/api/app144/SpringDocApp144Test.java linha: 51 Método: assertEquals(expected, result, true)
Assert com mensagem: /home/vitor-otto/opensource/springdoc-openapi-2.0.2/springdoc-openapi-tests/springdoc-openapi-actuator-webflux-tests/src/test/java/test/org/springdoc/api/AbstractSpringDocTest.java linha: 51 Método: assertEquals(expected, result, true)
Assert com mensagem: /home/vitor-otto/opensource/springdoc-openapi-2.0.2/springdoc-openapi-tests/springdoc-openapi-actuator-webflux-tests/src/test/java/test/org/springdoc/api/app147/SpringDocApp147Test.java linha: 51 Método: assertEquals(expected, result, true)
Assert com mensagem: /home/vitor-otto/opensource/springdoc-openapi-2.0.2/springdoc-openapi-tests/springdoc-openapi-actuator-webflux-tests/src/test/java/test/org/springdoc/api/app147/SpringDocApp147Test.java linha: 64 Método: assertEquals(expected, result, true)
Assert sem descrição: /home/vitor-otto/opensource/springdoc-openapi-2.0.2/springdoc-openapi-tests/springdoc-openapi-actuator-webflux-tests/src/test/java/test/org/springdoc/api/app145/SpringDocApp1452Test.java linha: 52 Método: fail()
Assert com mensagem: /home/vitor-otto/opensource/springdoc-openapi-2.0.2/springdoc-openapi-tests/springdoc-openapi-actuator-webflux-tests/src/test/java/test/org/springdoc/api/app145/SpringDocApp1452Test.java linha: 49 Método: assertEquals(expected, result, true)
Assert sem descrição: /home/vitor-otto/opensource/springdoc-openapi-2.0.2/springdoc-openapi-tests/springdoc-openapi-actuator-webflux-tests/src/test/java/test/org/springdoc/api/app145/SpringDocApp1451Test.java linha: 56 Método: fail()
Assert sem descrição: /home/vitor-otto/opensource/springdoc-openapi-2.0.2/springdoc-openapi-tests/springdoc-openapi-actuator-webflux-tests/src/test/java/test/org/springdoc/api/app145/SpringDocApp1451Test.java linha: 54 Método: assertTrue(true)
Assert sem descrição: /home/vitor-otto/opensource/springdoc-openapi-2.0.2/springdoc-openapi-tests/springdoc-openapi-actuator-webflux-tests/src/test/java/test/org/springdoc/api/app145/SpringDocApp1451Test.java linha: 50 Método: fail()
Assert sem descrição: /home/vitor-otto/opensource/springdoc-openapi-2.0.2/springdoc-openapi-tests/springdoc-openapi-actuator-webflux-tests/src/test/java/test/org/springdoc/api/app145/SpringDocApp1451Test.java linha: 69 Método: fail()
Assert com mensagem: /home/vitor-otto/opensource/springdoc-openapi-2.0.2/springdoc-openapi-tests/springdoc-openapi-actuator-webflux-tests/src/test/java/test/org/springdoc/api/app145/SpringDocApp1451Test.java linha: 66 Método: assertEquals(expected, result, true)
Assert sem descrição: /home/vitor-otto/opensource/springdoc-openapi-2.0.2/springdoc-openapi-tests/springdoc-openapi-actuator-webflux-tests/src/test/java/test/org/springdoc/api/app145/SpringDocApp145Test.java linha: 63 Método: fail()
Assert sem descrição: /home/vitor-otto/opensource/springdoc-openapi-2.0.2/springdoc-openapi-tests/springdoc-openapi-actuator-webflux-tests/src/test/java/test/org/springdoc/api/app145/SpringDocApp145Test.java linha: 61 Método: assertTrue(true)
Assert sem descrição: /home/vitor-otto/opensource/springdoc-openapi-2.0.2/springdoc-openapi-tests/springdoc-openapi-actuator-webflux-tests/src/test/java/test/org/springdoc/api/app145/SpringDocApp145Test.java linha: 57 Método: fail()
Assert com mensagem: /home/vitor-otto/opensource/springdoc-openapi-2.0.2/springdoc-openapi-tests/springdoc-openapi-groovy-tests/src/test/groovy/test/org/springdoc/api/AbstractSpringDocTest.java linha: 75 Método: assertEquals(expected, result, true)
Assert com mensagem: /home/vitor-otto/opensource/springdoc-openapi-2.0.2/springdoc-openapi-tests/springdoc-openapi-kotlin-tests/src/test/java/test/org/springdoc/api/AbstractSpringDocTest.java linha: 64 Método: JSONAssert.assertEquals(expected, result, true)
Assert com mensagem: /home/vitor-otto/opensource/springdoc-openapi-2.0.2/springdoc-openapi-starter-webflux-api/src/test/java/test/org/springdoc/api/app81/SpringDocApp81Test.java linha: 73 Método: assertEquals(expected, openApi, true)
Assert com mensagem: /home/vitor-otto/opensource/springdoc-openapi-2.0.2/springdoc-openapi-starter-webflux-api/src/test/java/test/org/springdoc/api/AbstractSpringDocTest.java linha: 51 Método: assertEquals(expected, result, true)
Assert sem descrição: /home/vitor-otto/opensource/springdoc-openapi-2.0.2/springdoc-openapi-starter-webflux-api/src/test/java/test/org/springdoc/api/core/ReactiveAutoConfigurationTest.java linha: 38 Método: assertThat(context)
Assert sem descrição: /home/vitor-otto/opensource/springdoc-openapi-2.0.2/springdoc-openapi-starter-webflux-api/src/test/java/test/org/springdoc/api/core/ReactiveAutoConfigurationTest.java linha: 47 Método: assertThat(context)
Assert sem descrição: /home/vitor-otto/opensource/springdoc-openapi-2.0.2/springdoc-openapi-starter-webflux-api/src/test/java/test/org/springdoc/api/core/ReactiveAutoConfigurationTest.java linha: 56 Método: assertThat(context)
Assert sem descrição: /home/vitor-otto/opensource/springdoc-openapi-2.0.2/springdoc-openapi-starter-webflux-api/src/test/java/test/org/springdoc/api/core/ReactiveAutoConfigurationTest.java linha: 65 Método: assertThat(context)
Assert sem descrição: /home/vitor-otto/opensource/springdoc-openapi-2.0.2/springdoc-openapi-starter-webflux-ui/src/test/java/test/org/springdoc/ui/app15/SpringDocApp15Test.java linha: 55 Método: assertThat(getResult.getResponseBody())
Assert sem descrição: /home/vitor-otto/opensource/springdoc-openapi-2.0.2/springdoc-openapi-starter-webflux-ui/src/test/java/test/org/springdoc/ui/app15/SpringDocApp15Test.java linha: 57 Método: assertThat(contentAsString)
Assert sem descrição: /home/vitor-otto/opensource/springdoc-openapi-2.0.2/springdoc-openapi-starter-webflux-ui/src/test/java/test/org/springdoc/ui/app15/SpringDocApp15Test.java linha: 64 Método: assertThat(httpStatusMono)
Assert com mensagem: /home/vitor-otto/opensource/springdoc-openapi-2.0.2/springdoc-openapi-starter-webflux-ui/src/test/java/test/org/springdoc/ui/app15/SpringDocApp15Test.java linha: 72 Método: assertEquals(expected, contentAsString, true)
Assert sem descrição: /home/vitor-otto/opensource/springdoc-openapi-2.0.2/springdoc-openapi-starter-webflux-ui/src/test/java/test/org/springdoc/ui/app17/SpringDocApp17Test.java linha: 46 Método: assertTrue(contentAsString.contains("Swagger UI"))
Assert sem descrição: /home/vitor-otto/opensource/springdoc-openapi-2.0.2/springdoc-openapi-starter-webflux-ui/src/test/java/test/org/springdoc/ui/app14/SpringDocApp14Test.java linha: 52 Método: assertThat(getResult.getResponseBody())
Assert sem descrição: /home/vitor-otto/opensource/springdoc-openapi-2.0.2/springdoc-openapi-starter-webflux-ui/src/test/java/test/org/springdoc/ui/app14/SpringDocApp14Test.java linha: 54 Método: assertThat(contentAsString)
Assert sem descrição: /home/vitor-otto/opensource/springdoc-openapi-2.0.2/springdoc-openapi-starter-webflux-ui/src/test/java/test/org/springdoc/ui/app14/SpringDocApp14Test.java linha: 61 Método: assertThat(httpStatusMono)
Assert com mensagem: /home/vitor-otto/opensource/springdoc-openapi-2.0.2/springdoc-openapi-starter-webflux-ui/src/test/java/test/org/springdoc/ui/app14/SpringDocApp14Test.java linha: 69 Método: assertEquals(expected, contentAsString, true)
Assert sem descrição: /home/vitor-otto/opensource/springdoc-openapi-2.0.2/springdoc-openapi-starter-webflux-ui/src/test/java/test/org/springdoc/ui/app19/SpringDocApp19Test.java linha: 64 Método: assertThat(httpStatusMono)
Assert sem descrição: /home/vitor-otto/opensource/springdoc-openapi-2.0.2/springdoc-openapi-starter-webflux-ui/src/test/java/test/org/springdoc/ui/app19/SpringDocApp19Test.java linha: 68 Método: assertThat(httpStatusMono)
Assert com mensagem: /home/vitor-otto/opensource/springdoc-openapi-2.0.2/springdoc-openapi-starter-webflux-ui/src/test/java/test/org/springdoc/ui/app19/SpringDocApp19Test.java linha: 73 Método: assertEquals(expected, contentAsString, true)
Assert sem descrição: /home/vitor-otto/opensource/springdoc-openapi-2.0.2/springdoc-openapi-starter-webflux-ui/src/test/java/test/org/springdoc/ui/app32/SpringDocBehindProxyTest.java linha: 53 Método: assertThat(response.getResponseBody())
Assert sem descrição: /home/vitor-otto/opensource/springdoc-openapi-2.0.2/springdoc-openapi-starter-webflux-ui/src/test/java/test/org/springdoc/ui/app32/SpringDocBehindProxyWithCustomUIPathTest.java linha: 58 Método: assertThat(response.getResponseBody())
Assert sem descrição: /home/vitor-otto/opensource/springdoc-openapi-2.0.2/springdoc-openapi-starter-webflux-ui/src/test/java/test/org/springdoc/ui/app32/SpringDocBehindProxyWithCustomUIPathWithApiDocsTest.java linha: 59 Método: assertThat(response.getResponseBody())
Assert sem descrição: /home/vitor-otto/opensource/springdoc-openapi-2.0.2/springdoc-openapi-starter-webflux-ui/src/test/java/test/org/springdoc/ui/app23/SpringDocApp23Test.java linha: 63 Método: Assertions.assertThat(httpStatusRoot)
Assert sem descrição: /home/vitor-otto/opensource/springdoc-openapi-2.0.2/springdoc-openapi-starter-webflux-ui/src/test/java/test/org/springdoc/ui/app23/SpringDocApp23Test.java linha: 67 Método: Assertions.assertThat(httpStatusMono)
Assert sem descrição: /home/vitor-otto/opensource/springdoc-openapi-2.0.2/springdoc-openapi-starter-webflux-ui/src/test/java/test/org/springdoc/ui/AbstractSpringDocTest.java linha: 58 Método: assertTrue(result.contains("window.ui"))
Assert sem descrição: /home/vitor-otto/opensource/springdoc-openapi-2.0.2/springdoc-openapi-starter-webflux-ui/src/test/java/test/org/springdoc/ui/AbstractSpringDocTest.java linha: 60 Método: assertEquals(expected, result.replace("\r", ""))
Assert sem descrição: /home/vitor-otto/opensource/springdoc-openapi-2.0.2/springdoc-openapi-starter-webflux-ui/src/test/java/test/org/springdoc/ui/app18/SpringDocApp18Test.java linha: 67 Método: assertThat(httpStatusMono)
Assert sem descrição: /home/vitor-otto/opensource/springdoc-openapi-2.0.2/springdoc-openapi-starter-webflux-ui/src/test/java/test/org/springdoc/ui/app18/SpringDocApp18Test.java linha: 71 Método: assertThat(httpStatusMono)
Assert com mensagem: /home/vitor-otto/opensource/springdoc-openapi-2.0.2/springdoc-openapi-starter-webflux-ui/src/test/java/test/org/springdoc/ui/app18/SpringDocApp18Test.java linha: 76 Método: assertEquals(expected, contentAsString, true)
Assert sem descrição: /home/vitor-otto/opensource/springdoc-openapi-2.0.2/springdoc-openapi-starter-webflux-ui/src/test/java/test/org/springdoc/ui/app16/SpringDocApp16Test.java linha: 55 Método: assertThat(getResult.getResponseBody())
Assert sem descrição: /home/vitor-otto/opensource/springdoc-openapi-2.0.2/springdoc-openapi-starter-webflux-ui/src/test/java/test/org/springdoc/ui/app16/SpringDocApp16Test.java linha: 57 Método: assertThat(contentAsString)
Assert sem descrição: /home/vitor-otto/opensource/springdoc-openapi-2.0.2/springdoc-openapi-starter-webflux-ui/src/test/java/test/org/springdoc/ui/app16/SpringDocApp16Test.java linha: 64 Método: assertThat(httpStatusMono)
Assert com mensagem: /home/vitor-otto/opensource/springdoc-openapi-2.0.2/springdoc-openapi-starter-webflux-ui/src/test/java/test/org/springdoc/ui/app16/SpringDocApp16Test.java linha: 72 Método: assertEquals(expected, contentAsString, true)
Assert sem descrição: /home/vitor-otto/opensource/springdoc-openapi-2.0.2/springdoc-openapi-starter-webflux-ui/src/test/java/test/org/springdoc/ui/app20/SpringDocApp20Test.java linha: 64 Método: assertThat(httpStatusMono)
Assert sem descrição: /home/vitor-otto/opensource/springdoc-openapi-2.0.2/springdoc-openapi-starter-webflux-ui/src/test/java/test/org/springdoc/ui/app20/SpringDocApp20Test.java linha: 68 Método: assertThat(httpStatusMono)
Assert com mensagem: /home/vitor-otto/opensource/springdoc-openapi-2.0.2/springdoc-openapi-starter-webflux-ui/src/test/java/test/org/springdoc/ui/app20/SpringDocApp20Test.java linha: 73 Método: assertEquals(expected, contentAsString, true)
Assert sem descrição: /home/vitor-otto/opensource/springdoc-openapi-2.0.2/springdoc-openapi-starter-webflux-ui/src/test/java/test/org/springdoc/ui/app13/SpringDocApp13Test.java linha: 54 Método: assertThat(getResult.getResponseBody())
Assert sem descrição: /home/vitor-otto/opensource/springdoc-openapi-2.0.2/springdoc-openapi-starter-webflux-ui/src/test/java/test/org/springdoc/ui/app13/SpringDocApp13Test.java linha: 56 Método: assertThat(result)
Assert sem descrição: /home/vitor-otto/opensource/springdoc-openapi-2.0.2/springdoc-openapi-starter-webflux-ui/src/test/java/test/org/springdoc/ui/app13/SpringDocApp13Test.java linha: 63 Método: assertThat(httpStatusMono)
Assert com mensagem: /home/vitor-otto/opensource/springdoc-openapi-2.0.2/springdoc-openapi-starter-webflux-ui/src/test/java/test/org/springdoc/ui/app13/SpringDocApp13Test.java linha: 71 Método: assertEquals(expected, contentAsString, true)
Assert sem descrição: /home/vitor-otto/opensource/springdoc-openapi-2.0.2/springdoc-openapi-starter-webmvc-ui/src/test/java/test/org/springdoc/ui/app15/SpringDocApp15Test.java linha: 46 Método: assertTrue(contentAsString.contains("Swagger UI"))
Assert sem descrição: /home/vitor-otto/opensource/springdoc-openapi-2.0.2/springdoc-openapi-starter-webmvc-ui/src/test/java/test/org/springdoc/ui/app15/SpringDocApp15Test.java linha: 52 Método: assertTrue(contentAsString.contains("Swagger UI"))
Assert com mensagem: /home/vitor-otto/opensource/springdoc-openapi-2.0.2/springdoc-openapi-starter-webmvc-ui/src/test/java/test/org/springdoc/ui/app15/SpringDocApp15Test.java linha: 59 Método: assertEquals(expected, contentAsString, true)
Assert sem descrição: /home/vitor-otto/opensource/springdoc-openapi-2.0.2/springdoc-openapi-starter-webmvc-ui/src/test/java/test/org/springdoc/ui/app17/SpringDocApp17Test.java linha: 46 Método: assertTrue(contentAsString.contains("Swagger UI"))
Assert sem descrição: /home/vitor-otto/opensource/springdoc-openapi-2.0.2/springdoc-openapi-starter-webmvc-ui/src/test/java/test/org/springdoc/ui/app14/SpringDocApp14Test.java linha: 43 Método: assertTrue(contentAsString.contains("Swagger UI"))
Assert sem descrição: /home/vitor-otto/opensource/springdoc-openapi-2.0.2/springdoc-openapi-starter-webmvc-ui/src/test/java/test/org/springdoc/ui/app14/SpringDocApp14Test.java linha: 49 Método: assertTrue(contentAsString.contains("Swagger UI"))
Assert com mensagem: /home/vitor-otto/opensource/springdoc-openapi-2.0.2/springdoc-openapi-starter-webmvc-ui/src/test/java/test/org/springdoc/ui/app14/SpringDocApp14Test.java linha: 56 Método: assertEquals(expected, contentAsString, true)
Assert sem descrição: /home/vitor-otto/opensource/springdoc-openapi-2.0.2/springdoc-openapi-starter-webmvc-ui/src/test/java/test/org/springdoc/ui/AbstractSpringDocTest.java linha: 39 Método: assertTrue(transformedIndex.contains("window.ui"))
Assert sem descrição: /home/vitor-otto/opensource/springdoc-openapi-2.0.2/springdoc-openapi-starter-webmvc-ui/src/test/java/test/org/springdoc/ui/AbstractSpringDocTest.java linha: 40 Método: assertEquals("no-store", mvcResult.getResponse().getHeader("Cache-Control"))
Assert sem descrição: /home/vitor-otto/opensource/springdoc-openapi-2.0.2/springdoc-openapi-starter-webmvc-ui/src/test/java/test/org/springdoc/ui/AbstractSpringDocTest.java linha: 41 Método: assertEquals(this.getContent(fileName), transformedIndex.replace("\r", ""))
Assert sem descrição: /home/vitor-otto/opensource/springdoc-openapi-2.0.2/springdoc-openapi-starter-webmvc-ui/src/test/java/test/org/springdoc/ui/AbstractSpringDocTest.java linha: 55 Método: assertTrue(htmlResult.contains("window.ui"))
Assert sem descrição: /home/vitor-otto/opensource/springdoc-openapi-2.0.2/springdoc-openapi-starter-webmvc-ui/src/test/java/test/org/springdoc/ui/AbstractSpringDocTest.java linha: 56 Método: assertEquals(this.getContent(fileName), htmlResult.replace("\r", ""))
Assert sem descrição: /home/vitor-otto/opensource/springdoc-openapi-2.0.2/springdoc-openapi-starter-webmvc-ui/src/test/java/test/org/springdoc/ui/app10/SpringDocApp10Test.java linha: 40 Método: assertTrue(contentAsString.contains("Swagger UI"))
Assert sem descrição: /home/vitor-otto/opensource/springdoc-openapi-2.0.2/springdoc-openapi-starter-webmvc-ui/src/test/java/test/org/springdoc/ui/app16/SpringDocApp16Test.java linha: 46 Método: assertTrue(contentAsString.contains("Swagger UI"))
Assert sem descrição: /home/vitor-otto/opensource/springdoc-openapi-2.0.2/springdoc-openapi-starter-webmvc-ui/src/test/java/test/org/springdoc/ui/app16/SpringDocApp16Test.java linha: 52 Método: assertTrue(contentAsString.contains("Swagger UI"))
Assert com mensagem: /home/vitor-otto/opensource/springdoc-openapi-2.0.2/springdoc-openapi-starter-webmvc-ui/src/test/java/test/org/springdoc/ui/app16/SpringDocApp16Test.java linha: 59 Método: assertEquals(expected, contentAsString, true)
Assert sem descrição: /home/vitor-otto/opensource/springdoc-openapi-2.0.2/springdoc-openapi-starter-webmvc-ui/src/test/java/test/org/springdoc/ui/app13/SpringDocApp13Test.java linha: 43 Método: assertTrue(contentAsString.contains("Swagger UI"))
Assert sem descrição: /home/vitor-otto/opensource/springdoc-openapi-2.0.2/springdoc-openapi-starter-webmvc-ui/src/test/java/test/org/springdoc/ui/app13/SpringDocApp13Test.java linha: 49 Método: assertTrue(contentAsString.contains("Swagger UI"))
Assert com mensagem: /home/vitor-otto/opensource/springdoc-openapi-2.0.2/springdoc-openapi-starter-webmvc-ui/src/test/java/test/org/springdoc/ui/app13/SpringDocApp13Test.java linha: 56 Método: assertEquals(expected, contentAsString, true)
Assert sem descrição: /home/vitor-otto/opensource/springdoc-openapi-2.0.2/springdoc-openapi-starter-common/src/test/java/org/springdoc/api/AbstractOpenApiResourceTest.java linha: 174 Método: assertThat(parameters.size(), is(3))
Assert sem descrição: /home/vitor-otto/opensource/springdoc-openapi-2.0.2/springdoc-openapi-starter-common/src/test/java/org/springdoc/api/AbstractOpenApiResourceTest.java linha: 175 Método: assertThat(parameters, containsInAnyOrder(refParameter, numberParameterInPath, parameterWithoutSchema))
Assert sem descrição: /home/vitor-otto/opensource/springdoc-openapi-2.0.2/springdoc-openapi-starter-common/src/test/java/org/springdoc/api/AbstractOpenApiResourceTest.java linha: 177 Método: assertThat(refParameter.getName(), nullValue())
Assert sem descrição: /home/vitor-otto/opensource/springdoc-openapi-2.0.2/springdoc-openapi-starter-common/src/test/java/org/springdoc/api/AbstractOpenApiResourceTest.java linha: 178 Método: assertThat(refParameter.get$ref(), is(PARAMETER_REFERENCE))
Assert sem descrição: /home/vitor-otto/opensource/springdoc-openapi-2.0.2/springdoc-openapi-starter-common/src/test/java/org/springdoc/api/AbstractOpenApiResourceTest.java linha: 179 Método: assertThat(refParameter.getSchema(), nullValue())
Assert sem descrição: /home/vitor-otto/opensource/springdoc-openapi-2.0.2/springdoc-openapi-starter-common/src/test/java/org/springdoc/api/AbstractOpenApiResourceTest.java linha: 180 Método: assertThat(refParameter.getIn(), nullValue())
Assert sem descrição: /home/vitor-otto/opensource/springdoc-openapi-2.0.2/springdoc-openapi-starter-common/src/test/java/org/springdoc/api/AbstractOpenApiResourceTest.java linha: 182 Método: assertThat(numberParameterInPath.getName(), is(PARAMETER_WITH_NUMBER_SCHEMA_NAME))
Assert sem descrição: /home/vitor-otto/opensource/springdoc-openapi-2.0.2/springdoc-openapi-starter-common/src/test/java/org/springdoc/api/AbstractOpenApiResourceTest.java linha: 183 Método: assertThat(numberParameterInPath.get$ref(), nullValue())
Assert sem descrição: /home/vitor-otto/opensource/springdoc-openapi-2.0.2/springdoc-openapi-starter-common/src/test/java/org/springdoc/api/AbstractOpenApiResourceTest.java linha: 184 Método: assertThat(numberParameterInPath.getSchema(), is(new NumberSchema()))
Assert sem descrição: /home/vitor-otto/opensource/springdoc-openapi-2.0.2/springdoc-openapi-starter-common/src/test/java/org/springdoc/api/AbstractOpenApiResourceTest.java linha: 185 Método: assertThat(numberParameterInPath.getIn(), is(ParameterIn.PATH.toString()))
Assert sem descrição: /home/vitor-otto/opensource/springdoc-openapi-2.0.2/springdoc-openapi-starter-common/src/test/java/org/springdoc/api/AbstractOpenApiResourceTest.java linha: 187 Método: assertThat(parameterWithoutSchema.getName(), is(PARAMETER_WITHOUT_SCHEMA_NAME))
Assert sem descrição: /home/vitor-otto/opensource/springdoc-openapi-2.0.2/springdoc-openapi-starter-common/src/test/java/org/springdoc/api/AbstractOpenApiResourceTest.java linha: 188 Método: assertThat(parameterWithoutSchema.get$ref(), nullValue())
Assert sem descrição: /home/vitor-otto/opensource/springdoc-openapi-2.0.2/springdoc-openapi-starter-common/src/test/java/org/springdoc/api/AbstractOpenApiResourceTest.java linha: 189 Método: assertThat(parameterWithoutSchema.getSchema(), is(new StringSchema()))
Assert sem descrição: /home/vitor-otto/opensource/springdoc-openapi-2.0.2/springdoc-openapi-starter-common/src/test/java/org/springdoc/api/AbstractOpenApiResourceTest.java linha: 190 Método: assertThat(parameterWithoutSchema.getIn(), is(ParameterIn.QUERY.toString()))
Assert sem descrição: /home/vitor-otto/opensource/springdoc-openapi-2.0.2/springdoc-openapi-starter-common/src/test/java/org/springdoc/api/AbstractOpenApiResourceTest.java linha: 229 Método: assertThat(after.getServers().get(0).getUrl(), is(customUrl))
Assert sem descrição: /home/vitor-otto/opensource/springdoc-openapi-2.0.2/springdoc-openapi-starter-common/src/test/java/org/springdoc/api/AbstractOpenApiResourceTest.java linha: 266 Método: assertThat(after.getServers().get(0).getUrl(), is(generatedUrl))
Assert sem descrição: /home/vitor-otto/opensource/springdoc-openapi-2.0.2/springdoc-openapi-starter-common/src/test/java/org/springdoc/api/AbstractOpenApiResourceTest.java linha: 277 Método: assertThat(after.getServers().get(0).getUrl(), is("https://generated-url.com"))
Assert sem descrição: /home/vitor-otto/opensource/springdoc-openapi-2.0.2/springdoc-openapi-starter-common/src/test/java/org/springdoc/api/AbstractOpenApiResourceTest.java linha: 287 Método: assertThat(after.getServers().get(0).getUrl(), is("https://generated-url.com/second-path"))
Assert sem descrição: /home/vitor-otto/opensource/springdoc-openapi-2.0.2/springdoc-openapi-starter-common/src/test/java/org/springdoc/api/AbstractOpenApiResourceTest.java linha: 296 Método: assertThat(after.getServers().get(0).getUrl(), is("https://generated-url.com"))
Total asserts: 163
Asserts sem descrição: 117
Asserts com descrição: 46
Assertion Roulette: 59
