"Era esperado não nulo, mas " + result0 + " <factory.configureSslContextFactory(new SslContextFactory.Server())> é nulo"
"Era esperado valores iguais, mas  ConstraintViolationException.class é diferente de " + result1 + " <throwable.getClass()>"
"Era esperado valores iguais, mas " + result2 + " <Collections.singletonMap('color', 'orange')> é diferente de " + " response"
"Era esperado valores iguais, mas " + result3 + " <Collections.singletonMap('message', 'stuff!')> é diferente de " + " response"
"Era esperado falso, mas " + result4 + " <findEntityClassesFromDirectory.isEmpty()> é verdadeiro "
"Era esperado valores iguais, mas  4 é diferente de " + result5 + " <findEntityClassesFromDirectory.size()>"
"Era esperado falso, mas " + result6 + " <findEntityClassesFromDirectory.isEmpty()> é verdadeiro "
"Era esperado valores iguais, mas  8 é diferente de " + result7 + " <findEntityClassesFromDirectory.size()>"
"Era esperado que o tempo de execução " + result8 + " <Duration.ofSeconds(5L)> não fosse ultrapassado, mas foi"
"Era esperado que o tempo de execução " + result9 + " <Duration.ofSeconds(5L)> não fosse ultrapassado, mas foi"
"Era esperado verdadeiro, mas " + result10 + " <requestContext.getSecurityContext().isSecure()> é falso"
"Era esperado valores iguais, mas " + result11 + " <http.getAdminContextPath()> é diferente de " + result12 + " <environment.getAdminContext().getContextPath()>"
"Era esperado valores iguais, mas " + result13 + " <http.getApplicationContextPath()> é diferente de " + result14 + " <environment.getApplicationContext().getContextPath()>"
"Era esperado valores iguais, mas " + result15 + " <http.getAdminContextPath()> é diferente de " + result16 + " <environment.getAdminContext().getContextPath()>"
"Era esperado valores iguais, mas " + result17 + " <http.getApplicationContextPath()> é diferente de " + result18 + " <environment.getApplicationContext().getContextPath()>"
"Era esperado valores iguais, mas  OK_STATUS_CODE é diferente de " + result19 + " <getResponseStatusForRequestMethod('GET', false)>"
"Era esperado valores iguais, mas  OK_STATUS_CODE é diferente de " + result20 + " <getResponseStatusForRequestMethod('POST', true)>"
"Era esperado valores iguais, mas  DISALLOWED_STATUS_CODE é diferente de " + result21 + " <getResponseStatusForRequestMethod('PUT', true)>"
"Era esperado valores iguais, mas  DISALLOWED_STATUS_CODE é diferente de " + result22 + " <getResponseStatusForRequestMethod('DELETE', false)>"
"Era esperado valores iguais, mas  DISALLOWED_STATUS_CODE é diferente de " + result23 + " <getResponseStatusForRequestMethod('TRACE', false)>"
"Era esperado objetos iguais, mas  inv é diferente de " + result24 + " <test.getInvocable()>"
"Era esperado valores iguais, mas " + result25 + " <Response.Status.BAD_REQUEST.getStatusCode()> é diferente de " + result26 + " <reponse.getStatus()>"
"Era esperado falso, mas " + result27 + " <Optionals.fromGuavaOptional(com.google.common.base.Optional.absent()).isPresent()> é verdadeiro "
"Era esperado verdadeiro, mas " + result28 + " <Optionals.fromGuavaOptional(com.google.common.base.Optional.of('Foo')).isPresent()> é falso"
"Era esperado valores iguais, mas " + result29 + " <java.util.Optional.of('Foo')> é diferente de " + result30 + " <Optionals.fromGuavaOptional(com.google.common.base.Optional.of('Foo'))>"
"Era esperado falso, mas " + result31 + " <Optionals.toGuavaOptional(java.util.Optional.empty()).isPresent()> é verdadeiro "
"Era esperado verdadeiro, mas " + result32 + " <Optionals.toGuavaOptional(java.util.Optional.of('Foo')).isPresent()> é falso"
"Era esperado valores iguais, mas " + result33 + " <com.google.common.base.Optional.of('Foo')> é diferente de " + result34 + " <Optionals.toGuavaOptional(java.util.Optional.of('Foo'))>"
