"Era esperado verdadeiro, mas o valor obtido é falso"
"Era esperado valores iguais, mas  2 é diferente de " + result0 + " <countPages(target)>"
"Era esperado valores iguais, mas  5 é diferente de " + result1 + " <countPages(target)>"
"Era esperado valores iguais, mas  expected é diferente de " + " color"
"Era esperado valores iguais, mas  expected é diferente de " + result2 + " <WebColors.getRGBColor('#f09')>"
"Era esperado valores iguais, mas  expected é diferente de " + result3 + " <WebColors.getRGBColor('#F09')>"
"Era esperado valores iguais, mas  expected é diferente de " + result4 + " <WebColors.getRGBColor('#ff0099')>"
"Era esperado valores iguais, mas  expected é diferente de " + result5 + " <WebColors.getRGBColor('#FF0099')>"
"Era esperado valores iguais, mas  expected é diferente de " + result6 + " <WebColors.getRGBColor('#f09a')>"
"Era esperado valores iguais, mas  expected é diferente de " + result7 + " <WebColors.getRGBColor('#F09A')>"
"Era esperado valores iguais, mas  expected é diferente de " + result8 + " <WebColors.getRGBColor('#ff0099aa')>"
"Era esperado valores iguais, mas  expected é diferente de " + result9 + " <WebColors.getRGBColor('#FF0099aa')>"
"Era esperado valores iguais, mas  expected é diferente de " + result10 + " <WebColors.getRGBColor('rgb(255,0,153)')>"
"Era esperado valores iguais, mas  expected é diferente de " + result11 + " <WebColors.getRGBColor('rgb(255, 0, 153)')>"
"Era esperado valores iguais, mas  expected é diferente de " + result12 + " <WebColors.getRGBColor('rgb(100%,0%,60%)')>"
"Era esperado valores iguais, mas  expected é diferente de " + result13 + " <WebColors.getRGBColor('rgb(100%, 0%, 60%)')>"
"Era esperado valores iguais, mas  expected é diferente de " + result14 + " <WebColors.getRGBColor('rgb(255 0 153)')>"
"Era esperado valores iguais, mas  expected é diferente de " + result15 + " <WebColors.getRGBColor('rgb(255, 0, 153, 1)')>"
"Era esperado valores iguais, mas  expected é diferente de " + result16 + " <WebColors.getRGBColor('rgb(255, 0, 153, 100%)')>"
"Era esperado valores iguais, mas  expected é diferente de " + result17 + " <WebColors.getRGBColor('rgb(255 0 153 / 1)')>"
"Era esperado valores iguais, mas  expected é diferente de " + result18 + " <WebColors.getRGBColor('rgb(255 0 153 / 100%)')>"
"Era esperado valores iguais, mas  expected2 é diferente de " + result19 + " <WebColors.getRGBColor('rgb(255, 0, 153, 0.6)')>"
"Era esperado valores iguais, mas  expected2 é diferente de " + result20 + " <WebColors.getRGBColor('rgb(255, 0, 153, 60%)')>"
"Era esperado valores iguais, mas  expected2 é diferente de " + result21 + " <WebColors.getRGBColor('rgb(255 0 153 / 0.6)')>"
"Era esperado valores iguais, mas  expected2 é diferente de " + result22 + " <WebColors.getRGBColor('rgb(255 0 153 / 60%)')>"
"Era esperado valores iguais, mas  expected é diferente de " + result23 + " <WebColors.getRGBColor('rgba(255, 0, 153, 1)')>"
"Era esperado valores iguais, mas  expected é diferente de " + result24 + " <WebColors.getRGBColor('rgba(255, 0, 153, 100%)')>"
"Era esperado valores iguais, mas  expected é diferente de " + result25 + " <WebColors.getRGBColor('rgba(255 0 153 / 1)')>"
"Era esperado valores iguais, mas  expected é diferente de " + result26 + " <WebColors.getRGBColor('rgba(255 0 153 / 100%)')>"
"Era esperado valores iguais, mas  expected2 é diferente de " + result27 + " <WebColors.getRGBColor('rgba(255, 0, 153, 0.6)')>"
"Era esperado valores iguais, mas  expected2 é diferente de " + result28 + " <WebColors.getRGBColor('rgba(255, 0, 153, 60%)')>"
"Era esperado valores iguais, mas  expected2 é diferente de " + result29 + " <WebColors.getRGBColor('rgba(255 0 153 / 0.6)')>"
"Era esperado valores iguais, mas  expected2 é diferente de " + result30 + " <WebColors.getRGBColor('rgba(255 0 153 / 60%)')>"
"Era esperado valores iguais, mas  expected é diferente de " + result31 + " <WebColors.getRGBColor('rgb(255, 0, 153.0)')>"
"Era esperado valores iguais, mas  expected é diferente de " + result32 + " <WebColors.getRGBColor('rgb(255, 0, 153.6, 1)')>"
"Era esperado valores iguais, mas  expected é diferente de " + result33 + " <WebColors.getRGBColor('rgb(2.55e2, .1e0, 1.53e2, +.1e3%)')>"
"Era esperado valores iguais, mas  expected é diferente de " + result34 + " <WebColors.getRGBColor('hsl(270,60%,70%)')>"
"Era esperado valores iguais, mas  expected é diferente de " + result35 + " <WebColors.getRGBColor('hsl(270, 60%, 70%)')>"
"Era esperado valores iguais, mas  expected é diferente de " + result36 + " <WebColors.getRGBColor('hsl(270 60% 70%)')>"
"Era esperado valores iguais, mas  expected é diferente de " + result37 + " <WebColors.getRGBColor('hsl(270deg, 60%, 70%)')>"
"Era esperado valores iguais, mas  expected é diferente de " + result38 + " <WebColors.getRGBColor('hsl(4.71239rad, 60%, 70%)')>"
"Era esperado valores iguais, mas  expected é diferente de " + result39 + " <WebColors.getRGBColor('hsl(.75turn, 60%, 70%)')>"
"Era esperado valores iguais, mas  expected é diferente de " + result40 + " <WebColors.getRGBColor('hsl(270, 60%, 70%, .15)')>"
"Era esperado valores iguais, mas  expected é diferente de " + result41 + " <WebColors.getRGBColor('hsl(270, 60%, 70%, 15%)')>"
"Era esperado valores iguais, mas  expected é diferente de " + result42 + " <WebColors.getRGBColor('hsl(270 60% 70% / .15)')>"
"Era esperado valores iguais, mas  expected é diferente de " + result43 + " <WebColors.getRGBColor('hsl(270 60% 70% / 15%)')>"
"Era esperado valores iguais, mas  expected é diferente de " + result44 + " <WebColors.getRGBColor('hsla(270, 60%, 70%, .15)')>"
"Era esperado valores iguais, mas  expected é diferente de " + result45 + " <WebColors.getRGBColor('hsla(270, 60%, 70%, 15%)')>"
"Era esperado valores iguais, mas  expected é diferente de " + result46 + " <WebColors.getRGBColor('hsla(270 60% 70% / .15)')>"
"Era esperado valores iguais, mas  expected é diferente de " + result47 + " <WebColors.getRGBColor('hsla(270 60% 70% / 15%)')>"
"Era esperado valores iguais, mas  3 é diferente de " + result48 + " <actualHeaderFooter.getChunks().size()>"
"Era esperado valores iguais, mas  'before' é diferente de " + result49 + " <actualHeaderFooter.getChunks().get(0).toString()>"
"Era esperado valores iguais, mas  '0' é diferente de " + result50 + " <actualHeaderFooter.getChunks().get(1).toString()>"
"Era esperado valores iguais, mas  'after' é diferente de " + result51 + " <actualHeaderFooter.getChunks().get(2).toString()>"
"Era esperado valores iguais, mas  2 é diferente de " + result52 + " <actualHeaderFooter.getChunks().size()>"
"Era esperado valores iguais, mas  'before' é diferente de " + result53 + " <actualHeaderFooter.getChunks().get(0).toString()>"
"Era esperado valores iguais, mas  '0' é diferente de " + result54 + " <actualHeaderFooter.getChunks().get(1).toString()>"
"Era esperado valores iguais, mas  1 é diferente de " + result55 + " <actualHeaderFooter.getChunks().size()>"
"Era esperado valores iguais, mas  'before' é diferente de " + result56 + " <actualHeaderFooter.getChunks().get(0).toString()>"
"Era esperado valores iguais, mas  6 é diferente de " + result57 + " <actualHeaderFooter.getChunks().size()>"
"Era esperado valores diferentes, mas  '\n' é igual a " + result58 + " <actualHeaderFooter.getChunks().get(5).toString()>"
"Era esperado valores iguais, mas  '1 1.1 1.2 ' é diferente de " + result59 + " <actualHeaderFooter.getChunks().get(0).toString()>"
"Era esperado valores iguais, mas  '1.4 ' é diferente de " + result60 + " <actualHeaderFooter.getChunks().get(5).toString()>"

"Era esperado que todos os testes deste grupo passassem, mas pelo menos um falhou"
"Era esperado valores iguais, mas  52.0 é diferente de " + result61 + " <footer.getTop()>"
"Era esperado valores iguais, mas  92.0 é diferente de " + " footerTop"
"Era esperado valores iguais, mas  60.0 é diferente de " + " imageBottom"
"Era esperado valores iguais, mas  36.0 é diferente de " + " imageIndentLeft"
"Era esperado valores iguais, mas  76.0 é diferente de " + " footerTop"
"Era esperado valores iguais, mas  44.0 é diferente de " + " imageBottom"
"Era esperado valores iguais, mas  527.0 é diferente de " + " imageIndentRight"
"Era esperado valores iguais, mas  76.0 é diferente de " + " footerTop"
"Era esperado valores iguais, mas  44.0 é diferente de " + " imageBottom"
"Era esperado valores iguais, mas  281.5 é diferente de " + " imageIndentLeft"
"Era esperado valores iguais, mas  76.0 é diferente de " + " footerTop"
"Era esperado valores iguais, mas  44.0 é diferente de " + " imageBottom"
"Era esperado valores iguais, mas  281.5 é diferente de " + " imageIndentLeft"
"Era esperado valores iguais, mas  'lvi' é diferente de " + result62 + " <getString(56)>"
"Era esperado valores iguais, mas  'mmcmxcix' é diferente de " + result63 + " <getString(2999)>"
"Era esperado valores iguais, mas  'mmm' é diferente de " + result64 + " <getString(3000)>"
"Era esperado que todos os testes deste grupo passassem, mas pelo menos um falhou"
"Era esperado não nulo, mas " + result65 + " <image.getUrl()> é nulo"
"Era esperado não nulo, mas " + result66 + " <image.getUrl()> é nulo"
"Era esperado valores iguais, mas  1 é diferente de " + result67 + " <names.size()>"
"Era esperado valores diferentes, mas " + result68 + " <font.createSubsetPrefix()> é igual a " + result69 + " <font.createSubsetPrefix()>"
"Era esperado valores diferentes, mas " + result70 + " <font.createSubsetPrefix()> é igual a " + result71 + " <font.createSubsetPrefix()>"
"Era esperado valores iguais, mas  subsetPrefixOne é diferente de " + " subsetPrefixTwo"
"Era esperado verdadeiro, mas " + result72 + " <comparePdf()> é falso"
"Era esperado que o tempo de execução " + result73 + " <ofSeconds(10)> não fosse ultrapassado, mas foi"
"Era esperado que o tempo de execução " + result74 + " <ofSeconds(10)> não fosse ultrapassado, mas foi"
"Era esperado valores iguais, mas  result.length é diferente de " + " 0"
"Era esperado valores iguais, mas  expected é diferente de " + " actual"
"Era esperado valores iguais, mas " + result75 + " <Document.getVersion()> é diferente de " + result76 + " <r.getInfo().get('Producer')>"
"Era esperado valores iguais, mas  AUTHOR_NAME é diferente de " + result77 + " <r.getInfo().get('Author')>"
"Era esperado valores iguais, mas  TITLE é diferente de " + result78 + " <r.getInfo().get('Title')>"
"Era esperado valores iguais, mas " + result79 + " <Document.getVersion()> é diferente de " + result80 + " <r.getInfo().get('Producer')>"
"Era esperado valores iguais, mas  'Author1' é diferente de " + result81 + " <r.getInfo().get('Author')>"
"Era esperado valores iguais, mas  'Title2' é diferente de " + result82 + " <r.getInfo().get('Title')>"
"Era esperado valores iguais, mas  'Subject3' é diferente de " + result83 + " <r.getInfo().get('Subject')>"
"Era esperado valores iguais, mas " + result84 + " <pdfTextExtractor.getTextFromPage(1)> é diferente de " + " 'data\ttable'"
"Era esperado valores iguais, mas " + result85 + " <pdfTextExtractor.getTextFromPage(1)> é diferente de " + " 'ΧαίρετεGreek -'"
"Era esperado valores iguais, mas  1 é diferente de " + result86 + " <tree.size()>"
"Era esperado valores iguais, mas  pdfBoolean é diferente de " + result87 + " <tree.get(keyName)>"
"Era esperado não nulo, mas  o valor obtido foi nulo"
"Era esperado verdadeiro, mas " + result88 + " <sData.contains('(LibreOffice 6.0; modified using OpenPDF')> é falso"
"Era esperado não nulo, mas  o valor obtido foi nulo"
"Era esperado verdadeiro, mas " + result89 + " <result.contains('2. This is chapter 2')> é falso"
"Era esperado verdadeiro, mas " + result90 + " <result.contains('watermark-concatenate')> é falso"
"Era esperado arrays iguais, mas  expectedOutput é diferente de " + result91 + " <str.toCharArray()>"
"Era esperado arrays iguais, mas  expectedOutput é diferente de " + result92 + " <str.toCharArray()>"
"Era esperado arrays iguais, mas  expectedOutput é diferente de " + result93 + " <str.toCharArray()>"
"Era esperado valores iguais, mas  '✧❒❅❅❋' é diferente de " + result94 + " <pdfTextExtractor.getTextFromPage(1)>"
"Era esperado valores iguais, mas  'ετε' é diferente de " + result95 + " <pdfTextExtractor.getTextFromPage(1)>"
"Era esperado valores iguais, mas " + result96 + " <font.getStyle()> é diferente de " + " style"
"Era esperado verdadeiro, mas " + result97 + " <FileUtils.contentEquals(original, current)> é falso"
"Era esperado não nulo, mas  o valor obtido foi nulo"
"Era esperado valores iguais, mas  3 é diferente de " + result98 + " <list.size()>"
"Era esperado não nulo, mas  o valor obtido foi nulo"
"Era esperado valores iguais, mas  3 é diferente de " + result99 + " <list.size()>"
"Era esperado valores iguais, mas  'ABC' é diferente de " + result100 + " <list.get(0).get('Title')>"
"Era esperado valores iguais, mas  '' é diferente de " + result101 + " <list.get(1).get('Title')>"
"Era esperado valores iguais, mas  '' é diferente de " + result102 + " <list.get(2).get('Title')>"
"Era esperado valores iguais, mas  text é diferente de " + " 'Hier fetter Text'"
