"Era esperado valores iguais, mas  '0' é diferente de " + result0 + " <result.get('score')>"
"Era esperado não nulo, mas " + result1 + " <result.get('entity.0.fullValue')> é nulo"
"Era esperado não nulo, mas " + result2 + " <result.get('entity.1.fullValue')> é nulo"
"Era esperado não nulo, mas  o valor obtido foi nulo"
"Era esperado valores iguais, mas  DomainAccessType.GIZMO é diferente de " + result3 + " <solverConfig.getDomainAccessType()>"
"Era esperado valores iguais, mas  TestdataQuarkusSolution.class é diferente de " + result4 + " <solverConfig.getSolutionClass()>"
"Era esperado valores iguais, mas " + result5 + " <Collections.singletonList(TestdataQuarkusEntity.class)> é diferente de " + result6 + " <solverConfig.getEntityClassList()>"
"Era esperado valores iguais, mas  TestdataQuarkusConstraintProvider.class é diferente de " + result7 + " <solverConfig.getScoreDirectorFactoryConfig().getConstraintProviderClass()>"
"Era esperado valores iguais, mas  3L é diferente de " + result8 + " <solverConfig.getTerminationConfig().getSecondsSpentLimit().longValue()>"
"Era esperado não nulo, mas  o valor obtido foi nulo"
"Era esperado não nulo, mas " + result9 + " <solverFactory.buildSolver()> é nulo"
"Era esperado não nulo, mas  o valor obtido foi nulo"
"Era esperado valores iguais, mas  TestdataQuarkusSolution.class é diferente de " + result10 + " <solverConfig.getSolutionClass()>"
"Era esperado valores iguais, mas  DomainAccessType.GIZMO é diferente de " + result11 + " <solverConfig.getDomainAccessType()>"
"Era esperado valores iguais, mas " + result12 + " <Collections.singletonList(TestdataQuarkusEntity.class)> é diferente de " + result13 + " <solverConfig.getEntityClassList()>"
"Era esperado valores iguais, mas  TestdataQuarkusConstraintProvider.class é diferente de " + result14 + " <solverConfig.getScoreDirectorFactoryConfig().getConstraintProviderClass()>"
"Era esperado valores iguais, mas  2L é diferente de " + result15 + " <solverConfig.getTerminationConfig().getSecondsSpentLimit().longValue()>"
"Era esperado não nulo, mas  o valor obtido foi nulo"
"Era esperado não nulo, mas " + result16 + " <solverFactory.buildSolver()> é nulo"
"Era esperado valores iguais, mas  EnvironmentMode.FULL_ASSERT é diferente de " + result17 + " <solverConfig.getEnvironmentMode()>"
"Era esperado verdadeiro, mas " + result18 + " <solverConfig.getDaemon()> é falso"
"Era esperado valores iguais, mas  '2' é diferente de " + result19 + " <solverConfig.getMoveThreadCount()>"
"Era esperado valores iguais, mas  DomainAccessType.REFLECTION é diferente de " + result20 + " <solverConfig.getDomainAccessType()>"
"Era esperado valores iguais, mas  null é diferente de " + result21 + " <solverConfig.getScoreDirectorFactoryConfig().getConstraintStreamImplType()>"
"Era esperado não nulo, mas  o valor obtido foi nulo"
"Era esperado valores iguais, mas " + result22 + " <Duration.ofHours(4)> é diferente de " + result23 + " <solverConfig.getTerminationConfig().getSpentLimit()>"
"Era esperado valores iguais, mas " + result24 + " <Duration.ofHours(5)> é diferente de " + result25 + " <solverConfig.getTerminationConfig().getUnimprovedSpentLimit()>"
"Era esperado valores iguais, mas " + result26 + " <SimpleScore.of(0).toString()> é diferente de " + result27 + " <solverConfig.getTerminationConfig().getBestScoreLimit()>"
"Era esperado não nulo, mas  o valor obtido foi nulo"
"Era esperado valores iguais, mas  TestdataQuarkusSolution.class é diferente de " + result28 + " <solverConfig.getSolutionClass()>"
"Era esperado valores iguais, mas  DomainAccessType.GIZMO é diferente de " + result29 + " <solverConfig.getDomainAccessType()>"
"Era esperado valores iguais, mas " + result30 + " <Collections.singletonList(TestdataQuarkusEntity.class)> é diferente de " + result31 + " <solverConfig.getEntityClassList()>"
"Era esperado valores iguais, mas  TestdataQuarkusConstraintProvider.class é diferente de " + result32 + " <solverConfig.getScoreDirectorFactoryConfig().getConstraintProviderClass()>"
"Era esperado nulo, mas " + result33 + " <solverConfig.getTerminationConfig().getSecondsSpentLimit()> não é nulo"
"Era esperado não nulo, mas  o valor obtido foi nulo"
"Era esperado não nulo, mas " + result34 + " <solverFactory.buildSolver()> é nulo"
"Era esperado não nulo, mas  o valor obtido foi nulo"
"Era esperado valores iguais, mas  'secondsSpentLimit=2' é diferente de " + " resp"
"Era esperado valores iguais, mas  'secondsSpentLimit=9' é diferente de " + " resp"
"Era esperado não nulo, mas  o valor obtido foi nulo"
"Era esperado valores iguais, mas " + result35 + " <entityList.size()> é diferente de " + result36 + " <solution.getEntityList().size()>"
"A execução falhou por uma causa deliberada"
"Era esperado não nulo, mas  o valor obtido foi nulo"
"Era esperado não nulo, mas  o valor obtido foi nulo"
"Era esperado objetos iguais, mas " + result37 + " <((DefaultSolverFactory<?>) solverFactory).getScoreDirectorFactory()> é diferente de " + result38 + " <((DefaultSolutionManager<?, ?>) solutionManager).getScoreDirectorFactory()>"
"Era esperado não nulo, mas  o valor obtido foi nulo"
"Era esperado objetos iguais, mas  solverFactory é diferente de " + result39 + " <((DefaultSolverManager<TestDataKitchenSinkSolution, Long>) solverManager).getSolverFactory()>"
"Era esperado não nulo, mas  o valor obtido foi nulo"
"Era esperado valores iguais, mas  1 é diferente de " + result40 + " <solution.getPlanningEntityProperty().testGetIntVariable()>"
"Era esperado valores iguais, mas  'A' é diferente de " + result41 + " <solution.getPlanningEntityProperty().testGetStringVariable()>"
"Era esperado não nulo, mas  o valor obtido foi nulo"
"Era esperado objetos iguais, mas " + result42 + " <((DefaultSolverFactory<TestdataQuarkusSolution>) solverFactory).getScoreDirectorFactory()> é diferente de " + result43 + " <((DefaultSolutionManager<TestdataQuarkusSolution, SimpleScore>) solutionManager).getScoreDirectorFactory()>"
"Era esperado não nulo, mas  o valor obtido foi nulo"
"Era esperado objetos iguais, mas  solverFactory é diferente de " + result44 + " <((DefaultSolverManager<TestdataQuarkusSolution, Long>) solverManager).getSolverFactory()>"
"Era esperado não nulo, mas  o valor obtido foi nulo"
"Era esperado não nulo, mas  o valor obtido foi nulo"
"Era esperado verdadeiro, mas o valor obtido é falso"
"Era esperado valores iguais, mas " + result45 + " <solution.score.score()> é diferente de " + " 0"
"Era esperado valores iguais, mas  '7' é diferente de " + result46 + " <solverConfigProperties.get('termination.bestScoreLimit')>"
"Era esperado valores iguais, mas  '3' é diferente de " + result47 + " <solverConfigProperties.get('moveThreadCount')>"
"Era esperado valores iguais, mas  '10' é diferente de " + result48 + " <solverManagerProperties.get('parallelSolverCount')>"
"Era esperado valores iguais, mas  TestdataQuarkusConstraintProvider.class é diferente de " + result49 + " <solverConfig.getScoreDirectorFactoryConfig().getConstraintProviderClass()>"
"Era esperado não nulo, mas " + result50 + " <solverFactory.buildSolver()> é nulo"
"Era esperado valores iguais, mas " + result51 + " <Collections.singletonList(CONSTRAINTS_DRL)> é diferente de " + result52 + " <solverConfig.getScoreDirectorFactoryConfig().getScoreDrlList()>"
"Era esperado não nulo, mas " + result53 + " <solverFactory.buildSolver()> é nulo"
"Era esperado valores iguais, mas " + result54 + " <Collections.singletonList('constraints.drl')> é diferente de " + result55 + " <solverConfig.getScoreDirectorFactoryConfig().getScoreDrlList()>"
"Era esperado não nulo, mas " + result56 + " <solverFactory.buildSolver()> é nulo"
"Era esperado não nulo, mas  o valor obtido foi nulo"
"Era esperado objetos iguais, mas " + result57 + " <((DefaultSolverFactory<TestdataQuarkusSolution>) solverFactory).getScoreDirectorFactory()> é diferente de " + result58 + " <((DefaultSolutionManager<TestdataQuarkusSolution, SimpleScore>) solutionManager).getScoreDirectorFactory()>"
"Era esperado não nulo, mas  o valor obtido foi nulo"
"Era esperado objetos iguais, mas  solverFactory é diferente de " + result59 + " <((DefaultSolverManager<TestdataQuarkusSolution, Long>) solverManager).getSolverFactory()>"
"Era esperado não nulo, mas  o valor obtido foi nulo"
"Era esperado não nulo, mas  o valor obtido foi nulo"
"Era esperado verdadeiro, mas o valor obtido é falso"
"Era esperado valores iguais, mas  'Extra Data' é diferente de " + result60 + " <solution.getExtraData()>"
"Era esperado valores iguais, mas  ConstraintStreamImplType.BAVET é diferente de " + result61 + " <solverConfig.getScoreDirectorFactoryConfig().getConstraintStreamImplType()>"
"Era esperado não nulo, mas  o valor obtido foi nulo"
"A execução falhou por uma causa deliberada"
"Era esperado valores iguais, mas  ConstraintStreamImplType.DROOLS é diferente de " + result62 + " <((DefaultConstraintVerifier<?, ?, ?>) constraintVerifier).getConstraintStreamImplType()>"
"Era esperado valores iguais, mas  !ConfigUtils.isNativeImage() é diferente de " + result63 + " <((DefaultConstraintVerifier<?, ?, ?>) constraintVerifier).isDroolsAlphaNetworkCompilationEnabled()>"
"Era esperado valores iguais, mas  ConstraintStreamImplType.BAVET é diferente de " + result64 + " <((DefaultConstraintVerifier<?, ?, ?>) constraintVerifier).getConstraintStreamImplType()>"
"Era esperado não nulo, mas  o valor obtido foi nulo"
"Era esperado verdadeiro, mas " + result65 + " <Files.isDirectory(benchmarkResultDirectoryPath)> é falso"
"Era esperado verdadeiro, mas " + result66 + " <Files.isRegularFile(benchmarkResultPath)> é falso"
"Era esperado verdadeiro, mas " + result67 + " <xmlPath.getBoolean('plannerBenchmarkResult.solverBenchmarkResult.singleBenchmarkResult.subSingleBenchmarkResult.succeeded')> é falso"
"Era esperado valores iguais, mas  TestdataQuarkusSolution.class é diferente de " + result68 + " <solverConfig.getSolutionClass()>"
"Era esperado valores iguais, mas  2 é diferente de " + result69 + " <solverConfig.getEntityClassList().size()>"
"Era esperado verdadeiro, mas " + result70 + " <solverConfig.getEntityClassList().contains(TestdataQuarkusEntity.class)> é falso"
"Era esperado verdadeiro, mas " + result71 + " <solverConfig.getEntityClassList().contains(TestdataQuarkusOtherEntity.class)> é falso"
"Era esperado valores iguais, mas  5 é diferente de " + result72 + " <plannerBenchmarkConfig.getInheritedSolverBenchmarkConfig().getSolverConfig().getTerminationConfig().getMillisecondsSpentLimit()>"
"Era esperado valores iguais, mas " + result73 + " <List.of(TestdataQuarkusEntity.class)> é diferente de " + result74 + " <plannerBenchmarkConfig.getInheritedSolverBenchmarkConfig().getSolverConfig().getEntityClassList()>"
"Era esperado valores iguais, mas  TestdataQuarkusSolution.class é diferente de " + result75 + " <childBenchmarkConfig.getSolverConfig().getSolutionClass()>"
"Era esperado nulo, mas " + result76 + " <childBenchmarkConfig.getSolverConfig().getEntityClassList()> não é nulo"
"Era esperado valores iguais, mas  TestdataQuarkusConstraintProvider.class é diferente de " + result77 + " <childBenchmarkConfig.getSolverConfig().getScoreDirectorFactoryConfig().getConstraintProviderClass()>"
"Era esperado valores iguais, mas  TestdataQuarkusConstraintProvider.class é diferente de " + result78 + " <childBenchmarkConfig.getSolverConfig().getSolutionClass()>"
"Era esperado nulo, mas " + result79 + " <childBenchmarkConfig.getSolverConfig().getEntityClassList()> não é nulo"
"Era esperado valores iguais, mas  TestdataQuarkusConstraintProvider.class é diferente de " + result80 + " <childBenchmarkConfig.getSolverConfig().getScoreDirectorFactoryConfig().getConstraintProviderClass()>"
"Era esperado valores iguais, mas  2 é diferente de " + result81 + " <plannerBenchmarkConfig.getSolverBenchmarkConfigList().get(0).getSolverConfig().getPhaseConfigList().size()>"
"Era esperado valores iguais, mas  3 é diferente de " + result82 + " <plannerBenchmarkConfig.getSolverBenchmarkConfigList().get(1).getSolverConfig().getPhaseConfigList().size()>"
"Era esperado valores iguais, mas  'The following ' + SolverBenchmarkConfig.class.getSimpleName() + ' do not ' + 'have termination configured: [First Fit and Local Search without Termination]. ' + 'At least one of the properties ' + 'quarkus.optaplanner.benchmark.solver.termination.spent-limit, ' + 'quarkus.optaplanner.benchmark.solver.termination.best-score-limit, ' + 'quarkus.optaplanner.benchmark.solver.termination.unimproved-spent-limit ' + 'is required if termination is not configured in a solver benchmark and the ' + 'inherited solver benchmark config.' é diferente de " + result83 + " <exception.getMessage()>"
"Era esperado valores iguais, mas  'At least one of the properties quarkus.optaplanner.benchmark.solver.termination.spent-limit, quarkus.optaplanner.benchmark.solver.termination.best-score-limit, quarkus.optaplanner.benchmark.solver.termination.unimproved-spent-limit is required if termination is not configured in the inherited solver benchmark config and solverBenchmarkBluePrint is used.' é diferente de " + result84 + " <exception.getMessage()>"
