"Era esperado valores iguais, mas  expectedRegisterCount é diferente de " + " actualRegisterCount"
"Era esperado arrays iguais, mas  expectedLines é diferente de " + " actualLines"
"Era esperado valores iguais, mas  Opcode.IGET é diferente de " + result0 + " <UnreflectionStrategy.getGetOpcode('I', isStatic)>"
"Era esperado valores iguais, mas  Opcode.IGET_BOOLEAN é diferente de " + result1 + " <UnreflectionStrategy.getGetOpcode('Z', isStatic)>"
"Era esperado valores iguais, mas  Opcode.IGET_BYTE é diferente de " + result2 + " <UnreflectionStrategy.getGetOpcode('B', isStatic)>"
"Era esperado valores iguais, mas  Opcode.IGET_CHAR é diferente de " + result3 + " <UnreflectionStrategy.getGetOpcode('C', isStatic)>"
"Era esperado valores iguais, mas  Opcode.IGET_OBJECT é diferente de " + result4 + " <UnreflectionStrategy.getGetOpcode('Ljava/lang/Object;', isStatic)>"
"Era esperado valores iguais, mas  Opcode.IGET_SHORT é diferente de " + result5 + " <UnreflectionStrategy.getGetOpcode('S', isStatic)>"
"Era esperado valores iguais, mas  Opcode.IGET_WIDE é diferente de " + result6 + " <UnreflectionStrategy.getGetOpcode('J', isStatic)>"
"Era esperado valores iguais, mas  Opcode.IGET_WIDE é diferente de " + result7 + " <UnreflectionStrategy.getGetOpcode('D', isStatic)>"
"Era esperado valores iguais, mas  Opcode.SGET é diferente de " + result8 + " <UnreflectionStrategy.getGetOpcode('I', isStatic)>"
"Era esperado valores iguais, mas  Opcode.SGET_BOOLEAN é diferente de " + result9 + " <UnreflectionStrategy.getGetOpcode('Z', isStatic)>"
"Era esperado valores iguais, mas  Opcode.SGET_BYTE é diferente de " + result10 + " <UnreflectionStrategy.getGetOpcode('B', isStatic)>"
"Era esperado valores iguais, mas  Opcode.SGET_CHAR é diferente de " + result11 + " <UnreflectionStrategy.getGetOpcode('C', isStatic)>"
"Era esperado valores iguais, mas  Opcode.SGET_OBJECT é diferente de " + result12 + " <UnreflectionStrategy.getGetOpcode('Ljava/lang/Object;', isStatic)>"
"Era esperado valores iguais, mas  Opcode.SGET_SHORT é diferente de " + result13 + " <UnreflectionStrategy.getGetOpcode('S', isStatic)>"
"Era esperado valores iguais, mas  Opcode.SGET_WIDE é diferente de " + result14 + " <UnreflectionStrategy.getGetOpcode('J', isStatic)>"
"Era esperado valores iguais, mas  Opcode.SGET_WIDE é diferente de " + result15 + " <UnreflectionStrategy.getGetOpcode('D', isStatic)>"
"Era esperado valores iguais, mas " + result16 + " <expected.getOpcode()> é diferente de " + result17 + " <actual.getOpcode()>"
"Era esperado falso, mas o valor é verdadeiro"
"Era esperado valores iguais, mas " + result18 + " <before.toSmali()> é diferente de " + result19 + " <after.toSmali()>"
"Era esperado valores iguais, mas  Opcode.GOTO_32 é diferente de " + result20 + " <instruction.getOpcode()>"
"Era esperado valores iguais, mas  4 é diferente de " + result21 + " <((OffsetInstruction) instruction).getCodeOffset()>"
"Era esperado valores iguais, mas  'Ljava/lang/Class;-forName(Ljava/lang/String;)Ljava/lang/Class;' é diferente de " + " methodDescriptor"
"Era esperado valores iguais, mas  Opcode.CONST_CLASS é diferente de " + result22 + " <instruction.getOpcode()>"
"Era esperado valores iguais, mas  0 é diferente de " + result23 + " <instruction.getRegisterA()>"
"Era esperado valores iguais, mas  expectedClassName é diferente de " + " actualClassName"
"Era esperado arrays iguais, mas  new int[] { 0 } é diferente de " + result24 + " <manipulator.getAddresses()>"
"Era esperado valores iguais, mas  'return-void' é diferente de " + result25 + " <manipulator.getOp(0).toString()>"
"Era esperado arrays iguais, mas  new int[] { 0, 2, 4 } é diferente de " + " addresses"
"Era esperado valores iguais, mas  'if-eqz r0, :addr_4' é diferente de " + result26 + " <manipulator.getOp(0).toString()>"
"Era esperado valores iguais, mas  'sget r0, Ljava/lang/Integer;-MAX_VALUE:I' é diferente de " + result27 + " <manipulator.getOp(2).toString()>"
"Era esperado valores iguais, mas  'return-void' é diferente de " + result28 + " <manipulator.getOp(4).toString()>"
"Era esperado arrays iguais, mas  new int[] { 0, 2 } é diferente de " + result29 + " <manipulator.getAddresses()>"
"Era esperado valores iguais, mas  'check-cast r0, Ljava/lang/Integer;' é diferente de " + result30 + " <manipulator.getOp(0).toString()>"
"Era esperado valores iguais, mas  'return-void' é diferente de " + result31 + " <manipulator.getOp(2).toString()>"
"Era esperado arrays iguais, mas  new int[] { 0, 2, 3, 6, 7, 9 } é diferente de " + result32 + " <manipulator.getAddresses()>"
"Era esperado valores iguais, mas  'if-eqz r1, :addr_7' é diferente de " + result33 + " <manipulator.getOp(0).toString()>"
"Era esperado valores iguais, mas  'const/4 r0, 0x0' é diferente de " + result34 + " <manipulator.getOp(2).toString()>"
"Era esperado valores iguais, mas  'invoke-static {r0}, Ljava/lang/Integer;-valueOf(I)Ljava/lang/Integer;' é diferente de " + result35 + " <manipulator.getOp(3).toString()>"
"Era esperado valores iguais, mas  'move-result r1' é diferente de " + result36 + " <manipulator.getOp(6).toString()>"
"Era esperado valores iguais, mas  'check-cast r1, Ljava/lang/Integer;' é diferente de " + result37 + " <manipulator.getOp(7).toString()>"
"Era esperado valores iguais, mas  'return-void' é diferente de " + result38 + " <manipulator.getOp(9).toString()>"
"Era esperado valores iguais, mas  'Ljava/lang/String;-init([B)V' é diferente de " + " methodDescriptor"
"Era esperado valores iguais, mas  Opcode.CONST_STRING é diferente de " + result39 + " <instruction.getOpcode()>"
"Era esperado valores iguais, mas  0 é diferente de " + result40 + " <instruction.getRegisterA()>"
"Era esperado valores iguais, mas  expectedConstant é diferente de " + " actualConstant"
"Era esperado valores iguais, mas  BuilderInstruction21c.class é diferente de " + result41 + " <manipulator.getInstruction(ADDRESS).getClass()>"
"Era esperado valores iguais, mas  Opcode.CONST_CLASS é diferente de " + result42 + " <instruction.getOpcode()>"
"Era esperado valores iguais, mas  0 é diferente de " + result43 + " <instruction.getRegisterA()>"
"Era esperado valores iguais, mas  CLASS_NAME é diferente de " + " actualClassName"
"Era esperado valores iguais, mas  BuilderInstruction21c.class é diferente de " + result44 + " <manipulator.getInstruction(ADDRESS).getClass()>"
"Era esperado valores iguais, mas  Opcode.CONST_CLASS é diferente de " + result45 + " <instruction.getOpcode()>"
"Era esperado valores iguais, mas  0 é diferente de " + result46 + " <instruction.getRegisterA()>"
"Era esperado valores iguais, mas  CLASS_NAME é diferente de " + " actualClassName"
"Era esperado valores iguais, mas  expected é diferente de " + " found"
"Era esperado valores iguais, mas  Opcode.INVOKE_DIRECT é diferente de " + result47 + " <instruction.getOpcode()>"
"Era esperado valores iguais, mas  0 é diferente de " + result48 + " <found.size()>"
"Era esperado valores iguais, mas  expected é diferente de " + " found"
"Era esperado valores iguais, mas  expected é diferente de " + " found"
"Era esperado valores iguais, mas  expected é diferente de " + " found"
"Era esperado valores iguais, mas  expected é diferente de " + " found"
"Era esperado valores iguais, mas  expected é diferente de " + " found"
"Era esperado valores iguais, mas  expected é diferente de " + " found"
"Era esperado valores iguais, mas  expected é diferente de " + " found"
"Era esperado valores iguais, mas  expected é diferente de " + " found"
"Era esperado valores iguais, mas  expected é diferente de " + " found"
"Era esperado valores iguais, mas " + result49 + " <expectedInstr.getOpcode()> é diferente de " + result50 + " <actualInstr.getOpcode()>"
"Era esperado verdadeiro, mas " + result51 + " <outFile.exists()> é falso"
"Era esperado verdadeiro, mas " + result52 + " <outFile.exists()> é falso"
"Era esperado valores iguais, mas  0 é diferente de " + result53 + " <template.getChildren().size()>"
"Era esperado não nulo, mas " + result54 + " <template.getOp().getChildren()> é nulo"
"Era esperado valores iguais, mas " + result55 + " <template.getOp()> é diferente de " + result56 + " <node.getOp()>"
"Era esperado valores iguais, mas  1 é diferente de " + result57 + " <children.size()>"
"Era esperado valores iguais, mas  1 é diferente de " + " childLocations.length"
"Era esperado valores iguais, mas  node é diferente de " + result58 + " <child.getParent()>"
"Era esperado valores iguais, mas " + result59 + " <node.getContext()> é diferente de " + result60 + " <child.getContext().getParent()>"
"Era esperado valores iguais, mas " + result61 + " <childOp.getLocation()> é diferente de " + " childLocations[0]"
"Era esperado valores iguais, mas " + result62 + " <childOp.getLocation()> é diferente de " + " node.getOp().getChildren()[0]"
"Era esperado arrays iguais, mas  expectedAddresses é diferente de " + " actualAddresses"
"Era esperado arrays iguais, mas  new int[] { 0 } é diferente de " + result63 + " <parentState.getRegistersAssigned()>"
"Era esperado arrays iguais, mas  new int[] { 2 } é diferente de " + result64 + " <childState.getRegistersAssigned()>"
"Era esperado arrays iguais, mas  new int[] { 3 } é diferente de " + result65 + " <grandchildState.getRegistersAssigned()>"
"Era esperado valores iguais, mas  2 é diferente de " + result66 + " <manipulator.getTryBlocks().size()>"
"Era esperado valores iguais, mas  0 é diferente de " + result67 + " <manipulator.getTryBlocks().size()>"
"Era esperado valores iguais, mas  0 é diferente de " + result68 + " <consensus.getValue()>"
"Era esperado valores iguais, mas  1 é diferente de " + result69 + " <consensus.getValue()>"
"Era esperado valores iguais, mas  2 é diferente de " + result70 + " <consensus.getValue()>"
"Era esperado valores iguais, mas  1 é diferente de " + result71 + " <manipulator.getInstruction(3).getLocation().getLabels().size()>"
"Era esperado valores iguais, mas  1 é diferente de " + result72 + " <manipulator.getInstruction(3).getLocation().getLabels().size()>"
"Era esperado verdadeiro, mas " + result73 + " <configuration.isImmutable('Ljava/lang/String;')> é falso"
"Era esperado falso, mas " + result74 + " <configuration.isImmutable('[Ljava/lang/String;')> é verdadeiro "
"Era esperado falso, mas " + result75 + " <configuration.isImmutable('Ljava/lang/StringBuilder;')> é verdadeiro "
"Era esperado valores iguais, mas " + result76 + " <cmpValue.getClass()> é diferente de " + result77 + " <setItem.getValue().getValue().getClass()>"
"Era esperado valores iguais, mas  CMP_TYPE é diferente de " + result78 + " <setItem.getValue().getType()>"
"Era esperado valores iguais, mas  'cmp-long r0, r2, r4' é diferente de " + result79 + " <op.toString()>"
"Era esperado valores iguais, mas " + result80 + " <cmpValue.getClass()> é diferente de " + result81 + " <setItem.getValue().getValue().getClass()>"
"Era esperado valores iguais, mas  CMP_TYPE é diferente de " + result82 + " <setItem.getValue().getType()>"
"Era esperado valores iguais, mas  cmpValue é diferente de " + result83 + " <setItem.getValue().getValue()>"
"Era esperado valores iguais, mas  CMP_TYPE é diferente de " + result84 + " <setItem.getValue().getType()>"
"Era esperado valores iguais, mas  exceptionClass é diferente de " + result85 + " <item.getValue().getClass()>"
"Era esperado valores iguais, mas " + result86 + " <ClassNameUtils.toInternal(exceptionClass)> é diferente de " + result87 + " <item.getType()>"
"Era esperado valores iguais, mas  exceptionMessage é diferente de " + result88 + " <((Throwable) item.getValue()).getMessage()>"
"Era esperado valores iguais, mas  0 é diferente de " + " mState.getRegistersAssigned().length"
"Era esperado valores iguais, mas  '[[' + CLASS_NAME é diferente de " + result89 + " <consensus.getType()>"
"Era esperado valores iguais, mas  length é diferente de " + result90 + " <Array.getLength(consensus.getValue())>"
"Era esperado valores iguais, mas  '[[' + CLASS_NAME é diferente de " + result91 + " <actualClass.getName()>"
"Era esperado valores iguais, mas  '[' + CLASS_NAME é diferente de " + result92 + " <consensus.getType()>"
"Era esperado valores iguais, mas  length é diferente de " + result93 + " <Array.getLength(consensus.getValue())>"
"Era esperado valores iguais, mas  '[' + CLASS_NAME é diferente de " + result94 + " <actualClass.getName()>"
"Era esperado valores iguais, mas  exceptionClass é diferente de " + result95 + " <item.getValue().getClass()>"
"Era esperado valores iguais, mas " + result96 + " <ClassNameUtils.toInternal(exceptionClass)> é diferente de " + result97 + " <item.getType()>"
"Era esperado valores iguais, mas  0 é diferente de " + " mState.getRegistersAssigned().length"
"Era esperado valores iguais, mas  'div-long r' + DEST_REGISTER + ', r' + ARG1_REGISTER + ', r' + ARG2_REGISTER é diferente de " + result98 + " <op.toString()>"
"Era esperado valores iguais, mas  'double-to-float r' + REGISTER_A + ', r' + REGISTER_B é diferente de " + result99 + " <op.toString()>"
"Era esperado objetos iguais, mas  register0 é diferente de " + " register1"
"Era esperado verdadeiro, mas o valor obtido é falso"
"Era esperado valores iguais, mas  'packed-switch-payload [1 - :addr_10, 2 - :addr_20]' é diferente de " + result100 + " <op.toString()>"
"Era esperado valores iguais, mas  exceptionClass é diferente de " + result101 + " <item.getValue().getClass()>"
"Era esperado valores iguais, mas " + result102 + " <ClassNameUtils.toInternal(exceptionClass)> é diferente de " + result103 + " <item.getType()>"
"Era esperado valores iguais, mas  0 é diferente de " + " mState.getRegistersAssigned().length"
"Era esperado valores iguais, mas  2 é diferente de " + result104 + " <exceptions.size()>"
"Era esperado verdadeiro, mas " + result105 + " <exceptionClasses.contains(ArrayIndexOutOfBoundsException.class)> é falso"
"Era esperado verdadeiro, mas " + result106 + " <exceptionClasses.contains(NullPointerException.class)> é falso"
"Era esperado valores iguais, mas  CommonTypes.OBJECT é diferente de " + result107 + " <item.getType()>"
"Era esperado valores iguais, mas  UnknownValue.class é diferente de " + result108 + " <item.getValue().getClass()>"
"Era esperado valores iguais, mas  exceptionClass é diferente de " + result109 + " <item.getValue().getClass()>"
"Era esperado valores iguais, mas " + result110 + " <ClassNameUtils.toInternal(exceptionClass)> é diferente de " + result111 + " <item.getType()>"
"Era esperado valores iguais, mas  item é diferente de " + " throwItem"
"Era esperado valores iguais, mas  exceptionClass é diferente de " + result112 + " <item.getValue().getClass()>"
"Era esperado valores iguais, mas " + result113 + " <ClassNameUtils.toInternal(exceptionClass)> é diferente de " + result114 + " <item.getType()>"
"Era esperado falso, mas " + result115 + " <graph.wasAddressReached(2)> é verdadeiro "
"Era esperado valores iguais, mas  0 é diferente de " + " mState.getRegistersAssigned().length"
"Era esperado valores iguais, mas  'monitor-exit r0' é diferente de " + result116 + " <node.getOp().toString()>"
"Era esperado valores iguais, mas  'monitor-enter r0' é diferente de " + result117 + " <node.getOp().toString()>"
"Era esperado valores iguais, mas  UnknownValue.class é diferente de " + result118 + " <setItem.getValue().getValue().getClass()>"
"Era esperado valores iguais, mas  '[I' é diferente de " + result119 + " <setItem.getValue().getType()>"
"Era esperado valores iguais, mas  'filled-new-array {r0, r1}, [I' é diferente de " + result120 + " <op.toString()>"
"Era esperado valores iguais, mas  UnknownValue.class é diferente de " + result121 + " <setItem.getValue().getValue().getClass()>"
"Era esperado valores iguais, mas  '[I' é diferente de " + result122 + " <setItem.getValue().getType()>"
"Era esperado valores iguais, mas  'filled-new-array/range {r0 .. r5}, [I' é diferente de " + result123 + " <op.toString()>"
"Era esperado valores iguais, mas  'iput r' + REGISTER_A + ', r' + REGISTER_B + ', Lsome/class;-someMethod:I' é diferente de " + result124 + " <op.toString()>"
"Era esperado valores iguais, mas  'Lhash_code;' é diferente de " + result125 + " <consensus.getType()>"
"Era esperado valores iguais, mas  'Lextends_enum;' é diferente de " + result126 + " <consensus.getType()>"
"Era esperado valores iguais, mas  exceptionClass é diferente de " + result127 + " <item.getValue().getClass()>"
"Era esperado valores iguais, mas " + result128 + " <ClassNameUtils.toInternal(exceptionClass)> é diferente de " + result129 + " <item.getType()>"
"Era esperado valores iguais, mas  item é diferente de " + " throwItem"
"Era esperado valores iguais, mas  instanceClassName é diferente de " + result130 + " <consensus.getType()>"
"Era esperado valores iguais, mas " + result131 + " <virtualClass.getName()> é diferente de " + result132 + " <consensus.getValue().getClass().getName()>"
"Era esperado valores iguais, mas  instanceClassName é diferente de " + result133 + " <consensus.getType()>"
"Era esperado valores iguais, mas " + result134 + " <virtualClass.getName()> é diferente de " + result135 + " <consensus.getValue().getClass().getName()>"
"Era esperado valores iguais, mas  instanceClassName é diferente de " + result136 + " <consensus.getType()>"
"Era esperado valores iguais, mas " + result137 + " <virtualClass.getName()> é diferente de " + result138 + " <consensus.getValue().getClass().getName()>"
"Era esperado valores iguais, mas  exceptionClass é diferente de " + result139 + " <item.getValue().getClass()>"
"Era esperado valores iguais, mas " + result140 + " <ClassNameUtils.toInternal(exceptionClass)> é diferente de " + result141 + " <item.getType()>"
"Era esperado valores iguais, mas  CLASS_NAME é diferente de " + result142 + " <consensus.getType()>"
"Era esperado valores iguais, mas  virtualClass é diferente de " + result143 + " <consensus.getValue().getClass()>"
"Era esperado valores iguais, mas  CLASS_NAME é diferente de " + result144 + " <consensus.getType()>"
"Era esperado valores iguais, mas " + result145 + " <virtualClass.getName()> é diferente de " + result146 + " <consensus.getValue().getClass().getName()>"
"Era esperado nulo, mas o valor obtido não é nulo"
"Era esperado valores iguais, mas " + result147 + " <instance.getClass()> é diferente de " + result148 + " <consensus.getValue()>"
"Era esperado valores iguais, mas " + result149 + " <exception.getMessage()> é diferente de " + " 'Can't find Smali file for Lim_not_your_friend_buddy;'"
"Era esperado valores iguais, mas  'invoke-static {}, ' + CLASS_NAME + '-returnVoid()V' é diferente de " + result150 + " <op.toString()>"
"Era esperado valores iguais, mas " + result151 + " <exception.getMessage()> é diferente de " + " 'Can't find Smali file for Lsome/unknown/classzzzzz;'"
"Era esperado valores iguais, mas  1 é diferente de " + result152 + " <graph.getNodePile(ADDRESS_NOP).size()>"
"Era esperado valores iguais, mas  2 é diferente de " + result153 + " <graph.getNodePile(ADDRESS_RETURN).size()>"
"Era esperado valores iguais, mas  'if-ge r2, r4, :addr_0' é diferente de " + result154 + " <op.toString()>"
"Era esperado valores iguais, mas  exceptionClass é diferente de " + result155 + " <item.getValue().getClass()>"
"Era esperado valores iguais, mas " + result156 + " <ClassNameUtils.toInternal(exceptionClass)> é diferente de " + result157 + " <item.getType()>"
"Era esperado valores iguais, mas  exceptionMessage é diferente de " + result158 + " <((Throwable) item.getValue()).getMessage()>"
"Era esperado valores iguais, mas  0 é diferente de " + " mState.getRegistersAssigned().length"
"Era esperado valores iguais, mas  exceptionClass é diferente de " + result159 + " <item.getValue().getClass()>"
"Era esperado valores iguais, mas " + result160 + " <ClassNameUtils.toInternal(exceptionClass)> é diferente de " + result161 + " <item.getType()>"
"Era esperado valores iguais, mas  exceptionMessage é diferente de " + result162 + " <((Throwable) item.getValue()).getMessage()>"
"Era esperado valores iguais, mas  0 é diferente de " + " mState.getRegistersAssigned().length"
"Era esperado valores iguais, mas  UnknownValue.class é diferente de " + result163 + " <setItem.getValue().getValue().getClass()>"
"Era esperado valores iguais, mas  'I' é diferente de " + result164 + " <setItem.getValue().getType()>"
"Era esperado valores iguais, mas  'iget r' + REGISTER_A + ', r' + REGISTER_B + ', Lsome/class;-someMethod:I' é diferente de " + result165 + " <op.toString()>"
"Era esperado valores iguais, mas  expected é diferente de " + result166 + " <state.toString()>"
"Era esperado valores iguais, mas  expected é diferente de " + result167 + " <state.toString(false)>"
"Era esperado arrays iguais, mas  expected é diferente de " + " actual"
"Era esperado valores iguais, mas  CommonTypes.OBJECT é diferente de " + result168 + " <item.getType()>"
"Era esperado valores iguais, mas  CommonTypes.OBJECT é diferente de " + result169 + " <item.getType()>"
"Era esperado valores iguais, mas  CommonTypes.STRING é diferente de " + result170 + " <item.getType()>"
"Era esperado valores iguais, mas  CommonTypes.OBJECT é diferente de " + result171 + " <item.getType()>"
"Era esperado valores iguais, mas  CommonTypes.UNKNOWN é diferente de " + result172 + " <item.getType()>"
"Era esperado valores iguais, mas  '[' + CommonTypes.OBJECT é diferente de " + result173 + " <item.getType()>"
"Era esperado valores iguais, mas  expected é diferente de " + " digraph"
"A execução falhou por uma causa deliberada"
"Era esperado valores iguais, mas  handlerCodeAddress2 é diferente de " + " actual"
"Era esperado valores iguais, mas  handlerCodeAddress1 é diferente de " + " actual"
"Era esperado valores iguais, mas  handlerCodeAddress é diferente de " + " actual"
"Era esperado valores iguais, mas  expectedValue é diferente de " + result174 + " <instance.getValue()>"
"Era esperado valores iguais, mas  expectedValue é diferente de " + result175 + " <instance.getValue()>"
"Era esperado valores iguais, mas  2 é diferente de " + result176 + " <templateMethodState.getRegisterCount()>"
"Era esperado valores iguais, mas  1 é diferente de " + result177 + " <templateMethodState.getParameterCount()>"
"Era esperado valores iguais, mas  1 é diferente de " + " instanceRegister"
"Era esperado valores iguais, mas  CLASS_NAME é diferente de " + result178 + " <instanceItem.getType()>"
"Era esperado valores iguais, mas  UnknownValue.class é diferente de " + result179 + " <instanceItem.getValue().getClass()>"
"Era esperado valores iguais, mas  1 é diferente de " + result180 + " <templateMethodState.getRegisterCount()>"
"Era esperado valores iguais, mas  1 é diferente de " + result181 + " <templateMethodState.getParameterCount()>"
"Era esperado valores iguais, mas  0 é diferente de " + " instanceRegister"
"Era esperado valores iguais, mas  CLASS_NAME é diferente de " + result182 + " <instanceItem.getType()>"
"Era esperado valores iguais, mas  UninitializedInstance.class é diferente de " + result183 + " <instanceItem.getValue().getClass()>"
"Era esperado valores iguais, mas  CommonTypes.STRING é diferente de " + result184 + " <virtualClass.getName()>"
"Era esperado valores iguais, mas  CommonTypes.STRING é diferente de " + result185 + " <virtualClass.getName()>"
"Era esperado valores iguais, mas  CommonTypes.INTEGER é diferente de " + result186 + " <virtualType.getName()>"
"Era esperado verdadeiro, mas o valor obtido é falso"
"Era esperado valores iguais, mas  CommonTypes.INTEGER é diferente de " + result187 + " <virtualType.getName()>"
"Era esperado verdadeiro, mas o valor obtido é falso"
"Era esperado valores iguais, mas  typeSignature é diferente de " + result188 + " <virtualType.getName()>"
"Era esperado verdadeiro, mas o valor obtido é falso"
"Era esperado valores iguais, mas  '[' + CommonTypes.STRING é diferente de " + result189 + " <virtualType.getName()>"
"Era esperado verdadeiro, mas o valor obtido é falso"
"Era esperado verdadeiro, mas o valor obtido é falso"
"Era esperado valores iguais, mas  klazz é diferente de " + result190 + " <enumConstant.getClass()>"
"Era esperado arrays iguais, mas  expectedEnumStrings é diferente de " + " enumStrings"
"Era esperado valores iguais, mas  klazz é diferente de " + result191 + " <enumConstant.getClass()>"
"Era esperado valores iguais, mas " + result192 + " <exception.getMessage()> é diferente de " + " 'does/not/exist'"
"Era esperado valores iguais, mas  1 é diferente de " + result193 + " <methods1.size()>"
"Era esperado valores iguais, mas  1 é diferente de " + result194 + " <methods2.size()>"
"Era esperado valores iguais, mas " + result195 + " <methods1.get(0).getReturnType()> é diferente de " + " klazz2"
"Era esperado valores iguais, mas " + result196 + " <methods2.get(0).getReturnType()> é diferente de " + " klazz1"
"Era esperado valores iguais, mas  2 é diferente de " + result197 + " <fields.size()>"
"Era esperado valores iguais, mas  'public static int org.cf.test.OverloadedFields.field1' é diferente de " + result198 + " <fields.get(0).toString()>"
"Era esperado valores iguais, mas  'public static java.lang.Object org.cf.test.OverloadedFields.field1' é diferente de " + result199 + " <fields.get(1).toString()>"
"Era esperado valores iguais, mas  superName é diferente de " + result200 + " <superClass.getName()>"
"Era esperado valores iguais, mas  superClass é diferente de " + result201 + " <klazz.getSuperclass()>"
"Era esperado valores iguais, mas  6 é diferente de " + result202 + " <methods.size()>"
"Era esperado valores iguais, mas  1 é diferente de " + result203 + " <fields.size()>"
"Era esperado valores iguais, mas  1 é diferente de " + result204 + " <fields.size()>"
"Era esperado valores iguais, mas  arrayClass é diferente de " + result205 + " <fields.get(0).getType()>"
"Era esperado valores iguais, mas  1 é diferente de " + result206 + " <methods.size()>"
"Era esperado valores iguais, mas  1 é diferente de " + " parameterTypes.length"
"Era esperado valores iguais, mas  klazz é diferente de " + " parameterTypes[0]"
"Era esperado valores iguais, mas  1 é diferente de " + result207 + " <methods.size()>"
"Era esperado valores iguais, mas  'public static void ' + className + '.simpleLoop(int,java.lang.Object)' é diferente de " + result208 + " <methods.get(0).toString()>"
"Era esperado valores iguais, mas " + result209 + " <exception.getMessage()> é diferente de " + " nonExistentClassName"
"Era esperado valores iguais, mas " + result210 + " <exception.getMessage()> é diferente de " + " nonExistentClassName"
"Era esperado valores iguais, mas  0 é diferente de " + result211 + " <alwaysZeroItem.getValue()>"
"Era esperado valores iguais, mas  0 é diferente de " + result212 + " <testInt1Item.getValue()>"
"Era esperado valores iguais, mas  1 é diferente de " + result213 + " <testInt2Item.getValue()>"
"Era esperado valores iguais, mas  ArrayList.class é diferente de " + result214 + " <item.getValue().getClass()>"
"Era esperado valores iguais, mas  1 é diferente de " + result215 + " <list.size()>"
"Era esperado valores iguais, mas  'added item!' é diferente de " + result216 + " <list.get(0)>"
"Era esperado valores iguais, mas  item é diferente de " + " fieldItem"
"Era esperado valores iguais, mas  ArrayList.class é diferente de " + result217 + " <item.getValue().getClass()>"
"Era esperado valores iguais, mas  1 é diferente de " + result218 + " <list.size()>"
"Era esperado valores iguais, mas  'added item!' é diferente de " + result219 + " <list.get(0)>"
"Era esperado valores iguais, mas  item é diferente de " + " fieldItem"
"Era esperado valores iguais, mas  expectedImmediateAncestors é diferente de " + " ancestors"
"Era esperado valores iguais, mas  expectedImmediateAncestors é diferente de " + " ancestors"
"Era esperado valores iguais, mas  expectedAncestors é diferente de " + " ancestors"
"Era esperado valores iguais, mas  expectedAncestors é diferente de " + " ancestors"
"Era esperado valores iguais, mas  fieldType é diferente de " + result220 + " <returnItem.getType()>"
"Era esperado valores iguais, mas  IllegalAccessException.class é diferente de " + result221 + " <actualException.getClass()>"
"Era esperado valores iguais, mas  error é diferente de " + result222 + " <actualException.getMessage()>"
"Era esperado valores iguais, mas  level é diferente de " + result223 + " <method.getSideEffectLevel()>"
"Era esperado valores iguais, mas  level é diferente de " + result224 + " <method.getSideEffectLevel()>"
"Era esperado valores iguais, mas  level é diferente de " + result225 + " <method.getSideEffectLevel()>"
"Era esperado valores iguais, mas  1 é diferente de " + result226 + " <method.getExceptions().size()>"
"Era esperado valores iguais, mas  exception é diferente de " + " actualException"
"Era esperado valores iguais, mas  SideEffect.Level.NONE é diferente de " + result227 + " <method.getSideEffectLevel()>"
"Era esperado valores iguais, mas  SideEffect.Level.NONE é diferente de " + result228 + " <graph.getHighestSideEffectLevel()>"
"Era esperado valores iguais, mas  SideEffect.Level.NONE é diferente de " + result229 + " <graph.getHighestSideEffectLevel()>"
"Era esperado valores iguais, mas  SideEffect.Level.NONE é diferente de " + result230 + " <graph.getHighestSideEffectLevel()>"
"Era esperado valores iguais, mas  SideEffect.Level.STRONG é diferente de " + result231 + " <graph.getHighestSideEffectLevel()>"
"Era esperado valores iguais, mas  SideEffect.Level.STRONG é diferente de " + result232 + " <graph.getHighestSideEffectLevel()>"
"Era esperado valores iguais, mas  SideEffect.Level.NONE é diferente de " + result233 + " <graph.getHighestSideEffectLevel()>"
"Era esperado valores iguais, mas  SideEffect.Level.WEAK é diferente de " + result234 + " <graph.getHighestSideEffectLevel()>"
"Era esperado valores iguais, mas  SideEffect.Level.NONE é diferente de " + result235 + " <graph.getHighestSideEffectLevel()>"
"Era esperado valores iguais, mas  SideEffect.Level.STRONG é diferente de " + result236 + " <graph.getHighestSideEffectLevel()>"
"Era esperado valores iguais, mas  SideEffect.Level.WEAK é diferente de " + result237 + " <graph.getHighestSideEffectLevel()>"
"Era esperado valores iguais, mas  SideEffect.Level.NONE é diferente de " + result238 + " <graph.getHighestSideEffectLevel()>"
"Era esperado valores iguais, mas  SideEffect.Level.NONE é diferente de " + result239 + " <graph.getHighestSideEffectLevel()>"
"Era esperado valores iguais, mas  SideEffect.Level.STRONG é diferente de " + result240 + " <graph.getHighestSideEffectLevel()>"
"Era esperado valores iguais, mas  EXCEPTION_CLASS_NAME é diferente de " + result241 + " <item.getType()>"
"Era esperado valores iguais, mas  UninitializedInstance.class é diferente de " + result242 + " <item.getValue().getClass()>"
"Era esperado valores iguais, mas  EXCEPTION_CLASS_NAME é diferente de " + result243 + " <instance.getType().getName()>"
"Era esperado valores iguais, mas  CommonTypes.UNKNOWN é diferente de " + result244 + " <item.getType()>"
"Era esperado verdadeiro, mas " + result245 + " <item.isUnknown()> é falso"
"Era esperado valores iguais, mas  expectedValue é diferente de " + result246 + " <fieldItem.getValue()>"
"Era esperado valores iguais, mas  expectedValue é diferente de " + result247 + " <fieldItem.getValue()>"
"Era esperado valores iguais, mas  expectedValue é diferente de " + result248 + " <fieldItem.getValue()>"
"Era esperado valores iguais, mas  expectedValue é diferente de " + result249 + " <fieldItem.getValue()>"
"Era esperado valores iguais, mas  expectedValue é diferente de " + result250 + " <fieldItem.getValue()>"
"Era esperado valores iguais, mas  expectedValue é diferente de " + result251 + " <fieldItem.getValue()>"
"Era esperado valores iguais, mas  expectedValue é diferente de " + result252 + " <fieldItem.getValue()>"
"Era esperado valores iguais, mas  expectedValue é diferente de " + result253 + " <fieldItem.getValue()>"
"Era esperado valores iguais, mas  EXPECTED_VALUE é diferente de " + result254 + " <item.getValue()>"
"Era esperado valores iguais, mas  EXPECTED_VALUE é diferente de " + " value"
"Era esperado valores iguais, mas  'parentMethod' é diferente de " + result255 + " <item.getValue()>"
"Era esperado arrays iguais, mas  expectedAddresses é diferente de " + " actualAddresses"
"Era esperado valores iguais, mas  exceptionClass é diferente de " + result256 + " <argument.getValue().getClass()>"
"Era esperado valores iguais, mas  message é diferente de " + result257 + " <argument.getValue().getMessage()>"
"Era esperado valores iguais, mas  'Lsome/class;' é diferente de " + " componentBase"
"Era esperado valores iguais, mas  'Lsome.class;' é diferente de " + " componentBase"
"Era esperado valores iguais, mas  'some.class' é diferente de " + " componentBase"
"Era esperado valores iguais, mas  '[[[[[Lsome/class;' é diferente de " + " componentType"
"Era esperado valores iguais, mas  '[[Lsome.class;' é diferente de " + " componentType"
"Era esperado valores iguais, mas  'some.class[][]' é diferente de " + " componentType"
"Era esperado valores iguais, mas  'some.package' é diferente de " + result258 + " <ClassNameUtils.getPackageName('Lsome/package/Class;')>"
"Era esperado valores iguais, mas  '' é diferente de " + result259 + " <ClassNameUtils.getPackageName('LSomeClass;')>"
"Era esperado valores iguais, mas  '' é diferente de " + result260 + " <ClassNameUtils.getPackageName('SomeClass')>"
"Era esperado valores iguais, mas  '' é diferente de " + result261 + " <ClassNameUtils.getPackageName('SomeClass[]')>"
"Era esperado valores iguais, mas  '' é diferente de " + result262 + " <ClassNameUtils.getPackageName('[LSomeClass;')>"
"Era esperado valores iguais, mas  'J' é diferente de " + " primitive"
"Era esperado valores iguais, mas  'J' é diferente de " + " primitive"
"Era esperado valores iguais, mas  'J' é diferente de " + " primitive"
"Era esperado valores iguais, mas  '[[[I' é diferente de " + " primitive"
"Era esperado valores iguais, mas  3 é diferente de " + " actual"
"Era esperado valores iguais, mas  'java.lang.Object' é diferente de " + result263 + " <ClassNameUtils.toFormat('Ljava/lang/Object;', TypeFormat.SOURCE)>"
"Era esperado valores iguais, mas  'java.lang.Object' é diferente de " + result264 + " <ClassNameUtils.toFormat('java.lang.Object', TypeFormat.SOURCE)>"
"Era esperado valores iguais, mas  'java.lang.Object[]' é diferente de " + result265 + " <ClassNameUtils.toFormat('[Ljava.lang.Object;', TypeFormat.SOURCE)>"
"Era esperado valores iguais, mas  'SomeClass' é diferente de " + result266 + " <ClassNameUtils.toFormat('LSomeClass;', TypeFormat.SOURCE)>"
"Era esperado valores iguais, mas  'SomeClass' é diferente de " + result267 + " <ClassNameUtils.toFormat('SomeClass', TypeFormat.SOURCE)>"
"Era esperado valores iguais, mas  'SomeClass[]' é diferente de " + result268 + " <ClassNameUtils.toFormat('[LSomeClass;', TypeFormat.SOURCE)>"
"Era esperado valores iguais, mas  '[Ljava/lang/Object;' é diferente de " + result269 + " <ClassNameUtils.toFormat('java.lang.Object[]', TypeFormat.INTERNAL)>"
"Era esperado valores iguais, mas  'I' é diferente de " + result270 + " <ClassNameUtils.toFormat('int', TypeFormat.INTERNAL)>"
"Era esperado valores iguais, mas  '[I' é diferente de " + result271 + " <ClassNameUtils.toFormat('int[]', TypeFormat.INTERNAL)>"
"Era esperado valores iguais, mas  '[Ljava/lang/Object;' é diferente de " + result272 + " <ClassNameUtils.toFormat('[Ljava.lang.Object;', TypeFormat.INTERNAL)>"
"Era esperado valores iguais, mas  '[Ljava/lang/Object;' é diferente de " + result273 + " <ClassNameUtils.toFormat('[Ljava/lang/Object;', TypeFormat.INTERNAL)>"
"Era esperado valores iguais, mas  '[Ljava.lang.Object;' é diferente de " + result274 + " <ClassNameUtils.toFormat('java.lang.Object[]', TypeFormat.BINARY)>"
"Era esperado valores iguais, mas  'java.lang.Object' é diferente de " + result275 + " <ClassNameUtils.toFormat('java.lang.Object', TypeFormat.BINARY)>"
"Era esperado valores iguais, mas  'java.lang.Object' é diferente de " + result276 + " <ClassNameUtils.toFormat('Ljava/lang/Object;', TypeFormat.BINARY)>"
"Era esperado valores iguais, mas  'int' é diferente de " + result277 + " <ClassNameUtils.toFormat('I', TypeFormat.BINARY)>"
"Era esperado valores iguais, mas  '[I' é diferente de " + result278 + " <ClassNameUtils.toFormat('[I', TypeFormat.BINARY)>"
"Era esperado valores iguais, mas  expected é diferente de " + " actual"
"Era esperado valores iguais, mas  expected é diferente de " + " actual"
"Era esperado valores iguais, mas  expected é diferente de " + " actual"
"Era esperado arrays iguais, mas  expected é diferente de " + " (int[]) actual"
"Era esperado arrays iguais, mas  expected é diferente de " + " (int[][]) actual"
"Era esperado arrays iguais, mas  expected é diferente de " + " (String[][][]) actual"
"Era esperado valores iguais, mas  expected é diferente de " + " actual"
"Era esperado valores iguais, mas  expected é diferente de " + " actual"
"Era esperado valores iguais, mas  3 é diferente de " + result279 + " <intToObject.size()>"
"Era esperado valores iguais, mas  'one' é diferente de " + result280 + " <intToObject.get(1)>"
"Era esperado valores iguais, mas  'two' é diferente de " + result281 + " <intToObject.get(4)>"
"Era esperado valores iguais, mas  'three' é diferente de " + result282 + " <intToObject.get(5)>"
"Era esperado valores iguais, mas  2 é diferente de " + result283 + " <intToObject.size()>"
"Era esperado valores iguais, mas  'two' é diferente de " + result284 + " <intToObject.get(1)>"
"Era esperado valores iguais, mas  'three' é diferente de " + result285 + " <intToObject.get(2)>"
"Era esperado valores iguais, mas  2 é diferente de " + result286 + " <typeNames.size()>"
"Era esperado valores iguais, mas  'typeRef1' é diferente de " + result287 + " <typeNames.get(0)>"
"Era esperado valores iguais, mas  'typeRef2' é diferente de " + result288 + " <typeNames.get(1)>"
"Era esperado valores iguais, mas  3 é diferente de " + " registerSize"
"Era esperado valores iguais, mas  true é diferente de " + result289 + " <Utils.castToPrimitive(Boolean.TRUE, 'Z')>"
"Era esperado valores iguais, mas  false é diferente de " + result290 + " <Utils.castToPrimitive(Boolean.FALSE, 'Ljava/lang/Boolean;')>"
"Era esperado valores iguais, mas  (byte) 1 é diferente de " + result291 + " <Utils.castToPrimitive(Boolean.TRUE, 'B')>"
"Era esperado valores iguais, mas  (byte) 0 é diferente de " + result292 + " <Utils.castToPrimitive(Boolean.FALSE, 'Ljava/lang/Byte;')>"
"Era esperado valores iguais, mas  1 é diferente de " + result293 + " <Utils.castToPrimitive(Boolean.TRUE, 'I')>"
"Era esperado valores iguais, mas  0 é diferente de " + result294 + " <Utils.castToPrimitive(Boolean.FALSE, 'Ljava/lang/Integer;')>"
"Era esperado valores iguais, mas  (short) 1 é diferente de " + result295 + " <Utils.castToPrimitive(Boolean.TRUE, 'S')>"
"Era esperado valores iguais, mas  (short) 0 é diferente de " + result296 + " <Utils.castToPrimitive(Boolean.FALSE, 'Ljava/lang/Short;')>"
"Era esperado valores iguais, mas  value1 é diferente de " + result297 + " <Utils.castToPrimitive(value1, 'C')>"
"Era esperado valores iguais, mas  value2 é diferente de " + result298 + " <Utils.castToPrimitive(Character.valueOf(value2), 'Ljava/lang/Character;')>"
"Era esperado valores iguais, mas  true é diferente de " + result299 + " <Utils.castToPrimitive((char) 1, 'Z')>"
"Era esperado valores iguais, mas  false é diferente de " + result300 + " <Utils.castToPrimitive((char) 0, 'Ljava/lang/Boolean;')>"
"Era esperado valores iguais, mas  (byte) value1 é diferente de " + result301 + " <Utils.castToPrimitive(value1, 'B')>"
"Era esperado valores iguais, mas  (byte) value2 é diferente de " + result302 + " <Utils.castToPrimitive(value2, 'Ljava/lang/Byte;')>"
"Era esperado valores iguais, mas  (int) value1 é diferente de " + result303 + " <Utils.castToPrimitive(value1, 'I')>"
"Era esperado valores iguais, mas  (int) value2 é diferente de " + result304 + " <Utils.castToPrimitive(value2, 'Ljava/lang/Integer;')>"
"Era esperado valores iguais, mas  (short) value1 é diferente de " + result305 + " <Utils.castToPrimitive(value1, 'S')>"
"Era esperado valores iguais, mas  (short) value2 é diferente de " + result306 + " <Utils.castToPrimitive(value2, 'Ljava/lang/Short;')>"
"Era esperado valores iguais, mas  (byte) value1 é diferente de " + result307 + " <Utils.castToPrimitive(Byte.valueOf((byte) value1), 'B')>"
"Era esperado valores iguais, mas  (byte) value2 é diferente de " + result308 + " <Utils.castToPrimitive(Byte.valueOf((byte) value2), 'Ljava/lang/Byte;')>"
"Era esperado valores iguais, mas  (double) value1 é diferente de " + result309 + " <Utils.castToPrimitive(Double.valueOf(value1), 'D')>"
"Era esperado valores iguais, mas  (double) value2 é diferente de " + result310 + " <Utils.castToPrimitive(Double.valueOf(value2), 'Ljava/lang/Double;')>"
"Era esperado valores iguais, mas  (float) value1 é diferente de " + result311 + " <Utils.castToPrimitive(Float.valueOf(value1), 'F')>"
"Era esperado valores iguais, mas  (float) value2 é diferente de " + result312 + " <Utils.castToPrimitive(Float.valueOf(value2), 'Ljava/lang/Float;')>"
"Era esperado valores iguais, mas  value1 é diferente de " + result313 + " <Utils.castToPrimitive(value1, 'I')>"
"Era esperado valores iguais, mas  value2 é diferente de " + result314 + " <Utils.castToPrimitive(value2, 'Ljava/lang/Integer;')>"
"Era esperado valores iguais, mas  (long) value1 é diferente de " + result315 + " <Utils.castToPrimitive(Long.valueOf(value1), 'J')>"
"Era esperado valores iguais, mas  (long) value2 é diferente de " + result316 + " <Utils.castToPrimitive(Long.valueOf(value2), 'Ljava/lang/Long;')>"
"Era esperado valores iguais, mas  (short) value1 é diferente de " + result317 + " <Utils.castToPrimitive(Short.valueOf((short) value1), 'S')>"
"Era esperado valores iguais, mas  (short) value2 é diferente de " + result318 + " <Utils.castToPrimitive(Short.valueOf((short) value2), 'Ljava/lang/Short;')>"
"Era esperado valores iguais, mas  (char) value1 é diferente de " + result319 + " <Utils.castToPrimitive(value1, 'C')>"
"Era esperado valores iguais, mas  (char) value2 é diferente de " + result320 + " <Utils.castToPrimitive(value2, 'Ljava/lang/Character;')>"
"Era esperado valores iguais, mas  true é diferente de " + result321 + " <Utils.castToPrimitive(1, 'Z')>"
"Era esperado valores iguais, mas  false é diferente de " + result322 + " <Utils.castToPrimitive(0, 'Ljava/lang/Boolean;')>"
