"Era esperado verdadeiro, mas o valor obtido é falso"
"Era esperado verdadeiro, mas " + result0 + " <contentAsString.contains('Swagger UI')> é falso"
"Era esperado valores iguais, mas  expected é diferente de " + " result"
"Era esperado verdadeiro, mas " + result1 + " <result.contains('window.ui')> é falso"
"Era esperado valores iguais, mas  expected é diferente de " + result2 + " <result.replace('\r', '')>"
"Era esperado verdadeiro, mas " + result3 + " <contentAsString.contains('Swagger UI')> é falso"
"Era esperado verdadeiro, mas " + result4 + " <contentAsString.contains('Swagger UI')> é falso"
"Era esperado verdadeiro, mas " + result5 + " <contentAsString.contains('Swagger UI')> é falso"
"Era esperado verdadeiro, mas " + result6 + " <contentAsString.contains('Swagger UI')> é falso"
"Era esperado verdadeiro, mas " + result7 + " <contentAsString.contains('Swagger UI')> é falso"
"Era esperado verdadeiro, mas " + result8 + " <transformedIndex.contains('window.ui')> é falso"
"Era esperado valores iguais, mas  'no-store' é diferente de " + result9 + " <mvcResult.getResponse().getHeader('Cache-Control')>"
"Era esperado valores iguais, mas " + result10 + " <this.getContent(fileName)> é diferente de " + result11 + " <transformedIndex.replace('\r', '')>"
"Era esperado verdadeiro, mas " + result12 + " <htmlResult.contains('window.ui')> é falso"
"Era esperado valores iguais, mas " + result13 + " <this.getContent(fileName)> é diferente de " + result14 + " <htmlResult.replace('\r', '')>"
"Era esperado verdadeiro, mas " + result15 + " <contentAsString.contains('Swagger UI')> é falso"
"Era esperado verdadeiro, mas " + result16 + " <contentAsString.contains('Swagger UI')> é falso"
"Era esperado verdadeiro, mas " + result17 + " <contentAsString.contains('Swagger UI')> é falso"
"Era esperado verdadeiro, mas " + result18 + " <contentAsString.contains('Swagger UI')> é falso"
"Era esperado verdadeiro, mas " + result19 + " <contentAsString.contains('Swagger UI')> é falso"
