"Era esperado valores iguais, mas  'Hey Ma' é diferente de " + " body"
"Era esperado nulo, mas " + result0 + " <Unirest.post(path).asString().getBody()> não é nulo"
"Era esperado valores iguais, mas  'bar' é diferente de " + result1 + " <Unirest.post(path).body('foo').asString().getBody()>"
"Era esperado valores iguais, mas  null é diferente de " + result2 + " <Unirest.get(path).asString().getBody()>"
"Era esperado valores iguais, mas  400 é diferente de " + result3 + " <res.getStatus()>"
"Era esperado valores iguais, mas  'wtf' é diferente de " + result4 + " <res.getStatusText()>"
"Era esperado valores iguais, mas  'boo' é diferente de " + result5 + " <res.getBody()>"
"Era esperado valores iguais, mas  'Hi' é diferente de " + result6 + " <Unirest.get(otherPath).asString().getBody()>"
"Era esperado valores iguais, mas  'Hey Buddy' é diferente de " + result7 + " <Unirest.get(path).asString().getBody()>"
"Era esperado valores iguais, mas  'Yeaaaah Buddy' é diferente de " + result8 + " <Unirest.get(path).asString().getBody()>"
"Era esperado valores iguais, mas  'Call Result' é diferente de " + result9 + " <response.getBody()>"
"Era esperado objetos iguais, mas  response é diferente de " + " interceptor.response"
"Era esperado valores iguais, mas  'two' é diferente de " + " result"
"Era esperado valores iguais, mas  'Boo!' é diferente de " + " err.say"
"Era esperado valores iguais, mas  'cool' é diferente de " + " result"
"Era esperado verdadeiro, mas o valor obtido é falso"
"Era esperado valores iguais, mas  'http://localhost/get/cheese/passed?fruit=apples' é diferente de " + result10 + " <sum.getUrl()>"
"Era esperado valores iguais, mas  'http://localhost/get/{params}/passed' é diferente de " + result11 + " <sum.getRawPath()>"
"Era esperado valores iguais, mas  HttpMethod.GET é diferente de " + result12 + " <sum.getHttpMethod()>"
"Era esperado valores iguais, mas  BAD_REQUEST é diferente de " + result13 + " <response.getStatus()>"
"Era esperado valores iguais, mas  'oh noes' é diferente de " + result14 + " <response.getStatusText()>"
"Era esperado valores iguais, mas  BAD_REQUEST é diferente de " + result15 + " <response.getStatus()>"
"Era esperado valores iguais, mas  '' é diferente de " + result16 + " <response.getStatusText()>"
"Era esperado valores iguais, mas  'Hello World' é diferente de " + result17 + " <Unirest.get(path).asString().getBody()>"
"Era esperado valores iguais, mas  'Hello World' é diferente de " + " new String(body)"
"Era esperado valores iguais, mas  'apple' é diferente de " + result18 + " <Unirest.get(path).asJson().getBody().getObject().getString('fruit')>"
"Era esperado valores iguais, mas  'apple' é diferente de " + result19 + " <Unirest.get(path).asJson().getBody().getObject().getString('fruit')>"
"Era esperado valores iguais, mas  'apple' é diferente de " + " pojo.fruit"
"Era esperado valores iguais, mas  'derp' é diferente de " + " pojo"
"Era esperado valores iguais, mas  'derp' é diferente de " + " pojo"
"Era esperado valores iguais, mas  'foo' é diferente de " + result20 + " <rez.getBody()>"
"Era esperado valores iguais, mas  'grover' é diferente de " + result21 + " <rez.getHeaders().getFirst('monster')>"
"Era esperado valores iguais, mas  null é diferente de " + result22 + " <rez.getBody()>"
"Era esperado valores iguais, mas  'grover' é diferente de " + result23 + " <rez.getHeaders().getFirst('monster')>"
"Era esperado valores iguais, mas  400 é diferente de " + result24 + " <httpResponse.getStatus()>"
"Era esperado valores iguais, mas  'Bad Request' é diferente de " + result25 + " <httpResponse.getBody()>"
"Era esperado valores iguais, mas  400 é diferente de " + result26 + " <httpResponse.getStatus()>"
"Era esperado valores iguais, mas  'howdy' é diferente de " + result27 + " <httpResponse.getBody().getObject().getString('message')>"
"Era esperado valores iguais, mas  400 é diferente de " + result28 + " <httpResponse.getStatus()>"
"Era esperado valores iguais, mas  'Pears' é diferente de " + " httpResponse.getBody().fruit"
"Era esperado objetos iguais, mas  client é diferente de " + result29 + " <Unirest.primaryInstance().config().getClient()>"
"Era esperado objetos iguais, mas  client é diferente de " + result30 + " <Unirest.primaryInstance().config().getAsyncClient()>"
"Era esperado falso, mas o valor é verdadeiro"
"Era esperado falso, mas o valor é verdadeiro"
"Era esperado objetos iguais, mas  client é diferente de " + result31 + " <i.config().getClient()>"
"Era esperado objetos iguais, mas  client é diferente de " + result32 + " <i.config().getAsyncClient()>"
"Era esperado falso, mas o valor é verdadeiro"
"Era esperado falso, mas o valor é verdadeiro"
"Era esperado valores iguais, mas  200 é diferente de " + result33 + " <response.getStatus()>"
"Era esperado valores iguais, mas  'Hi Mom' é diferente de " + result34 + " <response.getBody()>"
"Era esperado valores iguais, mas  'application/xml' é diferente de " + result35 + " <response.getHeaders().getFirst('Accept')>"
"Era esperado valores iguais, mas  400 é diferente de " + result36 + " <response.getStatus()>"
"Era esperado valores iguais, mas  'Hi Mom' é diferente de " + result37 + " <response.getParsingError().get().getOriginalBody()>"
"Era esperado valores iguais, mas  'Transformed!' é diferente de " + " response.mapError(TransformedError.class).message"
"Era esperado valores iguais, mas  'foo' é diferente de " + " test.text"
"Era esperado valores iguais, mas  42 é diferente de " + result38 + " <test.nmbr.intValue()>"
"Era esperado valores iguais, mas  'bar' é diferente de " + " test.another.text"
"Era esperado valores iguais, mas  666 é diferente de " + result39 + " <test.another.nmbr.intValue()>"
"Era esperado valores iguais, mas  null é diferente de " + " test.another.another"
"Era esperado valores iguais, mas  'foo' é diferente de " + " test.text"
"Era esperado valores iguais, mas  42 é diferente de " + result40 + " <test.nmbr.intValue()>"
"Era esperado valores iguais, mas  'bar' é diferente de " + " test.another.text"
"Era esperado valores iguais, mas  666 é diferente de " + result41 + " <test.another.nmbr.intValue()>"
"Era esperado valores iguais, mas  null é diferente de " + " test.another.another"
"Era esperado valores iguais, mas  '{\'text\':null,\'nmbr\':null,\'another\':null}' é diferente de " + result42 + " <om.writeValue(testMe)>"
"Era esperado valores iguais, mas  200 é diferente de " + " response"
"Era esperado valores iguais, mas  200 é diferente de " + " response"
"Era esperado valores iguais, mas  200 é diferente de " + " response"
"Era esperado valores iguais, mas  200 é diferente de " + " response"
"Era esperado valores iguais, mas  200 é diferente de " + " response"
"Era esperado valores iguais, mas  200 é diferente de " + result43 + " <Unirest.get(url).asEmpty().getStatus()>"
"Era esperado valores iguais, mas  s é diferente de " + " message"
"Era esperado valores iguais, mas  '{\'message\':\'boom!\'}' é diferente de " + " e"
"Era esperado nulo, mas o valor obtido não é nulo"
"Era esperado nulo, mas o valor obtido não é nulo"
"Era esperado valores iguais, mas  '{\'message\':\'boom!\'}' é diferente de " + result44 + " <request.getParsingError().get().getOriginalBody()>"
"Era esperado verdadeiro, mas o valor obtido é falso"
"Era esperado valores iguais, mas  'boom!' é diferente de " + result45 + " <e.getMessage()>"
"Era esperado valores iguais, mas  'java.io.IOException: ' + 'Something horrible happened' é diferente de " + result46 + " <ex.getMessage()>"
"Era esperado valores iguais, mas  200 é diferente de " + result47 + " <response.getStatusLine().getStatusCode()>"
"Era esperado verdadeiro, mas " + result48 + " <Unirest.isRunning()> é falso"
"Era esperado verdadeiro, mas " + result49 + " <Unirest.isRunning()> é falso"
"Era esperado verdadeiro, mas " + result50 + " <Unirest.isRunning()> é falso"
"Era esperado objetos iguais, mas " + result51 + " <Unirest.primaryInstance()> é diferente de " + result52 + " <Unirest.primaryInstance()>"
"Era esperado objetos diferentes, mas " + result53 + " <Unirest.primaryInstance()> é igual a " + result54 + " <Unirest.spawnInstance()>"
"Era esperado objetos diferentes, mas " + result55 + " <Unirest.spawnInstance()> é igual a " + result56 + " <Unirest.spawnInstance()>"
"Era esperado verdadeiro, mas o valor obtido é falso"
"Era esperado valores iguais, mas  0 é diferente de " + result57 + " <reference.config().getDefaultHeaders().size()>"
"Era esperado objetos diferentes, mas  first é igual a " + " second"
"Era esperado valores diferentes, mas  c é igual a " + result58 + " <Unirest.config().getAsyncClient()>"
"Era esperado valores iguais, mas  i é diferente de " + result59 + " <Unirest.config().getInterceptor().get(0)>"
"Era esperado valores iguais, mas  4000 é diferente de " + result60 + " <Unirest.config().getConnectionTimeout()>"
"Era esperado valores iguais, mas  200 é diferente de " + result61 + " <result.getStatus()>"
"Era esperado valores iguais, mas  'Howdy Ho!' é diferente de " + result62 + " <result.getBody()>"
"Era esperado verdadeiro, mas o valor obtido é falso"
"Era esperado verdadeiro, mas o valor obtido é falso"
"Era esperado valores iguais, mas  1 é diferente de " + result63 + " <request.getHeaders().size()>"
"Era esperado valores iguais, mas  'Marco' é diferente de " + result64 + " <request.getHeaders().get('name').get(0)>"
"Era esperado valores iguais, mas  'Marco' é diferente de " + result65 + " <request.getHeaders().get('NAme').get(0)>"
"Era esperado valores iguais, mas  'Marco' é diferente de " + result66 + " <request.getHeaders().get('Name').get(0)>"
"Era esperado valores iguais, mas  1 é diferente de " + result67 + " <request.getHeaders().size()>"
"Era esperado valores iguais, mas  'Marco' é diferente de " + result68 + " <request.getHeaders().get('name').get(0)>"
"Era esperado valores iguais, mas  'John' é diferente de " + result69 + " <request.getHeaders().get('name').get(1)>"
"Era esperado valores iguais, mas  'Marco' é diferente de " + result70 + " <request.getHeaders().get('NAme').get(0)>"
"Era esperado valores iguais, mas  'John' é diferente de " + result71 + " <request.getHeaders().get('NAme').get(1)>"
"Era esperado valores iguais, mas  'Marco' é diferente de " + result72 + " <request.getHeaders().get('Name').get(0)>"
"Era esperado valores iguais, mas  'John' é diferente de " + result73 + " <request.getHeaders().get('Name').get(1)>"
"Era esperado valores iguais, mas  'user2' + ':' + 'pass2' é diferente de " + " new String(Base64.getDecoder().decode(credentials))"
"Era esperado valores iguais, mas  301 é diferente de " + result74 + " <response.getStatus()>"
"Era esperado valores iguais, mas  301 é diferente de " + result75 + " <response.getStatus()>"
"Era esperado valores iguais, mas  'ABC123' é diferente de " + result76 + " <response.getCookies().getNamed('JSESSIONID').getValue()>"
"Era esperado valores iguais, mas  'ruby' é diferente de " + result77 + " <response.getCookies().getNamed('color').getValue()>"
"Era esperado valores iguais, mas  'फनकी' é diferente de " + result78 + " <response.getCookies().getNamed('nepali').getUrlDecodedValue()>"
"Era esperado valores iguais, mas  '1=2;3=4' é diferente de " + result79 + " <response.getCookies().getNamed('odd').getUrlDecodedValue()>"
"Era esperado valores iguais, mas  'blue' é diferente de " + result80 + " <back.getValue()>"
"Era esperado valores iguais, mas  'localhost' é diferente de " + result81 + " <back.getDomain()>"
"Era esperado valores iguais, mas  '/get' é diferente de " + result82 + " <back.getPath()>"
"Era esperado verdadeiro, mas " + result83 + " <back.isHttpOnly()> é falso"
"Era esperado valores iguais, mas  42 é diferente de " + result84 + " <back.getMaxAge()>"
"Era esperado não nulo, mas " + result85 + " <r1.getCookies().getNamed('color')> é nulo"
"Era esperado não nulo, mas " + result86 + " <r1.getCookies().getNamed('color')> é nulo"
"Era esperado valores iguais, mas  'bar' é diferente de " + result87 + " <cookie.getValue()>"
"Era esperado não nulo, mas " + result88 + " <r1.getCookies().getNamed('color')> é nulo"
"Era esperado não nulo, mas " + result89 + " <r1.getCookies().getNamed('color')> é nulo"
"Era esperado valores iguais, mas  'bar' é diferente de " + result90 + " <r1.getCookies().getNamed('foo').getValue()>"
"Era esperado não nulo, mas " + result91 + " <response.getCookies().getNamed('cookie_name')> é nulo"
"Era esperado verdadeiro, mas o valor obtido é falso"
"Era esperado verdadeiro, mas o valor obtido é falso"
"Era esperado valores iguais, mas  'text/plain;charset=utf-8' é diferente de " + result92 + " <h.getFirst('Content-Type')>"
"Era esperado valores iguais, mas  'JSESSIONID=ABC123; Path=/' é diferente de " + result93 + " <h.getFirst('Set-Cookie')>"
"Era esperado valores iguais, mas  'Thu, 01 Jan 1970 00:00:00 GMT' é diferente de " + result94 + " <h.getFirst('Expires')>"
"Era esperado valores iguais, mas " + result95 + " <Lists.newArrayList('oranges', 'grapes')> é diferente de " + result96 + " <h.get('zed')>"
"Era esperado valores iguais, mas  'apples' é diferente de " + result97 + " <h.getFirst('alpha')>"
"Era esperado valores iguais, mas  200 é diferente de " + result98 + " <response.getStatus()>"
"Era esperado valores iguais, mas  'text/plain;charset=utf-8' é diferente de " + result99 + " <response.getHeaders().getFirst('Content-Type')>"
"Era esperado valores iguais, mas  true é diferente de " + result100 + " <body.getBoolean('gzipped')>"
"Era esperado valores iguais, mas  'gzip' é diferente de " + result101 + " <body.getJSONObject('headers').getString('Accept-Encoding')>"
"Era esperado valores iguais, mas  2 é diferente de " + result102 + " <body.getAllFilesByInput('file').size()>"
"Era esperado valores iguais, mas  expected é diferente de " + " body"
"Era esperado valores iguais, mas  'blue' é diferente de " + result103 + " <c.getValue()>"
"Era esperado valores iguais, mas  'localhost' é diferente de " + result104 + " <c.getDomain()>"
"Era esperado valores iguais, mas  '/get' é diferente de " + result105 + " <c.getPath()>"
"Era esperado valores iguais, mas " + result106 + " <ZonedDateTime.of(2020, 1, 5, 15, 0, 20, 0, ZoneId.of('GMT'))> é diferente de " + result107 + " <c.getExpiration()>"
"Era esperado verdadeiro, mas " + result108 + " <c.isHttpOnly()> é falso"
"Era esperado valores iguais, mas  42 é diferente de " + result109 + " <c.getMaxAge()>"
"Era esperado nulo, mas " + result110 + " <c.getSameSite()> não é nulo"
"Era esperado valores iguais, mas " + result111 + " <ZonedDateTime.of(2020, 1, 5, 15, 0, 20, 0, ZoneId.of('GMT'))> é diferente de " + result112 + " <c.getExpiration()>"
"Era esperado valores iguais, mas  v é diferente de " + result113 + " <c.toString()>"
"Era esperado valores iguais, mas  Cookie.SameSite.Strict é diferente de " + result114 + " <c.getSameSite()>"
"Era esperado verdadeiro, mas " + result115 + " <c.isSecure()> é falso"
"Era esperado valores iguais, mas  'color=blue;Secure' é diferente de " + result116 + " <c.toString()>"
"Era esperado valores iguais, mas " + result117 + " <jetty.getValue()> é diferente de " + result118 + " <unirest.getValue()>"
"Era esperado valores iguais, mas  'color=blue' é diferente de " + result119 + " <c.toString()>"
"Era esperado valores iguais, mas  '' é diferente de " + result120 + " <c.getValue()>"
"Era esperado verdadeiro, mas " + result121 + " <c.isHttpOnly()> é falso"
"Era esperado valores iguais, mas  '.admin.virginia.edu' é diferente de " + result122 + " <c.getDomain()>"
"Era esperado valores iguais, mas  ' woh ' é diferente de " + result123 + " <c.getValue()>"
"Era esperado valores iguais, mas  '' é diferente de " + result124 + " <c.getValue()>"
"Era esperado valores iguais, mas  '===' é diferente de " + result125 + " <c.getValue()>"
"Era esperado valores iguais, mas  '\'' é diferente de " + result126 + " <c.getValue()>"
"Era esperado valores iguais, mas  '\'foo' é diferente de " + result127 + " <c.getValue()>"
"Era esperado valores iguais, mas  content é diferente de " + " getFileByInput(input).body"
"Era esperado valores iguais, mas  username + ':' + password é diferente de " + " new String(Base64.getDecoder().decode(credentials))"
"Era esperado valores iguais, mas  s é diferente de " + " queryString"
"Era esperado valores iguais, mas  get é diferente de " + " method"
"Era esperado valores iguais, mas  value é diferente de " + result128 + " <routeParams.get(name)>"
"Era esperado valores iguais, mas  s é diferente de " + " url"
"Era esperado verdadeiro, mas " + result129 + " <jsonPatches.getOperations().contains(new JsonPatchItem(op, path, value))> é falso"
"Era esperado valores iguais, mas  i é diferente de " + " status"
"Era esperado valores iguais, mas  b é diferente de " + " isProxied"
"Era esperado valores iguais, mas  size é diferente de " + result130 + " <headers.get(foo).size()>"
"Era esperado valores iguais, mas  o é diferente de " + " body"
"Era esperado valores iguais, mas  'multipart/form-data' é diferente de " + result131 + " <parts.get(0)>"
"Era esperado verdadeiro, mas " + result132 + " <parts.get(1).startsWith('boundary=')> é falso"
"Era esperado valores iguais, mas  'charset=UTF-8' é diferente de " + result133 + " <parts.get(2)>"
"Era esperado valores iguais, mas  value é diferente de " + " c"
"Era esperado valores iguais, mas  content é diferente de " + " body"
"Era esperado valores iguais, mas  type é diferente de " + " this.fileType"
"Era esperado valores iguais, mas  s é diferente de " + " fileName"
"Era esperado valores iguais, mas  expected é diferente de " + " this.size"
"Era esperado verdadeiro, mas o valor obtido é falso"
"Era esperado verdadeiro, mas o valor obtido é falso"
"Era esperado verdadeiro, mas o valor obtido é falso"
"Era esperado valores iguais, mas  10 é diferente de " + result134 + " <result.size()>"
"Era esperado valores iguais, mas  10 é diferente de " + result135 + " <result.size()>"
"Era esperado valores iguais, mas  1 é diferente de " + result136 + " <result.size()>"
"Era esperado nulo, mas " + result137 + " <res.getBody()> não é nulo"
"Era esperado valores iguais, mas  200 é diferente de " + result138 + " <res.getStatus()>"
"Era esperado valores iguais, mas  'json;charset=utf-8' é diferente de " + result139 + " <res.getHeaders().getFirst('Content-Type')>"
"Era esperado nulo, mas " + result140 + " <res.getBody()> não é nulo"
"Era esperado valores iguais, mas  200 é diferente de " + result141 + " <res.getStatus()>"
"Era esperado valores iguais, mas  'json;charset=utf-8' é diferente de " + result142 + " <res.getHeaders().getFirst('Content-Type')>"
"Era esperado valores iguais, mas  HttpStatus.OK é diferente de " + result143 + " <i.getStatus()>"
"Era esperado valores iguais, mas  '{}' é diferente de " + result144 + " <i.getBody().toString()>"
"Era esperado valores iguais, mas  '{\'f\':1,\'a\':[2,3,4]}' é diferente de " + result145 + " <i.getBody().toString()>"
"Era esperado valores iguais, mas  '{\n' + '  \'f\': 1,\n' + '  \'a\': [\n' + '    2,\n' + '    3,\n' + '    4\n' + '  ]\n' + '}' é diferente de " + result146 + " <i.getBody().toPrettyString()>"
"Era esperado valores iguais, mas  HttpStatus.BAD_REQUEST é diferente de " + result147 + " <response.getStatus()>"
"Era esperado nulo, mas " + result148 + " <response.getBody()> não é nulo"
"Era esperado verdadeiro, mas " + result149 + " <response.getParsingError().isPresent()> é falso"
"Era esperado valores iguais, mas  'You did something bad' é diferente de " + result150 + " <ex.getOriginalBody()>"
"Era esperado valores iguais, mas  'kong.unirest.json.JSONException: Invalid JSON' é diferente de " + result151 + " <response.getParsingError().get().getMessage()>"
"Era esperado valores iguais, mas  '{\'test\':\'it's a && b || c + 1!?\'}' é diferente de " + result152 + " <test.toString()>"
"Era esperado valores iguais, mas  'bar' é diferente de " + result153 + " <body.getObject().getJSONObject('params').getJSONArray('foo').get(0)>"
"Era esperado valores iguais, mas  'Can't find route parameter name \'method222\'' é diferente de " + result154 + " <ex.getMessage()>"
"Era esperado valores iguais, mas  'java.lang.IllegalArgumentException: Illegal character in path at index 22: http://localhost:4567/{method}?name=Mark' é diferente de " + result155 + " <ex.getMessage()>"
"Era esperado valores iguais, mas  'http://localhost:4567/get/cheese/passed?fruit=apples' é diferente de " + result156 + " <sum.getUrl()>"
"Era esperado valores iguais, mas  'http://localhost:4567/get/{params}/passed' é diferente de " + result157 + " <sum.getRawPath()>"
"Era esperado valores iguais, mas  HttpMethod.GET é diferente de " + result158 + " <sum.getHttpMethod()>"
"Era esperado valores iguais, mas  'http://localhost:4567/get/cheese/passed?fruit=apples' é diferente de " + result159 + " <sum.getUrl()>"
"Era esperado valores iguais, mas  'http://localhost:4567/get/{params}/passed' é diferente de " + result160 + " <sum.getRawPath()>"
"Era esperado valores iguais, mas  HttpMethod.GET é diferente de " + result161 + " <sum.getHttpMethod()>"
"Era esperado valores iguais, mas  MockServer.GET é diferente de " + result162 + " <interceptor.reqSum.getUrl()>"
"Era esperado valores iguais, mas  'java.io.IOException: ' + 'Something horrible happened' é diferente de " + result163 + " <ex.getMessage()>"
"Era esperado valores iguais, mas  542 é diferente de " + result164 + " <response.getStatus()>"
"Era esperado valores iguais, mas  'Something horrible happened' é diferente de " + result165 + " <response.getStatusText()>"
"Era esperado valores iguais, mas  542 é diferente de " + result166 + " <response.getStatus()>"
"Era esperado valores iguais, mas  'Something horrible happened' é diferente de " + result167 + " <response.getStatusText()>"
"Era esperado valores iguais, mas " + result168 + " <newHashSet('file=spidey.jpg', 'fruit=apples')> é diferente de " + " values"
"Era esperado não nulo, mas  o valor obtido foi nulo"
"Era esperado não nulo, mas  o valor obtido foi nulo"
"Era esperado valores iguais, mas  400 é diferente de " + result169 + " <captured.getStatus()>"
"Era esperado não nulo, mas  o valor obtido foi nulo"
"Era esperado valores iguais, mas  200 é diferente de " + result170 + " <captured.getStatus()>"
"Era esperado verdadeiro, mas " + result171 + " <captured.getParsingError().isPresent()> é falso"
"Era esperado valores iguais, mas  'not what you expect' é diferente de " + result172 + " <captured.getParsingError().get().getOriginalBody()>"
"Era esperado valores iguais, mas  400 é diferente de " + result173 + " <error.httpResponse.getStatus()>"
"Era esperado valores iguais, mas  400 é diferente de " + result174 + " <error.httpResponse.getStatus()>"
"Era esperado verdadeiro, mas " + result175 + " <response.isSuccess()> é falso"
"Era esperado valores iguais, mas  200 é diferente de " + result176 + " <s.getStatus()>"
"Era esperado valores iguais, mas  'GET http://somewhere/beans?fruit=apple\n' + 'Accept=image/raw\n' + '===================================' é diferente de " + " log"
"Era esperado valores iguais, mas  'POST http://somewhere/beans?fruit=apple\n' + 'Accept=image/raw\n' + '===================================\n' + 'this is the body' é diferente de " + " log"
"Era esperado valores iguais, mas  'POST http://somewhere/beans?fruit=apple\n' + 'Accept=image/raw\n' + '===================================\n' + '{\'muppet\':\'Gonzo\'}' é diferente de " + " log"
"Era esperado valores iguais, mas  'POST http://somewhere/beans?fruit=apple\n' + 'Accept=image/raw\n' + '===================================\n' + '{\'bar\':\'zip\'}' é diferente de " + " log"
"Era esperado valores iguais, mas  'POST http://somewhere/beans?fruit=apple\n' + 'Accept=image/raw\n' + '===================================\n' + 'album=77&band=Talking+Heads' é diferente de " + " log"
"Era esperado valores iguais, mas  'POST http://localhost:4567/raw\n' + 'Accept=image/raw\n' + '===================================\n' + '--5798a3ff-ed92-4e9e-a9fe-bd7853cea758\n' + 'Content-Disposition: form-data; name:\'album\'\n' + '77\n' + '\n' + '--0ad6dbf7-c5b6-453e-a28c-4a3a8fab7017\n' + 'Content-Disposition: form-data; name:\'band\'\n' + 'Talking Heads\n' + '\n' + '--453a52b3-2811-4bf6-8950-6395efe72ef7\n' + 'Content-Disposition: form-data; name=\'file\'; filename=\'null\'\n' + 'Content-Type: application/octet-stream\n' + 'BINARY DATA\n' é diferente de " + " body"
"Era esperado valores iguais, mas  expected é diferente de " + result177 + " <threads.stream().filter(t -> 'Unirest Apache Client Shutdown Hook'.equals(t.getName())).count()>"
"Era esperado valores iguais, mas  expected é diferente de " + result178 + " <threads.stream().filter(t -> 'Unirest Apache Async Client Shutdown Hook'.equals(t.getName())).count()>"
"Era esperado valores iguais, mas  'No Object Mapper Configured. Please config one with Unirest.config().setObjectMapper' é diferente de " + result179 + " <ex.getMessage()>"
"Era esperado valores iguais, mas  '{\'body\': \'sample\'}' é diferente de " + " value"
"Era esperado valores iguais, mas  '{\'body\': \'sample\'}' é diferente de " + " value"
"Era esperado valores iguais, mas  '{\'body\':\'sample\'}' é diferente de " + " value"
"Era esperado valores iguais, mas  '{\'body\':\'sample\'}' é diferente de " + " value"
"Era esperado valores iguais, mas  '[\'body\',\'sample\']' é diferente de " + " value"
"Era esperado valores iguais, mas  429 é diferente de " + result180 + " <Unirest.get(MockServer.GET).asEmpty().getStatus()>"
"Era esperado valores iguais, mas  429 é diferente de " + result181 + " <Unirest.get(MockServer.GET).asString().getStatus()>"
"Era esperado valores iguais, mas  429 é diferente de " + result182 + " <Unirest.get(MockServer.GET).asBytes().getStatus()>"
"Era esperado valores iguais, mas  429 é diferente de " + result183 + " <Unirest.get(MockServer.GET).asObject(RequestCapture.class).getStatus()>"
"Era esperado valores iguais, mas  o é diferente de " + " cap"
"Era esperado valores iguais, mas  'Hi Mom' é diferente de " + " cap"
"Era esperado valores iguais, mas  'Hi Mom' é diferente de " + result184 + " <cap.getObject().getString('message')>"
"Era esperado valores iguais, mas  'Hi Mom' é diferente de " + " new String(cap)"
"Era esperado verdadeiro, mas " + result185 + " <cap.exists()> é falso"
"Era esperado valores iguais, mas  429 é diferente de " + result186 + " <resp.getStatus()>"
"Era esperado valores iguais, mas  429 é diferente de " + result187 + " <Unirest.get(MockServer.GET).asEmpty().getStatus()>"
"Era esperado valores iguais, mas  200 é diferente de " + result188 + " <response.getStatus()>"
"Era esperado valores iguais, mas  1 é diferente de " + " stat.timesCalled"
"Era esperado valores iguais, mas " + result189 + " <asList(19L)> é diferente de " + " stat.progress"
"Era esperado valores iguais, mas  19L é diferente de " + " stat.total"
"Era esperado valores iguais, mas  i é diferente de " + " timesCalled"
"Era esperado valores iguais, mas  'bar' é diferente de " + result190 + " <r.get('foo')>"
"Era esperado valores iguais, mas  'bar' é diferente de " + result191 + " <r.get('foo')>"
"Era esperado valores iguais, mas  200 é diferente de " + result192 + " <r.getStatus()>"
"Era esperado verdadeiro, mas " + result193 + " <r.getParsingError().isPresent()> é falso"
"Era esperado valores iguais, mas  ohNoes é diferente de " + result194 + " <r.getParsingError().get().getCause()>"
"Era esperado valores iguais, mas  'call me ishmael' é diferente de " + result195 + " <r.getParsingError().get().getOriginalBody()>"
"Era esperado valores iguais, mas  200 é diferente de " + result196 + " <r.getStatus()>"
"Era esperado verdadeiro, mas " + result197 + " <r.getParsingError().isPresent()> é falso"
"Era esperado valores iguais, mas  ohNoes é diferente de " + result198 + " <r.getParsingError().get().getCause()>"
"Era esperado valores iguais, mas  'call me ishmael' é diferente de " + result199 + " <r.getParsingError().get().getOriginalBody()>"
"Era esperado verdadeiro, mas " + result200 + " <JankyProxy.wasUsed()> é falso"
"Era esperado verdadeiro, mas " + result201 + " <JankyProxy.wasUsed()> é falso"
"Era esperado verdadeiro, mas " + result202 + " <JankyProxy.wasUsed()> é falso"
"Era esperado verdadeiro, mas " + result203 + " <JankyProxy.wasUsed()> é falso"
"Era esperado verdadeiro, mas " + result204 + " <JankyProxy.wasUsed()> é falso"
"Era esperado verdadeiro, mas " + result205 + " <JankyProxy.wasUsed()> é falso"
"Era esperado verdadeiro, mas o valor obtido é falso"
"Era esperado valores iguais, mas  3 é diferente de " + result206 + " <someTees.size()>"
"Era esperado valores iguais, mas  'foo' é diferente de " + " someTees.get(0).bar"
"Era esperado valores iguais, mas  'bar' é diferente de " + " someTees.get(1).bar"
"Era esperado valores iguais, mas  'baz' é diferente de " + " someTees.get(2).bar"
"Era esperado valores iguais, mas  'Hi Mom' é diferente de " + " body"
"Era esperado valores iguais, mas  200 é diferente de " + result207 + " <i.getStatus()>"
"Era esperado valores iguais, mas  '' é diferente de " + result208 + " <i.getBody()>"
"Era esperado valores iguais, mas  200 é diferente de " + result209 + " <i.getStatus()>"
"Era esperado valores iguais, mas  200 é diferente de " + result210 + " <i.getStatus()>"
"Era esperado valores iguais, mas  'ěščřžýáíé' é diferente de " + result211 + " <Unirest.get(MockServer.GET).asString().getBody()>"
"Era esperado valores iguais, mas  200 é diferente de " + result212 + " <response.getStatus()>"
"Era esperado valores iguais, mas  'šžýáíé' é diferente de " + result213 + " <response.getBody()>"
"Era esperado valores iguais, mas  200 é diferente de " + result214 + " <response.getStatus()>"
"Era esperado valores iguais, mas  'šžýáíé' é diferente de " + result215 + " <response.getBody()>"
"Era esperado valores iguais, mas  message é diferente de " + " fail"
"Era esperado valores iguais, mas  200 é diferente de " + result216 + " <response.getStatus()>"
"Era esperado valores iguais, mas  'howdy' é diferente de " + " r"
"Era esperado valores iguais, mas  'howdy' é diferente de " + " r.bar"
"Era esperado valores iguais, mas  200 é diferente de " + " status"
"Era esperado valores iguais, mas  null é diferente de " + " error"
"Era esperado valores iguais, mas  200 é diferente de " + " status"
"Era esperado verdadeiro, mas " + result217 + " <test.toFile().exists()> é falso"
"Era esperado valores iguais, mas  null é diferente de " + " error"
"Era esperado valores iguais, mas  200 é diferente de " + " status"
"Era esperado verdadeiro, mas " + result218 + " <test.toFile().exists()> é falso"
"Era esperado valores iguais, mas  200 é diferente de " + " status"
"Era esperado valores iguais, mas  123456 é diferente de " + " body"
"Era esperado valores iguais, mas  123456 é diferente de " + result219 + " <response.getBody().intValue()>"
"Era esperado valores iguais, mas  200 é diferente de " + result220 + " <response.getStatus()>"
"Era esperado valores iguais, mas  'cheddar' é diferente de " + result221 + " <response.getHeaders().getFirst('cheese')>"
"Era esperado valores iguais, mas  2 é diferente de " + " MockServer.timesCalled"
"Era esperado valores iguais, mas  1 é diferente de " + " MockServer.timesCalled"
"Era esperado valores iguais, mas  r1 é diferente de " + " r2"
"Era esperado valores iguais, mas  1 é diferente de " + " MockServer.timesCalled"
"Era esperado valores iguais, mas  r1 é diferente de " + " r2"
"Era esperado objetos iguais, mas " + result222 + " <Unirest.get(MockServer.GET).asString()> é diferente de " + result223 + " <Unirest.get(MockServer.GET).asString()>"
"Era esperado objetos diferentes, mas " + result224 + " <Unirest.get(MockServer.GET).asString()> é igual a " + result225 + " <Unirest.get(MockServer.GET).asObject(RequestCapture.class)>"
"Era esperado valores iguais, mas  2 é diferente de " + " MockServer.timesCalled"
"Era esperado nulo, mas " + result226 + " <Unirest.get(MockServer.GET).asEmpty().getBody()> não é nulo"
"Era esperado nulo, mas " + result227 + " <Unirest.get(MockServer.GET).asEmpty().getBody()> não é nulo"
"Era esperado não nulo, mas " + result228 + " <Unirest.get(MockServer.GET).asObject(RequestCapture.class).getBody()> é nulo"
"Era esperado não nulo, mas " + result229 + " <Unirest.get(MockServer.GET).asObject(RequestCapture.class).getBody()> é nulo"
"Era esperado não nulo, mas " + result230 + " <Unirest.get(MockServer.GET).asString().getBody()> é nulo"
"Era esperado não nulo, mas " + result231 + " <Unirest.get(MockServer.GET).asString().getBody()> é nulo"
"Era esperado não nulo, mas " + result232 + " <Unirest.get(MockServer.GET).asJson().getBody()> é nulo"
"Era esperado não nulo, mas " + result233 + " <Unirest.get(MockServer.GET).asJson().getBody()> é nulo"
"Era esperado não nulo, mas " + result234 + " <Unirest.get(MockServer.GET).asBytes().getBody()> é nulo"
"Era esperado não nulo, mas " + result235 + " <Unirest.get(MockServer.GET).asBytes().getBody()> é nulo"
"Era esperado valores iguais, mas  5 é diferente de " + " MockServer.timesCalled"
"Era esperado valores iguais, mas  10 é diferente de " + " MockServer.timesCalled"
"Era esperado valores iguais, mas  11 é diferente de " + " MockServer.timesCalled"
"Era esperado valores iguais, mas  1 é diferente de " + " MockServer.timesCalled"
"Era esperado valores iguais, mas  2 é diferente de " + " MockServer.timesCalled"
"Era esperado valores diferentes, mas " + result236 + " <response1.getBody().getObject().getString('requestId')> é igual a " + result237 + " <response2.getBody().getObject().getString('requestId')>"
"Era esperado valores iguais, mas  2 é diferente de " + " MockServer.timesCalled"
"Era esperado valores iguais, mas " + result238 + " <response1.getBody().getObject().getString('requestId')> é diferente de " + result239 + " <response2.getBody().getObject().getString('requestId')>"
"Era esperado valores iguais, mas  1 é diferente de " + " MockServer.timesCalled"
"Era esperado falso, mas " + result240 + " <Unirest.isRunning()> é verdadeiro "
"Era esperado falso, mas " + result241 + " <Unirest.isRunning()> é verdadeiro "
"Era esperado falso, mas " + result242 + " <back.isSecure()> é verdadeiro "
"Era esperado falso, mas " + result243 + " <c.isSecure()> é verdadeiro "
"Era esperado falso, mas " + result244 + " <response.isSuccess()> é verdadeiro "
"Era esperado falso, mas " + result245 + " <response.isSuccess()> é verdadeiro "
"Era esperado falso, mas " + result246 + " <result.getParsingError().isPresent()> é verdadeiro "
"Era esperado valores iguais, mas  '' é diferente de " + result247 + " <result.getBody()>"
"Era esperado valores iguais, mas  0 é diferente de " + result248 + " <resp.getHeaders().get('Content-Encoding').size()>"
"Era esperado valores iguais, mas  0 é diferente de " + result249 + " <resp.getHeaders().get('Content-Encoding').size()>"
"Era esperado valores iguais, mas  2 é diferente de " + result250 + " <metric.routes.get(GET).size()>"
"Era esperado valores iguais, mas  1 é diferente de " + result251 + " <metric.routes.get('http://localhost:4567/get/foo/passed?fruit=orange').size()>"
"Era esperado valores iguais, mas  1 é diferente de " + result252 + " <metric.routes.get('http://localhost:4567/get/{params}/passed').size()>"
"Era esperado valores iguais, mas  2 é diferente de " + result253 + " <metric.routes.get('GET').size()>"
"Era esperado valores iguais, mas  1 é diferente de " + result254 + " <metric.routes.get('DELETE').size()>"
"Era esperado valores iguais, mas  1L é diferente de " + result255 + " <metric.countResponses(200)>"
"Era esperado valores iguais, mas  2L é diferente de " + result256 + " <metric.countResponses(301)>"
"Era esperado valores iguais, mas  1L é diferente de " + result257 + " <metric.countResponses(400)>"
"Era esperado valores iguais, mas  1L é diferente de " + result258 + " <metric.countResponses(200)>"
"Era esperado valores iguais, mas  1L é diferente de " + result259 + " <metric.countResponses(200)>"
"Era esperado valores iguais, mas  'Something horrible happened' é diferente de " + result260 + " <metric.routes.get(GET).get(0).e.getMessage()>"
"Era esperado valores iguais, mas  'Connection refused' é diferente de " + result261 + " <metric.routes.get('http://localhost:0000').get(0).e.getMessage()>"
"Era esperado valores iguais, mas  1 é diferente de " + result262 + " <metric.routes.get('http://localhost:0000').size()>"
"Era esperado verdadeiro, mas o valor obtido é falso"
"Era esperado valores iguais, mas  'localhost:4567' é diferente de " + result263 + " <map.get('host()')>"
"Era esperado valores iguais, mas  '/sparkle/joy/yippy' é diferente de " + result264 + " <map.get('uri()')>"
"Era esperado valores iguais, mas  'http://localhost:4567/sparkle/joy/yippy' é diferente de " + result265 + " <map.get('url()')>"
"Era esperado valores iguais, mas  '' é diferente de " + result266 + " <map.get('contextPath()')>"
"Era esperado valores iguais, mas  '/sparkle/joy/yippy' é diferente de " + result267 + " <map.get('pathInfo()')>"
"Era esperado valores iguais, mas  'food=hamberders&colour=red' é diferente de " + result268 + " <map.get('queryString()')>"
"Era esperado objetos iguais, mas " + result269 + " <Unirest.get(MockServer.GET).asString()> é diferente de " + result270 + " <Unirest.get(MockServer.GET).asString()>"
"Era esperado objetos diferentes, mas " + result271 + " <Unirest.get(MockServer.GET).asString()> é igual a " + result272 + " <Unirest.get(MockServer.GET).asObject(RequestCapture.class)>"
"Era esperado valores iguais, mas  2 é diferente de " + " MockServer.timesCalled"
"Era esperado objetos iguais, mas " + result273 + " <Unirest.get(MockServer.GET).asString()> é diferente de " + result274 + " <Unirest.get(MockServer.GET).asString()>"
"Era esperado valores iguais, mas  3 é diferente de " + " MockServer.timesCalled"
"Era esperado objetos iguais, mas " + result275 + " <Unirest.get(MockServer.GET).asString()> é diferente de " + result276 + " <Unirest.get(MockServer.POST).asString()>"
"Era esperado valores iguais, mas  1 é diferente de " + " MockServer.timesCalled"
"Era esperado verdadeiro, mas o valor obtido é falso"
"Era esperado valores iguais, mas  'bar' é diferente de " + " f.bar"
"Era esperado valores iguais, mas  200 é diferente de " + result277 + " <i.getStatus()>"
"Era esperado valores iguais, mas  null é diferente de " + result278 + " <i.getBody()>"
"Era esperado verdadeiro, mas o valor obtido é falso"
"Era esperado verdadeiro, mas o valor obtido é falso"
"Era esperado nulo, mas " + result279 + " <request.getBody()> não é nulo"
"Era esperado verdadeiro, mas " + result280 + " <request.getParsingError().isPresent()> é falso"
"Era esperado valores iguais, mas  'kong.unirest.UnirestException: com.fasterxml.jackson.core.JsonParseException: Unrecognized token 'You': was expecting (JSON String, Number, Array, Object or token 'null', 'true' or 'false')\n' + ' at [Source: (String)\'You did something bad\'; line: 1, column: 4]' é diferente de " + result281 + " <request.getParsingError().get().getMessage()>"
"Era esperado valores iguais, mas  'You did something bad' é diferente de " + result282 + " <request.getParsingError().get().getOriginalBody()>"
"Era esperado nulo, mas " + result283 + " <request.getBody()> não é nulo"
"Era esperado verdadeiro, mas " + result284 + " <request.getParsingError().isPresent()> é falso"
"Era esperado valores iguais, mas  'kong.unirest.UnirestException: com.fasterxml.jackson.core.JsonParseException: Unrecognized token 'You': was expecting (JSON String, Number, Array, Object or token 'null', 'true' or 'false')\n' + ' at [Source: (String)\'You did something bad\'; line: 1, column: 4]' é diferente de " + result285 + " <request.getParsingError().get().getMessage()>"
"Era esperado valores iguais, mas  'You did something bad' é diferente de " + result286 + " <request.getParsingError().get().getOriginalBody()>"
"Era esperado nulo, mas " + result287 + " <request.getBody()> não é nulo"
"Era esperado verdadeiro, mas " + result288 + " <request.getParsingError().isPresent()> é falso"
"Era esperado valores iguais, mas  'kong.unirest.UnirestException: com.fasterxml.jackson.core.JsonParseException: Unrecognized token 'You': was expecting (JSON String, Number, Array, Object or token 'null', 'true' or 'false')\n' + ' at [Source: (String)\'You did something bad\'; line: 1, column: 4]' é diferente de " + result289 + " <request.getParsingError().get().getMessage()>"
"Era esperado valores iguais, mas  'You did something bad' é diferente de " + result290 + " <request.getParsingError().get().getOriginalBody()>"
"Era esperado valores iguais, mas " + result291 + " <Arrays.asList(1, 2, 3)> é diferente de " + " error.foo"
"Era esperado valores iguais, mas " + result292 + " <test.toFile().getPath()> é diferente de " + result293 + " <result.getPath()>"
"Era esperado valores iguais, mas " + result294 + " <test.toFile().getPath()> é diferente de " + result295 + " <result.getPath()>"
"Era esperado verdadeiro, mas " + result296 + " <com.google.common.io.Files.equal(f1, f2)> é falso"
"Era esperado verdadeiro, mas " + result297 + " <f2.getParsingError().isPresent()> é falso"
"Era esperado verdadeiro, mas o valor obtido é falso"
"Era esperado valores iguais, mas  f1 é diferente de " + " f2"
"Era esperado valores iguais, mas  f1 é diferente de " + " f2"
"Era esperado valores iguais, mas  mock é diferente de " + result298 + " <Unirest.get('http://localhost/getme').asEmpty()>"
"Era esperado verdadeiro, mas o valor obtido é falso"
"Era esperado valores iguais, mas  'Tron' é diferente de " + result299 + " <part.getValue()>"
"Era esperado nulo, mas " + result300 + " <b.getField('Movie')> não é nulo"
"Era esperado valores iguais, mas  'band=Talking+Heads' é diferente de " + result301 + " <part.toString()>"
"Era esperado valores iguais, mas  'Talking Heads' é diferente de " + result302 + " <part.getValue()>"
"Era esperado valores iguais, mas  'application/x-www-form-urlencoded; charset=UTF-8' é diferente de " + result303 + " <part.getContentType()>"
"Era esperado valores iguais, mas  String.class é diferente de " + result304 + " <part.getPartType()>"
"Era esperado valores iguais, mas  '[binary data length=0]' é diferente de " + result305 + " <bytes.toString()>"
"Era esperado valores iguais, mas  'zombo.com' é diferente de " + result306 + " <host.getHostName()>"
"Era esperado nulo, mas " + result307 + " <host.getAddress()> não é nulo"
"Era esperado valores iguais, mas  -1 é diferente de " + result308 + " <host.getPort()>"
"Era esperado valores iguais, mas  'http' é diferente de " + result309 + " <host.getSchemeName()>"
"Era esperado valores iguais, mas  'zombo.com' é diferente de " + result310 + " <host.getHostName()>"
"Era esperado nulo, mas " + result311 + " <host.getAddress()> não é nulo"
"Era esperado valores iguais, mas  8080 é diferente de " + result312 + " <host.getPort()>"
"Era esperado valores iguais, mas  'http' é diferente de " + result313 + " <host.getSchemeName()>"
"Era esperado valores iguais, mas  'zombo.com' é diferente de " + result314 + " <host.getHostName()>"
"Era esperado valores iguais, mas  'homestarrunner.com' é diferente de " + result315 + " <host.getHostName()>"
"Era esperado valores iguais, mas " + result316 + " <InetAddress.getByName('127.0.0.1')> é diferente de " + result317 + " <host.getAddress()>"
"Era esperado nulo, mas o valor obtido não é nulo"
"Era esperado verdadeiro, mas " + result318 + " <fooCast.isPresent()> é falso"
"Era esperado valores iguais, mas  foo é diferente de " + result319 + " <fooCast.get()>"
"Era esperado verdadeiro, mas " + result320 + " <Util.tryCast(new Bar(), Foo.class).isPresent()> é falso"
"Era esperado valores iguais, mas  88 é diferente de " + result321 + " <manager.getMaxTotal()>"
"Era esperado valores iguais, mas  42 é diferente de " + result322 + " <manager.getDefaultMaxPerRoute()>"
"Era esperado valores iguais, mas " + result323 + " <apache.toString()> é diferente de " + result324 + " <unirest.toString()>"
"Era esperado valores iguais, mas " + result325 + " <apache.toString()> é diferente de " + result326 + " <org.apache.http.entity.ContentType.parse(unirest.toString()).toString()>"
"Era esperado valores iguais, mas  p é diferente de " + " o"
"Era esperado valores iguais, mas  q é diferente de " + " w"
"Era esperado valores diferentes, mas  q é igual a " + " e"
"Era esperado valores iguais, mas  q é diferente de " + " w"
"Era esperado valores diferentes, mas  q é igual a " + " e"
"Era esperado valores iguais, mas  'http://somwhere/fruit' é diferente de " + result327 + " <new Path('/fruit', 'http://somwhere').toString()>"
"Era esperado valores iguais, mas  'http://somwhere/fruit' é diferente de " + result328 + " <new Path('http://somwhere/fruit', 'http://elsewhere/rocks').toString()>"
"Era esperado objetos iguais, mas " + result329 + " <cache.wrap(client).request(new HttpRequestNoBody(config, GET, '/'), null, Object.class)> é diferente de " + result330 + " <cache.wrap(client).request(new HttpRequestNoBody(config, GET, '/'), null, Object.class)>"
"Era esperado valores iguais, mas  1 é diferente de " + " client.invokes"
"Era esperado objetos iguais, mas " + result331 + " <cache.wrapAsync(client).request(new HttpRequestNoBody(config, GET, '/'), null, null, Empty.class)> é diferente de " + result332 + " <cache.wrapAsync(client).request(new HttpRequestNoBody(config, GET, '/'), null, null, Empty.class)>"
"Era esperado valores iguais, mas  1 é diferente de " + " client.invokes"
"Era esperado objetos diferentes, mas " + result333 + " <cache.wrap(client).request(new HttpRequestNoBody(config, GET, '/'), null, Object.class)> é igual a " + result334 + " <cache.wrapAsync(client).request(new HttpRequestNoBody(config, GET, '/'), null, null, Object.class)>"
"Era esperado valores iguais, mas  2 é diferente de " + " client.invokes"
"Era esperado objetos diferentes, mas " + result335 + " <cache.wrap(client).request(new HttpRequestNoBody(config, GET, '/'), r -> new StringResponse(new TestRawResponse(config), ''), String.class)> é igual a " + result336 + " <cache.wrap(client).request(new HttpRequestNoBody(config, GET, '/'), r -> new BasicResponse(new TestRawResponse(config), ''), Empty.class)>"
"Era esperado valores iguais, mas  2 é diferente de " + " client.invokes"
"Era esperado falso, mas " + result337 + " <part.isFile()> é verdadeiro "
"Era esperado falso, mas " + result338 + " <bytes.isFile()> é verdadeiro "
"Era esperado falso, mas " + result339 + " <Util.tryCast('foo', Foo.class).isPresent()> é verdadeiro "
"Era esperado falso, mas " + result340 + " <Util.tryCast(null, Foo.class).isPresent()> é verdadeiro "
"Era esperado falso, mas " + result341 + " <body.isFile()> é verdadeiro "
"Era esperado valores iguais, mas  'Hi Mom' é diferente de " + result342 + " <body.toString()>"
"Era esperado valores iguais, mas  'Hi Mom' é diferente de " + result343 + " <body.getValue()>"
"Era esperado valores iguais, mas  String.class é diferente de " + result344 + " <body.getPartType()>"
"Era esperado valores iguais, mas  Config.DEFAULT_CONNECT_TIMEOUT é diferente de " + result345 + " <config.getConnectionTimeout()>"
"Era esperado valores iguais, mas  Config.DEFAULT_SOCKET_TIMEOUT é diferente de " + result346 + " <config.getSocketTimeout()>"
"Era esperado valores iguais, mas  Config.DEFAULT_MAX_CONNECTIONS é diferente de " + result347 + " <config.getMaxConnections()>"
"Era esperado valores iguais, mas  Config.DEFAULT_MAX_PER_ROUTE é diferente de " + result348 + " <config.getMaxPerRoutes()>"
"Era esperado valores iguais, mas  'Http Clients are already built in order to build a new config execute Unirest.config().reset() ' + 'before changing settings. \n' + 'This should be done rarely.' é diferente de " + result349 + " <ex.getMessage()>"
"Era esperado objetos iguais, mas  c é diferente de " + result350 + " <config.getAsyncClient().getClient()>"
"Era esperado objetos iguais, mas  c é diferente de " + result351 + " <config.getAsyncClient().getClient()>"
"Era esperado objetos iguais, mas " + result352 + " <config.getAsyncClient()> é diferente de " + result353 + " <config.getAsyncClient()>"
"Era esperado objetos diferentes, mas  c é igual a " + result354 + " <config.getAsyncClient()>"
"Era esperado valores iguais, mas  -1 é diferente de " + result355 + " <config.getTTL()>"
"Era esperado valores iguais, mas  42 é diferente de " + result356 + " <config.connectionTTL(42, TimeUnit.MILLISECONDS).getTTL()>"
"Era esperado valores iguais, mas  2520000 é diferente de " + result357 + " <config.connectionTTL(42, TimeUnit.MINUTES).getTTL()>"
"Era esperado valores iguais, mas  43 é diferente de " + result358 + " <config.connectionTTL(Duration.ofMillis(43)).getTTL()>"
"Era esperado valores iguais, mas  2580000 é diferente de " + result359 + " <config.connectionTTL(Duration.ofMinutes(43)).getTTL()>"
"Era esperado valores iguais, mas  'java.io.IOException 1\n' + 'java.lang.RuntimeException 2\n' + 'java.io.IOException 4\n' + 'java.lang.RuntimeException 5' é diferente de " + result360 + " <ex.getMessage()>"
"Era esperado valores iguais, mas  'Attempted to get a new async client but it was not started. Please ensure it is' é diferente de " + result361 + " <ex.getMessage()>"
"Era esperado objetos iguais, mas  c é diferente de " + result362 + " <config.getAsyncClient().getClient()>"
"Era esperado objetos iguais, mas  cli é diferente de " + result363 + " <config.getClient()>"
"Era esperado verdadeiro, mas " + result364 + " <config.shouldAddShutdownHook()> é falso"
"Era esperado verdadeiro, mas " + result365 + " <config.isRequestCompressionOn()> é falso"
"Era esperado verdadeiro, mas " + result366 + " <config.isAutomaticRetries()> é falso"
"Era esperado objetos iguais, mas  cli é diferente de " + result367 + " <config.getAsyncClient()>"
"Era esperado valores iguais, mas  'You may only configure a SSLContext OR a Keystore, but not both' é diferente de " + result368 + " <ex.getMessage()>"
"Era esperado valores iguais, mas  'You may only configure a SSLContext OR a Keystore, but not both' é diferente de " + result369 + " <ex1.getMessage()>"
"Era esperado valores iguais, mas  'You may only configure a SSLContext OR a Keystore, but not both' é diferente de " + result370 + " <ex.getMessage()>"
"Era esperado verdadeiro, mas " + result371 + " <config.isRunning()> é falso"
"Era esperado verdadeiro, mas " + result372 + " <config.isRunning()> é falso"
"Era esperado valores iguais, mas  host é diferente de " + result373 + " <config.getProxy().getHost()>"
"Era esperado valores iguais, mas  port é diferente de " + result374 + " <config.getProxy().getPort()>"
"Era esperado valores iguais, mas  username é diferente de " + result375 + " <config.getProxy().getUsername()>"
"Era esperado valores iguais, mas  password é diferente de " + result376 + " <config.getProxy().getPassword()>"
"Era esperado verdadeiro, mas " + result377 + " <part.isFile()> é falso"
"Era esperado valores iguais, mas  'uploadfile=foo.xml' é diferente de " + result378 + " <part.toString()>"
"Era esperado verdadeiro, mas " + result379 + " <part.isFile()> é falso"
"Era esperado valores iguais, mas  'uploadFile=foo.xml' é diferente de " + result380 + " <part.toString()>"
"Era esperado valores iguais, mas  'pointer cannot be null' é diferente de " + result381 + " <ex.getMessage()>"
"Era esperado valores iguais, mas  'a JSON pointer should start with '/' or '#/'' é diferente de " + result382 + " <ex.getMessage()>"
"Era esperado valores iguais, mas  'Path Segment Missing: shwoop' é diferente de " + result383 + " <ex.getMessage()>"
"Era esperado valores iguais, mas  'index 5 is out of bounds - the array has 2 elements' é diferente de " + result384 + " <ex.getMessage()>"
"Era esperado valores iguais, mas  'bar is not an array index' é diferente de " + result385 + " <ex.getMessage()>"
"Era esperado valores iguais, mas  'pointer cannot be null' é diferente de " + result386 + " <ex.getMessage()>"
"Era esperado valores iguais, mas  '/foo/g~0h/baz' é diferente de " + result387 + " <new JSONPointer('/foo/g~h/baz').toString()>"
"Era esperado valores iguais, mas  '/foo/g~0h/baz' é diferente de " + result388 + " <JSONPointer.compile('/foo/g~h/baz').toString()>"
"Era esperado valores iguais, mas  '#/foo/g%7Eh/baz' é diferente de " + result389 + " <new JSONPointer('/foo/g~h/baz').toURIFragment()>"
"Era esperado nulo, mas " + result390 + " <obj.query('/derpa')> não é nulo"
"Era esperado valores iguais, mas  'bar' é diferente de " + result391 + " <obj.query('/foo/0').toString()>"
"Era esperado valores iguais, mas  0 é diferente de " + result392 + " <obj.query('/')>"
"Era esperado valores iguais, mas  1 é diferente de " + result393 + " <obj.query('/a~1b')>"
"Era esperado valores iguais, mas  2 é diferente de " + result394 + " <obj.query('/c%d')>"
"Era esperado valores iguais, mas  3 é diferente de " + result395 + " <obj.query('/e^f')>"
"Era esperado valores iguais, mas  4 é diferente de " + result396 + " <obj.query('/g|h')>"
"Era esperado valores iguais, mas  5 é diferente de " + result397 + " <obj.query('/i\\j')>"
"Era esperado valores iguais, mas  6 é diferente de " + result398 + " <obj.query('/k\'l')>"
"Era esperado valores iguais, mas  7 é diferente de " + result399 + " <obj.query('/ ')>"
"Era esperado valores iguais, mas  8 é diferente de " + result400 + " <obj.query('/m~0n')>"
"Era esperado valores iguais, mas  true é diferente de " + result401 + " <obj.query('/cucu/0/banana/pants')>"
"Era esperado valores iguais, mas " + result402 + " <new JSONPointer('/foo/4/n~0t/bar/1').toString()> é diferente de " + result403 + " <pointer.toString()>"
"Era esperado valores iguais, mas  true é diferente de " + result404 + " <o.optBoolean('aBoolean')>"
"Era esperado valores iguais, mas  'Wakk Wakka' é diferente de " + result405 + " <o.optString('aSillyString')>"
"Era esperado valores iguais, mas  42 é diferente de " + result406 + " <o.optNumber('aNumber')>"
"Era esperado não nulo, mas " + result407 + " <o.optJSONObject('aSub')> é nulo"
"Era esperado verdadeiro, mas " + result408 + " <o.isEmpty()> é falso"
"Era esperado verdadeiro, mas " + result409 + " <o.isNull('foo')> é falso"
"Era esperado verdadeiro, mas " + result410 + " <o.isNull('foo')> é falso"
"Era esperado valores iguais, mas  'Invalid JSON' é diferente de " + result411 + " <ex.getMessage()>"
"Era esperado verdadeiro, mas " + result412 + " <obj.has('foo')> é falso"
"Era esperado valores iguais, mas  1 é diferente de " + result413 + " <obj.length()>"
"Era esperado valores iguais, mas  42 é diferente de " + result414 + " <obj.getJSONObject('foo').getInt('baz')>"
"Era esperado valores iguais, mas  '{\'key1\':\'value\',\'key2\':null}' é diferente de " + result415 + " <obj.toString()>"
"Era esperado valores iguais, mas  '{\'status\':\'OK\',\'message\':\'hive_1597818501335\'}' é diferente de " + result416 + " <jsonObject.toString()>"
"Era esperado valores iguais, mas  '{\n' + '  \'key1\': \'value\',\n' + '  \'key2\': null\n' + '}' é diferente de " + result417 + " <obj.toString(3)>"
"Era esperado valores iguais, mas  Long.MAX_VALUE é diferente de " + result418 + " <obj.getLong('key')>"
"Era esperado valores iguais, mas  Long.MAX_VALUE é diferente de " + result419 + " <obj.optLong('key')>"
"Era esperado valores iguais, mas  66L é diferente de " + result420 + " <obj.optLong('boo', 66)>"
"Era esperado valores iguais, mas  0L é diferente de " + result421 + " <obj.optLong('boo')>"
"Era esperado verdadeiro, mas " + result422 + " <obj.getBoolean('key')> é falso"
"Era esperado verdadeiro, mas " + result423 + " <obj.optBoolean('key')> é falso"
"Era esperado verdadeiro, mas " + result424 + " <obj.optBoolean('boo', true)> é falso"
"Era esperado valores iguais, mas  33 é diferente de " + result425 + " <obj.getInt('key')>"
"Era esperado valores iguais, mas  33 é diferente de " + result426 + " <obj.optInt('key')>"
"Era esperado valores iguais, mas  66 é diferente de " + result427 + " <obj.optInt('boo', 66)>"
"Era esperado valores iguais, mas  0 é diferente de " + result428 + " <obj.optInt('boo')>"
"Era esperado valores iguais, mas  tt é diferente de " + result429 + " <obj.getNumber('key')>"
"Era esperado valores iguais, mas  tt é diferente de " + result430 + " <obj.optNumber('key')>"
"Era esperado valores iguais, mas  66 é diferente de " + result431 + " <obj.optNumber('boo', 66)>"
"Era esperado valores iguais, mas  0 é diferente de " + result432 + " <obj.optNumber('boo')>"
"Era esperado valores iguais, mas " + result433 + " <BigInteger.valueOf(33)> é diferente de " + result434 + " <obj.getBigInteger('key')>"
"Era esperado valores iguais, mas " + result435 + " <BigInteger.valueOf(33)> é diferente de " + result436 + " <obj.optBigInteger('key', BigInteger.TEN)>"
"Era esperado valores iguais, mas  BigInteger.TEN é diferente de " + result437 + " <obj.optBigInteger('boo', BigInteger.TEN)>"
"Era esperado valores iguais, mas  value é diferente de " + result438 + " <obj.getBigDecimal('key')>"
"Era esperado valores iguais, mas  value é diferente de " + result439 + " <obj.optBigDecimal('key', BigDecimal.TEN)>"
"Era esperado valores iguais, mas  BigDecimal.TEN é diferente de " + result440 + " <obj.optBigDecimal('boo', BigDecimal.TEN)>"
"Era esperado valores iguais, mas  'cheese' é diferente de " + result441 + " <obj.getString('key')>"
"Era esperado valores iguais, mas  '45' é diferente de " + result442 + " <obj.getString('not')>"
"Era esperado valores iguais, mas  'cheese' é diferente de " + result443 + " <obj.optString('key')>"
"Era esperado valores iguais, mas  'logs' é diferente de " + result444 + " <obj.optString('boo', 'logs')>"
"Era esperado valores iguais, mas  '' é diferente de " + result445 + " <obj.optString('boo')>"
"Era esperado nulo, mas " + result446 + " <obj.optJSONObject('boo')> não é nulo"
"Era esperado verdadeiro, mas " + result447 + " <subObj.similar(obj.get('key'))> é falso"
"Era esperado nulo, mas " + result448 + " <obj.optJSONArray('boo')> não é nulo"
"Era esperado verdadeiro, mas " + result449 + " <subObj.similar(obj.get('key'))> é falso"
"Era esperado valores iguais, mas  fruit.orange é diferente de " + result450 + " <obj.getEnum(fruit.class, 'key')>"
"Era esperado valores iguais, mas  fruit.orange é diferente de " + result451 + " <obj.optEnum(fruit.class, 'key')>"
"Era esperado valores iguais, mas  fruit.apple é diferente de " + result452 + " <obj.optEnum(fruit.class, 'boo', fruit.apple)>"
"Era esperado nulo, mas " + result453 + " <obj.optEnum(fruit.class, 'boo')> não é nulo"
"Era esperado valores iguais, mas  '{\'foo\':42}' é diferente de " + result454 + " <obj.toString()>"
"Era esperado valores iguais, mas  '{\n' + '  \'foo\': 42,\n' + '  \'bar\': true\n' + '}' é diferente de " + result455 + " <obj.toString(3)>"
"Era esperado valores iguais, mas  7 é diferente de " + result456 + " <obj.getJSONArray('foos').get(1)>"
"Era esperado valores iguais, mas  7 é diferente de " + result457 + " <obj.optJSONArray('foos').get(1)>"
"Era esperado nulo, mas " + result458 + " <obj.optJSONArray('bars')> não é nulo"
"Era esperado valores iguais, mas  str é diferente de " + result459 + " <sw.toString()>"
"Era esperado valores iguais, mas  '{\n' + '  \'foo\': 42,\n' + '  \'bar\': true\n' + '}' é diferente de " + result460 + " <sw.toString()>"
"Era esperado valores iguais, mas  42 é diferente de " + result461 + " <obj.remove('foo')>"
"Era esperado nulo, mas " + result462 + " <obj.remove('nothing')> não é nulo"
"Era esperado valores iguais, mas  '{\'bar\':true}' é diferente de " + result463 + " <obj.toString()>"
"Era esperado valores iguais, mas  0 é diferente de " + result464 + " <obj.length()>"
"Era esperado valores iguais, mas  42 é diferente de " + result465 + " <obj.get('bar')>"
"Era esperado objetos iguais, mas  obj é diferente de " + result466 + " <obj.put('bar', 33)>"
"Era esperado valores iguais, mas  33 é diferente de " + result467 + " <obj.get('bar')>"
"Era esperado valores iguais, mas  'key == null' é diferente de " + result468 + " <ex.getMessage()>"
"Era esperado objetos iguais, mas  obj é diferente de " + result469 + " <obj.accumulate('bar', 42)>"
"Era esperado valores iguais, mas  0 é diferente de " + result470 + " <obj.length()>"
"Era esperado objetos iguais, mas  obj é diferente de " + result471 + " <obj.accumulate('bar', 33)>"
"Era esperado valores iguais, mas  2 é diferente de " + result472 + " <obj.getJSONArray('bar').length()>"
"Era esperado valores iguais, mas  42 é diferente de " + result473 + " <obj.getJSONArray('bar').get(0)>"
"Era esperado valores iguais, mas  33 é diferente de " + result474 + " <obj.getJSONArray('bar').get(1)>"
"Era esperado valores iguais, mas  'Null key.' é diferente de " + result475 + " <ex.getMessage()>"
"Era esperado objetos iguais, mas  obj é diferente de " + result476 + " <obj.append('bar', 42)>"
"Era esperado valores iguais, mas  2 é diferente de " + result477 + " <obj.getJSONArray('bar').length()>"
"Era esperado valores iguais, mas  42 é diferente de " + result478 + " <obj.getJSONArray('bar').get(0)>"
"Era esperado valores iguais, mas  33 é diferente de " + result479 + " <obj.getJSONArray('bar').get(1)>"
"Era esperado valores iguais, mas  'Null key.' é diferente de " + result480 + " <ex.getMessage()>"
"Era esperado objetos iguais, mas  obj é diferente de " + result481 + " <obj.put('bar', 'not')>"
"Era esperado valores iguais, mas  'JSONObject[\'bar\'] is not a JSONArray.' é diferente de " + result482 + " <ex.getMessage()>"
"Era esperado objetos iguais, mas  obj é diferente de " + result483 + " <obj.increment('cool-beans')>"
"Era esperado valores iguais, mas  1 é diferente de " + result484 + " <obj.get('cool-beans')>"
"Era esperado valores iguais, mas  4 é diferente de " + result485 + " <obj.get('cool-beans')>"
"Era esperado objetos iguais, mas  obj é diferente de " + result486 + " <obj.put('cool-beans', 1.5)>"
"Era esperado valores iguais, mas  2.5 é diferente de " + result487 + " <obj.get('cool-beans')>"
"Era esperado objetos iguais, mas  obj é diferente de " + result488 + " <obj.putOnce('foo', 'bar')>"
"Era esperado valores iguais, mas  'bar' é diferente de " + result489 + " <obj.getString('foo')>"
"Era esperado objetos iguais, mas  obj é diferente de " + result490 + " <obj.putOpt('foo', 'bar')>"
"Era esperado valores iguais, mas  'bar' é diferente de " + result491 + " <obj.get('foo')>"
"Era esperado valores iguais, mas  'qux' é diferente de " + result492 + " <obj.get('foo')>"
"Era esperado valores iguais, mas  exp é diferente de " + result493 + " <obj.keySet()>"
"Era esperado valores iguais, mas  exp é diferente de " + result494 + " <newHashSet(obj.keys())>"
"Era esperado verdadeiro, mas " + result495 + " <obj1.similar(obj2)> é falso"
"Era esperado valores iguais, mas  42 é diferente de " + result496 + " <obj.query('/a/b')>"
"Era esperado valores iguais, mas  55 é diferente de " + result497 + " <map.get('baz')>"
"Era esperado valores iguais, mas  21474836475L é diferente de " + result498 + " <map.get('qux')>"
"Era esperado valores iguais, mas  42 é diferente de " + result499 + " <sub.get('bar')>"
"Era esperado valores iguais, mas " + result500 + " <newHashSet('foo', 'bar', 'baz')> é diferente de " + result501 + " <newHashSet(names.toList())>"
"Era esperado nulo, mas " + result502 + " <o.toJSONArray(new JSONArray())> não é nulo"
"Era esperado valores iguais, mas  new JSONArray(asList('bar', 42)) é diferente de " + result503 + " <o.toJSONArray(new JSONArray(asList('foo', 'baz')))>"
"Era esperado valores iguais, mas  new JSONArray(asList(null, null)) é diferente de " + result504 + " <new JSONObject().toJSONArray(new JSONArray(asList('foo', 'baz')))>"
"Era esperado valores iguais, mas  '{\'foo\':[1,2,3]}' é diferente de " + result505 + " <o.toString()>"
"Era esperado valores iguais, mas  '{\'foo\':{\'baz\':42}}' é diferente de " + result506 + " <o.toString()>"
"Era esperado objetos iguais, mas  JSONObject.NULL é diferente de " + result507 + " <JSONObject.stringToValue('null')>"
"Era esperado valores iguais, mas  true é diferente de " + result508 + " <JSONObject.stringToValue('true')>"
"Era esperado valores iguais, mas  false é diferente de " + result509 + " <JSONObject.stringToValue('false')>"
"Era esperado valores iguais, mas  42 é diferente de " + result510 + " <JSONObject.stringToValue('42')>"
"Era esperado valores iguais, mas  45.25 é diferente de " + result511 + " <JSONObject.stringToValue('45.25')>"
"Era esperado valores iguais, mas  -45.25 é diferente de " + result512 + " <JSONObject.stringToValue('-45.25')>"
"Era esperado valores iguais, mas  '\'\\\'foo\\\'hoo\'' é diferente de " + result513 + " <JSONObject.quote('\'foo\'hoo')>"
"Era esperado valores iguais, mas  '\'\\\'foo\\\'hoo\'' é diferente de " + result514 + " <quote.toString()>"
"Era esperado valores iguais, mas  42 é diferente de " + result515 + " <JSONObject.wrap(42)>"
"Era esperado valores iguais, mas  42.5 é diferente de " + result516 + " <JSONObject.wrap(42.5)>"
"Era esperado objetos iguais, mas  JSONObject.NULL é diferente de " + result517 + " <JSONObject.wrap(null)>"
"Era esperado valores iguais, mas  true é diferente de " + result518 + " <JSONObject.wrap(true)>"
"Era esperado verdadeiro, mas " + result519 + " <new JSONArray(asList(1, 2, 3)).similar(JSONObject.wrap(asList(1, 2, 3)))> é falso"
"Era esperado verdadeiro, mas " + result520 + " <new JSONArray(asList(1, 2, 3)).similar(JSONObject.wrap(new int[] { 1, 2, 3 }))> é falso"
"Era esperado verdadeiro, mas " + result521 + " <new JSONObject(of('f', 1)).similar(JSONObject.wrap(of('f', 1)))> é falso"
"Era esperado verdadeiro, mas " + result522 + " <new JSONObject().similar(JSONObject.wrap(new Foo('hi')))> é falso"
"Era esperado valores iguais, mas  '42' é diferente de " + result523 + " <JSONObject.doubleToString(42)>"
"Era esperado valores iguais, mas  '42.5643' é diferente de " + result524 + " <JSONObject.doubleToString(42.5643)>"
"Era esperado valores iguais, mas  '42' é diferente de " + result525 + " <JSONObject.numberToString(42)>"
"Era esperado valores iguais, mas  '42.5643' é diferente de " + result526 + " <JSONObject.numberToString(42.5643f)>"
"Era esperado valores iguais, mas  'null' é diferente de " + result527 + " <JSONObject.valueToString(null)>"
"Era esperado valores iguais, mas  '42' é diferente de " + result528 + " <JSONObject.valueToString(42)>"
"Era esperado valores iguais, mas  '42.5643' é diferente de " + result529 + " <JSONObject.valueToString(42.5643f)>"
"Era esperado valores iguais, mas  '\'Hello World\'' é diferente de " + result530 + " <JSONObject.valueToString('Hello World')>"
"Era esperado valores iguais, mas  ImmaJson.HI_MOM é diferente de " + result531 + " <JSONObject.valueToString(new ImmaJson())>"
"Era esperado valores iguais, mas  '{\'bar\':\'me\'}' é diferente de " + result532 + " <JSONObject.valueToString(new Foo('me'))>"
"Era esperado valores iguais, mas  '{}' é diferente de " + result533 + " <JSONObject.valueToString(new JSONObject())>"
"Era esperado valores iguais, mas  '[]' é diferente de " + result534 + " <JSONObject.valueToString(new JSONArray())>"
"Era esperado arrays iguais, mas  null é diferente de " + result535 + " <JSONObject.getNames(new JSONObject())>"
"Era esperado arrays iguais, mas  new String[] { 'a', 'b' } é diferente de " + result536 + " <JSONObject.getNames(new JSONObject(of('a', 1, 'b', 2)))>"
"Era esperado valores iguais, mas  message é diferente de " + result537 + " <ex.getMessage()>"
"Era esperado valores iguais, mas  o é diferente de " + " value"
"Era esperado verdadeiro, mas " + result538 + " <type.isInstance(o)> é falso"
"Era esperado nulo, mas " + result539 + " <array.toJSONObject(new JSONArray(Collections.singletonList('foo')))> não é nulo"
"Era esperado nulo, mas " + result540 + " <array.toJSONObject(null)> não é nulo"
"Era esperado nulo, mas " + result541 + " <array.toJSONObject(new JSONArray())> não é nulo"
"Era esperado valores iguais, mas  '[1,null]' é diferente de " + result542 + " <obj.toString()>"
"Era esperado valores iguais, mas  'JSONArray[0] not a string.' é diferente de " + result543 + " <ex.getMessage()>"
"Era esperado valores iguais, mas  1 é diferente de " + result544 + " <zipped.get('one')>"
"Era esperado valores iguais, mas  'foo' é diferente de " + result545 + " <zipped.get('two')>"
"Era esperado valores iguais, mas  false é diferente de " + result546 + " <zipped.get('three')>"
"Era esperado valores iguais, mas  'Foo{bar=fooooo}' é diferente de " + result547 + " <array.get(0).toString()>"
"Era esperado valores iguais, mas  'abc' é diferente de " + result548 + " <array.get(1)>"
"Era esperado valores iguais, mas  '{\'foo\':\'bar\'}' é diferente de " + result549 + " <array.get(2).toString()>"
"Era esperado valores iguais, mas  2 é diferente de " + result550 + " <array.length()>"
"Era esperado valores iguais, mas  'bar' é diferente de " + result551 + " <array.getJSONObject(0).getString('foo')>"
"Era esperado valores iguais, mas  42 é diferente de " + result552 + " <array.getJSONObject(1).getInt('baz')>"
"Era esperado valores iguais, mas  nul é diferente de " + result553 + " <array.get(0)>"
"Era esperado valores iguais, mas  num é diferente de " + result554 + " <array.get(1)>"
"Era esperado valores iguais, mas  str é diferente de " + result555 + " <array.get(2)>"
"Era esperado valores iguais, mas  bool é diferente de " + result556 + " <array.get(3)>"
"Era esperado valores iguais, mas  arr é diferente de " + result557 + " <array.get(4)>"
"Era esperado valores iguais, mas  obj é diferente de " + result558 + " <array.get(5)>"
"Era esperado objetos iguais, mas  obj é diferente de " + result559 + " <obj.put((Number) 33)>"
"Era esperado valores iguais, mas  33 é diferente de " + result560 + " <obj.getNumber(0)>"
"Era esperado valores iguais, mas  33 é diferente de " + result561 + " <obj.optNumber(0)>"
"Era esperado valores iguais, mas  66.6d é diferente de " + result562 + " <obj.optNumber(1, 66.6d)>"
"Era esperado nulo, mas " + result563 + " <obj.optNumber(5)> não é nulo"
"Era esperado objetos iguais, mas  obj é diferente de " + result564 + " <obj.put(33.5d)>"
"Era esperado objetos iguais, mas  obj é diferente de " + result565 + " <obj.put(33.5f)>"
"Era esperado objetos iguais, mas  obj é diferente de " + result566 + " <obj.put(33L)>"
"Era esperado valores iguais, mas  33L é diferente de " + result567 + " <obj.getLong(0)>"
"Era esperado valores iguais, mas  33L é diferente de " + result568 + " <obj.optLong(0)>"
"Era esperado valores iguais, mas  66L é diferente de " + result569 + " <obj.optLong(5, 66)>"
"Era esperado valores iguais, mas  0L é diferente de " + result570 + " <obj.optLong(5)>"
"Era esperado objetos iguais, mas  obj é diferente de " + result571 + " <obj.put(true)>"
"Era esperado verdadeiro, mas " + result572 + " <obj.getBoolean(0)> é falso"
"Era esperado verdadeiro, mas " + result573 + " <obj.optBoolean(0)> é falso"
"Era esperado verdadeiro, mas " + result574 + " <obj.optBoolean(5, true)> é falso"
"Era esperado objetos iguais, mas  obj é diferente de " + result575 + " <obj.put(33)>"
"Era esperado valores iguais, mas  33 é diferente de " + result576 + " <obj.getInt(0)>"
"Era esperado valores iguais, mas  33 é diferente de " + result577 + " <obj.optInt(0)>"
"Era esperado valores iguais, mas  66 é diferente de " + result578 + " <obj.optInt(5, 66)>"
"Era esperado valores iguais, mas  0 é diferente de " + result579 + " <obj.optInt(5)>"
"Era esperado objetos iguais, mas  obj é diferente de " + result580 + " <obj.put(BigInteger.valueOf(33))>"
"Era esperado valores iguais, mas " + result581 + " <BigInteger.valueOf(33)> é diferente de " + result582 + " <obj.getBigInteger(0)>"
"Era esperado valores iguais, mas " + result583 + " <BigInteger.valueOf(33)> é diferente de " + result584 + " <obj.optBigInteger(0, BigInteger.TEN)>"
"Era esperado valores iguais, mas  BigInteger.TEN é diferente de " + result585 + " <obj.optBigInteger(5, BigInteger.TEN)>"
"Era esperado objetos iguais, mas  obj é diferente de " + result586 + " <obj.put(value)>"
"Era esperado valores iguais, mas  value é diferente de " + result587 + " <obj.getBigDecimal(0)>"
"Era esperado valores iguais, mas  value é diferente de " + result588 + " <obj.optBigDecimal(0, BigDecimal.TEN)>"
"Era esperado valores iguais, mas  BigDecimal.TEN é diferente de " + result589 + " <obj.optBigDecimal(5, BigDecimal.TEN)>"
"Era esperado objetos iguais, mas  obj é diferente de " + result590 + " <obj.put('cheese')>"
"Era esperado valores iguais, mas  'cheese' é diferente de " + result591 + " <obj.getString(0)>"
"Era esperado valores iguais, mas  '45' é diferente de " + result592 + " <obj.getString(1)>"
"Era esperado valores iguais, mas  'cheese' é diferente de " + result593 + " <obj.optString(0)>"
"Era esperado valores iguais, mas  'logs' é diferente de " + result594 + " <obj.optString(5, 'logs')>"
"Era esperado valores iguais, mas  '' é diferente de " + result595 + " <obj.optString(5)>"
"Era esperado objetos iguais, mas  obj é diferente de " + result596 + " <obj.put(subObj)>"
"Era esperado nulo, mas " + result597 + " <obj.optJSONObject(5)> não é nulo"
"Era esperado objetos iguais, mas  obj é diferente de " + result598 + " <obj.put(subObj)>"
"Era esperado nulo, mas " + result599 + " <obj.optJSONArray(5)> não é nulo"
"Era esperado objetos iguais, mas  obj é diferente de " + result600 + " <obj.put(fruit.orange)>"
"Era esperado valores iguais, mas  fruit.orange é diferente de " + result601 + " <obj.getEnum(fruit.class, 0)>"
"Era esperado valores iguais, mas  fruit.orange é diferente de " + result602 + " <obj.optEnum(fruit.class, 0)>"
"Era esperado valores iguais, mas  fruit.apple é diferente de " + result603 + " <obj.optEnum(fruit.class, 1, fruit.apple)>"
"Era esperado nulo, mas " + result604 + " <obj.optEnum(fruit.class, 5)> não é nulo"
"Era esperado valores iguais, mas  '33.5, 42, \'foo\', true, \'apple\'' é diferente de " + result605 + " <array.join(', ')>"
"Era esperado valores iguais, mas  '[33.5,42,\'foo\',true,\'apple\']' é diferente de " + result606 + " <array.toString()>"
"Era esperado valores iguais, mas  '[\n' + '  33.5,\n' + '  42,\n' + '  \'foo\',\n' + '  true,\n' + '  \'apple\'\n' + ']' é diferente de " + result607 + " <array.toString(3)>"
"Era esperado verdadeiro, mas o valor obtido é falso"
"Era esperado verdadeiro, mas o valor obtido é falso"
"Era esperado verdadeiro, mas o valor obtido é falso"
"Era esperado verdadeiro, mas o valor obtido é falso"
"Era esperado verdadeiro, mas o valor obtido é falso"
"Era esperado valores iguais, mas  2 é diferente de " + result608 + " <array.getJSONArray(0).get(1)>"
"Era esperado nulo, mas " + result609 + " <array.optJSONArray(2)> não é nulo"
"Era esperado valores iguais, mas  str é diferente de " + result610 + " <sw.toString()>"
"Era esperado valores iguais, mas  '[\n' + '  1,\n' + '  2,\n' + '  3\n' + ']' é diferente de " + result611 + " <sw.toString()>"
"Era esperado verdadeiro, mas o valor obtido é falso"
"Era esperado valores iguais, mas  o é diferente de " + " remove"
"Era esperado valores iguais, mas  1 é diferente de " + result612 + " <array.length()>"
"Era esperado nulo, mas " + result613 + " <array.remove(55)> não é nulo"
"Era esperado nulo, mas " + result614 + " <array.remove(55)> não é nulo"
"Era esperado valores iguais, mas  1 é diferente de " + result615 + " <array.get(0)>"
"Era esperado valores iguais, mas  Long.MAX_VALUE é diferente de " + result616 + " <array.get(1)>"
"Era esperado valores iguais, mas  3.5d é diferente de " + result617 + " <array.get(2)>"
"Era esperado valores iguais, mas  'howdy' é diferente de " + result618 + " <array.get(4)>"
"Era esperado valores iguais, mas  'pear' é diferente de " + result619 + " <array.get(5)>"
"Era esperado verdadeiro, mas " + result620 + " <new JSONObject(of('foo', 22)).similar(array.get(6))> é falso"
"Era esperado verdadeiro, mas " + result621 + " <new JSONArray(asList(1, 2, 3)).similar(array.get(7))> é falso"
"Era esperado valores iguais, mas  '[1,9223372036854775807,3.5,6.4,\'howdy\',\'pear\',{\'foo\':22},[1,2,3]]' é diferente de " + result622 + " <array.toString()>"
"Era esperado valores iguais, mas  1 é diferente de " + result623 + " <array.get(0)>"
"Era esperado valores iguais, mas  Long.MAX_VALUE é diferente de " + result624 + " <array.get(1)>"
"Era esperado valores iguais, mas  3.5d é diferente de " + result625 + " <array.get(2)>"
"Era esperado valores iguais, mas  'howdy' é diferente de " + result626 + " <array.get(4)>"
"Era esperado valores iguais, mas  'pear' é diferente de " + result627 + " <array.get(5)>"
"Era esperado verdadeiro, mas " + result628 + " <new JSONObject(of('foo', 22)).similar(array.get(6))> é falso"
"Era esperado verdadeiro, mas " + result629 + " <new JSONArray(asList(1, 2, 3)).similar(array.get(7))> é falso"
"Era esperado valores iguais, mas  '[1,9223372036854775807,3.5,6.4,\'howdy\',\'pear\',{\'foo\':22},[1,2,3]]' é diferente de " + result630 + " <array.toString()>"
"Era esperado valores iguais, mas  42 é diferente de " + result631 + " <obj.query('/0/a/b')>"
"Era esperado valores iguais, mas  1 é diferente de " + result632 + " <array.length()>"
"Era esperado valores iguais, mas  ints é diferente de " + result633 + " <array.getJSONArray(0).toList()>"
"Era esperado valores iguais, mas  4 é diferente de " + result634 + " <array.length()>"
"Era esperado valores iguais, mas  ints é diferente de " + result635 + " <array.toList()>"
"Era esperado valores iguais, mas  4 é diferente de " + result636 + " <array.length()>"
"Era esperado valores iguais, mas  ints é diferente de " + result637 + " <array.toList()>"
"Era esperado valores iguais, mas  'JSONArray initial value should be a string or collection or array.' é diferente de " + result638 + " <ex.getMessage()>"
"Era esperado verdadeiro, mas " + result639 + " <array.isNull(1)> é falso"
"Era esperado verdadeiro, mas " + result640 + " <array.isNull(2)> é falso"
"Era esperado verdadeiro, mas " + result641 + " <array.isNull(33)> é falso"
"Era esperado valores iguais, mas  '[\'Hello World\']' é diferente de " + result642 + " <array.toString()>"
"Era esperado verdadeiro, mas " + result643 + " <a1.equals(a1)> é falso"
"Era esperado verdadeiro, mas " + result644 + " <a1.equals(a2)> é falso"
"Era esperado valores iguais, mas  message é diferente de " + result645 + " <ex.getMessage()>"
"Era esperado valores iguais, mas " + result646 + " <HttpMethod.valueOf('GET')> é diferente de " + result647 + " <HttpMethod.valueOf('GET')>"
"Era esperado valores iguais, mas  HttpMethod.GET é diferente de " + " HttpMethod.GET"
"Era esperado valores diferentes, mas " + result648 + " <HttpMethod.valueOf('GET')> é igual a " + result649 + " <HttpMethod.valueOf('PUT')>"
"Era esperado valores diferentes, mas  HttpMethod.GET é igual a " + " HttpMethod.PUT"
"Era esperado valores iguais, mas " + result650 + " <HttpMethod.valueOf('GET')> é diferente de " + result651 + " <HttpMethod.valueOf('get')>"
"Era esperado valores iguais, mas " + result652 + " <HttpMethod.GET.all()> é diferente de " + result653 + " <HttpMethod.all()>"
"Era esperado valores iguais, mas  'UTF-8' é diferente de " + result654 + " <getCharSet(null)>"
"Era esperado valores iguais, mas  'UTF-8' é diferente de " + result655 + " <getCharSet('')>"
"Era esperado valores iguais, mas  'UTF-8' é diferente de " + result656 + " <getCharSet('         ')>"
"Era esperado valores iguais, mas  'UTF-8' é diferente de " + result657 + " <getCharSet('Content-Type: text/html;')>"
"Era esperado valores iguais, mas  'UTF-8' é diferente de " + result658 + " <getCharSet('Content-Type: text/html; charset=')>"
"Era esperado valores iguais, mas  'LATIN-1' é diferente de " + result659 + " <getCharSet('Content-Type: text/html; charset=latin-1')>"
"Era esperado valores iguais, mas  'KINGON-1' é diferente de " + result660 + " <getCharSet(null)>"
"Era esperado valores iguais, mas  'SINDARIN-42' é diferente de " + result661 + " <getCharSet(null)>"
"Era esperado valores iguais, mas  'Accepts' é diferente de " + result662 + " <h.getName()>"
"Era esperado valores iguais, mas  'application/json' é diferente de " + result663 + " <h.getValue()>"
"Era esperado valores iguais, mas  0 é diferente de " + result664 + " <h.size()>"
"Era esperado valores iguais, mas  'a: 1' + ls + 'c: 3' + ls + 'd: null' é diferente de " + " toString"
"Era esperado valores iguais, mas  h é diferente de " + " j"
"Era esperado valores diferentes, mas  h é igual a " + " j"
"Era esperado valores iguais, mas  'application/json' é diferente de " + result665 + " <h.getFirst('Accepts')>"
"Era esperado valores iguais, mas  'application/xml' é diferente de " + result666 + " <h.getFirst('Content-Type')>"
"Era esperado valores diferentes, mas " + result667 + " <entry('foo', 'qux')> é igual a " + result668 + " <entry('foo', 'bar')>"
"Era esperado valores diferentes, mas " + result669 + " <entry('qux', 'bar')> é igual a " + result670 + " <entry('foo', 'bar')>"
"Era esperado valores iguais, mas " + result671 + " <entry('foo', 'bar')> é diferente de " + result672 + " <entry('foo', 'bar')>"
"Era esperado valores iguais, mas " + result673 + " <entry('foo', () -> 'bar')> é diferente de " + result674 + " <entry('foo', 'bar')>"
"Era esperado valores iguais, mas " + result675 + " <entry('foo', () -> 'bar')> é diferente de " + result676 + " <entry('foo', () -> 'bar')>"
"Era esperado nulo, mas " + result677 + " <entry('foo', (Supplier<String>) null).getValue()> não é nulo"
"Era esperado valores iguais, mas " + result678 + " <ZonedDateTime.of(2020, 1, 5, 15, 0, 20, 0, ZoneId.of('GMT'))> é diferente de " + result679 + " <Util.tryParseToDate('Sun, 05-Jan-2020 15:00:20 GMT')>"
"Era esperado valores iguais, mas " + result680 + " <ZonedDateTime.of(2020, 3, 6, 16, 5, 35, 0, ZoneId.of('GMT'))> é diferente de " + result681 + " <Util.tryParseToDate('Fri, 06 Mar 2020 16:05:35 GMT')>"
"Era esperado valores iguais, mas " + result682 + " <ZonedDateTime.of(2020, 1, 5, 15, 0, 20, 0, ZoneId.of('GMT'))> é diferente de " + result683 + " <Util.tryParseToDate('Sun, 05-Jan-2020 15:00:20 GMT')>"
"Era esperado valores iguais, mas " + result684 + " <ZonedDateTime.of(2020, 3, 6, 16, 5, 35, 0, ZoneId.of('GMT'))> é diferente de " + result685 + " <Util.tryParseToDate('Fri, 06 Mar 2020 16:05:35 GMT')>"
"Era esperado valores iguais, mas " + result686 + " <Arrays.asList('foo', 'bar', 'baz')> é diferente de " + " bodies"
"Era esperado valores iguais, mas " + result687 + " <Arrays.asList('foo', 'baz')> é diferente de " + " bodies"
"Era esperado valores iguais, mas " + result688 + " <Arrays.asList('foo', 'baz')> é diferente de " + " processed"
"Era esperado nulo, mas " + result689 + " <processed.get(0)> não é nulo"
"Era esperado valores iguais, mas  'hello' é diferente de " + " result"
"Era esperado valores iguais, mas  5 é diferente de " + " recorder.bytesWritten"
"Era esperado valores iguais, mas  5 é diferente de " + " recorder.totalBytes"
"Era esperado valores iguais, mas  5 é diferente de " + " recorder.bytesWritten"
"Era esperado valores iguais, mas  5 é diferente de " + " recorder.totalBytes"
"Era esperado valores iguais, mas  5 é diferente de " + " recorder.bytesWritten"
"Era esperado valores iguais, mas  5 é diferente de " + " recorder.totalBytes"
"Era esperado valores iguais, mas  5 é diferente de " + " recorder.bytesWritten"
"Era esperado valores iguais, mas  5 é diferente de " + " recorder.totalBytes"
"Era esperado verdadeiro, mas o valor obtido é falso"
"Era esperado objetos iguais, mas  e é diferente de " + result690 + " <u.getCause()>"
"Era esperado valores iguais, mas  1 é diferente de " + result691 + " <compound.size()>"
"Era esperado verdadeiro, mas o valor obtido é falso"
"Era esperado valores iguais, mas  0 é diferente de " + result692 + " <compound.size()>"
"Era esperado valores iguais, mas  2 é diferente de " + result693 + " <compound.size()>"
"Era esperado objetos iguais, mas  t1 é diferente de " + result694 + " <compound.getInterceptors().get(0)>"
"Era esperado objetos iguais, mas  t2 é diferente de " + result695 + " <compound.getInterceptors().get(1)>"
"Era esperado valores iguais, mas  1 é diferente de " + result696 + " <compound.size()>"
"Era esperado valores iguais, mas  s é diferente de " + result697 + " <new BaseRequest(new Config(), HttpMethod.GET, s) {\n}.url.toString()>"
"Era esperado valores iguais, mas  '{}' é diferente de " + " actual"
"Era esperado valores iguais, mas  '{\'date\':\'1985-07-03T18:00:00.042Z\'}' é diferente de " + " actual"
"Era esperado valores iguais, mas  '{\'date\':\'1985-07-03T00:00:00Z\'}' é diferente de " + " actual"
"Era esperado nulo, mas " + result698 + " <back.getDate()> não é nulo"
"Era esperado valores iguais, mas  489263400042L é diferente de " + result699 + " <back.getDate().getTime()>"
"Era esperado valores iguais, mas  489196800000L é diferente de " + result700 + " <back.getDate().getTime()>"
"Era esperado valores iguais, mas  489263400000L é diferente de " + result701 + " <back.getDate().getTime()>"
"Era esperado valores iguais, mas  'Could Not Parse as java.util.Date: Leeeeeeeroy Jenkins!' é diferente de " + result702 + " <ex.getMessage()>"
"Era esperado valores iguais, mas  489263400000L é diferente de " + result703 + " <back.getDate().getTime()>"
"Era esperado valores iguais, mas  new Date(42) é diferente de " + result704 + " <back.getDate()>"
"Era esperado valores iguais, mas  '{\'calendar\':\'1985-07-03T18:00:00.042Z\'}' é diferente de " + " actual"
"Era esperado valores iguais, mas  '{\'calendar\':\'1985-07-03T00:00:00Z\'}' é diferente de " + " actual"
"Era esperado valores iguais, mas  489263400042L é diferente de " + result705 + " <back.getCalendar().getTimeInMillis()>"
"Era esperado valores iguais, mas  489263400000L é diferente de " + result706 + " <back.getCalendar().getTimeInMillis()>"
"Era esperado valores iguais, mas  489263400000L é diferente de " + result707 + " <back.getCalendar().getTimeInMillis()>"
"Era esperado valores iguais, mas  489196800000L é diferente de " + result708 + " <back.getCalendar().getTimeInMillis()>"
"Era esperado valores iguais, mas  'Could Not Parse as java.util.Calendar: Leeeeeeeroy Jenkins!' é diferente de " + result709 + " <ex.getMessage()>"
"Era esperado valores iguais, mas  '{\'zonedDateTime\':\'1985-07-03T18:00:00.042Z\'}' é diferente de " + " actual"
"Era esperado valores iguais, mas " + result710 + " <ZonedDateTime.parse('1985-07-03T18:30:00.042Z')> é diferente de " + result711 + " <back.getZonedDateTime()>"
"Era esperado valores iguais, mas " + result712 + " <ZonedDateTime.parse('1985-07-03T18:30:00.042+02:00')> é diferente de " + result713 + " <back.getZonedDateTime()>"
"Era esperado valores iguais, mas  '{\'localDateTime\':\'1985-07-03T18:00:00.042\'}' é diferente de " + " actual"
"Era esperado valores iguais, mas " + result714 + " <LocalDateTime.parse('1985-07-03T18:00:00.042')> é diferente de " + result715 + " <back.getLocalDateTime()>"
"Era esperado valores iguais, mas " + result716 + " <LocalDateTime.parse('1985-07-03T00:00')> é diferente de " + result717 + " <back.getLocalDateTime()>"
"Era esperado valores iguais, mas  '{\'localDate\':\'1985-07-03\'}' é diferente de " + " actual"
"Era esperado valores iguais, mas " + result718 + " <LocalDate.parse('1985-07-03')> é diferente de " + result719 + " <back.getLocalDate()>"
"Era esperado valores iguais, mas " + result720 + " <LocalDate.parse('1985-07-03')> é diferente de " + result721 + " <back.getLocalDate()>"
"Era esperado valores iguais, mas  '{\'test\':\'it's a && b || c + 1!?\'}' é diferente de " + " res"
"Era esperado valores iguais, mas  1000 é diferente de " + result722 + " <parseToMillies('1')>"
"Era esperado valores iguais, mas  10000 é diferente de " + result723 + " <parseToMillies('10')>"
"Era esperado valores iguais, mas  1500 é diferente de " + result724 + " <parseToMillies('1.5')>"
"Era esperado valores iguais, mas  50 é diferente de " + result725 + " <parseToMillies('.05')>"
"Era esperado valores iguais, mas  1000 é diferente de " + result726 + " <parseToMillies('Wed, 21 Oct 2015 07:28:01 GMT')>"
"Era esperado valores iguais, mas  'bar' é diferente de " + result727 + " <node.getObject().getString('foo')>"
"Era esperado valores iguais, mas  'bar' é diferente de " + result728 + " <node.getArray().getJSONObject(0).getString('foo')>"
"Era esperado valores iguais, mas  json é diferente de " + result729 + " <node.toString()>"
"Era esperado verdadeiro, mas " + result730 + " <node.isArray()> é falso"
"Era esperado valores iguais, mas  'bar' é diferente de " + result731 + " <node.getArray().getJSONObject(0).getString('foo')>"
"Era esperado nulo, mas " + result732 + " <node.getObject()> não é nulo"
"Era esperado valores iguais, mas  json é diferente de " + result733 + " <node.toString()>"
"Era esperado valores iguais, mas  '{}' é diferente de " + result734 + " <new JsonNode('').toString()>"
"Era esperado valores iguais, mas  '{}' é diferente de " + result735 + " <new JsonNode(null).toString()>"
"Era esperado valores iguais, mas  new JsonPatchItem(add, '/foo', 'bar') é diferente de " + " new JsonPatchItem(add, '/foo', 'bar')"
"Era esperado valores iguais, mas  new JsonPatchItem(remove, '/foo') é diferente de " + " new JsonPatchItem(remove, '/foo')"
"Era esperado valores diferentes, mas  new JsonPatchItem(add, '/foo', 'bar') é igual a " + " new JsonPatchItem(add, '/foo', 'baz')"
"Era esperado valores diferentes, mas  new JsonPatchItem(add, '/foo', 'bar') é igual a " + " new JsonPatchItem(replace, '/foo', 'bar')"
"Era esperado valores diferentes, mas  new JsonPatchItem(remove, '/foo') é igual a " + " new JsonPatchItem(remove, '/foo', 'baz')"
"Era esperado valores iguais, mas  1 é diferente de " + result736 + " <s.size()>"
"Era esperado valores iguais, mas  i é diferente de " + " i"
"Era esperado valores diferentes, mas  null é igual a " + " i"
"Era esperado valores diferentes, mas  new Object() é igual a " + " i"
"Era esperado valores iguais, mas  add é diferente de " + result737 + " <i.getOp()>"
"Era esperado valores iguais, mas  '/foo' é diferente de " + result738 + " <i.getPath()>"
"Era esperado valores iguais, mas  'bar' é diferente de " + result739 + " <i.getValue()>"
"Era esperado valores iguais, mas  42 é diferente de " + result740 + " <request.getSocketTimeout()>"
"Era esperado valores iguais, mas  111 é diferente de " + result741 + " <request.getSocketTimeout()>"
"Era esperado valores iguais, mas  42 é diferente de " + result742 + " <request.getConnectTimeout()>"
"Era esperado valores iguais, mas  111 é diferente de " + result743 + " <request.getConnectTimeout()>"
"Era esperado valores iguais, mas  111 é diferente de " + result744 + " <copy.getSocketTimeout()>"
"Era esperado valores iguais, mas  222 é diferente de " + result745 + " <copy.getConnectTimeout()>"
"Era esperado valores iguais, mas  cp é diferente de " + result746 + " <request.getProxy()>"
"Era esperado valores iguais, mas  'bar' é diferente de " + result747 + " <request.getProxy().getHost()>"
"Era esperado valores iguais, mas  7979 é diferente de " + result748 + " <request.getProxy().getPort().intValue()>"
"Era esperado valores iguais, mas  new TestRequest(GET, '/path') é diferente de " + " new TestRequest(GET, '/path')"
"Era esperado valores diferentes, mas  new TestRequest(GET, '/path') é igual a " + " new TestRequest(HttpMethod.HEAD, '/path')"
"Era esperado valores diferentes, mas  new TestRequest(GET, '/path') é igual a " + " new TestRequest(GET, '/derp')"
"Era esperado valores iguais, mas  new TestRequest(of('Accept', 'json')) é diferente de " + " new TestRequest(of('Accept', 'json'))"
"Era esperado valores diferentes, mas  new TestRequest(of('Accept', 'json')) é igual a " + " new TestRequest(of('Accept', 'xml'))"
"Era esperado valores diferentes, mas  new TestRequest(of('Accept', 'json')) é igual a " + " new TestRequest(of('Accept', 'json', 'x-header', 'cheese'))"
"Era esperado verdadeiro, mas o valor obtido é falso"
"Era esperado valores iguais, mas " + result749 + " <r1.getCreationTime()> é diferente de " + result750 + " <r2.getCreationTime()>"
"Era esperado valores iguais, mas  50L é diferente de " + result751 + " <ChronoUnit.MINUTES.between(r1.getCreationTime(), r3.getCreationTime())>"
"Era esperado verdadeiro, mas " + result752 + " <part.isFile()> é falso"
"Era esperado valores iguais, mas  'uploadFile=foo.xml' é diferente de " + result753 + " <part.toString()>"
"Era esperado valores iguais, mas  'foo' é diferente de " + " test.text"
"Era esperado valores iguais, mas  42 é diferente de " + " test.nmbr"
"Era esperado valores iguais, mas  'bar' é diferente de " + " test.another.text"
"Era esperado valores iguais, mas  666 é diferente de " + " test.another.nmbr"
"Era esperado valores iguais, mas  null é diferente de " + " test.another.another"
"Era esperado valores iguais, mas  'foo' é diferente de " + " test.text"
"Era esperado valores iguais, mas  42 é diferente de " + " test.nmbr"
"Era esperado valores iguais, mas  'bar' é diferente de " + " test.another.text"
"Era esperado valores iguais, mas  666 é diferente de " + " test.another.nmbr"
"Era esperado valores iguais, mas  null é diferente de " + " test.another.another"
