
Projeto: /home/vitor-otto/opensource/tablesaw-0.43.1

Assert com mensagem: /home/vitor-otto/opensource/tablesaw-0.43.1/jsplot/src/test/java/tech/tablesaw/plotly/UtilsTest.java linha: 13 Método: assertTrue(s.contains("\\"), s)
Assert com mensagem: /home/vitor-otto/opensource/tablesaw-0.43.1/jsplot/src/test/java/tech/tablesaw/components/TemplateUtilsTest.java linha: 33 Método: assertNotNull(url, "Couldn't locate class (as resource), where template is also found")
Assert com mensagem: /home/vitor-otto/opensource/tablesaw-0.43.1/jsplot/src/test/java/tech/tablesaw/components/TemplateUtilsTest.java linha: 38 Método: assertTrue(templateFile.exists(), templateFile + " doesn't exist")
Assert com mensagem: /home/vitor-otto/opensource/tablesaw-0.43.1/core/src/test/java/tech/tablesaw/api/DateColumnTest.java linha: 107 Método: assertEquals(23, c2.get(0), 0.0001)
Assert com mensagem: /home/vitor-otto/opensource/tablesaw-0.43.1/core/src/test/java/tech/tablesaw/api/DateColumnTest.java linha: 108 Método: assertEquals(24, c2.get(1), 0.0001)
Assert com mensagem: /home/vitor-otto/opensource/tablesaw-0.43.1/core/src/test/java/tech/tablesaw/api/DateColumnTest.java linha: 109 Método: assertEquals(12, c2.get(2), 0.0001)
Assert com mensagem: /home/vitor-otto/opensource/tablesaw-0.43.1/core/src/test/java/tech/tablesaw/api/DateColumnTest.java linha: 110 Método: assertEquals(14, c2.get(3), 0.0001)
Assert com mensagem: /home/vitor-otto/opensource/tablesaw-0.43.1/core/src/test/java/tech/tablesaw/api/DateColumnTest.java linha: 120 Método: assertEquals(10, c2.get(0), 0.0001)
Assert com mensagem: /home/vitor-otto/opensource/tablesaw-0.43.1/core/src/test/java/tech/tablesaw/api/DateColumnTest.java linha: 121 Método: assertEquals(12, c2.get(1), 0.0001)
Assert com mensagem: /home/vitor-otto/opensource/tablesaw-0.43.1/core/src/test/java/tech/tablesaw/api/DateColumnTest.java linha: 122 Método: assertEquals(5, c2.get(2), 0.0001)
Assert com mensagem: /home/vitor-otto/opensource/tablesaw-0.43.1/core/src/test/java/tech/tablesaw/api/DateColumnTest.java linha: 123 Método: assertEquals(1, c2.get(3), 0.0001)
Assert com mensagem: /home/vitor-otto/opensource/tablesaw-0.43.1/core/src/test/java/tech/tablesaw/api/DateColumnTest.java linha: 145 Método: assertEquals(2013, c2.get(0), 0.0001)
Assert com mensagem: /home/vitor-otto/opensource/tablesaw-0.43.1/core/src/test/java/tech/tablesaw/api/DateColumnTest.java linha: 146 Método: assertEquals(1924, c2.get(1), 0.0001)
Assert com mensagem: /home/vitor-otto/opensource/tablesaw-0.43.1/core/src/test/java/tech/tablesaw/api/DateColumnTest.java linha: 147 Método: assertEquals(2015, c2.get(2), 0.0001)
Assert com mensagem: /home/vitor-otto/opensource/tablesaw-0.43.1/core/src/test/java/tech/tablesaw/api/RowTest.java linha: 141 Método: assertEquals(table.doubleColumn(6).getDouble(row.getRowNumber()), row.getDouble(6), 0.01)
Assert com mensagem: /home/vitor-otto/opensource/tablesaw-0.43.1/core/src/test/java/tech/tablesaw/api/RowTest.java linha: 142 Método: assertEquals(table.doubleColumn("OBP").getDouble(row.getRowNumber()), row.getDouble("OBP"), 0.01)
Assert com mensagem: /home/vitor-otto/opensource/tablesaw-0.43.1/core/src/test/java/tech/tablesaw/api/RowTest.java linha: 159 Método: assertEquals(table.floatColumn(6).getFloat(row.getRowNumber()), row.getFloat(6), 0.01)
Assert com mensagem: /home/vitor-otto/opensource/tablesaw-0.43.1/core/src/test/java/tech/tablesaw/api/RowTest.java linha: 160 Método: assertEquals(table.floatColumn("OBP").getFloat(row.getRowNumber()), row.getFloat("OBP"), 0.01)
Assert com mensagem: /home/vitor-otto/opensource/tablesaw-0.43.1/core/src/test/java/tech/tablesaw/api/RowTest.java linha: 346 Método: assertEquals(rowVal + Math.PI, row.getDouble(6), 0.001)
Assert com mensagem: /home/vitor-otto/opensource/tablesaw-0.43.1/core/src/test/java/tech/tablesaw/api/RowTest.java linha: 350 Método: assertEquals(rowVal + 2 * Math.PI, row.getDouble("OBP"), 0.001)
Assert com mensagem: /home/vitor-otto/opensource/tablesaw-0.43.1/core/src/test/java/tech/tablesaw/api/RowTest.java linha: 371 Método: assertEquals(rowVal + (float) Math.PI, row.getFloat(6), 0.001)
Assert com mensagem: /home/vitor-otto/opensource/tablesaw-0.43.1/core/src/test/java/tech/tablesaw/api/RowTest.java linha: 375 Método: assertEquals(rowVal + 2 * (float) Math.PI, row.getFloat("OBP"), 0.001)
Assert com mensagem: /home/vitor-otto/opensource/tablesaw-0.43.1/core/src/test/java/tech/tablesaw/api/NumericColumnTest.java linha: 18 Método: assertArrayEquals(pctChange, result.asDoubleArray(), 0.000001)
Assert com mensagem: /home/vitor-otto/opensource/tablesaw-0.43.1/core/src/test/java/tech/tablesaw/api/DateColumnMapTest.java linha: 30 Método: assertEquals(365, column1.dayOfYear().get(0), 0.001)
Assert com mensagem: /home/vitor-otto/opensource/tablesaw-0.43.1/core/src/test/java/tech/tablesaw/api/DateColumnMapTest.java linha: 31 Método: assertEquals(1, column1.dayOfYear().get(1), 0.001)
Assert com mensagem: /home/vitor-otto/opensource/tablesaw-0.43.1/core/src/test/java/tech/tablesaw/api/DateColumnMapTest.java linha: 73 Método: assertEquals(DayOfWeek.FRIDAY.getValue(), column1.dayOfWeekValue().get(0), 0.01)
Assert com mensagem: /home/vitor-otto/opensource/tablesaw-0.43.1/core/src/test/java/tech/tablesaw/api/BooleanColumnTest.java linha: 96 Método: assertEquals(1, column.getDouble(4), 0.0)
Assert com mensagem: /home/vitor-otto/opensource/tablesaw-0.43.1/core/src/test/java/tech/tablesaw/api/BooleanColumnTest.java linha: 97 Método: assertEquals(0, column.getDouble(0), 0.0)
Assert com mensagem: /home/vitor-otto/opensource/tablesaw-0.43.1/core/src/test/java/tech/tablesaw/api/BooleanColumnTest.java linha: 102 Método: assertEquals(.285714, column.proportionTrue(), 0.00001)
Assert com mensagem: /home/vitor-otto/opensource/tablesaw-0.43.1/core/src/test/java/tech/tablesaw/api/BooleanColumnTest.java linha: 225 Método: assertEquals(0.0, result[0], 0.01)
Assert com mensagem: /home/vitor-otto/opensource/tablesaw-0.43.1/core/src/test/java/tech/tablesaw/api/BooleanColumnTest.java linha: 226 Método: assertEquals(0.0, result[1], 0.01)
Assert com mensagem: /home/vitor-otto/opensource/tablesaw-0.43.1/core/src/test/java/tech/tablesaw/api/BooleanColumnTest.java linha: 227 Método: assertEquals(0.0, result[2], 0.01)
Assert com mensagem: /home/vitor-otto/opensource/tablesaw-0.43.1/core/src/test/java/tech/tablesaw/api/BooleanColumnTest.java linha: 228 Método: assertEquals(0.0, result[3], 0.01)
Assert com mensagem: /home/vitor-otto/opensource/tablesaw-0.43.1/core/src/test/java/tech/tablesaw/api/BooleanColumnTest.java linha: 229 Método: assertEquals(1.0, result[4], 0.01)
Assert com mensagem: /home/vitor-otto/opensource/tablesaw-0.43.1/core/src/test/java/tech/tablesaw/api/BooleanColumnTest.java linha: 230 Método: assertEquals(1.0, result[5], 0.01)
Assert com mensagem: /home/vitor-otto/opensource/tablesaw-0.43.1/core/src/test/java/tech/tablesaw/api/BooleanColumnTest.java linha: 231 Método: assertEquals(0.0, result[6], 0.01)
Assert com mensagem: /home/vitor-otto/opensource/tablesaw-0.43.1/core/src/test/java/tech/tablesaw/api/NumberColumnTest.java linha: 92 Método: assertEquals(50, c.median(), 0.00001)
Assert com mensagem: /home/vitor-otto/opensource/tablesaw-0.43.1/core/src/test/java/tech/tablesaw/api/NumberColumnTest.java linha: 93 Método: assertEquals(50, c2.median(), 0.00001)
Assert com mensagem: /home/vitor-otto/opensource/tablesaw-0.43.1/core/src/test/java/tech/tablesaw/api/NumberColumnTest.java linha: 94 Método: assertEquals(50, median.summarize(c), 0.00001)
Assert com mensagem: /home/vitor-otto/opensource/tablesaw-0.43.1/core/src/test/java/tech/tablesaw/api/NumberColumnTest.java linha: 96 Método: assertEquals(25, c.quartile1(), 0.00001)
Assert com mensagem: /home/vitor-otto/opensource/tablesaw-0.43.1/core/src/test/java/tech/tablesaw/api/NumberColumnTest.java linha: 97 Método: assertEquals(25, c2.quartile1(), 0.00001)
Assert com mensagem: /home/vitor-otto/opensource/tablesaw-0.43.1/core/src/test/java/tech/tablesaw/api/NumberColumnTest.java linha: 98 Método: assertEquals(25, quartile1.summarize(c), 0.00001)
Assert com mensagem: /home/vitor-otto/opensource/tablesaw-0.43.1/core/src/test/java/tech/tablesaw/api/NumberColumnTest.java linha: 100 Método: assertEquals(75, c.quartile3(), 0.00001)
Assert com mensagem: /home/vitor-otto/opensource/tablesaw-0.43.1/core/src/test/java/tech/tablesaw/api/NumberColumnTest.java linha: 101 Método: assertEquals(75, c2.quartile3(), 0.00001)
Assert com mensagem: /home/vitor-otto/opensource/tablesaw-0.43.1/core/src/test/java/tech/tablesaw/api/NumberColumnTest.java linha: 102 Método: assertEquals(75, quartile3.summarize(c), 0.00001)
Assert com mensagem: /home/vitor-otto/opensource/tablesaw-0.43.1/core/src/test/java/tech/tablesaw/api/NumberColumnTest.java linha: 104 Método: assertEquals(90, percentile90.summarize(c), 0.00001)
Assert com mensagem: /home/vitor-otto/opensource/tablesaw-0.43.1/core/src/test/java/tech/tablesaw/api/NumberColumnTest.java linha: 106 Método: assertEquals(5, c2.percentile(5), 0.00001)
Assert com mensagem: /home/vitor-otto/opensource/tablesaw-0.43.1/core/src/test/java/tech/tablesaw/api/NumberColumnTest.java linha: 107 Método: assertEquals(5, c.percentile(5), 0.00001)
Assert com mensagem: /home/vitor-otto/opensource/tablesaw-0.43.1/core/src/test/java/tech/tablesaw/api/NumberColumnTest.java linha: 108 Método: assertEquals(5, percentile(c, 5.0), 0.00001)
Assert com mensagem: /home/vitor-otto/opensource/tablesaw-0.43.1/core/src/test/java/tech/tablesaw/api/NumberColumnTest.java linha: 110 Método: assertEquals(95, percentile95.summarize(c), 0.00001)
Assert com mensagem: /home/vitor-otto/opensource/tablesaw-0.43.1/core/src/test/java/tech/tablesaw/api/NumberColumnTest.java linha: 111 Método: assertEquals(99, percentile99.summarize(c), 0.00001)
Assert com mensagem: /home/vitor-otto/opensource/tablesaw-0.43.1/core/src/test/java/tech/tablesaw/api/NumberColumnTest.java linha: 121 Método: assertEquals(cVariance, c2Variance, 0.00001)
Assert com mensagem: /home/vitor-otto/opensource/tablesaw-0.43.1/core/src/test/java/tech/tablesaw/api/NumberColumnTest.java linha: 122 Método: assertEquals(StatUtils.sumLog(c.asDoubleArray()), c2.sumOfLogs(), 0.00001)
Assert com mensagem: /home/vitor-otto/opensource/tablesaw-0.43.1/core/src/test/java/tech/tablesaw/api/NumberColumnTest.java linha: 123 Método: assertEquals(StatUtils.sumSq(c.asDoubleArray()), c2.sumOfSquares(), 0.00001)
Assert com mensagem: /home/vitor-otto/opensource/tablesaw-0.43.1/core/src/test/java/tech/tablesaw/api/NumberColumnTest.java linha: 124 Método: assertEquals(StatUtils.geometricMean(c.asDoubleArray()), c2.geometricMean(), 0.00001)
Assert com mensagem: /home/vitor-otto/opensource/tablesaw-0.43.1/core/src/test/java/tech/tablesaw/api/NumberColumnTest.java linha: 125 Método: assertEquals(StatUtils.product(c.asDoubleArray()), c2.product(), 0.00001)
Assert com mensagem: /home/vitor-otto/opensource/tablesaw-0.43.1/core/src/test/java/tech/tablesaw/api/NumberColumnTest.java linha: 126 Método: assertEquals(StatUtils.populationVariance(c.asDoubleArray()), c2.populationVariance(), 0.00001)
Assert com mensagem: /home/vitor-otto/opensource/tablesaw-0.43.1/core/src/test/java/tech/tablesaw/api/NumberColumnTest.java linha: 127 Método: assertEquals(new DescriptiveStatistics(c.asDoubleArray()).getQuadraticMean(), c2.quadraticMean(), 0.00001)
Assert com mensagem: /home/vitor-otto/opensource/tablesaw-0.43.1/core/src/test/java/tech/tablesaw/api/NumberColumnTest.java linha: 131 Método: assertEquals(new DescriptiveStatistics(c.asDoubleArray()).getStandardDeviation(), c2.standardDeviation(), 0.00001)
Assert com mensagem: /home/vitor-otto/opensource/tablesaw-0.43.1/core/src/test/java/tech/tablesaw/api/NumberColumnTest.java linha: 135 Método: assertEquals(new DescriptiveStatistics(c.asDoubleArray()).getKurtosis(), c2.kurtosis(), 0.00001)
Assert com mensagem: /home/vitor-otto/opensource/tablesaw-0.43.1/core/src/test/java/tech/tablesaw/api/NumberColumnTest.java linha: 137 Método: assertEquals(new DescriptiveStatistics(c.asDoubleArray()).getSkewness(), c2.skewness(), 0.00001)
Assert com mensagem: /home/vitor-otto/opensource/tablesaw-0.43.1/core/src/test/java/tech/tablesaw/api/NumberColumnTest.java linha: 140 Método: assertEquals(StatUtils.variance(c.asDoubleArray()), c.variance(), 0.00001)
Assert com mensagem: /home/vitor-otto/opensource/tablesaw-0.43.1/core/src/test/java/tech/tablesaw/api/NumberColumnTest.java linha: 141 Método: assertEquals(StatUtils.sumLog(c.asDoubleArray()), c.sumOfLogs(), 0.00001)
Assert com mensagem: /home/vitor-otto/opensource/tablesaw-0.43.1/core/src/test/java/tech/tablesaw/api/NumberColumnTest.java linha: 142 Método: assertEquals(StatUtils.sumSq(c.asDoubleArray()), c.sumOfSquares(), 0.00001)
Assert com mensagem: /home/vitor-otto/opensource/tablesaw-0.43.1/core/src/test/java/tech/tablesaw/api/NumberColumnTest.java linha: 143 Método: assertEquals(StatUtils.geometricMean(c.asDoubleArray()), c.geometricMean(), 0.00001)
Assert com mensagem: /home/vitor-otto/opensource/tablesaw-0.43.1/core/src/test/java/tech/tablesaw/api/NumberColumnTest.java linha: 144 Método: assertEquals(StatUtils.product(c.asDoubleArray()), c.product(), 0.00001)
Assert com mensagem: /home/vitor-otto/opensource/tablesaw-0.43.1/core/src/test/java/tech/tablesaw/api/NumberColumnTest.java linha: 145 Método: assertEquals(StatUtils.populationVariance(c.asDoubleArray()), c.populationVariance(), 0.00001)
Assert com mensagem: /home/vitor-otto/opensource/tablesaw-0.43.1/core/src/test/java/tech/tablesaw/api/NumberColumnTest.java linha: 146 Método: assertEquals(new DescriptiveStatistics(c.asDoubleArray()).getQuadraticMean(), c.quadraticMean(), 0.00001)
Assert com mensagem: /home/vitor-otto/opensource/tablesaw-0.43.1/core/src/test/java/tech/tablesaw/api/NumberColumnTest.java linha: 150 Método: assertEquals(new DescriptiveStatistics(c.asDoubleArray()).getStandardDeviation(), c.standardDeviation(), 0.00001)
Assert com mensagem: /home/vitor-otto/opensource/tablesaw-0.43.1/core/src/test/java/tech/tablesaw/api/NumberColumnTest.java linha: 154 Método: assertEquals(new DescriptiveStatistics(c.asDoubleArray()).getKurtosis(), c.kurtosis(), 0.00001)
Assert com mensagem: /home/vitor-otto/opensource/tablesaw-0.43.1/core/src/test/java/tech/tablesaw/api/NumberColumnTest.java linha: 155 Método: assertEquals(new DescriptiveStatistics(c.asDoubleArray()).getSkewness(), c.skewness(), 0.00001)
Assert com mensagem: /home/vitor-otto/opensource/tablesaw-0.43.1/core/src/test/java/tech/tablesaw/api/NumberColumnTest.java linha: 183 Método: assertEquals(4.0, column.get(0), 0.001)
Assert com mensagem: /home/vitor-otto/opensource/tablesaw-0.43.1/core/src/test/java/tech/tablesaw/api/NumberColumnTest.java linha: 187 Método: assertEquals(4.0, column1.get(0), 0.001)
Assert com mensagem: /home/vitor-otto/opensource/tablesaw-0.43.1/core/src/test/java/tech/tablesaw/api/NumberColumnTest.java linha: 192 Método: assertEquals(4.0, column2.get(0), 0.001)
Assert com mensagem: /home/vitor-otto/opensource/tablesaw-0.43.1/core/src/test/java/tech/tablesaw/api/NumberColumnTest.java linha: 197 Método: assertEquals(4.0, column3.get(0), 0.001)
Assert com mensagem: /home/vitor-otto/opensource/tablesaw-0.43.1/core/src/test/java/tech/tablesaw/api/NumberColumnTest.java linha: 202 Método: assertEquals(4_000_000_000.0, column4.get(0), 0.001)
Assert com mensagem: /home/vitor-otto/opensource/tablesaw-0.43.1/core/src/test/java/tech/tablesaw/api/NumberColumnTest.java linha: 234 Método: assertEquals(new PearsonsCorrelation().correlation(x, y), resultP, 0.0001)
Assert com mensagem: /home/vitor-otto/opensource/tablesaw-0.43.1/core/src/test/java/tech/tablesaw/api/NumberColumnTest.java linha: 235 Método: assertEquals(new SpearmansCorrelation().correlation(x, y), resultS, 0.0001)
Assert com mensagem: /home/vitor-otto/opensource/tablesaw-0.43.1/core/src/test/java/tech/tablesaw/api/NumberColumnTest.java linha: 236 Método: assertEquals(new KendallsCorrelation().correlation(x, y), resultK, 0.0001)
Assert com mensagem: /home/vitor-otto/opensource/tablesaw-0.43.1/core/src/test/java/tech/tablesaw/api/NumberColumnTest.java linha: 249 Método: assertEquals(new PearsonsCorrelation().correlation(x, y), resultP, 0.0001)
Assert com mensagem: /home/vitor-otto/opensource/tablesaw-0.43.1/core/src/test/java/tech/tablesaw/api/NumberColumnTest.java linha: 250 Método: assertEquals(new KendallsCorrelation().correlation(x, y), resultK, 0.0001)
Assert com mensagem: /home/vitor-otto/opensource/tablesaw-0.43.1/core/src/test/java/tech/tablesaw/api/NumberColumnTest.java linha: 608 Método: assertEquals(1.0, doubles.get(0), 0.00001)
Assert com mensagem: /home/vitor-otto/opensource/tablesaw-0.43.1/core/src/test/java/tech/tablesaw/api/NumberColumnTest.java linha: 653 Método: assertEquals(0, difference.size(), "Expecting empty data set.")
Assert com mensagem: /home/vitor-otto/opensource/tablesaw-0.43.1/core/src/test/java/tech/tablesaw/api/NumberColumnTest.java linha: 663 Método: assertEquals(expectedValues.length, csum.size(), "Both sets of data should be the same size.")
Assert com mensagem: /home/vitor-otto/opensource/tablesaw-0.43.1/core/src/test/java/tech/tablesaw/api/NumberColumnTest.java linha: 667 Método: assertEquals(expectedValues[index], actual, 0, "cumSum() operation at index:" + index + " failed")
Assert com mensagem: /home/vitor-otto/opensource/tablesaw-0.43.1/core/src/test/java/tech/tablesaw/api/NumberColumnTest.java linha: 679 Método: assertEquals(expectedValues.length, cprod.size(), "Both sets of data should be the same size.")
Assert com mensagem: /home/vitor-otto/opensource/tablesaw-0.43.1/core/src/test/java/tech/tablesaw/api/NumberColumnTest.java linha: 683 Método: assertEquals(expectedValues[index], actual, 0, "cumProd() operation at index:" + index + " failed")
Assert com mensagem: /home/vitor-otto/opensource/tablesaw-0.43.1/core/src/test/java/tech/tablesaw/api/NumberColumnTest.java linha: 695 Método: assertEquals(expectedValues.length, cumMax.size(), "Both sets of data should be the same size.")
Assert com mensagem: /home/vitor-otto/opensource/tablesaw-0.43.1/core/src/test/java/tech/tablesaw/api/NumberColumnTest.java linha: 700 Método: assertEquals(expectedValues[index], actual, 0, "cumMax() operation at index:" + index + " failed")
Assert com mensagem: /home/vitor-otto/opensource/tablesaw-0.43.1/core/src/test/java/tech/tablesaw/api/NumberColumnTest.java linha: 712 Método: assertEquals(expectedValues.length, cumMin.size(), "Both sets of data should be the same size.")
Assert com mensagem: /home/vitor-otto/opensource/tablesaw-0.43.1/core/src/test/java/tech/tablesaw/api/NumberColumnTest.java linha: 717 Método: assertEquals(expectedValues[index], actual, 0, "cumMin() operation at index:" + index + " failed")
Assert com mensagem: /home/vitor-otto/opensource/tablesaw-0.43.1/core/src/test/java/tech/tablesaw/api/NumberColumnTest.java linha: 747 Método: assertEquals(expectedValues.length, pctChange.size(), "Both sets of data should be the same size.")
Assert com mensagem: /home/vitor-otto/opensource/tablesaw-0.43.1/core/src/test/java/tech/tablesaw/api/NumberColumnTest.java linha: 752 Método: assertEquals(expectedValues[index], actual, 0.0001, "pctChange() operation at index:" + index + " failed")
Assert com mensagem: /home/vitor-otto/opensource/tablesaw-0.43.1/core/src/test/java/tech/tablesaw/api/NumberColumnTest.java linha: 761 Método: assertEquals(expectedValues.length, col.size(), "Both sets of data should be the same size.")
Assert com mensagem: /home/vitor-otto/opensource/tablesaw-0.43.1/core/src/test/java/tech/tablesaw/api/NumberColumnTest.java linha: 764 Método: assertEquals(expectedValues[index], actual, 0.01, "value mismatch at index:" + index)
Assert com mensagem: /home/vitor-otto/opensource/tablesaw-0.43.1/core/src/test/java/tech/tablesaw/api/NumberColumnTest.java linha: 859 Método: assertEquals(1.0, DoubleColumn.create("t1", new double[] { -1, 0, 1 }).reduce(1.0, sumD), 0.0)
Assert com mensagem: /home/vitor-otto/opensource/tablesaw-0.43.1/core/src/test/java/tech/tablesaw/api/NumberColumnTest.java linha: 882 Método: assertArrayEquals(expected.asDoubleArray(), col1.set(isMissing, 7.0).asDoubleArray(), 0.0001)
Assert com mensagem: /home/vitor-otto/opensource/tablesaw-0.43.1/core/src/test/java/tech/tablesaw/api/NumberColumnTest.java linha: 899 Método: assertArrayEquals(expected.asDoubleArray(), col1.set(isMissing, col2).asDoubleArray(), 0.0001)
Assert com mensagem: /home/vitor-otto/opensource/tablesaw-0.43.1/core/src/test/java/tech/tablesaw/api/TimeColumnTest.java linha: 267 Método: assertEquals(column2.getInt(i), getMinuteOfDay(column1.getPackedTime(i)), 0.0001)
Assert com mensagem: /home/vitor-otto/opensource/tablesaw-0.43.1/core/src/test/java/tech/tablesaw/api/TimeColumnTest.java linha: 276 Método: assertEquals(column2.getInt(i), getSecondOfDay(column1.getPackedTime(i)), 0.0001)
Assert com mensagem: /home/vitor-otto/opensource/tablesaw-0.43.1/core/src/test/java/tech/tablesaw/api/TimeColumnTest.java linha: 306 Método: assertEquals(3, column2.hour().min(), 0.001)
Assert com mensagem: /home/vitor-otto/opensource/tablesaw-0.43.1/core/src/test/java/tech/tablesaw/api/TimeColumnTest.java linha: 307 Método: assertEquals(3, column2.hour().max(), 0.001)
Assert com mensagem: /home/vitor-otto/opensource/tablesaw-0.43.1/core/src/test/java/tech/tablesaw/api/TimeColumnTest.java linha: 314 Método: assertEquals(3, column2.minute().min(), 0.001)
Assert com mensagem: /home/vitor-otto/opensource/tablesaw-0.43.1/core/src/test/java/tech/tablesaw/api/TimeColumnTest.java linha: 315 Método: assertEquals(3, column2.minute().max(), 0.001)
Assert com mensagem: /home/vitor-otto/opensource/tablesaw-0.43.1/core/src/test/java/tech/tablesaw/api/TimeColumnTest.java linha: 322 Método: assertEquals(3, column2.second().min(), 0.001)
Assert com mensagem: /home/vitor-otto/opensource/tablesaw-0.43.1/core/src/test/java/tech/tablesaw/api/TimeColumnTest.java linha: 323 Método: assertEquals(3, column2.second().max(), 0.001)
Assert com mensagem: /home/vitor-otto/opensource/tablesaw-0.43.1/core/src/test/java/tech/tablesaw/api/TimeColumnTest.java linha: 330 Método: assertEquals(2, second.get(0), 0.001)
Assert com mensagem: /home/vitor-otto/opensource/tablesaw-0.43.1/core/src/test/java/tech/tablesaw/api/TimeColumnTest.java linha: 331 Método: assertEquals(30, second.get(1), 0.001)
Assert com mensagem: /home/vitor-otto/opensource/tablesaw-0.43.1/core/src/test/java/tech/tablesaw/api/TimeColumnTest.java linha: 339 Método: assertEquals(4, minute.get(0), 0.001)
Assert com mensagem: /home/vitor-otto/opensource/tablesaw-0.43.1/core/src/test/java/tech/tablesaw/api/TimeColumnTest.java linha: 340 Método: assertEquals(15, minute.get(1), 0.001)
Assert com mensagem: /home/vitor-otto/opensource/tablesaw-0.43.1/core/src/test/java/tech/tablesaw/api/TimeColumnTest.java linha: 348 Método: assertEquals(3, column2.milliseconds().min(), 0.001)
Assert com mensagem: /home/vitor-otto/opensource/tablesaw-0.43.1/core/src/test/java/tech/tablesaw/api/TimeColumnTest.java linha: 349 Método: assertEquals(3, column2.milliseconds().max(), 0.001)
Assert com mensagem: /home/vitor-otto/opensource/tablesaw-0.43.1/core/src/test/java/tech/tablesaw/api/TableTest.java linha: 171 Método: assertEquals(9, n.get(0), 0)
Assert com mensagem: /home/vitor-otto/opensource/tablesaw-0.43.1/core/src/test/java/tech/tablesaw/api/TableTest.java linha: 172 Método: assertEquals(12, n.get(1), 0)
Assert com mensagem: /home/vitor-otto/opensource/tablesaw-0.43.1/core/src/test/java/tech/tablesaw/api/TableTest.java linha: 173 Método: assertEquals(15, n.get(2), 0)
Assert com mensagem: /home/vitor-otto/opensource/tablesaw-0.43.1/core/src/test/java/tech/tablesaw/api/TableTest.java linha: 190 Método: assertEquals(9, n.get(0), 0)
Assert com mensagem: /home/vitor-otto/opensource/tablesaw-0.43.1/core/src/test/java/tech/tablesaw/api/TableTest.java linha: 191 Método: assertEquals(12, n.get(1), 0)
Assert com mensagem: /home/vitor-otto/opensource/tablesaw-0.43.1/core/src/test/java/tech/tablesaw/api/TableTest.java linha: 192 Método: assertEquals(15, n.get(2), 0)
Assert com mensagem: /home/vitor-otto/opensource/tablesaw-0.43.1/core/src/test/java/tech/tablesaw/api/TableTest.java linha: 355 Método: assertEquals(0, t.missingValueCounts().doubleColumn(1).get(0), 0.00001)
Assert com mensagem: /home/vitor-otto/opensource/tablesaw-0.43.1/core/src/test/java/tech/tablesaw/api/TableTest.java linha: 412 Método: assertEquals(.75, (double) stratifiedFoxCount / totalFoxCount, 0.0)
Assert com mensagem: /home/vitor-otto/opensource/tablesaw-0.43.1/core/src/test/java/tech/tablesaw/api/TableTest.java linha: 800 Método: assertArrayEquals(new double[] { 1.0, 6.0, 10.0 }, matrix[0], 0.0000001)
Assert com mensagem: /home/vitor-otto/opensource/tablesaw-0.43.1/core/src/test/java/tech/tablesaw/api/TableTest.java linha: 801 Método: assertArrayEquals(new double[] { 2.0, 7.0, 20.0 }, matrix[1], 0.0000001)
Assert com mensagem: /home/vitor-otto/opensource/tablesaw-0.43.1/core/src/test/java/tech/tablesaw/api/TableTest.java linha: 802 Método: assertArrayEquals(new double[] { 3.0, 8.0, 30.0 }, matrix[2], 0.0000001)
Assert com mensagem: /home/vitor-otto/opensource/tablesaw-0.43.1/core/src/test/java/tech/tablesaw/api/TableTest.java linha: 803 Método: assertArrayEquals(new double[] { 4.0, 9.0, 40.0 }, matrix[3], 0.0000001)
Assert com mensagem: /home/vitor-otto/opensource/tablesaw-0.43.1/core/src/test/java/tech/tablesaw/api/TableTest.java linha: 804 Método: assertArrayEquals(new double[] { 5.0, 10.0, 50.0 }, matrix[4], 0.0000001)
Assert com mensagem: /home/vitor-otto/opensource/tablesaw-0.43.1/core/src/test/java/tech/tablesaw/api/StringColumnTest.java linha: 354 Método: assertEquals(3, distance.get(0), 0.0001)
Assert com mensagem: /home/vitor-otto/opensource/tablesaw-0.43.1/core/src/test/java/tech/tablesaw/api/StringColumnTest.java linha: 355 Método: assertEquals(7, distance.get(3), 0.0001)
Assert com mensagem: /home/vitor-otto/opensource/tablesaw-0.43.1/core/src/test/java/tech/tablesaw/api/StringColumnTest.java linha: 607 Método: assertArrayEquals(new double[] { 0.0, 1.0, 2.0, 0.0, 3.0, 4.0, 5.0, 1.0 }, result.asDoubleArray(), 0.000_000_1)
Assert com mensagem: /home/vitor-otto/opensource/tablesaw-0.43.1/core/src/test/java/tech/tablesaw/api/StringColumnTest.java linha: 616 Método: assertArrayEquals(new double[] { 0.0, 1.0, 2.0, 0.0, 3.0, 4.0, 5.0, 6.0, 1.0 }, result, 0.000_000_1)
Assert com mensagem: /home/vitor-otto/opensource/tablesaw-0.43.1/core/src/test/java/tech/tablesaw/api/StringColumnTest.java linha: 629 Método: assertArrayEquals(expected, result, 0.000_000_1)
Assert com mensagem: /home/vitor-otto/opensource/tablesaw-0.43.1/core/src/test/java/tech/tablesaw/api/StringColumnTest.java linha: 635 Método: assertEquals(1, col.countUnique(), "Wrong number of unique values after StringColumn.create")
Assert com mensagem: /home/vitor-otto/opensource/tablesaw-0.43.1/core/src/test/java/tech/tablesaw/api/StringColumnTest.java linha: 636 Método: assertEquals(2, col.countMissing(), "Wrong number of missing values after StringColumn.create")
Assert com mensagem: /home/vitor-otto/opensource/tablesaw-0.43.1/core/src/test/java/tech/tablesaw/api/StringColumnTest.java linha: 639 Método: assertEquals(2, col.countUnique(), "Wrong number of unique values after Column.set")
Assert com mensagem: /home/vitor-otto/opensource/tablesaw-0.43.1/core/src/test/java/tech/tablesaw/api/StringColumnTest.java linha: 640 Método: assertEquals(0, col.countMissing(), "Wrong number of missing values after Column.set")
Assert com mensagem: /home/vitor-otto/opensource/tablesaw-0.43.1/core/src/test/java/tech/tablesaw/api/StringColumnTest.java linha: 642 Método: assertEquals(0, col.countUnique(), "Wrong number of unique values after Column.clear")
Assert com mensagem: /home/vitor-otto/opensource/tablesaw-0.43.1/core/src/test/java/tech/tablesaw/api/StringColumnTest.java linha: 643 Método: assertEquals(0, col.countMissing(), "Wrong number of missing values after Column.clear")
Assert com mensagem: /home/vitor-otto/opensource/tablesaw-0.43.1/core/src/test/java/tech/tablesaw/api/StringColumnTest.java linha: 649 Método: assertEquals(0, col.countUnique(), "Wrong number of unique values after StringColumn.create")
Assert com mensagem: /home/vitor-otto/opensource/tablesaw-0.43.1/core/src/test/java/tech/tablesaw/api/StringColumnTest.java linha: 650 Método: assertEquals(0, col.countMissing(), "Wrong number of missing values after StringColumn.create")
Assert com mensagem: /home/vitor-otto/opensource/tablesaw-0.43.1/core/src/test/java/tech/tablesaw/api/StringColumnTest.java linha: 653 Método: assertEquals(2, col.countUnique(), "Wrong number of unique values after Column.set")
Assert com mensagem: /home/vitor-otto/opensource/tablesaw-0.43.1/core/src/test/java/tech/tablesaw/api/StringColumnTest.java linha: 654 Método: assertEquals(0, col.countMissing(), "Wrong number of missing values after Column.set")
Assert com mensagem: /home/vitor-otto/opensource/tablesaw-0.43.1/core/src/test/java/tech/tablesaw/api/StringColumnTest.java linha: 657 Método: assertEquals(2, col.countUnique(), "Wrong number of unique values after Column.set")
Assert com mensagem: /home/vitor-otto/opensource/tablesaw-0.43.1/core/src/test/java/tech/tablesaw/api/StringColumnTest.java linha: 658 Método: assertEquals(0, col.countMissing(), "Wrong number of missing values after Column.set")
Assert com mensagem: /home/vitor-otto/opensource/tablesaw-0.43.1/core/src/test/java/tech/tablesaw/api/StringColumnTest.java linha: 660 Método: assertEquals(0, col.countUnique(), "Wrong number of unique values after Column.clear")
Assert com mensagem: /home/vitor-otto/opensource/tablesaw-0.43.1/core/src/test/java/tech/tablesaw/api/StringColumnTest.java linha: 661 Método: assertEquals(0, col.countMissing(), "Wrong number of missing values after Column.clear")
Assert com mensagem: /home/vitor-otto/opensource/tablesaw-0.43.1/core/src/test/java/tech/tablesaw/api/StringColumnTest.java linha: 668 Método: assertEquals(1, col.countUnique(), "Wrong number of unique values after StringColumn.create")
Assert com mensagem: /home/vitor-otto/opensource/tablesaw-0.43.1/core/src/test/java/tech/tablesaw/api/StringColumnTest.java linha: 669 Método: assertEquals(size, col.countMissing(), "Wrong number of missing values after StringColumn.create")
Assert com mensagem: /home/vitor-otto/opensource/tablesaw-0.43.1/core/src/test/java/tech/tablesaw/api/StringColumnTest.java linha: 674 Método: assertEquals(size, col.countUnique(), "Wrong number of unique values after Column.set")
Assert com mensagem: /home/vitor-otto/opensource/tablesaw-0.43.1/core/src/test/java/tech/tablesaw/api/StringColumnTest.java linha: 675 Método: assertEquals(0, col.countMissing(), "Wrong number of missing values after Column.set")
Assert com mensagem: /home/vitor-otto/opensource/tablesaw-0.43.1/core/src/test/java/tech/tablesaw/api/StringColumnTest.java linha: 677 Método: assertEquals(0, col.countUnique(), "Wrong number of unique values after Column.clear")
Assert com mensagem: /home/vitor-otto/opensource/tablesaw-0.43.1/core/src/test/java/tech/tablesaw/api/StringColumnTest.java linha: 678 Método: assertEquals(0, col.countMissing(), "Wrong number of missing values after Column.clear")
Assert com mensagem: /home/vitor-otto/opensource/tablesaw-0.43.1/core/src/test/java/tech/tablesaw/api/StringColumnTest.java linha: 684 Método: assertEquals(0, col.countUnique(), "Wrong number of unique values after StringColumn.create")
Assert com mensagem: /home/vitor-otto/opensource/tablesaw-0.43.1/core/src/test/java/tech/tablesaw/api/StringColumnTest.java linha: 685 Método: assertEquals(0, col.countMissing(), "Wrong number of missing values after StringColumn.create")
Assert com mensagem: /home/vitor-otto/opensource/tablesaw-0.43.1/core/src/test/java/tech/tablesaw/api/StringColumnTest.java linha: 690 Método: assertEquals(size, col.countUnique(), "Wrong number of unique values after Column.set")
Assert com mensagem: /home/vitor-otto/opensource/tablesaw-0.43.1/core/src/test/java/tech/tablesaw/api/StringColumnTest.java linha: 691 Método: assertEquals(0, col.countMissing(), "Wrong number of missing values after Column.set")
Assert com mensagem: /home/vitor-otto/opensource/tablesaw-0.43.1/core/src/test/java/tech/tablesaw/api/StringColumnTest.java linha: 695 Método: assertEquals(size, col.countUnique(), "Wrong number of unique values after Column.set")
Assert com mensagem: /home/vitor-otto/opensource/tablesaw-0.43.1/core/src/test/java/tech/tablesaw/api/StringColumnTest.java linha: 696 Método: assertEquals(0, col.countMissing(), "Wrong number of missing values after Column.set")
Assert com mensagem: /home/vitor-otto/opensource/tablesaw-0.43.1/core/src/test/java/tech/tablesaw/api/StringColumnTest.java linha: 698 Método: assertEquals(0, col.countUnique(), "Wrong number of unique values after Column.clear")
Assert com mensagem: /home/vitor-otto/opensource/tablesaw-0.43.1/core/src/test/java/tech/tablesaw/api/StringColumnTest.java linha: 699 Método: assertEquals(0, col.countMissing(), "Wrong number of missing values after Column.clear")
Assert com mensagem: /home/vitor-otto/opensource/tablesaw-0.43.1/core/src/test/java/tech/tablesaw/api/StringColumnTest.java linha: 706 Método: assertEquals(1, col.countUnique(), "Wrong number of unique values after StringColumn.create")
Assert com mensagem: /home/vitor-otto/opensource/tablesaw-0.43.1/core/src/test/java/tech/tablesaw/api/StringColumnTest.java linha: 707 Método: assertEquals(size, col.countMissing(), "Wrong number of missing values after StringColumn.create")
Assert com mensagem: /home/vitor-otto/opensource/tablesaw-0.43.1/core/src/test/java/tech/tablesaw/api/StringColumnTest.java linha: 712 Método: assertEquals(size, col.countUnique(), "Wrong number of unique values after Column.set")
Assert com mensagem: /home/vitor-otto/opensource/tablesaw-0.43.1/core/src/test/java/tech/tablesaw/api/StringColumnTest.java linha: 713 Método: assertEquals(0, col.countMissing(), "Wrong number of missing values after Column.set")
Assert com mensagem: /home/vitor-otto/opensource/tablesaw-0.43.1/core/src/test/java/tech/tablesaw/api/StringColumnTest.java linha: 715 Método: assertEquals(0, col.countUnique(), "Wrong number of unique values after Column.clear")
Assert com mensagem: /home/vitor-otto/opensource/tablesaw-0.43.1/core/src/test/java/tech/tablesaw/api/StringColumnTest.java linha: 716 Método: assertEquals(0, col.countMissing(), "Wrong number of missing values after Column.clear")
Assert com mensagem: /home/vitor-otto/opensource/tablesaw-0.43.1/core/src/test/java/tech/tablesaw/api/StringColumnTest.java linha: 722 Método: assertEquals(0, col.countUnique(), "Wrong number of unique values after StringColumn.create")
Assert com mensagem: /home/vitor-otto/opensource/tablesaw-0.43.1/core/src/test/java/tech/tablesaw/api/StringColumnTest.java linha: 723 Método: assertEquals(0, col.countMissing(), "Wrong number of missing values after StringColumn.create")
Assert com mensagem: /home/vitor-otto/opensource/tablesaw-0.43.1/core/src/test/java/tech/tablesaw/api/StringColumnTest.java linha: 728 Método: assertEquals(size, col.countUnique(), "Wrong number of unique values after Column.set")
Assert com mensagem: /home/vitor-otto/opensource/tablesaw-0.43.1/core/src/test/java/tech/tablesaw/api/StringColumnTest.java linha: 729 Método: assertEquals(0, col.countMissing(), "Wrong number of missing values after Column.set")
Assert com mensagem: /home/vitor-otto/opensource/tablesaw-0.43.1/core/src/test/java/tech/tablesaw/api/StringColumnTest.java linha: 733 Método: assertEquals(size, col.countUnique(), "Wrong number of unique values after Column.set")
Assert com mensagem: /home/vitor-otto/opensource/tablesaw-0.43.1/core/src/test/java/tech/tablesaw/api/StringColumnTest.java linha: 734 Método: assertEquals(0, col.countMissing(), "Wrong number of missing values after Column.set")
Assert com mensagem: /home/vitor-otto/opensource/tablesaw-0.43.1/core/src/test/java/tech/tablesaw/api/StringColumnTest.java linha: 736 Método: assertEquals(0, col.countUnique(), "Wrong number of unique values after Column.clear")
Assert com mensagem: /home/vitor-otto/opensource/tablesaw-0.43.1/core/src/test/java/tech/tablesaw/api/StringColumnTest.java linha: 737 Método: assertEquals(0, col.countMissing(), "Wrong number of missing values after Column.clear")
Assert com mensagem: /home/vitor-otto/opensource/tablesaw-0.43.1/core/src/test/java/tech/tablesaw/api/TextColumnTest.java linha: 338 Método: assertEquals(3, distance.get(0), 0.0001)
Assert com mensagem: /home/vitor-otto/opensource/tablesaw-0.43.1/core/src/test/java/tech/tablesaw/api/TextColumnTest.java linha: 339 Método: assertEquals(7, distance.get(3), 0.0001)
Assert com mensagem: /home/vitor-otto/opensource/tablesaw-0.43.1/core/src/test/java/tech/tablesaw/table/RollingColumnTest.java linha: 49 Método: assertEquals(Double.NaN, result.getDouble(0), 0.0)
Assert com mensagem: /home/vitor-otto/opensource/tablesaw-0.43.1/core/src/test/java/tech/tablesaw/table/RollingColumnTest.java linha: 50 Método: assertEquals(1, result.getDouble(1), 0.0)
Assert com mensagem: /home/vitor-otto/opensource/tablesaw-0.43.1/core/src/test/java/tech/tablesaw/table/RollingColumnTest.java linha: 51 Método: assertEquals(0, result.getDouble(2), 0.0)
Assert com mensagem: /home/vitor-otto/opensource/tablesaw-0.43.1/core/src/test/java/tech/tablesaw/table/RollingColumnTest.java linha: 52 Método: assertEquals(1, result.getDouble(3), 0.0)
Assert com mensagem: /home/vitor-otto/opensource/tablesaw-0.43.1/core/src/test/java/tech/tablesaw/table/RollingColumnTest.java linha: 53 Método: assertEquals(2, result.getDouble(4), 0.0)
Assert com mensagem: /home/vitor-otto/opensource/tablesaw-0.43.1/core/src/test/java/tech/tablesaw/table/TableSliceTest.java linha: 164 Método: assertEquals(58.0, slice.reduce("approval", sum), 0.0001)
Assert com mensagem: /home/vitor-otto/opensource/tablesaw-0.43.1/core/src/test/java/tech/tablesaw/table/TableSliceTest.java linha: 171 Método: assertEquals(20957.0, slice.reduce("approval", sum), 0.0001)
Assert com mensagem: /home/vitor-otto/opensource/tablesaw-0.43.1/core/src/test/java/tech/tablesaw/table/TableSliceGroupTest.java linha: 157 Método: assertEquals(0, aggregated.rowCount(), "result should be empty")
Assert com mensagem: /home/vitor-otto/opensource/tablesaw-0.43.1/core/src/test/java/tech/tablesaw/table/TableSliceGroupTest.java linha: 165 Método: assertEquals(0, aggregated.rowCount(), "result should be empty")
Assert com mensagem: /home/vitor-otto/opensource/tablesaw-0.43.1/core/src/test/java/tech/tablesaw/table/SliceBugTests.java linha: 62 Método: assertTrue(Arrays.equals(priceColFromName.asDoubleArray(), priceColFromIndex.asDoubleArray()), "Columns should have same data")
Assert com mensagem: /home/vitor-otto/opensource/tablesaw-0.43.1/core/src/test/java/tech/tablesaw/table/TableTransposeTest.java linha: 239 Método: assertEquals(testTable.print(), result.transpose(true, true).print(), "Transpose is reversible")
Assert com mensagem: /home/vitor-otto/opensource/tablesaw-0.43.1/core/src/test/java/tech/tablesaw/columns/dates/DateFiltersTest.java linha: 113 Método: assertEquals(i + 1, monthValue.get(i), 0.001)
Assert com mensagem: /home/vitor-otto/opensource/tablesaw-0.43.1/core/src/test/java/tech/tablesaw/columns/AbstractColumnTest.java linha: 27 Método: assertArrayEquals(expected.asDoubleArray(), col1.set(col1.isMissing(), 7.0).asDoubleArray(), 0.0001)
Assert com mensagem: /home/vitor-otto/opensource/tablesaw-0.43.1/core/src/test/java/tech/tablesaw/columns/AbstractColumnTest.java linha: 45 Método: assertArrayEquals(expected.asDoubleArray(), col1.set(col1.isMissing(), col2).asDoubleArray(), 0.0001)
Assert com mensagem: /home/vitor-otto/opensource/tablesaw-0.43.1/core/src/test/java/tech/tablesaw/columns/datetimes/DateTimeMapFunctionsTest.java linha: 47 Método: assertEquals(100_000L, result.getLong(0), 0.01)
Assert com mensagem: /home/vitor-otto/opensource/tablesaw-0.43.1/core/src/test/java/tech/tablesaw/columns/datetimes/DateTimeMapFunctionsTest.java linha: 58 Método: assertEquals(100_000L, result.getLong(0), 0.01)
Assert com mensagem: /home/vitor-otto/opensource/tablesaw-0.43.1/core/src/test/java/tech/tablesaw/columns/datetimes/DateTimeMapFunctionsTest.java linha: 69 Método: assertEquals(100_000L, result.getLong(0), 0.01)
Assert com mensagem: /home/vitor-otto/opensource/tablesaw-0.43.1/core/src/test/java/tech/tablesaw/columns/datetimes/DateTimeMapFunctionsTest.java linha: 80 Método: assertEquals(100_000L, result.getLong(0), 0.01)
Assert com mensagem: /home/vitor-otto/opensource/tablesaw-0.43.1/core/src/test/java/tech/tablesaw/columns/datetimes/DateTimeMapFunctionsTest.java linha: 91 Método: assertEquals(100_000L, result.getLong(0), 0.01)
Assert com mensagem: /home/vitor-otto/opensource/tablesaw-0.43.1/core/src/test/java/tech/tablesaw/columns/datetimes/DateTimeMapFunctionsTest.java linha: 102 Método: assertEquals(10_000L, result.getLong(0), 0.01)
Assert com mensagem: /home/vitor-otto/opensource/tablesaw-0.43.1/core/src/test/java/tech/tablesaw/columns/datetimes/DateTimeMapFunctionsTest.java linha: 109 Método: assertEquals(7, hour.getInt(0), 0.0001)
Assert com mensagem: /home/vitor-otto/opensource/tablesaw-0.43.1/core/src/test/java/tech/tablesaw/columns/datetimes/DateTimeMapFunctionsTest.java linha: 116 Método: assertEquals(1984, year.getInt(0), 0.0001)
Assert com mensagem: /home/vitor-otto/opensource/tablesaw-0.43.1/core/src/test/java/tech/tablesaw/columns/datetimes/DateTimeMapFunctionsTest.java linha: 123 Método: assertEquals(5, dayOfYear.getInt(0), 0.0001)
Assert com mensagem: /home/vitor-otto/opensource/tablesaw-0.43.1/core/src/test/java/tech/tablesaw/columns/datetimes/DateTimeMapFunctionsTest.java linha: 130 Método: assertEquals(22, dayOfMonth.getInt(0), 0.0001)
Assert com mensagem: /home/vitor-otto/opensource/tablesaw-0.43.1/core/src/test/java/tech/tablesaw/columns/datetimes/DateTimeMapFunctionsTest.java linha: 137 Método: assertEquals(30, minute.getInt(0), 0.0001)
Assert com mensagem: /home/vitor-otto/opensource/tablesaw-0.43.1/core/src/test/java/tech/tablesaw/columns/datetimes/DateTimeMapFunctionsTest.java linha: 144 Método: assertEquals(2, dayOfWeekValue.getInt(0), 0.0001)
Assert com mensagem: /home/vitor-otto/opensource/tablesaw-0.43.1/core/src/test/java/tech/tablesaw/columns/datetimes/DateTimeMapFunctionsTest.java linha: 209 Método: assertEquals(4, month.get(0), 0.0001)
Assert com mensagem: /home/vitor-otto/opensource/tablesaw-0.43.1/core/src/test/java/tech/tablesaw/columns/datetimes/DateTimeMapFunctionsTest.java linha: 217 Método: assertEquals((7 * 60) + 30, minuteOfDay.get(0), 0.0001)
Assert com mensagem: /home/vitor-otto/opensource/tablesaw-0.43.1/core/src/test/java/tech/tablesaw/columns/datetimes/DateTimeMapFunctionsTest.java linha: 225 Método: assertEquals(dateTime.get(ChronoField.SECOND_OF_DAY), secondOfDay.get(0), 0.0001)
Assert com mensagem: /home/vitor-otto/opensource/tablesaw-0.43.1/core/src/test/java/tech/tablesaw/columns/datetimes/DateTimeMapFunctionsTest.java linha: 253 Método: assertEquals(0, timeWindows.get(0), 0.0001)
Assert com mensagem: /home/vitor-otto/opensource/tablesaw-0.43.1/core/src/test/java/tech/tablesaw/columns/datetimes/DateTimeMapFunctionsTest.java linha: 254 Método: assertEquals(9, timeWindows.max(), 0.0001)
Assert com mensagem: /home/vitor-otto/opensource/tablesaw-0.43.1/core/src/test/java/tech/tablesaw/columns/datetimes/DateTimeMapFunctionsTest.java linha: 257 Método: assertEquals(0, timeWindows.get(0), 0.0001)
Assert com mensagem: /home/vitor-otto/opensource/tablesaw-0.43.1/core/src/test/java/tech/tablesaw/columns/datetimes/DateTimeMapFunctionsTest.java linha: 258 Método: assertEquals(7, timeWindows.max(), 0.0001)
Assert com mensagem: /home/vitor-otto/opensource/tablesaw-0.43.1/core/src/test/java/tech/tablesaw/columns/datetimes/DateTimeMapFunctionsTest.java linha: 261 Método: assertEquals(0, timeWindows.get(0), 0.0001)
Assert com mensagem: /home/vitor-otto/opensource/tablesaw-0.43.1/core/src/test/java/tech/tablesaw/columns/datetimes/DateTimeMapFunctionsTest.java linha: 262 Método: assertEquals(1, timeWindows.max(), 0.0001)
Assert com mensagem: /home/vitor-otto/opensource/tablesaw-0.43.1/core/src/test/java/tech/tablesaw/columns/datetimes/DateTimeMapFunctionsTest.java linha: 265 Método: assertEquals(0, timeWindows.get(0), 0.0001)
Assert com mensagem: /home/vitor-otto/opensource/tablesaw-0.43.1/core/src/test/java/tech/tablesaw/columns/datetimes/DateTimeMapFunctionsTest.java linha: 266 Método: assertEquals(0, timeWindows.max(), 0.0001)
Assert com mensagem: /home/vitor-otto/opensource/tablesaw-0.43.1/core/src/test/java/tech/tablesaw/columns/datetimes/PackedLocalDateTimeTest.java linha: 108 Método: assertEquals(now.get(ChronoField.SECOND_OF_DAY), getSecondOfDay(pack(now)), 0.0001)
Assert com mensagem: /home/vitor-otto/opensource/tablesaw-0.43.1/core/src/test/java/tech/tablesaw/columns/times/PackedLocalTimeTest.java linha: 99 Método: assertEquals(now.get(ChronoField.SECOND_OF_DAY), getSecondOfDay(pack(now)), 0.0001)
Assert com mensagem: /home/vitor-otto/opensource/tablesaw-0.43.1/core/src/test/java/tech/tablesaw/columns/times/PackedLocalTimeTest.java linha: 105 Método: assertEquals(now.get(ChronoField.MINUTE_OF_DAY), getMinuteOfDay(pack(now)), 0.0001)
Assert com mensagem: /home/vitor-otto/opensource/tablesaw-0.43.1/core/src/test/java/tech/tablesaw/columns/ColumnTest.java linha: 72 Método: assertEquals(53, first2.get(0), 0.0001)
Assert com mensagem: /home/vitor-otto/opensource/tablesaw-0.43.1/core/src/test/java/tech/tablesaw/columns/ColumnTest.java linha: 73 Método: assertEquals(53, first2.get(1), 0.0001)
Assert com mensagem: /home/vitor-otto/opensource/tablesaw-0.43.1/core/src/test/java/tech/tablesaw/columns/ColumnTest.java linha: 74 Método: assertEquals(58, first2.get(2), 0.0001)
Assert com mensagem: /home/vitor-otto/opensource/tablesaw-0.43.1/core/src/test/java/tech/tablesaw/columns/ColumnTest.java linha: 94 Método: assertEquals(52, last2.get(0), 0.0001)
Assert com mensagem: /home/vitor-otto/opensource/tablesaw-0.43.1/core/src/test/java/tech/tablesaw/columns/ColumnTest.java linha: 95 Método: assertEquals(53, last2.get(1), 0.0001)
Assert com mensagem: /home/vitor-otto/opensource/tablesaw-0.43.1/core/src/test/java/tech/tablesaw/columns/ColumnTest.java linha: 96 Método: assertEquals(57, last2.get(2), 0.0001)
Assert com mensagem: /home/vitor-otto/opensource/tablesaw-0.43.1/core/src/test/java/tech/tablesaw/columns/numbers/NumberFillersTest.java linha: 14 Método: assertEquals(expected[num], value, 0.0000001)
Assert com mensagem: /home/vitor-otto/opensource/tablesaw-0.43.1/core/src/test/java/tech/tablesaw/columns/numbers/NumberMapFunctionsTest.java linha: 21 Método: assertEquals(0, result.mean(), 0.01)
Assert com mensagem: /home/vitor-otto/opensource/tablesaw-0.43.1/core/src/test/java/tech/tablesaw/columns/numbers/NumberMapFunctionsTest.java linha: 22 Método: assertEquals(1, result.standardDeviation(), 0.01)
Assert com mensagem: /home/vitor-otto/opensource/tablesaw-0.43.1/core/src/test/java/tech/tablesaw/columns/numbers/NumberMapFunctionsTest.java linha: 30 Método: assertEquals(.4, result.get(0), 0.01)
Assert com mensagem: /home/vitor-otto/opensource/tablesaw-0.43.1/core/src/test/java/tech/tablesaw/columns/numbers/NumberMapFunctionsTest.java linha: 31 Método: assertEquals(.1, result.get(1), 0.01)
Assert com mensagem: /home/vitor-otto/opensource/tablesaw-0.43.1/core/src/test/java/tech/tablesaw/columns/numbers/NumberMapFunctionsTest.java linha: 32 Método: assertEquals(.2, result.get(3), 0.01)
Assert com mensagem: /home/vitor-otto/opensource/tablesaw-0.43.1/core/src/test/java/tech/tablesaw/columns/numbers/NumberMapFunctionsTest.java linha: 40 Método: assertEquals(40, result.get(0), 0.01)
Assert com mensagem: /home/vitor-otto/opensource/tablesaw-0.43.1/core/src/test/java/tech/tablesaw/columns/numbers/NumberMapFunctionsTest.java linha: 41 Método: assertEquals(10, result.get(1), 0.01)
Assert com mensagem: /home/vitor-otto/opensource/tablesaw-0.43.1/core/src/test/java/tech/tablesaw/columns/numbers/NumberMapFunctionsTest.java linha: 42 Método: assertEquals(20, result.get(3), 0.01)
Assert com mensagem: /home/vitor-otto/opensource/tablesaw-0.43.1/core/src/test/java/tech/tablesaw/columns/numbers/NumberMapFunctionsTest.java linha: 50 Método: assertEquals(8, result.get(0), 0.01)
Assert com mensagem: /home/vitor-otto/opensource/tablesaw-0.43.1/core/src/test/java/tech/tablesaw/columns/numbers/NumberMapFunctionsTest.java linha: 51 Método: assertEquals(5, result.get(1), 0.01)
Assert com mensagem: /home/vitor-otto/opensource/tablesaw-0.43.1/core/src/test/java/tech/tablesaw/columns/numbers/NumberMapFunctionsTest.java linha: 52 Método: assertEquals(6, result.get(3), 0.01)
Assert com mensagem: /home/vitor-otto/opensource/tablesaw-0.43.1/core/src/test/java/tech/tablesaw/columns/numbers/NumberMapFunctionsTest.java linha: 62 Método: assertEquals(8, result.get(0), 0.01)
Assert com mensagem: /home/vitor-otto/opensource/tablesaw-0.43.1/core/src/test/java/tech/tablesaw/columns/numbers/NumberMapFunctionsTest.java linha: 63 Método: assertEquals(2, result.get(1), 0.01)
Assert com mensagem: /home/vitor-otto/opensource/tablesaw-0.43.1/core/src/test/java/tech/tablesaw/columns/numbers/NumberMapFunctionsTest.java linha: 64 Método: assertEquals(4, result.get(3), 0.01)
Assert com mensagem: /home/vitor-otto/opensource/tablesaw-0.43.1/core/src/test/java/tech/tablesaw/columns/numbers/NumberMapFunctionsTest.java linha: 72 Método: assertEquals(0, result.get(0), 0.01)
Assert com mensagem: /home/vitor-otto/opensource/tablesaw-0.43.1/core/src/test/java/tech/tablesaw/columns/numbers/NumberMapFunctionsTest.java linha: 73 Método: assertEquals(-3, result.get(1), 0.01)
Assert com mensagem: /home/vitor-otto/opensource/tablesaw-0.43.1/core/src/test/java/tech/tablesaw/columns/numbers/NumberMapFunctionsTest.java linha: 74 Método: assertEquals(-2, result.get(3), 0.01)
Assert com mensagem: /home/vitor-otto/opensource/tablesaw-0.43.1/core/src/test/java/tech/tablesaw/columns/numbers/NumberMapFunctionsTest.java linha: 84 Método: assertEquals(0, result.get(0), 0.01)
Assert com mensagem: /home/vitor-otto/opensource/tablesaw-0.43.1/core/src/test/java/tech/tablesaw/columns/numbers/NumberMapFunctionsTest.java linha: 85 Método: assertEquals(0, result.get(1), 0.01)
Assert com mensagem: /home/vitor-otto/opensource/tablesaw-0.43.1/core/src/test/java/tech/tablesaw/columns/numbers/NumberMapFunctionsTest.java linha: 86 Método: assertEquals(0, result.get(3), 0.01)
Assert com mensagem: /home/vitor-otto/opensource/tablesaw-0.43.1/core/src/test/java/tech/tablesaw/columns/numbers/NumberMapFunctionsTest.java linha: 94 Método: assertEquals(16, result.get(0), 0.01)
Assert com mensagem: /home/vitor-otto/opensource/tablesaw-0.43.1/core/src/test/java/tech/tablesaw/columns/numbers/NumberMapFunctionsTest.java linha: 95 Método: assertEquals(4, result.get(1), 0.01)
Assert com mensagem: /home/vitor-otto/opensource/tablesaw-0.43.1/core/src/test/java/tech/tablesaw/columns/numbers/NumberMapFunctionsTest.java linha: 96 Método: assertEquals(8, result.get(3), 0.01)
Assert com mensagem: /home/vitor-otto/opensource/tablesaw-0.43.1/core/src/test/java/tech/tablesaw/columns/numbers/NumberMapFunctionsTest.java linha: 106 Método: assertEquals(16, result.get(0), 0.01)
Assert com mensagem: /home/vitor-otto/opensource/tablesaw-0.43.1/core/src/test/java/tech/tablesaw/columns/numbers/NumberMapFunctionsTest.java linha: 107 Método: assertEquals(1, result.get(1), 0.01)
Assert com mensagem: /home/vitor-otto/opensource/tablesaw-0.43.1/core/src/test/java/tech/tablesaw/columns/numbers/NumberMapFunctionsTest.java linha: 108 Método: assertEquals(4, result.get(3), 0.01)
Assert com mensagem: /home/vitor-otto/opensource/tablesaw-0.43.1/core/src/test/java/tech/tablesaw/columns/numbers/NumberMapFunctionsTest.java linha: 116 Método: assertEquals(2, result.get(0), 0.01)
Assert com mensagem: /home/vitor-otto/opensource/tablesaw-0.43.1/core/src/test/java/tech/tablesaw/columns/numbers/NumberMapFunctionsTest.java linha: 117 Método: assertEquals(0.5, result.get(1), 0.01)
Assert com mensagem: /home/vitor-otto/opensource/tablesaw-0.43.1/core/src/test/java/tech/tablesaw/columns/numbers/NumberMapFunctionsTest.java linha: 118 Método: assertEquals(1.0, result.get(3), 0.01)
Assert com mensagem: /home/vitor-otto/opensource/tablesaw-0.43.1/core/src/test/java/tech/tablesaw/columns/numbers/NumberMapFunctionsTest.java linha: 128 Método: assertEquals(1, result.get(0), 0.01)
Assert com mensagem: /home/vitor-otto/opensource/tablesaw-0.43.1/core/src/test/java/tech/tablesaw/columns/numbers/NumberMapFunctionsTest.java linha: 129 Método: assertEquals(1, result.get(1), 0.01)
Assert com mensagem: /home/vitor-otto/opensource/tablesaw-0.43.1/core/src/test/java/tech/tablesaw/columns/numbers/NumberMapFunctionsTest.java linha: 130 Método: assertEquals(1, result.get(3), 0.01)
Assert com mensagem: /home/vitor-otto/opensource/tablesaw-0.43.1/core/src/test/java/tech/tablesaw/columns/numbers/NumberMapFunctionsTest.java linha: 185 Método: assertEquals(0 - doubles.getDouble(0), newDoubles.getDouble(0), 0.0001)
Assert com mensagem: /home/vitor-otto/opensource/tablesaw-0.43.1/core/src/test/java/tech/tablesaw/columns/numbers/NumberMapFunctionsTest.java linha: 193 Método: assertEquals(4, newDoubles.get(0), 0.0001)
Assert com mensagem: /home/vitor-otto/opensource/tablesaw-0.43.1/core/src/test/java/tech/tablesaw/columns/numbers/NumberMapFunctionsTest.java linha: 194 Método: assertEquals(2, newDoubles.get(1), 0.0001)
Assert com mensagem: /home/vitor-otto/opensource/tablesaw-0.43.1/core/src/test/java/tech/tablesaw/columns/numbers/NumberMapFunctionsTest.java linha: 195 Método: assertEquals(2, newDoubles.get(2), 0.0001)
Assert com mensagem: /home/vitor-otto/opensource/tablesaw-0.43.1/core/src/test/java/tech/tablesaw/columns/numbers/NumberMapFunctionsTest.java linha: 196 Método: assertEquals(2, newDoubles.get(3), 0.0001)
Assert com mensagem: /home/vitor-otto/opensource/tablesaw-0.43.1/core/src/test/java/tech/tablesaw/columns/numbers/NumberMapFunctionsTest.java linha: 197 Método: assertEquals(2, newDoubles.get(4), 0.0001)
Assert com mensagem: /home/vitor-otto/opensource/tablesaw-0.43.1/core/src/test/java/tech/tablesaw/columns/numbers/NumberMapFunctionsTest.java linha: 208 Método: assertEquals(0, newDoubles.get(0), 0.001)
Assert com mensagem: /home/vitor-otto/opensource/tablesaw-0.43.1/core/src/test/java/tech/tablesaw/columns/numbers/NumberMapFunctionsTest.java linha: 221 Método: assertEquals(doubles.getDouble(i), revert.getDouble(i), 0.01)
Assert com mensagem: /home/vitor-otto/opensource/tablesaw-0.43.1/core/src/test/java/tech/tablesaw/columns/numbers/NumberMapFunctionsTest.java linha: 234 Método: assertEquals(doubles.getDouble(i), revert.getDouble(i), 0.01)
Assert com mensagem: /home/vitor-otto/opensource/tablesaw-0.43.1/core/src/test/java/tech/tablesaw/columns/numbers/NumberMapFunctionsTest.java linha: 253 Método: assertEquals(4.4, newDoubles.get(0), 0.0001)
Assert com mensagem: /home/vitor-otto/opensource/tablesaw-0.43.1/core/src/test/java/tech/tablesaw/columns/numbers/NumberMapFunctionsTest.java linha: 254 Método: assertEquals(1.9, newDoubles.get(1), 0.0001)
Assert com mensagem: /home/vitor-otto/opensource/tablesaw-0.43.1/core/src/test/java/tech/tablesaw/columns/numbers/NumberMapFunctionsTest.java linha: 255 Método: assertEquals(1.5, newDoubles.get(2), 0.0001)
Assert com mensagem: /home/vitor-otto/opensource/tablesaw-0.43.1/core/src/test/java/tech/tablesaw/columns/numbers/NumberMapFunctionsTest.java linha: 256 Método: assertEquals(2.3, newDoubles.get(3), 0.0001)
Assert com mensagem: /home/vitor-otto/opensource/tablesaw-0.43.1/core/src/test/java/tech/tablesaw/columns/numbers/NumberMapFunctionsTest.java linha: 257 Método: assertEquals(0, newDoubles.get(4), 0.0001)
Assert com mensagem: /home/vitor-otto/opensource/tablesaw-0.43.1/core/src/test/java/tech/tablesaw/columns/numbers/NumberRollingColumnTest.java linha: 17 Método: assertArrayEquals(sma5, result.asDoubleArray(), 0.000001)
Assert com mensagem: /home/vitor-otto/opensource/tablesaw-0.43.1/core/src/test/java/tech/tablesaw/columns/strings/StringFiltersTest.java linha: 85 Método: assertEquals(5, sc1.length().get(0), 0.000001)
Assert com mensagem: /home/vitor-otto/opensource/tablesaw-0.43.1/core/src/test/java/tech/tablesaw/columns/strings/StringFiltersTest.java linha: 93 Método: assertEquals(8, tokens.size(), 0.0001)
Assert com mensagem: /home/vitor-otto/opensource/tablesaw-0.43.1/core/src/test/java/tech/tablesaw/columns/strings/StringFiltersTest.java linha: 95 Método: assertEquals(6, uniqueTokens.size(), 0.000001)
Assert com mensagem: /home/vitor-otto/opensource/tablesaw-0.43.1/core/src/test/java/tech/tablesaw/columns/strings/StringFiltersTest.java linha: 102 Método: assertEquals(0, column1.countOccurrences("v"), 0.000001)
Assert com mensagem: /home/vitor-otto/opensource/tablesaw-0.43.1/core/src/test/java/tech/tablesaw/columns/strings/StringFiltersTest.java linha: 103 Método: assertEquals(1, column1.countOccurrences("b 4"), 0.000001)
Assert com mensagem: /home/vitor-otto/opensource/tablesaw-0.43.1/core/src/test/java/tech/tablesaw/columns/strings/StringFiltersTest.java linha: 104 Método: assertEquals(2, column1.countOccurrences("a"), 0.000001)
Assert com mensagem: /home/vitor-otto/opensource/tablesaw-0.43.1/core/src/test/java/tech/tablesaw/columns/strings/StringFiltersTest.java linha: 262 Método: assertEquals(3, nc.sum(), 0.00001)
Assert com mensagem: /home/vitor-otto/opensource/tablesaw-0.43.1/core/src/test/java/tech/tablesaw/TestDataTest.java linha: 34 Método: assertNotNull(testData.getTable(), "Table available")
Assert com mensagem: /home/vitor-otto/opensource/tablesaw-0.43.1/core/src/test/java/tech/tablesaw/TestDataTest.java linha: 37 Método: assertEquals(testData.getColumnNames().length, testData.getColumnTypes().length, "Column name count matches column type count")
Assert com mensagem: /home/vitor-otto/opensource/tablesaw-0.43.1/core/src/test/java/tech/tablesaw/TestDataTest.java linha: 42 Método: assertNotNull(testData.getSource(), "Data path available")
Assert com mensagem: /home/vitor-otto/opensource/tablesaw-0.43.1/core/src/test/java/tech/tablesaw/TableAssertions.java linha: 11 Método: assertEquals(actual.rowCount(), expected.rowCount(), "tables should have same number of rows")
Assert com mensagem: /home/vitor-otto/opensource/tablesaw-0.43.1/core/src/test/java/tech/tablesaw/TableAssertions.java linha: 12 Método: assertEquals(actual.columnCount(), expected.columnCount(), "tables should have same number of columns")
Assert com mensagem: /home/vitor-otto/opensource/tablesaw-0.43.1/core/src/test/java/tech/tablesaw/TableAssertions.java linha: 18 Método: assertEquals(actual.get(rowIndex, columnIndex), expected.get(rowIndex, columnIndex), "cells[" + rowIndex + ", " + columnIndex + "] do not match")
Assert com mensagem: /home/vitor-otto/opensource/tablesaw-0.43.1/core/src/test/java/tech/tablesaw/aggregate/CrossTabTest.java linha: 21 Método: assertEquals(counts.intColumn("Count").get(row) / sum, pcts.doubleColumn(1).get(row), 0.01)
Assert com mensagem: /home/vitor-otto/opensource/tablesaw-0.43.1/core/src/test/java/tech/tablesaw/aggregate/CrossTabTest.java linha: 32 Método: assertEquals(counts.intColumn("Count").get(row) / sum, pcts.doubleColumn(1).get(row), 0.01)
Assert com mensagem: /home/vitor-otto/opensource/tablesaw-0.43.1/core/src/test/java/tech/tablesaw/aggregate/CrossTabTest.java linha: 49 Método: assertEquals(counts.intColumn("total").get(row.getRowNumber()), row.getInt("true") + row.getInt("false"), 0.01)
Assert com mensagem: /home/vitor-otto/opensource/tablesaw-0.43.1/core/src/test/java/tech/tablesaw/aggregate/CrossTabTest.java linha: 63 Método: assertEquals(1.0, xtab.doubleColumn(1).getDouble(xtab.rowCount() - 1), 0.00001)
Assert com mensagem: /home/vitor-otto/opensource/tablesaw-0.43.1/core/src/test/java/tech/tablesaw/aggregate/CrossTabTest.java linha: 71 Método: assertEquals(1.0, xtab.doubleColumn(xtab.columnCount() - 1).getDouble(0), 0.00001)
Assert com mensagem: /home/vitor-otto/opensource/tablesaw-0.43.1/core/src/test/java/tech/tablesaw/aggregate/CrossTabTest.java linha: 79 Método: assertEquals(1.0, xtab.doubleColumn(xtab.columnCount() - 1).getDouble(xtab.rowCount() - 1), 0.00001)
Assert com mensagem: /home/vitor-otto/opensource/tablesaw-0.43.1/core/src/test/java/tech/tablesaw/aggregate/AggregateFunctionsTest.java linha: 343 Método: assertEquals(1.2909944487358056, summarized.doubleColumn(1).get(0), 0.00001)
Assert com mensagem: /home/vitor-otto/opensource/tablesaw-0.43.1/core/src/test/java/tech/tablesaw/aggregate/AggregateFunctionsTest.java linha: 352 Método: assertEquals(1, countTrue.summarize(c), 0.0001)
Assert com mensagem: /home/vitor-otto/opensource/tablesaw-0.43.1/core/src/test/java/tech/tablesaw/aggregate/AggregateFunctionsTest.java linha: 353 Método: assertEquals(1, countFalse.summarize(c), 0.0001)
Assert com mensagem: /home/vitor-otto/opensource/tablesaw-0.43.1/core/src/test/java/tech/tablesaw/aggregate/AggregateFunctionsTest.java linha: 354 Método: assertEquals(0.5, proportionFalse.summarize(c), 0.0001)
Assert com mensagem: /home/vitor-otto/opensource/tablesaw-0.43.1/core/src/test/java/tech/tablesaw/aggregate/AggregateFunctionsTest.java linha: 355 Método: assertEquals(0.5, proportionTrue.summarize(c), 0.0001)
Assert com mensagem: /home/vitor-otto/opensource/tablesaw-0.43.1/core/src/test/java/tech/tablesaw/aggregate/AggregateFunctionsTest.java linha: 356 Método: assertEquals(1, countMissing.summarize(c), 0.0001)
Assert com mensagem: /home/vitor-otto/opensource/tablesaw-0.43.1/core/src/test/java/tech/tablesaw/aggregate/AggregateFunctionsTest.java linha: 357 Método: assertEquals(3, countWithMissing.summarize(c), 0.0001)
Assert com mensagem: /home/vitor-otto/opensource/tablesaw-0.43.1/core/src/test/java/tech/tablesaw/aggregate/AggregateFunctionsTest.java linha: 358 Método: assertEquals(2, countUnique.summarize(c), 0.0001)
Assert com mensagem: /home/vitor-otto/opensource/tablesaw-0.43.1/core/src/test/java/tech/tablesaw/aggregate/AggregateFunctionsTest.java linha: 367 Método: assertEquals(1, countMissing.summarize(c), 0.0001)
Assert com mensagem: /home/vitor-otto/opensource/tablesaw-0.43.1/core/src/test/java/tech/tablesaw/aggregate/AggregateFunctionsTest.java linha: 368 Método: assertEquals(11, countWithMissing.summarize(c), 0.0001)
Assert com mensagem: /home/vitor-otto/opensource/tablesaw-0.43.1/core/src/test/java/tech/tablesaw/aggregate/AggregateFunctionsTest.java linha: 370 Método: assertEquals(StatUtils.percentile(values, 90), percentile90.summarize(c), 0.0001)
Assert com mensagem: /home/vitor-otto/opensource/tablesaw-0.43.1/core/src/test/java/tech/tablesaw/aggregate/AggregateFunctionsTest.java linha: 371 Método: assertEquals(StatUtils.percentile(values, 95), percentile95.summarize(c), 0.0001)
Assert com mensagem: /home/vitor-otto/opensource/tablesaw-0.43.1/core/src/test/java/tech/tablesaw/aggregate/AggregateFunctionsTest.java linha: 372 Método: assertEquals(StatUtils.percentile(values, 99), percentile99.summarize(c), 0.0001)
Assert com mensagem: /home/vitor-otto/opensource/tablesaw-0.43.1/core/src/test/java/tech/tablesaw/aggregate/AggregateFunctionsTest.java linha: 374 Método: assertEquals(10, countUnique.summarize(c), 0.0001)
Assert com mensagem: /home/vitor-otto/opensource/tablesaw-0.43.1/core/src/test/java/tech/tablesaw/util/StatUtilTest.java linha: 36 Método: assertEquals(sum, column.sum(), 0.01f)
Assert com mensagem: /home/vitor-otto/opensource/tablesaw-0.43.1/core/src/test/java/tech/tablesaw/util/StatUtilTest.java linha: 51 Método: assertEquals(min, column.min(), 0.01f)
Assert com mensagem: /home/vitor-otto/opensource/tablesaw-0.43.1/core/src/test/java/tech/tablesaw/util/StatUtilTest.java linha: 66 Método: assertEquals(max, column.max(), 0.01f)
Assert com mensagem: /home/vitor-otto/opensource/tablesaw-0.43.1/excel/src/test/java/tech/tablesaw/io/xlsx/XlsxReaderTest.java linha: 49 Método: assertNotNull(tables, "No tables read from " + fileName)
Assert com mensagem: /home/vitor-otto/opensource/tablesaw-0.43.1/excel/src/test/java/tech/tablesaw/io/xlsx/XlsxReaderTest.java linha: 50 Método: assertEquals(expectedCount, tables.size(), "Wrong number of tables in " + fileName)
Assert com mensagem: /home/vitor-otto/opensource/tablesaw-0.43.1/excel/src/test/java/tech/tablesaw/io/xlsx/XlsxReaderTest.java linha: 62 Método: assertEquals(columnNames[colNum], column.name(), "Wrong column name")
Assert com mensagem: /home/vitor-otto/opensource/tablesaw-0.43.1/excel/src/test/java/tech/tablesaw/io/xlsx/XlsxReaderTest.java linha: 63 Método: assertEquals(size, column.size(), "Wrong size for column " + columnNames[colNum])
Assert com mensagem: /home/vitor-otto/opensource/tablesaw-0.43.1/excel/src/test/java/tech/tablesaw/io/xlsx/XlsxReaderTest.java linha: 82 Método: assertEquals(ts[i], column.get(i), "Wrong value in row " + i + " of column " + column.name())
Assert com mensagem: /home/vitor-otto/opensource/tablesaw-0.43.1/excel/src/test/java/tech/tablesaw/io/xlsx/XlsxReaderTest.java linha: 73 Método: assertTrue(column.isMissing(i), "Should be missing value in row " + i + " of column " + column.name() + ", but it was " + column.get(i))
Assert com mensagem: /home/vitor-otto/opensource/tablesaw-0.43.1/excel/src/test/java/tech/tablesaw/io/xlsx/XlsxReaderTest.java linha: 161 Método: assertNotNull(table, "No table read from multiplesheets.xlsx")
Assert com mensagem: /home/vitor-otto/opensource/tablesaw-0.43.1/excel/src/test/java/tech/tablesaw/io/xlsx/XlsxReaderTest.java linha: 163 Método: assertEquals("multiplesheets.xlsx#Sheet2", table.name(), "table name is different")
Assert com mensagem: /home/vitor-otto/opensource/tablesaw-0.43.1/excel/src/test/java/tech/tablesaw/io/xlsx/XlsxReaderTest.java linha: 168 Método: assertNotNull(tableImplicit, "No table read from multiplesheets.xlsx")
Assert com mensagem: /home/vitor-otto/opensource/tablesaw-0.43.1/excel/src/test/java/tech/tablesaw/io/xlsx/XlsxReaderTest.java linha: 252 Método: assertEquals(table.column("empty").type(), STRING, "Empty column must be preserved as it's type is specified")
Total asserts: 2899
Asserts sem descrição: 2585
Asserts com descrição: 314
Assertion Roulette: 2180
