"Era esperado valores iguais, mas  n é diferente de " + result0 + " <belly.getCukes()>"
"Era esperado que nenhuma exceção fosse lançada, mas  factory::stop foi lançada"
"Era esperado que nenhuma exceção fosse lançada, mas  factory::start foi lançada"
"Era esperado que nenhuma exceção fosse lançada, mas  factory::stop foi lançada"
"Era esperado que todos os testes deste grupo passassem, mas pelo menos um falhou"
"Era esperado verdadeiro, mas " + result1 + " <hasTheSameRowsAs(table).inOrder().matches(identical)> é falso"
"Era esperado falso, mas " + result2 + " <hasTheSameRowsAs(table).inOrder().matches(shuffled)> é verdadeiro "
"Era esperado falso, mas " + result3 + " <hasTheSameRowsAs(table).inOrder().matches(different)> é verdadeiro "
"Era esperado verdadeiro, mas " + result4 + " <hasTheSameRowsAs(table).matches(identical)> é falso"
"Era esperado verdadeiro, mas " + result5 + " <hasTheSameRowsAs(table).matches(shuffled)> é falso"
"Era esperado falso, mas " + result6 + " <hasTheSameRowsAs(table).matches(different)> é verdadeiro "
"Era esperado valores iguais, mas " + result7 + " <Optional.of(asList(outline, examplesA, example1))> é diferente de " + " pathTo"
"Era esperado valores iguais, mas " + result8 + " <Optional.of(asList(outline, examplesA, example2))> é diferente de " + " pathTo"
"Era esperado valores iguais, mas " + result9 + " <Optional.of(asList(outline, examplesB, example3))> é diferente de " + " pathTo"
"Era esperado valores iguais, mas " + result10 + " <Optional.of(asList(outline, examplesB, example4))> é diferente de " + " pathTo"
"Era esperado valores iguais, mas " + result11 + " <Optional.of(asList(outline, examplesA))> é diferente de " + " pathTo"
"Era esperado valores iguais, mas " + result12 + " <Optional.of(asList(emptyOutline, emptyExamplesA))> é diferente de " + " pathTo"
"Era esperado valores iguais, mas " + result13 + " <Optional.of(asList(outline, examplesB))> é diferente de " + " pathTo"
"Era esperado valores iguais, mas " + result14 + " <Optional.of(asList(emptyOutline, emptyExamplesB))> é diferente de " + " pathTo"
"Era esperado valores iguais, mas " + result15 + " <Optional.of(asList(outline))> é diferente de " + " pathTo"
"Era esperado valores iguais, mas " + result16 + " <Optional.of(asList(emptyOutline))> é diferente de " + " pathTo"
"Era esperado valores iguais, mas " + result17 + " <Optional.empty()> é diferente de " + " pathTo"
"Era esperado valores iguais, mas " + result18 + " <Optional.empty()> é diferente de " + " pathTo"
"Era esperado valores iguais, mas " + result19 + " <Optional.of(asList(example1))> é diferente de " + " pathTo"
"Era esperado valores iguais, mas " + result20 + " <Optional.empty()> é diferente de " + " pathTo"
"Era esperado não nulo, mas " + result21 + " <events.get(0).getUndefinedParameterType()> é nulo"
"Era esperado valores iguais, mas " + result22 + " <parameterInfos.size()> é diferente de " + " args.length"
"Era esperado que todos os testes deste grupo passassem, mas pelo menos um falhou"
"Era esperado que todos os testes deste grupo passassem, mas pelo menos um falhou"
"Era esperado que todos os testes deste grupo passassem, mas pelo menos um falhou"
"Era esperado que todos os testes deste grupo passassem, mas pelo menos um falhou"
"Era esperado que todos os testes deste grupo passassem, mas pelo menos um falhou"
"Era esperado que todos os testes deste grupo passassem, mas pelo menos um falhou"
"Era esperado que todos os testes deste grupo passassem, mas pelo menos um falhou"
"Era esperado que todos os testes deste grupo passassem, mas pelo menos um falhou"
"Era esperado que todos os testes deste grupo passassem, mas pelo menos um falhou"
"Era esperado que todos os testes deste grupo passassem, mas pelo menos um falhou"
"Era esperado que todos os testes deste grupo passassem, mas pelo menos um falhou"
"Era esperado que todos os testes deste grupo passassem, mas pelo menos um falhou"
"Era esperado que todos os testes deste grupo passassem, mas pelo menos um falhou"
"Era esperado que todos os testes deste grupo passassem, mas pelo menos um falhou"
"Era esperado que todos os testes deste grupo passassem, mas pelo menos um falhou"
"Era esperado que todos os testes deste grupo passassem, mas pelo menos um falhou"
"Era esperado que todos os testes deste grupo passassem, mas pelo menos um falhou"
"Era esperado que todos os testes deste grupo passassem, mas pelo menos um falhou"
"Era esperado que todos os testes deste grupo passassem, mas pelo menos um falhou"
"Era esperado que todos os testes deste grupo passassem, mas pelo menos um falhou"
"Era esperado que todos os testes deste grupo passassem, mas pelo menos um falhou"
"Era esperado que todos os testes deste grupo passassem, mas pelo menos um falhou"
"Era esperado que todos os testes deste grupo passassem, mas pelo menos um falhou"
"Era esperado que todos os testes deste grupo passassem, mas pelo menos um falhou"
"Era esperado não nulo, mas  o valor obtido foi nulo"
"Era esperado não nulo, mas  o valor obtido foi nulo"
"Era esperado que todos os testes deste grupo passassem, mas pelo menos um falhou"
"Era esperado que todos os testes deste grupo passassem, mas pelo menos um falhou"
"Era esperado que todos os testes deste grupo passassem, mas pelo menos um falhou"
"Era esperado que todos os testes deste grupo passassem, mas pelo menos um falhou"
"Era esperado que todos os testes deste grupo passassem, mas pelo menos um falhou"
"Era esperado que todos os testes deste grupo passassem, mas pelo menos um falhou"
"Era esperado que todos os testes deste grupo passassem, mas pelo menos um falhou"
"Era esperado que todos os testes deste grupo passassem, mas pelo menos um falhou"
"Era esperado que todos os testes deste grupo passassem, mas pelo menos um falhou"
"Era esperado que todos os testes deste grupo passassem, mas pelo menos um falhou"
"Era esperado que todos os testes deste grupo passassem, mas pelo menos um falhou"
"Era esperado que todos os testes deste grupo passassem, mas pelo menos um falhou"
"Era esperado que todos os testes deste grupo passassem, mas pelo menos um falhou"
"Era esperado valores iguais, mas  prettyPluginA é diferente de " + " prettyPluginB"
"Era esperado valores iguais, mas " + result23 + " <prettyPluginA.hashCode()> é diferente de " + result24 + " <prettyPluginB.hashCode()>"
"Era esperado valores iguais, mas  htmlPluginA é diferente de " + " htmlPluginB"
"Era esperado valores iguais, mas " + result25 + " <htmlPluginA.hashCode()> é diferente de " + result26 + " <htmlPluginB.hashCode()>"
"Era esperado valores diferentes, mas  prettyPluginA é igual a " + " htmlPluginA"
"Era esperado valores diferentes, mas " + result27 + " <prettyPluginA.hashCode()> é igual a " + result28 + " <htmlPluginA.hashCode()>"
"Era esperado que todos os testes deste grupo passassem, mas pelo menos um falhou"
"Era esperado que todos os testes deste grupo passassem, mas pelo menos um falhou"
"Era esperado que todos os testes deste grupo passassem, mas pelo menos um falhou"
"Era esperado que todos os testes deste grupo passassem, mas pelo menos um falhou"
"Era esperado que todos os testes deste grupo passassem, mas pelo menos um falhou"
"Era esperado verdadeiro, mas " + result29 + " <runtimeOptions.isMonochrome()> é falso"
"Era esperado que todos os testes deste grupo passassem, mas pelo menos um falhou"
"Era esperado que todos os testes deste grupo passassem, mas pelo menos um falhou"
"Era esperado verdadeiro, mas " + result30 + " <JarUriFileSystemService.supports(URI.create('jar:file:/example.jar!com/example/app'))> é falso"
"Era esperado verdadeiro, mas " + result31 + " <JarUriFileSystemService.supports(URI.create('file:/example.jar'))> é falso"
"Era esperado verdadeiro, mas " + result32 + " <fileSystem1.isOpen()> é falso"
"Era esperado verdadeiro, mas " + result33 + " <fileSystem2.isOpen()> é falso"
"Era esperado falso, mas " + result34 + " <fileSystem1.isOpen()> é verdadeiro "
"Era esperado falso, mas " + result35 + " <fileSystem2.isOpen()> é verdadeiro "
"Era esperado valores iguais, mas  'com.example' é diferente de " + " packageName"
"Era esperado valores iguais, mas  'com.example' é diferente de " + " packageName"
"Era esperado valores iguais, mas  'com.example.app' é diferente de " + " packageName"
"Era esperado valores iguais, mas  'com.example.app' é diferente de " + " packageName"
"Era esperado valores iguais, mas  'com.example.app' é diferente de " + " packageName"
"Era esperado valores iguais, mas  'com.example.app.App' é diferente de " + " fqn"
"Era esperado valores iguais, mas  'com.example.app.App' é diferente de " + " fqn"
"Era esperado valores iguais, mas  'com.example.app.App' é diferente de " + " fqn"
"Era esperado valores iguais, mas " + result36 + " <URI.create('classpath:com/example/app/app.feature')> é diferente de " + " fqn"
"Era esperado valores iguais, mas " + result37 + " <URI.create('classpath:com/example/app/app.feature')> é diferente de " + " fqn"
"Era esperado valores iguais, mas " + result38 + " <URI.create('classpath:com/example/app/app.feature')> é diferente de " + " fqn"
"Era esperado que todos os testes deste grupo passassem, mas pelo menos um falhou"
"Era esperado que todos os testes deste grupo passassem, mas pelo menos um falhou"
"Era esperado verdadeiro, mas " + result39 + " <predicate.test(pickle)> é falso"
"Era esperado falso, mas " + result40 + " <predicate.test(pickle)> é verdadeiro "
"Era esperado verdadeiro, mas " + result41 + " <predicate.test(pickle)> é falso"
"Era esperado verdadeiro, mas " + result42 + " <predicate.test(pickle)> é falso"
"Era esperado verdadeiro, mas " + result43 + " <predicate.test(pickle)> é falso"
"Era esperado verdadeiro, mas " + result44 + " <predicate.test(pickle)> é falso"
"Era esperado falso, mas " + result45 + " <predicate.test(pickle)> é verdadeiro "
"Era esperado verdadeiro, mas " + result46 + " <predicate.test(pickle)> é falso"
"Era esperado verdadeiro, mas " + result47 + " <predicate.test(pickle)> é falso"
"Era esperado falso, mas " + result48 + " <predicate.test(pickle)> é verdadeiro "
"Era esperado verdadeiro, mas " + result49 + " <predicate.test(pickle)> é falso"
"Era esperado falso, mas " + result50 + " <predicate.test(pickle)> é verdadeiro "
"Era esperado verdadeiro, mas " + result51 + " <predicate.test(pickle)> é falso"
"Era esperado verdadeiro, mas " + result52 + " <predicate.test(pickle)> é falso"
"Era esperado falso, mas " + result53 + " <predicate.test(pickle)> é verdadeiro "
"Era esperado verdadeiro, mas " + result54 + " <predicate.test(pickle)> é falso"
"Era esperado falso, mas " + result55 + " <predicate.test(pickle)> é verdadeiro "
"Era esperado verdadeiro, mas " + result56 + " <predicate.test(pickle)> é falso"
"Era esperado falso, mas " + result57 + " <predicate.test(pickle)> é verdadeiro "
"Era esperado verdadeiro, mas " + result58 + " <predicate.test(pickle)> é falso"
"Era esperado verdadeiro, mas " + result59 + " <predicate.test(pickle)> é falso"
"Era esperado verdadeiro, mas " + result60 + " <predicate.test(pickle)> é falso"
"Era esperado falso, mas " + result61 + " <predicate.test(pickle)> é verdadeiro "
"Era esperado verdadeiro, mas " + result62 + " <passedResult.getStatus().isOk()> é falso"
"Era esperado verdadeiro, mas " + result63 + " <skippedResult.getStatus().isOk()> é falso"
"Era esperado falso, mas " + result64 + " <failedResult.getStatus().isOk()> é verdadeiro "
"Era esperado nulo, mas " + result65 + " <collector.getThrowable()> não é nulo"
"Era esperado valores iguais, mas  exception é diferente de " + result66 + " <collector.getThrowable()>"
"Era esperado valores iguais, mas  firstException é diferente de " + result67 + " <collector.getThrowable()>"
"Era esperado valores iguais, mas  secondException é diferente de " + " collector.getThrowable().getSuppressed()[0]"
"Era esperado valores iguais, mas  secondException é diferente de " + result68 + " <collector.getThrowable()>"
"Era esperado valores iguais, mas  firstException é diferente de " + " collector.getThrowable().getSuppressed()[0]"
"Era esperado valores iguais, mas  firstException é diferente de " + result69 + " <collector.getThrowable()>"
"Era esperado valores iguais, mas  secondException é diferente de " + " collector.getThrowable().getSuppressed()[0]"
"Era esperado valores iguais, mas " + result70 + " <DataTable.create(singletonList(singletonList(null)))> é diferente de " + result71 + " <arguments.get(0).getValue()>"
"Era esperado que todos os testes deste grupo passassem, mas pelo menos um falhou"
"Era esperado que todos os testes deste grupo passassem, mas pelo menos um falhou"
"Era esperado valores iguais, mas " + result72 + " <parameterInfos.size()> é diferente de " + " args.length"
"Era esperado verdadeiro, mas o valor obtido é falso"
"Era esperado falso, mas " + result73 + " <isTestAbortedExceptionPredicate.test(new RuntimeException())> é verdadeiro "
"Era esperado verdadeiro, mas " + result74 + " <isTestAbortedExceptionPredicate.test(new TestAbortedException())> é falso"
"Era esperado verdadeiro, mas " + result75 + " <isTestAbortedExceptionPredicate.test(new TestAbortedExceptionSubClass())> é falso"
"Era esperado que todos os testes deste grupo passassem, mas pelo menos um falhou"
"Era esperado que todos os testes deste grupo passassem, mas pelo menos um falhou"
"Era esperado que todos os testes deste grupo passassem, mas pelo menos um falhou"
"Era esperado que todos os testes deste grupo passassem, mas pelo menos um falhou"
"Era esperado que todos os testes deste grupo passassem, mas pelo menos um falhou"
"Era esperado verdadeiro, mas " + result76 + " <Files.exists(reportJsFile)> é falso"
"Era esperado que todos os testes deste grupo passassem, mas pelo menos um falhou"
"Era esperado que nenhuma exceção fosse lançada, mas  () - rethrowIfUnrecoverable(new Throwable()) foi lançada"
"Era esperado que todos os testes deste grupo passassem, mas pelo menos um falhou"
"Era esperado que todos os testes deste grupo passassem, mas pelo menos um falhou"
"Era esperado que todos os testes deste grupo passassem, mas pelo menos um falhou"
"Era esperado que todos os testes deste grupo passassem, mas pelo menos um falhou"
"Era esperado que todos os testes deste grupo passassem, mas pelo menos um falhou"
"Era esperado que todos os testes deste grupo passassem, mas pelo menos um falhou"
"Era esperado valores iguais, mas " + result77 + " <belly.getContents()> é diferente de " + result78 + " <Collections.nCopies(n, 'cukes')>"
"Era esperado valores iguais, mas  'glass' é diferente de " + " container"
"Era esperado valores iguais, mas  'milk' é diferente de " + " liquid"
"Era esperado valores iguais, mas  'happy' é diferente de " + " mood"
"Era esperado falso, mas " + result79 + " <steps.getBelly().isDisposed()> é verdadeiro "
"Era esperado verdadeiro, mas " + result80 + " <steps.getBelly().isDisposed()> é falso"
"Era esperado verdadeiro, mas " + result81 + " <new CucumberEngineOptions(ansiColors).isMonochrome()> é falso"
"Era esperado falso, mas " + result82 + " <new CucumberEngineOptions(noAnsiColors).isMonochrome()> é verdadeiro "
"Era esperado verdadeiro, mas " + result83 + " <new CucumberEngineOptions(dryRun).isDryRun()> é falso"
"Era esperado falso, mas " + result84 + " <new CucumberEngineOptions(noDryRun).isDryRun()> é verdadeiro "
"Era esperado verdadeiro, mas " + result85 + " <new CucumberEngineOptions(enabled).isParallelExecutionEnabled()> é falso"
"Era esperado falso, mas " + result86 + " <new CucumberEngineOptions(disabled).isParallelExecutionEnabled()> é verdadeiro "
"Era esperado falso, mas " + result87 + " <new CucumberEngineOptions(absent).isParallelExecutionEnabled()> é verdadeiro "
"Era esperado valores iguais, mas  'A feature with scenario outlines' é diferente de " + result88 + " <feature.getDisplayName()>"
"Era esperado valores iguais, mas " + result89 + " <emptySet()> é diferente de " + result90 + " <feature.getTags()>"
"Era esperado valores iguais, mas " + result91 + " <of(from(featurePath))> é diferente de " + result92 + " <feature.getSource()>"
"Era esperado valores iguais, mas  CONTAINER é diferente de " + result93 + " <feature.getType()>"
"Era esperado valores iguais, mas " + result94 + " <id.append('feature', featureSegmentValue)> é diferente de " + result95 + " <feature.getUniqueId()>"
"Era esperado valores iguais, mas  'A scenario' é diferente de " + result96 + " <scenario.getDisplayName()>"
"Era esperado valores iguais, mas " + result97 + " <asSet(create('FeatureTag'), create('ScenarioTag'), create('ResourceA'), create('ResourceAReadOnly'))> é diferente de " + result98 + " <scenario.getTags()>"
"Era esperado valores iguais, mas " + result99 + " <of(from(featurePath, from(5, 3)))> é diferente de " + result100 + " <scenario.getSource()>"
"Era esperado valores iguais, mas  TEST é diferente de " + result101 + " <scenario.getType()>"
"Era esperado valores iguais, mas " + result102 + " <id.append('feature', featureSegmentValue).append('scenario', '5')> é diferente de " + result103 + " <scenario.getUniqueId()>"
"Era esperado valores iguais, mas " + result104 + " <Optional.of('io.cucumber.junit.platform.engine')> é diferente de " + result105 + " <pickleDescriptor.getPackage()>"
"Era esperado valores iguais, mas " + result106 + " <asSet(new ExclusiveResource('resource-a', LockMode.READ_WRITE), new ExclusiveResource('resource-a', LockMode.READ))> é diferente de " + result107 + " <pickleDescriptor.getExclusiveResources()>"
"Era esperado valores iguais, mas  'A scenario outline' é diferente de " + result108 + " <outline.getDisplayName()>"
"Era esperado valores iguais, mas " + result109 + " <emptySet()> é diferente de " + result110 + " <outline.getTags()>"
"Era esperado valores iguais, mas " + result111 + " <of(from(featurePath, from(11, 3)))> é diferente de " + result112 + " <outline.getSource()>"
"Era esperado valores iguais, mas  CONTAINER é diferente de " + result113 + " <outline.getType()>"
"Era esperado valores iguais, mas " + result114 + " <id.append('feature', featureSegmentValue).append('scenario', '11')> é diferente de " + result115 + " <outline.getUniqueId()>"
"Era esperado valores iguais, mas  'Example #1.1' é diferente de " + result116 + " <example.getDisplayName()>"
"Era esperado valores iguais, mas " + result117 + " <asSet(create('FeatureTag'), create('Example1Tag'), create('ScenarioOutlineTag'))> é diferente de " + result118 + " <example.getTags()>"
"Era esperado valores iguais, mas " + result119 + " <of(from(featurePath, from(19, 7)))> é diferente de " + result120 + " <example.getSource()>"
"Era esperado valores iguais, mas  TEST é diferente de " + result121 + " <example.getType()>"
"Era esperado valores iguais, mas " + result122 + " <id.append('feature', featureSegmentValue).append('scenario', '11').append('examples', '17').append('example', '19')> é diferente de " + result123 + " <example.getUniqueId()>"
"Era esperado valores iguais, mas " + result124 + " <Optional.of('io.cucumber.junit.platform.engine')> é diferente de " + result125 + " <pickleDescriptor.getPackage()>"
"Era esperado valores iguais, mas  'A feature with scenario outlines - A scenario outline - With some text - Example #1.1' é diferente de " + result126 + " <example.getDisplayName()>"
"Era esperado verdadeiro, mas o valor obtido é falso"
"Era esperado verdadeiro, mas o valor obtido é falso"
"Era esperado verdadeiro, mas o valor obtido é falso"
"Era esperado verdadeiro, mas o valor obtido é falso"
"Era esperado valores iguais, mas  ENGINE_ID é diferente de " + result127 + " <engine.getId()>"
"Era esperado valores iguais, mas " + result128 + " <Optional.of('DEVELOPMENT')> é diferente de " + result129 + " <engine.getVersion()>"
"Era esperado não nulo, mas " + result130 + " <engine.createExecutionContext(execution)> é nulo"
"Era esperado valores iguais, mas  0 é diferente de " + result131 + " <testDescriptor.getChildren().size()>"
"Era esperado valores iguais, mas  1 é diferente de " + result132 + " <testDescriptor.getChildren().size()>"
"Era esperado valores iguais, mas  1 é diferente de " + result133 + " <testDescriptor.getChildren().size()>"
"Era esperado valores iguais, mas  1L é diferente de " + result134 + " <testDescriptor.getDescendants().stream().filter(TestDescriptor::isTest).count()>"
"Era esperado valores iguais, mas  2L é diferente de " + result135 + " <testDescriptor.getDescendants().stream().filter(TestDescriptor::isTest).count()>"
"Era esperado valores iguais, mas  2 é diferente de " + result136 + " <testDescriptor.getChildren().size()>"
"Era esperado valores iguais, mas  7 é diferente de " + result137 + " <testDescriptor.getChildren().size()>"
"Era esperado valores iguais, mas  unsorted é diferente de " + " sorted"
"Era esperado valores iguais, mas  4 é diferente de " + result138 + " <tests.size()>"
"Era esperado valores iguais, mas  2 é diferente de " + result139 + " <tests.size()>"
"Era esperado valores iguais, mas  1 é diferente de " + result140 + " <tests.size()>"
"Era esperado valores iguais, mas  1 é diferente de " + result141 + " <tests.size()>"
"Era esperado valores iguais, mas  2 é diferente de " + result142 + " <tests.size()>"
"Era esperado valores iguais, mas  1 é diferente de " + result143 + " <tests.size()>"
"Era esperado valores iguais, mas  1 é diferente de " + result144 + " <testDescriptor.getChildren().size()>"
"Era esperado valores iguais, mas  1L é diferente de " + result145 + " <testDescriptor.getDescendants().stream().filter(TestDescriptor::isTest).count()>"
"Era esperado valores iguais, mas  2L é diferente de " + result146 + " <testDescriptor.getDescendants().stream().filter(TestDescriptor::isTest).count()>"
"Era esperado valores iguais, mas  6 é diferente de " + result147 + " <testDescriptor.getChildren().size()>"
"Era esperado valores iguais, mas  6 é diferente de " + result148 + " <testDescriptor.getChildren().size()>"
"Era esperado verdadeiro, mas " + result149 + " <testDescriptor.getDescendants().isEmpty()> é falso"
"Era esperado valores iguais, mas  1 é diferente de " + result150 + " <testDescriptor.getChildren().size()>"
"Era esperado valores iguais, mas  1 é diferente de " + result151 + " <testDescriptor.getChildren().size()>"
"Era esperado valores iguais, mas  selectors é diferente de " + result152 + " <testDescriptor.getDescendants().stream().filter(PickleDescriptor.class::isInstance).map(TestDescriptor::getUniqueId).collect(toSet())>"
"Era esperado valores iguais, mas  6 é diferente de " + result153 + " <testDescriptor.getChildren().size()>"
"Era esperado valores iguais, mas  0 é diferente de " + result154 + " <testDescriptor.getChildren().size()>"
"Era esperado valores iguais, mas  1 é diferente de " + result155 + " <logRecordListener.getLogRecords().size()>"
"Era esperado valores iguais, mas  Level.WARNING é diferente de " + result156 + " <logRecord.getLevel()>"
"Era esperado valores iguais, mas  'No features found in package 'io.cucumber.junit.platform.engine.nofeatures'' é diferente de " + result157 + " <logRecord.getMessage()>"
"Era esperado que todos os testes deste grupo passassem, mas pelo menos um falhou"
"Era esperado valores iguais, mas  expectedResult é diferente de " + " result"
"Era esperado valores iguais, mas  expected é diferente de " + result158 + " <calc.value()>"
"Era esperado valores iguais, mas  -calc.value().intValue() é diferente de " + " change"
"Era esperado valores iguais, mas  expectedResult é diferente de " + " result"
"Era esperado valores iguais, mas  expected é diferente de " + result159 + " <calc.value()>"
"Era esperado valores iguais, mas  -calc.value().intValue() é diferente de " + " change"
"Era esperado valores iguais, mas  groceriesPrice é diferente de " + " totalPrice"
"Era esperado valores iguais, mas  -calc.value().intValue() é diferente de " + " change"
"Era esperado valores iguais, mas  expectedResult é diferente de " + " result"
"Era esperado valores iguais, mas  expected é diferente de " + result160 + " <calc.value()>"
"Era esperado valores iguais, mas  1 é diferente de " + result161 + " <transform.size()>"
"Era esperado valores iguais, mas  here é diferente de " + " transform.get(0).name"
"Era esperado que todos os testes deste grupo passassem, mas pelo menos um falhou"
"Era esperado nulo, mas o valor obtido não é nulo"
"Era esperado nulo, mas o valor obtido não é nulo"
"Era esperado nulo, mas o valor obtido não é nulo"
"Era esperado objetos iguais, mas  cell é diferente de " + " lookupTableTypeByType"
"Era esperado objetos iguais, mas  ENTRY é diferente de " + " lookupTableTypeByType"
"Era esperado valores iguais, mas " + result162 + " <singletonList(singletonList(new BigDecimal('2105.88')))> é diferente de " + result163 + " <dataTableType.transform(singletonList(singletonList('2,105.88')))>"
"Era esperado valores iguais, mas " + result164 + " <singletonList(singletonList(new BigDecimal('2105.88')))> é diferente de " + result165 + " <dataTableType.transform(singletonList(singletonList('2.105,88')))>"
"Era esperado valores iguais, mas " + result166 + " <singletonList(singletonList(null))> é diferente de " + result167 + " <dataTableType.transform(singletonList(singletonList(null)))>"
"Era esperado valores iguais, mas " + result168 + " <singletonList(singletonList(null))> é diferente de " + result169 + " <dataTableType.transform(singletonList(singletonList(null)))>"
"Era esperado valores iguais, mas " + result170 + " <singletonList(singletonList(null))> é diferente de " + result171 + " <dataTableType.transform(singletonList(singletonList(null)))>"
"Era esperado valores iguais, mas " + result172 + " <singletonList(singletonList(null))> é diferente de " + result173 + " <dataTableType.transform(singletonList(singletonList(null)))>"
"Era esperado valores iguais, mas " + result174 + " <singletonList(singletonList(null))> é diferente de " + result175 + " <dataTableType.transform(singletonList(singletonList(null)))>"
"Era esperado valores iguais, mas " + result176 + " <singletonList(singletonList(null))> é diferente de " + result177 + " <dataTableType.transform(singletonList(singletonList(null)))>"
"Era esperado valores iguais, mas " + result178 + " <singletonList(singletonList(null))> é diferente de " + result179 + " <dataTableType.transform(singletonList(singletonList(null)))>"
"Era esperado valores iguais, mas " + result180 + " <singletonList(singletonList(null))> é diferente de " + result181 + " <dataTableType.transform(singletonList(singletonList(null)))>"
"Era esperado valores iguais, mas " + result182 + " <singletonList(singletonList(null))> é diferente de " + result183 + " <dataTableType.transform(singletonList(singletonList(null)))>"
"Era esperado valores iguais, mas " + result184 + " <singletonList(singletonList(''))> é diferente de " + result185 + " <dataTableType.transform(singletonList(singletonList('[blank]')))>"
"Era esperado valores iguais, mas " + result186 + " <singletonList(singletonList(''))> é diferente de " + result187 + " <dataTableType.transform(singletonList(singletonList('[blank]')))>"
"Era esperado valores iguais, mas " + result188 + " <singletonList(singletonList(Boolean.TRUE))> é diferente de " + result189 + " <dataTableType.transform(singletonList(singletonList('true')))>"
"Era esperado valores iguais, mas " + result190 + " <singletonList(singletonList(Boolean.FALSE))> é diferente de " + result191 + " <dataTableType.transform(singletonList(singletonList('false')))>"
"Era esperado valores iguais, mas " + result192 + " <singletonList(singletonList(Boolean.TRUE))> é diferente de " + result193 + " <dataTableType.transform(singletonList(singletonList('yes')))>"
"Era esperado verdadeiro, mas " + result194 + " <new TableDiffer(table(), table()).calculateDiffs().isEmpty()> é falso"
"Era esperado valores iguais, mas " + result195 + " <emptyTable.cells()> é diferente de " + " emptyList"
"Era esperado verdadeiro, mas " + result196 + " <new TableDiffer(table(), table()).calculateUnorderedDiffs().isEmpty()> é falso"
"Era esperado verdadeiro, mas " + result197 + " <new TableDiffer(table(), otherTableWithDifferentOrder()).calculateUnorderedDiffs().isEmpty()> é falso"
"Era esperado valores iguais, mas " + result198 + " <emptyList()> é diferente de " + result199 + " <converter.toList(table, Integer.class)>"
"Era esperado valores iguais, mas " + result200 + " <emptyList()> é diferente de " + result201 + " <converter.convert(table, LIST_OF_INT)>"
"Era esperado valores iguais, mas " + result202 + " <emptyList()> é diferente de " + result203 + " <converter.toLists(table, Integer.class)>"
"Era esperado valores iguais, mas " + result204 + " <emptyList()> é diferente de " + result205 + " <converter.convert(table, LIST_OF_LIST_OF_INT)>"
"Era esperado valores iguais, mas " + result206 + " <emptyList()> é diferente de " + result207 + " <converter.convert(table, LIST_OF_AUTHOR)>"
"Era esperado valores iguais, mas " + result208 + " <emptyMap()> é diferente de " + result209 + " <converter.toMap(table, Integer.class, Integer.class)>"
"Era esperado valores iguais, mas " + result210 + " <emptyMap()> é diferente de " + result211 + " <converter.convert(table, MAP_OF_INT_TO_INT)>"
"Era esperado valores iguais, mas " + result212 + " <emptyMap()> é diferente de " + result213 + " <converter.toMap(table, Integer.class, Integer.class)>"
"Era esperado valores iguais, mas " + result214 + " <emptyMap()> é diferente de " + result215 + " <converter.convert(table, MAP_OF_INT_TO_INT)>"
"Era esperado valores iguais, mas " + result216 + " <emptyList()> é diferente de " + result217 + " <converter.toMaps(table, Integer.class, Integer.class)>"
"Era esperado valores iguais, mas " + result218 + " <emptyList()> é diferente de " + result219 + " <converter.convert(table, LIST_OF_MAP_OF_INT_TO_INT)>"
"Era esperado valores iguais, mas " + result220 + " <emptyList()> é diferente de " + result221 + " <converter.toMaps(table, String.class, Integer.class)>"
"Era esperado valores iguais, mas " + result222 + " <emptyList()> é diferente de " + result223 + " <converter.convert(table, LIST_OF_MAP_OF_STRING_TO_INT)>"
"Era esperado objetos iguais, mas  table é diferente de " + result224 + " <converter.convert(table, DataTable.class)>"
"Era esperado valores iguais, mas  expected é diferente de " + result225 + " <converter.toList(table, String.class)>"
"Era esperado valores iguais, mas  expected é diferente de " + result226 + " <converter.convert(table, List.class)>"
"Era esperado valores iguais, mas  expected é diferente de " + result227 + " <converter.toList(table, OPTIONAL_BIG_DECIMAL)>"
"Era esperado valores iguais, mas  expected é diferente de " + result228 + " <converter.toMaps(table, OPTIONAL_STRING, OPTIONAL_BIG_INTEGER)>"
"Era esperado valores iguais, mas  expected é diferente de " + result229 + " <converter.toList(table, Integer.class)>"
"Era esperado valores iguais, mas  expected é diferente de " + result230 + " <converter.convert(table, LIST_OF_INT)>"
"Era esperado valores iguais, mas  expected é diferente de " + result231 + " <converter.convert(table, LIST_OF_MAP)>"
"Era esperado valores iguais, mas  expected é diferente de " + result232 + " <converter.toList(table, Author.class)>"
"Era esperado valores iguais, mas  expected é diferente de " + result233 + " <converter.convert(table, LIST_OF_AUTHOR)>"
"Era esperado valores iguais, mas  expected é diferente de " + result234 + " <converter.toList(table, Author.class)>"
"Era esperado valores iguais, mas  expected é diferente de " + result235 + " <converter.convert(table, LIST_OF_AUTHOR)>"
"Era esperado valores iguais, mas  expected é diferente de " + result236 + " <converter.toList(table, Author.class)>"
"Era esperado valores iguais, mas  expected é diferente de " + result237 + " <converter.convert(table, LIST_OF_AUTHOR)>"
"Era esperado valores iguais, mas  expected é diferente de " + result238 + " <converter.toList(table, Author.class)>"
"Era esperado valores iguais, mas  expected é diferente de " + result239 + " <converter.convert(table, LIST_OF_AUTHOR)>"
"Era esperado valores iguais, mas  expected é diferente de " + result240 + " <converter.toList(table, Integer.class)>"
"Era esperado valores iguais, mas  expected é diferente de " + result241 + " <converter.convert(table, LIST_OF_INT)>"
"Era esperado valores iguais, mas  expected é diferente de " + result242 + " <converter.toList(table, Integer.class)>"
"Era esperado valores iguais, mas  expected é diferente de " + result243 + " <converter.convert(table, LIST_OF_INT)>"
"Era esperado valores iguais, mas  expected é diferente de " + result244 + " <converter.toList(table, OPTIONAL_STRING)>"
"Era esperado valores iguais, mas  expected é diferente de " + result245 + " <converter.convert(table, LIST_OF_OPTIONAL_STRING)>"
"Era esperado valores iguais, mas  expected é diferente de " + result246 + " <converter.toList(table, OPTIONAL_STRING)>"
"Era esperado valores iguais, mas  expected é diferente de " + result247 + " <converter.convert(table, LIST_OF_OPTIONAL_STRING)>"
"Era esperado valores iguais, mas  expected é diferente de " + result248 + " <converter.convert(table, LIST_OF_LIST)>"
"Era esperado valores iguais, mas  expected é diferente de " + result249 + " <converter.toLists(table, String.class)>"
"Era esperado valores iguais, mas  expected é diferente de " + result250 + " <converter.toLists(table, Integer.class)>"
"Era esperado valores iguais, mas  expected é diferente de " + result251 + " <converter.convert(table, LIST_OF_LIST_OF_INT)>"
"Era esperado valores iguais, mas  expected é diferente de " + result252 + " <converter.toMap(table, String.class, String.class)>"
"Era esperado valores iguais, mas  expected é diferente de " + result253 + " <converter.convert(table, Map.class)>"
"Era esperado valores iguais, mas  expected é diferente de " + result254 + " <converter.toMap(table, String.class, String.class)>"
"Era esperado valores iguais, mas  expected é diferente de " + result255 + " <converter.convert(table, Map.class)>"
"Era esperado valores iguais, mas  expected é diferente de " + result256 + " <converter.toMap(table, Integer.class, Integer.class)>"
"Era esperado valores iguais, mas  expected é diferente de " + result257 + " <converter.convert(table, MAP_OF_INT_TO_INT)>"
"Era esperado valores iguais, mas  expected é diferente de " + result258 + " <converter.toMap(table, AirPortCode.class, Coordinate.class)>"
"Era esperado valores iguais, mas  expected é diferente de " + result259 + " <converter.convert(table, MAP_OF_AIR_PORT_CODE_TO_COORDINATE)>"
"Era esperado valores iguais, mas  expected é diferente de " + result260 + " <converter.toMap(table, AirPortCode.class, Coordinate.class)>"
"Era esperado valores iguais, mas  expected é diferente de " + result261 + " <converter.convert(table, MAP_OF_AIR_PORT_CODE_TO_COORDINATE)>"
"Era esperado valores iguais, mas  expected é diferente de " + result262 + " <converter.toMap(table, AirPortCode.class, Coordinate.class)>"
"Era esperado valores iguais, mas  expected é diferente de " + result263 + " <converter.convert(table, MAP_OF_AIR_PORT_CODE_TO_COORDINATE)>"
"Era esperado valores iguais, mas  expected é diferente de " + result264 + " <converter.toMap(table, AirPortCode.class, Coordinate.class)>"
"Era esperado valores iguais, mas  expected é diferente de " + result265 + " <converter.convert(table, MAP_OF_AIR_PORT_CODE_TO_COORDINATE)>"
"Era esperado valores iguais, mas  expected é diferente de " + result266 + " <converter.toMap(table, AirPortCode.class, AirPortCode.class)>"
"Era esperado valores iguais, mas  expected é diferente de " + result267 + " <converter.convert(table, MAP_OF_AIR_PORT_CODE_TO_AIR_PORT_CODE)>"
"Era esperado valores iguais, mas  expected é diferente de " + result268 + " <converter.convert(table, MAP_OF_AIR_PORT_CODE_TO_AIR_PORT_CODE)>"
"Era esperado valores iguais, mas  expected é diferente de " + result269 + " <converter.convert(table, MAP_OF_STRING_TO_LIST_OF_DOUBLE)>"
"Era esperado valores iguais, mas  expected é diferente de " + result270 + " <converter.convert(table, MAP_OF_STRING_TO_LIST_OF_DATE)>"
"Era esperado valores iguais, mas  expected é diferente de " + result271 + " <converter.convert(table, MAP_OF_STRING_TO_LIST_OF_DATE)>"
"Era esperado valores iguais, mas  expected é diferente de " + result272 + " <converter.convert(table, MAP_OF_STRING_TO_LIST_OF_DOUBLE)>"
"Era esperado valores iguais, mas  expected é diferente de " + result273 + " <converter.convert(table, MAP_OF_STRING_TO_MAP_OF_INTEGER_TO_PIECE)>"
"Era esperado valores iguais, mas  expected é diferente de " + result274 + " <converter.convert(table, MAP_OF_STRING_TO_MAP_OF_STRING_DOUBLE)>"
"Era esperado valores iguais, mas  expected é diferente de " + result275 + " <converter.toMap(table, String.class, Coordinate.class)>"
"Era esperado valores iguais, mas  expected é diferente de " + result276 + " <converter.convert(table, MAP_OF_STRING_TO_COORDINATE)>"
"Era esperado valores iguais, mas  expected é diferente de " + result277 + " <converter.toMap(table, Integer.class, String.class)>"
"Era esperado valores iguais, mas  expected é diferente de " + result278 + " <converter.convert(table, MAP_OF_INT_TO_STRING)>"
"Era esperado valores iguais, mas  expected é diferente de " + result279 + " <converter.convert(table, MAP_OF_STRING_TO_MAP)>"
"Era esperado valores iguais, mas  expected é diferente de " + result280 + " <converter.toMaps(table, Integer.class, Integer.class)>"
"Era esperado valores iguais, mas  expected é diferente de " + result281 + " <converter.convert(table, LIST_OF_MAP_OF_INT_TO_INT)>"
"Era esperado valores iguais, mas  expected é diferente de " + result282 + " <converter.toMaps(table, Integer.class, Integer.class)>"
"Era esperado valores iguais, mas  expected é diferente de " + result283 + " <converter.convert(table, LIST_OF_MAP_OF_INT_TO_INT)>"
"Era esperado valores iguais, mas  expected é diferente de " + result284 + " <converter.convert(table, ChessBoard.class)>"
"Era esperado valores iguais, mas " + result285 + " <Optional.empty()> é diferente de " + result286 + " <converter.convert(table, OPTIONAL_CHESS_BOARD_TYPE)>"
"Era esperado nulo, mas " + result287 + " <converter.convert(table, Integer.class)> não é nulo"
"Era esperado valores iguais, mas " + result288 + " <Integer.valueOf(3)> é diferente de " + result289 + " <converter.convert(table, Integer.class)>"
"Era esperado valores iguais, mas  Piece.BLACK_BISHOP é diferente de " + result290 + " <converter.convert(table, Piece.class)>"
"Era esperado valores iguais, mas  Piece.BLACK_BISHOP é diferente de " + result291 + " <converter.convert(table, Piece.class)>"
"Era esperado valores iguais, mas  Piece.BLACK_BISHOP é diferente de " + result292 + " <converter.convert(table, Piece.class)>"
"Era esperado objetos iguais, mas  expected é diferente de " + result293 + " <converter.convert(table, DataTable.class)>"
"Era esperado valores iguais, mas " + result294 + " <table.transpose()> é diferente de " + result295 + " <converter.convert(table, DataTable.class, true)>"
"Era esperado verdadeiro, mas " + result296 + " <table.isEmpty()> é falso"
"Era esperado verdadeiro, mas " + result297 + " <table.cells().isEmpty()> é falso"
"Era esperado objetos iguais, mas  tableConverter é diferente de " + result298 + " <lowerCaseTable.getTableConverter()>"
"Era esperado valores iguais, mas  raw é diferente de " + result299 + " <table.cells()>"
"Era esperado valores iguais, mas  raw é diferente de " + result300 + " <table.cells()>"
"Era esperado valores iguais, mas  raw é diferente de " + result301 + " <table.cells()>"
"Era esperado valores iguais, mas " + result302 + " <raw.get(0).get(0)> é diferente de " + result303 + " <table.cell(0, 0)>"
"Era esperado valores iguais, mas " + result304 + " <raw.get(0).get(1)> é diferente de " + result305 + " <table.cell(0, 1)>"
"Era esperado valores iguais, mas " + result306 + " <raw.get(1).get(0)> é diferente de " + result307 + " <table.cell(1, 0)>"
"Era esperado valores iguais, mas " + result308 + " <raw.get(1).get(1)> é diferente de " + result309 + " <table.cell(1, 1)>"
"Era esperado valores iguais, mas " + result310 + " <asList(asList('ten', '10'), asList('hundred', '100'))> é diferente de " + result311 + " <table.subTable(0, 0, 2, 2).cells()>"
"Era esperado valores iguais, mas " + result312 + " <asList(asList('100', '2'), asList('1000', '3'))> é diferente de " + result313 + " <table.subTable(1, 1).cells()>"
"Era esperado valores iguais, mas " + result314 + " <table.cells()> é diferente de " + result315 + " <table.subTable(0, 0).cells()>"
"Era esperado valores iguais, mas  'ten' é diferente de " + result316 + " <table.subTable(0, 0, 3, 3).cell(0, 0)>"
"Era esperado valores iguais, mas  '1' é diferente de " + result317 + " <table.subTable(0, 0).cell(0, 2)>"
"Era esperado valores iguais, mas  'thousand' é diferente de " + result318 + " <table.subTable(0, 0, 3, 3).cell(2, 0)>"
"Era esperado valores iguais, mas  '3' é diferente de " + result319 + " <table.subTable(0, 0).cell(2, 2)>"
"Era esperado valores iguais, mas " + result320 + " <emptyDataTable()> é diferente de " + " subTable"
"Era esperado verdadeiro, mas " + result321 + " <subTable.isEmpty()> é falso"
"Era esperado valores iguais, mas  0 é diferente de " + result322 + " <subTable.height()>"
"Era esperado valores iguais, mas  0 é diferente de " + result323 + " <subTable.width()>"
"Era esperado valores iguais, mas " + result324 + " <emptyList()> é diferente de " + result325 + " <subTable.cells()>"
"Era esperado valores iguais, mas " + result326 + " <raw.get(2)> é diferente de " + result327 + " <table.row(2)>"
"Era esperado valores iguais, mas " + result328 + " <asList(asList('hundred', '100'), asList('thousand', '1000'))> é diferente de " + result329 + " <table.rows(1).cells()>"
"Era esperado valores iguais, mas " + result330 + " <DataTable.create(singletonList(asList('hundred', '100')))> é diferente de " + result331 + " <table.rows(1, 2)>"
"Era esperado valores iguais, mas " + result332 + " <asList('100', '1000')> é diferente de " + result333 + " <table.column(1)>"
"Era esperado valores iguais, mas " + result334 + " <asList('thousand', '1000', '3')> é diferente de " + result335 + " <table.column(1)>"
"Era esperado valores iguais, mas " + result336 + " <asList(asList('100', '2'), asList('1000', '3'))> é diferente de " + result337 + " <table.columns(1).cells()>"
"Era esperado valores iguais, mas " + result338 + " <DataTable.create(asList(singletonList('100'), singletonList('1000')))> é diferente de " + result339 + " <table.columns(1, 2)>"
"Era esperado valores iguais, mas  raw é diferente de " + result340 + " <table.asLists()>"
"Era esperado verdadeiro, mas " + result341 + " <table.isEmpty()> é falso"
"Era esperado verdadeiro, mas " + result342 + " <table.cells().isEmpty()> é falso"
"Era esperado valores iguais, mas  '' + '| one  | four  | seven  |\n' + '| 4444 | 55555 | 666666 |\n' é diferente de " + result343 + " <other.toString()>"
"Era esperado valores iguais, mas  1L é diferente de " + result344 + " <table.convert(Long.class, false)>"
"Era esperado valores iguais, mas  1L é diferente de " + result345 + " <table.<Long>convert((Type) Long.class, false)>"
"Era esperado valores iguais, mas " + result346 + " <asList('1', '100', '2', '1000')> é diferente de " + result347 + " <table.values()>"
"Era esperado valores iguais, mas " + result348 + " <asList(1L, 2L)> é diferente de " + result349 + " <table.asList(Long.class)>"
"Era esperado valores iguais, mas " + result350 + " <asList(1L, 2L)> é diferente de " + result351 + " <table.asList((Type) Long.class)>"
"Era esperado valores iguais, mas " + result352 + " <asList('1', '2')> é diferente de " + result353 + " <table.asList()>"
"Era esperado valores iguais, mas " + result354 + " <asList(asList(1L, 100L), asList(2L, 1000L))> é diferente de " + result355 + " <table.asLists(Long.class)>"
"Era esperado valores iguais, mas " + result356 + " <asList(asList(1L, 100L), asList(2L, 1000L))> é diferente de " + result357 + " <table.asLists((Type) Long.class)>"
"Era esperado valores iguais, mas  raw é diferente de " + result358 + " <table.asLists()>"
"Era esperado valores iguais, mas  expected é diferente de " + result359 + " <table.asMaps(String.class, Long.class)>"
"Era esperado valores iguais, mas  expected é diferente de " + result360 + " <table.asMaps((Type) String.class, (Type) Long.class)>"
"Era esperado valores iguais, mas " + result361 + " <singletonList(expected)> é diferente de " + result362 + " <table.asMaps()>"
"Era esperado valores iguais, mas " + result363 + " <singletonList(expected)> é diferente de " + result364 + " <table.asMaps()>"
"Era esperado valores iguais, mas " + result365 + " <singletonList(expected)> é diferente de " + result366 + " <table.asMaps()>"
"Era esperado valores iguais, mas " + result367 + " <table.entries()> é diferente de " + result368 + " <table.asMaps()>"
"Era esperado valores iguais, mas  expected é diferente de " + result369 + " <table.asMap(String.class, Long.class)>"
"Era esperado valores iguais, mas  expected é diferente de " + result370 + " <table.asMap((Type) String.class, (Type) Long.class)>"
"Era esperado valores iguais, mas  expected é diferente de " + result371 + " <table.asMap()>"
"Era esperado valores iguais, mas " + result372 + " <createSimpleTable()> é diferente de " + result373 + " <createSimpleTable()>"
"Era esperado valores iguais, mas " + result374 + " <createSimpleTable().hashCode()> é diferente de " + result375 + " <createSimpleTable().hashCode()>"
"Era esperado valores iguais, mas " + result376 + " <createSimpleTable().transpose()> é diferente de " + result377 + " <createSimpleTable().transpose()>"
"Era esperado valores iguais, mas " + result378 + " <createSimpleTable().transpose().hashCode()> é diferente de " + result379 + " <createSimpleTable().transpose().hashCode()>"
"Era esperado valores diferentes, mas " + result380 + " <createSimpleTable()> é igual a " + result381 + " <createSimpleNumberTable()>"
"Era esperado valores diferentes, mas " + result382 + " <createSimpleTable().hashCode()> é igual a " + result383 + " <createSimpleNumberTable().hashCode()>"
"Era esperado valores diferentes, mas " + result384 + " <createSimpleTable().transpose()> é igual a " + result385 + " <createSimpleNumberTable().transpose()>"
"Era esperado valores diferentes, mas " + result386 + " <createSimpleTable().transpose().hashCode()> é igual a " + result387 + " <createSimpleNumberTable().transpose().hashCode()>"
"Era esperado valores iguais, mas  expected é diferente de " + result388 + " <appendable.toString()>"
"Era esperado valores iguais, mas  expected é diferente de " + result389 + " <appendable.toString()>"
"Era esperado objetos iguais, mas  table é diferente de " + result390 + " <table.transpose().transpose()>"
"Era esperado valores iguais, mas  '| hello |\n' é diferente de " + result391 + " <formatter.format(table)>"
"Era esperado valores iguais, mas  '| hello |\n' é diferente de " + result392 + " <stringBuilder.toString()>"
"Era esperado valores iguais, mas  '| hello |\n' é diferente de " + result393 + " <appendable.toString()>"
"Era esperado valores iguais, mas  '' + '| 1 | 1 | 1 |\n' + '| 4 | 5 | 6 |\n' + '| 7 | 8 | 9 |\n' é diferente de " + result394 + " <formatter.format(table)>"
"Era esperado valores iguais, mas  '|  |\n' é diferente de " + result395 + " <formatter.format(table)>"
"Era esperado valores iguais, mas  '| [empty] |\n' é diferente de " + result396 + " <formatter.format(table)>"
"Era esperado valores iguais, mas  '' + '| \\| |\n' + '| \\\\ |\n' + '| \\n |\n' é diferente de " + result397 + " <formatter.format(table)>"
"Era esperado valores iguais, mas  '    | Hello |\n' é diferente de " + result398 + " <formatter.format(table)>"
"Era esperado valores iguais, mas  '' + '+ | 1 | 1 | 1 |\n' + '- | 4 | 5 | 6 |\n' + '  | 7 | 8 | 9 |\n' é diferente de " + result399 + " <formatter.format(table)>"
"Era esperado valores iguais, mas  '| | |\n' é diferente de " + result400 + " <formatter.format(table)>"
"Era esperado valores iguais, mas  new BigDecimal('1042.0000000000000000000002') é diferente de " + result401 + " <english.parseBigDecimal('1,042.0000000000000000000002')>"
"Era esperado valores iguais, mas  new BigDecimal('1042.0000000000000000000002') é diferente de " + result402 + " <german.parseBigDecimal('1.042,0000000000000000000002')>"
"Era esperado que todos os testes deste grupo passassem, mas pelo menos um falhou"
"Era esperado que todos os testes deste grupo passassem, mas pelo menos um falhou"
"Era esperado que todos os testes deste grupo passassem, mas pelo menos um falhou"
"Era esperado que todos os testes deste grupo passassem, mas pelo menos um falhou"
"Era esperado que todos os testes deste grupo passassem, mas pelo menos um falhou"
"Era esperado que todos os testes deste grupo passassem, mas pelo menos um falhou"
"Era esperado que todos os testes deste grupo passassem, mas pelo menos um falhou"
"Era esperado que todos os testes deste grupo passassem, mas pelo menos um falhou"
"Era esperado que todos os testes deste grupo passassem, mas pelo menos um falhou"
"Era esperado que todos os testes deste grupo passassem, mas pelo menos um falhou"
"Era esperado que todos os testes deste grupo passassem, mas pelo menos um falhou"
"Era esperado que todos os testes deste grupo passassem, mas pelo menos um falhou"
"Era esperado que todos os testes deste grupo passassem, mas pelo menos um falhou"
"Era esperado que todos os testes deste grupo passassem, mas pelo menos um falhou"
"Era esperado que todos os testes deste grupo passassem, mas pelo menos um falhou"
"Era esperado que todos os testes deste grupo passassem, mas pelo menos um falhou"
"Era esperado que todos os testes deste grupo passassem, mas pelo menos um falhou"
"Era esperado verdadeiro, mas " + result403 + " <factory.addClass(YourInjectorSource.class)> é falso"
"Era esperado verdadeiro, mas " + result404 + " <factory.addClass(YourInjectorSource.class)> é falso"
"Era esperado verdadeiro, mas " + result405 + " <factory.addClass(YourInjectorSource.class)> é falso"
"Era esperado verdadeiro, mas " + result406 + " <factory.addClass(YourInjectorSource.class)> é falso"
"Era esperado valores iguais, mas  n é diferente de " + result407 + " <belly.getCukes()>"
"Era esperado valores iguais, mas  42 é diferente de " + " cukeCount"
"Era esperado valores iguais, mas  'LHR' é diferente de " + " flight.from"
"Era esperado valores iguais, mas  'CDG' é diferente de " + " flight.to"
"Era esperado valores iguais, mas  45 é diferente de " + " delay"
"Era esperado valores iguais, mas  expectedCount é diferente de " + " this.count"
"Era esperado valores iguais, mas  expected é diferente de " + result408 + " <toTranspose.transpose()>"
"Era esperado nulo, mas " + result409 + " <options.objectFactory()> não é nulo"
"Era esperado não nulo, mas " + result410 + " <options.objectFactory()> é nulo"
"Era esperado valores iguais, mas  TestObjectFactory.class é diferente de " + result411 + " <options.objectFactory()>"
"Era esperado valores iguais, mas " + result412 + " <stepOccurrence1.getText()> é diferente de " + result413 + " <stepOccurrence2.getText()>"
"Era esperado valores diferentes, mas  stepDescription1 é igual a " + " stepDescription2"
"Era esperado valores diferentes, mas  stepDescription1 é igual a " + " stepDescription2"
"Era esperado valores iguais, mas  'first' é diferente de " + result414 + " <stepDescription.getClassName()>"
"Era esperado valores iguais, mas  'step' é diferente de " + result415 + " <stepDescription.getMethodName()>"
"Era esperado valores iguais, mas  'step(first)' é diferente de " + result416 + " <stepDescription.getDisplayName()>"
"Era esperado valores iguais, mas  'scenario name' é diferente de " + result417 + " <runner.getDescription().getDisplayName()>"
"Era esperado valores iguais, mas  'it works' é diferente de " + result418 + " <runner.getDescription().getChildren().get(0).getMethodName()>"
"Era esperado valores iguais, mas  'scenario_name' é diferente de " + result419 + " <runner.getDescription().getDisplayName()>"
"Era esperado valores iguais, mas  'scenario_name' é diferente de " + result420 + " <runner.getDescription().getChildren().get(0).getClassName()>"
"Era esperado valores iguais, mas  'it_works' é diferente de " + result421 + " <runner.getDescription().getChildren().get(0).getMethodName()>"
"Era esperado verdadeiro, mas " + result422 + " <descriptions.contains(description)> é falso"
"Era esperado verdadeiro, mas " + result423 + " <descriptions.add(description)> é falso"
"Era esperado verdadeiro, mas " + result424 + " <scenarioA.getChildren().isEmpty()> é falso"
"Era esperado verdadeiro, mas " + result425 + " <scenarioB.getChildren().isEmpty()> é falso"
"Era esperado verdadeiro, mas " + result426 + " <scenarioC0.getChildren().isEmpty()> é falso"
"Era esperado verdadeiro, mas " + result427 + " <scenarioC1.getChildren().isEmpty()> é falso"
"Era esperado verdadeiro, mas " + result428 + " <scenarioC2.getChildren().isEmpty()> é falso"
"Era esperado não nulo, mas  o valor obtido foi nulo"
"Era esperado objetos diferentes, mas  o1 é igual a " + " o2"
"Era esperado valores iguais, mas  n é diferente de " + result429 + " <belly.getCukes()>"
"Era esperado verdadeiro, mas o valor obtido é falso"
"Era esperado valores iguais, mas  42 é diferente de " + result430 + " <cukes.intValue()>"
"Era esperado valores iguais, mas  'belly' é diferente de " + " what"
"Era esperado verdadeiro, mas " + result431 + " <invoked.get()> é falso"
"Era esperado valores iguais, mas  42 é diferente de " + result432 + " <cuckes.intValue()>"
"Era esperado valores iguais, mas  42 é diferente de " + " cuckes"
"Era esperado valores iguais, mas  42 é diferente de " + result433 + " <cuckes.intValue()>"
"Era esperado valores iguais, mas  '42' é diferente de " + " number"
"Era esperado valores iguais, mas  '42' é diferente de " + " this.number"
"Era esperado valores iguais, mas  '314' é diferente de " + " number"
"Era esperado valores iguais, mas  TestObjectFactory.class é diferente de " + result434 + " <options.objectFactory()>"
"Era esperado valores iguais, mas " + result435 + " <exception.getCause()> é diferente de " + " error"
"Era esperado valores iguais, mas " + result436 + " <exception.getCause()> é diferente de " + " error"
"Era esperado valores iguais, mas " + result437 + " <exception.getCause()> é diferente de " + " error"
"Era esperado valores iguais, mas  scenarioNames é diferente de " + result438 + " <asList('\'SC1\'', '\'SC2\'', '\'SC3\'')>"
"Era esperado valores iguais, mas " + result439 + " <frequency(featureNames, '\'A feature containing 3 scenarios\'')> é diferente de " + " 3"
"Era esperado valores iguais, mas  scenarios.length é diferente de " + " 1"
"Era esperado valores iguais, mas  1 é diferente de " + result440 + " <events.stream().map(Object::getClass).filter(TestRunStarted.class::isAssignableFrom).count()>"
"Era esperado valores iguais, mas  1 é diferente de " + result441 + " <events.stream().map(Object::getClass).filter(TestRunFinished.class::isAssignableFrom).count()>"
"Era esperado valores iguais, mas  1 é diferente de " + result442 + " <events.stream().map(Object::getClass).filter(TestRunStarted.class::isAssignableFrom).count()>"
"Era esperado valores iguais, mas  1 é diferente de " + result443 + " <events.stream().map(Object::getClass).filter(TestRunFinished.class::isAssignableFrom).count()>"
"Era esperado valores iguais, mas  n é diferente de " + result444 + " <belly.getCukes()>"
"Era esperado valores iguais, mas  n é diferente de " + result445 + " <belly.getCukes()>"
"Era esperado valores iguais, mas  0 é diferente de " + result446 + " <belly.getCukes()>"
"Era esperado valores iguais, mas  0 é diferente de " + result447 + " <bellyBean.getCukes()>"
"Era esperado valores iguais, mas  n é diferente de " + result448 + " <bellyBean.getCukes()>"
"Era esperado não nulo, mas " + result449 + " <options.objectFactory()> é nulo"
"Era esperado não nulo, mas  o valor obtido foi nulo"
"Era esperado não nulo, mas  o valor obtido foi nulo"
"Era esperado valores iguais, mas  concurrency é diferente de " + result450 + " <map.size()>"
"Era esperado valores diferentes, mas  response é igual a " + " response2"
"Era esperado verdadeiro, mas " + result451 + " <CucumberTestContext.getInstance().getId().isEmpty()> é falso"
"Era esperado verdadeiro, mas " + result452 + " <CucumberTestContext.getInstance().getId().isEmpty()> é falso"
"Era esperado verdadeiro, mas " + result453 + " <CucumberTestContext.getInstance().getId().isEmpty()> é falso"
"Era esperado valores iguais, mas  testContextId1.get() + 1 é diferente de " + result454 + " <testContextId2.get()>"
"Era esperado verdadeiro, mas " + result455 + " <stepdef.isAutowired()> é falso"
"Era esperado verdadeiro, mas " + result456 + " <stepdef.isAutowired()> é falso"
"Era esperado que nenhuma exceção fosse lançada, mas  belly::getInstanceId foi lançada"
"Era esperado que nenhuma exceção fosse lançada, mas  factory::stop foi lançada"
"Era esperado que nenhuma exceção fosse lançada, mas  factory::stop foi lançada"
"Era esperado que nenhuma exceção fosse lançada, mas  factory::stop foi lançada"
"Era esperado que nenhuma exceção fosse lançada, mas  factory::start foi lançada"
"Era esperado que nenhuma exceção fosse lançada, mas  factory::start foi lançada"
"Era esperado valores iguais, mas  n é diferente de " + result457 + " <belly.getCukes()>"
"Era esperado valores iguais, mas  0 é diferente de " + result458 + " <belly.getCukes()>"
"Era esperado valores iguais, mas  0 é diferente de " + result459 + " <bellyBean.getCukes()>"
"Era esperado valores iguais, mas  n é diferente de " + result460 + " <bellyBean.getCukes()>"
"Era esperado não nulo, mas  o valor obtido foi nulo"
"Era esperado não nulo, mas  o valor obtido foi nulo"
"Era esperado não nulo, mas  o valor obtido foi nulo"
"Era esperado valores iguais, mas  arg1 é diferente de " + " cucumbers"
"Era esperado valores iguais, mas  arg1 é diferente de " + " oneStepDef.cucumbers"
"Era esperado valores iguais, mas  n é diferente de " + result461 + " <belly.getCukes()>"
"Era esperado que nenhuma exceção fosse lançada, mas  factory::stop foi lançada"
"Era esperado que nenhuma exceção fosse lançada, mas  factory::start foi lançada"
"Era esperado que nenhuma exceção fosse lançada, mas  factory::stop foi lançada"
"Era esperado que todos os testes deste grupo passassem, mas pelo menos um falhou"
"Era esperado nulo, mas " + result462 + " <options.objectFactory()> não é nulo"
"Era esperado verdadeiro, mas " + result463 + " <feature.isPresent()> é falso"
"Era esperado valores iguais, mas  0 é diferente de " + result464 + " <feature.get().getPickles().size()>"
"Era esperado valores iguais, mas  path é diferente de " + result465 + " <receivedPath.get()>"
"Era esperado valores iguais, mas  source é diferente de " + result466 + " <recievedSource.get()>"
"Era esperado valores iguais, mas  idGenerator é diferente de " + result467 + " <recievedIdGenerator.get()>"
"Era esperado verdadeiro, mas " + result468 + " <authors.contains(expectedAuthor)> é falso"
"Era esperado verdadeiro, mas " + result469 + " <authors.contains(expectedAuthor)> é falso"
"Era esperado valores iguais, mas  expectedAuthor é diferente de " + " author"
"Era esperado valores iguais, mas  expectedAuthor é diferente de " + " author"
"Era esperado verdadeiro, mas " + result470 + " <persons.contains(expectedPerson)> é falso"
"Era esperado verdadeiro, mas " + result471 + " <persons.contains(mononymousPerson)> é falso"
"Era esperado valores iguais, mas  expected é diferente de " + " date"
"Era esperado valores iguais, mas  this.scenarioName é diferente de " + " scenarioName"
"Era esperado valores iguais, mas  expected é diferente de " + " body"
"Era esperado verdadeiro, mas o valor obtido é falso"
"Era esperado verdadeiro, mas o valor obtido é falso"
"Era esperado verdadeiro, mas o valor obtido é falso"
"Era esperado que todos os testes deste grupo passassem, mas pelo menos um falhou"
"Era esperado que todos os testes deste grupo passassem, mas pelo menos um falhou"
"Era esperado falso, mas " + result472 + " <isTransposed(m)> é verdadeiro "
"Era esperado verdadeiro, mas " + result473 + " <isTransposed(m)> é falso"
"Era esperado verdadeiro, mas " + result474 + " <authors.contains(expectedAuthor)> é falso"
"Era esperado verdadeiro, mas " + result475 + " <authors.contains(expectedAuthor)> é falso"
