"Era esperado não nulo, mas  o valor obtido foi nulo"
"Era esperado objetos iguais, mas  testException é diferente de " + " actualException"
"Era esperado objetos iguais, mas  testException é diferente de " + " actualException"
"Era esperado objetos iguais, mas  testException é diferente de " + " actualException"
"Era esperado objetos iguais, mas  testException é diferente de " + " actualException"
"Era esperado valores iguais, mas  0 é diferente de " + result0 + " <sequencer.next()>"
"Era esperado valores iguais, mas  3 é diferente de " + result1 + " <sequencer.next(4)>"
"Era esperado verdadeiro, mas " + result2 + " <sequencer.hasAvailableCapacity(1)> é falso"
"Era esperado verdadeiro, mas " + result3 + " <sequencer.hasAvailableCapacity(BUFFER_SIZE)> é falso"
"Era esperado falso, mas " + result4 + " <sequencer.hasAvailableCapacity(BUFFER_SIZE + 1)> é verdadeiro "
"Era esperado verdadeiro, mas " + result5 + " <sequencer.hasAvailableCapacity(BUFFER_SIZE - 1)> é falso"
"Era esperado falso, mas " + result6 + " <sequencer.hasAvailableCapacity(BUFFER_SIZE)> é verdadeiro "
"Era esperado falso, mas " + result7 + " <sequencer.hasAvailableCapacity(1)> é verdadeiro "
"Era esperado falso, mas " + result8 + " <sequencer.isAvailable(seq)> é verdadeiro "
"Era esperado verdadeiro, mas " + result9 + " <sequencer.isAvailable(seq)> é falso"
"Era esperado verdadeiro, mas " + result10 + " <sequencer.isAvailable(seq)> é falso"
"Era esperado falso, mas " + result11 + " <sequencer.isAvailable(seq)> é verdadeiro "
"Era esperado verdadeiro, mas " + result12 + " <eventLatch.await(2, TimeUnit.SECONDS)> é falso"
"Era esperado verdadeiro, mas " + result13 + " <exceptionLatch.await(2, TimeUnit.SECONDS)> é falso"
"Era esperado valores iguais, mas " + result14 + " <Arrays.asList(3L, 2L, 1L)> é diferente de " + " batchSizes"
"Era esperado verdadeiro, mas " + result15 + " <h1.awaitStart(2, TimeUnit.SECONDS)> é falso"
"Era esperado verdadeiro, mas " + result16 + " <h1.awaitStop(2, TimeUnit.SECONDS)> é falso"
"Era esperado verdadeiro, mas o valor obtido é falso"
"Era esperado valores iguais, mas  10 é diferente de " + result17 + " <sequence.addAndGet(10)>"
"Era esperado valores iguais, mas  10 é diferente de " + result18 + " <sequence.get()>"
"Era esperado valores iguais, mas  1 é diferente de " + result19 + " <sequence.incrementAndGet()>"
"Era esperado valores iguais, mas  1 é diferente de " + result20 + " <sequence.get()>"
"Era esperado valores iguais, mas  0 é diferente de " + result21 + " <sequence.getAndAdd(1)>"
"Era esperado valores iguais, mas  1 é diferente de " + result22 + " <sequence.get()>"
"Era esperado valores iguais, mas  -1L é diferente de " + result23 + " <batchEventProcessor.getSequence().get()>"
"Era esperado valores iguais, mas  0L é diferente de " + result24 + " <batchEventProcessor.getSequence().get()>"
"Era esperado valores iguais, mas  0L é diferente de " + result25 + " <batchEventProcessor.getSequence().get()>"
"Era esperado valores iguais, mas  TEST_VALUE é diferente de " + result26 + " <event.getTestString()>"
"Era esperado valores iguais, mas  SingleProducerSequencer.INITIAL_CURSOR_VALUE é diferente de " + result27 + " <ringBuffer.getCursor()>"
"Era esperado valores iguais, mas  0 é diferente de " + " sequence"
"Era esperado valores iguais, mas  expectedEvent é diferente de " + " event"
"Era esperado valores iguais, mas  0L é diferente de " + result28 + " <ringBuffer.getCursor()>"
"Era esperado valores iguais, mas  expectedEvent é diferente de " + result29 + " <messages.get().get(0)>"
"Era esperado valores iguais, mas  expectedSequence é diferente de " + " available"
"Era esperado valores iguais, mas  expectedSequence é diferente de " + " available"
"Era esperado falso, mas " + result30 + " <ringBuffer.tryPublishEvent(StubEvent.TRANSLATOR, 3, '3')> é verdadeiro "
"Era esperado falso, mas " + result31 + " <publisherComplete.get()> é verdadeiro "
"Era esperado verdadeiro, mas " + result32 + " <publisherComplete.get()> é falso"
"Era esperado verdadeiro, mas " + result33 + " <ringBuffer.tryPublishEvents(translators)> é falso"
"Era esperado verdadeiro, mas " + result34 + " <ringBuffer.tryPublishEvents(translators, 0, 1)> é falso"
"Era esperado verdadeiro, mas " + result35 + " <ringBuffer.tryPublishEvents(translators, 1, 2)> é falso"
"Era esperado verdadeiro, mas " + result36 + " <ringBuffer.tryPublishEvents(translator, new String[] { 'Foo', 'Foo' })> é falso"
"Era esperado verdadeiro, mas " + result37 + " <ringBuffer.tryPublishEvents(translator, 0, 1, new String[] { 'Foo', 'Foo' })> é falso"
"Era esperado verdadeiro, mas " + result38 + " <ringBuffer.tryPublishEvents(translator, 1, 2, new String[] { 'Foo', 'Foo', 'Foo' })> é falso"
"Era esperado verdadeiro, mas " + result39 + " <ringBuffer.tryPublishEvents(translator, 1, 2, new String[] { 'Foo3', 'Foo4', 'Foo5' }, new String[] { 'Bar3', 'Bar4', 'Bar5' }, new String[] { 'Baz3', 'Baz4', 'Baz5' })> é falso"
"Era esperado verdadeiro, mas " + result40 + " <ringBuffer.tryPublishEvents(translator, new String[] { 'Foo', 'Bar', 'Baz', 'Bam' }, new String[] { 'Foo', 'Bar', 'Baz', 'Bam' })> é falso"
"Era esperado verdadeiro, mas " + result41 + " <ringBuffer.tryPublishEvents(translator, 0, 1, new String[] { 'Foo', 'Bar', 'Baz', 'Bam' }, new String[] { 'Foo', 'Bar', 'Baz', 'Bam' })> é falso"
"Era esperado verdadeiro, mas " + result42 + " <ringBuffer.tryPublishEvents(translator, 1, 2, new String[] { 'Foo3', 'Bar3', 'Baz3', 'Bam3' }, new String[] { 'Foo4', 'Bar4', 'Baz4', 'Bam4' }, new String[] { 'Foo5', 'Bar5', 'Baz5', 'Bam5' })> é falso"
"Era esperado verdadeiro, mas " + result43 + " <ringBuffer.removeGatingSequence(sequenceThree)> é falso"
"Era esperado valores iguais, mas  Long.MAX_VALUE é diferente de " + result44 + " <sequenceGroup.get()>"
"Era esperado valores iguais, mas " + result45 + " <sequence.get()> é diferente de " + result46 + " <sequenceGroup.get()>"
"Era esperado valores iguais, mas " + result47 + " <sequenceThree.get()> é diferente de " + result48 + " <sequenceGroup.get()>"
"Era esperado valores iguais, mas  3 é diferente de " + result49 + " <sequenceGroup.size()>"
"Era esperado valores iguais, mas " + result50 + " <sequenceThree.get()> é diferente de " + result51 + " <sequenceGroup.get()>"
"Era esperado verdadeiro, mas " + result52 + " <sequenceGroup.remove(sequenceThree)> é falso"
"Era esperado valores iguais, mas " + result53 + " <sequenceSeven.get()> é diferente de " + result54 + " <sequenceGroup.get()>"
"Era esperado valores iguais, mas  1 é diferente de " + result55 + " <sequenceGroup.size()>"
"Era esperado valores iguais, mas " + result56 + " <sequenceThree.get()> é diferente de " + result57 + " <sequenceGroup.get()>"
"Era esperado verdadeiro, mas " + result58 + " <sequenceGroup.remove(sequenceThree)> é falso"
"Era esperado valores iguais, mas " + result59 + " <sequenceSeven.get()> é diferente de " + result60 + " <sequenceGroup.get()>"
"Era esperado valores iguais, mas  1 é diferente de " + result61 + " <sequenceGroup.size()>"
"Era esperado valores iguais, mas  expectedSequence é diferente de " + result62 + " <sequenceThree.get()>"
"Era esperado valores iguais, mas  expectedSequence é diferente de " + result63 + " <sequenceSeven.get()>"
"Era esperado verdadeiro, mas o valor obtido é falso"
"Era esperado verdadeiro, mas o valor obtido é falso"
"Era esperado verdadeiro, mas o valor obtido é falso"
"Era esperado falso, mas " + result64 + " <sequenceBarrier.isAlerted()> é verdadeiro "
"Era esperado verdadeiro, mas " + result65 + " <sequenceBarrier.isAlerted()> é falso"
"Era esperado falso, mas " + result66 + " <sequenceBarrier.isAlerted()> é verdadeiro "
"Era esperado verdadeiro, mas o valor obtido é falso"
"Era esperado valores iguais, mas  'not rewindable' é diferente de " + result67 + " <exceptionHandled.get().getMessage()>"
"Era esperado valores iguais, mas  3 é diferente de " + " rewindPauseStrategy.count"
"Era esperado valores iguais, mas  0 é diferente de " + " rewindPauseStrategy.count"
"Era esperado valores iguais, mas  1024 é diferente de " + " powerOfTwo"
"Era esperado valores iguais, mas  1024 é diferente de " + " powerOfTwo"
"Era esperado valores iguais, mas  3L é diferente de " + result68 + " <Util.getMinimumSequence(sequences)>"
"Era esperado valores iguais, mas  Long.MAX_VALUE é diferente de " + result69 + " <Util.getMinimumSequence(sequences)>"
"Era esperado valores iguais, mas  causeException é diferente de " + result70 + " <ex.getCause()>"
