"Era esperado verdadeiro, mas " + result0 + " <ClassUtils.isAssignable(new ParameterizedTypeReference<PropertySource<Iterable<ConfigurationPropertySource>>>() {\n}, EncryptableConfigurationPropertySourcesPropertySource.class)> é falso"
"Era esperado falso, mas " + result1 + " <ClassUtils.isAssignable(new ParameterizedTypeReference<PropertySource<Map<String, Object>>>() {\n}, EncryptableConfigurationPropertySourcesPropertySource.class)> é verdadeiro "
"Era esperado verdadeiro, mas " + result2 + " <ClassUtils.isAssignable(new ParameterizedTypeReference<PropertySource<Map<String, Object>>>() {\n}, EncryptableMapPropertySourceWrapper.class)> é falso"
"Era esperado falso, mas " + result3 + " <ClassUtils.isAssignable(new ParameterizedTypeReference<PropertySource<Iterable<ConfigurationPropertySource>>>() {\n}, EncryptableMapPropertySourceWrapper.class)> é verdadeiro "
"Era esperado verdadeiro, mas " + result4 + " <filter.shouldInclude(source, 'some.property')> é falso"
"Era esperado verdadeiro, mas " + result5 + " <filter.shouldInclude(source, 'some.property')> é falso"
"Era esperado verdadeiro, mas " + result6 + " <filter.shouldInclude(source, 'some.property')> é falso"
"Era esperado verdadeiro, mas " + result7 + " <filter.shouldInclude(source, 'some.property')> é falso"
"Era esperado verdadeiro, mas " + result8 + " <filter.shouldInclude(source, 'some.property')> é falso"
"Era esperado verdadeiro, mas " + result9 + " <filter.shouldInclude(source, 'some.property')> é falso"
"Era esperado verdadeiro, mas " + result10 + " <filter.shouldInclude(source, 'some.property')> é falso"
"Era esperado verdadeiro, mas " + result11 + " <filter.shouldInclude(source, 'some.property')> é falso"
"Era esperado verdadeiro, mas " + result12 + " <filter.shouldInclude(source, 'some.property')> é falso"
"Era esperado verdadeiro, mas " + result13 + " <filter.shouldInclude(source, 'some.property')> é falso"
"Era esperado verdadeiro, mas " + result14 + " <filter.shouldInclude(source, 'some.property')> é falso"
"Era esperado verdadeiro, mas " + result15 + " <filter.shouldInclude(source, 'some.property')> é falso"
"Era esperado verdadeiro, mas " + result16 + " <filter.shouldInclude(source, 'some.property')> é falso"
"Era esperado falso, mas " + result17 + " <filter.shouldInclude(source, 'some.property')> é verdadeiro "
"Era esperado falso, mas " + result18 + " <filter.shouldInclude(source, 'some.property')> é verdadeiro "
"Era esperado falso, mas " + result19 + " <filter.shouldInclude(source, 'some.property')> é verdadeiro "
"Era esperado falso, mas " + result20 + " <filter.shouldInclude(source, 'some.property')> é verdadeiro "
"Era esperado falso, mas " + result21 + " <filter.shouldInclude(source, 'some.property')> é verdadeiro "
"Era esperado falso, mas " + result22 + " <filter.shouldInclude(source, 'some.property')> é verdadeiro "
"Era esperado falso, mas " + result23 + " <filter.shouldInclude(source, 'some.property')> é verdadeiro "
"Era esperado falso, mas " + result24 + " <filter.shouldInclude(source, 'some.property')> é verdadeiro "
"Era esperado falso, mas " + result25 + " <filter.shouldInclude(source, 'some.property')> é verdadeiro "
"Era esperado falso, mas " + result26 + " <filter.shouldInclude(source, 'some.property')> é verdadeiro "
"Era esperado falso, mas " + result27 + " <filter.shouldInclude(source, 'some.property')> é verdadeiro "
"Era esperado falso, mas " + result28 + " <filter.shouldInclude(source, 'some.property')> é verdadeiro "
"Era esperado falso, mas " + result29 + " <filter.shouldInclude(source, 'some.property')> é verdadeiro "
"Era esperado valores iguais, mas  decrypted é diferente de " + " message"
"Era esperado valores iguais, mas  decrypted é diferente de " + " message"
"Era esperado valores iguais, mas  decrypted é diferente de " + " message"
"Era esperado valores iguais, mas  decrypted é diferente de " + " message"
"Era esperado valores iguais, mas  decrypted é diferente de " + " message"
"Era esperado valores iguais, mas  decrypted é diferente de " + " message"
"Era esperado valores iguais, mas  message é diferente de " + " decrypted"
"Era esperado valores iguais, mas  message é diferente de " + " decrypted"
"Era esperado valores iguais, mas  message é diferente de " + " decrypted"
"Era esperado valores iguais, mas  message é diferente de " + " decrypted"
"Era esperado valores iguais, mas  message é diferente de " + " decrypted"
"Era esperado valores iguais, mas  message é diferente de " + " decrypted"
"Era esperado valores iguais, mas  message é diferente de " + " decrypted"
"Era esperado valores iguais, mas  message é diferente de " + " decrypted"
"Era esperado valores iguais, mas  message é diferente de " + " decrypted"
"Era esperado não nulo, mas " + result30 + " <this.context.getBean(EnableEncryptablePropertiesBeanFactoryPostProcessor.class)> é nulo"
"Era esperado não nulo, mas " + result31 + " <this.context.getBean(EnableEncryptablePropertiesBeanFactoryPostProcessor.class)> é nulo"
"Era esperado valores iguais, mas  'test1' é diferente de " + result32 + " <myProperties.getFooString()>"
"Era esperado valores iguais, mas  'test2' é diferente de " + result33 + " <myProperties.getBarString()>"
"Era esperado não nulo, mas " + result34 + " <myProperties.getFooList()> é nulo"
"Era esperado valores iguais, mas  '[a1, b1]' é diferente de " + result35 + " <myProperties.getFooList().toString()>"
"Era esperado não nulo, mas " + result36 + " <myProperties.getBarList()> é nulo"
"Era esperado valores iguais, mas  '[a2, b2]' é diferente de " + result37 + " <myProperties.getBarList().toString()>"
"Era esperado não nulo, mas " + result38 + " <myProperties.getStringMap()> é nulo"
"Era esperado valores iguais, mas  '{k1=v1}' é diferente de " + result39 + " <myProperties.getStringMap().toString()>"
"Era esperado não nulo, mas " + result40 + " <myProperties.getListMap()> é nulo"
"Era esperado valores iguais, mas  '{k2=[v2]}' é diferente de " + result41 + " <myProperties.getListMap().toString()>"
