"Era esperado arrays iguais, mas " + result0 + " <buildKey('123')> é diferente de " + result1 + " <buildKey(new String('123'))>"
"Era esperado arrays iguais, mas " + result2 + " <buildKey(new byte[] { 1, 2, 3 })> é diferente de " + result3 + " <buildKey(new byte[] { 1, 2, 3 })>"
"Era esperado arrays iguais, mas " + result4 + " <buildKey(123)> é diferente de " + result5 + " <buildKey(123)>"
"Era esperado arrays iguais, mas " + result6 + " <buildKey(123L)> é diferente de " + result7 + " <buildKey(123L)>"
"Era esperado arrays iguais, mas " + result8 + " <buildKey(true)> é diferente de " + result9 + " <buildKey(true)>"
"Era esperado arrays iguais, mas " + result10 + " <buildKey(new Date(123))> é diferente de " + result11 + " <buildKey(new Date(123))>"
"Era esperado arrays iguais, mas " + result12 + " <buildKey(new Date(123))> é diferente de " + result13 + " <buildKey(new Date(123))>"
"Era esperado arrays iguais, mas " + result14 + " <buildKey(c1)> é diferente de " + result15 + " <buildKey(c2)>"
"Era esperado arrays iguais, mas  byteKey é diferente de " + result16 + " <c.buildKey(byteKey)>"
"Era esperado arrays iguais, mas " + result17 + " <strKey.getBytes()> é diferente de " + result18 + " <c.buildKey(strKey)>"
"Era esperado arrays iguais, mas  byteKey é diferente de " + result19 + " <c.buildKey(byteKey)>"
"Era esperado arrays iguais, mas " + result20 + " <strKey.getBytes()> é diferente de " + result21 + " <c.buildKey(strKey)>"
"Era esperado arrays iguais, mas " + result22 + " <convertedKey.getBytes()> é diferente de " + result23 + " <c.buildKey(byteKey)>"
"Era esperado arrays iguais, mas " + result24 + " <convertedKey.getBytes()> é diferente de " + result25 + " <c.buildKey(strKey)>"
"Era esperado arrays iguais, mas " + result26 + " <convertedKey.getBytes()> é diferente de " + result27 + " <c.buildKey('long long long str')>"
"Era esperado arrays iguais, mas " + result28 + " <convertedKey.getBytes()> é diferente de " + result29 + " <c.buildKey(1)>"
"Era esperado arrays iguais, mas " + result30 + " <strKey.getBytes()> é diferente de " + result31 + " <c.buildKey(strKey.getBytes())>"
"Era esperado arrays iguais, mas " + result32 + " <strKey.getBytes()> é diferente de " + result33 + " <c.buildKey(strKey.getBytes())>"
"Era esperado arrays iguais, mas " + result34 + " <strKey.getBytes()> é diferente de " + result35 + " <c.buildKey(strKey.getBytes())>"
"Era esperado valores iguais, mas " + result36 + " <target.count()> é diferente de " + result37 + " <target.count()>"
"Era esperado valores diferentes, mas " + result38 + " <service.notCachedCount()> é igual a " + result39 + " <service.notCachedCount()>"
"Era esperado valores iguais, mas " + result40 + " <service.countWithAnnoOnClass()> é diferente de " + result41 + " <service.countWithAnnoOnClass()>"
"Era esperado valores iguais, mas " + result42 + " <service.countWithAnnoOnInterface()> é diferente de " + result43 + " <service.countWithAnnoOnInterface()>"
"Era esperado valores diferentes, mas " + result44 + " <service.enableCacheWithNoCacheCount(bean)> é igual a " + result45 + " <service.enableCacheWithNoCacheCount(bean)>"
"Era esperado valores iguais, mas " + result46 + " <service.enableCacheWithAnnoOnClass(bean)> é diferente de " + result47 + " <service.enableCacheWithAnnoOnClass(bean)>"
"Era esperado valores iguais, mas " + result48 + " <service.enableCacheWithAnnoOnInterface(bean)> é diferente de " + result49 + " <service.enableCacheWithAnnoOnInterface(bean)>"
"Era esperado valores iguais, mas  v1 é diferente de " + result50 + " <service.count('K1')>"
"Era esperado valores diferentes, mas  v1 é igual a " + " v2"
"Era esperado valores iguais, mas  v2 é diferente de " + result51 + " <service.count('K1')>"
"Era esperado valores iguais, mas  200 é diferente de " + result52 + " <service.count('K1')>"
"Era esperado valores iguais, mas  200 é diferente de " + result53 + " <service.count('K1')>"
"Era esperado valores iguais, mas " + result54 + " <service.count('K1')> é diferente de " + result55 + " <service.count('K1')>"
"Era esperado valores diferentes, mas " + result56 + " <service.count('K1')> é igual a " + result57 + " <service.count('K2')>"
"Era esperado valores diferentes, mas " + result58 + " <bean.noCacheCount()> é igual a " + result59 + " <bean.noCacheCount()>"
"Era esperado valores iguais, mas " + result60 + " <bean.staticCount()> é diferente de " + result61 + " <bean.staticCount()>"
"Era esperado valores iguais, mas " + result62 + " <bean.count()> é diferente de " + result63 + " <bean.count()>"
"Era esperado valores iguais, mas " + result64 + " <bean.countWithLocalCache()> é diferente de " + result65 + " <bean.countWithLocalCache()>"
"Era esperado valores iguais, mas " + result66 + " <bean.countWithBoth()> é diferente de " + result67 + " <bean.countWithBoth()>"
"Era esperado valores diferentes, mas " + result68 + " <bean.countWithDisabledCache()> é igual a " + result69 + " <bean.countWithDisabledCache()>"
"Era esperado valores iguais, mas  x é diferente de " + result70 + " <bean.countWithExpire50()>"
"Era esperado valores diferentes, mas  x é igual a " + result71 + " <bean.countWithExpire50()>"
"Era esperado valores diferentes, mas  x1 é igual a " + " x2"
"Era esperado valores iguais, mas  x1 é diferente de " + " x3"
"Era esperado valores diferentes, mas  x1 é igual a " + " x2"
"Era esperado valores iguais, mas  x1 é diferente de " + " x3"
"Era esperado valores diferentes, mas  x1 é igual a " + " x2"
"Era esperado valores iguais, mas  x1 é diferente de " + " x3"
"Era esperado valores diferentes, mas  x1 é igual a " + " x2"
"Era esperado valores iguais, mas  x1 é diferente de " + " x3"
"Era esperado valores iguais, mas " + result72 + " <bean.countEnabledWithConfigBean()> é diferente de " + result73 + " <bean.countEnabledWithConfigBean()>"
"Era esperado valores diferentes, mas " + result74 + " <bean.countDisabledWithConfigBean()> é igual a " + result75 + " <bean.countDisabledWithConfigBean()>"
"Era esperado valores diferentes, mas " + result76 + " <bean.countWithWrongCondition()> é igual a " + result77 + " <bean.countWithWrongCondition()>"
"Era esperado valores iguais, mas " + result78 + " <bean.count(true)> é diferente de " + result79 + " <bean.count(true)>"
"Era esperado valores diferentes, mas " + result80 + " <bean.count(false)> é igual a " + result81 + " <bean.count(false)>"
"Era esperado valores diferentes, mas " + result82 + " <bean.count()> é igual a " + result83 + " <bean.count1()>"
"Era esperado valores iguais, mas " + result84 + " <bean.namedCount1_WithNameN1()> é diferente de " + result85 + " <bean.namedCount1_WithNameN1()>"
"Era esperado valores iguais, mas " + result86 + " <bean.namedCount1_WithNameN1()> é diferente de " + result87 + " <bean.namedCount2_WithNameN1()>"
"Era esperado valores diferentes, mas " + result88 + " <bean.namedCount1_WithNameN1()> é igual a " + result89 + " <bean.namedCount_WithNameN2()>"
"Era esperado valores iguais, mas " + result90 + " <bean.namedCount_WithNameN2()> é diferente de " + result91 + " <bean.namedCount_WithNameN2()>"
"Era esperado valores iguais, mas  v1 é diferente de " + result92 + " <bean.count('K1')>"
"Era esperado valores diferentes, mas  v1 é igual a " + " v2"
"Era esperado valores iguais, mas  v2 é diferente de " + result93 + " <bean.count('K1')>"
"Era esperado valores iguais, mas  200 é diferente de " + result94 + " <bean.count('K1')>"
"Era esperado valores iguais, mas  200 é diferente de " + result95 + " <bean.count('K1')>"
"Era esperado valores iguais, mas " + result96 + " <bean.count('K1')> é diferente de " + result97 + " <bean.count('K1')>"
"Era esperado valores diferentes, mas " + result98 + " <bean.count('K1')> é igual a " + result99 + " <bean.count('K2')>"
"Era esperado objetos iguais, mas  c é diferente de " + " c2"
"Era esperado valores iguais, mas  CacheResultCode.NOT_EXISTS é diferente de " + result100 + " <cache.GET('BASE_K1').getResultCode()>"
"Era esperado valores iguais, mas  CacheResultCode.SUCCESS é diferente de " + result101 + " <cache.PUT('BASE_K1', 'V1', 10, TimeUnit.SECONDS).getResultCode()>"
"Era esperado valores iguais, mas  CacheResultCode.SUCCESS é diferente de " + result102 + " <cache.GET('BASE_K1').getResultCode()>"
"Era esperado valores iguais, mas  'V1' é diferente de " + result103 + " <cache.GET('BASE_K1').getValue()>"
"Era esperado valores iguais, mas  CacheResultCode.SUCCESS é diferente de " + result104 + " <cache.PUT('BASE_K1', 'V2', 10, TimeUnit.SECONDS).getResultCode()>"
"Era esperado valores iguais, mas  'V2' é diferente de " + result105 + " <cache.GET('BASE_K1').getValue()>"
"Era esperado valores iguais, mas  CacheResultCode.SUCCESS é diferente de " + result106 + " <cache.REMOVE('BASE_K1').getResultCode()>"
"Era esperado valores iguais, mas  CacheResultCode.NOT_EXISTS é diferente de " + result107 + " <cache.GET('BASE_K1').getResultCode()>"
"Era esperado verdadeiro, mas " + result108 + " <r.isSuccess()> é falso"
"Era esperado nulo, mas " + result109 + " <r.getValue()> não é nulo"
"Era esperado nulo, mas " + result110 + " <cache.get(null)> não é nulo"
"Era esperado valores iguais, mas  CacheResultCode.FAIL é diferente de " + result111 + " <cache.GET(null).getResultCode()>"
"Era esperado valores iguais, mas  CacheResult.MSG_ILLEGAL_ARGUMENT é diferente de " + result112 + " <cache.GET(null).getMessage()>"
"Era esperado nulo, mas " + result113 + " <cache.getAll(null)> não é nulo"
"Era esperado valores iguais, mas  CacheResultCode.FAIL é diferente de " + result114 + " <cache.GET_ALL(null).getResultCode()>"
"Era esperado valores iguais, mas  CacheResult.MSG_ILLEGAL_ARGUMENT é diferente de " + result115 + " <cache.GET_ALL(null).getMessage()>"
"Era esperado valores iguais, mas  CacheResultCode.FAIL é diferente de " + result116 + " <cache.PUT(null, 'V1').getResultCode()>"
"Era esperado valores iguais, mas  CacheResult.MSG_ILLEGAL_ARGUMENT é diferente de " + result117 + " <cache.PUT(null, 'V1').getMessage()>"
"Era esperado valores iguais, mas  CacheResultCode.FAIL é diferente de " + result118 + " <cache.PUT(null, 'V1', 1, TimeUnit.SECONDS).getResultCode()>"
"Era esperado valores iguais, mas  CacheResult.MSG_ILLEGAL_ARGUMENT é diferente de " + result119 + " <cache.PUT(null, 'V1', 1, TimeUnit.SECONDS).getMessage()>"
"Era esperado valores iguais, mas  CacheResultCode.FAIL é diferente de " + result120 + " <cache.PUT_ALL(null).getResultCode()>"
"Era esperado valores iguais, mas  CacheResult.MSG_ILLEGAL_ARGUMENT é diferente de " + result121 + " <cache.PUT_ALL(null).getMessage()>"
"Era esperado valores iguais, mas  CacheResultCode.FAIL é diferente de " + result122 + " <cache.PUT_ALL(null, 1, TimeUnit.SECONDS).getResultCode()>"
"Era esperado valores iguais, mas  CacheResult.MSG_ILLEGAL_ARGUMENT é diferente de " + result123 + " <cache.PUT_ALL(null, 1, TimeUnit.SECONDS).getMessage()>"
"Era esperado valores iguais, mas  CacheResultCode.FAIL é diferente de " + result124 + " <cache.REMOVE(null).getResultCode()>"
"Era esperado valores iguais, mas  CacheResult.MSG_ILLEGAL_ARGUMENT é diferente de " + result125 + " <cache.REMOVE(null).getMessage()>"
"Era esperado valores iguais, mas  CacheResultCode.FAIL é diferente de " + result126 + " <cache.REMOVE_ALL(null).getResultCode()>"
"Era esperado valores iguais, mas  CacheResult.MSG_ILLEGAL_ARGUMENT é diferente de " + result127 + " <cache.REMOVE_ALL(null).getMessage()>"
"Era esperado nulo, mas " + result128 + " <cache.tryLock(null, 1, TimeUnit.SECONDS)> não é nulo"
"Era esperado verdadeiro, mas " + result129 + " <r.isSuccess()> é falso"
"Era esperado valores iguais, mas  3 é diferente de " + result130 + " <r.getValues().size()>"
"Era esperado verdadeiro, mas " + result131 + " <r.getValues().get(k1).isSuccess()> é falso"
"Era esperado valores iguais, mas  'V1' é diferente de " + result132 + " <r.getValues().get(k1).getValue()>"
"Era esperado verdadeiro, mas " + result133 + " <r.getValues().get(k2).isSuccess()> é falso"
"Era esperado valores iguais, mas  'V2' é diferente de " + result134 + " <r.getValues().get(k2).getValue()>"
"Era esperado valores iguais, mas  CacheResultCode.NOT_EXISTS é diferente de " + result135 + " <r.getValues().get(k3).getResultCode()>"
"Era esperado nulo, mas " + result136 + " <r.getValues().get(k3).getValue()> não é nulo"
"Era esperado valores iguais, mas  2 é diferente de " + result137 + " <map.size()>"
"Era esperado valores iguais, mas  'V1' é diferente de " + result138 + " <map.get(k1)>"
"Era esperado valores iguais, mas  'V2' é diferente de " + result139 + " <map.get(k2)>"
"Era esperado nulo, mas " + result140 + " <map.get(k3)> não é nulo"
"Era esperado valores iguais, mas  0 é diferente de " + result141 + " <cache.getAll(Collections.emptySet()).size()>"
"Era esperado verdadeiro, mas " + result142 + " <cache.PUT_ALL(m).isSuccess()> é falso"
"Era esperado valores iguais, mas  'V1' é diferente de " + result143 + " <cache.get(k1)>"
"Era esperado valores iguais, mas  'V2' é diferente de " + result144 + " <cache.get(k2)>"
"Era esperado valores iguais, mas  'V3' é diferente de " + result145 + " <cache.get(k3)>"
"Era esperado valores iguais, mas  'V4' é diferente de " + result146 + " <cache.get(k4)>"
"Era esperado valores iguais, mas  'V5' é diferente de " + result147 + " <cache.get(k5)>"
"Era esperado valores iguais, mas  'V6' é diferente de " + result148 + " <cache.get(k6)>"
"Era esperado verdadeiro, mas " + result149 + " <cache.PUT_ALL(m, 5000, TimeUnit.MILLISECONDS).isSuccess()> é falso"
"Era esperado valores iguais, mas  'V7' é diferente de " + result150 + " <cache.get(k7)>"
"Era esperado valores iguais, mas  'V8' é diferente de " + result151 + " <cache.get(k8)>"
"Era esperado valores iguais, mas  'V9' é diferente de " + result152 + " <cache.get(k9)>"
"Era esperado valores iguais, mas  'V77' é diferente de " + result153 + " <cache.get(k7)>"
"Era esperado valores iguais, mas  'V88' é diferente de " + result154 + " <cache.get(k8)>"
"Era esperado valores iguais, mas  'V99' é diferente de " + result155 + " <cache.get(k9)>"
"Era esperado nulo, mas " + result156 + " <cache.get(k1)> não é nulo"
"Era esperado nulo, mas " + result157 + " <cache.get(k2)> não é nulo"
"Era esperado não nulo, mas " + result158 + " <cache.get(k3)> é nulo"
"Era esperado verdadeiro, mas " + result159 + " <cache.REMOVE_ALL(s).isSuccess()> é falso"
"Era esperado nulo, mas " + result160 + " <cache.get(k1)> não é nulo"
"Era esperado nulo, mas " + result161 + " <cache.get(k2)> não é nulo"
"Era esperado nulo, mas " + result162 + " <cache.get(k3)> não é nulo"
"Era esperado verdadeiro, mas " + result163 + " <cache.putIfAbsent('PIA_K1', 'V1')> é falso"
"Era esperado valores iguais, mas  'V1' é diferente de " + result164 + " <cache.get('PIA_K1')>"
"Era esperado verdadeiro, mas " + result165 + " <cache.remove('PIA_K1')> é falso"
"Era esperado valores iguais, mas  CacheResultCode.SUCCESS é diferente de " + result166 + " <cache.PUT_IF_ABSENT('PIA_K2', 'V2', 10, TimeUnit.SECONDS).getResultCode()>"
"Era esperado valores iguais, mas  CacheResultCode.EXISTS é diferente de " + result167 + " <cache.PUT_IF_ABSENT('PIA_K2', 'V2', 10, TimeUnit.SECONDS).getResultCode()>"
"Era esperado valores iguais, mas  'V2' é diferente de " + result168 + " <cache.get('PIA_K2')>"
"Era esperado verdadeiro, mas " + result169 + " <cache.remove('PIA_K2')> é falso"
"Era esperado valores iguais, mas  CacheResultCode.SUCCESS é diferente de " + result170 + " <cache.PUT_IF_ABSENT('PIA_K3', 'V3', 5, TimeUnit.MILLISECONDS).getResultCode()>"
"Era esperado valores iguais, mas  CacheResultCode.SUCCESS é diferente de " + result171 + " <cache.PUT_IF_ABSENT('PIA_K3', 'V3', 5, TimeUnit.MILLISECONDS).getResultCode()>"
"Era esperado valores iguais, mas  a2 é diferente de " + " fromCache"
"Era esperado valores diferentes, mas  a3 é igual a " + " fromCache"
"Era esperado não nulo, mas " + result172 + " <cache.tryLock('LockKey1', 50, TimeUnit.MILLISECONDS)> é nulo"
"Era esperado nulo, mas " + result173 + " <cache.tryLock('LockKey1', 50, TimeUnit.MILLISECONDS)> não é nulo"
"Era esperado não nulo, mas " + result174 + " <cache.tryLock('LockKey1', 50, TimeUnit.MILLISECONDS)> é nulo"
"Era esperado valores iguais, mas  1 é diferente de " + " runCount[0]"
"Era esperado valores iguais, mas  1 é diferente de " + " runCount[1]"
"Era esperado valores iguais, mas  CacheResultCode.SUCCESS é diferente de " + result175 + " <cache.PUT('EXPIRE_A_K1', 'V1').getResultCode()>"
"Era esperado valores iguais, mas  CacheResultCode.SUCCESS é diferente de " + result176 + " <r.getResultCode()>"
"Era esperado valores iguais, mas  'V1' é diferente de " + result177 + " <r.getValue()>"
"Era esperado valores iguais, mas  CacheResultCode.SUCCESS é diferente de " + result178 + " <r.getResultCode()>"
"Era esperado valores iguais, mas  'V1' é diferente de " + result179 + " <r.getValue()>"
"Era esperado verdadeiro, mas o valor obtido é falso"
"Era esperado nulo, mas " + result180 + " <r.getValue()> não é nulo"
"Era esperado valores iguais, mas  'V1' é diferente de " + result181 + " <cache.get(key)>"
"Era esperado valores iguais, mas  'V1' é diferente de " + result182 + " <cache.get(key)>"
"Era esperado valores iguais, mas  'V1' é diferente de " + result183 + " <cache.get(key)>"
"Era esperado verdadeiro, mas o valor obtido é falso"
"Era esperado nulo, mas " + result184 + " <r.getValue()> não é nulo"
"Era esperado valores iguais, mas  'V1' é diferente de " + result185 + " <cache.get(d2)>"
"Era esperado nulo, mas " + result186 + " <cache.get(d3)> não é nulo"
"Era esperado valores iguais, mas " + result187 + " <lockAtommicCount1.get()> é diferente de " + result188 + " <lockCount1.get()>"
"Era esperado valores iguais, mas " + result189 + " <lockAtommicCount2.get()> é diferente de " + result190 + " <lockCount2.get()>"
"Era esperado valores iguais, mas  3 é diferente de " + result191 + " <loadSuccess.get()>"
"Era esperado valores iguais, mas  2 + 3 é diferente de " + result192 + " <getFailCount.get()>"
"Era esperado nulo, mas o valor obtido não é nulo"
"Era esperado valores iguais, mas  'V' é diferente de " + " v"
"Era esperado valores iguais, mas  2 é diferente de " + result193 + " <loadSuccess.intValue()>"
"Era esperado valores iguais, mas  2 é diferente de " + result194 + " <loadSuccess.intValue()>"
"Era esperado valores iguais, mas  'V1' é diferente de " + result195 + " <l1Cache.get('SIMPLE_K1')>"
"Era esperado valores iguais, mas  'V1' é diferente de " + result196 + " <l2Cache.get('SIMPLE_K1')>"
"Era esperado valores iguais, mas  'V2' é diferente de " + result197 + " <cache.get('SIMPLE_K2')>"
"Era esperado nulo, mas " + result198 + " <l2Cache.get('SIMPLE_K2')> não é nulo"
"Era esperado nulo, mas " + result199 + " <l1Cache.get('SIMPLE_K3')> não é nulo"
"Era esperado valores iguais, mas  'V3' é diferente de " + result200 + " <cache.get('SIMPLE_K3')>"
"Era esperado valores iguais, mas  'V3' é diferente de " + result201 + " <l1Cache.get('SIMPLE_K3')>"
"Era esperado verdadeiro, mas o valor obtido é falso"
"Era esperado verdadeiro, mas o valor obtido é falso"
"Era esperado verdadeiro, mas " + result202 + " <multiResult.isSuccess()> é falso"
"Era esperado verdadeiro, mas " + result203 + " <multiResult.getValues().get('MIX_K1').isSuccess()> é falso"
"Era esperado valores iguais, mas  'V1' é diferente de " + result204 + " <multiResult.getValues().get('MIX_K1').getValue()>"
"Era esperado verdadeiro, mas o valor obtido é falso"
"Era esperado verdadeiro, mas " + result205 + " <multiResult.getValues().get('MIX_K2').isSuccess()> é falso"
"Era esperado nulo, mas " + result206 + " <multiResult.getValues().get('MIX_K2').getValue()> não é nulo"
"Era esperado verdadeiro, mas o valor obtido é falso"
"Era esperado nulo, mas " + result207 + " <multiResult.getValues().get('MIX_K3').getValue()> não é nulo"
"Era esperado nulo, mas " + result208 + " <multiResult.getValues().get('MIX_K3').getHolder()> não é nulo"
"Era esperado verdadeiro, mas o valor obtido é falso"
"Era esperado nulo, mas " + result209 + " <r2.getHolder().getValue()> não é nulo"
"Era esperado verdadeiro, mas " + result210 + " <multiResult.isSuccess()> é falso"
"Era esperado verdadeiro, mas " + result211 + " <multiResult.getValues().get('MIX_K1').isSuccess()> é falso"
"Era esperado valores iguais, mas  'V1' é diferente de " + result212 + " <multiResult.getValues().get('MIX_K1').getValue()>"
"Era esperado verdadeiro, mas o valor obtido é falso"
"Era esperado verdadeiro, mas " + result213 + " <multiResult.getValues().get('MIX_K2').isSuccess()> é falso"
"Era esperado nulo, mas " + result214 + " <multiResult.getValues().get('MIX_K2').getValue()> não é nulo"
"Era esperado nulo, mas " + result215 + " <multiResult.getValues().get('MIX_K2').getHolder().getValue()> não é nulo"
"Era esperado nulo, mas " + result216 + " <multiResult.getValues().get('MIX_K3').getValue()> não é nulo"
"Era esperado nulo, mas " + result217 + " <multiResult.getValues().get('MIX_K3').getHolder()> não é nulo"
"Era esperado valores iguais, mas  'V1' é diferente de " + result218 + " <c1.get('K')>"
"Era esperado valores iguais, mas  CacheResultCode.FAIL é diferente de " + result219 + " <cr.getResultCode()>"
"Era esperado nulo, mas " + result220 + " <cr.getValue()> não é nulo"
"Era esperado valores iguais, mas  CacheResultCode.FAIL é diferente de " + result221 + " <cr.getResultCode()>"
"Era esperado nulo, mas " + result222 + " <cr.getValue()> não é nulo"
"Era esperado valores iguais, mas  CacheResultCode.FAIL é diferente de " + result223 + " <cr.getResultCode()>"
"Era esperado nulo, mas " + result224 + " <cr.getValues()> não é nulo"
"Era esperado valores iguais, mas  CacheResultCode.FAIL é diferente de " + result225 + " <cr.getResultCode()>"
"Era esperado nulo, mas " + result226 + " <cr.getValues()> não é nulo"
"Era esperado valores iguais, mas  CacheResultCode.FAIL é diferente de " + result227 + " <cr.getResultCode()>"
"Era esperado valores iguais, mas  CacheResultCode.FAIL é diferente de " + result228 + " <cr.getResultCode()>"
"Era esperado valores iguais, mas  CacheResultCode.FAIL é diferente de " + result229 + " <cr.getResultCode()>"
"Era esperado valores iguais, mas  'XXX' é diferente de " + result230 + " <cr.getMessage()>"
"Era esperado valores iguais, mas  CacheResultCode.FAIL é diferente de " + result231 + " <cr.getResultCode()>"
"Era esperado valores iguais, mas  CacheResultCode.FAIL é diferente de " + result232 + " <cr.getResultCode()>"
"Era esperado valores iguais, mas  CacheResultCode.FAIL é diferente de " + result233 + " <cr.getResultCode()>"
"Era esperado valores iguais, mas  CacheResultCode.FAIL é diferente de " + result234 + " <cr.getResultCode()>"
"Era esperado valores iguais, mas  CacheResultCode.FAIL é diferente de " + result235 + " <cr.getResultCode()>"
"Era esperado valores iguais, mas  CacheResultCode.FAIL é diferente de " + result236 + " <cr.getResultCode()>"
"Era esperado valores iguais, mas  CacheResultCode.FAIL é diferente de " + result237 + " <cr.getResultCode()>"
"Era esperado valores iguais, mas  CacheResultCode.FAIL é diferente de " + result238 + " <cr.getResultCode()>"
"Era esperado valores iguais, mas  CacheResultCode.FAIL é diferente de " + result239 + " <cr.getResultCode()>"
"Era esperado valores iguais, mas  CacheResultCode.FAIL é diferente de " + result240 + " <cr.getResultCode()>"
"Era esperado valores iguais, mas  'XXX' é diferente de " + result241 + " <cr.getMessage()>"
"Era esperado valores iguais, mas  'V1' é diferente de " + result242 + " <cache.get('K1')>"
"Era esperado valores iguais, mas  'V1' é diferente de " + result243 + " <cache.get('K1')>"
"Era esperado valores iguais, mas  CacheResultCode.FAIL é diferente de " + result244 + " <cr.getResultCode()>"
"Era esperado nulo, mas " + result245 + " <cr.getValue()> não é nulo"
"Era esperado valores iguais, mas  CacheResultCode.FAIL é diferente de " + result246 + " <cr.getResultCode()>"
"Era esperado nulo, mas " + result247 + " <cr.getValues()> não é nulo"
"Era esperado valores iguais, mas  CacheResultCode.FAIL é diferente de " + result248 + " <cr.getResultCode()>"
"Era esperado valores iguais, mas  CacheResultCode.FAIL é diferente de " + result249 + " <cr.getResultCode()>"
"Era esperado valores iguais, mas  'XXX' é diferente de " + result250 + " <cr.getMessage()>"
"Era esperado valores iguais, mas  CacheResultCode.FAIL é diferente de " + result251 + " <cr.getResultCode()>"
"Era esperado valores iguais, mas  CacheResultCode.FAIL é diferente de " + result252 + " <cr.getResultCode()>"
"Era esperado valores iguais, mas  CacheResultCode.FAIL é diferente de " + result253 + " <cr.getResultCode()>"
"Era esperado valores iguais, mas  CacheResultCode.FAIL é diferente de " + result254 + " <cr.getResultCode()>"
"Era esperado valores iguais, mas  CacheResultCode.FAIL é diferente de " + result255 + " <cr.getResultCode()>"
"Era esperado valores iguais, mas  'XXX' é diferente de " + result256 + " <cr.getMessage()>"
"Era esperado verdadeiro, mas " + result257 + " <result.isSuccess()> é falso"
"Era esperado arrays iguais, mas  bs é diferente de " + " (byte[]) codec.decodeKey(codec.encodeKey(bs))"
"Era esperado arrays iguais, mas  bs é diferente de " + " (byte[]) codec.decodeValue(codec.encodeValue(bs))"
"Era esperado verdadeiro, mas o valor obtido é falso"
"Era esperado valores iguais, mas  'V1' é diferente de " + result258 + " <cache.get('readFromSlaveTest_K1')>"
"Era esperado valores iguais, mas  'V1' é diferente de " + result259 + " <cache.get('readFromSlaveTest_K1')>"
"Era esperado valores iguais, mas  'V1' é diferente de " + result260 + " <cache.get('readFromSlaveTest_K1')>"
"Era esperado valores iguais, mas  'V1' é diferente de " + result261 + " <cache.get('readFromSlaveTest_K1')>"
"Era esperado valores iguais, mas  CacheResultCode.NOT_EXISTS é diferente de " + result262 + " <cache.GET('vetoTest').getResultCode()>"
"Era esperado valores iguais, mas  CacheResultCode.NOT_EXISTS é diferente de " + result263 + " <cache.GET('vetoTest').getResultCode()>"
"Era esperado nulo, mas " + result264 + " <cache.get('nullValueTest_K1')> não é nulo"
"Era esperado valores iguais, mas  1 é diferente de " + result265 + " <monitor.getCacheStat().getGetCount()>"
"Era esperado valores iguais, mas  0 é diferente de " + result266 + " <monitor.getCacheStat().getGetHitCount()>"
"Era esperado valores iguais, mas  1 é diferente de " + result267 + " <monitor.getCacheStat().getGetMissCount()>"
"Era esperado valores iguais, mas  1 é diferente de " + result268 + " <monitor.getCacheStat().getLoadCount()>"
"Era esperado valores iguais, mas  0 é diferente de " + result269 + " <monitor.getCacheStat().getPutCount()>"
"Era esperado nulo, mas " + result270 + " <cache.get('nullValueTest_K1')> não é nulo"
"Era esperado valores iguais, mas  2 é diferente de " + result271 + " <monitor.getCacheStat().getGetCount()>"
"Era esperado valores iguais, mas  0 é diferente de " + result272 + " <monitor.getCacheStat().getGetHitCount()>"
"Era esperado valores iguais, mas  2 é diferente de " + result273 + " <monitor.getCacheStat().getGetMissCount()>"
"Era esperado valores iguais, mas  2 é diferente de " + result274 + " <monitor.getCacheStat().getLoadCount()>"
"Era esperado valores iguais, mas  1 é diferente de " + result275 + " <monitor.getCacheStat().getPutCount()>"
"Era esperado nulo, mas " + result276 + " <cache.get('nullValueTest_K1')> não é nulo"
"Era esperado valores iguais, mas  3 é diferente de " + result277 + " <monitor.getCacheStat().getGetCount()>"
"Era esperado valores iguais, mas  1 é diferente de " + result278 + " <monitor.getCacheStat().getGetHitCount()>"
"Era esperado valores iguais, mas  2 é diferente de " + result279 + " <monitor.getCacheStat().getGetMissCount()>"
"Era esperado valores iguais, mas  2 é diferente de " + result280 + " <monitor.getCacheStat().getLoadCount()>"
"Era esperado valores iguais, mas  1 é diferente de " + result281 + " <monitor.getCacheStat().getPutCount()>"
"Era esperado valores iguais, mas  'LoadingCache_Key1_V0' é diferente de " + result282 + " <cache.get('LoadingCache_Key1')>"
"Era esperado valores iguais, mas  1 é diferente de " + result283 + " <monitor.getCacheStat().getGetCount()>"
"Era esperado valores iguais, mas  0 é diferente de " + result284 + " <monitor.getCacheStat().getGetHitCount()>"
"Era esperado valores iguais, mas  1 é diferente de " + result285 + " <monitor.getCacheStat().getGetMissCount()>"
"Era esperado valores iguais, mas  1 é diferente de " + result286 + " <monitor.getCacheStat().getLoadCount()>"
"Era esperado valores iguais, mas  1 é diferente de " + result287 + " <monitor.getCacheStat().getPutCount()>"
"Era esperado valores iguais, mas  'LoadingCache_Key1_V0' é diferente de " + result288 + " <cache.get('LoadingCache_Key1')>"
"Era esperado valores iguais, mas  2 é diferente de " + result289 + " <monitor.getCacheStat().getGetCount()>"
"Era esperado valores iguais, mas  1 é diferente de " + result290 + " <monitor.getCacheStat().getGetHitCount()>"
"Era esperado valores iguais, mas  1 é diferente de " + result291 + " <monitor.getCacheStat().getGetMissCount()>"
"Era esperado valores iguais, mas  1 é diferente de " + result292 + " <monitor.getCacheStat().getLoadCount()>"
"Era esperado valores iguais, mas  1 é diferente de " + result293 + " <monitor.getCacheStat().getPutCount()>"
"Era esperado valores iguais, mas  'LoadingCache_Key1_V0' é diferente de " + result294 + " <map.get('LoadingCache_Key1')>"
"Era esperado valores iguais, mas  'LoadingCache_Key2_V1' é diferente de " + result295 + " <map.get('LoadingCache_Key2')>"
"Era esperado valores iguais, mas  'LoadingCache_Key3_V2' é diferente de " + result296 + " <map.get('LoadingCache_Key3')>"
"Era esperado valores iguais, mas  5 é diferente de " + result297 + " <monitor.getCacheStat().getGetCount()>"
"Era esperado valores iguais, mas  2 é diferente de " + result298 + " <monitor.getCacheStat().getGetHitCount()>"
"Era esperado valores iguais, mas  3 é diferente de " + result299 + " <monitor.getCacheStat().getGetMissCount()>"
"Era esperado valores iguais, mas  3 é diferente de " + result300 + " <monitor.getCacheStat().getLoadCount()>"
"Era esperado valores iguais, mas  3 é diferente de " + result301 + " <monitor.getCacheStat().getPutCount()>"
"Era esperado verdadeiro, mas o valor obtido é falso"
"Era esperado verdadeiro, mas o valor obtido é falso"
"Era esperado valores iguais, mas  'V1' é diferente de " + result302 + " <cache.get('KK1')>"
"Era esperado nulo, mas " + result303 + " <l1Cache.get('useSubExpire_key')> não é nulo"
"Era esperado valores iguais, mas  'V1' é diferente de " + result304 + " <cache.get('useSubExpire_key')>"
"Era esperado nulo, mas " + result305 + " <l1Cache.get('useSubExpire_key')> não é nulo"
"Era esperado nulo, mas " + result306 + " <l1Cache.get('useSubExpire_key')> não é nulo"
"Era esperado valores iguais, mas  'V2' é diferente de " + result307 + " <cache.getAll(s).get('useSubExpire_key')>"
"Era esperado nulo, mas " + result308 + " <l1Cache.get('useSubExpire_key')> não é nulo"
"Era esperado valores iguais, mas  oldStat.getGetCount() + 1 é diferente de " + result309 + " <m.getCacheStat().getGetCount()>"
"Era esperado valores iguais, mas  oldStat.getGetMissCount() + 1 é diferente de " + result310 + " <m.getCacheStat().getGetMissCount()>"
"Era esperado valores iguais, mas  oldStat.getPutCount() + 1 é diferente de " + result311 + " <m.getCacheStat().getPutCount()>"
"Era esperado valores iguais, mas  oldStat.getGetCount() + 1 é diferente de " + result312 + " <m.getCacheStat().getGetCount()>"
"Era esperado valores iguais, mas  oldStat.getGetHitCount() + 1 é diferente de " + result313 + " <m.getCacheStat().getGetHitCount()>"
"Era esperado valores iguais, mas  oldStat.getRemoveCount() + 1 é diferente de " + result314 + " <m.getCacheStat().getRemoveCount()>"
"Era esperado valores iguais, mas  oldStat.getGetCount() + 1 é diferente de " + result315 + " <m.getCacheStat().getGetCount()>"
"Era esperado valores iguais, mas  oldStat.getGetMissCount() + 1 é diferente de " + result316 + " <m.getCacheStat().getGetMissCount()>"
"Era esperado valores iguais, mas " + result317 + " <oldStat.getPutCount()> é diferente de " + result318 + " <m.getCacheStat().getPutCount()>"
"Era esperado valores iguais, mas  oldStat.getLoadCount() + 1 é diferente de " + result319 + " <m.getCacheStat().getLoadCount()>"
"Era esperado valores iguais, mas  oldStat.getLoadSuccessCount() + 1 é diferente de " + result320 + " <m.getCacheStat().getLoadSuccessCount()>"
"Era esperado valores iguais, mas  oldStat.getGetCount() + 1 é diferente de " + result321 + " <m.getCacheStat().getGetCount()>"
"Era esperado valores iguais, mas  oldStat.getGetMissCount() + 1 é diferente de " + result322 + " <m.getCacheStat().getGetMissCount()>"
"Era esperado valores iguais, mas  oldStat.getPutCount() + 1 é diferente de " + result323 + " <m.getCacheStat().getPutCount()>"
"Era esperado valores iguais, mas  oldStat.getLoadCount() + 1 é diferente de " + result324 + " <m.getCacheStat().getLoadCount()>"
"Era esperado valores iguais, mas  oldStat.getLoadSuccessCount() + 1 é diferente de " + result325 + " <m.getCacheStat().getLoadSuccessCount()>"
"Era esperado valores iguais, mas  oldStat.getGetCount() + 1 é diferente de " + result326 + " <m.getCacheStat().getGetCount()>"
"Era esperado valores iguais, mas  oldStat.getGetHitCount() + 1 é diferente de " + result327 + " <m.getCacheStat().getGetHitCount()>"
"Era esperado valores iguais, mas  oldStat.getRemoveCount() + 1 é diferente de " + result328 + " <m.getCacheStat().getRemoveCount()>"
"Era esperado valores iguais, mas  oldStat.getGetCount() + 1 é diferente de " + result329 + " <m.getCacheStat().getGetCount()>"
"Era esperado valores iguais, mas  oldStat.getGetMissCount() + 1 é diferente de " + result330 + " <m.getCacheStat().getGetMissCount()>"
"Era esperado valores iguais, mas " + result331 + " <oldStat.getPutCount()> é diferente de " + result332 + " <m.getCacheStat().getPutCount()>"
"Era esperado valores iguais, mas  oldStat.getLoadCount() + 1 é diferente de " + result333 + " <m.getCacheStat().getLoadCount()>"
"Era esperado valores iguais, mas  oldStat.getLoadSuccessCount() + 1 é diferente de " + result334 + " <m.getCacheStat().getLoadSuccessCount()>"
"Era esperado valores iguais, mas  oldStat.getGetCount() + 1 é diferente de " + result335 + " <m.getCacheStat().getGetCount()>"
"Era esperado valores iguais, mas  oldStat.getGetMissCount() + 1 é diferente de " + result336 + " <m.getCacheStat().getGetMissCount()>"
"Era esperado valores iguais, mas  oldStat.getPutCount() + 1 é diferente de " + result337 + " <m.getCacheStat().getPutCount()>"
"Era esperado valores iguais, mas  oldStat.getLoadCount() + 1 é diferente de " + result338 + " <m.getCacheStat().getLoadCount()>"
"Era esperado valores iguais, mas  oldStat.getLoadSuccessCount() + 1 é diferente de " + result339 + " <m.getCacheStat().getLoadSuccessCount()>"
"Era esperado valores iguais, mas  oldStat.getGetCount() + 1 é diferente de " + result340 + " <m.getCacheStat().getGetCount()>"
"Era esperado valores iguais, mas  oldStat.getGetHitCount() + 1 é diferente de " + result341 + " <m.getCacheStat().getGetHitCount()>"
"Era esperado valores iguais, mas  oldStat.getRemoveCount() + 1 é diferente de " + result342 + " <m.getCacheStat().getRemoveCount()>"
"Era esperado valores iguais, mas  oldStat.getPutCount() + 2 é diferente de " + result343 + " <m.getCacheStat().getPutCount()>"
"Era esperado valores iguais, mas  oldStat.getGetCount() + 3 é diferente de " + result344 + " <m.getCacheStat().getGetCount()>"
"Era esperado valores iguais, mas  oldStat.getGetHitCount() + 2 é diferente de " + result345 + " <m.getCacheStat().getGetHitCount()>"
"Era esperado valores iguais, mas  oldStat.getGetMissCount() + 1 é diferente de " + result346 + " <m.getCacheStat().getGetMissCount()>"
"Era esperado valores iguais, mas  oldStat.getRemoveCount() + 3 é diferente de " + result347 + " <m.getCacheStat().getRemoveCount()>"
"Era esperado valores iguais, mas  oldStat.getRemoveCount() + 3 é diferente de " + result348 + " <m.getCacheStat().getRemoveSuccessCount()>"
"Era esperado valores iguais, mas  k1 é diferente de " + " k2"
"Era esperado valores iguais, mas " + result349 + " <g.apply(new Object[] { q1 })> é diferente de " + result350 + " <g.apply(new Object[] { q2 })>"
"Era esperado valores iguais, mas " + result351 + " <g.apply(new Object[] { q1 })> é diferente de " + result352 + " <g.apply(new Object[] { q2 })>"
"Era esperado valores iguais, mas " + result353 + " <g.apply(new Object[] { q1 })> é diferente de " + result354 + " <g.apply(new Object[] { q2 })>"
"Era esperado valores iguais, mas " + result355 + " <t.withSecond(34).withNano(0)> é diferente de " + " rt"
"Era esperado valores iguais, mas " + result356 + " <t.withSecond(34).withNano(0)> é diferente de " + " rt"
"Era esperado valores iguais, mas " + result357 + " <t.withMinute(51).withSecond(0).withNano(0)> é diferente de " + " rt"
"Era esperado valores iguais, mas " + result358 + " <t.withMinute(51).withSecond(0).withNano(0)> é diferente de " + " rt"
"Era esperado valores iguais, mas " + result359 + " <t.withMinute(51).withSecond(0).withNano(0)> é diferente de " + " rt"
"Era esperado valores iguais, mas " + result360 + " <t.withMinute(55).withSecond(0).withNano(0)> é diferente de " + " rt"
"Era esperado valores iguais, mas " + result361 + " <t.withDayOfMonth(12).withHour(0).withMinute(0).withSecond(0).withNano(0)> é diferente de " + " rt"
"Era esperado valores iguais, mas " + result362 + " <t.withDayOfMonth(12).withHour(0).withMinute(0).withSecond(0).withNano(0)> é diferente de " + " rt"
"Era esperado valores iguais, mas " + result363 + " <t.withDayOfMonth(12).withHour(0).withMinute(0).withSecond(0).withNano(0)> é diferente de " + " rt"
"Era esperado valores iguais, mas " + result364 + " <t.withDayOfMonth(12).withHour(0).withMinute(0).withSecond(0).withNano(0)> é diferente de " + " rt"
"Era esperado valores iguais, mas " + result365 + " <t.withDayOfMonth(12).withHour(0).withMinute(0).withSecond(0).withNano(0)> é diferente de " + " rt"
"Era esperado valores iguais, mas " + result366 + " <t.withDayOfMonth(12).withHour(0).withMinute(0).withSecond(0).withNano(0)> é diferente de " + " rt"
"Era esperado valores iguais, mas  'V1' é diferente de " + result367 + " <local1.get('K1')>"
"Era esperado valores iguais, mas  'V1' é diferente de " + result368 + " <local2.get('K1')>"
"Era esperado valores iguais, mas  'V2' é diferente de " + result369 + " <local1.get('K1')>"
"Era esperado valores iguais, mas  'V1' é diferente de " + result370 + " <local1.get('K1')>"
"Era esperado valores iguais, mas  'V1' é diferente de " + result371 + " <local2.get('K1')>"
"Era esperado valores iguais, mas  null é diferente de " + result372 + " <local2.get('K1')>"
"Era esperado valores iguais, mas  'V1' é diferente de " + result373 + " <local2.get('K1')>"
"Era esperado valores iguais, mas  'V1' é diferente de " + result374 + " <local1.get('K1')>"
"Era esperado valores iguais, mas  'V2_new' é diferente de " + result375 + " <local1.get('K2')>"
"Era esperado nulo, mas " + result376 + " <decoder.apply(encoder.apply(null))> não é nulo"
"Era esperado valores iguais, mas  '' é diferente de " + result377 + " <decoder.apply(encoder.apply(''))>"
"Era esperado valores iguais, mas  '123' é diferente de " + result378 + " <decoder.apply(encoder.apply('123'))>"
"Era esperado valores iguais, mas  123 é diferente de " + result379 + " <decoder.apply(encoder.apply(123))>"
"Era esperado valores iguais, mas  date é diferente de " + result380 + " <decoder.apply(encoder.apply(date))>"
"Era esperado arrays iguais, mas  new byte[] { 1, 2, 3, -1 } é diferente de " + " (byte[]) decoder.apply(encoder.apply(new byte[] { 1, 2, 3, -1 }))"
"Era esperado valores iguais, mas " + result381 + " <h.getExpireTime()> é diferente de " + result382 + " <h2.getExpireTime()>"
"Era esperado nulo, mas " + result383 + " <h2.getValue()> não é nulo"
"Era esperado valores iguais, mas " + result384 + " <h.getExpireTime()> é diferente de " + result385 + " <h2.getExpireTime()>"
"Era esperado valores iguais, mas  'c' é diferente de " + result386 + " <cm2.getCacheName()>"
"Era esperado nulo, mas " + result387 + " <cm2.getKeys()> não é nulo"
"Era esperado valores iguais, mas  '12' é diferente de " + " cm2.getKeys()[0]"
"Era esperado valores iguais, mas  '34' é diferente de " + " cm2.getKeys()[1]"
"Era esperado valores iguais, mas  '1' é diferente de " + result388 + " <m2.get(1)>"
"Era esperado valores iguais, mas  '2' é diferente de " + result389 + " <m2.get(2)>"
"Era esperado valores iguais, mas  '3' é diferente de " + result390 + " <m2.get(3)>"
"Era esperado valores iguais, mas  '4' é diferente de " + result391 + " <m2.get(4)>"
"Era esperado valores iguais, mas  '5' é diferente de " + result392 + " <m2.get(5)>"
"Era esperado valores iguais, mas  1 é diferente de " + result393 + " <list2.get(0)>"
"Era esperado valores iguais, mas  2 é diferente de " + result394 + " <list2.get(1)>"
"Era esperado valores iguais, mas  3 é diferente de " + result395 + " <list2.get(2)>"
"Era esperado valores iguais, mas  4 é diferente de " + result396 + " <list2.get(3)>"
"Era esperado valores iguais, mas  5 é diferente de " + result397 + " <list2.get(4)>"
"Era esperado verdadeiro, mas " + result398 + " <s2.contains(1)> é falso"
"Era esperado verdadeiro, mas " + result399 + " <s2.contains(2)> é falso"
"Era esperado verdadeiro, mas " + result400 + " <s2.contains(3)> é falso"
"Era esperado verdadeiro, mas " + result401 + " <s2.contains(4)> é falso"
"Era esperado verdadeiro, mas " + result402 + " <s2.contains(5)> é falso"
"Era esperado valores iguais, mas " + result403 + " <q.getId()> é diferente de " + result404 + " <q2.getId()>"
"Era esperado valores iguais, mas " + result405 + " <q.getName()> é diferente de " + result406 + " <q2.getName()>"
"Era esperado valores iguais, mas " + result407 + " <q.getEmail()> é diferente de " + result408 + " <q2.getEmail()>"
"Era esperado objetos iguais, mas " + result409 + " <m.commands(client)> é diferente de " + result410 + " <m.commands(client)>"
"Era esperado objetos iguais, mas " + result411 + " <m.asyncCommands(client)> é diferente de " + result412 + " <m.asyncCommands(client)>"
"Era esperado objetos iguais, mas " + result413 + " <m.reactiveCommands(client)> é diferente de " + result414 + " <m.reactiveCommands(client)>"
"Era esperado objetos iguais, mas " + result415 + " <m.commands(client)> é diferente de " + result416 + " <m.commands(client)>"
"Era esperado objetos iguais, mas " + result417 + " <m.asyncCommands(client)> é diferente de " + result418 + " <m.asyncCommands(client)>"
"Era esperado objetos iguais, mas " + result419 + " <m.reactiveCommands(client)> é diferente de " + result420 + " <m.reactiveCommands(client)>"
"Era esperado objetos diferentes, mas  pool1 é igual a " + result421 + " <((RedisCache) cache).readCommands()>"
"Era esperado objetos diferentes, mas  pool1 é igual a " + result422 + " <((RedisCache) cache).readCommands()>"
"Era esperado objetos diferentes, mas  pool1 é igual a " + result423 + " <((RedisCache) cache).readCommands()>"
"Era esperado objetos diferentes, mas  pool1 é igual a " + result424 + " <((RedisCache) cache).readCommands()>"
"Era esperado não nulo, mas " + result425 + " <l1Cache.get('useSubExpire_key')> é nulo"
"Era esperado não nulo, mas " + result426 + " <l1Cache.get('useSubExpire_key')> é nulo"
"Era esperado valores diferentes, mas  k1 é igual a " + " k3"
"Era esperado valores diferentes, mas  k1 é igual a " + " k2"
"Era esperado valores diferentes, mas " + result427 + " <g.apply(new Object[] { q1 })> é igual a " + result428 + " <g.apply(new Object[] { q2 })>"
"Era esperado valores diferentes, mas " + result429 + " <g.apply(new Object[] { q1 })> é igual a " + result430 + " <g.apply(new Object[] { q2 })>"
"Era esperado nulo, mas " + result431 + " <cache.tryLock(null, 1, TimeUnit.HOURS)> não é nulo"
"Era esperado não nulo, mas  o valor obtido foi nulo"
"Era esperado não nulo, mas " + result432 + " <concreteCache.get('key')> é nulo"
"Era esperado não nulo, mas  o valor obtido foi nulo"
"Era esperado nulo, mas o valor obtido não é nulo"
"Era esperado nulo, mas o valor obtido não é nulo"
"Era esperado nulo, mas o valor obtido não é nulo"
"Era esperado não nulo, mas  o valor obtido foi nulo"
"Era esperado não nulo, mas  o valor obtido foi nulo"
"Era esperado nulo, mas o valor obtido não é nulo"
"Era esperado valores iguais, mas  CacheResultCode.NOT_EXISTS é diferente de " + result433 + " <concreteCache.GET('key').getResultCode()>"
"Era esperado valores iguais, mas  CacheResultCode.NOT_EXISTS é diferente de " + result434 + " <concreteCache.GET('key').getResultCode()>"
"Era esperado não nulo, mas " + result435 + " <concreteCache.get('key')> é nulo"
"Era esperado não nulo, mas " + result436 + " <concreteCache.get('key')> é nulo"
"Era esperado não nulo, mas " + result437 + " <concreteCache.GET('key')> é nulo"
"Era esperado não nulo, mas  o valor obtido foi nulo"
"Era esperado não nulo, mas  o valor obtido foi nulo"
"Era esperado objetos diferentes, mas  t1 é igual a " + " t2"
"Era esperado verdadeiro, mas o valor obtido é falso"
"Era esperado verdadeiro, mas o valor obtido é falso"
"Era esperado verdadeiro, mas o valor obtido é falso"
"Era esperado verdadeiro, mas o valor obtido é falso"
"Era esperado não nulo, mas " + result438 + " <c1.unwrap(RedisClient.class)> é nulo"
"Era esperado valores iguais, mas  20000 é diferente de " + result439 + " <cc1.getExpireAfterWriteInMillis()>"
"Era esperado valores iguais, mas  'V1' é diferente de " + result440 + " <a1SlaveCache.get('K1')>"
"Era esperado não nulo, mas  o valor obtido foi nulo"
"Era esperado não nulo, mas  o valor obtido foi nulo"
"Era esperado verdadeiro, mas " + result441 + " <cache.PUT('K', 'V').isSuccess()> é falso"
"Era esperado valores iguais, mas  8 é diferente de " + result442 + " <configTree.getProperties().size()>"
"Era esperado valores iguais, mas  3 é diferente de " + result443 + " <configTree.subTree('remote.default').getProperties().size()>"
"Era esperado valores iguais, mas  5 é diferente de " + result444 + " <configTree.subTree('remote.A1.').getProperties().size()>"
"Era esperado valores iguais, mas  1 é diferente de " + result445 + " <configTree.subTree('remote.default.uri').getProperties().size()>"
"Era esperado valores iguais, mas  3 é diferente de " + result446 + " <configTree.subTree('remote.A1.uri').getProperties().size()>"
"Era esperado verdadeiro, mas " + result447 + " <configTree.containsProperty('remote.default.type')> é falso"
"Era esperado verdadeiro, mas " + result448 + " <configTree.containsProperty('remote.default.uri')> é falso"
"Era esperado valores iguais, mas  'redis://127.0.0.1:6379/' é diferente de " + result449 + " <configTree.getProperty('remote.default.uri')>"
"Era esperado valores iguais, mas  1 é diferente de " + result450 + " <children.size()>"
"Era esperado verdadeiro, mas " + result451 + " <children.contains('remote')> é falso"
"Era esperado valores iguais, mas  2 é diferente de " + result452 + " <children.size()>"
"Era esperado verdadeiro, mas " + result453 + " <children.contains('default')> é falso"
"Era esperado verdadeiro, mas " + result454 + " <children.contains('A1')> é falso"
"Era esperado valores iguais, mas  0 é diferente de " + result455 + " <children.size()>"
"Era esperado verdadeiro, mas " + result456 + " <cache.PUT('K', 'V').isSuccess()> é falso"
"Era esperado verdadeiro, mas o valor obtido é falso"
"Era esperado verdadeiro, mas o valor obtido é falso"
"Era esperado valores iguais, mas  200 é diferente de " + result457 + " <cc1.getLimit()>"
"Era esperado valores iguais, mas  10000 é diferente de " + result458 + " <cc1.getExpireAfterWriteInMillis()>"
"Era esperado valores iguais, mas  2 é diferente de " + " slavePools.length"
"Era esperado verdadeiro, mas o valor obtido é falso"
"Era esperado verdadeiro, mas o valor obtido é falso"
"Era esperado valores iguais, mas " + result459 + " <cb.getConfig().getExpireAfterWriteInMillis()> é diferente de " + result460 + " <c.config().getExpireAfterWriteInMillis()>"
"Era esperado objetos iguais, mas " + result461 + " <cb.getConfig().getKeyConvertor()> é diferente de " + result462 + " <config.getKeyConvertor()>"
"Era esperado objetos iguais, mas " + result463 + " <cb.getConfig().getValueEncoder()> é diferente de " + result464 + " <config.getValueEncoder()>"
"Era esperado objetos iguais, mas " + result465 + " <cb.getConfig().getValueDecoder()> é diferente de " + result466 + " <config.getValueDecoder()>"
"Era esperado valores iguais, mas " + result467 + " <cb.getConfig().isCacheNullValue()> é diferente de " + result468 + " <config.isCacheNullValue()>"
"Era esperado valores iguais, mas  cb.getConfig().getKeyPrefix() + cacheName é diferente de " + result469 + " <config.getKeyPrefix()>"
"Era esperado valores iguais, mas " + result470 + " <cb.getConfig().isCachePenetrationProtect()> é diferente de " + result471 + " <config.isCachePenetrationProtect()>"
"Era esperado valores iguais, mas " + result472 + " <cb.getConfig().getPenetrationProtectTimeout()> é diferente de " + result473 + " <config.getPenetrationProtectTimeout()>"
"Era esperado nulo, mas " + result474 + " <c.config().getRefreshPolicy()> não é nulo"
"Era esperado valores iguais, mas  2000 é diferente de " + result475 + " <remoteConfig.getExpireAfterWriteInMillis()>"
"Era esperado valores iguais, mas  1000 é diferente de " + result476 + " <localConfig.getExpireAfterWriteInMillis()>"
"Era esperado valores iguais, mas  1 é diferente de " + result477 + " <localConfig.getLimit()>"
"Era esperado objetos iguais, mas  keyConvertor é diferente de " + result478 + " <localConfig.getKeyConvertor()>"
"Era esperado objetos iguais, mas  keyConvertor é diferente de " + result479 + " <remoteConfig.getKeyConvertor()>"
"Era esperado objetos iguais, mas  valueEncoder é diferente de " + result480 + " <remoteConfig.getValueEncoder()>"
"Era esperado objetos iguais, mas  valueDecoder é diferente de " + result481 + " <remoteConfig.getValueDecoder()>"
"Era esperado verdadeiro, mas " + result482 + " <localConfig.isCacheNullValue()> é falso"
"Era esperado verdadeiro, mas " + result483 + " <remoteConfig.isCacheNullValue()> é falso"
"Era esperado valores iguais, mas  cb.getConfig().getKeyPrefix() + CacheConsts.DEFAULT_AREA + '_' + cacheName é diferente de " + result484 + " <remoteConfig.getKeyPrefix()>"
"Era esperado verdadeiro, mas " + result485 + " <multiConfig.isCachePenetrationProtect()> é falso"
"Era esperado valores iguais, mas " + result486 + " <Duration.ofSeconds(20)> é diferente de " + result487 + " <multiConfig.getPenetrationProtectTimeout()>"
"Era esperado objetos iguais, mas  rp é diferente de " + result488 + " <multiConfig.getRefreshPolicy()>"
"Era esperado verdadeiro, mas o valor obtido é falso"
"Era esperado valores iguais, mas  'K1V' é diferente de " + result489 + " <cache.get('K1')>"
"Era esperado valores iguais, mas  'K10' é diferente de " + result490 + " <cache.get('K1')>"
"Era esperado valores iguais, mas " + result491 + " <testBean.count()> é diferente de " + result492 + " <testBean.count()>"
"Era esperado verdadeiro, mas " + result493 + " <cache.PUT('K1', 'V1').isSuccess()> é falso"
"Era esperado valores iguais, mas  'V1' é diferente de " + result494 + " <cache.get('K1')>"
"Era esperado valores iguais, mas " + result495 + " <serviceDelegate.combinedTest1()> é diferente de " + result496 + " <serviceDelegate.combinedTest1()>"
"Era esperado valores iguais, mas " + result497 + " <serviceDelegate.combinedTest2()> é diferente de " + result498 + " <serviceDelegate.combinedTest2()>"
"Era esperado valores iguais, mas " + result499 + " <service.combinedTest1()> é diferente de " + result500 + " <service.combinedTest1()>"
"Era esperado valores iguais, mas " + result501 + " <service.combinedTest2()> é diferente de " + result502 + " <service.combinedTest2()>"
"Era esperado valores iguais, mas  1000 é diferente de " + result503 + " <c1.config().getExpireAfterWriteInMillis()>"
"Era esperado valores iguais, mas  1000 é diferente de " + result504 + " <c2.config().getExpireAfterWriteInMillis()>"
"Era esperado verdadeiro, mas " + result505 + " <pc.matches(C1.class)> é falso"
"Era esperado verdadeiro, mas " + result506 + " <pc.matches(I1.class)> é falso"
"Era esperado verdadeiro, mas " + result507 + " <pc.matches(m1, C1.class)> é falso"
"Era esperado verdadeiro, mas " + result508 + " <pc.matches(m2, C1.class)> é falso"
"Era esperado verdadeiro, mas " + result509 + " <pc.matches(m1, I1.class)> é falso"
"Era esperado verdadeiro, mas " + result510 + " <pc.matches(m2, I1.class)> é falso"
"Era esperado verdadeiro, mas " + result511 + " <pc.matches(m1, o1.getClass())> é falso"
"Era esperado verdadeiro, mas " + result512 + " <pc.matches(m2, o1.getClass())> é falso"
"Era esperado verdadeiro, mas " + result513 + " <pc.matches(o1.getClass().getMethod('foo'), o1.getClass())> é falso"
"Era esperado verdadeiro, mas " + result514 + " <pc.matches(m1, C2.class)> é falso"
"Era esperado verdadeiro, mas " + result515 + " <pc.matches(m2, C2.class)> é falso"
"Era esperado verdadeiro, mas " + result516 + " <pc.matches(m2, I2.class)> é falso"
"Era esperado verdadeiro, mas " + result517 + " <pc.matches(m1, o1.getClass())> é falso"
"Era esperado verdadeiro, mas " + result518 + " <pc.matches(m2, o1.getClass())> é falso"
"Era esperado verdadeiro, mas " + result519 + " <pc.matches(o1.getClass().getMethod('foo'), o1.getClass())> é falso"
"Era esperado verdadeiro, mas " + result520 + " <pc.matches(m1, C3.class)> é falso"
"Era esperado verdadeiro, mas " + result521 + " <pc.matches(m2, C3.class)> é falso"
"Era esperado verdadeiro, mas " + result522 + " <pc.matches(m3, C3.class)> é falso"
"Era esperado verdadeiro, mas " + result523 + " <pc.matches(m1, I3.class)> é falso"
"Era esperado verdadeiro, mas " + result524 + " <pc.matches(m2, I3.class)> é falso"
"Era esperado verdadeiro, mas " + result525 + " <pc.matches(m3, I3.class)> é falso"
"Era esperado verdadeiro, mas " + result526 + " <map.getByMethodInfo(CachePointcut.getKey(m1, I3.class)).isEnableCacheContext()> é falso"
"Era esperado verdadeiro, mas " + result527 + " <map.getByMethodInfo(CachePointcut.getKey(m1, C3.class)).isEnableCacheContext()> é falso"
"Era esperado verdadeiro, mas " + result528 + " <map.getByMethodInfo(CachePointcut.getKey(m2, I3.class)).isEnableCacheContext()> é falso"
"Era esperado verdadeiro, mas " + result529 + " <map.getByMethodInfo(CachePointcut.getKey(m2, C3.class)).isEnableCacheContext()> é falso"
"Era esperado verdadeiro, mas " + result530 + " <map.getByMethodInfo(CachePointcut.getKey(m3, I3.class)).isEnableCacheContext()> é falso"
"Era esperado verdadeiro, mas " + result531 + " <map.getByMethodInfo(CachePointcut.getKey(m3, C3.class)).isEnableCacheContext()> é falso"
"Era esperado valores iguais, mas  'A1' é diferente de " + result532 + " <cac.getArea()>"
"Era esperado valores iguais, mas  false é diferente de " + result533 + " <cac.isEnabled()>"
"Era esperado valores iguais, mas  1 é diferente de " + result534 + " <cac.getExpire()>"
"Era esperado valores iguais, mas  CacheType.BOTH é diferente de " + result535 + " <cac.getCacheType()>"
"Era esperado valores iguais, mas  2 é diferente de " + result536 + " <cac.getLocalLimit()>"
"Era esperado verdadeiro, mas " + result537 + " <pc.matches(m1, C4.class)> é falso"
"Era esperado verdadeiro, mas " + result538 + " <pc.matches(m2, C4.class)> é falso"
"Era esperado verdadeiro, mas " + result539 + " <pc.matches(m1, I4.class)> é falso"
"Era esperado verdadeiro, mas " + result540 + " <pc.matches(m2, I4.class)> é falso"
"Era esperado verdadeiro, mas " + result541 + " <map.getByMethodInfo(CachePointcut.getKey(m1, C4.class)).isEnableCacheContext()> é falso"
"Era esperado verdadeiro, mas " + result542 + " <map.getByMethodInfo(CachePointcut.getKey(m2, I4.class)).isEnableCacheContext()> é falso"
"Era esperado verdadeiro, mas " + result543 + " <map.getByMethodInfo(CachePointcut.getKey(m2, C4.class)).isEnableCacheContext()> é falso"
"Era esperado verdadeiro, mas " + result544 + " <pc.matches(C5.class)> é falso"
"Era esperado verdadeiro, mas " + result545 + " <pc.matches(C5.class.getMethod('bar2'), C5.class)> é falso"
"Era esperado verdadeiro, mas " + result546 + " <pc.matches(m1, C6_2.class)> é falso"
"Era esperado verdadeiro, mas " + result547 + " <pc.matches(m3, I6.class)> é falso"
"Era esperado verdadeiro, mas " + result548 + " <pc.matches(m3, C6_2.class)> é falso"
"Era esperado valores diferentes, mas " + result549 + " <c1.count()> é igual a " + result550 + " <c1.count()>"
"Era esperado valores diferentes, mas " + result551 + " <c1.countWithoutCache()> é igual a " + result552 + " <c1.countWithoutCache()>"
"Era esperado valores iguais, mas " + result553 + " <c2.count()> é diferente de " + result554 + " <c2.count()>"
"Era esperado valores diferentes, mas " + result555 + " <c2.countWithoutCache()> é igual a " + result556 + " <c2.countWithoutCache()>"
"Era esperado valores diferentes, mas " + result557 + " <c1.count()> é igual a " + result558 + " <c1.count()>"
"Era esperado valores diferentes, mas " + result559 + " <c1.countWithoutCache()> é igual a " + result560 + " <c1.countWithoutCache()>"
"Era esperado valores iguais, mas " + result561 + " <c2.count()> é diferente de " + result562 + " <c2.count()>"
"Era esperado valores diferentes, mas " + result563 + " <c2.countWithoutCache()> é igual a " + result564 + " <c2.countWithoutCache()>"
"Era esperado valores iguais, mas " + result565 + " <c2.count()> é diferente de " + result566 + " <c4.count()>"
"Era esperado valores diferentes, mas " + result567 + " <c1.count()> é igual a " + result568 + " <c1.count()>"
"Era esperado valores diferentes, mas " + result569 + " <c1.countWithoutCache()> é igual a " + result570 + " <c1.countWithoutCache()>"
"Era esperado valores iguais, mas " + result571 + " <c2.count()> é diferente de " + result572 + " <c2.count()>"
"Era esperado valores diferentes, mas " + result573 + " <c2.countWithoutCache()> é igual a " + result574 + " <c2.countWithoutCache()>"
"Era esperado valores diferentes, mas " + result575 + " <c1.count()> é igual a " + result576 + " <c1.count()>"
"Era esperado valores diferentes, mas " + result577 + " <c1.countWithoutCache()> é igual a " + result578 + " <c1.countWithoutCache()>"
"Era esperado valores iguais, mas " + result579 + " <c2.count()> é diferente de " + result580 + " <c2.count()>"
"Era esperado valores diferentes, mas " + result581 + " <c2.countWithoutCache()> é igual a " + result582 + " <c2.countWithoutCache()>"
"Era esperado valores diferentes, mas " + result583 + " <c1.count()> é igual a " + result584 + " <c1.count()>"
"Era esperado valores diferentes, mas " + result585 + " <c1.countWithoutCache()> é igual a " + result586 + " <c1.countWithoutCache()>"
"Era esperado valores diferentes, mas " + result587 + " <c2.count()> é igual a " + result588 + " <c2.count()>"
"Era esperado valores diferentes, mas " + result589 + " <c2.countWithoutCache()> é igual a " + result590 + " <c2.countWithoutCache()>"
"Era esperado valores diferentes, mas " + result591 + " <c1.count()> é igual a " + result592 + " <c1.count()>"
"Era esperado valores diferentes, mas " + result593 + " <c1.countWithoutCache()> é igual a " + result594 + " <c1.countWithoutCache()>"
"Era esperado valores iguais, mas " + result595 + " <c2.count()> é diferente de " + result596 + " <c2.count()>"
"Era esperado valores diferentes, mas " + result597 + " <c2.countWithoutCache()> é igual a " + result598 + " <c2.countWithoutCache()>"
"Era esperado valores diferentes, mas " + result599 + " <c2_1.count()> é igual a " + result600 + " <c2_1.count()>"
"Era esperado valores diferentes, mas " + result601 + " <c2_2.countWithoutCache()> é igual a " + result602 + " <c2_2.countWithoutCache()>"
"Era esperado valores iguais, mas " + result603 + " <c2_2.count()> é diferente de " + result604 + " <c2_2.count()>"
"Era esperado valores iguais, mas  v1 é diferente de " + result605 + " <i8_proxy.count('K1')>"
"Era esperado valores diferentes, mas  v1 é igual a " + " v2"
"Era esperado valores iguais, mas  v2 é diferente de " + result606 + " <i8_proxy.count('K1')>"
"Era esperado valores iguais, mas  200 é diferente de " + result607 + " <i8_proxy.count('K1')>"
"Era esperado valores iguais, mas  200 é diferente de " + result608 + " <i8_proxy.count('K1')>"
"Era esperado valores iguais, mas " + result609 + " <i8_proxy.count('K1')> é diferente de " + result610 + " <i8_proxy.count('K1')>"
"Era esperado valores diferentes, mas " + result611 + " <i8_proxy.count('K1')> é igual a " + result612 + " <i8_proxy.count('K2')>"
"Era esperado valores iguais, mas " + result613 + " <i8_proxy.randomUpdate('K1')> é diferente de " + result614 + " <i8_proxy.count('K1')>"
"Era esperado valores iguais, mas " + result615 + " <i8_proxy.randomUpdate2('K1')> é diferente de " + result616 + " <i8_proxy.count('K1')>"
"Era esperado não nulo, mas " + result617 + " <c1.unwrap(com.github.benmanes.caffeine.cache.Cache.class)> é nulo"
"Era esperado não nulo, mas  o valor obtido foi nulo"
"Era esperado não nulo, mas  o valor obtido foi nulo"
"Era esperado não nulo, mas  o valor obtido foi nulo"
"Era esperado não nulo, mas " + result618 + " <map.getByMethodInfo(CachePointcut.getKey(m1, C1.class)).getCachedAnnoConfig()> é nulo"
"Era esperado não nulo, mas " + result619 + " <map.getByMethodInfo(CachePointcut.getKey(m1, I1.class)).getCachedAnnoConfig()> é nulo"
"Era esperado não nulo, mas " + result620 + " <map.getByMethodInfo(CachePointcut.getKey(m2, C1.class)).getCachedAnnoConfig()> é nulo"
"Era esperado não nulo, mas " + result621 + " <map.getByMethodInfo(CachePointcut.getKey(m2, I1.class)).getCachedAnnoConfig()> é nulo"
"Era esperado não nulo, mas " + result622 + " <map.getByMethodInfo(CachePointcut.getKey(m1, C2.class)).getCachedAnnoConfig()> é nulo"
"Era esperado não nulo, mas " + result623 + " <map.getByMethodInfo(CachePointcut.getKey(m2, I2.class)).getCachedAnnoConfig()> é nulo"
"Era esperado não nulo, mas " + result624 + " <map.getByMethodInfo(CachePointcut.getKey(m2, C2.class)).getCachedAnnoConfig()> é nulo"
"Era esperado não nulo, mas " + result625 + " <map.getByMethodInfo(CachePointcut.getKey(m1, I4.class)).getCachedAnnoConfig()> é nulo"
"Era esperado não nulo, mas " + result626 + " <map.getByMethodInfo(CachePointcut.getKey(m1, C4.class)).getCachedAnnoConfig()> é nulo"
"Era esperado não nulo, mas " + result627 + " <map.getByMethodInfo(CachePointcut.getKey(m2, I4.class)).getCachedAnnoConfig()> é nulo"
"Era esperado não nulo, mas " + result628 + " <map.getByMethodInfo(CachePointcut.getKey(m2, C4.class)).getCachedAnnoConfig()> é nulo"
"Era esperado nulo, mas " + result629 + " <cache.get('KEY')> não é nulo"
"Era esperado nulo, mas " + result630 + " <cache.get('KEY1')> não é nulo"
"Era esperado nulo, mas " + result631 + " <cache.get('KEY2')> não é nulo"
"Era esperado nulo, mas " + result632 + " <cache.get('KEY')> não é nulo"
"Era esperado não nulo, mas " + result633 + " <cache.get('KEY')> é nulo"
"Era esperado não nulo, mas " + result634 + " <cache.get('KEY')> é nulo"
"Era esperado não nulo, mas " + result635 + " <cache.get('KEY')> é nulo"
"Era esperado objetos diferentes, mas  t1 é igual a " + " t2"
"Era esperado objetos iguais, mas " + result636 + " <CacheInvokeConfig.getNoCacheInvokeConfigInstance()> é diferente de " + result637 + " <map.getByMethodInfo(CachePointcut.getKey(m1, I2.class))>"
"Era esperado verdadeiro, mas o valor obtido é falso"
"Era esperado verdadeiro, mas o valor obtido é falso"
"Era esperado verdadeiro, mas o valor obtido é falso"
"Era esperado valores iguais, mas  'a_bean' é diferente de " + result638 + " <e.apply(root)>"
"Era esperado valores iguais, mas  '123' é diferente de " + result639 + " <e.apply(root)>"
"Era esperado nulo, mas " + result640 + " <e.apply(root)> não é nulo"
"Era esperado valores iguais, mas  3 é diferente de " + " is.length"
"Era esperado nulo, mas " + result641 + " <ClassUtil.getShortClassName(null)> não é nulo"
"Era esperado valores iguais, mas  'j.l.String' é diferente de " + result642 + " <ClassUtil.getShortClassName('java.lang.String')>"
"Era esperado valores iguais, mas  'String' é diferente de " + result643 + " <ClassUtil.getShortClassName('String')>"
"Era esperado valores iguais, mas  s1 é diferente de " + " s2"
"Era esperado valores iguais, mas  s1 é diferente de " + " s2"
"Era esperado valores iguais, mas  s1 é diferente de " + " s2"
"Era esperado valores iguais, mas  x1 é diferente de " + " x2"
"Era esperado valores iguais, mas  x1 é diferente de " + " x3"
"Era esperado valores iguais, mas  X1 é diferente de " + " X3"
"Era esperado valores iguais, mas  X2 é diferente de " + " X4"
"Era esperado valores iguais, mas  x1 é diferente de " + " x4"
"Era esperado valores iguais, mas  x2 é diferente de " + " x5"
"Era esperado valores iguais, mas  x3 é diferente de " + " x6"
"Era esperado nulo, mas o valor obtido não é nulo"
"Era esperado não nulo, mas  o valor obtido foi nulo"
"Era esperado não nulo, mas  o valor obtido foi nulo"
"Era esperado valores iguais, mas  x2 é diferente de " + " x3"
"Era esperado nulo, mas o valor obtido não é nulo"
"Era esperado nulo, mas o valor obtido não é nulo"
"Era esperado nulo, mas o valor obtido não é nulo"
"Era esperado valores diferentes, mas  x1 é igual a " + " x2"
"Era esperado valores iguais, mas  x1 é diferente de " + " x2"
"Era esperado valores diferentes, mas  x1 é igual a " + " x2"
"Era esperado valores iguais, mas  x2 é diferente de " + " x3"
"Era esperado valores iguais, mas  x1 é diferente de " + " x2"
"Era esperado valores diferentes, mas  x1 é igual a " + " x2"
"Era esperado verdadeiro, mas o valor obtido é falso"
"Era esperado verdadeiro, mas o valor obtido é falso"
"Era esperado valores iguais, mas  x1 é diferente de " + " x2"
"Era esperado valores iguais, mas  x1 é diferente de " + " x3"
"Era esperado valores iguais, mas  x1 é diferente de " + " x2"
"Era esperado valores diferentes, mas  x1 é igual a " + " x2"
"Era esperado valores iguais, mas  x1 é diferente de " + " x2"
"Era esperado verdadeiro, mas " + result644 + " <ExpressionUtil.evalCondition(context, cachedAnnoConfig)> é falso"
"Era esperado verdadeiro, mas " + result645 + " <ExpressionUtil.evalCondition(context, cachedAnnoConfig)> é falso"
"Era esperado verdadeiro, mas " + result646 + " <ExpressionUtil.evalCondition(context, cachedAnnoConfig)> é falso"
"Era esperado verdadeiro, mas " + result647 + " <ExpressionUtil.evalPostCondition(context, cachedAnnoConfig)> é falso"
"Era esperado verdadeiro, mas " + result648 + " <ExpressionUtil.evalPostCondition(context, cachedAnnoConfig)> é falso"
"Era esperado verdadeiro, mas " + result649 + " <ExpressionUtil.evalPostCondition(context, cachedAnnoConfig)> é falso"
"Era esperado valores iguais, mas  5678 é diferente de " + result650 + " <ExpressionUtil.evalKey(context, cachedAnnoConfig)>"
"Era esperado nulo, mas " + result651 + " <ExpressionUtil.evalKey(context, cachedAnnoConfig)> não é nulo"
"Era esperado valores iguais, mas  5678 é diferente de " + result652 + " <ExpressionUtil.evalValue(context, updateAnnoConfig)>"
"Era esperado nulo, mas " + result653 + " <ExpressionUtil.evalValue(context, updateAnnoConfig)> não é nulo"
"Era esperado não nulo, mas " + result654 + " <cic.getCachedAnnoConfig()> é nulo"
"Era esperado nulo, mas " + result655 + " <cic.getCachedAnnoConfig().getRefreshPolicy()> não é nulo"
"Era esperado não nulo, mas " + result656 + " <cic.getCachedAnnoConfig()> é nulo"
"Era esperado não nulo, mas " + result657 + " <cic.getCachedAnnoConfig().getRefreshPolicy()> é nulo"
"Era esperado verdadeiro, mas " + result658 + " <cic.isEnableCacheContext()> é falso"
"Era esperado não nulo, mas " + result659 + " <cic.getInvalidateAnnoConfigs()> é nulo"
"Era esperado não nulo, mas " + result660 + " <cic.getUpdateAnnoConfig()> é nulo"
"Era esperado não nulo, mas " + result661 + " <cic.getInvalidateAnnoConfigs()> é nulo"
"Era esperado não nulo, mas " + result662 + " <cic.getUpdateAnnoConfig()> é nulo"
"Era esperado não nulo, mas " + result663 + " <cic.getInvalidateAnnoConfigs()> é nulo"
"Era esperado valores iguais, mas  2 é diferente de " + result664 + " <cic.getInvalidateAnnoConfigs().size()>"
"Era esperado valores iguais, mas  'a_bean' é diferente de " + result665 + " <e.apply(new RootObject())>"
"Era esperado valores iguais, mas  1000 é diferente de " + result666 + " <cache.get('K1')>"
"Era esperado valores iguais, mas  1000 é diferente de " + result667 + " <cache.get('K1')>"
"Era esperado valores iguais, mas  'V' é diferente de " + result668 + " <cache.get('K1')>"
"Era esperado valores iguais, mas  'V' é diferente de " + result669 + " <cache.get('K1')>"
"Era esperado valores iguais, mas  'V' é diferente de " + result670 + " <cache.get('K1')>"
"Era esperado valores iguais, mas  'V' é diferente de " + result671 + " <cache.get('K1')>"
"Era esperado valores iguais, mas  2 é diferente de " + result672 + " <cacheManager.getCacheBuilderTemplate().getCacheMonitorInstallers().size()>"
"Era esperado valores iguais, mas  2 é diferente de " + result673 + " <monitors.size()>"
"Era esperado valores iguais, mas  'K1' é diferente de " + " MockRemoteCacheBuilder.getLastPublishMessage().getKeys()[0]"
"Era esperado valores iguais, mas  s1 é diferente de " + " s2"
"Era esperado valores iguais, mas  s1 é diferente de " + " s2"
"Era esperado valores iguais, mas  s1 é diferente de " + " s2"
"Era esperado valores iguais, mas  s1 é diferente de " + " s2"
"Era esperado valores iguais, mas  'Foo' é diferente de " + result674 + " <g.removeHiddenPackage(hs, 'com.foo.Foo')>"
"Era esperado valores iguais, mas  'foo.Bar' é diferente de " + result675 + " <g.removeHiddenPackage(hs, 'com.bar.foo.Bar')>"
"Era esperado valores iguais, mas  '' é diferente de " + result676 + " <g.removeHiddenPackage(hs, 'com.foo')>"
"Era esperado valores iguais, mas  'com.bar.foo.Bar' é diferente de " + result677 + " <g.removeHiddenPackage(null, 'com.bar.foo.Bar')>"
"Era esperado valores iguais, mas  null é diferente de " + result678 + " <g.removeHiddenPackage(hs, null)>"
"Era esperado valores iguais, mas  JavaValueEncoder.class é diferente de " + result679 + " <parser.parseEncoder('java').getClass()>"
"Era esperado objetos iguais, mas  func é diferente de " + result680 + " <parser.parseEncoder('bean:myBean')>"
"Era esperado objetos iguais, mas  func é diferente de " + result681 + " <parser.parseEncoder('bean:sp')>"
"Era esperado valores iguais, mas  KryoValueDecoder.class é diferente de " + result682 + " <parser.parseDecoder('kryo').getClass()>"
"Era esperado objetos iguais, mas  func é diferente de " + result683 + " <parser.parseDecoder('bean:myBean')>"
"Era esperado objetos iguais, mas  func é diferente de " + result684 + " <parser.parseDecoder('bean:sp')>"
"Era esperado objetos iguais, mas  FastjsonKeyConvertor.INSTANCE é diferente de " + result685 + " <parser.parseKeyConvertor('fastjson')>"
"Era esperado objetos iguais, mas  func é diferente de " + result686 + " <parser.parseKeyConvertor('bean:cvt')>"
"Era esperado verdadeiro, mas " + result687 + " <MockRemoteCacheBuilder.isSubscribeStart()> é falso"
"Era esperado valores iguais, mas  value é diferente de " + result688 + " <bean.count('K1')>"
"Era esperado valores diferentes, mas  value é igual a " + result689 + " <bean.count('K1')>"
"Era esperado não nulo, mas " + result690 + " <cm.getCache('C1')> é nulo"
"Era esperado não nulo, mas " + result691 + " <cm.getCache('C2')> é nulo"
"Era esperado verdadeiro, mas " + result692 + " <CacheContext.isEnabled()> é falso"
"Era esperado valores iguais, mas  value é diferente de " + result693 + " <bean.count('K1')>"
"Era esperado valores diferentes, mas  value é igual a " + result694 + " <bean.count('K1')>"
"Era esperado valores iguais, mas  CacheMessage.TYPE_PUT é diferente de " + result695 + " <MockRemoteCacheBuilder.getLastPublishMessage().getType()>"
"Era esperado valores iguais, mas  'K1' é diferente de " + " MockRemoteCacheBuilder.getLastPublishMessage().getKeys()[0]"
"Era esperado valores iguais, mas  CacheMessage.TYPE_PUT_ALL é diferente de " + result696 + " <MockRemoteCacheBuilder.getLastPublishMessage().getType()>"
"Era esperado valores iguais, mas  'K1' é diferente de " + " MockRemoteCacheBuilder.getLastPublishMessage().getKeys()[0]"
"Era esperado valores iguais, mas  'K2' é diferente de " + " MockRemoteCacheBuilder.getLastPublishMessage().getKeys()[1]"
"Era esperado valores iguais, mas  CacheMessage.TYPE_REMOVE é diferente de " + result697 + " <MockRemoteCacheBuilder.getLastPublishMessage().getType()>"
"Era esperado valores iguais, mas  'K3' é diferente de " + " MockRemoteCacheBuilder.getLastPublishMessage().getKeys()[0]"
"Era esperado valores iguais, mas  CacheMessage.TYPE_REMOVE_ALL é diferente de " + result698 + " <MockRemoteCacheBuilder.getLastPublishMessage().getType()>"
"Era esperado valores iguais, mas  'K1' é diferente de " + " MockRemoteCacheBuilder.getLastPublishMessage().getKeys()[0]"
"Era esperado valores iguais, mas  'K3' é diferente de " + " MockRemoteCacheBuilder.getLastPublishMessage().getKeys()[1]"
"Era esperado valores iguais, mas  0 é diferente de " + result699 + " <DefaultEncoderParser.parseQueryParameters(null).size()>"
"Era esperado valores iguais, mas  'b' é diferente de " + result700 + " <DefaultEncoderParser.parseQueryParameters('a=b').get('a')>"
"Era esperado valores iguais, mas  'b' é diferente de " + result701 + " <m.get('a')>"
"Era esperado valores iguais, mas  'd' é diferente de " + result702 + " <m.get('c')>"
"Era esperado valores iguais, mas  KryoValueEncoder.class é diferente de " + result703 + " <encoder.getClass()>"
"Era esperado verdadeiro, mas " + result704 + " <encoder.isUseIdentityNumber()> é falso"
"Era esperado valores iguais, mas  JavaValueEncoder.class é diferente de " + result705 + " <encoder.getClass()>"
"Era esperado valores iguais, mas  KryoValueDecoder.class é diferente de " + result706 + " <decoder.getClass()>"
"Era esperado verdadeiro, mas " + result707 + " <decoder.isUseIdentityNumber()> é falso"
"Era esperado valores iguais, mas  JavaValueDecoder.class é diferente de " + result708 + " <decoder.getClass()>"
