"Era esperado valores iguais, mas  'test/Person' é diferente de " + result0 + " <graph.getCommon('test/Jedi', 'test/Sith')>"
"Era esperado valores iguais, mas  'test/Person' é diferente de " + result1 + " <graph.getCommon('test/Jedi', 'test/Person')>"
"Era esperado valores iguais, mas  'test/Person' é diferente de " + result2 + " <graph.getCommon('test/Person', 'test/Person')>"
"Era esperado valores iguais, mas " + result3 + " <expected.size()> é diferente de " + result4 + " <hierarchy.stream().filter(v -> expected.contains(v.getData().getClassName())).count()>"
"Era esperado verdadeiro, mas " + result5 + " <graph.isLibrary('test/Yoda', 'toString', '()Ljava/lang/String;')> é falso"
"Era esperado verdadeiro, mas " + result6 + " <graph.areLinked('test/Yoda', 'say', '()V', 'test/Greetings', 'say', '()V')> é falso"
"Era esperado valores iguais, mas  1 é diferente de " + result7 + " <results.size()>"
"Era esperado valores iguais, mas " + result8 + " <Collections.emptySet()> é diferente de " + result9 + " <result.getDifference()>"
"Era esperado valores iguais, mas  1 é diferente de " + result10 + " <results.size()>"
"Era esperado valores iguais, mas  20 é diferente de " + result11 + " <mappings.size()>"
"Era esperado valores iguais, mas  1 é diferente de " + result12 + " <results.size()>"
"Era esperado valores iguais, mas  1 é diferente de " + result13 + " <difference.size()>"
"Era esperado valores iguais, mas  'Start' é diferente de " + result14 + " <vertex.getValue().getOwner()>"
"Era esperado valores iguais, mas  'main' é diferente de " + result15 + " <vertex.getValue().getName()>"
"Era esperado valores iguais, mas  '([Ljava/lang/String;)V' é diferente de " + result16 + " <vertex.getValue().getDesc()>"
"Era esperado valores iguais, mas " + result17 + " <Collections.emptySet()> é diferente de " + result18 + " <result.getDifference()>"
"Era esperado valores iguais, mas  1 é diferente de " + result19 + " <results.size()>"
"Era esperado valores iguais, mas  0 é diferente de " + result20 + " <mappings.size()>"
"Era esperado valores iguais, mas  0 é diferente de " + result21 + " <mappings.size()>"
"Era esperado valores iguais, mas  1 é diferente de " + result22 + " <fields.size()>"
"Era esperado valores iguais, mas  'i' é diferente de " + result23 + " <field.getName()>"
"Era esperado valores iguais, mas  'int' é diferente de " + result24 + " <field.getType()>"
"Era esperado valores iguais, mas  '' é diferente de " + result25 + " <field.getDescription()>"
"Era esperado valores iguais, mas  'protected' é diferente de " + result26 + " <field.getModifiers().get(0)>"
"Era esperado valores iguais, mas  'final' é diferente de " + result27 + " <field.getModifiers().get(1)>"
"Era esperado valores iguais, mas  2 é diferente de " + result28 + " <methods.size()>"
"Era esperado valores iguais, mas  'evaluate' é diferente de " + result29 + " <method.getName()>"
"Era esperado valores iguais, mas  'double' é diferente de " + result30 + " <method.getReturnType()>"
"Era esperado valores iguais, mas  'Evaluates an expression as a level deeper than the current one in the expression tree,' é diferente de " + result31 + " <method.getDescription()>"
"Era esperado valores iguais, mas  'protected' é diferente de " + result32 + " <method.getModifiers().get(0)>"
"Era esperado valores iguais, mas  'final' é diferente de " + result33 + " <method.getModifiers().get(1)>"
"Era esperado valores iguais, mas  'Evaluated result.' é diferente de " + result34 + " <method.getReturnDescription()>"
"Era esperado valores iguais, mas  1 é diferente de " + result35 + " <method.getParameters().size()>"
"Era esperado valores iguais, mas  'expression' é diferente de " + result36 + " <parameter.getName()>"
"Era esperado valores iguais, mas  'Some math expression.' é diferente de " + result37 + " <parameter.getDescription()>"
"Era esperado valores iguais, mas  'accept' é diferente de " + result38 + " <method.getName()>"
"Era esperado valores iguais, mas  'double' é diferente de " + result39 + " <method.getReturnType()>"
"Era esperado valores iguais, mas  '' é diferente de " + result40 + " <method.getDescription()>"
"Era esperado valores iguais, mas  'public' é diferente de " + result41 + " <method.getModifiers().get(0)>"
"Era esperado valores iguais, mas  'abstract' é diferente de " + result42 + " <method.getModifiers().get(1)>"
"Era esperado valores iguais, mas  'Evaluated result.' é diferente de " + result43 + " <method.getReturnDescription()>"
"Era esperado valores iguais, mas  1 é diferente de " + result44 + " <method.getParameters().size()>"
"Era esperado valores iguais, mas  'expression' é diferente de " + result45 + " <parameter.getName()>"
"Era esperado valores iguais, mas  'Some math expression.' é diferente de " + result46 + " <parameter.getDescription()>"
"Era esperado valores iguais, mas  2 é diferente de " + result47 + " <inheritance.size()>"
"Era esperado valores iguais, mas  'calc/Calculator' é diferente de " + result48 + " <inheritance.get(0)>"
"Era esperado valores iguais, mas  'java/lang/Object' é diferente de " + result49 + " <inheritance.get(1)>"
"Era esperado valores iguais, mas  keys.length é diferente de " + result50 + " <subclasses.size()>"
"Era esperado valores iguais, mas  0 é diferente de " + result51 + " <subclasses.size()>"
"Era esperado valores iguais, mas  small é diferente de " + result52 + " <frames[frames.length - 2].getLocal(0).getValue()>"
"Era esperado valores iguais, mas  str é diferente de " + result53 + " <frames[3].getStack(0).getValue()>"
"Era esperado valores iguais, mas " + result54 + " <str.length()> é diferente de " + result55 + " <frames[4].getStack(0).getValue()>"
"Era esperado valores iguais, mas  part1 + part2 é diferente de " + result56 + " <frames[frames.length - 2].getStack(0).getValue()>"
"Era esperado valores iguais, mas  part1 + part2 é diferente de " + result57 + " <retFrameLocal.getValue()>"
"Era esperado valores diferentes, mas  initial é igual a " + result58 + " <retFrameLocal.getValue()>"
"Era esperado valores diferentes, mas  one é igual a " + result59 + " <retFrameLocal.getValue()>"
"Era esperado valores diferentes, mas  two é igual a " + result60 + " <retFrameLocal.getValue()>"
"Era esperado valores diferentes, mas  initial é igual a " + result61 + " <retFrameLocal.getValue()>"
"Era esperado valores diferentes, mas  one é igual a " + result62 + " <retFrameLocal.getValue()>"
"Era esperado valores iguais, mas  two é diferente de " + result63 + " <retFrameLocal.getValue()>"
"Era esperado não nulo, mas  o valor obtido foi nulo"
"Era esperado verdadeiro, mas o valor obtido é falso"
"Era esperado verdadeiro, mas " + result64 + " <directedGraph.getVertex(1).isRoot()> é falso"
"Era esperado verdadeiro, mas " + result65 + " <directedGraph.getVertex(6).isRoot()> é falso"
"Era esperado verdadeiro, mas " + result66 + " <roots.contains(v1)> é falso"
"Era esperado verdadeiro, mas " + result67 + " <roots.contains(v6)> é falso"
"Era esperado valores iguais, mas  2 é diferente de " + result68 + " <roots.size()>"
"Era esperado verdadeiro, mas " + result69 + " <roots.contains(v1)> é falso"
"Era esperado valores iguais, mas  1 é diferente de " + result70 + " <roots.size()>"
"Era esperado verdadeiro, mas " + result71 + " <roots.contains(v1)> é falso"
"Era esperado valores iguais, mas  1 é diferente de " + result72 + " <roots.size()>"
"Era esperado verdadeiro, mas " + result73 + " <directedGraph.getVertex(4).isLeaf()> é falso"
"Era esperado verdadeiro, mas " + result74 + " <directedGraph.getVertex(5).isLeaf()> é falso"
"Era esperado verdadeiro, mas " + result75 + " <leaves.contains(v4)> é falso"
"Era esperado verdadeiro, mas " + result76 + " <leaves.contains(v5)> é falso"
"Era esperado valores iguais, mas  2 é diferente de " + result77 + " <leaves.size()>"
"Era esperado verdadeiro, mas " + result78 + " <leaves.contains(v5)> é falso"
"Era esperado valores iguais, mas  1 é diferente de " + result79 + " <leaves.size()>"
"Era esperado verdadeiro, mas " + result80 + " <leaves.contains(v5)> é falso"
"Era esperado valores iguais, mas  1 é diferente de " + result81 + " <leaves.size()>"
"Era esperado valores iguais, mas  2 é diferente de " + result82 + " <resultMapping.size()>"
"Era esperado valores iguais, mas  'calc/Calculator.MAX_DEPTH_LEVEL' é diferente de " + result83 + " <resultMapping.get('calc/Calculator.MAX_DEPTH')>"
"Era esperado valores iguais, mas  'calc/Calculator.doEvaluate(ILjava/lang/String;)D' é diferente de " + result84 + " <resultMapping.get('calc/Calculator.evaluate(ILjava/lang/String;)D')>"
"Era esperado valores iguais, mas  3 é diferente de " + result85 + " <aggregateMapping.size()>"
"Era esperado valores iguais, mas  'renamed/MyCalc' é diferente de " + result86 + " <aggregateMapping.get('calc/Calculator')>"
"Era esperado valores iguais, mas  'MAX_DEPTH_LEVEL' é diferente de " + result87 + " <aggregateMapping.get('calc/Calculator.MAX_DEPTH')>"
"Era esperado valores iguais, mas  'doEvaluate' é diferente de " + result88 + " <aggregateMapping.get('calc/Calculator.evaluate(ILjava/lang/String;)D')>"
"Era esperado valores iguais, mas  3 é diferente de " + result89 + " <aggregateMapping.size()>"
"Era esperado valores iguais, mas  'renamed/MyCalc' é diferente de " + result90 + " <aggregateMapping.get('calc/Calculator')>"
"Era esperado valores iguais, mas  'MAX_DEPTH_LEVEL' é diferente de " + result91 + " <aggregateMapping.get('calc/Calculator.MAX_DEPTH')>"
"Era esperado valores iguais, mas  'doEvaluate' é diferente de " + result92 + " <aggregateMapping.get('calc/Calculator.evaluate(ILjava/lang/String;)D')>"
"Era esperado valores iguais, mas  3 é diferente de " + result93 + " <aggregateMapping.size()>"
"Era esperado valores iguais, mas  'renamed2/MyCalc2' é diferente de " + result94 + " <aggregateMapping.get('calc/Calculator')>"
"Era esperado valores iguais, mas  'MAX_DEPTH_LEVEL' é diferente de " + result95 + " <aggregateMapping.get('calc/Calculator.MAX_DEPTH')>"
"Era esperado valores iguais, mas  'doEvaluate' é diferente de " + result96 + " <aggregateMapping.get('calc/Calculator.evaluate(ILjava/lang/String;)D')>"
"Era esperado verdadeiro, mas o valor obtido é falso"
"Era esperado valores iguais, mas  'Scanner' é diferente de " + result97 + " <((ClassOrInterfaceType) node).asString()>"
"Era esperado verdadeiro, mas o valor obtido é falso"
"Era esperado valores iguais, mas  'scanner' é diferente de " + result98 + " <((VariableDeclarator) node).getNameAsString()>"
"Era esperado verdadeiro, mas o valor obtido é falso"
"Era esperado valores iguais, mas  'Scanner' é diferente de " + result99 + " <((ClassOrInterfaceType) node).asString()>"
"Era esperado verdadeiro, mas o valor obtido é falso"
"Era esperado verdadeiro, mas o valor obtido é falso"
"Era esperado valores iguais, mas  'System' é diferente de " + result100 + " <((NameExpr) ((FieldAccessExpr) node).getScope()).getNameAsString()>"
"Era esperado valores iguais, mas  'in' é diferente de " + result101 + " <((FieldAccessExpr) node).getNameAsString()>"
"Era esperado verdadeiro, mas o valor obtido é falso"
"Era esperado valores iguais, mas  'java/lang/String' é diferente de " + result102 + " <toInternal(dec)>"
"Era esperado verdadeiro, mas o valor obtido é falso"
"Era esperado valores iguais, mas  'calc/Exponent' é diferente de " + result103 + " <toInternal(dec)>"
"Era esperado verdadeiro, mas o valor obtido é falso"
"Era esperado valores iguais, mas  'java/lang/Integer' é diferente de " + result104 + " <toInternal(decPrim)>"
"Era esperado verdadeiro, mas o valor obtido é falso"
"Era esperado valores iguais, mas  'java/lang/System' é diferente de " + result105 + " <getOwner(dec)>"
"Era esperado valores iguais, mas  'in' é diferente de " + result106 + " <dec.getName()>"
"Era esperado valores iguais, mas  'Ljava/io/InputStream;' é diferente de " + result107 + " <getDescriptor(dec)>"
"Era esperado verdadeiro, mas o valor obtido é falso"
"Era esperado valores iguais, mas  'calc/Parenthesis' é diferente de " + result108 + " <getOwner(dec)>"
"Era esperado valores iguais, mas  'accept' é diferente de " + result109 + " <dec.getName()>"
"Era esperado valores iguais, mas  '(Ljava/lang/String;)D' é diferente de " + result110 + " <getDescriptor(dec)>"
"Era esperado verdadeiro, mas o valor obtido é falso"
"Era esperado valores iguais, mas  'java/io/PrintStream' é diferente de " + result111 + " <getOwner(dec)>"
"Era esperado valores iguais, mas  'println' é diferente de " + result112 + " <dec.getName()>"
"Era esperado valores iguais, mas  '(Ljava/lang/String;)V' é diferente de " + result113 + " <getDescriptor(dec)>"
"Era esperado valores iguais, mas  0 é diferente de " + result114 + " <imports.size()>"
"Era esperado valores iguais, mas  8 é diferente de " + " imports.size() - SourceCode.LANG_PACKAGE_NAMES.length"
"Era esperado valores iguais, mas  2 é diferente de " + result115 + " <imports.size()>"
"Era esperado verdadeiro, mas " + result116 + " <imports.contains('java/util/regex/Matcher')> é falso"
"Era esperado verdadeiro, mas " + result117 + " <imports.contains('java/util/regex/Pattern')> é falso"
"Era esperado valores iguais, mas  9 é diferente de " + result118 + " <imports.size()>"
"Era esperado verdadeiro, mas " + result119 + " <imports.contains('java/util/Scanner')> é falso"
"Era esperado valores iguais, mas  expected é diferente de " + " actual"
"Era esperado valores diferentes, mas " + result120 + " <emptySet()> é igual a " + " expectedSrcNames"
"Era esperado valores diferentes, mas " + result121 + " <emptySet()> é igual a " + " foundSrcNames"
"Era esperado valores iguais, mas " + result122 + " <emptySet()> é diferente de " + " difference"
"Era esperado valores iguais, mas  1 é diferente de " + result123 + " <resource.getClassHistory(key).size()>"
"Era esperado valores iguais, mas  1 é diferente de " + result124 + " <resource.getFileHistory(key).size()>"
"Era esperado valores iguais, mas  1 é diferente de " + result125 + " <resource.getClassHistory(key).size()>"
"Era esperado valores iguais, mas  1 é diferente de " + result126 + " <resource.getClassHistory(key).size()>"
"Era esperado valores iguais, mas  2 é diferente de " + result127 + " <resource.getClassHistory(key).size()>"
"Era esperado valores iguais, mas  3 é diferente de " + result128 + " <resource.getClassHistory(key).size()>"
"Era esperado valores iguais, mas  2 é diferente de " + result129 + " <resource.getFileHistory(key).size()>"
"Era esperado valores iguais, mas  3 é diferente de " + result130 + " <resource.getFileHistory(key).size()>"
"Era esperado arrays iguais, mas  DUMMY é diferente de " + result131 + " <resource.getClassHistory(key).pop()>"
"Era esperado arrays iguais, mas  initial é diferente de " + result132 + " <resource.getClassHistory(key).pop()>"
"Era esperado arrays iguais, mas  DUMMY é diferente de " + result133 + " <resource.getFileHistory(key).pop()>"
"Era esperado arrays iguais, mas  initial é diferente de " + result134 + " <resource.getFileHistory(key).pop()>"
"Era esperado verdadeiro, mas " + result135 + " <c.compile()> é falso"
"Era esperado não nulo, mas  o valor obtido foi nulo"
"Era esperado não nulo, mas  o valor obtido foi nulo"
"Era esperado verdadeiro, mas " + result136 + " <cDebug.compile()> é falso"
"Era esperado verdadeiro, mas " + result137 + " <cNone.compile()> é falso"
"Era esperado não nulo, mas  o valor obtido foi nulo"
"Era esperado não nulo, mas  o valor obtido foi nulo"
"Era esperado verdadeiro, mas o valor obtido é falso"
"Era esperado valores iguais, mas  'calc.jar' é diferente de " + result138 + " <controller.getWorkspace().getPrimary().getShortName().toString()>"
"Era esperado valores iguais, mas  'Manifest.jar' é diferente de " + result139 + " <controller.getWorkspace().getPrimary().getShortName().toString()>"
"Era esperado valores diferentes, mas  manifestBytes é igual a " + " null"
"Era esperado valores iguais, mas " + result140 + " <attr.size()> é diferente de " + " 2"
"Era esperado valores iguais, mas  mainClass é diferente de " + " 'Code/Code/Code'"
"Era esperado valores iguais, mas  mainClass é diferente de " + " 'some/pkg/Main'"
"Era esperado verdadeiro, mas " + result141 + " <putted.contains(valueToPut)> é falso"
"Era esperado verdadeiro, mas " + result142 + " <resource.getDirtyClasses().contains(valueToPut)> é falso"
"Era esperado verdadeiro, mas " + result143 + " <putted.contains(valueToPut)> é falso"
"Era esperado verdadeiro, mas " + result144 + " <resource.getDirtyFiles().contains(valueToPut)> é falso"
"Era esperado verdadeiro, mas " + result145 + " <putted.contains(valueToPut1)> é falso"
"Era esperado verdadeiro, mas " + result146 + " <putted.contains(valueToPut2)> é falso"
"Era esperado verdadeiro, mas " + result147 + " <resource.getDirtyClasses().contains(valueToPut1)> é falso"
"Era esperado verdadeiro, mas " + result148 + " <resource.getDirtyClasses().contains(valueToPut2)> é falso"
"Era esperado verdadeiro, mas " + result149 + " <putted.contains(valueToPut1)> é falso"
"Era esperado verdadeiro, mas " + result150 + " <putted.contains(valueToPut2)> é falso"
"Era esperado verdadeiro, mas " + result151 + " <resource.getDirtyFiles().contains(valueToPut1)> é falso"
"Era esperado verdadeiro, mas " + result152 + " <resource.getDirtyFiles().contains(valueToPut2)> é falso"
"Era esperado verdadeiro, mas " + result153 + " <removed.contains(valueToRemove)> é falso"
"Era esperado verdadeiro, mas " + result154 + " <removed.contains(valueToRemove)> é falso"
"Era esperado valores iguais, mas  1 é diferente de " + result155 + " <one.getEdges().size()>"
"Era esperado valores iguais, mas  'java/io/PrintStream' é diferente de " + result156 + " <other.getOwner()>"
"Era esperado valores iguais, mas  'println' é diferente de " + result157 + " <other.getName()>"
"Era esperado valores iguais, mas  '(Ljava/lang/String;)V' é diferente de " + result158 + " <other.getDesc()>"
"Era esperado valores iguais, mas  count é diferente de " + " calledCount"
"Era esperado não nulo, mas  o valor obtido foi nulo"
"Era esperado valores iguais, mas  3 é diferente de " + result159 + " <path.size()>"
"Era esperado valores iguais, mas  one é diferente de " + result160 + " <path.get(0)>"
"Era esperado valores iguais, mas  two é diferente de " + result161 + " <path.get(1)>"
"Era esperado valores iguais, mas  three é diferente de " + result162 + " <path.get(2)>"
"Era esperado valores iguais, mas  two é diferente de " + " oneEdge"
"Era esperado valores iguais, mas  three é diferente de " + " twoEdge"
"Era esperado valores iguais, mas  one é diferente de " + " threeEdge"
"Era esperado valores iguais, mas  parentThing é diferente de " + " calledParent"
"Era esperado valores iguais, mas  interfaceThing é diferente de " + " calledInterface"
"Era esperado valores iguais, mas  1 é diferente de " + result163 + " <edges.size()>"
"Era esperado valores iguais, mas  1 é diferente de " + result164 + " <results.size()>"
"Era esperado valores iguais, mas  'EVAL: ' é diferente de " + result165 + " <res.getText()>"
"Era esperado valores iguais, mas  2 é diferente de " + result166 + " <results.size()>"
"Era esperado valores iguais, mas  2 é diferente de " + result167 + " <results.size()>"
"Era esperado valores iguais, mas  30 é diferente de " + result168 + " <resVal.getValue()>"
"Era esperado valores iguais, mas  'EVAL: ' é diferente de " + result169 + " <resStr.getText()>"
"Era esperado valores iguais, mas  4 é diferente de " + result170 + " <results.size()>"
"Era esperado valores iguais, mas  4 é diferente de " + result171 + " <results.size()>"
"Era esperado verdadeiro, mas " + result172 + " <results.contains('calc/Expression.i I')> é falso"
"Era esperado verdadeiro, mas " + result173 + " <results.contains('calc/Expression.<init>(I)V')> é falso"
"Era esperado verdadeiro, mas " + result174 + " <results.contains('calc/Expression.accept(Ljava/lang/String;)D')> é falso"
"Era esperado verdadeiro, mas " + result175 + " <results.contains('calc/Expression.evaluate(Ljava/lang/String;)D')> é falso"
"Era esperado valores iguais, mas  3 é diferente de " + result176 + " <results.size()>"
"Era esperado verdadeiro, mas " + result177 + " <results.contains('calc/Parenthesis.LEVEL_UNSET I')> é falso"
"Era esperado verdadeiro, mas " + result178 + " <results.contains('calc/Calculator.MAX_DEPTH I')> é falso"
"Era esperado verdadeiro, mas " + result179 + " <results.contains('calc/Expression.i I')> é falso"
"Era esperado valores iguais, mas  3 é diferente de " + result180 + " <results.size()>"
"Era esperado valores iguais, mas  2 é diferente de " + " exp"
"Era esperado valores iguais, mas  1 é diferente de " + " calc"
"Era esperado valores iguais, mas  2 é diferente de " + result181 + " <results.size()>"
"Era esperado valores iguais, mas  0 é diferente de " + result182 + " <results.size()>"
"Era esperado valores iguais, mas  1 é diferente de " + result183 + " <results.size()>"
"Era esperado valores iguais, mas  'Start' é diferente de " + result184 + " <((ClassResult) results.get(0)).getName()>"
"Era esperado valores iguais, mas  1 é diferente de " + result185 + " <results.size()>"
"Era esperado valores iguais, mas  'Start' é diferente de " + result186 + " <((ClassResult) results.get(0)).getName()>"
"Era esperado valores iguais, mas  1 é diferente de " + result187 + " <results.size()>"
"Era esperado valores iguais, mas  'calc/Parenthesis' é diferente de " + result188 + " <((ClassResult) results.get(0)).getName()>"
"Era esperado valores iguais, mas  1 é diferente de " + result189 + " <results.size()>"
"Era esperado valores iguais, mas  'Start' é diferente de " + result190 + " <((ClassResult) results.get(0)).getName()>"
"Era esperado valores iguais, mas  5 é diferente de " + result191 + " <results.size()>"
"Era esperado verdadeiro, mas " + result192 + " <results.contains('calc/Parenthesis')> é falso"
"Era esperado verdadeiro, mas " + result193 + " <results.contains('calc/Exponent')> é falso"
"Era esperado verdadeiro, mas " + result194 + " <results.contains('calc/MultAndDiv')> é falso"
"Era esperado verdadeiro, mas " + result195 + " <results.contains('calc/AddAndSub')> é falso"
"Era esperado verdadeiro, mas " + result196 + " <results.contains('calc/Constant')> é falso"
"Era esperado verdadeiro, mas o valor obtido é falso"
"Era esperado valores iguais, mas  owner é diferente de " + result197 + " <member.getParent().getName()>"
"Era esperado valores iguais, mas  name é diferente de " + result198 + " <member.getName()>"
"Era esperado valores iguais, mas  desc é diferente de " + result199 + " <member.getDesc()>"
"Era esperado valores iguais, mas  msg é diferente de " + result200 + " <ast.getComment()>"
"Era esperado valores iguais, mas  line é diferente de " + result201 + " <ast.print()>"
"Era esperado valores iguais, mas  sig é diferente de " + result202 + " <ast.getSignature()>"
"Era esperado valores iguais, mas  pre + sig é diferente de " + result203 + " <ast.print()>"
"Era esperado valores iguais, mas  'LDC \'Hello World\'' é diferente de " + result204 + " <ldc.print()>"
"Era esperado valores iguais, mas  'LDC \'Hello World\'' é diferente de " + result205 + " <ldc.print()>"
"Era esperado valores iguais, mas  msg é diferente de " + result206 + " <ast.getComment()>"
"Era esperado valores iguais, mas  line é diferente de " + result207 + " <ast.print()>"
"Era esperado valores iguais, mas  name é diferente de " + result208 + " <ast.getName().getName()>"
"Era esperado valores iguais, mas  line é diferente de " + result209 + " <ast.print()>"
"Era esperado valores iguais, mas  type é diferente de " + result210 + " <ast.getType().getType()>"
"Era esperado valores iguais, mas  line é diferente de " + result211 + " <ast.print()>"
"Era esperado valores iguais, mas  'main' é diferente de " + result212 + " <def.getName().getName()>"
"Era esperado valores iguais, mas  2 é diferente de " + result213 + " <def.getModifiers().size()>"
"Era esperado valores iguais, mas  'public' é diferente de " + result214 + " <def.getModifiers().get(0).getName()>"
"Era esperado valores iguais, mas  'static' é diferente de " + result215 + " <def.getModifiers().get(1).getName()>"
"Era esperado valores iguais, mas  1 é diferente de " + result216 + " <def.getArguments().size()>"
"Era esperado valores iguais, mas  '[Ljava/lang/String;' é diferente de " + result217 + " <def.getArguments().get(0).getDesc().getDesc()>"
"Era esperado valores iguais, mas  'args' é diferente de " + result218 + " <def.getArguments().get(0).getVariableName().getName()>"
"Era esperado valores iguais, mas  'V' é diferente de " + result219 + " <def.getReturnType().getDesc()>"
"Era esperado valores iguais, mas  'myList' é diferente de " + result220 + " <def.getName().getName()>"
"Era esperado valores iguais, mas  2 é diferente de " + result221 + " <def.getModifiers().size()>"
"Era esperado valores iguais, mas  'public' é diferente de " + result222 + " <def.getModifiers().get(0).getName()>"
"Era esperado valores iguais, mas  'static' é diferente de " + result223 + " <def.getModifiers().get(1).getName()>"
"Era esperado valores iguais, mas  'Ljava/util/List;' é diferente de " + result224 + " <def.getType().getDesc()>"
"Era esperado valores iguais, mas  'func' é diferente de " + result225 + " <def.getName().getName()>"
"Era esperado valores iguais, mas  0 é diferente de " + result226 + " <def.getModifiers().size()>"
"Era esperado valores iguais, mas  'myList' é diferente de " + result227 + " <def.getName().getName()>"
"Era esperado valores iguais, mas  'Ljava/util/List;' é diferente de " + result228 + " <def.getType().getDesc()>"
"Era esperado valores iguais, mas  0 é diferente de " + result229 + " <def.getModifiers().size()>"
"Era esperado valores iguais, mas  'myLong' é diferente de " + result230 + " <def.getName().getName()>"
"Era esperado valores iguais, mas  'J' é diferente de " + result231 + " <def.getType().getDesc()>"
"Era esperado valores iguais, mas  0 é diferente de " + result232 + " <def.getModifiers().size()>"
"Era esperado valores iguais, mas  'func' é diferente de " + result233 + " <def.getName().getName()>"
"Era esperado valores iguais, mas  0 é diferente de " + result234 + " <def.getArguments().size()>"
"Era esperado valores iguais, mas  'func' é diferente de " + result235 + " <def.getName().getName()>"
"Era esperado valores iguais, mas  2 é diferente de " + result236 + " <def.getArguments().size()>"
"Era esperado valores iguais, mas  'I' é diferente de " + result237 + " <def.getArguments().get(0).getDesc().getDesc()>"
"Era esperado valores iguais, mas  'int1' é diferente de " + result238 + " <def.getArguments().get(0).getVariableName().getName()>"
"Era esperado valores iguais, mas  'I' é diferente de " + result239 + " <def.getArguments().get(1).getDesc().getDesc()>"
"Era esperado valores iguais, mas  'int2' é diferente de " + result240 + " <def.getArguments().get(1).getVariableName().getName()>"
"Era esperado valores iguais, mas  'start' é diferente de " + result241 + " <def.getLblStart().getName()>"
"Era esperado valores iguais, mas  'end' é diferente de " + result242 + " <def.getLblEnd().getName()>"
"Era esperado valores iguais, mas  'handler' é diferente de " + result243 + " <def.getLblHandler().getName()>"
"Era esperado valores iguais, mas  'java/lang/Exception' é diferente de " + result244 + " <def.getType().getType()>"
"Era esperado valores iguais, mas " + result245 + " <root.getChildren().get(0)> é diferente de " + result246 + " <root.getChildren().get(1).getPrev()>"
"Era esperado valores iguais, mas " + result247 + " <root.getChildren().get(1)> é diferente de " + result248 + " <root.getChildren().get(2).getPrev()>"
"Era esperado valores iguais, mas " + result249 + " <root.getChildren().get(1)> é diferente de " + result250 + " <root.getChildren().get(0).getNext()>"
"Era esperado valores iguais, mas " + result251 + " <root.getChildren().get(2)> é diferente de " + result252 + " <root.getChildren().get(1).getNext()>"
"Era esperado valores iguais, mas  line é diferente de " + result253 + " <root.print()>"
"Era esperado valores iguais, mas  'ACONST_NULL' é diferente de " + result254 + " <root.getChildren().get(0).print()>"
"Era esperado valores iguais, mas  'ARETURN' é diferente de " + result255 + " <root.getChildren().get(1).print()>"
"Era esperado valores iguais, mas  text é diferente de " + result256 + " <iiAst.print()>"
"Era esperado valores iguais, mas  'BIPUSH' é diferente de " + result257 + " <iiAst.getOpcode().print()>"
"Era esperado valores iguais, mas  5 é diferente de " + result258 + " <iiAst.getValue().getIntValue()>"
"Era esperado valores iguais, mas  text é diferente de " + result259 + " <iiAst.print()>"
"Era esperado valores iguais, mas  'ILOAD' é diferente de " + result260 + " <iiAst.getOpcode().print()>"
"Era esperado valores iguais, mas  'i' é diferente de " + result261 + " <iiAst.getVariableName().getName()>"
"Era esperado valores iguais, mas  text é diferente de " + result262 + " <tiAST.print()>"
"Era esperado valores iguais, mas  'NEW' é diferente de " + result263 + " <tiAST.getOpcode().print()>"
"Era esperado valores iguais, mas  'java/lang/String' é diferente de " + result264 + " <tiAST.getType().getType()>"
"Era esperado valores iguais, mas  text é diferente de " + result265 + " <tiAST.print()>"
"Era esperado valores iguais, mas  'IINC' é diferente de " + result266 + " <tiAST.getOpcode().print()>"
"Era esperado valores iguais, mas  'i' é diferente de " + result267 + " <tiAST.getVariableName().getName()>"
"Era esperado valores iguais, mas  2 é diferente de " + result268 + " <tiAST.getIncrement().getIntValue()>"
"Era esperado valores iguais, mas  text é diferente de " + result269 + " <lineAST.print()>"
"Era esperado valores iguais, mas  'LINE' é diferente de " + result270 + " <lineAST.getOpcode().print()>"
"Era esperado valores iguais, mas  'lbl' é diferente de " + result271 + " <lineAST.getLabel().getName()>"
"Era esperado valores iguais, mas  2 é diferente de " + result272 + " <lineAST.getLineNumber().getIntValue()>"
"Era esperado valores iguais, mas  text é diferente de " + result273 + " <arrayAST.print()>"
"Era esperado valores iguais, mas " + result274 + " <TypeUtil.typeToNewArrayArg(Type.INT_TYPE)> é diferente de " + result275 + " <arrayAST.getValue().getIntValue()>"
"Era esperado valores iguais, mas  text é diferente de " + result276 + " <arrayAST.print()>"
"Era esperado valores iguais, mas  'MULTIANEWARRAY' é diferente de " + result277 + " <arrayAST.getOpcode().print()>"
"Era esperado valores iguais, mas  '[[Ljava/lang/String;' é diferente de " + result278 + " <arrayAST.getDesc().getDesc()>"
"Era esperado valores iguais, mas  2 é diferente de " + result279 + " <arrayAST.getDimensions().getIntValue()>"
"Era esperado valores iguais, mas  text é diferente de " + result280 + " <fieldAST.print()>"
"Era esperado valores iguais, mas  'GETSTATIC' é diferente de " + result281 + " <fieldAST.getOpcode().print()>"
"Era esperado valores iguais, mas  'java/lang/System' é diferente de " + result282 + " <fieldAST.getOwner().getType()>"
"Era esperado valores iguais, mas  'out' é diferente de " + result283 + " <fieldAST.getName().getName()>"
"Era esperado valores iguais, mas  'Ljava/io/PrintStream;' é diferente de " + result284 + " <fieldAST.getDesc().getDesc()>"
"Era esperado valores iguais, mas  text é diferente de " + result285 + " <methodAST.print()>"
"Era esperado valores iguais, mas  'INVOKEVIRTUAL' é diferente de " + result286 + " <methodAST.getOpcode().print()>"
"Era esperado valores iguais, mas  'java/io/PrintStream' é diferente de " + result287 + " <methodAST.getOwner().getType()>"
"Era esperado valores iguais, mas  'println' é diferente de " + result288 + " <methodAST.getName().getName()>"
"Era esperado valores iguais, mas  '(Ljava/lang/String;)V' é diferente de " + result289 + " <methodAST.getDesc().getDesc()>"
"Era esperado valores iguais, mas  text é diferente de " + result290 + " <methodAST.print()>"
"Era esperado valores iguais, mas  'INVOKEVIRTUAL' é diferente de " + result291 + " <methodAST.getOpcode().print()>"
"Era esperado valores iguais, mas  'java/lang/String' é diferente de " + result292 + " <methodAST.getOwner().getType()>"
"Era esperado valores iguais, mas  'getBytes' é diferente de " + result293 + " <methodAST.getName().getName()>"
"Era esperado valores iguais, mas  '()[B' é diferente de " + result294 + " <methodAST.getDesc().getDesc()>"
"Era esperado valores iguais, mas  text é diferente de " + result295 + " <ldc.print()>"
"Era esperado valores iguais, mas  'LDC' é diferente de " + result296 + " <ldc.getOpcode().print()>"
"Era esperado valores iguais, mas  1 é diferente de " + result297 + " <((NumberAST) ldc.getContent()).getIntValue()>"
"Era esperado valores iguais, mas  text é diferente de " + result298 + " <ldc.print()>"
"Era esperado valores iguais, mas  -10 é diferente de " + result299 + " <((NumberAST) ldc.getContent()).getIntValue()>"
"Era esperado valores iguais, mas  text é diferente de " + result300 + " <ldc.print()>"
"Era esperado valores iguais, mas  10000000000L é diferente de " + result301 + " <((NumberAST) ldc.getContent()).getLongValue()>"
"Era esperado valores iguais, mas  text é diferente de " + result302 + " <ldc.print()>"
"Era esperado valores iguais, mas  -10000000000L é diferente de " + result303 + " <((NumberAST) ldc.getContent()).getLongValue()>"
"Era esperado valores iguais, mas  text é diferente de " + result304 + " <ldc.print()>"
"Era esperado valores iguais, mas  2.5 é diferente de " + result305 + " <((NumberAST) ldc.getContent()).getDoubleValue()>"
"Era esperado valores iguais, mas  text é diferente de " + result306 + " <ldc.print()>"
"Era esperado valores iguais, mas  -2.5 é diferente de " + result307 + " <((NumberAST) ldc.getContent()).getDoubleValue()>"
"Era esperado valores iguais, mas  text é diferente de " + result308 + " <ldc.print()>"
"Era esperado valores iguais, mas  2.6F é diferente de " + result309 + " <((NumberAST) ldc.getContent()).getFloatValue()>"
"Era esperado valores iguais, mas  text é diferente de " + result310 + " <ldc.print()>"
"Era esperado valores iguais, mas  -2.6F é diferente de " + result311 + " <((NumberAST) ldc.getContent()).getFloatValue()>"
"Era esperado valores iguais, mas  text é diferente de " + result312 + " <ldc.print()>"
"Era esperado valores iguais, mas  'text' é diferente de " + result313 + " <((StringAST) ldc.getContent()).getValue()>"
"Era esperado valores iguais, mas  text é diferente de " + result314 + " <ldc.print()>"
"Era esperado valores iguais, mas  '' é diferente de " + result315 + " <((StringAST) ldc.getContent()).getValue()>"
"Era esperado valores iguais, mas  text é diferente de " + result316 + " <ldc.print()>"
"Era esperado valores iguais, mas  '\\n' é diferente de " + result317 + " <((StringAST) ldc.getContent()).getValue()>"
"Era esperado valores iguais, mas  '\n' é diferente de " + result318 + " <((StringAST) ldc.getContent()).getUnescapedValue()>"
"Era esperado valores iguais, mas  text é diferente de " + result319 + " <ldc.print()>"
"Era esperado valores iguais, mas  '\\t' é diferente de " + result320 + " <((StringAST) ldc.getContent()).getValue()>"
"Era esperado valores iguais, mas  '\t' é diferente de " + result321 + " <((StringAST) ldc.getContent()).getUnescapedValue()>"
"Era esperado valores iguais, mas  text é diferente de " + result322 + " <ldc.print()>"
"Era esperado valores iguais, mas  '\t' é diferente de " + result323 + " <((StringAST) ldc.getContent()).getValue()>"
"Era esperado valores iguais, mas  '\t' é diferente de " + result324 + " <((StringAST) ldc.getContent()).getUnescapedValue()>"
"Era esperado valores iguais, mas  text é diferente de " + result325 + " <ldc.print()>"
"Era esperado valores iguais, mas  '\\u0000' é diferente de " + result326 + " <((StringAST) ldc.getContent()).getUnescapedValue()>"
"Era esperado valores iguais, mas  '\\u4E0B\\u96E8\\u4E86' é diferente de " + result327 + " <((StringAST) ldc.getContent()).getValue()>"
"Era esperado valores iguais, mas  '下雨了' é diferente de " + result328 + " <((StringAST) ldc.getContent()).getUnescapedValue()>"
"Era esperado valores iguais, mas  text é diferente de " + result329 + " <ldc.print()>"
"Era esperado valores iguais, mas  '下雨了' é diferente de " + result330 + " <((StringAST) ldc.getContent()).getValue()>"
"Era esperado valores iguais, mas  '下雨了' é diferente de " + result331 + " <((StringAST) ldc.getContent()).getUnescapedValue()>"
"Era esperado valores iguais, mas  text é diferente de " + result332 + " <ldc.print()>"
"Era esperado valores iguais, mas  '\\u048' é diferente de " + result333 + " <((StringAST) ldc.getContent()).getValue()>"
"Era esperado valores iguais, mas  '\\u048' é diferente de " + result334 + " <((StringAST) ldc.getContent()).getUnescapedValue()>"
"Era esperado valores iguais, mas  text é diferente de " + result335 + " <ldc.print()>"
"Era esperado valores iguais, mas  'C:\\\\example\\\\recaf.jar' é diferente de " + result336 + " <((StringAST) ldc.getContent()).getValue()>"
"Era esperado valores iguais, mas  'C:\\example\\recaf.jar' é diferente de " + result337 + " <((StringAST) ldc.getContent()).getUnescapedValue()>"
"Era esperado valores iguais, mas  text é diferente de " + result338 + " <ldc.print()>"
"Era esperado valores iguais, mas  text é diferente de " + result339 + " <ldc.print()>"
"Era esperado valores iguais, mas  'Ljava/lang/String;' é diferente de " + result340 + " <((DescAST) ldc.getContent()).getDesc()>"
"Era esperado valores iguais, mas  text é diferente de " + result341 + " <tbl.print()>"
"Era esperado valores iguais, mas  'TABLESWITCH' é diferente de " + result342 + " <tbl.getOpcode().print()>"
"Era esperado valores iguais, mas  'D' é diferente de " + result343 + " <tbl.getDfltLabel().print()>"
"Era esperado valores iguais, mas  0 é diferente de " + result344 + " <tbl.getRangeMin().getIntValue()>"
"Era esperado valores iguais, mas  2 é diferente de " + result345 + " <tbl.getRangeMax().getIntValue()>"
"Era esperado valores iguais, mas  3 é diferente de " + result346 + " <tbl.getLabels().size()>"
"Era esperado valores iguais, mas  text é diferente de " + result347 + " <tbl.print()>"
"Era esperado valores iguais, mas  'LOOKUPSWITCH' é diferente de " + result348 + " <tbl.getOpcode().print()>"
"Era esperado valores iguais, mas  'D' é diferente de " + result349 + " <tbl.getDfltLabel().print()>"
"Era esperado valores iguais, mas  3 é diferente de " + result350 + " <tbl.getMapping().size()>"
"Era esperado valores iguais, mas  text é diferente de " + result351 + " <tbl.print()>"
"Era esperado valores iguais, mas  'LOOKUPSWITCH' é diferente de " + result352 + " <tbl.getOpcode().print()>"
"Era esperado valores iguais, mas  'D' é diferente de " + result353 + " <tbl.getDfltLabel().print()>"
"Era esperado valores iguais, mas  0 é diferente de " + result354 + " <tbl.getMapping().size()>"
"Era esperado valores iguais, mas  text é diferente de " + result355 + " <indy.print()>"
"Era esperado valores iguais, mas  'INVOKEDYNAMIC' é diferente de " + result356 + " <indy.getOpcode().print()>"
"Era esperado valores iguais, mas  'handle' é diferente de " + result357 + " <indy.getName().getName()>"
"Era esperado valores iguais, mas  '(Lgame/SnakeController;)Ljavafx/event/EventHandler;' é diferente de " + result358 + " <indy.getDesc().getDesc()>"
"Era esperado valores iguais, mas  text é diferente de " + result359 + " <indy.print()>"
"Era esperado valores iguais, mas  text é diferente de " + result360 + " <indy.print()>"
"Era esperado valores iguais, mas  'H_INVOKESTATIC' é diferente de " + result361 + " <handle.getTag().getName()>"
"Era esperado valores iguais, mas  'TextBlockLiteralExpr' é diferente de " + result362 + " <handle.getOwner().getType()>"
"Era esperado valores iguais, mas  'stripIndent' é diferente de " + result363 + " <handle.getName().getName()>"
"Era esperado valores iguais, mas  '([LString;I)LPair;' é diferente de " + result364 + " <handle.getDesc().getDesc()>"
"Era esperado valores iguais, mas  text é diferente de " + result365 + " <indy.print()>"
"Era esperado valores iguais, mas  text é diferente de " + result366 + " <indy.print()>"
"Era esperado verdadeiro, mas " + result367 + " <suggestions.contains('java/lang/String')> é falso"
"Era esperado verdadeiro, mas " + result368 + " <suggestions.contains('[Ljava/lang/String;')> é falso"
"Era esperado verdadeiro, mas " + result369 + " <suggestions.contains('java/lang/System')> é falso"
"Era esperado verdadeiro, mas " + result370 + " <suggestions.contains('out Ljava/io/PrintStream;')> é falso"
"Era esperado verdadeiro, mas " + result371 + " <suggestions.contains('java/lang/System')> é falso"
"Era esperado verdadeiro, mas " + result372 + " <suggestions.contains('println(Ljava/lang/String;)V')> é falso"
"Era esperado verdadeiro, mas " + result373 + " <suggestions.contains('example')> é falso"
"Era esperado valores iguais, mas  1 é diferente de " + result374 + " <suggestions.size()>"
"Era esperado verdadeiro, mas " + result375 + " <suggestions.contains('args')> é falso"
"Era esperado valores iguais, mas  1 é diferente de " + result376 + " <suggestions.size()>"
"Era esperado verdadeiro, mas " + result377 + " <suggestions.contains('example')> é falso"
"Era esperado valores iguais, mas  1 é diferente de " + result378 + " <suggestions.size()>"
"Era esperado verdadeiro, mas " + result379 + " <suggestions.contains('example')> é falso"
"Era esperado valores iguais, mas  1 é diferente de " + result380 + " <suggestions.size()>"
"Era esperado verdadeiro, mas " + result381 + " <suggestions.contains('example')> é falso"
"Era esperado valores iguais, mas  1 é diferente de " + result382 + " <suggestions.size()>"
"Era esperado verdadeiro, mas " + result383 + " <suggestions.contains('example')> é falso"
"Era esperado valores iguais, mas  1 é diferente de " + result384 + " <suggestions.size()>"
"Era esperado verdadeiro, mas " + result385 + " <suggestions.contains('example')> é falso"
"Era esperado valores iguais, mas  1 é diferente de " + result386 + " <suggestions.size()>"
"Era esperado verdadeiro, mas " + result387 + " <suggestions.contains('java/lang/Exception')> é falso"
"Era esperado verdadeiro, mas " + result388 + " <suggestions.contains('example')> é falso"
"Era esperado valores iguais, mas  1 é diferente de " + result389 + " <suggestions.size()>"
"Era esperado verdadeiro, mas " + result390 + " <suggestions.contains('H_GETSTATIC')> é falso"
"Era esperado verdadeiro, mas " + result391 + " <suggestions.contains('H_GETFIELD')> é falso"
"Era esperado valores iguais, mas  2 é diferente de " + result392 + " <suggestions.size()>"
"Era esperado verdadeiro, mas " + result393 + " <suggestions.contains('out Ljava/io/PrintStream;')> é falso"
"Era esperado valores iguais, mas  1 é diferente de " + result394 + " <suggestions.size()>"
"Era esperado verdadeiro, mas " + result395 + " <suggestions.contains('println(Ljava/lang/String;)V')> é falso"
"Era esperado verdadeiro, mas " + result396 + " <suggestions.isEmpty()> é falso"
