"Era esperado verdadeiro, mas " + result0 + " <sync(list.add('1'))> é falso"
"Era esperado verdadeiro, mas " + result1 + " <sync(list.add('2'))> é falso"
"Era esperado verdadeiro, mas " + result2 + " <sync(list.add('3'))> é falso"
"Era esperado verdadeiro, mas " + result3 + " <sync(list.add('4'))> é falso"
"Era esperado verdadeiro, mas " + result4 + " <sync(list.add('5'))> é falso"
"Era esperado valores iguais, mas  true é diferente de " + result5 + " <sync(list2.addAll(list.iterator()))>"
"Era esperado valores iguais, mas  5 é diferente de " + result6 + " <sync(list2.size()).intValue()>"
"Era esperado verdadeiro, mas " + result7 + " <sync(set.add('a'))> é falso"
"Era esperado verdadeiro, mas " + result8 + " <sync(set.add('b'))> é falso"
"Era esperado verdadeiro, mas " + result9 + " <sync(set.add('c'))> é falso"
"Era esperado verdadeiro, mas " + result10 + " <sync(set.add('d'))> é falso"
"Era esperado verdadeiro, mas " + result11 + " <sync(set.add('e'))> é falso"
"Era esperado verdadeiro, mas " + result12 + " <sync(set.add('f'))> é falso"
"Era esperado verdadeiro, mas " + result13 + " <sync(set.add('g'))> é falso"
"Era esperado valores iguais, mas  0 é diferente de " + result14 + " <sync(set.removeRangeTail('z', false)).intValue()>"
"Era esperado valores iguais, mas  4 é diferente de " + result15 + " <sync(set.removeRangeTail('c', false)).intValue()>"
"Era esperado valores iguais, mas  1 é diferente de " + result16 + " <sync(set.removeRangeTail('c', true)).intValue()>"
"Era esperado valores iguais, mas  2 é diferente de " + result17 + " <sync(set.removeRangeHead('c', false)).intValue()>"
"Era esperado valores iguais, mas  1 é diferente de " + " (int) sync(set.removeRangeHead('c', true))"
"Era esperado valores iguais, mas  5 é diferente de " + result18 + " <sync(set.removeRange('aaa', true, 'g', false)).intValue()>"
"Era esperado verdadeiro, mas " + result19 + " <sync(set.add('a'))> é falso"
"Era esperado verdadeiro, mas " + result20 + " <sync(set.add('b'))> é falso"
"Era esperado verdadeiro, mas " + result21 + " <sync(set.add('c'))> é falso"
"Era esperado verdadeiro, mas " + result22 + " <sync(set.add('d'))> é falso"
"Era esperado verdadeiro, mas " + result23 + " <sync(set.add('e'))> é falso"
"Era esperado verdadeiro, mas " + result24 + " <sync(set.add('f'))> é falso"
"Era esperado verdadeiro, mas " + result25 + " <sync(set.add('g'))> é falso"
"Era esperado valores iguais, mas  5 é diferente de " + " (int) sync(set.count('b', true, 'f', true))"
"Era esperado valores iguais, mas  3 é diferente de " + " (int) sync(set.count('b', false, 'f', false))"
"Era esperado valores iguais, mas  '1' é diferente de " + result26 + " <iter.next()>"
"Era esperado valores iguais, mas  '4' é diferente de " + result27 + " <iter.next()>"
"Era esperado valores iguais, mas  4 é diferente de " + " iteration"
"Era esperado valores iguais, mas  0 é diferente de " + result28 + " <list.size()>"
"Era esperado verdadeiro, mas " + result29 + " <list.isEmpty()> é falso"
"Era esperado valores iguais, mas  0 é diferente de " + result30 + " <setCopy.size()>"
"Era esperado verdadeiro, mas o valor obtido é falso"
"Era esperado verdadeiro, mas " + result31 + " <set.add(1)> é falso"
"Era esperado verdadeiro, mas " + result32 + " <set.add(2)> é falso"
"Era esperado verdadeiro, mas " + result33 + " <set.add(3)> é falso"
"Era esperado verdadeiro, mas " + result34 + " <set.add(4)> é falso"
"Era esperado verdadeiro, mas " + result35 + " <set.add(5)> é falso"
"Era esperado verdadeiro, mas o valor obtido é falso"
"Era esperado verdadeiro, mas " + result36 + " <set.add(2)> é falso"
"Era esperado verdadeiro, mas " + result37 + " <set.add(3)> é falso"
"Era esperado verdadeiro, mas " + result38 + " <set.add(1)> é falso"
"Era esperado verdadeiro, mas " + result39 + " <set.add(4)> é falso"
"Era esperado verdadeiro, mas " + result40 + " <set.add(10)> é falso"
"Era esperado verdadeiro, mas " + result41 + " <set.add(-1)> é falso"
"Era esperado verdadeiro, mas " + result42 + " <set.add(0)> é falso"
"Era esperado valores iguais, mas  -1 é diferente de " + " (int) set.peek()"
"Era esperado verdadeiro, mas " + result43 + " <set.remove(3)> é falso"
"Era esperado verdadeiro, mas " + result44 + " <set.remove(1)> é falso"
"Era esperado verdadeiro, mas " + result45 + " <set.retainAll(Arrays.asList(1, 2))> é falso"
"Era esperado valores iguais, mas  2 é diferente de " + result46 + " <set.size()>"
"Era esperado verdadeiro, mas " + result47 + " <set.containsAll(Arrays.asList(30, 11))> é falso"
"Era esperado verdadeiro, mas " + result48 + " <set.contains(new TestObject('2', '3'))> é falso"
"Era esperado verdadeiro, mas " + result49 + " <set.contains(new TestObject('1', '2'))> é falso"
"Era esperado valores iguais, mas  5 é diferente de " + result50 + " <set.size()>"
"Era esperado valores iguais, mas  7 é diferente de " + result51 + " <set.size()>"
"Era esperado valores iguais, mas  5 é diferente de " + result52 + " <sync(bs.length()).intValue()>"
"Era esperado valores iguais, mas  32 é diferente de " + result53 + " <sync(bs.length()).intValue()>"
"Era esperado valores iguais, mas  8 é diferente de " + result54 + " <sync(bs.length()).intValue()>"
"Era esperado valores iguais, mas  122 é diferente de " + result55 + " <sync(bs.length()).intValue()>"
"Era esperado valores iguais, mas  1 é diferente de " + result56 + " <sync(bs.length()).intValue()>"
"Era esperado valores iguais, mas  '{3, 4, 5, 6, 7}' é diferente de " + result57 + " <bs.toString()>"
"Era esperado valores iguais, mas  '{0, 1, 2, 4, 6, 7}' é diferente de " + result58 + " <bs.toString()>"
"Era esperado valores iguais, mas  '{3, 5}' é diferente de " + result59 + " <bs.toString()>"
"Era esperado valores iguais, mas  '{1, 10}' é diferente de " + result60 + " <bs.toString()>"
"Era esperado valores iguais, mas  0 é diferente de " + result61 + " <sync(bitset.cardinality()).intValue()>"
"Era esperado valores iguais, mas  0 é diferente de " + result62 + " <sync(bitset.size()).intValue()>"
"Era esperado verdadeiro, mas " + result63 + " <sync(bitset.get(31))> é falso"
"Era esperado verdadeiro, mas " + result64 + " <sync(bitset.get(10))> é falso"
"Era esperado valores iguais, mas  2 é diferente de " + result65 + " <sync(bitset.cardinality()).intValue()>"
"Era esperado valores iguais, mas  32 é diferente de " + result66 + " <sync(bitset.size()).intValue()>"
"Era esperado valores iguais, mas  7 é diferente de " + result67 + " <sync(bs.cardinality()).intValue()>"
"Era esperado valores iguais, mas  16 é diferente de " + result68 + " <sync(bs.size()).intValue()>"
"Era esperado valores iguais, mas  2 é diferente de " + result69 + " <sync(bs1.cardinality()).intValue()>"
"Era esperado valores iguais, mas  8 é diferente de " + result70 + " <sync(bs1.size()).intValue()>"
"Era esperado verdadeiro, mas " + result71 + " <sync(bs1.get(4))> é falso"
"Era esperado verdadeiro, mas " + result72 + " <sync(bs2.get(10))> é falso"
"Era esperado valores iguais, mas  1 é diferente de " + result73 + " <sync(bs1.cardinality()).intValue()>"
"Era esperado valores iguais, mas  16 é diferente de " + result74 + " <sync(bs1.size()).intValue()>"
"Era esperado verdadeiro, mas " + result75 + " <executor.awaitTermination(10, TimeUnit.SECONDS)> é falso"
"Era esperado valores iguais, mas  true é diferente de " + result76 + " <sync(list2.addAll(list.iterator()))>"
"Era esperado valores iguais, mas  5 é diferente de " + result77 + " <sync(list2.size()).intValue()>"
"Era esperado nulo, mas " + result78 + " <sync(set.removeRandom())> não é nulo"
"Era esperado valores iguais, mas " + result79 + " <sb.getLng()> é diferente de " + result80 + " <toIterator(set.iterator()).next().getLng()>"
"Era esperado verdadeiro, mas " + result81 + " <sync(set.remove(1))> é falso"
"Era esperado valores iguais, mas  0 é diferente de " + result82 + " <setCopy.size()>"
"Era esperado verdadeiro, mas " + result83 + " <sync(set.retainAll(Arrays.asList(1, 2)))> é falso"
"Era esperado valores iguais, mas  2 é diferente de " + result84 + " <sync(set.size()).intValue()>"
"Era esperado verdadeiro, mas " + result85 + " <sync(set.containsAll(Collections.emptyList()))> é falso"
"Era esperado verdadeiro, mas " + result86 + " <sync(set.containsAll(Arrays.asList(30, 11)))> é falso"
"Era esperado verdadeiro, mas " + result87 + " <sync(set.contains(new TestObject('2', '3')))> é falso"
"Era esperado verdadeiro, mas " + result88 + " <sync(set.contains(new TestObject('1', '2')))> é falso"
"Era esperado valores iguais, mas  4 é diferente de " + result89 + " <sync(set.size()).intValue()>"
"Era esperado valores iguais, mas  5 é diferente de " + result90 + " <sync(set.size()).intValue()>"
"Era esperado verdadeiro, mas " + result91 + " <sync(set.retainAll(Collections.<Integer>emptyList()))> é falso"
"Era esperado valores iguais, mas  0 é diferente de " + result92 + " <sync(set.size()).intValue()>"
"Era esperado verdadeiro, mas " + result93 + " <sync(set.move('otherSet', 1))> é falso"
"Era esperado valores iguais, mas  1 é diferente de " + result94 + " <sync(set.size()).intValue()>"
"Era esperado valores iguais, mas  1 é diferente de " + result95 + " <sync(otherSet.size()).intValue()>"
"Era esperado valores iguais, mas  1 é diferente de " + result96 + " <sync(set.size()).intValue()>"
"Era esperado valores iguais, mas  0 é diferente de " + result97 + " <sync(otherSet.size()).intValue()>"
"Era esperado valores iguais, mas  2 é diferente de " + result98 + " <count.intValue()>"
"Era esperado verdadeiro, mas " + result99 + " <sync(tmp.contains(1))> é falso"
"Era esperado verdadeiro, mas " + result100 + " <sync(tmp.contains(3))> é falso"
"Era esperado valores iguais, mas  expectedMap é diferente de " + " filtered"
"Era esperado verdadeiro, mas " + result101 + " <filteredAgain.isEmpty()> é falso"
"Era esperado valores iguais, mas  expectedMap é diferente de " + " filtered"
"Era esperado valores iguais, mas  0 é diferente de " + result102 + " <cache.size()>"
"Era esperado valores iguais, mas  0 é diferente de " + result103 + " <cache.size()>"
"Era esperado valores iguais, mas  1 é diferente de " + result104 + " <cache.size()>"
"Era esperado verdadeiro, mas " + result105 + " <map.keySet().contains(new SimpleKey('33'))> é falso"
"Era esperado verdadeiro, mas " + result106 + " <map.keySet().contains(new SimpleKey('1'))> é falso"
"Era esperado verdadeiro, mas " + result107 + " <map.keySet().contains(new SimpleKey('1'))> é falso"
"Era esperado verdadeiro, mas " + result108 + " <map.values().contains(new SimpleValue('44'))> é falso"
"Era esperado verdadeiro, mas " + result109 + " <map.values().contains(new SimpleValue('2'))> é falso"
"Era esperado verdadeiro, mas " + result110 + " <map.values().contains(new SimpleValue('2'))> é falso"
"Era esperado verdadeiro, mas " + result111 + " <map.containsValue(new SimpleValue('44'))> é falso"
"Era esperado verdadeiro, mas " + result112 + " <map.containsKey(new SimpleKey('33'))> é falso"
"Era esperado verdadeiro, mas o valor obtido é falso"
"Era esperado nulo, mas o valor obtido não é nulo"
"Era esperado valores iguais, mas  0 é diferente de " + result113 + " <map.size()>"
"Era esperado valores iguais, mas  '2' é diferente de " + result114 + " <val1.getValue()>"
"Era esperado valores iguais, mas  '2' é diferente de " + result115 + " <val1.getValue()>"
"Era esperado verdadeiro, mas o valor obtido é falso"
"Era esperado valores iguais, mas  '3' é diferente de " + result116 + " <val1.getValue()>"
"Era esperado nulo, mas " + result117 + " <map.get(new SimpleKey('33'))> não é nulo"
"Era esperado valores iguais, mas  3 é diferente de " + result118 + " <map.size()>"
"Era esperado valores iguais, mas  0 é diferente de " + result119 + " <map.size()>"
"Era esperado nulo, mas " + result120 + " <map.get(new SimpleKey('33'))> não é nulo"
"Era esperado valores iguais, mas  '44' é diferente de " + result121 + " <val1.getValue()>"
"Era esperado valores iguais, mas  1 é diferente de " + result122 + " <map.size()>"
"Era esperado valores iguais, mas  '44' é diferente de " + result123 + " <val2.getValue()>"
"Era esperado valores iguais, mas  1 é diferente de " + result124 + " <map.size()>"
"Era esperado nulo, mas " + result125 + " <map.get(new SimpleKey('33'))> não é nulo"
"Era esperado nulo, mas " + result126 + " <map.get(new SimpleKey('33'))> não é nulo"
"Era esperado nulo, mas " + result127 + " <map.get(new SimpleKey('55'))> não é nulo"
"Era esperado valores iguais, mas  '44' é diferente de " + result128 + " <val1.getValue()>"
"Era esperado valores iguais, mas  '66' é diferente de " + result129 + " <val2.getValue()>"
"Era esperado valores iguais, mas  2 é diferente de " + result130 + " <map.size()>"
"Era esperado valores iguais, mas  '44' é diferente de " + result131 + " <val3.getValue()>"
"Era esperado valores iguais, mas  '66' é diferente de " + result132 + " <val4.getValue()>"
"Era esperado valores iguais, mas  2 é diferente de " + result133 + " <map.size()>"
"Era esperado nulo, mas " + result134 + " <map.get(new SimpleKey('33'))> não é nulo"
"Era esperado nulo, mas " + result135 + " <map.get(new SimpleKey('55'))> não é nulo"
"Era esperado valores iguais, mas  value é diferente de " + result136 + " <map.putIfAbsent(key, new SimpleValue('3'), 1, TimeUnit.SECONDS)>"
"Era esperado valores iguais, mas  value é diferente de " + result137 + " <map.get(key)>"
"Era esperado valores iguais, mas  new SimpleValue('4') é diferente de " + result138 + " <map.get(new SimpleKey('4'))>"
"Era esperado nulo, mas " + result139 + " <map.get(new SimpleKey('4'))> não é nulo"
"Era esperado valores iguais, mas  new SimpleValue('4') é diferente de " + result140 + " <map.get(new SimpleKey('4'))>"
"Era esperado nulo, mas " + result141 + " <map.putIfAbsent(key1, value1, 2, TimeUnit.SECONDS)> não é nulo"
"Era esperado valores iguais, mas  value1 é diferente de " + result142 + " <map.get(key1)>"
"Era esperado valores iguais, mas  3 é diferente de " + " (int) map.get('123')"
"Era esperado valores iguais, mas  1L é diferente de " + result143 + " <mapCache.get('4')>"
"Era esperado valores iguais, mas  1L é diferente de " + result144 + " <mapCache.get('4')>"
"Era esperado valores iguais, mas  1L é diferente de " + result145 + " <map.get('4')>"
"Era esperado valores iguais, mas  2.23 é diferente de " + result146 + " <mapCache1.get('4')>"
"Era esperado valores iguais, mas  'redis://127.0.0.1' é diferente de " + result147 + " <config.getAddress()>"
"Era esperado valores iguais, mas  'redis://1.1.1.1' é diferente de " + result148 + " <config.getAddress()>"
"Era esperado valores iguais, mas  'redis://1.1.1.1' é diferente de " + result149 + " <config.getAddress()>"
"Era esperado valores iguais, mas  'redis://1.1.1.1:6379' é diferente de " + result150 + " <config.getAddress()>"
"Era esperado valores iguais, mas  'redis://1.1.1.1:6379' é diferente de " + result151 + " <config.getAddress()>"
"Era esperado valores iguais, mas  'redis://${REDIS_URI}' é diferente de " + result152 + " <config.getAddress()>"
"Era esperado valores iguais, mas  'redis://11.0.0.1' é diferente de " + result153 + " <config.getAddress()>"
"Era esperado valores iguais, mas  'redis://11.0.0.1' é diferente de " + result154 + " <config.getAddress()>"
"Era esperado valores iguais, mas  'redis://11.0.0.1:1234' é diferente de " + result155 + " <config.getAddress()>"
"Era esperado valores iguais, mas  'redis://11.0.0.1:1234' é diferente de " + result156 + " <config.getAddress()>"
"Era esperado valores iguais, mas  'redis://10.0.0.1' é diferente de " + result157 + " <config.getAddress()>"
"Era esperado valores iguais, mas  'redis://127.0.0.1:6379' é diferente de " + result158 + " <config.getAddress()>"
"Era esperado valores iguais, mas  'redis://11.0.0.1:1234' é diferente de " + result159 + " <config.getAddress()>"
"Era esperado valores iguais, mas  'redis://127.0.0.1:6379' é diferente de " + result160 + " <config.getAddress()>"
"Era esperado verdadeiro, mas o valor obtido é falso"
"Era esperado verdadeiro, mas " + result161 + " <latch.await(1, TimeUnit.SECONDS)> é falso"
"Era esperado verdadeiro, mas " + result162 + " <lock.isHeldByCurrentThread()> é falso"
"Era esperado verdadeiro, mas " + result163 + " <lock.isLocked()> é falso"
"Era esperado verdadeiro, mas " + result164 + " <lock.isLocked()> é falso"
"Era esperado verdadeiro, mas " + result165 + " <lock.tryLock()> é falso"
"Era esperado verdadeiro, mas " + result166 + " <lock.tryLock()> é falso"
"Era esperado verdadeiro, mas o valor obtido é falso"
"Era esperado verdadeiro, mas o valor obtido é falso"
"Era esperado verdadeiro, mas o valor obtido é falso"
"Era esperado verdadeiro, mas o valor obtido é falso"
"Era esperado verdadeiro, mas o valor obtido é falso"
"Era esperado verdadeiro, mas o valor obtido é falso"
"Era esperado verdadeiro, mas o valor obtido é falso"
"Era esperado verdadeiro, mas o valor obtido é falso"
"Era esperado verdadeiro, mas o valor obtido é falso"
"Era esperado verdadeiro, mas o valor obtido é falso"
"Era esperado verdadeiro, mas o valor obtido é falso"
"Era esperado verdadeiro, mas o valor obtido é falso"
"Era esperado verdadeiro, mas o valor obtido é falso"
"Era esperado verdadeiro, mas o valor obtido é falso"
"Era esperado verdadeiro, mas o valor obtido é falso"
"Era esperado verdadeiro, mas o valor obtido é falso"
"Era esperado verdadeiro, mas o valor obtido é falso"
"Era esperado verdadeiro, mas o valor obtido é falso"
"Era esperado verdadeiro, mas o valor obtido é falso"
"Era esperado verdadeiro, mas o valor obtido é falso"
"Era esperado verdadeiro, mas o valor obtido é falso"
"Era esperado verdadeiro, mas o valor obtido é falso"
"Era esperado verdadeiro, mas o valor obtido é falso"
"Era esperado verdadeiro, mas o valor obtido é falso"
"Era esperado verdadeiro, mas o valor obtido é falso"
"Era esperado verdadeiro, mas " + result167 + " <sync(list.removeAll(Arrays.asList(3, 2, 10, 6)))> é falso"
"Era esperado verdadeiro, mas " + result168 + " <sync(list.removeAll(Arrays.asList(4)))> é falso"
"Era esperado verdadeiro, mas " + result169 + " <sync(list.removeAll(Arrays.asList(1, 5, 1, 5)))> é falso"
"Era esperado verdadeiro, mas " + result170 + " <sync(list.retainAll(Arrays.asList(3, 2, 10, 6)))> é falso"
"Era esperado verdadeiro, mas " + result171 + " <sync(list.retainAll(Collections.<Integer>emptyList()))> é falso"
"Era esperado verdadeiro, mas " + result172 + " <sync(list.containsAll(Arrays.asList(30, 11)))> é falso"
"Era esperado verdadeiro, mas " + result173 + " <sync(list.containsAll(Arrays.asList(30)))> é falso"
"Era esperado verdadeiro, mas " + result174 + " <sync(list.containsAll(Collections.emptyList()))> é falso"
"Era esperado verdadeiro, mas " + result175 + " <Arrays.asList(1).containsAll(Collections.emptyList())> é falso"
"Era esperado verdadeiro, mas " + result176 + " <sync(list.contains('3'))> é falso"
"Era esperado verdadeiro, mas " + result177 + " <sync(list.contains('1'))> é falso"
"Era esperado verdadeiro, mas " + result178 + " <set.add('a')> é falso"
"Era esperado verdadeiro, mas " + result179 + " <set.add('b')> é falso"
"Era esperado verdadeiro, mas " + result180 + " <set.add('c')> é falso"
"Era esperado verdadeiro, mas " + result181 + " <set.add('d')> é falso"
"Era esperado verdadeiro, mas " + result182 + " <set.add('e')> é falso"
"Era esperado verdadeiro, mas " + result183 + " <set.add('f')> é falso"
"Era esperado verdadeiro, mas " + result184 + " <set.add('g')> é falso"
"Era esperado verdadeiro, mas " + result185 + " <set.add('a')> é falso"
"Era esperado verdadeiro, mas " + result186 + " <set.add('b')> é falso"
"Era esperado verdadeiro, mas " + result187 + " <set.add('c')> é falso"
"Era esperado verdadeiro, mas " + result188 + " <set.add('d')> é falso"
"Era esperado verdadeiro, mas " + result189 + " <set.add('e')> é falso"
"Era esperado verdadeiro, mas " + result190 + " <set.add('f')> é falso"
"Era esperado verdadeiro, mas " + result191 + " <set.add('g')> é falso"
"Era esperado verdadeiro, mas " + result192 + " <set.add('a')> é falso"
"Era esperado verdadeiro, mas " + result193 + " <set.add('b')> é falso"
"Era esperado verdadeiro, mas " + result194 + " <set.add('c')> é falso"
"Era esperado verdadeiro, mas " + result195 + " <set.add('d')> é falso"
"Era esperado verdadeiro, mas " + result196 + " <set.add('e')> é falso"
"Era esperado verdadeiro, mas " + result197 + " <set.add('f')> é falso"
"Era esperado verdadeiro, mas " + result198 + " <set.add('g')> é falso"
"Era esperado verdadeiro, mas " + result199 + " <executor.awaitTermination(RedissonRuntimeEnvironment.isTravis ? 10 : 3, TimeUnit.MINUTES)> é falso"
"Era esperado verdadeiro, mas " + result200 + " <executor.awaitTermination(5, TimeUnit.MINUTES)> é falso"
"Era esperado verdadeiro, mas " + result201 + " <executor.awaitTermination(5, TimeUnit.MINUTES)> é falso"
"Era esperado verdadeiro, mas " + result202 + " <executor.awaitTermination(5, TimeUnit.MINUTES)> é falso"
"Era esperado verdadeiro, mas " + result203 + " <pool.awaitTermination(RedissonRuntimeEnvironment.isTravis ? 20 : 3, TimeUnit.MINUTES)> é falso"
"Era esperado verdadeiro, mas o valor obtido é falso"
"Era esperado verdadeiro, mas o valor obtido é falso"
"Era esperado verdadeiro, mas o valor obtido é falso"
"Era esperado verdadeiro, mas o valor obtido é falso"
"Era esperado verdadeiro, mas o valor obtido é falso"
"Era esperado verdadeiro, mas o valor obtido é falso"
"Era esperado verdadeiro, mas o valor obtido é falso"
"Era esperado verdadeiro, mas " + result204 + " <latch.await(1, TimeUnit.SECONDS)> é falso"
"Era esperado verdadeiro, mas " + result205 + " <lock.isHeldByCurrentThread()> é falso"
"Era esperado verdadeiro, mas " + result206 + " <lock.isLocked()> é falso"
"Era esperado verdadeiro, mas " + result207 + " <lock.isLocked()> é falso"
"Era esperado verdadeiro, mas " + result208 + " <lock.tryLock()> é falso"
"Era esperado verdadeiro, mas " + result209 + " <lock.tryLock()> é falso"
"Era esperado verdadeiro, mas o valor obtido é falso"
"Era esperado verdadeiro, mas o valor obtido é falso"
"Era esperado verdadeiro, mas " + result210 + " <sync(s1.add(b1))> é falso"
"Era esperado verdadeiro, mas o valor obtido é falso"
"Era esperado verdadeiro, mas o valor obtido é falso"
"Era esperado verdadeiro, mas o valor obtido é falso"
"Era esperado verdadeiro, mas o valor obtido é falso"
"Era esperado verdadeiro, mas " + result211 + " <latch.await(1, TimeUnit.SECONDS)> é falso"
"Era esperado verdadeiro, mas " + result212 + " <lock.isHeldByCurrentThread()> é falso"
"Era esperado verdadeiro, mas " + result213 + " <lock.isLocked()> é falso"
"Era esperado verdadeiro, mas " + result214 + " <lock.isLocked()> é falso"
"Era esperado verdadeiro, mas " + result215 + " <lock.tryLock()> é falso"
"Era esperado verdadeiro, mas " + result216 + " <lock.tryLock()> é falso"
"Era esperado verdadeiro, mas " + result217 + " <b1.get().getClass().equals(RedissonBucket.class)> é falso"
"Era esperado verdadeiro, mas o valor obtido é falso"
"Era esperado verdadeiro, mas o valor obtido é falso"
"Era esperado verdadeiro, mas " + result218 + " <s1.add(b1)> é falso"
"Era esperado verdadeiro, mas o valor obtido é falso"
"Era esperado verdadeiro, mas o valor obtido é falso"
"Era esperado verdadeiro, mas o valor obtido é falso"
"Era esperado verdadeiro, mas " + result219 + " <future.get()> é falso"
"Era esperado verdadeiro, mas " + result220 + " <set.contains(2)> é falso"
"Era esperado verdadeiro, mas " + result221 + " <set.removeAsync(1).get()> é falso"
"Era esperado verdadeiro, mas " + result222 + " <list.isEmpty()> é falso"
"Era esperado verdadeiro, mas o valor obtido é falso"
"Era esperado verdadeiro, mas " + result223 + " <set.add(1)> é falso"
"Era esperado verdadeiro, mas " + result224 + " <set.add(2)> é falso"
"Era esperado verdadeiro, mas " + result225 + " <set.add(3)> é falso"
"Era esperado verdadeiro, mas " + result226 + " <set.add(4)> é falso"
"Era esperado verdadeiro, mas " + result227 + " <set.add(5)> é falso"
"Era esperado verdadeiro, mas o valor obtido é falso"
"Era esperado verdadeiro, mas " + result228 + " <set.add(2)> é falso"
"Era esperado verdadeiro, mas " + result229 + " <set.add(3)> é falso"
"Era esperado verdadeiro, mas " + result230 + " <set.add(1)> é falso"
"Era esperado verdadeiro, mas " + result231 + " <set.add(4)> é falso"
"Era esperado verdadeiro, mas " + result232 + " <set.add(10)> é falso"
"Era esperado verdadeiro, mas " + result233 + " <set.add(-1)> é falso"
"Era esperado verdadeiro, mas " + result234 + " <set.add(0)> é falso"
"Era esperado verdadeiro, mas " + result235 + " <set.remove(3)> é falso"
"Era esperado verdadeiro, mas " + result236 + " <set.retainAll(Arrays.asList(1, 2))> é falso"
"Era esperado verdadeiro, mas " + result237 + " <set.containsAll(Arrays.asList(30, 11))> é falso"
"Era esperado verdadeiro, mas " + result238 + " <set.contains(new TestObject('2', '3'))> é falso"
"Era esperado verdadeiro, mas " + result239 + " <set.contains(new TestObject('1', '2'))> é falso"
"Era esperado verdadeiro, mas " + result240 + " <set.add(new TestObject('1', '2'))> é falso"
"Era esperado verdadeiro, mas " + result241 + " <set.add(new TestObject('2', '3'))> é falso"
"Era esperado verdadeiro, mas " + result242 + " <set.add(new TestObject('3', '4'))> é falso"
"Era esperado verdadeiro, mas " + result243 + " <set.add(new TestObject('5', '6'))> é falso"
"Era esperado verdadeiro, mas " + result244 + " <stringIterator2.hasNext()> é falso"
"Era esperado valores iguais, mas  0 é diferente de " + result245 + " <lock.getHoldCount()>"
"Era esperado valores iguais, mas  1 é diferente de " + result246 + " <lock.getHoldCount()>"
"Era esperado valores iguais, mas  0 é diferente de " + result247 + " <lock.getHoldCount()>"
"Era esperado valores iguais, mas  2 é diferente de " + result248 + " <lock.getHoldCount()>"
"Era esperado valores iguais, mas  1 é diferente de " + result249 + " <lock.getHoldCount()>"
"Era esperado valores iguais, mas  0 é diferente de " + result250 + " <lock.getHoldCount()>"
"Era esperado valores iguais, mas  iterations é diferente de " + result251 + " <lockedCounter.get()>"
"Era esperado valores iguais, mas  16 * iterations é diferente de " + result252 + " <lockedCounter.get()>"
"Era esperado valores iguais, mas  iterations é diferente de " + result253 + " <lockedCounter.get()>"
"Era esperado valores iguais, mas  126145 é diferente de " + result254 + " <list.hashCode()>"
"Era esperado valores iguais, mas  true é diferente de " + result255 + " <sync(list2.addAll(list.iterator()))>"
"Era esperado valores iguais, mas  5 é diferente de " + result256 + " <sync(list2.size()).intValue()>"
"A execução falhou por uma causa deliberada"
"A execução falhou por uma causa deliberada"
"Era esperado valores iguais, mas  -1 é diferente de " + result259 + " <sync(list.lastIndexOf(10)).intValue()>"
"Era esperado valores iguais, mas  2 é diferente de " + " index"
"Era esperado valores iguais, mas  5 é diferente de " + " index"
"Era esperado valores iguais, mas  8 é diferente de " + " index"
"Era esperado valores iguais, mas  0 é diferente de " + result260 + " <sync(list.size()).longValue()>"
"Era esperado valores iguais, mas  2 é diferente de " + result261 + " <sync(list.size()).longValue()>"
"Era esperado valores iguais, mas  3 é diferente de " + " (int) sync(list.get(0))"
"Era esperado valores iguais, mas  0 é diferente de " + result262 + " <sync(list.size()).intValue()>"
"Era esperado valores iguais, mas  true é diferente de " + result263 + " <sync(list.addAll(2, Arrays.asList(7, 8, 9)))>"
"Era esperado valores iguais, mas  true é diferente de " + result264 + " <sync(list.addAll(0, Arrays.asList(6, 7)))>"
"Era esperado valores iguais, mas  true é diferente de " + result265 + " <sync(list.addAll(Arrays.asList(7, 8, 9)))>"
"Era esperado valores iguais, mas  true é diferente de " + result266 + " <sync(list.addAll(Arrays.asList(9, 1, 9)))>"
"Era esperado valores iguais, mas  false é diferente de " + result267 + " <sync(list.addAll(Collections.<Integer>emptyList()))>"
"Era esperado valores iguais, mas  0 é diferente de " + result268 + " <sync(list.size()).intValue()>"
"Era esperado valores iguais, mas " + result269 + " <sync(list.size()).intValue()> é diferente de " + " iteration"
"Era esperado valores iguais, mas  '1' é diferente de " + " val1"
"Era esperado valores iguais, mas  '5' é diferente de " + " val2"
"Era esperado valores iguais, mas  5 é diferente de " + result270 + " <sync(list.size()).intValue()>"
"Era esperado valores iguais, mas  'c' é diferente de " + result271 + " <set.pollLast()>"
"Era esperado valores iguais, mas  'a' é diferente de " + result272 + " <set.pollFirst()>"
"Era esperado valores iguais, mas  'a' é diferente de " + result273 + " <set.first()>"
"Era esperado valores iguais, mas  'd' é diferente de " + result274 + " <set.last()>"
"Era esperado valores iguais, mas  0 é diferente de " + " (int) set.removeRangeTail('z', false)"
"Era esperado valores iguais, mas  4 é diferente de " + " (int) set.removeRangeTail('c', false)"
"Era esperado valores iguais, mas  1 é diferente de " + " (int) set.removeRangeTail('c', true)"
"Era esperado valores iguais, mas  2 é diferente de " + " (int) set.removeRangeHead('c', false)"
"Era esperado valores iguais, mas  1 é diferente de " + " (int) set.removeRangeHead('c', true)"
"Era esperado valores iguais, mas  5 é diferente de " + result275 + " <set.removeRange('aaa', true, 'g', false)>"
"Era esperado valores iguais, mas  0 é diferente de " + result276 + " <lock.getHoldCount()>"
"Era esperado valores iguais, mas  1 é diferente de " + result277 + " <lock.getHoldCount()>"
"Era esperado valores iguais, mas  0 é diferente de " + result278 + " <lock.getHoldCount()>"
"Era esperado valores iguais, mas  2 é diferente de " + result279 + " <lock.getHoldCount()>"
"Era esperado valores iguais, mas  1 é diferente de " + result280 + " <lock.getHoldCount()>"
"Era esperado valores iguais, mas  0 é diferente de " + result281 + " <lock.getHoldCount()>"
"Era esperado valores iguais, mas  iterations é diferente de " + result282 + " <lockedCounter.get()>"
"Era esperado valores iguais, mas  16 * iterations é diferente de " + result283 + " <lockedCounter.get()>"
"Era esperado valores iguais, mas  iterations é diferente de " + result284 + " <lockedCounter.get()>"
"Era esperado valores iguais, mas  'b3' é diferente de " + result285 + " <((RBucketReactive) sync(((RBucketReactive) sync(b1.get())).get())).getName()>"
"Era esperado valores iguais, mas  'b2' é diferente de " + result286 + " <((RBucketReactive) sync(((RMapCacheReactive) sync(b4.get())).get(b1))).getName()>"
"Era esperado valores iguais, mas  'b2' é diferente de " + result287 + " <result.get(0).getName()>"
"Era esperado valores iguais, mas  'b3' é diferente de " + result288 + " <result.get(1).getName()>"
"Era esperado valores iguais, mas  'b1' é diferente de " + result289 + " <result.get(2).getName()>"
"Era esperado valores iguais, mas  'b2' é diferente de " + result290 + " <result.get(0).getName()>"
"Era esperado valores iguais, mas  'b3' é diferente de " + result291 + " <result.get(1).getName()>"
"Era esperado valores iguais, mas  'b1' é diferente de " + result292 + " <result.get(2).getName()>"
"Era esperado valores iguais, mas  0 é diferente de " + result293 + " <lock.getHoldCount()>"
"Era esperado valores iguais, mas  1 é diferente de " + result294 + " <lock.getHoldCount()>"
"Era esperado valores iguais, mas  0 é diferente de " + result295 + " <lock.getHoldCount()>"
"Era esperado valores iguais, mas  2 é diferente de " + result296 + " <lock.getHoldCount()>"
"Era esperado valores iguais, mas  1 é diferente de " + result297 + " <lock.getHoldCount()>"
"Era esperado valores iguais, mas  0 é diferente de " + result298 + " <lock.getHoldCount()>"
"Era esperado valores iguais, mas  iterations é diferente de " + result299 + " <lockedCounter.get()>"
"Era esperado valores iguais, mas  16 * iterations é diferente de " + result300 + " <lockedCounter.get()>"
"Era esperado valores iguais, mas  iterations é diferente de " + result301 + " <lockedCounter.get()>"
"Era esperado valores iguais, mas  'b3' é diferente de " + result302 + " <((RBucket) ((RBucket) b1.get()).get()).getName()>"
"Era esperado valores iguais, mas  'b2' é diferente de " + result303 + " <((RBucket) ((RedissonMapCache) b4.get()).get(b1)).getName()>"
"Era esperado valores iguais, mas  't1' é diferente de " + result304 + " <((RedissonLiveObjectServiceTest.TestREntity) redisson.getBucket('b5').get()).getName()>"
"Era esperado valores iguais, mas  't2' é diferente de " + result305 + " <((RedissonLiveObjectServiceTest.TestREntity) redisson.getBucket('b5').get()).getValue()>"
"Era esperado valores iguais, mas  'b2' é diferente de " + result306 + " <result.get(0).getName()>"
"Era esperado valores iguais, mas  'b3' é diferente de " + result307 + " <result.get(1).getName()>"
"Era esperado valores iguais, mas  'b1' é diferente de " + result308 + " <result.get(2).getName()>"
"Era esperado valores iguais, mas  'b2' é diferente de " + result309 + " <result.get(0).getName()>"
"Era esperado valores iguais, mas  'b3' é diferente de " + result310 + " <result.get(1).getName()>"
"Era esperado valores iguais, mas  'b1' é diferente de " + result311 + " <result.get(2).getName()>"
"Era esperado valores iguais, mas " + result312 + " <b2.get()> é diferente de " + result313 + " <b1.iterator().next().get()>"
"Era esperado valores iguais, mas  2 é diferente de " + result314 + " <redisson.getKeys().count()>"
"Era esperado valores iguais, mas " + result315 + " <b2.get()> é diferente de " + result316 + " <b1.iterator().next().get()>"
"Era esperado valores iguais, mas  2 é diferente de " + result317 + " <redisson.getKeys().count()>"
"Era esperado valores iguais, mas " + result318 + " <b2.get()> é diferente de " + result319 + " <entryRange.iterator().next().getValue().get()>"
"Era esperado valores iguais, mas " + result320 + " <b2.get()> é diferente de " + result321 + " <b1.readAll().iterator().next().get()>"
"Era esperado valores iguais, mas  2 é diferente de " + result322 + " <redisson.getKeys().count()>"
"Era esperado valores iguais, mas " + result323 + " <b2.get()> é diferente de " + result324 + " <b3.readAllMap().get('1').iterator().next().get()>"
"Era esperado valores iguais, mas " + result325 + " <b2.get()> é diferente de " + result326 + " <b3.readAllEntrySet().iterator().next().getValue().iterator().next().get()>"
"Era esperado valores iguais, mas " + result327 + " <b2.get()> é diferente de " + result328 + " <b3.readAllValues().iterator().next().iterator().next().get()>"
"Era esperado valores iguais, mas " + result329 + " <b2.get()> é diferente de " + result330 + " <b4.readAllKeySet().iterator().next().get()>"
"Era esperado valores iguais, mas " + result331 + " <b2.get()> é diferente de " + result332 + " <q1.readAll().get(0).get()>"
"Era esperado valores iguais, mas " + result333 + " <b2.get()> é diferente de " + result334 + " <q2.readAll().get(0).get()>"
"Era esperado valores iguais, mas " + result335 + " <b2.get()> é diferente de " + result336 + " <q3.readAll().get(0).get()>"
"Era esperado valores iguais, mas " + result337 + " <b2.get()> é diferente de " + result338 + " <l1.readAll().get(0).get()>"
"Era esperado valores iguais, mas " + result339 + " <b2.get()> é diferente de " + result340 + " <sl1.readAll().get(0).get()>"
"Era esperado valores iguais, mas " + result341 + " <b2.get()> é diferente de " + result342 + " <m1.readAllMap().get('1').get()>"
"Era esperado valores iguais, mas " + result343 + " <b2.get()> é diferente de " + result344 + " <m1.readAllEntrySet().iterator().next().getValue().get()>"
"Era esperado valores iguais, mas " + result345 + " <b2.get()> é diferente de " + result346 + " <m1.readAllValues().iterator().next().get()>"
"Era esperado valores iguais, mas " + result347 + " <b2.get()> é diferente de " + result348 + " <m1.readAllMap().get('1').get()>"
"Era esperado valores iguais, mas " + result349 + " <b2.get()> é diferente de " + result350 + " <m1.readAllEntrySet().iterator().next().getValue().get()>"
"Era esperado valores iguais, mas " + result351 + " <b2.get()> é diferente de " + result352 + " <m1.readAllValues().iterator().next().get()>"
"Era esperado valores iguais, mas " + result353 + " <b2.get()> é diferente de " + result354 + " <m2.readAllKeySet().iterator().next().get()>"
"Era esperado valores iguais, mas " + result355 + " <b2.get()> é diferente de " + result356 + " <m2.readAllKeySet().iterator().next().get()>"
"Era esperado valores iguais, mas " + result357 + " <b2.get()> é diferente de " + result358 + " <m3.readAllMap().get('1').iterator().next().get()>"
"Era esperado valores iguais, mas " + result359 + " <b2.get()> é diferente de " + result360 + " <m3.readAllEntrySet().iterator().next().getValue().iterator().next().get()>"
"Era esperado valores iguais, mas " + result361 + " <b2.get()> é diferente de " + result362 + " <m3.readAllValues().iterator().next().iterator().next().get()>"
"Era esperado valores iguais, mas " + result363 + " <b2.get()> é diferente de " + result364 + " <m4.readAllKeySet().iterator().next().get()>"
"Era esperado valores iguais, mas " + result365 + " <b2.get()> é diferente de " + result366 + " <g1.readAll().iterator().next().get()>"
"Era esperado valores iguais, mas " + result367 + " <b2.get()> é diferente de " + result368 + " <s1.readAll().iterator().next().get()>"
"Era esperado valores iguais, mas " + result369 + " <b2.get()> é diferente de " + result370 + " <mm1.get('1').readAll().get(0).get()>"
"Era esperado valores iguais, mas " + result371 + " <b2.get()> é diferente de " + result372 + " <mm2.get(b2).readAll().get(0).get()>"
"Era esperado valores iguais, mas " + result373 + " <b2.get()> é diferente de " + result374 + " <mm3.get('1').readAll().iterator().next().get()>"
"Era esperado valores iguais, mas " + result375 + " <b2.get()> é diferente de " + result376 + " <mm4.get(b2).readAll().iterator().next().get()>"
"Era esperado valores iguais, mas " + result377 + " <b2.get()> é diferente de " + result378 + " <map.values().iterator().next().get()>"
"Era esperado valores iguais, mas " + result379 + " <b1.get()> é diferente de " + result380 + " <map.keySet().iterator().next().get()>"
"Era esperado valores diferentes, mas  3 é igual a " + result381 + " <redisson.getKeys().count()>"
"Era esperado valores iguais, mas  1 é diferente de " + result382 + " <redisson.getKeys().count()>"
"Era esperado valores diferentes, mas  1 é igual a " + result383 + " <redisson.getKeys().count()>"
"Era esperado valores iguais, mas  3 é diferente de " + result384 + " <redisson.getKeys().count()>"
"Era esperado valores iguais, mas  '1' é diferente de " + result385 + " <iter.next()>"
"Era esperado valores iguais, mas  '4' é diferente de " + result386 + " <iter.next()>"
"Era esperado valores iguais, mas  4 é diferente de " + " iteration"
"Era esperado valores iguais, mas  0 é diferente de " + result387 + " <list.size()>"
"Era esperado valores iguais, mas  0 é diferente de " + result388 + " <setCopy.size()>"
"Era esperado valores iguais, mas  -1 é diferente de " + " (int) set.first()"
"Era esperado valores iguais, mas  10 é diferente de " + " (int) set.last()"
"Era esperado valores iguais, mas  2 é diferente de " + result389 + " <set.size()>"
"Era esperado valores iguais, mas  4 é diferente de " + result390 + " <set.size()>"
"Era esperado valores iguais, mas  5 é diferente de " + result391 + " <set.size()>"
"Era esperado valores iguais, mas  multiDecoder é diferente de " + " actualDecoder"
"Era esperado valores diferentes, mas  msgMultiDecoder é igual a " + " actualDecoder"
"Era esperado valores iguais, mas  subMultiDecoder é diferente de " + " actualDecoder"
"Era esperado valores iguais, mas " + result392 + " <multiDecoder.getDecoder(null, 0, null)> é diferente de " + " actualDecoder"
"Era esperado valores iguais, mas  expectedDecoder é diferente de " + " actualDecoder"
"Era esperado valores diferentes, mas " + result393 + " <multiDecoder.getDecoder(null, 0, null)> é igual a " + " actualDecoder"
"Era esperado valores iguais, mas " + result394 + " <ByteArrayCodec.INSTANCE.getValueDecoder()> é diferente de " + " actualDecoder"
"Era esperado verdadeiro, mas " + result395 + " <future.get()> é falso"
"Era esperado verdadeiro, mas " + result396 + " <set.contains(2)> é falso"
"Era esperado verdadeiro, mas " + result397 + " <set.removeAsync(1).get()> é falso"
"Era esperado verdadeiro, mas " + result398 + " <list.isEmpty()> é falso"
"Era esperado verdadeiro, mas " + result399 + " <set.retainAll(Arrays.asList(1, 2))> é falso"
"Era esperado verdadeiro, mas " + result400 + " <set.containsAll(Collections.emptyList())> é falso"
"Era esperado verdadeiro, mas " + result401 + " <set.containsAll(Arrays.asList(30, 11))> é falso"
"Era esperado verdadeiro, mas " + result402 + " <set.contains(new TestObject('2', '3'))> é falso"
"Era esperado verdadeiro, mas " + result403 + " <set.contains(new TestObject('1', '2'))> é falso"
"Era esperado verdadeiro, mas " + result404 + " <set.retainAll(Collections.<Integer>emptyList())> é falso"
"Era esperado verdadeiro, mas " + result405 + " <list.removeAll(Arrays.asList(3, 2, 10, 6))> é falso"
"Era esperado verdadeiro, mas " + result406 + " <list.removeAll(Arrays.asList(4))> é falso"
"Era esperado verdadeiro, mas " + result407 + " <list.removeAll(Arrays.asList(1, 5, 1, 5))> é falso"
"Era esperado verdadeiro, mas " + result408 + " <list.isEmpty()> é falso"
"Era esperado verdadeiro, mas " + result409 + " <stringIterator2.hasNext()> é falso"
"Era esperado verdadeiro, mas o valor obtido é falso"
"Era esperado verdadeiro, mas o valor obtido é falso"
"Era esperado verdadeiro, mas " + result410 + " <map.fastPut('1', 2)> é falso"
"Era esperado verdadeiro, mas o valor obtido é falso"
"Era esperado verdadeiro, mas o valor obtido é falso"
"Era esperado verdadeiro, mas o valor obtido é falso"
"Era esperado verdadeiro, mas " + result411 + " <stringIterator2.hasNext()> é falso"
"Era esperado verdadeiro, mas " + result412 + " <al.compareAndSet(0, 2)> é falso"
"Era esperado verdadeiro, mas " + result413 + " <al2.compareAndSet(0, 2)> é falso"
"Era esperado verdadeiro, mas " + result414 + " <al.compareAndSet(0, 2)> é falso"
"Era esperado verdadeiro, mas o valor obtido é falso"
"Era esperado verdadeiro, mas o valor obtido é falso"
"Era esperado verdadeiro, mas o valor obtido é falso"
"Era esperado verdadeiro, mas " + result415 + " <future.get()> é falso"
"Era esperado verdadeiro, mas " + result416 + " <set.contains(2)> é falso"
"Era esperado verdadeiro, mas " + result417 + " <set.contains(3)> é falso"
"Era esperado verdadeiro, mas " + result418 + " <set.contains(3)> é falso"
"Era esperado verdadeiro, mas " + result419 + " <set.removeAsync(1).get()> é falso"
"Era esperado verdadeiro, mas " + result420 + " <set.isEmpty()> é falso"
"Era esperado verdadeiro, mas " + result421 + " <set.retainAll(Arrays.asList(1, 2))> é falso"
"Era esperado verdadeiro, mas " + result422 + " <set.removeAll(Arrays.asList(1, 2))> é falso"
"Era esperado verdadeiro, mas " + result423 + " <set.add(4, 2)> é falso"
"Era esperado verdadeiro, mas " + result424 + " <set.add(5, 3)> é falso"
"Era esperado verdadeiro, mas " + result425 + " <set.add(3, 1)> é falso"
"Era esperado verdadeiro, mas " + result426 + " <set.add(6, 4)> é falso"
"Era esperado verdadeiro, mas " + result427 + " <set.add(1000, 10)> é falso"
"Era esperado verdadeiro, mas " + result428 + " <set.add(1, -1)> é falso"
"Era esperado verdadeiro, mas " + result429 + " <set.add(2, 0)> é falso"
"Era esperado verdadeiro, mas " + result430 + " <set.remove(3)> é falso"
"Era esperado verdadeiro, mas " + result431 + " <set.containsAll(Arrays.asList(30, 11))> é falso"
"Era esperado verdadeiro, mas " + result432 + " <set.contains(new TestObject('2', '3'))> é falso"
"Era esperado verdadeiro, mas " + result433 + " <set.contains(new TestObject('1', '2'))> é falso"
"Era esperado verdadeiro, mas " + result434 + " <set.add(0, new TestObject('1', '2'))> é falso"
"Era esperado verdadeiro, mas " + result435 + " <set.add(2, new TestObject('2', '3'))> é falso"
"Era esperado verdadeiro, mas " + result436 + " <set.add(3, new TestObject('3', '4'))> é falso"
"Era esperado verdadeiro, mas " + result437 + " <set.add(4, new TestObject('5', '6'))> é falso"
"Era esperado verdadeiro, mas o valor obtido é falso"
"Era esperado verdadeiro, mas o valor obtido é falso"
"Era esperado verdadeiro, mas o valor obtido é falso"
"Era esperado verdadeiro, mas o valor obtido é falso"
"Era esperado verdadeiro, mas " + result438 + " <stringIterator2.hasNext()> é falso"
"Era esperado nulo, mas " + result439 + " <set.pollLast()> não é nulo"
"Era esperado nulo, mas " + result440 + " <set.pollFirst()> não é nulo"
"Era esperado nulo, mas o valor obtido não é nulo"
"Era esperado não nulo, mas  o valor obtido foi nulo"
"Era esperado não nulo, mas  o valor obtido foi nulo"
"Era esperado não nulo, mas  o valor obtido foi nulo"
"Era esperado não nulo, mas  o valor obtido foi nulo"
"Era esperado não nulo, mas  o valor obtido foi nulo"
"Era esperado não nulo, mas  o valor obtido foi nulo"
"Era esperado não nulo, mas  o valor obtido foi nulo"
"Era esperado não nulo, mas  o valor obtido foi nulo"
"Era esperado nulo, mas o valor obtido não é nulo"
"Era esperado não nulo, mas  o valor obtido foi nulo"
"Era esperado não nulo, mas  o valor obtido foi nulo"
"Era esperado nulo, mas o valor obtido não é nulo"
"Era esperado não nulo, mas  o valor obtido foi nulo"
"Era esperado não nulo, mas  o valor obtido foi nulo"
"Era esperado não nulo, mas  o valor obtido foi nulo"
"Era esperado nulo, mas o valor obtido não é nulo"
"Era esperado não nulo, mas  o valor obtido foi nulo"
"Era esperado não nulo, mas  o valor obtido foi nulo"
"Era esperado não nulo, mas  o valor obtido foi nulo"
"Era esperado nulo, mas o valor obtido não é nulo"
"Era esperado não nulo, mas  o valor obtido foi nulo"
"Era esperado não nulo, mas  o valor obtido foi nulo"
"Era esperado não nulo, mas  o valor obtido foi nulo"
"Era esperado nulo, mas o valor obtido não é nulo"
"Era esperado valores iguais, mas  '192.168.234.129' é diferente de " + result441 + " <node.getAddress().getHost()>"
"Era esperado valores iguais, mas  7001 é diferente de " + result442 + " <node.getAddress().getPort()>"
"Era esperado valores iguais, mas " + result443 + " <sb.getLng()> é diferente de " + result444 + " <set.iterator().next().getLng()>"
"Era esperado valores iguais, mas  4 é diferente de " + " iteration"
"Era esperado valores iguais, mas  0 é diferente de " + result445 + " <list.size()>"
"Era esperado valores iguais, mas  0 é diferente de " + result446 + " <setCopy.size()>"
"Era esperado valores iguais, mas  2 é diferente de " + result447 + " <set.size()>"
"Era esperado valores iguais, mas  0 é diferente de " + result448 + " <set.size()>"
"Era esperado valores iguais, mas  10000 é diferente de " + " cnt"
"Era esperado valores iguais, mas  4 é diferente de " + result449 + " <set.size()>"
"Era esperado valores iguais, mas  5 é diferente de " + result450 + " <set.size()>"
"Era esperado valores iguais, mas  0 é diferente de " + result451 + " <set.size()>"
"Era esperado valores iguais, mas  1 é diferente de " + result452 + " <set.size()>"
"Era esperado valores iguais, mas  0 é diferente de " + result453 + " <otherSet.size()>"
"Era esperado valores iguais, mas  expectedValuesSet é diferente de " + " actualValuesSet"
"Era esperado valores iguais, mas " + result454 + " <expectedMap.entrySet()> é diferente de " + result455 + " <m.readAllEntrySet()>"
"Era esperado valores iguais, mas  value é diferente de " + result456 + " <map.putIfAbsent(key, new SimpleValue('3'))>"
"Era esperado valores iguais, mas  value é diferente de " + result457 + " <map.get(key)>"
"Era esperado nulo, mas " + result458 + " <map.putIfAbsent(key1, value1)> não é nulo"
"Era esperado valores iguais, mas  value1 é diferente de " + result459 + " <map.get(key1)>"
"Era esperado nulo, mas o valor obtido não é nulo"
"Era esperado valores iguais, mas  0 é diferente de " + result460 + " <map.size()>"
"Era esperado valores iguais, mas  '2' é diferente de " + result461 + " <val1.getValue()>"
"Era esperado valores iguais, mas  '2' é diferente de " + result462 + " <val1.getValue()>"
"Era esperado valores iguais, mas  '3' é diferente de " + result463 + " <val1.getValue()>"
"Era esperado valores iguais, mas  '2' é diferente de " + result464 + " <res.getValue()>"
"Era esperado valores iguais, mas  '3' é diferente de " + result465 + " <val1.getValue()>"
"Era esperado valores iguais, mas  1 é diferente de " + result466 + " <map.size()>"
"Era esperado valores iguais, mas  2 é diferente de " + " l"
"Era esperado valores iguais, mas  3 é diferente de " + " l"
"Era esperado valores iguais, mas  (Integer) 1 é diferente de " + result467 + " <sync(queue1.poll(2, TimeUnit.SECONDS))>"
"Era esperado nulo, mas " + result468 + " <sync(queue1.poll(5, TimeUnit.SECONDS))> não é nulo"
"Era esperado valores iguais, mas  (Integer) 1 é diferente de " + result469 + " <sync(queue1.poll(10, TimeUnit.SECONDS))>"
"Era esperado valores iguais, mas  (Integer) 1 é diferente de " + result470 + " <sync(queue.poll())>"
"Era esperado valores iguais, mas  (Integer) 2 é diferente de " + result471 + " <sync(queue.peek())>"
"Era esperado valores iguais, mas  0 é diferente de " + result472 + " <sync(queue.size()).intValue()>"
"Era esperado nulo, mas " + result473 + " <sync(queue.poll())> não é nulo"
"Era esperado valores iguais, mas  100 é diferente de " + result474 + " <sync(queue.size()).intValue()>"
"Era esperado valores iguais, mas  10 é diferente de " + " count"
"Era esperado valores iguais, mas  10 é diferente de " + result475 + " <batch.size()>"
"Era esperado valores iguais, mas  90 é diferente de " + result476 + " <sync(queue.size()).intValue()>"
"Era esperado valores iguais, mas  0 é diferente de " + result477 + " <sync(queue.size()).intValue()>"
"Era esperado valores iguais, mas  0 é diferente de " + result478 + " <sync(queue1.size()).intValue()>"
"Era esperado valores iguais, mas  1 é diferente de " + result479 + " <sync(queue1.size()).intValue()>"
"Era esperado valores iguais, mas  0 é diferente de " + result480 + " <semaphore.availablePermits()>"
"Era esperado valores iguais, mas  2 é diferente de " + result481 + " <semaphore.availablePermits()>"
"Era esperado valores iguais, mas  0 é diferente de " + result482 + " <semaphore.availablePermits()>"
"Era esperado valores iguais, mas  2 é diferente de " + result483 + " <semaphore.availablePermits()>"
"Era esperado valores iguais, mas  0 é diferente de " + result484 + " <semaphore.acquiredPermits()>"
"Era esperado valores iguais, mas  1 é diferente de " + result485 + " <semaphore.acquiredPermits()>"
"Era esperado valores iguais, mas  2 é diferente de " + result486 + " <semaphore.acquiredPermits()>"
"Era esperado valores iguais, mas  0 é diferente de " + result487 + " <semaphore.acquiredPermits()>"
"Era esperado valores iguais, mas  2 é diferente de " + result488 + " <semaphore.getPermits()>"
"Era esperado valores iguais, mas  2 é diferente de " + result489 + " <semaphore.getPermits()>"
"Era esperado valores iguais, mas  2 é diferente de " + result490 + " <semaphore.getPermits()>"
"Era esperado valores iguais, mas  0 é diferente de " + result491 + " <al.getAndSet(12)>"
"Era esperado valores iguais, mas  2 é diferente de " + result492 + " <al.get()>"
"Era esperado valores iguais, mas  2 é diferente de " + result493 + " <al2.get()>"
"Era esperado valores iguais, mas  0 é diferente de " + result494 + " <al.get()>"
"Era esperado valores iguais, mas  2 é diferente de " + result495 + " <al.get()>"
"Era esperado valores iguais, mas  2 é diferente de " + result496 + " <al.getAndIncrement()>"
"Era esperado valores iguais, mas  3 é diferente de " + result497 + " <al.get()>"
"Era esperado valores iguais, mas  1 é diferente de " + result498 + " <al.incrementAndGet()>"
"Era esperado valores iguais, mas  1 é diferente de " + result499 + " <al.get()>"
"Era esperado valores iguais, mas  0 é diferente de " + result500 + " <al.getAndIncrement()>"
"Era esperado valores iguais, mas  1 é diferente de " + result501 + " <al.get()>"
"Era esperado valores iguais, mas  0 é diferente de " + result502 + " <al.get()>"
"Era esperado valores iguais, mas  0 é diferente de " + result503 + " <al.getAndIncrement()>"
"Era esperado valores iguais, mas  1 é diferente de " + result504 + " <al.get()>"
"Era esperado valores iguais, mas  1 é diferente de " + result505 + " <al.getAndDecrement()>"
"Era esperado valores iguais, mas  0 é diferente de " + result506 + " <al.get()>"
"Era esperado valores iguais, mas  0 é diferente de " + result507 + " <al.getAndIncrement()>"
"Era esperado valores iguais, mas  1 é diferente de " + result508 + " <al.getAndSet(12)>"
"Era esperado valores iguais, mas  12 é diferente de " + result509 + " <al.get()>"
"Era esperado valores iguais, mas  1 é diferente de " + " state"
"Era esperado valores iguais, mas  Long.MAX_VALUE - 1000 é diferente de " + " newState"
"Era esperado que o tempo de execução " + result510 + " <Duration.ofSeconds(7)> não fosse ultrapassado, mas foi"
"Era esperado que o tempo de execução " + result511 + " <Duration.ofSeconds(15)> não fosse ultrapassado, mas foi"
"Era esperado valores iguais, mas  1 é diferente de " + result512 + " <listener.getSessionCreatedEvents()>"
"Era esperado valores iguais, mas  0 é diferente de " + result513 + " <listener.getSessionExpiredEvents()>"
"Era esperado valores iguais, mas  1 é diferente de " + result514 + " <listener.getSessionCreatedEvents()>"
"Era esperado valores iguais, mas  1 é diferente de " + result515 + " <listener.getSessionExpiredEvents()>"
"Era esperado valores iguais, mas  2 é diferente de " + result516 + " <listener.getSessionCreatedEvents()>"
"Era esperado valores iguais, mas  1 é diferente de " + result517 + " <listener.getSessionExpiredEvents()>"
"Era esperado valores iguais, mas  1 é diferente de " + result518 + " <listener.getSessionExpiredEvents()>"
"Era esperado valores iguais, mas  2 é diferente de " + result519 + " <listener.getSessionExpiredEvents()>"
"Era esperado valores iguais, mas  1 é diferente de " + result520 + " <listener.getSessionCreatedEvents()>"
"Era esperado valores iguais, mas  0 é diferente de " + result521 + " <listener.getSessionDeletedEvents()>"
"Era esperado valores iguais, mas  1 é diferente de " + result522 + " <listener.getSessionCreatedEvents()>"
"Era esperado valores iguais, mas  1 é diferente de " + result523 + " <listener.getSessionDeletedEvents()>"
"Era esperado valores iguais, mas  'OK' é diferente de " + " response"
"Era esperado valores iguais, mas  value é diferente de " + " response"
"Era esperado valores iguais, mas  value é diferente de " + " response"
"Era esperado valores iguais, mas  'OK' é diferente de " + " response"
"Era esperado valores iguais, mas  'OK' é diferente de " + " response"
"Era esperado que o tempo de execução " + result524 + " <Duration.ofSeconds(3)> não fosse ultrapassado, mas foi"
"Era esperado valores iguais, mas  'test2' é diferente de " + result525 + " <sync(redisson.getKeys().randomKey())>"
"Era esperado nulo, mas " + result526 + " <sync(redisson.getKeys().randomKey())> não é nulo"
"Era esperado valores iguais, mas  2 é diferente de " + result527 + " <sync(redisson.getKeys().deleteByPattern('test?')).intValue()>"
"Era esperado valores iguais, mas  2 é diferente de " + result528 + " <sync(redisson.getKeys().delete('test', 'map2')).intValue()>"
"Era esperado valores iguais, mas  0 é diferente de " + result529 + " <sync(redisson.getKeys().delete('test', 'map2')).intValue()>"
"Era esperado valores iguais, mas  1 é diferente de " + " l"
"Era esperado valores iguais, mas  2 é diferente de " + " l"
"Era esperado valores iguais, mas  2 é diferente de " + " l"
"Era esperado nulo, mas " + result530 + " <set.pollLast()> não é nulo"
"Era esperado valores iguais, mas  'c' é diferente de " + result531 + " <set.pollLast()>"
"Era esperado nulo, mas " + result532 + " <set.pollFirst()> não é nulo"
"Era esperado valores iguais, mas  'a' é diferente de " + result533 + " <set.pollFirst()>"
"Era esperado valores iguais, mas  'a' é diferente de " + result534 + " <set.first()>"
"Era esperado valores iguais, mas  'd' é diferente de " + result535 + " <set.last()>"
"Era esperado valores iguais, mas  2 é diferente de " + result536 + " <set.removeRangeByScore(0.1, false, 0.3, true)>"
"Era esperado valores iguais, mas  3 é diferente de " + result537 + " <set.removeRangeByScore(Double.NEGATIVE_INFINITY, false, 0.3, true)>"
"Era esperado valores iguais, mas  3 é diferente de " + result538 + " <set.removeRangeByScore(0.4, false, Double.POSITIVE_INFINITY, true)>"
"Era esperado valores iguais, mas  2 é diferente de " + result539 + " <set.removeRangeByRank(0, 1)>"
"Era esperado valores iguais, mas  new Integer(0) é diferente de " + result540 + " <future.get()>"
"Era esperado valores iguais, mas  new Integer(1) é diferente de " + result541 + " <future2.get()>"
"Era esperado valores iguais, mas  new Integer(0) é diferente de " + result542 + " <future3.get()>"
"Era esperado valores iguais, mas  new Integer(0) é diferente de " + result543 + " <future.get()>"
"Era esperado valores iguais, mas  new Integer(0) é diferente de " + result544 + " <future2.get()>"
"Era esperado valores iguais, mas  new Integer(2) é diferente de " + result545 + " <future3.get()>"
"Era esperado valores iguais, mas  '1' é diferente de " + result546 + " <iter.next()>"
"Era esperado valores iguais, mas  '4' é diferente de " + result547 + " <iter.next()>"
"Era esperado valores iguais, mas  4 é diferente de " + " iteration"
"Era esperado valores iguais, mas  0 é diferente de " + result548 + " <set.size()>"
"Era esperado valores iguais, mas  0 é diferente de " + result549 + " <setCopy.size()>"
"Era esperado valores iguais, mas  2 é diferente de " + result550 + " <set.size()>"
"Era esperado valores iguais, mas  1 é diferente de " + result551 + " <set.size()>"
"Era esperado valores iguais, mas  4 é diferente de " + result552 + " <set.size()>"
"Era esperado valores iguais, mas  5 é diferente de " + result553 + " <set.size()>"
"Era esperado arrays iguais, mas  new String[] { 'c', 'd' } é diferente de " + " a"
"Era esperado arrays iguais, mas  new String[] { 'b', 'c' } é diferente de " + " a"
"Era esperado arrays iguais, mas  new String[] { 'c', 'd' } é diferente de " + " a"
"Era esperado valores iguais, mas  2 é diferente de " + result554 + " <r.size()>"
"Era esperado valores iguais, mas  'c' é diferente de " + result555 + " <a[0].getValue()>"
"Era esperado valores iguais, mas  'd' é diferente de " + result556 + " <a[1].getValue()>"
"Era esperado valores iguais, mas  2 é diferente de " + result557 + " <r.size()>"
"Era esperado valores iguais, mas  'c' é diferente de " + result558 + " <a[0].getValue()>"
"Era esperado valores iguais, mas  'b' é diferente de " + result559 + " <a[1].getValue()>"
"Era esperado valores iguais, mas  'b' é diferente de " + result560 + " <a[0].getValue()>"
"Era esperado valores iguais, mas  'c' é diferente de " + result561 + " <a[1].getValue()>"
"Era esperado valores iguais, mas  'c' é diferente de " + result562 + " <a[0].getValue()>"
"Era esperado valores iguais, mas  'd' é diferente de " + result563 + " <a[1].getValue()>"
"Era esperado arrays iguais, mas  new Double[] { 112.3d, null, null } é diferente de " + result564 + " <res.toArray()>"
"Era esperado arrays iguais, mas  new Integer[] { 2, 0, 1 } é diferente de " + result565 + " <res.toArray()>"
"Era esperado valores iguais, mas  3 é diferente de " + " l"
"Era esperado verdadeiro, mas o valor obtido é falso"
"Era esperado valores iguais, mas  (Integer) 1 é diferente de " + result566 + " <sync(queue1.poll(2, TimeUnit.SECONDS))>"
"Era esperado nulo, mas " + result567 + " <sync(queue1.poll(5, TimeUnit.SECONDS))> não é nulo"
"Era esperado verdadeiro, mas o valor obtido é falso"
"Era esperado valores iguais, mas  (Integer) 1 é diferente de " + result568 + " <sync(queue1.poll(10, TimeUnit.SECONDS))>"
"Era esperado valores iguais, mas  100 é diferente de " + result569 + " <sync(queue.size()).intValue()>"
"Era esperado valores iguais, mas  10 é diferente de " + " count"
"Era esperado valores iguais, mas  10 é diferente de " + result570 + " <batch.size()>"
"Era esperado valores iguais, mas  90 é diferente de " + result571 + " <sync(queue.size()).intValue()>"
"Era esperado valores iguais, mas  0 é diferente de " + result572 + " <sync(queue.size()).intValue()>"
"Era esperado valores iguais, mas  0 é diferente de " + result573 + " <sync(queue1.size()).intValue()>"
"Era esperado valores iguais, mas  1 é diferente de " + result574 + " <sync(queue1.size()).intValue()>"
"Era esperado valores iguais, mas " + result575 + " <sb.getLng()> é diferente de " + result576 + " <set.iterator().next().getLng()>"
"Era esperado verdadeiro, mas " + result577 + " <set.remove(1)> é falso"
"Era esperado verdadeiro, mas " + result578 + " <set.remove(3)> é falso"
"Era esperado valores iguais, mas  1 é diferente de " + result579 + " <set.size()>"
"Era esperado valores iguais, mas  2 é diferente de " + " iteration"
"Era esperado verdadeiro, mas " + result580 + " <set.retainAll(Arrays.asList(1, 2))> é falso"
"Era esperado valores iguais, mas  2 é diferente de " + result581 + " <set.size()>"
"Era esperado valores iguais, mas  10000 é diferente de " + " cnt"
"Era esperado valores iguais, mas  0 é diferente de " + result582 + " <set.size()>"
"Era esperado verdadeiro, mas " + result583 + " <set.containsAll(Collections.emptyList())> é falso"
"Era esperado verdadeiro, mas " + result584 + " <set.containsAll(Arrays.asList(30, 11))> é falso"
"Era esperado verdadeiro, mas " + result585 + " <set.contains(new TestObject('1', '2'))> é falso"
"Era esperado valores iguais, mas  4 é diferente de " + result586 + " <set.size()>"
"Era esperado valores iguais, mas  5 é diferente de " + result587 + " <set.size()>"
"Era esperado verdadeiro, mas " + result588 + " <set.retainAll(Collections.<Integer>emptyList())> é falso"
"Era esperado valores iguais, mas  0 é diferente de " + result589 + " <set.size()>"
"Era esperado valores iguais, mas  0 é diferente de " + result590 + " <cache.size()>"
"Era esperado valores iguais, mas  0 é diferente de " + result591 + " <cache.size()>"
"Era esperado valores iguais, mas  1 é diferente de " + result592 + " <cache.size()>"
"Era esperado verdadeiro, mas " + result593 + " <cache.add('33', 5, TimeUnit.SECONDS)> é falso"
"Era esperado valores iguais, mas  0 é diferente de " + result594 + " <cache.size()>"
"Era esperado verdadeiro, mas " + result595 + " <latch.trySetCount(1)> é falso"
"Era esperado verdadeiro, mas " + result596 + " <executor.awaitTermination(10, TimeUnit.SECONDS)> é falso"
"Era esperado verdadeiro, mas " + result597 + " <latch.trySetCount(1)> é falso"
"Era esperado verdadeiro, mas " + result598 + " <executor.awaitTermination(10, TimeUnit.SECONDS)> é falso"
"Era esperado valores iguais, mas  2 é diferente de " + result599 + " <latch.getCount()>"
"Era esperado valores iguais, mas  1 é diferente de " + result600 + " <latch.getCount()>"
"Era esperado valores iguais, mas  0 é diferente de " + result601 + " <latch.getCount()>"
"Era esperado valores iguais, mas  0 é diferente de " + result602 + " <latch.getCount()>"
"Era esperado valores iguais, mas  0 é diferente de " + result603 + " <latch.getCount()>"
"Era esperado valores iguais, mas  0 é diferente de " + result604 + " <latch.getCount()>"
"Era esperado valores iguais, mas  0 é diferente de " + result605 + " <latch.getCount()>"
"Era esperado valores iguais, mas  0 é diferente de " + result606 + " <latch.getCount()>"
"Era esperado valores iguais, mas  0 é diferente de " + result607 + " <latch.getCount()>"
"Era esperado valores iguais, mas  0 é diferente de " + result608 + " <latch.getCount()>"
"Era esperado verdadeiro, mas " + result609 + " <latch.delete()> é falso"
"Era esperado valores iguais, mas  0 é diferente de " + result610 + " <setCopy.size()>"
"Era esperado valores iguais, mas  112 é diferente de " + " (int) res"
"Era esperado valores iguais, mas  112 é diferente de " + " (int) res"
"Era esperado verdadeiro, mas o valor obtido é falso"
"Era esperado verdadeiro, mas o valor obtido é falso"
"Era esperado valores iguais, mas  expectedMap é diferente de " + " filtered"
"Era esperado valores iguais, mas  expectedMap é diferente de " + " filtered"
"Era esperado valores iguais, mas  2 é diferente de " + result611 + " <sync(map.size()).intValue()>"
"Era esperado valores iguais, mas  2 é diferente de " + result612 + " <val.intValue()>"
"Era esperado valores iguais, mas  4 é diferente de " + result613 + " <val2.intValue()>"
"Era esperado valores iguais, mas  2 é diferente de " + result614 + " <sync(map.size()).intValue()>"
"Era esperado valores iguais, mas  2L é diferente de " + result615 + " <val.longValue()>"
"Era esperado valores iguais, mas  4L é diferente de " + result616 + " <val2.longValue()>"
"Era esperado valores iguais, mas  '33' é diferente de " + " val"
"Era esperado valores iguais, mas  1 é diferente de " + result617 + " <sync(map.size()).intValue()>"
"Era esperado verdadeiro, mas " + result618 + " <sync(map.containsValue(new SimpleValue('2')))> é falso"
"Era esperado verdadeiro, mas " + result619 + " <sync(map.containsKey(new SimpleKey('33')))> é falso"
"Era esperado verdadeiro, mas o valor obtido é falso"
"Era esperado nulo, mas o valor obtido não é nulo"
"Era esperado valores iguais, mas  0 é diferente de " + result620 + " <sync(map.size()).intValue()>"
"Era esperado valores iguais, mas  '2' é diferente de " + result621 + " <val1.getValue()>"
"Era esperado valores iguais, mas  '2' é diferente de " + result622 + " <val1.getValue()>"
"Era esperado verdadeiro, mas o valor obtido é falso"
"Era esperado valores iguais, mas  '3' é diferente de " + result623 + " <val1.getValue()>"
"Era esperado valores iguais, mas  '2' é diferente de " + result624 + " <res.getValue()>"
"Era esperado valores iguais, mas  '3' é diferente de " + result625 + " <val1.getValue()>"
"Era esperado valores iguais, mas  '44' é diferente de " + result626 + " <val1.getValue()>"
"Era esperado valores iguais, mas  'abc' é diferente de " + result627 + " <val2.getValue()>"
"Era esperado valores iguais, mas  '44' é diferente de " + result628 + " <val1.getValue()>"
"Era esperado valores iguais, mas  '6' é diferente de " + result629 + " <val2.getValue()>"
"Era esperado valores iguais, mas  value é diferente de " + result630 + " <sync(map.putIfAbsent(key, new SimpleValue('3')))>"
"Era esperado valores iguais, mas  value é diferente de " + result631 + " <sync(map.get(key))>"
"Era esperado nulo, mas " + result632 + " <sync(map.putIfAbsent(key1, value1))> não é nulo"
"Era esperado valores iguais, mas  value1 é diferente de " + result633 + " <sync(map.get(key1))>"
"Era esperado valores iguais, mas  3 é diferente de " + result634 + " <sync(map.size()).intValue()>"
"Era esperado valores iguais, mas  3 é diferente de " + result635 + " <sync(map.size()).intValue()>"
"Era esperado valores iguais, mas  3 é diferente de " + result636 + " <sync(map.size()).intValue()>"
"Era esperado valores iguais, mas  4 é diferente de " + result637 + " <sync(map.size()).intValue()>"
"Era esperado valores iguais, mas  3 é diferente de " + result638 + " <sync(map.size()).intValue()>"
"Era esperado valores iguais, mas  (Long) 3L é diferente de " + result639 + " <sync(map.fastRemove(1, 3, 7))>"
"Era esperado valores iguais, mas  1 é diferente de " + result640 + " <sync(map.size()).intValue()>"
"Era esperado valores iguais, mas  0 é diferente de " + result641 + " <keys.size()>"
"Era esperado valores iguais, mas  0 é diferente de " + result642 + " <values.size()>"
"Era esperado verdadeiro, mas " + result643 + " <sync(map.fastPut(1, 2))> é falso"
"Era esperado valores iguais, mas  1 é diferente de " + result644 + " <sync(map.size()).intValue()>"
"Era esperado valores iguais, mas  0 é diferente de " + result645 + " <sync(map.fastRemove()).intValue()>"
"Era esperado valores iguais, mas  1 é diferente de " + result646 + " <sync(map.size()).intValue()>"

"A execução falhou por uma causa deliberada"
"Era esperado valores iguais, mas  1 é diferente de " + result647 + " <i.get()>"
"Era esperado valores iguais, mas  1 é diferente de " + result648 + " <str.get()>"
"Era esperado verdadeiro, mas " + result649 + " <messageRecieved.await(5, TimeUnit.SECONDS)> é falso"
"Era esperado verdadeiro, mas " + result650 + " <messageRecieved.await(5, TimeUnit.SECONDS)> é falso"
"Era esperado valores iguais, mas  'topic.*' é diferente de " + " pattern"
"Era esperado verdadeiro, mas " + result651 + " <messageRecieved.await(5, TimeUnit.SECONDS)> é falso"
"Era esperado valores iguais, mas  'topic.*' é diferente de " + " pattern"
"Era esperado verdadeiro, mas " + result652 + " <executor.awaitTermination(threads * loops * 1000, TimeUnit.SECONDS)> é falso"
"Era esperado verdadeiro, mas " + result653 + " <writeLock.tryLock(1, 10, TimeUnit.SECONDS)> é falso"
"Era esperado verdadeiro, mas " + result654 + " <readLock.tryLock(1, 4, TimeUnit.SECONDS)> é falso"
"Era esperado verdadeiro, mas " + result655 + " <readLock2.tryLock(1, 4, TimeUnit.SECONDS)> é falso"
"Era esperado verdadeiro, mas " + result656 + " <writeLock.tryLock()> é falso"
"Era esperado verdadeiro, mas " + result657 + " <rLock.tryLock()> é falso"
"Era esperado verdadeiro, mas " + result658 + " <readWriteLock.writeLock().tryLock()> é falso"
"Era esperado verdadeiro, mas " + result659 + " <lock.writeLock().tryLock()> é falso"
"Era esperado verdadeiro, mas " + result660 + " <lock.readLock().tryLock()> é falso"
"Era esperado verdadeiro, mas " + result661 + " <writeLock.isHeldByCurrentThread()> é falso"
"Era esperado verdadeiro, mas " + result662 + " <writeLock.isLocked()> é falso"
"Era esperado verdadeiro, mas " + result663 + " <lock.readLock().tryLock()> é falso"
"Era esperado verdadeiro, mas " + result664 + " <redisson.getReadWriteLock('lock').readLock().tryLock()> é falso"
"Era esperado verdadeiro, mas " + result665 + " <readLock2.get().isLocked()> é falso"
"Era esperado verdadeiro, mas " + result666 + " <lock.writeLock().tryLock()> é falso"
"Era esperado verdadeiro, mas " + result667 + " <lock.writeLock().isLocked()> é falso"
"Era esperado verdadeiro, mas " + result668 + " <lock.writeLock().isHeldByCurrentThread()> é falso"
"Era esperado verdadeiro, mas " + result669 + " <lock.writeLock().tryLock()> é falso"
"Era esperado verdadeiro, mas " + result670 + " <readLock1.isLocked()> é falso"
"Era esperado verdadeiro, mas o valor obtido é falso"
"Era esperado verdadeiro, mas o valor obtido é falso"
"Era esperado valores iguais, mas  0 é diferente de " + result671 + " <lock.getHoldCount()>"
"Era esperado valores iguais, mas  1 é diferente de " + result672 + " <lock.getHoldCount()>"
"Era esperado valores iguais, mas  0 é diferente de " + result673 + " <lock.getHoldCount()>"
"Era esperado valores iguais, mas  2 é diferente de " + result674 + " <lock.getHoldCount()>"
"Era esperado valores iguais, mas  1 é diferente de " + result675 + " <lock.getHoldCount()>"
"Era esperado valores iguais, mas  0 é diferente de " + result676 + " <lock.getHoldCount()>"
"Era esperado verdadeiro, mas " + result677 + " <lock.isHeldByCurrentThread()> é falso"
"Era esperado verdadeiro, mas " + result678 + " <lock.isLocked()> é falso"
"Era esperado verdadeiro, mas " + result679 + " <lock.isLocked()> é falso"
"Era esperado verdadeiro, mas " + result680 + " <lock.tryLock()> é falso"
"Era esperado verdadeiro, mas " + result681 + " <lock.tryLock()> é falso"
"Era esperado verdadeiro, mas " + result682 + " <lock.tryLock()> é falso"
"Era esperado valores iguais, mas  iterations é diferente de " + result683 + " <lockedCounter.get()>"
"Era esperado valores iguais, mas  16 * iterations é diferente de " + result684 + " <lockedCounter.get()>"
"Era esperado valores iguais, mas  iterations é diferente de " + result685 + " <lockedCounter.get()>"
"Era esperado que o tempo de execução " + result686 + " <Duration.ofSeconds(3)> não fosse ultrapassado, mas foi"
"Era esperado que o tempo de execução " + result687 + " <Duration.ofSeconds(3)> não fosse ultrapassado, mas foi"
"Era esperado verdadeiro, mas " + result688 + " <executor.awaitTermination(10, TimeUnit.MINUTES)> é falso"
"Era esperado valores iguais, mas  0 é diferente de " + result689 + " <p.stop()>"
"Era esperado valores iguais, mas  0 é diferente de " + result690 + " <pp.stop()>"
"Era esperado valores iguais, mas  0 é diferente de " + result691 + " <runner.stop()>"
"Era esperado valores iguais, mas  0 é diferente de " + result692 + " <pp.stop()>"
"Era esperado verdadeiro, mas " + result693 + " <r.isShuttingDown()> é falso"
"Era esperado verdadeiro, mas " + result694 + " <r.isShutdown()> é falso"
"Era esperado valores iguais, mas  list é diferente de " + " decodedList"
"Era esperado verdadeiro, mas " + result695 + " <objectMapper.getDeserializationConfig().isEnabled(DeserializationFeature.FAIL_ON_UNKNOWN_PROPERTIES)> é falso"
"Era esperado valores iguais, mas  1 é diferente de " + " (int) sync(queue1.removeLast())"
"Era esperado valores iguais, mas  2 é diferente de " + " (int) sync(queue1.removeLast())"
"Era esperado valores iguais, mas  3 é diferente de " + " (int) sync(queue1.removeLast())"
"Era esperado valores iguais, mas  3 é diferente de " + " (int) sync(queue1.removeFirst())"
"Era esperado valores iguais, mas  2 é diferente de " + " (int) sync(queue1.removeFirst())"
"Era esperado valores iguais, mas  1 é diferente de " + " (int) sync(queue1.removeFirst())"
"Era esperado nulo, mas " + result696 + " <sync(queue1.peekFirst())> não é nulo"
"Era esperado nulo, mas " + result697 + " <sync(queue1.peekLast())> não é nulo"
"Era esperado valores iguais, mas  2 é diferente de " + " (int) sync(queue1.peekFirst())"
"Era esperado valores iguais, mas  2 é diferente de " + " (int) sync(queue1.peekLast())"
"Era esperado valores iguais, mas  a é diferente de " + " resa"
"Era esperado verdadeiro, mas " + result698 + " <set.contains(new TestObject('2', '3'))> é falso"
"Era esperado verdadeiro, mas " + result699 + " <set.contains(new TestObject('1', '2'))> é falso"
"Era esperado valores iguais, mas  3 é diferente de " + " l"
"Era esperado verdadeiro, mas o valor obtido é falso"
"Era esperado valores iguais, mas  3 é diferente de " + " l"
"Era esperado verdadeiro, mas o valor obtido é falso"
"Era esperado valores iguais, mas  (Integer) 1 é diferente de " + result700 + " <queue1.poll(2, TimeUnit.SECONDS)>"
"Era esperado nulo, mas " + result701 + " <queue1.poll(5, TimeUnit.SECONDS)> não é nulo"
"Era esperado verdadeiro, mas o valor obtido é falso"
"Era esperado valores iguais, mas  100 é diferente de " + result702 + " <queue.size()>"
"Era esperado valores iguais, mas  10 é diferente de " + " count"
"Era esperado valores iguais, mas  10 é diferente de " + result703 + " <batch.size()>"
"Era esperado valores iguais, mas  90 é diferente de " + result704 + " <queue.size()>"
"Era esperado valores iguais, mas  0 é diferente de " + result705 + " <queue.size()>"
"Era esperado verdadeiro, mas " + result706 + " <queue.add(1)> é falso"
"Era esperado valores iguais, mas  1 é diferente de " + result707 + " <queue.size()>"
"Era esperado valores iguais, mas  1 é diferente de " + " count"
"Era esperado valores iguais, mas  1 é diferente de " + result708 + " <batch.size()>"
"Era esperado verdadeiro, mas " + result709 + " <queue.isEmpty()> é falso"
"Era esperado valores iguais, mas  4 é diferente de " + " iteration"
"Era esperado valores iguais, mas  0 é diferente de " + result710 + " <queue.size()>"
"Era esperado verdadeiro, mas " + result711 + " <queue.isEmpty()> é falso"
"Era esperado valores iguais, mas  '282297a0228f48cd3fc6a55de6316f31422f5d17' é diferente de " + " r"
"Era esperado valores iguais, mas  1 é diferente de " + result712 + " <r1.size()>"
"Era esperado verdadeiro, mas " + result713 + " <r1.get(0)> é falso"
"Era esperado valores iguais, mas  1 é diferente de " + result714 + " <r2.size()>"
"Era esperado valores iguais, mas  '282297a0228f48cd3fc6a55de6316f31422f5d17' é diferente de " + " r"
"Era esperado valores iguais, mas  'bar' é diferente de " + " r1"
"Era esperado valores iguais, mas  '282297a0228f48cd3fc6a55de6316f31422f5d17' é diferente de " + " r"
"Era esperado valores iguais, mas  'bar' é diferente de " + " r1"
"Era esperado valores iguais, mas  '282297a0228f48cd3fc6a55de6316f31422f5d17' é diferente de " + " res"
"Era esperado valores iguais, mas  'bar' é diferente de " + " r1"
"Era esperado valores iguais, mas  0 é diferente de " + result715 + " <sync(al.get()).intValue()>"
"Era esperado verdadeiro, mas " + result716 + " <sync(al.compareAndSet(0, 2))> é falso"
"Era esperado valores iguais, mas  2 é diferente de " + result717 + " <sync(al.get()).intValue()>"
"Era esperado valores iguais, mas  2 é diferente de " + result718 + " <sync(al.getAndIncrement()).intValue()>"
"Era esperado valores iguais, mas  3 é diferente de " + result719 + " <sync(al.get()).intValue()>"
"Era esperado valores iguais, mas  1 é diferente de " + result720 + " <sync(al.incrementAndGet()).intValue()>"
"Era esperado valores iguais, mas  1 é diferente de " + result721 + " <sync(al.get()).intValue()>"
"Era esperado valores iguais, mas  0 é diferente de " + result722 + " <sync(al.getAndIncrement()).intValue()>"
"Era esperado valores iguais, mas  1 é diferente de " + result723 + " <sync(al.get()).intValue()>"
"Era esperado valores iguais, mas  0 é diferente de " + result724 + " <sync(al.get()).intValue()>"
"Era esperado valores iguais, mas  0 é diferente de " + result725 + " <sync(al.getAndIncrement()).intValue()>"
"Era esperado valores iguais, mas  1 é diferente de " + result726 + " <sync(al.get()).intValue()>"
"Era esperado valores iguais, mas  1 é diferente de " + result727 + " <sync(al.getAndDecrement()).intValue()>"
"Era esperado valores iguais, mas  0 é diferente de " + result728 + " <sync(al.get()).intValue()>"
"Era esperado valores iguais, mas  0 é diferente de " + result729 + " <sync(al.getAndIncrement()).intValue()>"
"Era esperado valores iguais, mas  1 é diferente de " + result730 + " <sync(al.getAndSet(12)).intValue()>"
"Era esperado valores iguais, mas  12 é diferente de " + result731 + " <sync(al.get()).intValue()>"
"Era esperado valores iguais, mas  1 é diferente de " + " state"
"Era esperado valores iguais, mas  Long.MAX_VALUE - 1000 é diferente de " + " newState"
"Era esperado valores iguais, mas  3L é diferente de " + result732 + " <sync(log.count()).longValue()>"
"Era esperado verdadeiro, mas " + result733 + " <sync(hll1.add('foo'))> é falso"
"Era esperado verdadeiro, mas " + result734 + " <sync(hll1.add('bar'))> é falso"
"Era esperado verdadeiro, mas " + result735 + " <sync(hll1.add('zap'))> é falso"
"Era esperado verdadeiro, mas " + result736 + " <sync(hll1.add('a'))> é falso"
"Era esperado verdadeiro, mas " + result737 + " <sync(hll2.add('a'))> é falso"
"Era esperado verdadeiro, mas " + result738 + " <sync(hll2.add('b'))> é falso"
"Era esperado verdadeiro, mas " + result739 + " <sync(hll2.add('c'))> é falso"
"Era esperado verdadeiro, mas " + result740 + " <sync(hll2.add('foo'))> é falso"
"Era esperado valores iguais, mas  6L é diferente de " + result741 + " <sync(hll3.count()).longValue()>"
"Era esperado que o tempo de execução " + result742 + " <Duration.ofSeconds(5)> não fosse ultrapassado, mas foi"
"Era esperado não nulo, mas " + result743 + " <sync(bucket.get())> é nulo"
"Era esperado nulo, mas " + result744 + " <sync(bucket.get())> não é nulo"
"Era esperado verdadeiro, mas " + result745 + " <sync(bucket.renamenx('test1'))> é falso"
"Era esperado nulo, mas " + result746 + " <sync(oldBucket.get())> não é nulo"
"Era esperado valores iguais, mas  'someValue' é diferente de " + result747 + " <sync(newBucket.get())>"
"Era esperado nulo, mas " + result748 + " <sync(oldBucket.get())> não é nulo"
"Era esperado valores iguais, mas  'someValue' é diferente de " + result749 + " <sync(newBucket.get())>"
"Era esperado nulo, mas " + result750 + " <sync(bucket.get())> não é nulo"
"Era esperado valores iguais, mas  value é diferente de " + result751 + " <sync(bucket.get())>"
"Era esperado valores iguais, mas  value é diferente de " + result752 + " <sync(bucket.get())>"
"Era esperado verdadeiro, mas " + result753 + " <sync(bucket.delete())> é falso"
"Era esperado nulo, mas " + result754 + " <sync(bucket.get())> não é nulo"
"Era esperado nulo, mas " + result755 + " <sync(bucket.get())> não é nulo"
"Era esperado valores iguais, mas  value é diferente de " + result756 + " <sync(bucket.get())>"
"Era esperado verdadeiro, mas " + result757 + " <sync(bucket.isExists())> é falso"
"Era esperado nulo, mas " + result758 + " <sync(bucket.get())> não é nulo"
"Era esperado valores iguais, mas  value é diferente de " + result759 + " <sync(bucket.get())>"
"Era esperado verdadeiro, mas " + result760 + " <sync(bucket.isExists())> é falso"
"Era esperado valores iguais, mas  2 é diferente de " + result761 + " <buckets.size()>"
"Era esperado verdadeiro, mas " + result762 + " <names.contains(buckets.get(0).getName())> é falso"
"Era esperado verdadeiro, mas " + result763 + " <names.contains(buckets.get(1).getName())> é falso"
"Era esperado verdadeiro, mas " + result764 + " <vals.contains(sync(buckets.get(0).get()))> é falso"
"Era esperado verdadeiro, mas " + result765 + " <vals.contains(sync(buckets.get(1).get()))> é falso"
"Era esperado valores iguais, mas  0 é diferente de " + result766 + " <queue1.size()>"
"Era esperado valores iguais, mas  1 é diferente de " + result767 + " <queue1.size()>"
"Era esperado valores iguais, mas  t é diferente de " + result768 + " <cache.get('1')>"
"Era esperado valores iguais, mas  '2' é diferente de " + result769 + " <cache.get('1')>"
"Era esperado valores iguais, mas  'value' é diferente de " + " result"
"Era esperado nulo, mas " + result770 + " <cache.get('key')> não é nulo"
"Era esperado nulo, mas " + result771 + " <cache.get('key')> não é nulo"
"Era esperado valores iguais, mas  '2' é diferente de " + result772 + " <cache.get('1')>"
"Era esperado valores iguais, mas  '2' é diferente de " + result773 + " <cache.get('1')>"
"Era esperado não nulo, mas " + result774 + " <cache.get(key)> é nulo"
"Era esperado nulo, mas " + result775 + " <cache.get(key)> não é nulo"
"Era esperado valores iguais, mas  '111' é diferente de " + result776 + " <t.getMyClass().getValue()>"
"Era esperado valores iguais, mas  '1' é diferente de " + result777 + " <t.getName()>"
"Era esperado verdadeiro, mas " + result778 + " <redisson.getMap(scheme.getName(TestREntity.class, '1')).isExists()> é falso"
"Era esperado valores iguais, mas  '3333' é diferente de " + result779 + " <t.getName()>"
"Era esperado verdadeiro, mas " + result780 + " <redisson.getMap(scheme.getName(TestREntity.class, '3333')).isExists()> é falso"
"Era esperado valores iguais, mas  '111' é diferente de " + result781 + " <t.getValue()>"
"Era esperado verdadeiro, mas " + result782 + " <redisson.getMap(scheme.getName(TestREntity.class, '3333')).isExists()> é falso"
"Era esperado verdadeiro, mas o valor obtido é falso"
"Era esperado valores iguais, mas  '111' é diferente de " + result783 + " <redisson.getMap(scheme.getName(TestREntity.class, '3333')).get('value')>"
"Era esperado valores iguais, mas  '123' é diferente de " + result784 + " <t2.getValue().get('field')>"
"Era esperado valores iguais, mas  '333' é diferente de " + result785 + " <t3.getValue().get('field')>"
"Era esperado valores iguais, mas  'hello' é diferente de " + result786 + " <t3.getValue().get('field')>"
"Era esperado valores iguais, mas  '123' é diferente de " + result787 + " <s.<TestREntityWithRMap>get(TestREntityWithRMap.class, '2').getValue().get('field')>"
"Era esperado valores iguais, mas  '333' é diferente de " + result788 + " <s.<TestREntityWithRMap>get(TestREntityWithRMap.class, '2').getValue().get('field')>"
"Era esperado valores iguais, mas  '123' é diferente de " + result789 + " <s.get(TestREntityWithRMap.class, '111').getValue().get('field')>"
"Era esperado valores iguais, mas  '123' é diferente de " + result790 + " <s.get(TestREntityValueNested.class, '122').getValue().getValue().get('field')>"
"Era esperado verdadeiro, mas " + result791 + " <Objects.equals('55555', t.getId())> é falso"
"Era esperado verdadeiro, mas " + result792 + " <Objects.equals(90909l, t.getId())> é falso"
"Era esperado verdadeiro, mas " + result793 + " <Objects.equals(90909, t.getId())> é falso"
"Era esperado verdadeiro, mas " + result794 + " <Objects.equals(new ObjectId(9090909), t.getId())> é falso"
"Era esperado valores iguais, mas  new Byte('0') é diferente de " + result795 + " <Byte.valueOf(t.getId().toString())>"
"Era esperado valores iguais, mas  (byte) 90 é diferente de " + result796 + " <Byte.parseByte(t.getId().toString())>"
"Era esperado verdadeiro, mas " + result797 + " <l.removeAll((List) t.getId())> é falso"
"Era esperado verdadeiro, mas " + result798 + " <l.isEmpty()> é falso"
"Era esperado valores iguais, mas  3 é diferente de " + result799 + " <redisson.getKeys().count()>"
"Era esperado valores iguais, mas  1 é diferente de " + result800 + " <persisted.getValues().size()>"
"Era esperado valores iguais, mas  '123' é diferente de " + result801 + " <((TestREntity) persisted.getContent()).getName()>"
"Era esperado valores iguais, mas  new ObjectId(100) é diferente de " + result802 + " <persisted.getId()>"
"Era esperado valores iguais, mas  'VALUE' é diferente de " + result803 + " <persisted.getValue()>"
"Era esperado valores iguais, mas  new ObjectId(100) é diferente de " + result804 + " <merged.getId()>"
"Era esperado valores iguais, mas  'VALUE' é diferente de " + result805 + " <merged.getValue()>"
"Era esperado nulo, mas " + result806 + " <ts.getValue()> não é nulo"
"Era esperado valores iguais, mas  'VALUE' é diferente de " + result807 + " <merged.getValue()>"
"Era esperado valores iguais, mas  'CODE' é diferente de " + result808 + " <merged.getCode()>"
"Era esperado valores iguais, mas  'VALUE' é diferente de " + result809 + " <merged.getValue()>"
"Era esperado valores iguais, mas  'CODE' é diferente de " + result810 + " <merged.getCode()>"
"Era esperado valores iguais, mas  ts é diferente de " + " detach"
"Era esperado verdadeiro, mas " + result811 + " <service.isExists(service.get(TestClass.class, new ObjectId(100)))> é falso"
"Era esperado verdadeiro, mas " + result812 + " <service.isExists(persisted)> é falso"
"Era esperado verdadeiro, mas " + result813 + " <service.isLiveObject(persisted)> é falso"
"Era esperado valores iguais, mas  new ObjectId(100) é diferente de " + result814 + " <liveObject.getLiveObjectId()>"
"Era esperado verdadeiro, mas " + result815 + " <service.isClassRegistered(TestClass.class)> é falso"
"Era esperado verdadeiro, mas " + result816 + " <newService.isClassRegistered(TestClass.class)> é falso"
"Era esperado verdadeiro, mas " + result817 + " <service.isClassRegistered(TestClass.class)> é falso"
"Era esperado verdadeiro, mas " + result818 + " <newRedisson.getLiveObjectService().isClassRegistered(TestClass.class)> é falso"
"Era esperado nulo, mas " + result819 + " <service.get(TestClass.class, new ObjectId(100))> não é nulo"
"Era esperado não nulo, mas " + result820 + " <service.get(TestClass.class, new ObjectId(100))> é nulo"
"Era esperado não nulo, mas " + result821 + " <service.get(TestClass.class, new ObjectId(100))> é nulo"
"Era esperado verdadeiro, mas " + result822 + " <service.isExists(persisted)> é falso"
"Era esperado verdadeiro, mas " + result823 + " <service.isExists(persisted)> é falso"
"Era esperado valores iguais, mas  4 é diferente de " + result824 + " <uuid.version()>"
"Era esperado valores iguais, mas  new Long(1) é diferente de " + result825 + " <tc1.getName()>"
"Era esperado valores iguais, mas  new Long(1) é diferente de " + result826 + " <tc2.getName()>"
"Era esperado verdadeiro, mas " + result827 + " <RMap.class.isAssignableFrom(ts.getContent().getClass())> é falso"
"Era esperado verdadeiro, mas " + result828 + " <RSet.class.isAssignableFrom(ts.getContent().getClass())> é falso"
"Era esperado verdadeiro, mas " + result829 + " <RSortedSet.class.isAssignableFrom(ts.getContent().getClass())> é falso"
"Era esperado verdadeiro, mas " + result830 + " <RList.class.isAssignableFrom(ts.getContent().getClass())> é falso"
"Era esperado verdadeiro, mas " + result831 + " <RMap.class.isAssignableFrom(ts.getContent().getClass())> é falso"
"Era esperado verdadeiro, mas " + result832 + " <RBlockingQueue.class.isAssignableFrom(ts.getContent().getClass())> é falso"
"Era esperado verdadeiro, mas " + result833 + " <RQueue.class.isAssignableFrom(ts.getContent().getClass())> é falso"
"Era esperado verdadeiro, mas " + result834 + " <RBlockingDeque.class.isAssignableFrom(ts.getContent().getClass())> é falso"
"Era esperado verdadeiro, mas " + result835 + " <RDeque.class.isAssignableFrom(ts.getContent().getClass())> é falso"
"Era esperado verdadeiro, mas " + result836 + " <HashMap.class.isAssignableFrom(ts.getContent().getClass())> é falso"
"Era esperado verdadeiro, mas " + result837 + " <HashSet.class.isAssignableFrom(ts.getContent().getClass())> é falso"
"Era esperado verdadeiro, mas " + result838 + " <TreeSet.class.isAssignableFrom(ts.getContent().getClass())> é falso"
"Era esperado verdadeiro, mas " + result839 + " <ArrayList.class.isAssignableFrom(ts.getContent().getClass())> é falso"
"Era esperado verdadeiro, mas " + result840 + " <ConcurrentHashMap.class.isAssignableFrom(ts.getContent().getClass())> é falso"
"Era esperado verdadeiro, mas " + result841 + " <ConcurrentLinkedQueue.class.isAssignableFrom(ts.getContent().getClass())> é falso"
"Era esperado verdadeiro, mas " + result842 + " <LinkedBlockingDeque.class.isAssignableFrom(ts.getContent().getClass())> é falso"
"Era esperado verdadeiro, mas " + result843 + " <LinkedList.class.isAssignableFrom(ts.getContent().getClass())> é falso"
"Era esperado verdadeiro, mas " + result844 + " <service.asLiveObject(myObject).isExists()> é falso"
"Era esperado valores iguais, mas  '123345' é diferente de " + result845 + " <service.asRMap(myObject).get('value')>"
"Era esperado valores iguais, mas  '9999' é diferente de " + result846 + " <myObject.getValue()>"
"Era esperado valores iguais, mas  '123345' é diferente de " + result847 + " <myObject.get('value')>"
"Era esperado valores iguais, mas  '9999' é diferente de " + result848 + " <myObject.get('value')>"
"Era esperado valores iguais, mas  '9999' é diferente de " + result849 + " <myObject.getValue()>"
"Era esperado que o tempo de execução " + result850 + " <Duration.ofSeconds(10)> não fosse ultrapassado, mas foi"
"Era esperado que o tempo de execução " + result851 + " <Duration.ofSeconds(40)> não fosse ultrapassado, mas foi"
"Era esperado verdadeiro, mas " + result852 + " <bucket.renamenx('test1')> é falso"
"Era esperado verdadeiro, mas " + result853 + " <bucket.delete()> é falso"
"Era esperado verdadeiro, mas " + result854 + " <bucket.isExists()> é falso"
"Era esperado verdadeiro, mas " + result855 + " <bucket.isExists()> é falso"
"Era esperado verdadeiro, mas o valor obtido é falso"
"Era esperado verdadeiro, mas o valor obtido é falso"
"Era esperado verdadeiro, mas o valor obtido é falso"
"Era esperado verdadeiro, mas " + result856 + " <queue.add(1)> é falso"
"Era esperado verdadeiro, mas " + result857 + " <queue.isEmpty()> é falso"
"Era esperado verdadeiro, mas " + result858 + " <r1.get(0)> é falso"
"Era esperado verdadeiro, mas o valor obtido é falso"
"Era esperado verdadeiro, mas o valor obtido é falso"
"Era esperado verdadeiro, mas o valor obtido é falso"
"Era esperado verdadeiro, mas o valor obtido é falso"
"Era esperado verdadeiro, mas o valor obtido é falso"
"Era esperado verdadeiro, mas o valor obtido é falso"
"Era esperado verdadeiro, mas o valor obtido é falso"
"Era esperado verdadeiro, mas o valor obtido é falso"
"Era esperado verdadeiro, mas o valor obtido é falso"
"Era esperado verdadeiro, mas " + result859 + " <iterator.hasPrevious()> é falso"
"Era esperado verdadeiro, mas o valor obtido é falso"
"Era esperado verdadeiro, mas " + result860 + " <iterator.hasNext()> é falso"
"Era esperado verdadeiro, mas o valor obtido é falso"
"Era esperado verdadeiro, mas o valor obtido é falso"
"Era esperado verdadeiro, mas " + result861 + " <iterator.hasPrevious()> é falso"
"Era esperado verdadeiro, mas o valor obtido é falso"
"Era esperado verdadeiro, mas " + result862 + " <iterator.hasPrevious()> é falso"
"Era esperado verdadeiro, mas o valor obtido é falso"
"Era esperado verdadeiro, mas " + result863 + " <iterator.hasPrevious()> é falso"
"Era esperado verdadeiro, mas o valor obtido é falso"
"Era esperado verdadeiro, mas " + result864 + " <iterator.hasPrevious()> é falso"
"Era esperado verdadeiro, mas o valor obtido é falso"
"Era esperado verdadeiro, mas o valor obtido é falso"
"Era esperado verdadeiro, mas o valor obtido é falso"
"Era esperado verdadeiro, mas o valor obtido é falso"
"Era esperado verdadeiro, mas o valor obtido é falso"
"Era esperado verdadeiro, mas o valor obtido é falso"
"Era esperado verdadeiro, mas o valor obtido é falso"
"Era esperado verdadeiro, mas o valor obtido é falso"
"Era esperado verdadeiro, mas o valor obtido é falso"
"Era esperado verdadeiro, mas o valor obtido é falso"
"Era esperado verdadeiro, mas o valor obtido é falso"
"Era esperado verdadeiro, mas o valor obtido é falso"
"Era esperado verdadeiro, mas o valor obtido é falso"
"Era esperado verdadeiro, mas o valor obtido é falso"
"Era esperado verdadeiro, mas o valor obtido é falso"
"Era esperado verdadeiro, mas o valor obtido é falso"
"Era esperado verdadeiro, mas o valor obtido é falso"
"Era esperado verdadeiro, mas o valor obtido é falso"
"Era esperado verdadeiro, mas o valor obtido é falso"
"Era esperado verdadeiro, mas o valor obtido é falso"
"Era esperado verdadeiro, mas o valor obtido é falso"
"Era esperado verdadeiro, mas o valor obtido é falso"
"Era esperado verdadeiro, mas o valor obtido é falso"
"Era esperado verdadeiro, mas o valor obtido é falso"
"Era esperado verdadeiro, mas o valor obtido é falso"
"Era esperado verdadeiro, mas o valor obtido é falso"
"Era esperado verdadeiro, mas o valor obtido é falso"
"Era esperado verdadeiro, mas o valor obtido é falso"
"Era esperado verdadeiro, mas o valor obtido é falso"
"Era esperado verdadeiro, mas o valor obtido é falso"
"Era esperado verdadeiro, mas " + result865 + " <iterator.hasPrevious()> é falso"
"Era esperado verdadeiro, mas o valor obtido é falso"
"Era esperado verdadeiro, mas " + result866 + " <iterator.hasNext()> é falso"
"Era esperado verdadeiro, mas o valor obtido é falso"
"Era esperado verdadeiro, mas o valor obtido é falso"
"Era esperado verdadeiro, mas " + result867 + " <iterator.hasPrevious()> é falso"
"Era esperado verdadeiro, mas o valor obtido é falso"
"Era esperado verdadeiro, mas " + result868 + " <iterator.hasPrevious()> é falso"
"Era esperado verdadeiro, mas o valor obtido é falso"
"Era esperado verdadeiro, mas " + result869 + " <iterator.hasPrevious()> é falso"
"Era esperado verdadeiro, mas o valor obtido é falso"
"Era esperado verdadeiro, mas " + result870 + " <iterator.hasPrevious()> é falso"
"Era esperado verdadeiro, mas o valor obtido é falso"
"Era esperado verdadeiro, mas o valor obtido é falso"
"Era esperado verdadeiro, mas o valor obtido é falso"
"Era esperado verdadeiro, mas o valor obtido é falso"
"Era esperado verdadeiro, mas o valor obtido é falso"
"Era esperado verdadeiro, mas " + result871 + " <list.removeAll(Arrays.asList(3, 2, 10, 6))> é falso"
"Era esperado verdadeiro, mas " + result872 + " <list.removeAll(Arrays.asList(4))> é falso"
"Era esperado verdadeiro, mas " + result873 + " <list.removeAll(Arrays.asList(1, 5, 1, 5))> é falso"
"Era esperado verdadeiro, mas " + result874 + " <list.isEmpty()> é falso"
"Era esperado verdadeiro, mas " + result875 + " <list.retainAll(Arrays.asList(3, 2, 10, 6))> é falso"
"Era esperado verdadeiro, mas " + result876 + " <list.retainAll(Collections.<Integer>emptyList())> é falso"
"Era esperado verdadeiro, mas " + result877 + " <list.addAll(Arrays.asList(7, 8, 9))> é falso"
"Era esperado verdadeiro, mas " + result878 + " <list.addAll(Arrays.asList(9, 1, 9))> é falso"
"Era esperado verdadeiro, mas " + result879 + " <list.containsAll(Arrays.asList(30, 11))> é falso"
"Era esperado verdadeiro, mas " + result880 + " <list.containsAll(Arrays.asList(30))> é falso"
"Era esperado verdadeiro, mas " + result881 + " <list.containsAll(Collections.emptyList())> é falso"
"Era esperado verdadeiro, mas " + result882 + " <Arrays.asList(1).containsAll(Collections.emptyList())> é falso"
"Era esperado verdadeiro, mas " + result883 + " <list.isEmpty()> é falso"
"Era esperado verdadeiro, mas " + result884 + " <list.contains('3')> é falso"
"Era esperado verdadeiro, mas " + result885 + " <list.contains('1')> é falso"
"Era esperado verdadeiro, mas " + result886 + " <stringIterator2.hasNext()> é falso"
"Era esperado verdadeiro, mas " + result887 + " <stringIterator2.hasNext()> é falso"
"Era esperado verdadeiro, mas " + result888 + " <queue.addAll(Arrays.asList(7, 8, 9))> é falso"
"Era esperado verdadeiro, mas " + result889 + " <queue.addAll(Arrays.asList(9, 1, 9))> é falso"
"Era esperado verdadeiro, mas " + result890 + " <queue.removeAll(Arrays.asList(3, 2, 10, 6))> é falso"
"Era esperado verdadeiro, mas " + result891 + " <queue.removeAll(Arrays.asList(4))> é falso"
"Era esperado verdadeiro, mas " + result892 + " <queue.removeAll(Arrays.asList(1, 5, 1, 5))> é falso"
"Era esperado verdadeiro, mas " + result893 + " <queue.isEmpty()> é falso"
"Era esperado verdadeiro, mas o valor obtido é falso"
"Era esperado verdadeiro, mas o valor obtido é falso"
"Era esperado verdadeiro, mas o valor obtido é falso"
"Era esperado verdadeiro, mas " + result894 + " <queue.isEmpty()> é falso"
"Era esperado verdadeiro, mas " + result895 + " <r1.get(0)> é falso"
"Era esperado verdadeiro, mas " + result896 + " <e.awaitTermination(30, TimeUnit.SECONDS)> é falso"
"Era esperado verdadeiro, mas o valor obtido é falso"
"Era esperado verdadeiro, mas o valor obtido é falso"
"Era esperado verdadeiro, mas " + result897 + " <sync(redisson.getMap('test').remove('2', '5'))> é falso"
"Era esperado verdadeiro, mas " + result898 + " <sync(redisson.getMap('test').remove('1', '2'))> é falso"
"Era esperado verdadeiro, mas " + result899 + " <sync(set.remove(1))> é falso"
"Era esperado verdadeiro, mas " + result900 + " <sync(set.retainAll(Arrays.asList(1, 2)))> é falso"
"Era esperado verdadeiro, mas " + result901 + " <sync(set.containsAll(Collections.emptyList()))> é falso"
"Era esperado verdadeiro, mas " + result902 + " <sync(set.containsAll(Arrays.asList(30, 11)))> é falso"
"Era esperado verdadeiro, mas " + result903 + " <sync(set.contains(new TestObject('2', '3')))> é falso"
"Era esperado verdadeiro, mas " + result904 + " <sync(set.contains(new TestObject('1', '2')))> é falso"
"Era esperado verdadeiro, mas " + result905 + " <sync(set.retainAll(Collections.<Integer>emptyList()))> é falso"
"Era esperado verdadeiro, mas " + result906 + " <sync(set.move('otherSet', 1))> é falso"
"Era esperado verdadeiro, mas " + result907 + " <sync(tmp.contains(1))> é falso"
"Era esperado verdadeiro, mas " + result908 + " <sync(tmp.contains(3))> é falso"
"Era esperado verdadeiro, mas o valor obtido é falso"
"Era esperado verdadeiro, mas o valor obtido é falso"
"Era esperado verdadeiro, mas o valor obtido é falso"
