"Era esperado valores iguais, mas  2 é diferente de " + result0 + " <s.nextStreamId(map)>"
"Era esperado valores iguais, mas  4 é diferente de " + result1 + " <s.nextStreamId(map)>"
"Era esperado valores iguais, mas  6 é diferente de " + result2 + " <s.nextStreamId(map)>"
"Era esperado falso, mas " + result3 + " <s.isBeforeOrCurrent(1)> é verdadeiro "
"Era esperado falso, mas " + result4 + " <s.isBeforeOrCurrent(3)> é verdadeiro "
"Era esperado verdadeiro, mas " + result5 + " <s.isBeforeOrCurrent(1)> é falso"
"Era esperado falso, mas " + result6 + " <s.isBeforeOrCurrent(3)> é verdadeiro "
"Era esperado verdadeiro, mas " + result7 + " <s.isBeforeOrCurrent(3)> é falso"
"Era esperado falso, mas " + result8 + " <s.isBeforeOrCurrent(-1)> é verdadeiro "
"Era esperado falso, mas " + result9 + " <s.isBeforeOrCurrent(0)> é verdadeiro "
"Era esperado verdadeiro, mas " + result10 + " <s.isBeforeOrCurrent(2)> é falso"
"Era esperado falso, mas " + result11 + " <s.isBeforeOrCurrent(2)> é verdadeiro "
"Era esperado falso, mas " + result12 + " <s.isBeforeOrCurrent(4)> é verdadeiro "
"Era esperado verdadeiro, mas " + result13 + " <s.isBeforeOrCurrent(2)> é falso"
"Era esperado falso, mas " + result14 + " <s.isBeforeOrCurrent(4)> é verdadeiro "
"Era esperado verdadeiro, mas " + result15 + " <s.isBeforeOrCurrent(4)> é falso"
"Era esperado falso, mas " + result16 + " <s.isBeforeOrCurrent(-2)> é verdadeiro "
"Era esperado falso, mas " + result17 + " <s.isBeforeOrCurrent(0)> é verdadeiro "
"Era esperado verdadeiro, mas " + result18 + " <s.isBeforeOrCurrent(1)> é falso"
"Era esperado valores iguais, mas  2147483646 é diferente de " + result19 + " <s.nextStreamId(map)>"
"Era esperado valores iguais, mas  2 é diferente de " + result20 + " <s.nextStreamId(map)>"
"Era esperado valores iguais, mas  4 é diferente de " + result21 + " <s.nextStreamId(map)>"
"Era esperado valores iguais, mas  2147483647 é diferente de " + result22 + " <s.nextStreamId(map)>"
"Era esperado valores iguais, mas  1 é diferente de " + result23 + " <s.nextStreamId(map)>"
"Era esperado valores iguais, mas  3 é diferente de " + result24 + " <s.nextStreamId(map)>"
"Era esperado valores iguais, mas  1 é diferente de " + result25 + " <s.nextStreamId(map)>"
"Era esperado valores iguais, mas  3 é diferente de " + result26 + " <s.nextStreamId(map)>"
"Era esperado valores iguais, mas  7 é diferente de " + result27 + " <s.nextStreamId(map)>"
"Era esperado valores iguais, mas  11 é diferente de " + result28 + " <s.nextStreamId(map)>"
"Era esperado verdadeiro, mas " + result29 + " <setupPayload.willClientHonorLease()> é falso"
"Era esperado valores iguais, mas  KEEP_ALIVE_INTERVAL é diferente de " + result30 + " <setupPayload.keepAliveInterval()>"
"Era esperado valores iguais, mas  KEEP_ALIVE_MAX_LIFETIME é diferente de " + result31 + " <setupPayload.keepAliveMaxLifetime()>"
"Era esperado valores iguais, mas  METADATA_TYPE é diferente de " + result32 + " <SetupFrameCodec.metadataMimeType(frame)>"
"Era esperado valores iguais, mas  DATA_TYPE é diferente de " + result33 + " <SetupFrameCodec.dataMimeType(frame)>"
"Era esperado verdadeiro, mas " + result34 + " <setupPayload.hasMetadata()> é falso"
"Era esperado não nulo, mas " + result35 + " <setupPayload.metadata()> é nulo"
"Era esperado valores iguais, mas " + result36 + " <payload.metadata()> é diferente de " + result37 + " <setupPayload.metadata()>"
"Era esperado valores iguais, mas " + result38 + " <payload.data()> é diferente de " + result39 + " <setupPayload.data()>"
"Era esperado não nulo, mas " + result40 + " <setupPayload.metadata()> é nulo"
"Era esperado valores iguais, mas  0 é diferente de " + result41 + " <setupPayload.metadata().readableBytes()>"
"Era esperado valores iguais, mas " + result42 + " <payload.data()> é diferente de " + result43 + " <setupPayload.data()>"
"Era esperado verdadeiro, mas " + result44 + " <setupPayload.hasMetadata()> é falso"
"Era esperado não nulo, mas " + result45 + " <setupPayload.metadata()> é nulo"
"Era esperado valores iguais, mas  0 é diferente de " + result46 + " <setupPayload.metadata().readableBytes()>"
"Era esperado valores iguais, mas " + result47 + " <payload.data()> é diferente de " + result48 + " <setupPayload.data()>"
"Era esperado valores iguais, mas  '00000b000000012c000000020164' é diferente de " + result49 + " <ByteBufUtil.hexDump(frame)>"
"Era esperado valores iguais, mas  ttl é diferente de " + result50 + " <LeaseFrameCodec.ttl(lease)>"
"Era esperado valores iguais, mas  numRequests é diferente de " + result51 + " <LeaseFrameCodec.numRequests(lease)>"
"Era esperado valores iguais, mas  metadata é diferente de " + result52 + " <LeaseFrameCodec.metadata(lease)>"
"Era esperado valores iguais, mas  ttl é diferente de " + result53 + " <LeaseFrameCodec.ttl(lease)>"
"Era esperado valores iguais, mas  numRequests é diferente de " + result54 + " <LeaseFrameCodec.numRequests(lease)>"
"Era esperado valores iguais, mas  '00000a00000001200000000005' é diferente de " + result55 + " <ByteBufUtil.hexDump(frame)>"
"Era esperado valores iguais, mas  flags é diferente de " + result56 + " <FrameHeaderCodec.flags(header)>"
"Era esperado valores iguais, mas  frameType é diferente de " + result57 + " <FrameHeaderCodec.frameType(header)>"
"Era esperado valores diferentes, mas  flags é igual a " + result58 + " <FrameHeaderCodec.flags(header)>"
"Era esperado valores iguais, mas  flags & 0b0000_0011_1111_1111 é diferente de " + result59 + " <FrameHeaderCodec.flags(header)>"
"Era esperado valores iguais, mas  frameType é diferente de " + result60 + " <FrameHeaderCodec.frameType(header)>"
"Era esperado verdadeiro, mas " + result61 + " <FrameHeaderCodec.hasMetadata(lease)> é falso"
"Era esperado nulo, mas " + result62 + " <LeaseFrameCodec.metadata(lease)> não é nulo"
"Era esperado verdadeiro, mas " + result63 + " <FrameHeaderCodec.hasMetadata(extension)> é falso"
"Era esperado valores iguais, mas  extendedType é diferente de " + result64 + " <ExtensionFrameCodec.extendedType(extension)>"
"Era esperado valores iguais, mas  metadata é diferente de " + result65 + " <ExtensionFrameCodec.metadata(extension)>"
"Era esperado valores iguais, mas  data é diferente de " + result66 + " <ExtensionFrameCodec.data(extension)>"
"Era esperado valores iguais, mas  extendedType é diferente de " + result67 + " <ExtensionFrameCodec.extendedType(extension)>"
"Era esperado nulo, mas " + result68 + " <ExtensionFrameCodec.metadata(extension)> não é nulo"
"Era esperado valores iguais, mas  data é diferente de " + result69 + " <ExtensionFrameCodec.data(extension)>"
"Era esperado verdadeiro, mas " + result70 + " <FrameHeaderCodec.hasMetadata(extension)> é falso"
"Era esperado valores iguais, mas  extendedType é diferente de " + result71 + " <ExtensionFrameCodec.extendedType(extension)>"
"Era esperado valores iguais, mas  metadata é diferente de " + result72 + " <ExtensionFrameCodec.metadata(extension)>"
"Era esperado valores iguais, mas  0 é diferente de " + result73 + " <ExtensionFrameCodec.data(extension).readableBytes()>"
"Era esperado valores iguais, mas  'd' é diferente de " + " data"
"Era esperado valores iguais, mas  'md' é diferente de " + " metadata"
"Era esperado valores iguais, mas  'd' é diferente de " + " data"
"Era esperado nulo, mas o valor obtido não é nulo"
"Era esperado verdadeiro, mas o valor obtido é falso"
"Era esperado valores iguais, mas  'md' é diferente de " + " metadata"
"Era esperado valores iguais, mas  'd' é diferente de " + " data"
"Era esperado valores iguais, mas  'md' é diferente de " + " metadata"
"Era esperado valores iguais, mas  'd' é diferente de " + " data"
"Era esperado nulo, mas o valor obtido não é nulo"
"Era esperado valores iguais, mas  'd' é diferente de " + " data"
"Era esperado valores iguais, mas " + result74 + " <metadata.readableBytes()> é diferente de " + " 0"
"Era esperado valores iguais, mas  expected é diferente de " + result75 + " <ByteBufUtil.hexDump(frame)>"
"Era esperado valores iguais, mas  expected é diferente de " + result76 + " <ByteBufUtil.hexDump(frame)>"
"Era esperado valores iguais, mas  expected é diferente de " + result77 + " <ByteBufUtil.hexDump(frame)>"
"Era esperado verdadeiro, mas " + result78 + " <FrameHeaderCodec.hasMetadata(request)> é falso"
"Era esperado valores iguais, mas  'd' é diferente de " + " data"
"Era esperado valores iguais, mas  'md' é diferente de " + " metadata"
"Era esperado valores iguais, mas  'd' é diferente de " + " data"
"Era esperado nulo, mas o valor obtido não é nulo"
"Era esperado verdadeiro, mas " + result79 + " <FrameHeaderCodec.hasMetadata(request)> é falso"
"Era esperado verdadeiro, mas o valor obtido é falso"
"Era esperado valores iguais, mas  'md' é diferente de " + " metadata"
"Era esperado verdadeiro, mas " + result80 + " <FrameHeaderCodec.hasMetadata(request)> é falso"
"Era esperado valores iguais, mas  Long.MAX_VALUE é diferente de " + " actualRequest"
"Era esperado valores iguais, mas  'md' é diferente de " + " metadata"
"Era esperado valores iguais, mas  'd' é diferente de " + " data"
"Era esperado valores iguais, mas  42L é diferente de " + " actualRequest"
"Era esperado nulo, mas o valor obtido não é nulo"
"Era esperado valores iguais, mas  'd' é diferente de " + " data"
"Era esperado verdadeiro, mas " + result81 + " <FrameHeaderCodec.hasMetadata(request)> é falso"
"Era esperado valores iguais, mas  42L é diferente de " + " actualRequest"
"Era esperado verdadeiro, mas o valor obtido é falso"
"Era esperado valores iguais, mas  'md' é diferente de " + " metadata"
"Era esperado verdadeiro, mas " + result82 + " <FrameHeaderCodec.hasMetadata(request)> é falso"
"Era esperado valores iguais, mas  'd' é diferente de " + " data"
"Era esperado valores iguais, mas  'md' é diferente de " + " metadata"
"Era esperado valores iguais, mas  'd' é diferente de " + " data"
"Era esperado nulo, mas o valor obtido não é nulo"
"Era esperado verdadeiro, mas " + result83 + " <FrameHeaderCodec.hasMetadata(request)> é falso"
"Era esperado valores iguais, mas  'md' é diferente de " + " metadata"
"Era esperado verdadeiro, mas o valor obtido é falso"
"Era esperado valores iguais, mas  1 é diferente de " + result84 + " <VersionCodec.major(version)>"
"Era esperado valores iguais, mas  0 é diferente de " + result85 + " <VersionCodec.minor(version)>"
"Era esperado valores iguais, mas  0x00010000 é diferente de " + " version"
"Era esperado valores iguais, mas  '1.0' é diferente de " + result86 + " <VersionCodec.toString(version)>"
"Era esperado valores iguais, mas  0x1234 é diferente de " + result87 + " <VersionCodec.major(version)>"
"Era esperado valores iguais, mas  0x5678 é diferente de " + result88 + " <VersionCodec.minor(version)>"
"Era esperado valores iguais, mas  0x12345678 é diferente de " + " version"
"Era esperado valores iguais, mas  '4660.22136' é diferente de " + result89 + " <VersionCodec.toString(version)>"
"Era esperado valores iguais, mas  43210 é diferente de " + result90 + " <VersionCodec.major(version)>"
"Era esperado valores iguais, mas  43211 é diferente de " + result91 + " <VersionCodec.minor(version)>"
"Era esperado valores iguais, mas  FrameType.SETUP é diferente de " + result92 + " <FrameHeaderCodec.frameType(frame)>"
"Era esperado valores iguais, mas  0 é diferente de " + result93 + " <SetupFrameCodec.resumeToken(frame).readableBytes()>"
"Era esperado valores iguais, mas  'metadata_type' é diferente de " + result94 + " <SetupFrameCodec.metadataMimeType(frame)>"
"Era esperado valores iguais, mas  'data_type' é diferente de " + result95 + " <SetupFrameCodec.dataMimeType(frame)>"
"Era esperado valores iguais, mas " + result96 + " <payload.metadata()> é diferente de " + result97 + " <SetupFrameCodec.metadata(frame)>"
"Era esperado valores iguais, mas " + result98 + " <payload.data()> é diferente de " + result99 + " <SetupFrameCodec.data(frame)>"
"Era esperado valores iguais, mas  SetupFrameCodec.CURRENT_VERSION é diferente de " + result100 + " <SetupFrameCodec.version(frame)>"
"Era esperado valores iguais, mas  FrameType.SETUP é diferente de " + result101 + " <FrameHeaderCodec.frameType(frame)>"
"Era esperado verdadeiro, mas " + result102 + " <SetupFrameCodec.honorLease(frame)> é falso"
"Era esperado verdadeiro, mas " + result103 + " <SetupFrameCodec.resumeEnabled(frame)> é falso"
"Era esperado valores iguais, mas  token é diferente de " + result104 + " <SetupFrameCodec.resumeToken(frame)>"
"Era esperado valores iguais, mas  'metadata_type' é diferente de " + result105 + " <SetupFrameCodec.metadataMimeType(frame)>"
"Era esperado valores iguais, mas  'data_type' é diferente de " + result106 + " <SetupFrameCodec.dataMimeType(frame)>"
"Era esperado valores iguais, mas " + result107 + " <payload.metadata()> é diferente de " + result108 + " <SetupFrameCodec.metadata(frame)>"
"Era esperado valores iguais, mas " + result109 + " <payload.data()> é diferente de " + result110 + " <SetupFrameCodec.data(frame)>"
"Era esperado valores iguais, mas  SetupFrameCodec.CURRENT_VERSION é diferente de " + result111 + " <SetupFrameCodec.version(frame)>"
"Era esperado verdadeiro, mas " + result112 + " <KeepAliveFrameCodec.respondFlag(frame)> é falso"
"Era esperado valores iguais, mas  data é diferente de " + result113 + " <KeepAliveFrameCodec.data(frame)>"
"Era esperado valores iguais, mas  '00000f000000000c80000000000000000064' é diferente de " + result114 + " <ByteBufUtil.hexDump(frame)>"

"A execução falhou por uma causa deliberada"
