"Era esperado valores iguais, mas  '{\n' + '    \'serialNumber\': 1234,\n' + '    \'modelYear\': 2013,\n' + '    \'available\': \'T\',\n' + '    \'code\': \'A\',\n' + '    \'someNumbers\': [0, 1, 2, 3, 4],\n' + '    \'vehicleCode\': \'ab\\\'def\',\n' + '    \'extras\': { \'sunRoof\': false, \'sportsPack\': true, \'cruiseControl\': true },\n' + '    \'engine\': \n' + '    {\n' + '        \'capacity\': 2000,\n' + '        \'numCylinders\': 4,\n' + '        \'maxRpm\': 9000,\n' + '        \'manufacturerCode\': \'123\',\n' + '        \'fuel\': \'Petrol\'\n' + '    },\n' + '    \'uuid\': [7, 3],\n' + '    \'cupHolderCount\': 5,\n' + '    \'fuelFigures\': [\n' + '    {\n' + '        \'speed\': 30,\n' + '        \'mpg\': 35.9\n' + '    },\n' + '    {\n' + '        \'speed\': 55,\n' + '        \'mpg\': 49.0\n' + '    },\n' + '    {\n' + '        \'speed\': 75,\n' + '        \'mpg\': 40.0\n' + '    }],\n' + '    \'performanceFigures\': [\n' + '    {\n' + '        \'octaneRating\': 95,\n' + '        \'acceleration\': [\n' + '        {\n' + '            \'mph\': 30,\n' + '            \'seconds\': 4.0\n' + '        },\n' + '        {\n' + '            \'mph\': 60,\n' + '            \'seconds\': 7.5\n' + '        },\n' + '        {\n' + '            \'mph\': 100,\n' + '            \'seconds\': 12.2\n' + '        }]\n' + '    },\n' + '    {\n' + '        \'octaneRating\': 99,\n' + '        \'acceleration\': [\n' + '        {\n' + '            \'mph\': 30,\n' + '            \'seconds\': 3.8\n' + '        },\n' + '        {\n' + '            \'mph\': 60,\n' + '            \'seconds\': 7.1\n' + '        },\n' + '        {\n' + '            \'mph\': 100,\n' + '            \'seconds\': 11.8\n' + '        }]\n' + '    }],\n' + '    \'manufacturer\': \'Honda\',\n' + '    \'model\': \'Civic VTi\',\n' + '    \'activationCode\': \'315\\\\8\'\n' + '}' é diferente de " + " result"
"Era esperado valores iguais, mas  '{\n' + '    \'login\': \'example\',\n' + '    \'encryptedPassword\': \'0b004061\'\n' + '}' é diferente de " + " result"
"Era esperado valores iguais, mas  'For input string: \'' + value + '\'' é diferente de " + result0 + " <exception.getMessage()>"
"Era esperado valores iguais, mas  'had 4 errors' é diferente de " + result1 + " <exception.getMessage()>"
"Era esperado não nulo, mas  o valor obtido foi nulo"
"Era esperado valores iguais, mas  filteringVersion é diferente de " + result2 + " <transformedSchema.version()>"
"Era esperado nulo, mas o valor obtido não é nulo"
"Era esperado nulo, mas " + result3 + " <map.get('testType').semanticType()> não é nulo"
"Era esperado nulo, mas " + result4 + " <((EncodedDataType) map.get('testTypeDefaultCharMinValue')).minValue()> não é nulo"
"Era esperado nulo, mas " + result5 + " <((EncodedDataType) map.get('testTypeDefaultCharMaxValue')).maxValue()> não é nulo"
"Era esperado nulo, mas " + result6 + " <((EncodedDataType) map.get('testTypeDefaultCharNullValue')).nullValue()> não é nulo"
"A execução falhou por uma causa deliberada"
"Era esperado não nulo, mas  o valor obtido foi nulo"
"Era esperado não nulo, mas " + result7 + " <fields.get(1).dimensionType()> é nulo"
"Era esperado não nulo, mas  o valor obtido foi nulo"
"Era esperado não nulo, mas  o valor obtido foi nulo"
"Era esperado não nulo, mas " + result8 + " <messageSchema.getType('Symbol')> é nulo"
"A execução falhou por uma causa deliberada"
"A execução falhou por uma causa deliberada"
"A execução falhou por uma causa deliberada"
"A execução falhou por uma causa deliberada"
"A execução falhou por uma causa deliberada"
"A execução falhou por uma causa deliberada"
"A execução falhou por uma causa deliberada"
"A execução falhou por uma causa deliberada"
"A execução falhou por uma causa deliberada"
"Era esperado verdadeiro, mas " + result9 + " <varDataField.isVariableLength()> é falso"
"Era esperado nulo, mas " + result10 + " <fields.get(1).type()> não é nulo"
"Era esperado nulo, mas " + result11 + " <fields.get(1).type()> não é nulo"
"Era esperado nulo, mas " + result12 + " <fields.get(1).type()> não é nulo"
"A execução falhou por uma causa deliberada"
"A execução falhou por uma causa deliberada"
"A execução falhou por uma causa deliberada"
"A execução falhou por uma causa deliberada"
"A execução falhou por uma causa deliberada"
"A execução falhou por uma causa deliberada"
"A execução falhou por uma causa deliberada"
"A execução falhou por uma causa deliberada"
"Era esperado objetos iguais, mas  SchemaTransformer.IDENTITY_TRANSFORMER é diferente de " + result13 + " <schemaTransformerFactory.delegate()>"
"Era esperado objetos iguais, mas  SchemaTransformer.IDENTITY_TRANSFORMER é diferente de " + result14 + " <schemaTransformerFactory.delegate()>"
"Era esperado que   SinceVersionSchemaTransformer.class fosse uma instancia de " + " delegate, mas não é"
"Era esperado valores iguais, mas  5 é diferente de " + result15 + " <transformer.sinceVersion()>"
"Era esperado que   IdKeyedSchemaTransformer.class fosse uma instancia de " + " delegate, mas não é"
"Era esperado valores iguais, mas  20 é diferente de " + result16 + " <schemaTransformer1.sinceVersion()>"
"Era esperado valores iguais, mas  32 é diferente de " + result17 + " <schemaTransformer4.sinceVersion()>"
"Era esperado valores iguais, mas  5 é diferente de " + result18 + " <schemaTransformerDefault.sinceVersion()>"
"Era esperado valores iguais, mas  'a' é diferente de " + " (char) aByte"
"Era esperado valores iguais, mas  '97' é diferente de " + result19 + " <Byte.toString(aByte)>"
"Era esperado valores iguais, mas  '65_u8' é diferente de " + result20 + " <generateRustLiteral(CHAR, '65')>"
"Era esperado valores iguais, mas  '64.1_f64' é diferente de " + result21 + " <generateRustLiteral(DOUBLE, '64.1')>"
"Era esperado valores iguais, mas  'f64::NAN' é diferente de " + result22 + " <generateRustLiteral(DOUBLE, 'NaN')>"
"Era esperado valores iguais, mas  '64.1_f32' é diferente de " + result23 + " <generateRustLiteral(FLOAT, '64.1')>"
"Era esperado valores iguais, mas  'f32::NAN' é diferente de " + result24 + " <generateRustLiteral(FLOAT, 'NaN')>"
"Era esperado valores iguais, mas  '65_i8' é diferente de " + result25 + " <generateRustLiteral(INT8, '65')>"
"Era esperado valores iguais, mas  '65_i16' é diferente de " + result26 + " <generateRustLiteral(INT16, '65')>"
"Era esperado valores iguais, mas  '65_i32' é diferente de " + result27 + " <generateRustLiteral(INT32, '65')>"
"Era esperado valores iguais, mas  '65_i64' é diferente de " + result28 + " <generateRustLiteral(INT64, '65')>"
"Era esperado valores iguais, mas  '0x41_u8' é diferente de " + result29 + " <generateRustLiteral(UINT8, '65')>"
"Era esperado valores iguais, mas  '0x41_u16' é diferente de " + result30 + " <generateRustLiteral(UINT16, '65')>"
"Era esperado valores iguais, mas  '0x41_u32' é diferente de " + result31 + " <generateRustLiteral(UINT32, '65')>"
"Era esperado valores iguais, mas  '0x41_u64' é diferente de " + result32 + " <generateRustLiteral(UINT64, '65')>"
"Era esperado valores iguais, mas  '0xff_u8' é diferente de " + result33 + " <generateRustLiteral(UINT8, UINT8.nullValue().toString())>"
"Era esperado valores iguais, mas  '0xffff_u16' é diferente de " + result34 + " <generateRustLiteral(UINT16, UINT16.nullValue().toString())>"
"Era esperado valores iguais, mas  '0xffffffff_u32' é diferente de " + result35 + " <generateRustLiteral(UINT32, UINT32.nullValue().toString())>"
"Era esperado valores iguais, mas  '0xffffffffffffffff_u64' é diferente de " + result36 + " <generateRustLiteral(UINT64, UINT64.nullValue().toString())>"
"Era esperado valores iguais, mas  'ABee' é diferente de " + result37 + " <cleanUpperAcronyms('ABee')>"
"Era esperado valores iguais, mas  'mdEntryTypeBook' é diferente de " + result38 + " <cleanUpperAcronyms('MDEntryTypeBook')>"
"Era esperado valores iguais, mas  'MD_EntryTypeBook' é diferente de " + result39 + " <cleanUpperAcronyms('MD_EntryTypeBook')>"
"Era esperado valores iguais, mas  'price9Book' é diferente de " + result40 + " <cleanUpperAcronyms('PRICE9Book')>"
"Era esperado valores iguais, mas  '' é diferente de " + result41 + " <formatFunctionName('')>"
"Era esperado valores iguais, mas  'a' é diferente de " + result42 + " <formatFunctionName('a')>"
"Era esperado valores iguais, mas  'a' é diferente de " + result43 + " <formatFunctionName('A')>"
"Era esperado valores iguais, mas  'car' é diferente de " + result44 + " <formatFunctionName('Car')>"
"Era esperado valores iguais, mas  'car' é diferente de " + result45 + " <formatFunctionName('car')>"
"Era esperado valores iguais, mas  'decode_car' é diferente de " + result46 + " <formatFunctionName('DecodeCar')>"
"Era esperado valores iguais, mas  'decode_car' é diferente de " + result47 + " <formatFunctionName('decodeCar')>"
"Era esperado valores iguais, mas  'decode_car' é diferente de " + result48 + " <formatFunctionName('decode_car')>"
"Era esperado valores iguais, mas  'decode_car' é diferente de " + result49 + " <formatFunctionName('Decode_car')>"
"Era esperado valores iguais, mas  'decode_car' é diferente de " + result50 + " <formatFunctionName('decode_Car')>"
"Era esperado valores iguais, mas  'decode_car' é diferente de " + result51 + " <formatFunctionName('Decode_Car')>"
"Era esperado valores iguais, mas  'decode_car' é diferente de " + result52 + " <formatFunctionName('DECODE_Car')>"
"Era esperado valores iguais, mas  'decode_car' é diferente de " + result53 + " <formatFunctionName('DECODE_car')>"
"Era esperado valores iguais, mas  'decode_car' é diferente de " + result54 + " <formatFunctionName('DECODECar')>"
"Era esperado valores iguais, mas  'decode_car' é diferente de " + result55 + " <formatFunctionName('DECODE_CAR')>"
"Era esperado valores iguais, mas  'decode_ca_r' é diferente de " + result56 + " <formatFunctionName('DECODE_caR')>"
"Era esperado valores iguais, mas  'pricenull_9' é diferente de " + result57 + " <formatFunctionName('PRICENULL9')>"
"Era esperado valores iguais, mas  'price_9_book' é diferente de " + result58 + " <formatFunctionName('PRICE9Book')>"
"Era esperado valores iguais, mas  'issue_435' é diferente de " + result59 + " <formatFunctionName('issue435')>"
"Era esperado valores iguais, mas  'upper_case' é diferente de " + result60 + " <formatFunctionName('UPPERCase')>"
"Era esperado valores iguais, mas  'no_md_entries' é diferente de " + result61 + " <formatFunctionName('NoMDEntries')>"
"Era esperado valores iguais, mas  'md_entry_type_book' é diferente de " + result62 + " <formatFunctionName('MD_EntryTYPEBook')>"
"Era esperado valores iguais, mas  'cl_ord_id' é diferente de " + result63 + " <formatFunctionName('ClOrdID')>"
"Era esperado valores iguais, mas  'ab_c' é diferente de " + result64 + " <formatFunctionName('aBc')>"
"Era esperado valores iguais, mas  'ab_cd' é diferente de " + result65 + " <formatFunctionName('aBcD')>"
"Era esperado valores iguais, mas  'ab_cd' é diferente de " + result66 + " <formatFunctionName('aB_cD')>"
"Era esperado valores iguais, mas  'ab_cd' é diferente de " + result67 + " <formatFunctionName('AbCd')>"
"Era esperado verdadeiro, mas " + result68 + " <containsCodeWithSinceVersion(sources, versionIncluded)> é falso"
"Era esperado verdadeiro, mas " + result69 + " <doesNotContainsCodeWithSinceVersion(sources, versionExcluded)> é falso"
"Era esperado valores iguais, mas  '[Car]' + '(sbeTemplateId=1|sbeSchemaId=1|sbeSchemaVersion=2|sbeBlockLength=62):' + 'serialNumber=1234|modelYear=2013|available=T|code=A|' + 'someNumbers=[0,1,2,3,4]|' + 'vehicleCode=ab\'def|' + 'extras={sportsPack,cruiseControl}|' + 'engine=(capacity=2000|numCylinders=4|manufacturerCode=123|)|' + 'uuid=[7,3]|' + 'cupHolderCount=5|' + 'fuelFigures=[' + '(speed=30|mpg=35.9),' + '(speed=55|mpg=49.0),' + '(speed=75|mpg=40.0)]|' + 'performanceFigures=[' + '(octaneRating=95|acceleration=[(mph=30|seconds=4.0),(mph=60|seconds=7.5),(mph=100|seconds=12.2)]),' + '(octaneRating=99|acceleration=[(mph=30|seconds=3.8),(mph=60|seconds=7.1),(mph=100|seconds=11.8)])]|' + 'manufacturer='Honda'|model='Civic VTi'|activationCode='315\\8'' é diferente de " + " result"
"Era esperado valores iguais, mas  '[Car]' + '(sbeTemplateId=1|sbeSchemaId=1|sbeSchemaVersion=2|sbeBlockLength=62):' + 'serialNumber=0|modelYear=0|available=F|code=NULL_VAL|someNumbers=[0,0,0,0,0]|vehicleCode=|extras={}|' + 'engine=(capacity=0|numCylinders=0|manufacturerCode=|)|' + 'uuid=[0,0]|cupHolderCount=0|' + 'fuelFigures=[]|performanceFigures=[]|manufacturer=''|model=''|activationCode=''' é diferente de " + " result"
"Era esperado não nulo, mas  o valor obtido foi nulo"
"Era esperado valores iguais, mas " + result70 + " <ir.id()> é diferente de " + result71 + " <decodedIr.id()>"
"Era esperado valores iguais, mas " + result72 + " <ir.version()> é diferente de " + result73 + " <decodedIr.version()>"
"Era esperado valores iguais, mas " + result74 + " <ir.byteOrder()> é diferente de " + result75 + " <decodedIr.byteOrder()>"
"Era esperado valores iguais, mas " + result76 + " <ir.applicableNamespace()> é diferente de " + result77 + " <decodedIr.applicableNamespace()>"
"Era esperado valores iguais, mas " + result78 + " <ir.packageName()> é diferente de " + result79 + " <decodedIr.packageName()>"
"Era esperado valores iguais, mas " + result80 + " <ir.types().size()> é diferente de " + result81 + " <decodedIr.types().size()>"
"Era esperado valores iguais, mas " + result82 + " <ir.messages().size()> é diferente de " + result83 + " <decodedIr.messages().size()>"
"Era esperado valores iguais, mas  passOne é diferente de " + " passTwo"
"Era esperado valores diferentes, mas  passOne é igual a " + " partialPassOne"
"Era esperado valores iguais, mas  partialPassOne é diferente de " + " partialPassTwo"
"Era esperado valores iguais, mas  passOne é diferente de " + " passThree"
"Era esperado não nulo, mas  o valor obtido foi nulo"
"Era esperado não nulo, mas  o valor obtido foi nulo"
"Era esperado não nulo, mas  o valor obtido foi nulo"
"Era esperado não nulo, mas  o valor obtido foi nulo"
"Era esperado não nulo, mas  o valor obtido foi nulo"
"Era esperado não nulo, mas  o valor obtido foi nulo"
"Era esperado não nulo, mas  o valor obtido foi nulo"
"Era esperado valores iguais, mas  expectedSerialNumber é diferente de " + " serialNumber"
"Era esperado valores iguais, mas  expectedManufacturer é diferente de " + " manufacturer"
"Era esperado valores iguais, mas  expectedEngineCapacity é diferente de " + result84 + " <getCapacity(engineDecoder)>"
"Era esperado verdadeiro, mas " + result85 + " <getCruiseControl(extrasDecoder)> é falso"
"Era esperado não nulo, mas  o valor obtido foi nulo"
"Era esperado valores iguais, mas  0 é diferente de " + result86 + " <minValue.invoke(null)>"
"Era esperado não nulo, mas  o valor obtido foi nulo"
"Era esperado valores iguais, mas  65534 é diferente de " + result87 + " <maxValue.invoke(null)>"
"Era esperado não nulo, mas  o valor obtido foi nulo"
"Era esperado verdadeiro, mas " + result88 + " <encoderClazz.isAnnotationPresent(Deprecated.class)> é falso"
"Era esperado não nulo, mas  o valor obtido foi nulo"
"Era esperado verdadeiro, mas " + result89 + " <decoderClazz.isAnnotationPresent(Deprecated.class)> é falso"
"Era esperado não nulo, mas  o valor obtido foi nulo"
"Era esperado não nulo, mas  o valor obtido foi nulo"
"Era esperado não nulo, mas " + result90 + " <sources.get('test.message.schema.common.CarEncoder')> é nulo"
"Era esperado não nulo, mas " + result91 + " <sources.get('test.message.schema.common.CarDecoder')> é nulo"
"Era esperado não nulo, mas " + result92 + " <sources.get('outside.schema.BooleanType')> é nulo"
"Era esperado não nulo, mas " + result93 + " <sources.get('outside.schema.DaysEncoder')> é nulo"
"Era esperado não nulo, mas " + result94 + " <sources.get('outside.schema.DaysDecoder')> é nulo"
"Era esperado não nulo, mas " + result95 + " <sources.get(ir.applicableNamespace() + '.MessageHeaderEncoder')> é nulo"
"Era esperado não nulo, mas  o valor obtido foi nulo"
"Era esperado não nulo, mas  o valor obtido foi nulo"
"Era esperado não nulo, mas " + result96 + " <sources.get(ir.applicableNamespace() + '.CarEncoder')> é nulo"
"Era esperado não nulo, mas " + result97 + " <sources.get(ir.applicableNamespace() + '.CarDecoder')> é nulo"
"Era esperado não nulo, mas " + result98 + " <sources.get(ir.applicableNamespace() + '.BooleanType')> é nulo"
"Era esperado não nulo, mas " + result99 + " <sources.get(ir.applicableNamespace() + '.DaysEncoder')> é nulo"
"Era esperado não nulo, mas " + result100 + " <sources.get(ir.applicableNamespace() + '.DaysDecoder')> é nulo"
"Era esperado não nulo, mas " + result101 + " <sources.get(ir.applicableNamespace() + '.MessageHeaderEncoder')> é nulo"
"Era esperado não nulo, mas  o valor obtido foi nulo"
"Era esperado não nulo, mas  o valor obtido foi nulo"
"Era esperado não nulo, mas  o valor obtido foi nulo"
"Era esperado valores iguais, mas  initialLimit é diferente de " + " rewindLimit"
"Era esperado valores iguais, mas  readLimit é diferente de " + " skipLimit"
"Era esperado valores iguais, mas  encodedLength é diferente de " + " decodedLengthNoRead"
"Era esperado valores iguais, mas  encodedLength é diferente de " + " decodedLengthFullSkip"
"Era esperado valores iguais, mas  encodedLength é diferente de " + " decodedLengthAfterRewind"
"Era esperado valores iguais, mas  encodedLength é diferente de " + " decodedLengthPartialRead"
"Era esperado valores iguais, mas " + result102 + " <ir.id()> é diferente de " + result103 + " <decodedIr.id()>"
"Era esperado valores iguais, mas " + result104 + " <ir.version()> é diferente de " + result105 + " <decodedIr.version()>"
"Era esperado valores iguais, mas " + result106 + " <ir.byteOrder()> é diferente de " + result107 + " <decodedIr.byteOrder()>"
"Era esperado valores iguais, mas " + result108 + " <ir.applicableNamespace()> é diferente de " + result109 + " <decodedIr.applicableNamespace()>"
"Era esperado valores iguais, mas " + result110 + " <ir.packageName()> é diferente de " + result111 + " <decodedIr.packageName()>"
"Era esperado valores iguais, mas " + result112 + " <ir.types().size()> é diferente de " + result113 + " <decodedIr.types().size()>"
"Era esperado valores iguais, mas " + result114 + " <ir.messages().size()> é diferente de " + result115 + " <decodedIr.messages().size()>"
"Era esperado verdadeiro, mas o valor obtido é falso"
"Era esperado verdadeiro, mas o valor obtido é falso"
"Era esperado valores iguais, mas  TestTargetLanguage.ir é diferente de " + " ir"
"Era esperado valores iguais, mas  TestTargetLanguage.outputDir é diferente de " + " outputDir"
"A execução falhou por uma causa deliberada"
"Era esperado não nulo, mas " + result116 + " <ir.getType('compositeOne')> é nulo"
"Era esperado não nulo, mas " + result117 + " <ir.getType('compositeTwo')> é nulo"
"Era esperado não nulo, mas " + result118 + " <ir.getType('compositeThree')> é nulo"
