"Era esperado verdadeiro, mas " + result0 + " <executor.isAllOK()> é falso"
"Era esperado verdadeiro, mas " + result1 + " <executor.isAllOK()> é falso"
"Era esperado valores iguais, mas  expected é diferente de " + result2 + " <ResourceUtils.normalize(result)>"
"Era esperado valores iguais, mas  expected é diferente de " + result3 + " <ResourceUtils.normalize(result)>"
"Era esperado valores iguais, mas  expected é diferente de " + result4 + " <ResourceUtils.normalize(result)>"
"Era esperado valores iguais, mas  expected1 é diferente de " + " result1"
"Era esperado valores iguais, mas  expected2 é diferente de " + " result2"
"Era esperado valores iguais, mas  'Hello there!' é diferente de " + result5 + " <TEMPLATE_ENGINE.process(TEMPLATE_SPEC1, contextTrue)>"
"Era esperado valores iguais, mas  '' é diferente de " + result6 + " <TEMPLATE_ENGINE.process(TEMPLATE_SPEC1, contextFalse)>"
"Era esperado verdadeiro, mas o valor obtido é falso"
"Era esperado valores iguais, mas  'Hey, Hello there!' é diferente de " + result7 + " <TEMPLATE_ENGINE.process(TEMPLATE_SPEC2, contextTrue)>"
"Era esperado valores iguais, mas  '' é diferente de " + result8 + " <TEMPLATE_ENGINE.process(TEMPLATE_SPEC2, contextFalse)>"
"Era esperado verdadeiro, mas o valor obtido é falso"
"Era esperado valores iguais, mas  'Hey, Hello there!' é diferente de " + result9 + " <TEMPLATE_ENGINE.process(TEMPLATE_SPEC3, contextTrue)>"
"Era esperado valores iguais, mas  '' é diferente de " + result10 + " <TEMPLATE_ENGINE.process(TEMPLATE_SPEC3, contextFalse)>"
"Era esperado verdadeiro, mas o valor obtido é falso"
"Era esperado valores iguais, mas  'Hello there!' é diferente de " + result11 + " <TEMPLATE_ENGINE.process(TEMPLATE_SPEC4, contextTrue)>"
"Era esperado valores iguais, mas  '' é diferente de " + result12 + " <TEMPLATE_ENGINE.process(TEMPLATE_SPEC4, contextFalse)>"
"Era esperado verdadeiro, mas o valor obtido é falso"
"Era esperado valores iguais, mas  'Hello there!' é diferente de " + result13 + " <TEMPLATE_ENGINE.process(TEMPLATE_SPEC1, contextTrue)>"
"Era esperado valores iguais, mas  '' é diferente de " + result14 + " <TEMPLATE_ENGINE.process(TEMPLATE_SPEC1, contextFalse)>"
"Era esperado verdadeiro, mas o valor obtido é falso"
"Era esperado valores iguais, mas  'Hey, Hello there!' é diferente de " + result15 + " <TEMPLATE_ENGINE.process(TEMPLATE_SPEC2, contextTrue)>"
"Era esperado valores iguais, mas  '' é diferente de " + result16 + " <TEMPLATE_ENGINE.process(TEMPLATE_SPEC2, contextFalse)>"
"Era esperado verdadeiro, mas o valor obtido é falso"
"Era esperado valores iguais, mas  'Hey, Hello there!' é diferente de " + result17 + " <TEMPLATE_ENGINE.process(TEMPLATE_SPEC3, contextTrue)>"
"Era esperado valores iguais, mas  '' é diferente de " + result18 + " <TEMPLATE_ENGINE.process(TEMPLATE_SPEC3, contextFalse)>"
"Era esperado verdadeiro, mas o valor obtido é falso"
"Era esperado valores iguais, mas  'Hello there!' é diferente de " + result19 + " <TEMPLATE_ENGINE.process(TEMPLATE_SPEC4, contextTrue)>"
"Era esperado valores iguais, mas  '' é diferente de " + result20 + " <TEMPLATE_ENGINE.process(TEMPLATE_SPEC4, contextFalse)>"
"Era esperado verdadeiro, mas o valor obtido é falso"
"Era esperado valores iguais, mas  'Hello there!' é diferente de " + result21 + " <TEMPLATE_ENGINE.process(TEMPLATE_SPEC9, contextTrue)>"
"Era esperado verdadeiro, mas o valor obtido é falso"
"Era esperado valores iguais, mas  '' é diferente de " + result22 + " <TEMPLATE_ENGINE.process(TEMPLATE_SPEC9, contextFalse)>"
"Era esperado valores iguais, mas  'Hello there!' é diferente de " + result23 + " <TEMPLATE_ENGINE.process(TEMPLATE_SPEC10, contextTrue)>"
"Era esperado verdadeiro, mas o valor obtido é falso"
"Era esperado valores iguais, mas  '' é diferente de " + result24 + " <TEMPLATE_ENGINE.process(TEMPLATE_SPEC10, contextFalse)>"
"Era esperado objetos iguais, mas  rr01 é diferente de " + " rr03"
"Era esperado objetos iguais, mas  rr02 é diferente de " + " rr04"
"Era esperado valores iguais, mas  '/[ref='abc' or data-ref='abc' or fragment='abc' or data-fragment='abc' or fragment^='abc(' or data-fragment^='abc(' or fragment^='abc (' or data-fragment^='abc (']' é diferente de " + " result01"
"Era esperado objetos iguais, mas  result01 é diferente de " + " result02"
"Era esperado valores iguais, mas  '/[th:ref='abc' or data-th-ref='abc' or th:fragment='abc' or data-th-fragment='abc' or th:fragment^='abc(' or data-th-fragment^='abc(' or th:fragment^='abc (' or data-th-fragment^='abc (']' é diferente de " + " result03"
"Era esperado objetos iguais, mas  result03 é diferente de " + " result04"
"Era esperado valores iguais, mas  '/[q:ref='abc' or data-q-ref='abc' or q:fragment='abc' or data-q-fragment='abc' or q:fragment^='abc(' or data-q-fragment^='abc(' or q:fragment^='abc (' or data-q-fragment^='abc (']' é diferente de " + " result05"
"Era esperado objetos iguais, mas  result05 é diferente de " + " result06"
"Era esperado valores iguais, mas  '/[th:ref='abc' or data-th-ref='abc' or th:fragment='abc' or data-th-fragment='abc' or th:fragment^='abc(' or data-th-fragment^='abc(' or th:fragment^='abc (' or data-th-fragment^='abc (']' é diferente de " + " result07"
"Era esperado objetos iguais, mas  result07 é diferente de " + " result08"
"Era esperado objetos iguais, mas  rr01 é diferente de " + " rr03"
"Era esperado objetos iguais, mas  rr02 é diferente de " + " rr04"
"Era esperado valores iguais, mas  '/[ref='abc' or fragment='abc' or fragment^='abc(' or fragment^='abc (']' é diferente de " + " result01"
"Era esperado objetos iguais, mas  result01 é diferente de " + " result02"
"Era esperado valores iguais, mas  '/[th:ref='abc' or th:fragment='abc' or th:fragment^='abc(' or th:fragment^='abc (']' é diferente de " + " result03"
"Era esperado objetos iguais, mas  result03 é diferente de " + " result04"
"Era esperado valores iguais, mas  '/[q:ref='abc' or q:fragment='abc' or q:fragment^='abc(' or q:fragment^='abc (']' é diferente de " + " result05"
"Era esperado objetos iguais, mas  result05 é diferente de " + " result06"
"Era esperado valores iguais, mas  '/[th:ref='abc' or th:fragment='abc' or th:fragment^='abc(' or th:fragment^='abc (']' é diferente de " + " result07"
"Era esperado objetos iguais, mas  result07 é diferente de " + " result08"
"Era esperado não nulo, mas  o valor obtido foi nulo"
"Era esperado verdadeiro, mas " + result25 + " <resourcesFolder.isDirectory()> é falso"
"Era esperado valores iguais, mas  expectedResult é diferente de " + result26 + " <decoupledTemplateLogic.toString()>"
"Era esperado valores iguais, mas " + result27 + " <ResourceUtils.normalize(expected)> é diferente de " + result28 + " <ResourceUtils.normalize(result)>"
"Era esperado valores iguais, mas  1 é diferente de " + result29 + " <templateResolvers.size()>"
"Era esperado valores iguais, mas  'org.thymeleaf.templateresolver.StringTemplateResolver' é diferente de " + result30 + " <templateResolvers.get(0).getName()>"
"Era esperado valores iguais, mas  1 é diferente de " + result31 + " <templateResolvers.size()>"
"Era esperado valores iguais, mas  'org.thymeleaf.templateresolver.ClassLoaderTemplateResolver' é diferente de " + result32 + " <templateResolvers.get(0).getName()>"
"Era esperado valores iguais, mas  1 é diferente de " + result33 + " <templateResolvers.size()>"
"Era esperado valores iguais, mas  'org.thymeleaf.templateresolver.FileTemplateResolver' é diferente de " + result34 + " <templateResolvers.get(0).getName()>"
"Era esperado valores iguais, mas  2 é diferente de " + result35 + " <templateResolvers.size()>"
"Era esperado valores iguais, mas  'org.thymeleaf.templateresolver.ClassLoaderTemplateResolver' é diferente de " + result36 + " <templateResolvers.get(0).getName()>"
"Era esperado valores iguais, mas  'org.thymeleaf.templateresolver.FileTemplateResolver' é diferente de " + result37 + " <templateResolvers.get(1).getName()>"
"Era esperado valores iguais, mas  2 é diferente de " + result38 + " <templateResolvers.size()>"
"Era esperado valores iguais, mas  'org.thymeleaf.templateresolver.ClassLoaderTemplateResolver' é diferente de " + result39 + " <templateResolvers.get(0).getName()>"
"Era esperado valores iguais, mas  'org.thymeleaf.templateresolver.FileTemplateResolver' é diferente de " + result40 + " <templateResolvers.get(1).getName()>"
"Era esperado valores iguais, mas  2 é diferente de " + result41 + " <templateResolvers.size()>"
"Era esperado valores iguais, mas  'org.thymeleaf.templateresolver.ClassLoaderTemplateResolver' é diferente de " + result42 + " <templateResolvers.get(0).getName()>"
"Era esperado valores iguais, mas  'org.thymeleaf.templateresolver.FileTemplateResolver' é diferente de " + result43 + " <templateResolvers.get(1).getName()>"
"Era esperado valores iguais, mas  'Hello ??something_en??' é diferente de " + result44 + " <templateEngine.process('Hello [[#{something}]]', context)>"
"Era esperado valores iguais, mas  'Hello 58' é diferente de " + result45 + " <templateEngine.process('Hello [[23+35]]', context)>"
"Era esperado valores iguais, mas  2 é diferente de " + result46 + " <templateResolvers.size()>"
"Era esperado valores iguais, mas  'org.thymeleaf.templateresolver.ClassLoaderTemplateResolver' é diferente de " + result47 + " <templateResolvers.get(0).getName()>"
"Era esperado valores iguais, mas  'org.thymeleaf.templateresolver.DefaultTemplateResolver' é diferente de " + result48 + " <templateResolvers.get(1).getName()>"
"Era esperado valores iguais, mas  'psomething/p' é diferente de " + result49 + " <templateEngine.process('nonexisting', context)>"
"Era esperado valores iguais, mas  2 é diferente de " + result50 + " <templateResolvers.size()>"
"Era esperado valores iguais, mas  'org.thymeleaf.templateresolver.ClassLoaderTemplateResolver' é diferente de " + result51 + " <templateResolvers.get(0).getName()>"
"Era esperado valores iguais, mas  'org.thymeleaf.templateresolver.DefaultTemplateResolver' é diferente de " + result52 + " <templateResolvers.get(1).getName()>"
"Era esperado valores iguais, mas  'pthis value/p' é diferente de " + result53 + " <templateEngine.process('nonexisting', context)>"
"Era esperado valores iguais, mas  'divsome text ppinserted!/p/p other text/div' é diferente de " + result54 + " <templateEngine.process('<div>some text <p th:insert=\'nonexisting\'>...</p> other text</div>', context)>"
"Era esperado verdadeiro, mas o valor obtido é falso"
"Era esperado verdadeiro, mas o valor obtido é falso"
"Era esperado valores iguais, mas  EXPECTED_OUTPUT é diferente de " + " output"
"Era esperado verdadeiro, mas o valor obtido é falso"
"Era esperado verdadeiro, mas o valor obtido é falso"
"Era esperado valores iguais, mas  EXPECTED_OUTPUT é diferente de " + " output"
"Era esperado verdadeiro, mas o valor obtido é falso"
"Era esperado verdadeiro, mas o valor obtido é falso"
"Era esperado valores iguais, mas  EXPECTED_OUTPUT é diferente de " + " output"
"Era esperado valores iguais, mas  '/' é diferente de " + result55 + " <TemplateResourceUtils.computeRelativeLocation('/', '/')>"
"Era esperado valores iguais, mas  '/something' é diferente de " + result56 + " <TemplateResourceUtils.computeRelativeLocation('/', 'something')>"
"Era esperado valores iguais, mas  '/' é diferente de " + result57 + " <TemplateResourceUtils.computeRelativeLocation('/something', '/')>"
"Era esperado valores iguais, mas  '/' é diferente de " + result58 + " <TemplateResourceUtils.computeRelativeLocation('something', '/')>"
"Era esperado valores iguais, mas  'something/' é diferente de " + result59 + " <TemplateResourceUtils.computeRelativeLocation('something/else', '/')>"
"Era esperado valores iguais, mas  'something/else/' é diferente de " + result60 + " <TemplateResourceUtils.computeRelativeLocation('something/else/more', '/')>"
"Era esperado valores iguais, mas  'something/else/less' é diferente de " + result61 + " <TemplateResourceUtils.computeRelativeLocation('something/else/more', 'less')>"
"Era esperado valores iguais, mas  'something/else/more.properties' é diferente de " + result62 + " <TemplateResourceUtils.computeRelativeLocation('something/else/more.html', 'more.properties')>"
"Era esperado valores iguais, mas  'something/else/more_es.properties' é diferente de " + result63 + " <TemplateResourceUtils.computeRelativeLocation('something/else/more.html', 'more_es.properties')>"
"Era esperado valores iguais, mas  'something/else/../more_es.properties' é diferente de " + result64 + " <TemplateResourceUtils.computeRelativeLocation('something/else/more.html', '../more_es.properties')>"
"Era esperado valores iguais, mas  'something/else/../../more_es.properties' é diferente de " + result65 + " <TemplateResourceUtils.computeRelativeLocation('something/else/more.html', '../../more_es.properties')>"
"Era esperado valores iguais, mas  '/' é diferente de " + result66 + " <TemplateResourceUtils.cleanPath('/')>"
"Era esperado valores iguais, mas  'something' é diferente de " + result67 + " <TemplateResourceUtils.cleanPath('something')>"
"Era esperado valores iguais, mas  '/something' é diferente de " + result68 + " <TemplateResourceUtils.cleanPath('/something')>"
"Era esperado valores iguais, mas  'something/else' é diferente de " + result69 + " <TemplateResourceUtils.cleanPath('something/else')>"
"Era esperado valores iguais, mas  '/something/else' é diferente de " + result70 + " <TemplateResourceUtils.cleanPath('//something//else')>"
"Era esperado valores iguais, mas  '/something/else' é diferente de " + result71 + " <TemplateResourceUtils.cleanPath('//something//a//..//else')>"
"Era esperado valores iguais, mas  'something/else/more' é diferente de " + result72 + " <TemplateResourceUtils.cleanPath('something/else/more')>"
"Era esperado valores iguais, mas  'something/else/more' é diferente de " + result73 + " <TemplateResourceUtils.cleanPath('something/else//more')>"
"Era esperado valores iguais, mas  'something/more' é diferente de " + result74 + " <TemplateResourceUtils.cleanPath('something/else/../more')>"
"Era esperado valores iguais, mas  'something/else/more' é diferente de " + result75 + " <TemplateResourceUtils.cleanPath('something/else/./more')>"
"Era esperado valores iguais, mas  '../something/else/more' é diferente de " + result76 + " <TemplateResourceUtils.cleanPath('../something/else/./more')>"
"Era esperado valores iguais, mas  'something/else/more' é diferente de " + result77 + " <TemplateResourceUtils.cleanPath('./something/else/./more')>"
"Era esperado valores iguais, mas  'something/else/more.html' é diferente de " + result78 + " <TemplateResourceUtils.cleanPath('something/else/more.html')>"
"Era esperado valores iguais, mas  '../something/else/more.html' é diferente de " + result79 + " <TemplateResourceUtils.cleanPath('../something/else/more.html')>"
"Era esperado valores iguais, mas  '../something/else' é diferente de " + result80 + " <TemplateResourceUtils.cleanPath('../something/else/more.html/..')>"
"Era esperado valores iguais, mas  'something/more_es.properties' é diferente de " + result81 + " <TemplateResourceUtils.cleanPath('something/else/more.html/../../more_es.properties')>"
"Era esperado nulo, mas " + result82 + " <TemplateResourceUtils.computeBaseName('/')> não é nulo"
"Era esperado valores iguais, mas  'something' é diferente de " + result83 + " <TemplateResourceUtils.computeBaseName('something')>"
"Era esperado valores iguais, mas  'something' é diferente de " + result84 + " <TemplateResourceUtils.computeBaseName('/something')>"
"Era esperado valores iguais, mas  'else' é diferente de " + result85 + " <TemplateResourceUtils.computeBaseName('something/else')>"
"Era esperado valores iguais, mas  'else' é diferente de " + result86 + " <TemplateResourceUtils.computeBaseName('//something//else')>"
"Era esperado valores iguais, mas  'else' é diferente de " + result87 + " <TemplateResourceUtils.computeBaseName('//something//a//..//else')>"
"Era esperado valores iguais, mas  'more' é diferente de " + result88 + " <TemplateResourceUtils.computeBaseName('something/else/more')>"
"Era esperado valores iguais, mas  'more' é diferente de " + result89 + " <TemplateResourceUtils.computeBaseName('something/else//more')>"
"Era esperado valores iguais, mas  'more' é diferente de " + result90 + " <TemplateResourceUtils.computeBaseName('something/else/../more')>"
"Era esperado valores iguais, mas  'more' é diferente de " + result91 + " <TemplateResourceUtils.computeBaseName('something/else/./more')>"
"Era esperado valores iguais, mas  'more' é diferente de " + result92 + " <TemplateResourceUtils.computeBaseName('../something/else/./more')>"
"Era esperado valores iguais, mas  'more' é diferente de " + result93 + " <TemplateResourceUtils.computeBaseName('./something/else/./more')>"
"Era esperado valores iguais, mas  'more' é diferente de " + result94 + " <TemplateResourceUtils.computeBaseName('something/else/more.html')>"
"Era esperado valores iguais, mas  'more' é diferente de " + result95 + " <TemplateResourceUtils.computeBaseName('../something/else/more.html')>"
"Era esperado valores iguais, mas  '.' é diferente de " + result96 + " <TemplateResourceUtils.computeBaseName('../something/else/more.html/..')>"
"Era esperado valores iguais, mas  'more_es' é diferente de " + result97 + " <TemplateResourceUtils.computeBaseName('something/else/more.html/../../more_es.properties')>"
"Era esperado valores iguais, mas  'more' é diferente de " + result98 + " <TemplateResourceUtils.computeBaseName('more.html')>"
"Era esperado valores iguais, mas  '/' é diferente de " + result99 + " <(new WebApplicationTemplateResource(webApplication, '/', null)).getDescription()>"
"Era esperado valores iguais, mas  '/something' é diferente de " + result100 + " <(new WebApplicationTemplateResource(webApplication, 'something', null)).getDescription()>"
"Era esperado valores iguais, mas  '/something' é diferente de " + result101 + " <(new WebApplicationTemplateResource(webApplication, '/something', null)).getDescription()>"
"Era esperado valores iguais, mas  '/something/else' é diferente de " + result102 + " <(new WebApplicationTemplateResource(webApplication, 'something/else', null)).getDescription()>"
"Era esperado valores iguais, mas  '/something/else' é diferente de " + result103 + " <(new WebApplicationTemplateResource(webApplication, '//something//else', null)).getDescription()>"
"Era esperado valores iguais, mas  '/something/else' é diferente de " + result104 + " <(new WebApplicationTemplateResource(webApplication, '//something//a//..//else', null)).getDescription()>"
"Era esperado valores iguais, mas  '/something/else/more' é diferente de " + result105 + " <(new WebApplicationTemplateResource(webApplication, 'something/else/more', null)).getDescription()>"
"Era esperado valores iguais, mas  '/something/else/more' é diferente de " + result106 + " <(new WebApplicationTemplateResource(webApplication, 'something/else//more', null)).getDescription()>"
"Era esperado valores iguais, mas  '/something/more' é diferente de " + result107 + " <(new WebApplicationTemplateResource(webApplication, 'something/else/../more', null)).getDescription()>"
"Era esperado valores iguais, mas  '/something/else/more' é diferente de " + result108 + " <(new WebApplicationTemplateResource(webApplication, 'something/else/./more', null)).getDescription()>"
"Era esperado valores iguais, mas  '/../something/else/more' é diferente de " + result109 + " <(new WebApplicationTemplateResource(webApplication, '../something/else/./more', null)).getDescription()>"
"Era esperado valores iguais, mas  '/something/else/more' é diferente de " + result110 + " <(new WebApplicationTemplateResource(webApplication, './something/else/./more', null)).getDescription()>"
"Era esperado valores iguais, mas  '/something/else/more.html' é diferente de " + result111 + " <(new WebApplicationTemplateResource(webApplication, 'something/else/more.html', null)).getDescription()>"
"Era esperado valores iguais, mas  '/../something/else/more.html' é diferente de " + result112 + " <(new WebApplicationTemplateResource(webApplication, '../something/else/more.html', null)).getDescription()>"
"Era esperado valores iguais, mas  '/../something/else' é diferente de " + result113 + " <(new WebApplicationTemplateResource(webApplication, '../something/else/more.html/..', null)).getDescription()>"
"Era esperado valores iguais, mas  '/something/more_es.properties' é diferente de " + result114 + " <(new WebApplicationTemplateResource(webApplication, 'something/else/more.html/../../more_es.properties', null)).getDescription()>"
"Era esperado valores iguais, mas  '/' é diferente de " + result115 + " <(new WebApplicationTemplateResource(webApplication, '/', null).relative('/')).getDescription()>"
"Era esperado valores iguais, mas  '/something' é diferente de " + result116 + " <(new WebApplicationTemplateResource(webApplication, '/', null).relative('something')).getDescription()>"
"Era esperado valores iguais, mas  '/' é diferente de " + result117 + " <(new WebApplicationTemplateResource(webApplication, '/something', null).relative('/')).getDescription()>"
"Era esperado valores iguais, mas  '/' é diferente de " + result118 + " <(new WebApplicationTemplateResource(webApplication, 'something', null).relative('/')).getDescription()>"
"Era esperado valores iguais, mas  '/something/' é diferente de " + result119 + " <(new WebApplicationTemplateResource(webApplication, 'something/else', null).relative('/')).getDescription()>"
"Era esperado valores iguais, mas  '/something/else/' é diferente de " + result120 + " <(new WebApplicationTemplateResource(webApplication, 'something/else/more', null).relative('/')).getDescription()>"
"Era esperado valores iguais, mas  '/something/else/less' é diferente de " + result121 + " <(new WebApplicationTemplateResource(webApplication, 'something/else/more', null).relative('less')).getDescription()>"
"Era esperado valores iguais, mas  '/something/else/more/less' é diferente de " + result122 + " <(new WebApplicationTemplateResource(webApplication, 'something/else/more/', null).relative('less')).getDescription()>"
"Era esperado valores iguais, mas  '/something/else/more.properties' é diferente de " + result123 + " <(new WebApplicationTemplateResource(webApplication, 'something/else/more.html', null).relative('more.properties')).getDescription()>"
"Era esperado valores iguais, mas  '/something/else/more_es.properties' é diferente de " + result124 + " <(new WebApplicationTemplateResource(webApplication, 'something/else/more.html', null).relative('more_es.properties')).getDescription()>"
"Era esperado valores iguais, mas  '/something/more_es.properties' é diferente de " + result125 + " <(new WebApplicationTemplateResource(webApplication, 'something/else/more.html', null).relative('../more_es.properties')).getDescription()>"
"Era esperado valores iguais, mas  '/something/more_es.properties' é diferente de " + result126 + " <(new WebApplicationTemplateResource(webApplication, 'something/more/../else/more.html', null).relative('../more_es.properties')).getDescription()>"
"Era esperado valores iguais, mas  '/more_es.properties' é diferente de " + result127 + " <(new WebApplicationTemplateResource(webApplication, 'something/else/more.html', null).relative('../../more_es.properties')).getDescription()>"
"Era esperado nulo, mas " + result128 + " <(new WebApplicationTemplateResource(webApplication, '/', null)).getBaseName()> não é nulo"
"Era esperado valores iguais, mas  'something' é diferente de " + result129 + " <(new WebApplicationTemplateResource(webApplication, 'something', null)).getBaseName()>"
"Era esperado valores iguais, mas  'something' é diferente de " + result130 + " <(new WebApplicationTemplateResource(webApplication, '/something', null)).getBaseName()>"
"Era esperado valores iguais, mas  'else' é diferente de " + result131 + " <(new WebApplicationTemplateResource(webApplication, 'something/else', null)).getBaseName()>"
"Era esperado valores iguais, mas  'else' é diferente de " + result132 + " <(new WebApplicationTemplateResource(webApplication, '//something//else', null)).getBaseName()>"
"Era esperado valores iguais, mas  'else' é diferente de " + result133 + " <(new WebApplicationTemplateResource(webApplication, '//something//a//..//else', null)).getBaseName()>"
"Era esperado valores iguais, mas  'more' é diferente de " + result134 + " <(new WebApplicationTemplateResource(webApplication, 'something/else/more', null)).getBaseName()>"
"Era esperado valores iguais, mas  'more' é diferente de " + result135 + " <(new WebApplicationTemplateResource(webApplication, 'something/else//more', null)).getBaseName()>"
"Era esperado valores iguais, mas  'more' é diferente de " + result136 + " <(new WebApplicationTemplateResource(webApplication, 'something/else/../more', null)).getBaseName()>"
"Era esperado valores iguais, mas  'more' é diferente de " + result137 + " <(new WebApplicationTemplateResource(webApplication, 'something/else/./more', null)).getBaseName()>"
"Era esperado valores iguais, mas  'more' é diferente de " + result138 + " <(new WebApplicationTemplateResource(webApplication, '../something/else/./more', null)).getBaseName()>"
"Era esperado valores iguais, mas  'more' é diferente de " + result139 + " <(new WebApplicationTemplateResource(webApplication, './something/else/./more', null)).getBaseName()>"
"Era esperado valores iguais, mas  'more' é diferente de " + result140 + " <(new WebApplicationTemplateResource(webApplication, 'something/else/more.html', null)).getBaseName()>"
"Era esperado valores iguais, mas  'more' é diferente de " + result141 + " <(new WebApplicationTemplateResource(webApplication, '../something/else/more.html', null)).getBaseName()>"
"Era esperado valores iguais, mas  'more' é diferente de " + result142 + " <(new WebApplicationTemplateResource(webApplication, '../something/else/more.html/', null)).getBaseName()>"
"Era esperado valores iguais, mas  'else' é diferente de " + result143 + " <(new WebApplicationTemplateResource(webApplication, '../something/else/more.html/..', null)).getBaseName()>"
"Era esperado valores iguais, mas  'more_es' é diferente de " + result144 + " <(new WebApplicationTemplateResource(webApplication, 'something/else/more.html/../../more_es.properties', null)).getBaseName()>"
"Era esperado valores iguais, mas  'more' é diferente de " + result145 + " <(new WebApplicationTemplateResource(webApplication, 'more.html', null)).getBaseName()>"
"Era esperado valores iguais, mas  '' é diferente de " + result146 + " <(new ClassLoaderTemplateResource(classLoader, '/', null)).getDescription()>"
"Era esperado valores iguais, mas  'something' é diferente de " + result147 + " <(new ClassLoaderTemplateResource(classLoader, 'something', null)).getDescription()>"
"Era esperado valores iguais, mas  'something' é diferente de " + result148 + " <(new ClassLoaderTemplateResource(classLoader, '/something', null)).getDescription()>"
"Era esperado valores iguais, mas  'something/else' é diferente de " + result149 + " <(new ClassLoaderTemplateResource(classLoader, 'something/else', null)).getDescription()>"
"Era esperado valores iguais, mas  'something/else' é diferente de " + result150 + " <(new ClassLoaderTemplateResource(classLoader, '//something//else', null)).getDescription()>"
"Era esperado valores iguais, mas  'something/else' é diferente de " + result151 + " <(new ClassLoaderTemplateResource(classLoader, '//something//a//..//else', null)).getDescription()>"
"Era esperado valores iguais, mas  'something/else/more' é diferente de " + result152 + " <(new ClassLoaderTemplateResource(classLoader, 'something/else/more', null)).getDescription()>"
"Era esperado valores iguais, mas  'something/else/more' é diferente de " + result153 + " <(new ClassLoaderTemplateResource(classLoader, 'something/else//more', null)).getDescription()>"
"Era esperado valores iguais, mas  'something/more' é diferente de " + result154 + " <(new ClassLoaderTemplateResource(classLoader, 'something/else/../more', null)).getDescription()>"
"Era esperado valores iguais, mas  'something/else/more' é diferente de " + result155 + " <(new ClassLoaderTemplateResource(classLoader, 'something/else/./more', null)).getDescription()>"
"Era esperado valores iguais, mas  '../something/else/more' é diferente de " + result156 + " <(new ClassLoaderTemplateResource(classLoader, '../something/else/./more', null)).getDescription()>"
"Era esperado valores iguais, mas  'something/else/more' é diferente de " + result157 + " <(new ClassLoaderTemplateResource(classLoader, './something/else/./more', null)).getDescription()>"
"Era esperado valores iguais, mas  'something/else/more.html' é diferente de " + result158 + " <(new ClassLoaderTemplateResource(classLoader, 'something/else/more.html', null)).getDescription()>"
"Era esperado valores iguais, mas  '../something/else/more.html' é diferente de " + result159 + " <(new ClassLoaderTemplateResource(classLoader, '../something/else/more.html', null)).getDescription()>"
"Era esperado valores iguais, mas  '../something/else' é diferente de " + result160 + " <(new ClassLoaderTemplateResource(classLoader, '../something/else/more.html/..', null)).getDescription()>"
"Era esperado valores iguais, mas  'something/more_es.properties' é diferente de " + result161 + " <(new ClassLoaderTemplateResource(classLoader, 'something/else/more.html/../../more_es.properties', null)).getDescription()>"
"Era esperado valores iguais, mas  '' é diferente de " + result162 + " <(new ClassLoaderTemplateResource(classLoader, '/', null).relative('/')).getDescription()>"
"Era esperado valores iguais, mas  'something' é diferente de " + result163 + " <(new ClassLoaderTemplateResource(classLoader, '/', null).relative('something')).getDescription()>"
"Era esperado valores iguais, mas  '' é diferente de " + result164 + " <(new ClassLoaderTemplateResource(classLoader, '/something', null).relative('/')).getDescription()>"
"Era esperado valores iguais, mas  '' é diferente de " + result165 + " <(new ClassLoaderTemplateResource(classLoader, 'something', null).relative('/')).getDescription()>"
"Era esperado valores iguais, mas  'something/' é diferente de " + result166 + " <(new ClassLoaderTemplateResource(classLoader, 'something/else', null).relative('/')).getDescription()>"
"Era esperado valores iguais, mas  'something/else/' é diferente de " + result167 + " <(new ClassLoaderTemplateResource(classLoader, 'something/else/more', null).relative('/')).getDescription()>"
"Era esperado valores iguais, mas  'something/else/less' é diferente de " + result168 + " <(new ClassLoaderTemplateResource(classLoader, 'something/else/more', null).relative('less')).getDescription()>"
"Era esperado valores iguais, mas  'something/else/more/less' é diferente de " + result169 + " <(new ClassLoaderTemplateResource(classLoader, 'something/else/more/', null).relative('less')).getDescription()>"
"Era esperado valores iguais, mas  'something/else/more.properties' é diferente de " + result170 + " <(new ClassLoaderTemplateResource(classLoader, 'something/else/more.html', null).relative('more.properties')).getDescription()>"
"Era esperado valores iguais, mas  'something/else/more_es.properties' é diferente de " + result171 + " <(new ClassLoaderTemplateResource(classLoader, 'something/else/more.html', null).relative('more_es.properties')).getDescription()>"
"Era esperado valores iguais, mas  'something/more_es.properties' é diferente de " + result172 + " <(new ClassLoaderTemplateResource(classLoader, 'something/else/more.html', null).relative('../more_es.properties')).getDescription()>"
"Era esperado valores iguais, mas  'something/more_es.properties' é diferente de " + result173 + " <(new ClassLoaderTemplateResource(classLoader, 'something/more/../else/more.html', null).relative('../more_es.properties')).getDescription()>"
"Era esperado valores iguais, mas  'more_es.properties' é diferente de " + result174 + " <(new ClassLoaderTemplateResource(classLoader, 'something/else/more.html', null).relative('../../more_es.properties')).getDescription()>"
"Era esperado nulo, mas " + result175 + " <(new ClassLoaderTemplateResource(classLoader, '/', null)).getBaseName()> não é nulo"
"Era esperado valores iguais, mas  'something' é diferente de " + result176 + " <(new ClassLoaderTemplateResource(classLoader, 'something', null)).getBaseName()>"
"Era esperado valores iguais, mas  'something' é diferente de " + result177 + " <(new ClassLoaderTemplateResource(classLoader, '/something', null)).getBaseName()>"
"Era esperado valores iguais, mas  'else' é diferente de " + result178 + " <(new ClassLoaderTemplateResource(classLoader, 'something/else', null)).getBaseName()>"
"Era esperado valores iguais, mas  'else' é diferente de " + result179 + " <(new ClassLoaderTemplateResource(classLoader, '//something//else', null)).getBaseName()>"
"Era esperado valores iguais, mas  'else' é diferente de " + result180 + " <(new ClassLoaderTemplateResource(classLoader, '//something//a//..//else', null)).getBaseName()>"
"Era esperado valores iguais, mas  'more' é diferente de " + result181 + " <(new ClassLoaderTemplateResource(classLoader, 'something/else/more', null)).getBaseName()>"
"Era esperado valores iguais, mas  'more' é diferente de " + result182 + " <(new ClassLoaderTemplateResource(classLoader, 'something/else//more', null)).getBaseName()>"
"Era esperado valores iguais, mas  'more' é diferente de " + result183 + " <(new ClassLoaderTemplateResource(classLoader, 'something/else/../more', null)).getBaseName()>"
"Era esperado valores iguais, mas  'more' é diferente de " + result184 + " <(new ClassLoaderTemplateResource(classLoader, 'something/else/./more', null)).getBaseName()>"
"Era esperado valores iguais, mas  'more' é diferente de " + result185 + " <(new ClassLoaderTemplateResource(classLoader, '../something/else/./more', null)).getBaseName()>"
"Era esperado valores iguais, mas  'more' é diferente de " + result186 + " <(new ClassLoaderTemplateResource(classLoader, './something/else/./more', null)).getBaseName()>"
"Era esperado valores iguais, mas  'more' é diferente de " + result187 + " <(new ClassLoaderTemplateResource(classLoader, 'something/else/more.html', null)).getBaseName()>"
"Era esperado valores iguais, mas  'more' é diferente de " + result188 + " <(new ClassLoaderTemplateResource(classLoader, '../something/else/more.html', null)).getBaseName()>"
"Era esperado valores iguais, mas  'more' é diferente de " + result189 + " <(new ClassLoaderTemplateResource(classLoader, '../something/else/more.html/', null)).getBaseName()>"
"Era esperado valores iguais, mas  'else' é diferente de " + result190 + " <(new ClassLoaderTemplateResource(classLoader, '../something/else/more.html/..', null)).getBaseName()>"
"Era esperado valores iguais, mas  'more_es' é diferente de " + result191 + " <(new ClassLoaderTemplateResource(classLoader, 'something/else/more.html/../../more_es.properties', null)).getBaseName()>"
"Era esperado valores iguais, mas  'more' é diferente de " + result192 + " <(new ClassLoaderTemplateResource(classLoader, 'more.html', null)).getBaseName()>"
"Era esperado valores iguais, mas " + result193 + " <new File('/').getAbsolutePath()> é diferente de " + result194 + " <(new FileTemplateResource('/', null)).getDescription()>"
"Era esperado valores iguais, mas " + result195 + " <new File('something').getAbsolutePath()> é diferente de " + result196 + " <(new FileTemplateResource('something', null)).getDescription()>"
"Era esperado valores iguais, mas " + result197 + " <new File('/something').getAbsolutePath()> é diferente de " + result198 + " <(new FileTemplateResource('/something', null)).getDescription()>"
"Era esperado valores iguais, mas " + result199 + " <new File('something/else').getAbsolutePath()> é diferente de " + result200 + " <(new FileTemplateResource('something/else', null)).getDescription()>"
"Era esperado valores iguais, mas " + result201 + " <new File('//something//else').getAbsolutePath()> é diferente de " + result202 + " <(new FileTemplateResource('//something//else', null)).getDescription()>"
"Era esperado valores iguais, mas " + result203 + " <new File('//something//a//..//else').getAbsolutePath()> é diferente de " + result204 + " <(new FileTemplateResource('//something//a//..//else', null)).getDescription()>"
"Era esperado valores iguais, mas " + result205 + " <new File('something/else/more').getAbsolutePath()> é diferente de " + result206 + " <(new FileTemplateResource('something/else/more', null)).getDescription()>"
"Era esperado valores iguais, mas " + result207 + " <new File('something/else//more').getAbsolutePath()> é diferente de " + result208 + " <(new FileTemplateResource('something/else//more', null)).getDescription()>"
"Era esperado valores iguais, mas " + result209 + " <new File('something/else/../more').getAbsolutePath()> é diferente de " + result210 + " <(new FileTemplateResource('something/else/../more', null)).getDescription()>"
"Era esperado valores iguais, mas " + result211 + " <new File('something/else/./more').getAbsolutePath()> é diferente de " + result212 + " <(new FileTemplateResource('something/else/./more', null)).getDescription()>"
"Era esperado valores iguais, mas " + result213 + " <new File('../something/else/./more').getAbsolutePath()> é diferente de " + result214 + " <(new FileTemplateResource('../something/else/./more', null)).getDescription()>"
"Era esperado valores iguais, mas " + result215 + " <new File('./something/else/./more').getAbsolutePath()> é diferente de " + result216 + " <(new FileTemplateResource('./something/else/./more', null)).getDescription()>"
"Era esperado valores iguais, mas " + result217 + " <new File('something/else/more.html').getAbsolutePath()> é diferente de " + result218 + " <(new FileTemplateResource('something/else/more.html', null)).getDescription()>"
"Era esperado valores iguais, mas " + result219 + " <new File('../something/else/more.html').getAbsolutePath()> é diferente de " + result220 + " <(new FileTemplateResource('../something/else/more.html', null)).getDescription()>"
"Era esperado valores iguais, mas " + result221 + " <new File('../something/else/more.html/..').getAbsolutePath()> é diferente de " + result222 + " <(new FileTemplateResource('../something/else/more.html/..', null)).getDescription()>"
"Era esperado valores iguais, mas " + result223 + " <new File('something/else/more.html/../../more_es.properties').getAbsolutePath()> é diferente de " + result224 + " <(new FileTemplateResource('something/else/more.html/../../more_es.properties', null)).getDescription()>"
"Era esperado valores iguais, mas " + result225 + " <new File('/').getAbsolutePath()> é diferente de " + result226 + " <(new FileTemplateResource('/', null).relative('/')).getDescription()>"
"Era esperado valores iguais, mas " + result227 + " <new File('/something').getAbsolutePath()> é diferente de " + result228 + " <(new FileTemplateResource('/', null).relative('something')).getDescription()>"
"Era esperado valores iguais, mas " + result229 + " <new File('/').getAbsolutePath()> é diferente de " + result230 + " <(new FileTemplateResource('/something', null).relative('/')).getDescription()>"
"Era esperado valores iguais, mas " + result231 + " <new File('/').getAbsolutePath()> é diferente de " + result232 + " <(new FileTemplateResource('something', null).relative('/')).getDescription()>"
"Era esperado valores iguais, mas " + result233 + " <new File('something/').getAbsolutePath()> é diferente de " + result234 + " <(new FileTemplateResource('something/else', null).relative('/')).getDescription()>"
"Era esperado valores iguais, mas " + result235 + " <new File('something/else/').getAbsolutePath()> é diferente de " + result236 + " <(new FileTemplateResource('something/else/more', null).relative('/')).getDescription()>"
"Era esperado valores iguais, mas " + result237 + " <new File('something/else/less').getAbsolutePath()> é diferente de " + result238 + " <(new FileTemplateResource('something/else/more', null).relative('less')).getDescription()>"
"Era esperado valores iguais, mas " + result239 + " <new File('something/else/more/less').getAbsolutePath()> é diferente de " + result240 + " <(new FileTemplateResource('something/else/more/', null).relative('less')).getDescription()>"
"Era esperado valores iguais, mas " + result241 + " <new File('something/else/more.properties').getAbsolutePath()> é diferente de " + result242 + " <(new FileTemplateResource('something/else/more.html', null).relative('more.properties')).getDescription()>"
"Era esperado valores iguais, mas " + result243 + " <new File('something/else/more_es.properties').getAbsolutePath()> é diferente de " + result244 + " <(new FileTemplateResource('something/else/more.html', null).relative('more_es.properties')).getDescription()>"
"Era esperado valores iguais, mas " + result245 + " <new File('something/else/../more_es.properties').getAbsolutePath()> é diferente de " + result246 + " <(new FileTemplateResource('something/else/more.html', null).relative('../more_es.properties')).getDescription()>"
"Era esperado valores iguais, mas " + result247 + " <new File('something/else/../more_es.properties').getAbsolutePath()> é diferente de " + result248 + " <(new FileTemplateResource('something/more/../else/more.html', null).relative('../more_es.properties')).getDescription()>"
"Era esperado valores iguais, mas " + result249 + " <new File('something/else/../../more_es.properties').getAbsolutePath()> é diferente de " + result250 + " <(new FileTemplateResource('something/else/more.html', null).relative('../../more_es.properties')).getDescription()>"
"Era esperado nulo, mas " + result251 + " <(new FileTemplateResource('/', null)).getBaseName()> não é nulo"
"Era esperado valores iguais, mas  'something' é diferente de " + result252 + " <(new FileTemplateResource('something', null)).getBaseName()>"
"Era esperado valores iguais, mas  'something' é diferente de " + result253 + " <(new FileTemplateResource('/something', null)).getBaseName()>"
"Era esperado valores iguais, mas  'else' é diferente de " + result254 + " <(new FileTemplateResource('something/else', null)).getBaseName()>"
"Era esperado valores iguais, mas  'else' é diferente de " + result255 + " <(new FileTemplateResource('//something//else', null)).getBaseName()>"
"Era esperado valores iguais, mas  'else' é diferente de " + result256 + " <(new FileTemplateResource('//something//a//..//else', null)).getBaseName()>"
"Era esperado valores iguais, mas  'more' é diferente de " + result257 + " <(new FileTemplateResource('something/else/more', null)).getBaseName()>"
"Era esperado valores iguais, mas  'more' é diferente de " + result258 + " <(new FileTemplateResource('something/else//more', null)).getBaseName()>"
"Era esperado valores iguais, mas  'more' é diferente de " + result259 + " <(new FileTemplateResource('something/else/../more', null)).getBaseName()>"
"Era esperado valores iguais, mas  'more' é diferente de " + result260 + " <(new FileTemplateResource('something/else/./more', null)).getBaseName()>"
"Era esperado valores iguais, mas  'more' é diferente de " + result261 + " <(new FileTemplateResource('../something/else/./more', null)).getBaseName()>"
"Era esperado valores iguais, mas  'more' é diferente de " + result262 + " <(new FileTemplateResource('./something/else/./more', null)).getBaseName()>"
"Era esperado valores iguais, mas  'more' é diferente de " + result263 + " <(new FileTemplateResource('something/else/more.html', null)).getBaseName()>"
"Era esperado valores iguais, mas  'more' é diferente de " + result264 + " <(new FileTemplateResource('../something/else/more.html', null)).getBaseName()>"
"Era esperado valores iguais, mas  'more' é diferente de " + result265 + " <(new FileTemplateResource('../something/else/more.html/', null)).getBaseName()>"
"Era esperado valores iguais, mas  'else' é diferente de " + result266 + " <(new FileTemplateResource('../something/else/more.html/..', null)).getBaseName()>"
"Era esperado valores iguais, mas  'more_es' é diferente de " + result267 + " <(new FileTemplateResource('something/else/more.html/../../more_es.properties', null)).getBaseName()>"
"Era esperado valores iguais, mas  'more' é diferente de " + result268 + " <(new FileTemplateResource('more.html', null)).getBaseName()>"
"Era esperado valores iguais, mas  'http://www.thymeleaf.org/' é diferente de " + result269 + " <(new UrlTemplateResource('http://www.thymeleaf.org/', null)).getDescription()>"
"Era esperado valores iguais, mas  'http://www.thymeleaf.org' é diferente de " + result270 + " <(new UrlTemplateResource('http://www.thymeleaf.org', null)).getDescription()>"
"Era esperado valores iguais, mas  'http://www.thymeleaf.org/something' é diferente de " + result271 + " <(new UrlTemplateResource('http://www.thymeleaf.org/something', null)).getDescription()>"
"Era esperado valores iguais, mas  'http://www.thymeleaf.org/something/' é diferente de " + result272 + " <(new UrlTemplateResource('http://www.thymeleaf.org/something/', null)).getDescription()>"
"Era esperado valores iguais, mas  'http://www.thymeleaf.org/something/else' é diferente de " + result273 + " <(new UrlTemplateResource('http://www.thymeleaf.org/something/else', null)).getDescription()>"
"Era esperado valores iguais, mas  'http://www.thymeleaf.org/something/else.html' é diferente de " + result274 + " <(new UrlTemplateResource('http://www.thymeleaf.org/something/else.html', null)).getDescription()>"
"Era esperado valores iguais, mas  'http://www.thymeleaf.org/something/./else.html' é diferente de " + result275 + " <(new UrlTemplateResource('http://www.thymeleaf.org/something/./else.html', null)).getDescription()>"
"Era esperado valores iguais, mas  'http://www.thymeleaf.org/something/more/../else.html' é diferente de " + result276 + " <(new UrlTemplateResource('http://www.thymeleaf.org/something/more/../else.html', null)).getDescription()>"
"Era esperado valores iguais, mas  'http://www.thymeleaf.org/something/more/../else.html' é diferente de " + result277 + " <(new UrlTemplateResource('http://www.thymeleaf.org/something/more/../else.html', null)).getDescription()>"
"Era esperado valores iguais, mas  'http://www.thymeleaf.org/something/./more/../else.html' é diferente de " + result278 + " <(new UrlTemplateResource('http://www.thymeleaf.org/something/./more/../else.html', null)).getDescription()>"
"Era esperado valores iguais, mas  'http://www.thymeleaf.org/something/./more/../else.html' é diferente de " + result279 + " <(new UrlTemplateResource('http://www.thymeleaf.org/something/./more/../else.html', null)).getDescription()>"
"Era esperado valores iguais, mas  'http://www.thymeleaf.org/' é diferente de " + result280 + " <(new UrlTemplateResource('http://www.thymeleaf.org/', null).relative('/')).getDescription()>"
"Era esperado valores iguais, mas  'http://www.thymeleaf.org' é diferente de " + result281 + " <(new UrlTemplateResource('http://www.thymeleaf.org', null).relative('/')).getDescription()>"
"Era esperado valores iguais, mas  'http://www.thymeleaf.org/something' é diferente de " + result282 + " <(new UrlTemplateResource('http://www.thymeleaf.org', null).relative('/something')).getDescription()>"
"Era esperado valores iguais, mas  'http://www.thymeleaf.org/something' é diferente de " + result283 + " <(new UrlTemplateResource('http://www.thymeleaf.org', null).relative('something')).getDescription()>"
"Era esperado valores iguais, mas  'http://www.thymeleaf.org/something' é diferente de " + result284 + " <(new UrlTemplateResource('http://www.thymeleaf.org/more', null).relative('something')).getDescription()>"
"Era esperado valores iguais, mas  'http://www.thymeleaf.org/more/something' é diferente de " + result285 + " <(new UrlTemplateResource('http://www.thymeleaf.org/more/', null).relative('something')).getDescription()>"
"Era esperado valores iguais, mas  'http://www.thymeleaf.org/something/more' é diferente de " + result286 + " <(new UrlTemplateResource('http://www.thymeleaf.org/something/else', null).relative('more')).getDescription()>"
"Era esperado valores iguais, mas  'http://www.thymeleaf.org/something/more.html' é diferente de " + result287 + " <(new UrlTemplateResource('http://www.thymeleaf.org/something/else.html', null).relative('more.html')).getDescription()>"
"Era esperado valores iguais, mas  'http://www.thymeleaf.org/more.html' é diferente de " + result288 + " <(new UrlTemplateResource('http://www.thymeleaf.org/something/else.html', null).relative('../more.html')).getDescription()>"
"Era esperado valores iguais, mas  'http://www.thymeleaf.org/less.html' é diferente de " + result289 + " <(new UrlTemplateResource('http://www.thymeleaf.org/something/more/../else.html', null).relative('../less.html')).getDescription()>"
"Era esperado valores iguais, mas  'http://www.thymeleaf.org/even/less.html' é diferente de " + result290 + " <(new UrlTemplateResource('http://www.thymeleaf.org/something/more/../else.html', null).relative('../even/less.html')).getDescription()>"
"Era esperado valores iguais, mas  'http://www.thymeleaf.org/even/less.html' é diferente de " + result291 + " <(new UrlTemplateResource('http://www.thymeleaf.org/something/./more/../else.html', null).relative('../even/less.html')).getDescription()>"
"Era esperado valores iguais, mas  'http://www.thymeleaf.org/even/less.html' é diferente de " + result292 + " <(new UrlTemplateResource('http://www.thymeleaf.org/something/./more/../else.html', null).relative('../even/./less.html')).getDescription()>"
"Era esperado nulo, mas o valor obtido não é nulo"
"Era esperado nulo, mas o valor obtido não é nulo"
"Era esperado nulo, mas o valor obtido não é nulo"
"Era esperado nulo, mas o valor obtido não é nulo"
"Era esperado valores iguais, mas  'more' é diferente de " + " (new UrlTemplateResource('http://www.thymeleaf.org/more', null).getBaseName())"
"Era esperado valores iguais, mas  'more' é diferente de " + " (new UrlTemplateResource('http://www.thymeleaf.org/more/', null).getBaseName())"
"Era esperado valores iguais, mas  'else' é diferente de " + " (new UrlTemplateResource('http://www.thymeleaf.org/something/else', null).getBaseName())"
"Era esperado valores iguais, mas  'else' é diferente de " + " (new UrlTemplateResource('http://www.thymeleaf.org/something/else.html', null).getBaseName())"
"Era esperado valores iguais, mas  'else' é diferente de " + " (new UrlTemplateResource('http://www.thymeleaf.org/something/else.html', null).getBaseName())"
"Era esperado valores iguais, mas  'else' é diferente de " + " (new UrlTemplateResource('http://www.thymeleaf.org/something/more/../else.html', null).getBaseName())"
"Era esperado valores iguais, mas  'else' é diferente de " + " (new UrlTemplateResource('http://www.thymeleaf.org/something/more/../else.html', null).getBaseName())"
"Era esperado valores iguais, mas  'else' é diferente de " + " (new UrlTemplateResource('http://www.thymeleaf.org/something/more/../else.html/', null).getBaseName())"
"Era esperado valores iguais, mas  'else' é diferente de " + " (new UrlTemplateResource('http://www.thymeleaf.org/something/more/../else.html/a/..', null).getBaseName())"
"Era esperado valores iguais, mas  'else' é diferente de " + " (new UrlTemplateResource('http://www.thymeleaf.org/something/./more/../else.html', null).getBaseName())"
"Era esperado valores iguais, mas  'else' é diferente de " + " (new UrlTemplateResource('http://www.thymeleaf.org/something/./more/../else.html?param=a', null).getBaseName())"
"Era esperado verdadeiro, mas " + result293 + " <executor.isAllOK()> é falso"
"Era esperado valores iguais, mas  expectedResult é diferente de " + " extractedResult"
"Era esperado valores iguais, mas  expected é diferente de " + result294 + " <ResourceUtils.normalize(result)>"
"Era esperado valores iguais, mas  expected é diferente de " + " result"
"Era esperado valores iguais, mas  expected é diferente de " + " result"
"Era esperado valores iguais, mas  maxSize é diferente de " + " cacheSize"
"Era esperado valores iguais, mas  '[standard,th,[CD-10-cdataone, CD-5-cdatatwo, C-20-comone, E-20-null-{wo:src,data-wo-src}, N-ELEMENT-10-{wo:test,wo-test}-null, CD-5-cdataxml]]' é diferente de " + result295 + " <dialect.toString(dialectConfiguration.getPrefix())>"
"Era esperado valores iguais, mas  '[CD-5-cdatatwo, CD-10-cdataone]' é diferente de " + result296 + " <dialectSetConfiguration.getCDATASectionProcessors(TemplateMode.HTML).toString()>"
"Era esperado valores iguais, mas  '[CD-5-cdataxml]' é diferente de " + result297 + " <dialectSetConfiguration.getCDATASectionProcessors(TemplateMode.XML).toString()>"
"Era esperado valores iguais, mas  'TH' é diferente de " + result298 + " <dialect.getPrefix()>"
"Era esperado valores iguais, mas  '[E-10-null-{th:src,data-th-src}, E-15-{div}-{th:src,data-th-src}, E-20-null-{th:src,data-th-src}]' é diferente de " + result299 + " <attributeDefinitions.forHTMLName('th:src').getAssociatedProcessors().toString()>"
"Era esperado valores iguais, mas  '[E-1-{th:form,th-form}-{action}, E-10-null-{action}]' é diferente de " + result300 + " <attributeDefinitions.forHTMLName('action').getAssociatedProcessors().toString()>"
"Era esperado valores iguais, mas  '[E-20-{th:form,th-form}-null, E-50-null-null]' é diferente de " + result301 + " <elementDefinitions.forHTMLName('th', 'form').getAssociatedProcessors().toString()>"
"Era esperado valores iguais, mas  '[]' é diferente de " + result302 + " <attributeDefinitions.forHTMLName('th', 'utext').getAssociatedProcessors().toString()>"
"Era esperado valores iguais, mas  '[E-50-null-null]' é diferente de " + result303 + " <elementDefinitions.forHTMLName('p').getAssociatedProcessors().toString()>"
"Era esperado valores iguais, mas  'TH' é diferente de " + result304 + " <dialect.getPrefix()>"
"Era esperado valores iguais, mas  '[E-10-null-{th:src,data-th-src}, E-15-{div}-{th:src,data-th-src}, E-20-null-{th:src,data-th-src}]' é diferente de " + result305 + " <attributeDefinitions.forHTMLName('th:src').getAssociatedProcessors().toString()>"
"Era esperado valores iguais, mas  '[E-1-{th:form,th-form}-{action}, E-10-null-{action}]' é diferente de " + result306 + " <attributeDefinitions.forHTMLName('action').getAssociatedProcessors().toString()>"
"Era esperado valores iguais, mas  '[E-20-{th:form,th-form}-null, E-50-null-null]' é diferente de " + result307 + " <elementDefinitions.forHTMLName('th', 'form').getAssociatedProcessors().toString()>"
"Era esperado valores iguais, mas  '[]' é diferente de " + result308 + " <attributeDefinitions.forHTMLName('th', 'utext').getAssociatedProcessors().toString()>"
"Era esperado valores iguais, mas  '[E-50-null-null]' é diferente de " + result309 + " <elementDefinitions.forHTMLName('p').getAssociatedProcessors().toString()>"
"Era esperado valores iguais, mas  '[]' é diferente de " + result310 + " <attributeDefinitions.forXMLName('th:src').getAssociatedProcessors().toString()>"
"Era esperado valores iguais, mas  '[E-100-null-{TH:src}, E-150-{div}-{TH:src}, E-200-null-{TH:src}]' é diferente de " + result311 + " <attributeDefinitions.forXMLName('TH:src').getAssociatedProcessors().toString()>"
"Era esperado valores iguais, mas  '[E-10-{TH:form}-{action}, E-100-null-{action}]' é diferente de " + result312 + " <attributeDefinitions.forXMLName('action').getAssociatedProcessors().toString()>"
"Era esperado valores iguais, mas  '[E-200-{TH:form}-null, E-500-null-null]' é diferente de " + result313 + " <elementDefinitions.forXMLName('TH', 'form').getAssociatedProcessors().toString()>"
"Era esperado valores iguais, mas  '[]' é diferente de " + result314 + " <attributeDefinitions.forXMLName('th', 'utext').getAssociatedProcessors().toString()>"
"Era esperado valores iguais, mas  '[]' é diferente de " + result315 + " <attributeDefinitions.forXMLName('TH', 'utext').getAssociatedProcessors().toString()>"
"Era esperado valores iguais, mas  '[E-500-null-null]' é diferente de " + result316 + " <elementDefinitions.forXMLName('p').getAssociatedProcessors().toString()>"
"Era esperado valores iguais, mas  'TH' é diferente de " + result317 + " <dialect.getPrefix()>"
"Era esperado valores iguais, mas  '[N-ELEMENT-10-null-{th:src,data-th-src}, N-ELEMENT-15-{div}-{th:src,data-th-src}, N-ELEMENT-20-null-{th:src,data-th-src}]' é diferente de " + result318 + " <attributeDefinitions.forHTMLName('th:src').getAssociatedProcessors().toString()>"
"Era esperado valores iguais, mas  '[N-ELEMENT-1-{th:form,th-form}-{action}, N-ELEMENT-10-null-{action}]' é diferente de " + result319 + " <attributeDefinitions.forHTMLName('action').getAssociatedProcessors().toString()>"
"Era esperado valores iguais, mas  '[N-ELEMENT-20-{th:form,th-form}-null, N-ELEMENT-50-null-null]' é diferente de " + result320 + " <elementDefinitions.forHTMLName('th', 'form').getAssociatedProcessors().toString()>"
"Era esperado valores iguais, mas  '[]' é diferente de " + result321 + " <attributeDefinitions.forHTMLName('th', 'utext').getAssociatedProcessors().toString()>"
"Era esperado valores iguais, mas  '[N-ELEMENT-50-null-null]' é diferente de " + result322 + " <elementDefinitions.forHTMLName('p').getAssociatedProcessors().toString()>"
"Era esperado valores iguais, mas  '[]' é diferente de " + result323 + " <attributeDefinitions.forXMLName('th:src').getAssociatedProcessors().toString()>"
"Era esperado valores iguais, mas  '[N-ELEMENT-100-null-{TH:src}, N-ELEMENT-150-{div}-{TH:src}, N-ELEMENT-200-null-{TH:src}]' é diferente de " + result324 + " <attributeDefinitions.forXMLName('TH:src').getAssociatedProcessors().toString()>"
"Era esperado valores iguais, mas  '[N-ELEMENT-10-{TH:form}-{action}, N-ELEMENT-100-null-{action}]' é diferente de " + result325 + " <attributeDefinitions.forXMLName('action').getAssociatedProcessors().toString()>"
"Era esperado valores iguais, mas  '[N-ELEMENT-200-{TH:form}-null, N-ELEMENT-500-null-null]' é diferente de " + result326 + " <elementDefinitions.forXMLName('TH', 'form').getAssociatedProcessors().toString()>"
"Era esperado valores iguais, mas  '[]' é diferente de " + result327 + " <attributeDefinitions.forXMLName('th', 'utext').getAssociatedProcessors().toString()>"
"Era esperado valores iguais, mas  '[]' é diferente de " + result328 + " <attributeDefinitions.forXMLName('TH', 'utext').getAssociatedProcessors().toString()>"
"Era esperado valores iguais, mas  '[N-ELEMENT-500-null-null]' é diferente de " + result329 + " <elementDefinitions.forXMLName('p').getAssociatedProcessors().toString()>"
"Era esperado valores iguais, mas  'TH' é diferente de " + result330 + " <dialect.getPrefix()>"
"Era esperado valores iguais, mas  '[E-15-{div}-{th:src,data-th-src}, N-ELEMENT-20-null-{th:src,data-th-src}]' é diferente de " + result331 + " <attributeDefinitions.forHTMLName('th:src').getAssociatedProcessors().toString()>"
"Era esperado valores iguais, mas  '[E-1-{th:form,th-form}-{action}, E-10-null-{action}]' é diferente de " + result332 + " <attributeDefinitions.forHTMLName('action').getAssociatedProcessors().toString()>"
"Era esperado valores iguais, mas  '[N-ELEMENT-20-{th:form,th-form}-null, E-50-null-null]' é diferente de " + result333 + " <elementDefinitions.forHTMLName('th', 'form').getAssociatedProcessors().toString()>"
"Era esperado valores iguais, mas  '[]' é diferente de " + result334 + " <attributeDefinitions.forHTMLName('th', 'utext').getAssociatedProcessors().toString()>"
"Era esperado valores iguais, mas  '[E-50-null-null]' é diferente de " + result335 + " <elementDefinitions.forHTMLName('p').getAssociatedProcessors().toString()>"
"Era esperado valores iguais, mas  '[]' é diferente de " + result336 + " <dialectSetConfiguration.getCDATASectionProcessors(TemplateMode.HTML).toString()>"
"Era esperado valores iguais, mas  '[T-10-eo, T-25-uye]' é diferente de " + result337 + " <dialectSetConfiguration.getTextProcessors(TemplateMode.HTML).toString()>"
"Era esperado valores iguais, mas  '[T-10-eoX]' é diferente de " + result338 + " <dialectSetConfiguration.getTextProcessors(TemplateMode.XML).toString()>"
"Era esperado valores iguais, mas  '[]' é diferente de " + result339 + " <dialectSetConfiguration.getDocTypeProcessors(TemplateMode.HTML).toString()>"
"Era esperado valores iguais, mas  '[]' é diferente de " + result340 + " <dialectSetConfiguration.getCommentProcessors(TemplateMode.HTML).toString()>"
"Era esperado valores iguais, mas  '[]' é diferente de " + result341 + " <dialectSetConfiguration.getProcessingInstructionProcessors(TemplateMode.HTML).toString()>"
"Era esperado valores iguais, mas  '[]' é diferente de " + result342 + " <dialectSetConfiguration.getXMLDeclarationProcessors(TemplateMode.HTML).toString()>"
"Era esperado valores iguais, mas  '[]' é diferente de " + result343 + " <dialectSetConfiguration.getCDATASectionProcessors(TemplateMode.XML).toString()>"
"Era esperado valores iguais, mas  '[]' é diferente de " + result344 + " <dialectSetConfiguration.getCommentProcessors(TemplateMode.XML).toString()>"
"Era esperado valores iguais, mas  '[]' é diferente de " + result345 + " <dialectSetConfiguration.getDocTypeProcessors(TemplateMode.XML).toString()>"
"Era esperado valores iguais, mas  '[]' é diferente de " + result346 + " <dialectSetConfiguration.getProcessingInstructionProcessors(TemplateMode.XML).toString()>"
"Era esperado valores iguais, mas  '[]' é diferente de " + result347 + " <dialectSetConfiguration.getXMLDeclarationProcessors(TemplateMode.XML).toString()>"
"Era esperado valores iguais, mas  'TH' é diferente de " + result348 + " <dialect.getPrefix()>"
"Era esperado valores iguais, mas  '[CD-4-other]' é diferente de " + result349 + " <dialectSetConfiguration.getCDATASectionProcessors(TemplateMode.HTML).toString()>"
"Era esperado valores iguais, mas  '[C-4-other]' é diferente de " + result350 + " <dialectSetConfiguration.getCommentProcessors(TemplateMode.HTML).toString()>"
"Era esperado valores iguais, mas  '[DT-4-other]' é diferente de " + result351 + " <dialectSetConfiguration.getDocTypeProcessors(TemplateMode.HTML).toString()>"
"Era esperado valores iguais, mas  '[PI-4-other]' é diferente de " + result352 + " <dialectSetConfiguration.getProcessingInstructionProcessors(TemplateMode.HTML).toString()>"
"Era esperado valores iguais, mas  '[T-4-other]' é diferente de " + result353 + " <dialectSetConfiguration.getTextProcessors(TemplateMode.HTML).toString()>"
"Era esperado valores iguais, mas  '[XD-4-other]' é diferente de " + result354 + " <dialectSetConfiguration.getXMLDeclarationProcessors(TemplateMode.HTML).toString()>"
"Era esperado valores iguais, mas  '[]' é diferente de " + result355 + " <dialectSetConfiguration.getCDATASectionProcessors(TemplateMode.XML).toString()>"
"Era esperado valores iguais, mas  '[]' é diferente de " + result356 + " <dialectSetConfiguration.getCommentProcessors(TemplateMode.XML).toString()>"
"Era esperado valores iguais, mas  '[]' é diferente de " + result357 + " <dialectSetConfiguration.getDocTypeProcessors(TemplateMode.XML).toString()>"
"Era esperado valores iguais, mas  '[]' é diferente de " + result358 + " <dialectSetConfiguration.getProcessingInstructionProcessors(TemplateMode.XML).toString()>"
"Era esperado valores iguais, mas  '[]' é diferente de " + result359 + " <dialectSetConfiguration.getTextProcessors(TemplateMode.XML).toString()>"
"Era esperado valores iguais, mas  '[]' é diferente de " + result360 + " <dialectSetConfiguration.getXMLDeclarationProcessors(TemplateMode.XML).toString()>"
"Era esperado valores iguais, mas  'TH' é diferente de " + result361 + " <dialect.getPrefix()>"
"Era esperado valores iguais, mas  '[CD-4-other]' é diferente de " + result362 + " <dialectSetConfiguration.getCDATASectionProcessors(TemplateMode.XML).toString()>"
"Era esperado valores iguais, mas  '[C-4-other]' é diferente de " + result363 + " <dialectSetConfiguration.getCommentProcessors(TemplateMode.XML).toString()>"
"Era esperado valores iguais, mas  '[DT-4-other]' é diferente de " + result364 + " <dialectSetConfiguration.getDocTypeProcessors(TemplateMode.XML).toString()>"
"Era esperado valores iguais, mas  '[PI-4-other]' é diferente de " + result365 + " <dialectSetConfiguration.getProcessingInstructionProcessors(TemplateMode.XML).toString()>"
"Era esperado valores iguais, mas  '[T-4-other]' é diferente de " + result366 + " <dialectSetConfiguration.getTextProcessors(TemplateMode.XML).toString()>"
"Era esperado valores iguais, mas  '[XD-4-other]' é diferente de " + result367 + " <dialectSetConfiguration.getXMLDeclarationProcessors(TemplateMode.XML).toString()>"
"Era esperado valores iguais, mas  '[]' é diferente de " + result368 + " <dialectSetConfiguration.getCDATASectionProcessors(TemplateMode.HTML).toString()>"
"Era esperado valores iguais, mas  '[]' é diferente de " + result369 + " <dialectSetConfiguration.getCommentProcessors(TemplateMode.HTML).toString()>"
"Era esperado valores iguais, mas  '[]' é diferente de " + result370 + " <dialectSetConfiguration.getDocTypeProcessors(TemplateMode.HTML).toString()>"
"Era esperado valores iguais, mas  '[]' é diferente de " + result371 + " <dialectSetConfiguration.getProcessingInstructionProcessors(TemplateMode.HTML).toString()>"
"Era esperado valores iguais, mas  '[]' é diferente de " + result372 + " <dialectSetConfiguration.getTextProcessors(TemplateMode.HTML).toString()>"
"Era esperado valores iguais, mas  '[]' é diferente de " + result373 + " <dialectSetConfiguration.getXMLDeclarationProcessors(TemplateMode.HTML).toString()>"
"Era esperado valores iguais, mas  'TH' é diferente de " + result374 + " <dialect.getPrefix()>"
"Era esperado valores iguais, mas  '[CD-4-other]' é diferente de " + result375 + " <dialectSetConfiguration.getCDATASectionProcessors(TemplateMode.HTML).toString()>"
"Era esperado valores iguais, mas  '[C-4-other]' é diferente de " + result376 + " <dialectSetConfiguration.getCommentProcessors(TemplateMode.HTML).toString()>"
"Era esperado valores iguais, mas  '[DT-4-other]' é diferente de " + result377 + " <dialectSetConfiguration.getDocTypeProcessors(TemplateMode.HTML).toString()>"
"Era esperado valores iguais, mas  '[PI-4-other]' é diferente de " + result378 + " <dialectSetConfiguration.getProcessingInstructionProcessors(TemplateMode.HTML).toString()>"
"Era esperado valores iguais, mas  '[T-4-other]' é diferente de " + result379 + " <dialectSetConfiguration.getTextProcessors(TemplateMode.HTML).toString()>"
"Era esperado valores iguais, mas  '[XD-4-other]' é diferente de " + result380 + " <dialectSetConfiguration.getXMLDeclarationProcessors(TemplateMode.HTML).toString()>"
"Era esperado valores iguais, mas  '[CD-40-other]' é diferente de " + result381 + " <dialectSetConfiguration.getCDATASectionProcessors(TemplateMode.XML).toString()>"
"Era esperado valores iguais, mas  '[C-40-other]' é diferente de " + result382 + " <dialectSetConfiguration.getCommentProcessors(TemplateMode.XML).toString()>"
"Era esperado valores iguais, mas  '[DT-40-other]' é diferente de " + result383 + " <dialectSetConfiguration.getDocTypeProcessors(TemplateMode.XML).toString()>"
"Era esperado valores iguais, mas  '[PI-40-other]' é diferente de " + result384 + " <dialectSetConfiguration.getProcessingInstructionProcessors(TemplateMode.XML).toString()>"
"Era esperado valores iguais, mas  '[T-40-other]' é diferente de " + result385 + " <dialectSetConfiguration.getTextProcessors(TemplateMode.XML).toString()>"
"Era esperado valores iguais, mas  '[XD-40-other]' é diferente de " + result386 + " <dialectSetConfiguration.getXMLDeclarationProcessors(TemplateMode.XML).toString()>"
"Era esperado valores iguais, mas  '\'FIRST\'' é diferente de " + result387 + " <stringWriter.toString()>"
"Era esperado valores iguais, mas  '\'FIRST\'' é diferente de " + result388 + " <stringWriter.toString()>"
"Era esperado valores iguais, mas  '\'FIRST\'' é diferente de " + result389 + " <stringWriter.toString()>"
"Era esperado valores iguais, mas  '\'FIRST\'' é diferente de " + result390 + " <stringWriter.toString()>"
"Era esperado valores iguais, mas  '\'\\/script\\u0026#22;\'' é diferente de " + result391 + " <stringWriter.toString()>"
"Era esperado valores iguais, mas  '\'\\/script\\u0026#22;\'' é diferente de " + result392 + " <stringWriter.toString()>"
"Era esperado valores iguais, mas  '\'\\/script\\u0026#22;\'' é diferente de " + result393 + " <stringWriter.toString()>"
"Era esperado valores iguais, mas  '\'\\/script\\u0026#22;\'' é diferente de " + result394 + " <stringWriter.toString()>"
"Era esperado valores iguais, mas  'December 31, 2015' é diferente de " + result395 + " <temporals.format(time)>"
"Era esperado valores iguais, mas  'December 31, 2015, 11:59:45 PM' é diferente de " + result396 + " <temporals.format(time)>"
"Era esperado valores iguais, mas  'December 31, 2015 at 11:59:45 PM Z' é diferente de " + result397 + " <temporals.format(time)>"
"Era esperado valores iguais, mas  '1970-01-01T00:00:01Z' é diferente de " + result398 + " <temporals.format(time)>"
"Era esperado valores iguais, mas  '11:59:45 PM' é diferente de " + result399 + " <temporals.format(time)>"
"Era esperado valores iguais, mas  '23:59:45GMT+18:00' é diferente de " + result400 + " <temporals.format(time)>"
"Era esperado valores iguais, mas  'December 31, 2015, 11:59:45 PMGMT+18:00' é diferente de " + result401 + " <temporals.format(time, Locale.US)>"
"Era esperado valores iguais, mas  '31. Dezember 2015, 23:59:45GMT+18:00' é diferente de " + result402 + " <temporals.format(time, Locale.GERMANY)>"
"Era esperado valores iguais, mas  '2015' é diferente de " + result403 + " <temporals.format(time)>"
"Era esperado valores iguais, mas  'December 2015' é diferente de " + result404 + " <temporals.format(time, Locale.US)>"
"Era esperado valores iguais, mas  '2015 December' é diferente de " + result405 + " <temporals.format(time, Locale.CANADA)>"
"Era esperado não nulo, mas  o valor obtido foi nulo"
"Era esperado verdadeiro, mas o valor obtido é falso"
"Era esperado valores iguais, mas  2015 é diferente de " + result406 + " <date.getYear()>"
"Era esperado valores iguais, mas  12 é diferente de " + result407 + " <date.getMonthValue()>"
"Era esperado valores iguais, mas  31 é diferente de " + result408 + " <date.getDayOfMonth()>"
"Era esperado não nulo, mas  o valor obtido foi nulo"
"Era esperado verdadeiro, mas o valor obtido é falso"
"Era esperado valores iguais, mas  2015 é diferente de " + result409 + " <time.getYear()>"
"Era esperado valores iguais, mas  12 é diferente de " + result410 + " <time.getMonthValue()>"
"Era esperado valores iguais, mas  31 é diferente de " + result411 + " <time.getDayOfMonth()>"
"Era esperado valores iguais, mas  23 é diferente de " + result412 + " <time.getHour()>"
"Era esperado valores iguais, mas  59 é diferente de " + result413 + " <time.getMinute()>"
"Era esperado valores iguais, mas  0 é diferente de " + result414 + " <time.getSecond()>"
"Era esperado valores iguais, mas  0 é diferente de " + result415 + " <time.getNano()>"
"Era esperado não nulo, mas  o valor obtido foi nulo"
"Era esperado verdadeiro, mas o valor obtido é falso"
"Era esperado valores iguais, mas  2015 é diferente de " + result416 + " <time.getYear()>"
"Era esperado valores iguais, mas  12 é diferente de " + result417 + " <time.getMonthValue()>"
"Era esperado valores iguais, mas  31 é diferente de " + result418 + " <time.getDayOfMonth()>"
"Era esperado valores iguais, mas  23 é diferente de " + result419 + " <time.getHour()>"
"Era esperado valores iguais, mas  59 é diferente de " + result420 + " <time.getMinute()>"
"Era esperado valores iguais, mas  45 é diferente de " + result421 + " <time.getSecond()>"
"Era esperado valores iguais, mas  0 é diferente de " + result422 + " <time.getNano()>"
"Era esperado não nulo, mas  o valor obtido foi nulo"
"Era esperado verdadeiro, mas o valor obtido é falso"
"Era esperado valores iguais, mas  2015 é diferente de " + result423 + " <time.getYear()>"
"Era esperado valores iguais, mas  12 é diferente de " + result424 + " <time.getMonthValue()>"
"Era esperado valores iguais, mas  31 é diferente de " + result425 + " <time.getDayOfMonth()>"
"Era esperado valores iguais, mas  23 é diferente de " + result426 + " <time.getHour()>"
"Era esperado valores iguais, mas  59 é diferente de " + result427 + " <time.getMinute()>"
"Era esperado valores iguais, mas  45 é diferente de " + result428 + " <time.getSecond()>"
"Era esperado valores iguais, mas  999 é diferente de " + result429 + " <time.getNano()>"
"Era esperado não nulo, mas  o valor obtido foi nulo"
"Era esperado verdadeiro, mas o valor obtido é falso"
"Era esperado não nulo, mas  o valor obtido foi nulo"
"Era esperado verdadeiro, mas o valor obtido é falso"
"Era esperado valores iguais, mas  ZoneOffset.UTC é diferente de " + result430 + " <time.getZone()>"
"Era esperado não nulo, mas  o valor obtido foi nulo"
"Era esperado verdadeiro, mas o valor obtido é falso"
"Era esperado não nulo, mas  o valor obtido foi nulo"
"Era esperado verdadeiro, mas o valor obtido é falso"
"Era esperado valores iguais, mas  ZoneOffset.UTC é diferente de " + result431 + " <time.getZone()>"
"Era esperado valores iguais, mas  0 é diferente de " + result432 + " <time.getHour()>"
"Era esperado valores iguais, mas  0 é diferente de " + result433 + " <time.getMinute()>"
"Era esperado valores iguais, mas  0 é diferente de " + result434 + " <time.getSecond()>"
"Era esperado valores iguais, mas  0 é diferente de " + result435 + " <time.getNano()>"
"Era esperado não nulo, mas  o valor obtido foi nulo"
"Era esperado verdadeiro, mas o valor obtido é falso"
"Era esperado valores iguais, mas  2015 é diferente de " + result436 + " <date.getYear()>"
"Era esperado valores iguais, mas  12 é diferente de " + result437 + " <date.getMonthValue()>"
"Era esperado valores iguais, mas  31 é diferente de " + result438 + " <date.getDayOfMonth()>"
"Era esperado não nulo, mas  o valor obtido foi nulo"
"Era esperado verdadeiro, mas o valor obtido é falso"
"Era esperado valores iguais, mas  2015 é diferente de " + result439 + " <time.getYear()>"
"Era esperado valores iguais, mas  12 é diferente de " + result440 + " <time.getMonthValue()>"
"Era esperado valores iguais, mas  31 é diferente de " + result441 + " <time.getDayOfMonth()>"
"Era esperado valores iguais, mas  23 é diferente de " + result442 + " <time.getHour()>"
"Era esperado valores iguais, mas  59 é diferente de " + result443 + " <time.getMinute()>"
"Era esperado valores iguais, mas  0 é diferente de " + result444 + " <time.getSecond()>"
"Era esperado valores iguais, mas  0 é diferente de " + result445 + " <time.getNano()>"
"Era esperado não nulo, mas  o valor obtido foi nulo"
"Era esperado verdadeiro, mas o valor obtido é falso"
"Era esperado valores iguais, mas  2015 é diferente de " + result446 + " <date.getYear()>"
"Era esperado valores iguais, mas  12 é diferente de " + result447 + " <date.getMonthValue()>"
"Era esperado valores iguais, mas  31 é diferente de " + result448 + " <date.getDayOfMonth()>"
"Era esperado não nulo, mas  o valor obtido foi nulo"
"Era esperado verdadeiro, mas o valor obtido é falso"
"Era esperado valores iguais, mas  2015 é diferente de " + result449 + " <time.getYear()>"
"Era esperado valores iguais, mas  12 é diferente de " + result450 + " <time.getMonthValue()>"
"Era esperado valores iguais, mas  31 é diferente de " + result451 + " <time.getDayOfMonth()>"
"Era esperado valores iguais, mas  23 é diferente de " + result452 + " <time.getHour()>"
"Era esperado valores iguais, mas  59 é diferente de " + result453 + " <time.getMinute()>"
"Era esperado valores iguais, mas  0 é diferente de " + result454 + " <time.getSecond()>"
"Era esperado valores iguais, mas  0 é diferente de " + result455 + " <time.getNano()>"
"Era esperado valores iguais, mas  fragmentName é diferente de " + result456 + " <signature.getFragmentName()>"
"Era esperado valores iguais, mas  expected é diferente de " + result457 + " <temporals.setFormat(set)>"
"Era esperado valores iguais, mas  expected é diferente de " + result458 + " <temporals.setFormat(set, Locale.GERMANY)>"
"Era esperado valores iguais, mas  expected é diferente de " + result459 + " <temporals.setFormat(set, pattern)>"
"Era esperado valores iguais, mas  expected é diferente de " + result460 + " <temporals.setFormat(set, pattern, Locale.GERMANY)>"
"Era esperado valores iguais, mas  expected é diferente de " + result461 + " <temporals.setDay(set)>"
"Era esperado valores iguais, mas  expected é diferente de " + result462 + " <temporals.setMonth(set)>"
"Era esperado valores iguais, mas  expected é diferente de " + result463 + " <temporals.setMonthName(set)>"
"Era esperado valores iguais, mas  expected é diferente de " + result464 + " <temporals.setMonthNameShort(set)>"
"Era esperado valores iguais, mas  expected é diferente de " + result465 + " <temporals.setYear(set)>"
"Era esperado valores iguais, mas  expected é diferente de " + result466 + " <temporals.setDayOfWeek(set)>"
"Era esperado valores iguais, mas  expected é diferente de " + result467 + " <temporals.setDayOfWeekName(set)>"
"Era esperado valores iguais, mas  expected é diferente de " + result468 + " <temporals.setDayOfWeekNameShort(set)>"
"Era esperado valores iguais, mas  expected é diferente de " + result469 + " <temporals.setHour(set)>"
"Era esperado valores iguais, mas  expected é diferente de " + result470 + " <temporals.setMinute(set)>"
"Era esperado valores iguais, mas  expected é diferente de " + result471 + " <temporals.setSecond(set)>"
"Era esperado valores iguais, mas  expected é diferente de " + result472 + " <temporals.setNanosecond(set)>"
"Era esperado valores iguais, mas  expected é diferente de " + result473 + " <temporals.setFormatISO(set)>"
"Era esperado arrays iguais, mas  expected é diferente de " + result474 + " <temporals.arrayFormat(array)>"
"Era esperado arrays iguais, mas  expected é diferente de " + result475 + " <temporals.arrayFormat(array, Locale.GERMANY)>"
"Era esperado arrays iguais, mas  expected é diferente de " + result476 + " <temporals.arrayFormat(array, pattern)>"
"Era esperado arrays iguais, mas  expected é diferente de " + result477 + " <temporals.arrayFormat(array, pattern, Locale.GERMANY)>"
"Era esperado arrays iguais, mas  expected é diferente de " + result478 + " <temporals.arrayDay(array)>"
"Era esperado arrays iguais, mas  expected é diferente de " + result479 + " <temporals.arrayMonth(array)>"
"Era esperado arrays iguais, mas  expected é diferente de " + result480 + " <temporals.arrayMonthName(array)>"
"Era esperado arrays iguais, mas  expected é diferente de " + result481 + " <temporals.arrayMonthNameShort(array)>"
"Era esperado arrays iguais, mas  expected é diferente de " + result482 + " <temporals.arrayYear(array)>"
"Era esperado arrays iguais, mas  expected é diferente de " + result483 + " <temporals.arrayDayOfWeek(array)>"
"Era esperado arrays iguais, mas  expected é diferente de " + result484 + " <temporals.arrayDayOfWeekName(array)>"
"Era esperado arrays iguais, mas  expected é diferente de " + result485 + " <temporals.arrayDayOfWeekNameShort(array)>"
"Era esperado arrays iguais, mas  expected é diferente de " + result486 + " <temporals.arrayHour(array)>"
"Era esperado arrays iguais, mas  expected é diferente de " + result487 + " <temporals.arrayMinute(array)>"
"Era esperado arrays iguais, mas  expected é diferente de " + result488 + " <temporals.arraySecond(array)>"
"Era esperado arrays iguais, mas  expected é diferente de " + result489 + " <temporals.arrayNanosecond(array)>"
"Era esperado arrays iguais, mas  expected é diferente de " + result490 + " <temporals.arrayFormatISO(array)>"
"Era esperado valores iguais, mas  result é diferente de " + " output"
"Era esperado valores iguais, mas  'December 31, 2015 at 11:59:45 PM Z' é diferente de " + result491 + " <temporals.format(time)>"
"Era esperado nulo, mas " + result492 + " <temporals.format(null)> não é nulo"
"Era esperado valores iguais, mas  '31. Dezember 2015 um 23:59:45 Z' é diferente de " + result493 + " <temporals.format(time, Locale.GERMANY)>"
"Era esperado nulo, mas " + result494 + " <temporals.format(null, Locale.GERMANY)> não é nulo"
"Era esperado valores iguais, mas  expectd é diferente de " + result495 + " <temporals.format(time, pattern)>"
"Era esperado valores iguais, mas  expectd é diferente de " + result496 + " <temporals.format(time, pattern, 'Etc/GMT+5')>"
"Era esperado valores iguais, mas  '12/31/15, 11:59 PM' é diferente de " + result497 + " <temporals.format(time, 'SHORT', Locale.US)>"
"Era esperado valores iguais, mas  'Dec 31, 2015, 11:59:00 PM' é diferente de " + result498 + " <temporals.format(time, 'MEDIUM', Locale.US)>"
"Era esperado valores iguais, mas  'December 31, 2015 at 11:59:00 PM Z' é diferente de " + result499 + " <temporals.format(time, 'LONG', Locale.US)>"
"Era esperado valores iguais, mas  'Thursday, December 31, 2015 at 11:59:00 PM Z' é diferente de " + result500 + " <temporals.format(time, 'FULL', Locale.US)>"
"Era esperado valores iguais, mas  '12/31/15' é diferente de " + result501 + " <temporals.format(time, 'SHORT', Locale.US)>"
"Era esperado valores iguais, mas  'Dec 31, 2015' é diferente de " + result502 + " <temporals.format(time, 'MEDIUM', Locale.US)>"
"Era esperado valores iguais, mas  'December 31, 2015' é diferente de " + result503 + " <temporals.format(time, 'LONG', Locale.US)>"
"Era esperado valores iguais, mas  'Thursday, December 31, 2015' é diferente de " + result504 + " <temporals.format(time, 'FULL', Locale.US)>"
"Era esperado valores iguais, mas  '11:59 PM' é diferente de " + result505 + " <temporals.format(time, 'SHORT', Locale.US)>"
"Era esperado valores iguais, mas  '11:59:00 PM' é diferente de " + result506 + " <temporals.format(time, 'MEDIUM', Locale.US)>"
"Era esperado valores iguais, mas  '11:59:00 PM Z' é diferente de " + result507 + " <temporals.format(time, 'LONG', Locale.US)>"
"Era esperado valores iguais, mas  '11:59:00 PM Z' é diferente de " + result508 + " <temporals.format(time, 'FULL', Locale.US)>"
"Era esperado nulo, mas " + result509 + " <temporals.format(null, 'y')> não é nulo"
"Era esperado valores iguais, mas  expectd é diferente de " + result510 + " <temporals.format(time, pattern, Locale.GERMANY)>"
"Era esperado nulo, mas " + result511 + " <temporals.format(null, 'y', Locale.GERMANY)> não é nulo"
"Era esperado valores iguais, mas  '23:59:45' é diferente de " + result512 + " <temporals.format(time, 'HH:mm:ss')>"
"Era esperado valores iguais, mas  '12/31/2015 23:59:45' é diferente de " + result513 + " <temporals.format(time, 'MM/dd/yyyy HH:mm:ss')>"
"Era esperado valores iguais, mas  '23:59:45' é diferente de " + result514 + " <temporals.format(time, 'HH:mm:ss')>"
"Era esperado valores iguais, mas  '2015' é diferente de " + result515 + " <temporals.format(time, 'yyyy')>"
"Era esperado valores iguais, mas  '12/2015' é diferente de " + result516 + " <temporals.format(time, 'MM/yyyy')>"
"Era esperado valores iguais, mas  31 é diferente de " + result517 + " <temporals.day(time).intValue()>"
"Era esperado nulo, mas " + result518 + " <temporals.day(null)> não é nulo"
"Era esperado valores iguais, mas  12 é diferente de " + result519 + " <temporals.month(time).intValue()>"
"Era esperado nulo, mas " + result520 + " <temporals.month(null)> não é nulo"
"Era esperado valores iguais, mas  'December' é diferente de " + result521 + " <temporals.monthName(time)>"
"Era esperado nulo, mas " + result522 + " <temporals.monthName(null)> não é nulo"
"Era esperado valores iguais, mas  'Dec' é diferente de " + result523 + " <temporals.monthNameShort(time)>"
"Era esperado nulo, mas " + result524 + " <temporals.monthNameShort(null)> não é nulo"
"Era esperado valores iguais, mas  2015 é diferente de " + result525 + " <temporals.year(time).intValue()>"
"Era esperado nulo, mas " + result526 + " <temporals.year(null)> não é nulo"
"Era esperado valores iguais, mas  4 é diferente de " + result527 + " <temporals.dayOfWeek(time).intValue()>"
"Era esperado nulo, mas " + result528 + " <temporals.dayOfWeek(null)> não é nulo"
"Era esperado valores iguais, mas  'Thursday' é diferente de " + result529 + " <temporals.dayOfWeekName(time)>"
"Era esperado nulo, mas " + result530 + " <temporals.dayOfWeekName(null)> não é nulo"
"Era esperado valores iguais, mas  'Thu' é diferente de " + result531 + " <temporals.dayOfWeekNameShort(time)>"
"Era esperado nulo, mas " + result532 + " <temporals.dayOfWeekNameShort(null)> não é nulo"
"Era esperado valores iguais, mas  23 é diferente de " + result533 + " <temporals.hour(time).intValue()>"
"Era esperado nulo, mas " + result534 + " <temporals.hour(null)> não é nulo"
"Era esperado valores iguais, mas  59 é diferente de " + result535 + " <temporals.minute(time).intValue()>"
"Era esperado nulo, mas " + result536 + " <temporals.minute(null)> não é nulo"
"Era esperado valores iguais, mas  45 é diferente de " + result537 + " <temporals.second(time).intValue()>"
"Era esperado nulo, mas " + result538 + " <temporals.second(null)> não é nulo"
"Era esperado valores iguais, mas  1 é diferente de " + result539 + " <temporals.nanosecond(time).intValue()>"
"Era esperado nulo, mas " + result540 + " <temporals.nanosecond(null)> não é nulo"
"Era esperado valores iguais, mas  '2015-12-31T23:59:45.000+1800' é diferente de " + result541 + " <temporals.formatISO(time)>"
"Era esperado nulo, mas " + result542 + " <temporals.formatISO(null)> não é nulo"
"Era esperado valores iguais, mas  '1970-01-01' é diferente de " + result543 + " <temporals.format(time, 'yyyy-MM-dd', Locale.US)>"
"Era esperado valores iguais, mas  result é diferente de " + " outputResult"
"Era esperado valores iguais, mas  expected é diferente de " + result544 + " <temporals.listFormat(list)>"
"Era esperado valores iguais, mas  expected é diferente de " + result545 + " <temporals.listFormat(list, Locale.GERMANY)>"
"Era esperado valores iguais, mas  expected é diferente de " + result546 + " <temporals.listFormat(list, pattern)>"
"Era esperado valores iguais, mas  expected é diferente de " + result547 + " <temporals.listFormat(list, pattern, Locale.GERMANY)>"
"Era esperado valores iguais, mas  expected é diferente de " + result548 + " <temporals.listDay(list)>"
"Era esperado valores iguais, mas  expected é diferente de " + result549 + " <temporals.listMonth(list)>"
"Era esperado valores iguais, mas  expected é diferente de " + result550 + " <temporals.listMonthName(list)>"
"Era esperado valores iguais, mas  expected é diferente de " + result551 + " <temporals.listMonthNameShort(list)>"
"Era esperado valores iguais, mas  expected é diferente de " + result552 + " <temporals.listYear(list)>"
"Era esperado valores iguais, mas  expected é diferente de " + result553 + " <temporals.listDayOfWeek(list)>"
"Era esperado valores iguais, mas  expected é diferente de " + result554 + " <temporals.listDayOfWeekName(list)>"
"Era esperado valores iguais, mas  expected é diferente de " + result555 + " <temporals.listDayOfWeekNameShort(list)>"
"Era esperado valores iguais, mas  expected é diferente de " + result556 + " <temporals.listHour(list)>"
"Era esperado valores iguais, mas  expected é diferente de " + result557 + " <temporals.listMinute(list)>"
"Era esperado valores iguais, mas  expected é diferente de " + result558 + " <temporals.listSecond(list)>"
"Era esperado valores iguais, mas  expected é diferente de " + result559 + " <temporals.listNanosecond(list)>"
"Era esperado valores iguais, mas  expected é diferente de " + result560 + " <temporals.listFormatISO(list)>"
