"Era esperado falso, mas " + result0 + " <mappings.get(0).getRequest().getHeaders().containsKey('No')> é verdadeiro "
"Era esperado verdadeiro, mas " + result1 + " <match.isExactMatch()> é falso"
"Era esperado verdadeiro, mas " + result2 + " <match.isExactMatch()> é falso"
"Era esperado verdadeiro, mas o valor obtido é falso"
"Era esperado verdadeiro, mas o valor obtido é falso"
"Era esperado falso, mas o valor é verdadeiro"
"Era esperado verdadeiro, mas " + result3 + " <pattern.isMatchAny()> é falso"
"Era esperado falso, mas " + result4 + " <pattern.isMatchAll()> é verdadeiro "
"Era esperado verdadeiro, mas " + result5 + " <pattern.isMatchAny()> é falso"
"Era esperado falso, mas " + result6 + " <pattern.isMatchAll()> é verdadeiro "
"Era esperado verdadeiro, mas " + result7 + " <pattern.isMatchAll()> é falso"
"Era esperado falso, mas " + result8 + " <pattern.isMatchAny()> é verdadeiro "
"Era esperado nulo, mas o valor obtido não é nulo"
"Era esperado verdadeiro, mas " + result9 + " <matcher.match('2022-06-14T12:13:14Z').isExactMatch()> é falso"
"Era esperado falso, mas " + result10 + " <matcher.match('2020-06-14T12:13:14Z').isExactMatch()> é verdadeiro "
"Era esperado verdadeiro, mas " + result11 + " <matcher.match('2022-06-14T12:13:14').isExactMatch()> é falso"
"Era esperado falso, mas " + result12 + " <matcher.match('2020-06-14T12:13:14').isExactMatch()> é verdadeiro "
"Era esperado verdadeiro, mas " + result13 + " <matcher.match('2022-06-14T12:13:14Z').isExactMatch()> é falso"
"Era esperado falso, mas " + result14 + " <matcher.match('2020-06-14T12:13:14Z').isExactMatch()> é verdadeiro "
"Era esperado verdadeiro, mas " + result15 + " <matcher.match('2021-07-01T23:59:59').isExactMatch()> é falso"
"Era esperado falso, mas " + result16 + " <matcher.match('2021-06-01T15:15:15').isExactMatch()> é verdadeiro "
"Era esperado verdadeiro, mas " + result17 + " <matcher.match(good.toString()).isExactMatch()> é falso"
"Era esperado falso, mas " + result18 + " <matcher.match(bad.toString()).isExactMatch()> é verdadeiro "
"Era esperado verdadeiro, mas " + result19 + " <matcher.match(good.toString()).isExactMatch()> é falso"
"Era esperado falso, mas " + result20 + " <matcher.match(bad.toString()).isExactMatch()> é verdadeiro "
"Era esperado falso, mas " + result21 + " <matcher.match(null).isExactMatch()> é verdadeiro "
"Era esperado verdadeiro, mas " + result22 + " <matcher.match(good.toString()).isExactMatch()> é falso"
"Era esperado falso, mas " + result23 + " <matcher.match(bad.toString()).isExactMatch()> é verdadeiro "
"Era esperado verdadeiro, mas " + result24 + " <matcher.match('2021-01-01T00:00:00Z').isExactMatch()> é falso"
"Era esperado verdadeiro, mas " + result25 + " <matcher.match('2021-01-01T00:00:00').isExactMatch()> é falso"
"Era esperado verdadeiro, mas " + result26 + " <matcher.match('2022-06-01T11:22:33Z').isExactMatch()> é falso"
"Era esperado verdadeiro, mas " + result27 + " <matcher.match('2019-06-01T11:22:33Z').isExactMatch()> é falso"
"Era esperado falso, mas " + result28 + " <matcher.match('2020-06-01T11:22:33Z').isExactMatch()> é verdadeiro "
"Era esperado falso, mas " + result29 + " <matchResult.isExactMatch()> é verdadeiro "
"Era esperado verdadeiro, mas " + result30 + " <matchResult.isExactMatch()> é falso"
"Era esperado falso, mas " + result31 + " <matchResult.isExactMatch()> é verdadeiro "
"Era esperado verdadeiro, mas " + result32 + " <matchResult.isExactMatch()> é falso"
"Era esperado falso, mas " + result33 + " <matchResult.isExactMatch()> é verdadeiro "
"Era esperado verdadeiro, mas " + result34 + " <matchResult.isExactMatch()> é falso"
"Era esperado falso, mas " + result35 + " <matchResult.isExactMatch()> é verdadeiro "
"Era esperado verdadeiro, mas " + result36 + " <matchResult.isExactMatch()> é falso"
"Era esperado falso, mas " + result37 + " <matchResult.isExactMatch()> é verdadeiro "
"Era esperado verdadeiro, mas " + result38 + " <matchResult.isExactMatch()> é falso"
"Era esperado falso, mas " + result39 + " <matchResult.isExactMatch()> é verdadeiro "
"Era esperado verdadeiro, mas " + result40 + " <matchResult.isExactMatch()> é falso"
"Era esperado falso, mas " + result41 + " <matchResult.isExactMatch()> é verdadeiro "
"Era esperado falso, mas " + result42 + " <matchResult.isExactMatch()> é verdadeiro "
"Era esperado verdadeiro, mas " + result43 + " <matchResult.isExactMatch()> é falso"
"Era esperado verdadeiro, mas " + result44 + " <matchResult.isExactMatch()> é falso"
"Era esperado falso, mas " + result45 + " <matchResult.isExactMatch()> é verdadeiro "
"Era esperado falso, mas " + result46 + " <matchResult.isExactMatch()> é verdadeiro "
"Era esperado falso, mas " + result47 + " <matchResult.isExactMatch()> é verdadeiro "
"Era esperado verdadeiro, mas " + result48 + " <WireMock.notContaining('thing').match('otherstuff').isExactMatch()> é falso"
"Era esperado verdadeiro, mas " + result49 + " <WireMock.notContaining('thing').match(null).isExactMatch()> é falso"
"Era esperado falso, mas " + result50 + " <matchResult.isExactMatch()> é verdadeiro "
"Era esperado verdadeiro, mas " + result51 + " <WireMock.containing('thing').match('mythings').isExactMatch()> é falso"
"Era esperado falso, mas " + result52 + " <matchResult.isExactMatch()> é verdadeiro "
"Era esperado falso, mas " + result53 + " <matchResult.isExactMatch()> é verdadeiro "
"Era esperado falso, mas " + result54 + " <matchResult.isExactMatch()> é verdadeiro "
"Era esperado falso, mas " + result55 + " <matchResult.isExactMatch()> é verdadeiro "
"Era esperado verdadeiro, mas " + result56 + " <pattern.match('<?xml version=\'1.0\' encoding=\'utf-8\' ?>\n' + '<things>\n' + '    <thing characteristic=\'tepid\'/>\n' + '    <thing characteristic=\'tedious\'/>\n' + '</things>').isExactMatch()> é falso"
"Era esperado verdadeiro, mas " + result57 + " <pattern.match('<things><thing characteristic=\'tepid\'/><thing characteristic=\'tedious\'/></things>').isExactMatch()> é falso"
"Era esperado falso, mas " + result58 + " <matchResult.isExactMatch()> é verdadeiro "
"Era esperado verdadeiro, mas " + result59 + " <match.isExactMatch()> é falso"
"Era esperado verdadeiro, mas " + result60 + " <match.isExactMatch()> é falso"
"Era esperado falso, mas " + result61 + " <pattern.match('<?xml version=\'1.0\' encoding=\'utf-8\'?>\n' + '<soap:Envelope xmlns:xsi=\'http://www.w3.org/2001/XMLSchema-instance\' xmlns:xsd=\'http://www.w3.org/2001/XMLSchema\' xmlns:soap=\'http://schemas.xmlsoap.org/soap/envelope/\'>\n' + '    <soap:Body>\n' + '        <stuff xmlns=\'https://example.com/the-wrong-namespace\'>\n' + '            <things />\n' + '        </stuff>\n' + '    </soap:Body>\n' + '</soap:Envelope>\n').isExactMatch()> é verdadeiro "
"Era esperado verdadeiro, mas " + result62 + " <pattern.match('<my-attribs two=\'2\' one=\'1\' three=\'3\'/>').isExactMatch()> é falso"
"Era esperado verdadeiro, mas " + result63 + " <pattern.match('<my-elements>\n' + '    <two />\n' + '    <three />\n' + '    <one />\n' + '</my-elements>').isExactMatch()> é falso"
"Era esperado verdadeiro, mas " + result64 + " <pattern.match(xmlWithDtdThatCannotBeFetched).isExactMatch()> é falso"
"Era esperado nulo, mas " + result65 + " <equalToXmlPattern.getPlaceholderOpeningDelimiterRegex()> não é nulo"
"Era esperado nulo, mas " + result66 + " <equalToXmlPattern.getPlaceholderClosingDelimiterRegex()> não é nulo"
"Era esperado verdadeiro, mas " + result67 + " <matchResult.isExactMatch()> é falso"
"Era esperado verdadeiro, mas " + result68 + " <matchResult.isExactMatch()> é falso"
"Era esperado verdadeiro, mas o valor obtido é falso"
"Era esperado verdadeiro, mas o valor obtido é falso"
"Era esperado valores iguais, mas  enablePlaceholders é diferente de " + result69 + " <equalToXmlPattern.isEnablePlaceholders()>"
"Era esperado valores iguais, mas  placeholderOpeningDelimiterRegex é diferente de " + result70 + " <equalToXmlPattern.getPlaceholderOpeningDelimiterRegex()>"
"Era esperado valores iguais, mas  placeholderClosingDelimiterRegex é diferente de " + result71 + " <equalToXmlPattern.getPlaceholderClosingDelimiterRegex()>"
"Era esperado verdadeiro, mas " + result72 + " <matchResult.isExactMatch()> é falso"
"Era esperado verdadeiro, mas " + result73 + " <pattern.match(actual).isExactMatch()> é falso"
"Era esperado verdadeiro, mas " + result74 + " <pattern.isMatchAny()> é falso"
"Era esperado nulo, mas " + result75 + " <pattern.getBodyPatterns()> não é nulo"
"Era esperado verdadeiro, mas " + result76 + " <pattern.isMatchAll()> é falso"
"Era esperado nulo, mas " + result77 + " <pattern.getHeaders()> não é nulo"
"Era esperado verdadeiro, mas " + result78 + " <pattern.isMatchAny()> é falso"
"Era esperado verdadeiro, mas " + result79 + " <pattern.isMatchAny()> é falso"
"Era esperado valores iguais, mas " + result80 + " <pattern.getBodyPatterns().get(0).getExpected()> é diferente de " + " expectedBinary"
"Era esperado verdadeiro, mas " + result81 + " <pattern.isMatchAll()> é falso"
"Era esperado falso, mas " + result82 + " <pattern.isMatchAll()> é verdadeiro "
"Era esperado falso, mas " + result83 + " <pattern.isMatchAny()> é verdadeiro "
"Era esperado falso, mas " + result84 + " <pattern.isMatchAll()> é verdadeiro "
"Era esperado falso, mas " + result85 + " <pattern.isMatchAll()> é verdadeiro "
"Era esperado falso, mas " + result86 + " <pattern.isMatchAny()> é verdadeiro "
"Era esperado verdadeiro, mas " + result87 + " <matcher.match('2021-06-14T12:13:14Z').isExactMatch()> é falso"
"Era esperado falso, mas " + result88 + " <matcher.match('1921-06-14T12:13:14Z').isExactMatch()> é verdadeiro "
"Era esperado verdadeiro, mas " + result89 + " <matcher.match('2021-06-24T12:40:27Z').isExactMatch()> é falso"
"Era esperado falso, mas " + result90 + " <matcher.match('2021-06-24T13:40:27Z').isExactMatch()> é verdadeiro "
"Era esperado verdadeiro, mas " + result91 + " <matcher.match('2021-06-14T12:13:14').isExactMatch()> é falso"
"Era esperado falso, mas " + result92 + " <matcher.match('1921-06-14T12:13:14').isExactMatch()> é verdadeiro "
"Era esperado verdadeiro, mas " + result93 + " <matcher.match('2021-06-14T12:13:14Z').isExactMatch()> é falso"
"Era esperado falso, mas " + result94 + " <matcher.match('1921-06-14T12:13:14Z').isExactMatch()> é verdadeiro "
"Era esperado verdadeiro, mas " + result95 + " <matcher.match(good).isExactMatch()> é falso"
"Era esperado falso, mas " + result96 + " <matcher.match(bad).isExactMatch()> é verdadeiro "
"Era esperado verdadeiro, mas " + result97 + " <matcher.match(good).isExactMatch()> é falso"
"Era esperado falso, mas " + result98 + " <matcher.match(bad).isExactMatch()> é verdadeiro "
"Era esperado verdadeiro, mas " + result99 + " <matcher.match(good).isExactMatch()> é falso"
"Era esperado falso, mas " + result100 + " <matcher.match(bad).isExactMatch()> é verdadeiro "
"Era esperado falso, mas " + result101 + " <matcher.match(null).isExactMatch()> é verdadeiro "
"Era esperado verdadeiro, mas " + result102 + " <matcher.match(good.toString()).isExactMatch()> é falso"
"Era esperado falso, mas " + result103 + " <matcher.match(bad.toString()).isExactMatch()> é verdadeiro "
"Era esperado verdadeiro, mas " + result104 + " <matcher.match('2020-08-29T00:00:00Z').isExactMatch()> é falso"
"Era esperado verdadeiro, mas " + result105 + " <matcher.match('2020-08-29T00:00:00').isExactMatch()> é falso"
"Era esperado verdadeiro, mas " + result106 + " <MultiValuePattern.absent().match(HttpHeader.absent('any-key')).isExactMatch()> é falso"
"Era esperado falso, mas " + result107 + " <MultiValuePattern.absent().match(httpHeader('the-key', 'the value')).isExactMatch()> é verdadeiro "
"Era esperado falso, mas " + result108 + " <MultiValuePattern.of(beforeNow()).match(HttpHeader.absent('any-key')).isExactMatch()> é verdadeiro "
"Era esperado verdadeiro, mas " + result109 + " <MultiValuePattern.of(equalTo('required-value')).match(httpHeader('the-key', 'required-value')).isExactMatch()> é falso"
"Era esperado falso, mas " + result110 + " <matchResult.isExactMatch()> é verdadeiro "
"Era esperado verdadeiro, mas " + result111 + " <MultiValuePattern.of(equalTo('required-value')).match(httpHeader('any-key', 'require1234567', 'required-value', '1234567rrrr')).isExactMatch()> é falso"
"Era esperado verdadeiro, mas " + result112 + " <MultiValuePattern.of(equalTo('required-value')).match(queryParam('any-key', 'require1234567', 'required-value', '1234567rrrr')).isExactMatch()> é falso"
"Era esperado verdadeiro, mas " + result113 + " <matcher.match('2020-06-01T11:22:33Z').isExactMatch()> é falso"
"Era esperado falso, mas " + result114 + " <matcher.match('2021-06-01T11:22:33Z').isExactMatch()> é verdadeiro "
"Era esperado verdadeiro, mas " + result115 + " <matcher.match('2021-06-01T15:15:15Z').isExactMatch()> é falso"
"Era esperado falso, mas " + result116 + " <matcher.match('2021-07-01T23:59:59Z').isExactMatch()> é verdadeiro "
"Era esperado verdadeiro, mas " + result117 + " <matcher.match('2021-06-01T15:15:15').isExactMatch()> é falso"
"Era esperado falso, mas " + result118 + " <matcher.match('2021-07-01T23:59:59').isExactMatch()> é verdadeiro "
"Era esperado verdadeiro, mas " + result119 + " <matcher.match('2021-06-01T15:15:15').isExactMatch()> é falso"
"Era esperado falso, mas " + result120 + " <matcher.match('2021-07-01T23:59:59').isExactMatch()> é verdadeiro "
"Era esperado verdadeiro, mas " + result121 + " <matcher.match('2021-06-01T15:15:15Z').isExactMatch()> é falso"
"Era esperado falso, mas " + result122 + " <matcher.match('2021-07-01T23:59:59Z').isExactMatch()> é verdadeiro "
"Era esperado falso, mas " + result123 + " <matcher.match('2021-06-01T15:15:blahsdfj123').isExactMatch()> é verdadeiro "
"Era esperado falso, mas " + result124 + " <matcher.match(null).isExactMatch()> é verdadeiro "
"Era esperado falso, mas " + result125 + " <matcher.match('2021-06-01T15:15:15Z').isExactMatch()> é verdadeiro "
"Era esperado verdadeiro, mas " + result126 + " <matcher.match('Tue, 01 Jun 2021 15:16:17 GMT').isExactMatch()> é falso"
"Era esperado falso, mas " + result127 + " <matcher.match('Thu, 01 Jul 2021 15:16:17 GMT').isExactMatch()> é verdadeiro "
"Era esperado verdadeiro, mas " + result128 + " <matcher.match('Tuesday, 01-Jun-21 14:14:14 GMT').isExactMatch()> é falso"
"Era esperado falso, mas " + result129 + " <matcher.match('Thursday, 01-Jul-21 15:16:17 GMT').isExactMatch()> é verdadeiro "
"Era esperado verdadeiro, mas " + result130 + " <matcher.match('Tue Jun  1 01:01:01 2021').isExactMatch()> é falso"
"Era esperado falso, mas " + result131 + " <matcher.match('Thu Jul  1 01:01:01 2021').isExactMatch()> é verdadeiro "
"Era esperado verdadeiro, mas " + result132 + " <matcher.match('Thu Jun 10 01:01:01 2021').isExactMatch()> é falso"
"Era esperado falso, mas " + result133 + " <matcher.match('Sat Jul 10 01:01:01 2021').isExactMatch()> é verdadeiro "
"Era esperado verdadeiro, mas " + result134 + " <matcher.match('2021-06-14T15:15:15+01:00[Europe/London]').isExactMatch()> é falso"
"Era esperado falso, mas " + result135 + " <matcher.match('2021-06-14T16:15:15+01:00[Europe/London]').isExactMatch()> é verdadeiro "
"Era esperado verdadeiro, mas " + result136 + " <matcher.match('01/06/2021').isExactMatch()> é falso"
"Era esperado falso, mas " + result137 + " <matcher.match('01/07/2021').isExactMatch()> é verdadeiro "
"Era esperado verdadeiro, mas " + result138 + " <matcher.match(right).isExactMatch()> é falso"
"Era esperado falso, mas " + result139 + " <matcher.match(wrong).isExactMatch()> é verdadeiro "
"Era esperado verdadeiro, mas " + result140 + " <matcher.match(right).isExactMatch()> é falso"
"Era esperado falso, mas " + result141 + " <matcher.match(wrong).isExactMatch()> é verdadeiro "
"Era esperado verdadeiro, mas " + result142 + " <matcher.match(good.toString()).isExactMatch()> é falso"
"Era esperado falso, mas " + result143 + " <matcher.match(bad.toString()).isExactMatch()> é verdadeiro "
"Era esperado verdadeiro, mas " + result144 + " <matcher.match(good.toString()).isExactMatch()> é falso"
"Era esperado falso, mas " + result145 + " <matcher.match(bad.toString()).isExactMatch()> é verdadeiro "
"Era esperado verdadeiro, mas " + result146 + " <matcher.match(good.toString()).isExactMatch()> é falso"
"Era esperado falso, mas " + result147 + " <matcher.match(bad.toString()).isExactMatch()> é verdadeiro "
"Era esperado verdadeiro, mas " + result148 + " <matcher.match(good.toString()).isExactMatch()> é falso"
"Era esperado falso, mas " + result149 + " <matcher.match(bad.toString()).isExactMatch()> é verdadeiro "
"Era esperado verdadeiro, mas " + result150 + " <matcher.match('2019-01-01T00:00:00Z').isExactMatch()> é falso"
"Era esperado verdadeiro, mas " + result151 + " <matcher.match('2019-01-01T00:00:00').isExactMatch()> é falso"
"Era esperado verdadeiro, mas " + result152 + " <WireMock.equalToJson('{                  \n' + '   \'one\':    1,  \n' + '   \'two\':    2,  \n' + '   \'three\':  3,  \n' + '   \'four\':   4   \n' + '}                  \n').match('{                  \n' + '   \'one\':    1,  \n' + '   \'three\':  3,  \n' + '   \'two\':    2,  \n' + '   \'four\':   4   \n' + '}                  \n').isExactMatch()> é falso"
"Era esperado falso, mas " + result153 + " <WireMock.equalToJson('[1, 2, 3, 4]').match('[1, 3, 2, 4]').isExactMatch()> é verdadeiro "
"Era esperado verdadeiro, mas " + result154 + " <WireMock.equalToJson('[1, 2, 3, 4]', true, false).match('[1, 3, 2, 4]').isExactMatch()> é falso"
"Era esperado verdadeiro, mas " + result155 + " <WireMock.equalToJson('{\n' + '    \'one\': 1,\n' + '    \'two\': [\n' + '        { \'val\': 1 },\n' + '        { \'val\': 2 },\n' + '        { \'val\': 3 }\n' + '    ]\n' + '}', true, false).match('{\n' + '    \'one\': 1,\n' + '    \'two\': [\n' + '        { \'val\': 3 },\n' + '        { \'val\': 2 },\n' + '        { \'val\': 1 }\n' + '    ]\n' + '}').isExactMatch()> é falso"
"Era esperado verdadeiro, mas " + result156 + " <WireMock.equalToJson('{                  \n' + '   \'one\':    1,  \n' + '   \'two\':    2,  \n' + '   \'three\':  3,  \n' + '   \'four\':   4   \n' + '}                  \n', false, true).match('{                  \n' + '   \'one\':    1,  \n' + '   \'three\':  3,  \n' + '   \'two\':    2,  \n' + '   \'four\':   4,  \n' + '   \'five\':   5,  \n' + '   \'six\':    6   \n' + '}                  \n').isExactMatch()> é falso"
"Era esperado verdadeiro, mas " + result157 + " <WireMock.equalToJson('{                          \n' + '   \'one\':    1,          \n' + '   \'two\':    2,          \n' + '   \'three\':  3,          \n' + '   \'four\':   [1, 2, 3]   \n' + '}                  \n', true, true).match('{                          \n' + '   \'one\':    1,          \n' + '   \'three\':  3,          \n' + '   \'two\':    2,          \n' + '   \'four\':   [2, 1, 3],  \n' + '   \'five\':   5,          \n' + '   \'six\':    6           \n' + '}                          \n').isExactMatch()> é falso"
"Era esperado falso, mas " + result158 + " <new EqualToJsonPattern('{\n' + '    \'outer\': {\n' + '        \'inner:\': {\n' + '            \'wrong\': 1\n' + '        }\n' + '    }\n' + '}', false, false).match('{\n' + '    \'outer\': {\n' + '        \'inner:\': {\n' + '            \'thing\': 1\n' + '        }\n' + '    }\n' + '}').isExactMatch()> é verdadeiro "
"Era esperado falso, mas " + result159 + " <match.isExactMatch()> é verdadeiro "
"Era esperado falso, mas " + result160 + " <match.isExactMatch()> é verdadeiro "
"Era esperado falso, mas " + result161 + " <match.isExactMatch()> é verdadeiro "
"Era esperado falso, mas " + result162 + " <match.isExactMatch()> é verdadeiro "
"Era esperado falso, mas " + result163 + " <match.isExactMatch()> é verdadeiro "
"Era esperado falso, mas " + result164 + " <match.isExactMatch()> é verdadeiro "
"Era esperado falso, mas " + result165 + " <match.isExactMatch()> é verdadeiro "
"Era esperado falso, mas " + result166 + " <match.isExactMatch()> é verdadeiro "
"Era esperado verdadeiro, mas " + result167 + " <result.isExactMatch()> é falso"
"Era esperado verdadeiro, mas " + result168 + " <urlPattern.match('/my/exact/url?one=1&two=2&three=3333333').isExactMatch()> é falso"
"Era esperado falso, mas " + result169 + " <urlPattern.match('/my/wrong/url?one=1&three=3333333').isExactMatch()> é verdadeiro "
"Era esperado verdadeiro, mas " + result170 + " <urlPattern.match('/my/regex/url?one=1&two=123456&three=3333333').isExactMatch()> é falso"
"Era esperado falso, mas " + result171 + " <urlPattern.match('/my/BAD/url?one=1&two=123456&three=3333333').isExactMatch()> é verdadeiro "
"Era esperado verdadeiro, mas " + result172 + " <urlPathPattern.match('/the/exact/path').isExactMatch()> é falso"
"Era esperado falso, mas " + result173 + " <urlPathPattern.match('/totally/incorrect/path').isExactMatch()> é verdadeiro "
"Era esperado verdadeiro, mas " + result174 + " <urlPathPattern.match('/my/regex/path?one=not_looked_at').isExactMatch()> é falso"
"Era esperado falso, mas " + result175 + " <urlPathPattern.match('/my/12345/path').isExactMatch()> é verdadeiro "
"Era esperado verdadeiro, mas " + result176 + " <match.isExactMatch()> é falso"
"Era esperado verdadeiro, mas " + result177 + " <match.isExactMatch()> é falso"
"Era esperado verdadeiro, mas " + result178 + " <match.isExactMatch()> é falso"
"Era esperado verdadeiro, mas " + result179 + " <match.isExactMatch()> é falso"
"Era esperado verdadeiro, mas " + result180 + " <match.isExactMatch()> é falso"
"Era esperado verdadeiro, mas " + result181 + " <match.isExactMatch()> é falso"
"Era esperado verdadeiro, mas " + result182 + " <match.isExactMatch()> é falso"
"Era esperado verdadeiro, mas " + result183 + " <result.isExactMatch()> é falso"
"Era esperado verdadeiro, mas " + result184 + " <result.isExactMatch()> é falso"
"Era esperado falso, mas " + result185 + " <match.isExactMatch()> é verdadeiro "
"Era esperado falso, mas " + result186 + " <match.isExactMatch()> é verdadeiro "
"Era esperado valores iguais, mas  200 é diferente de " + " statusCode"
"Era esperado valores iguais, mas  200 é diferente de " + " statusCode"
"Era esperado valores iguais, mas  200 é diferente de " + " statusCode"
"Era esperado valores iguais, mas  200 é diferente de " + " statusCode"
"Era esperado valores iguais, mas  200 é diferente de " + result187 + " <response.statusCode()>"
"Era esperado nulo, mas o valor obtido não é nulo"
"Era esperado objetos iguais, mas  one é diferente de " + " two"
"Era esperado falso, mas " + result188 + " <options.getStores().getSettingsStore().get().getProxyPassThrough()> é verdadeiro "
"Era esperado verdadeiro, mas " + result189 + " <options.getStores().getSettingsStore().get().getProxyPassThrough()> é falso"
"Era esperado verdadeiro, mas " + result190 + " <options.getStores().getSettingsStore().get().getProxyPassThrough()> é falso"
"Era esperado verdadeiro, mas " + result191 + " <wm.listAllStubMappings().getMappings().isEmpty()> é falso"
"Era esperado verdadeiro, mas " + result192 + " <wm.listAllStubMappings().getMappings().isEmpty()> é falso"
"Era esperado falso, mas " + result193 + " <fetchedSettings.getProxyPassThrough()> é verdadeiro "
"Era esperado verdadeiro, mas " + result194 + " <callSucceeded.get()> é falso"
"Era esperado verdadeiro, mas " + result195 + " <callSucceeded.get()> é falso"
"Era esperado verdadeiro, mas " + result196 + " <exception.getMessage().contains('Not listening on HTTP port. Either HTTP is not enabled or the WireMock server is stopped.')> é falso"
"Era esperado valores iguais, mas " + result197 + " <loggedResponse.getBodyAsString()> é diferente de " + " ''"
"Era esperado verdadeiro, mas " + result198 + " <loggedRequest.containsHeader('content-type')> é falso"
"Era esperado não nulo, mas " + result199 + " <loggedRequest.getHeader('content-type')> é nulo"
"Era esperado verdadeiro, mas " + result200 + " <loggedRequest.containsHeader('CONTENT-TYPE')> é falso"
"Era esperado não nulo, mas " + result201 + " <loggedRequest.getHeader('CONTENT-TYPE')> é nulo"
"Era esperado verdadeiro, mas " + result202 + " <loggedRequest.containsHeader('Accept')> é falso"
"Era esperado não nulo, mas " + result203 + " <loggedRequest.getHeader('Accept')> é nulo"
"Era esperado verdadeiro, mas " + result204 + " <reqMap.containsKey('queryParams')> é falso"
"Era esperado valores iguais, mas  'value-1' é diferente de " + result205 + " <((List) ((Map) ((Map) reqMap.get('queryParams')).get('test-param-1')).get('values')).get(0)>"
"Era esperado valores iguais, mas  'value-2' é diferente de " + result206 + " <((List) ((Map) ((Map) reqMap.get('queryParams')).get('test-param-2')).get('values')).get(0)>"
"Era esperado valores iguais, mas  'test-param-1' é diferente de " + result207 + " <req.queryParameter('test-param-1').key()>"
"Era esperado valores iguais, mas  'value-1' é diferente de " + result208 + " <req.queryParameter('test-param-1').firstValue()>"
"Era esperado valores iguais, mas  'test-param-2' é diferente de " + result209 + " <req.queryParameter('test-param-2').key()>"
"Era esperado valores iguais, mas  'value-2' é diferente de " + result210 + " <req.queryParameter('test-param-2').firstValue()>"
"Era esperado que nenhuma exceção fosse lançada, mas  () - new DirectCallHttpServer(options, adminRequestHandler, stubRequestHandler) foi lançada"
"Era esperado que nenhuma exceção fosse lançada, mas  server::start foi lançada"
"Era esperado verdadeiro, mas " + result211 + " <server.isRunning()> é falso"
"Era esperado valores iguais, mas " + result212 + " <server.isRunning()> é diferente de " + " isRunning"
"Era esperado valores iguais, mas " + result213 + " <server.port()> é diferente de " + " -1"
"Era esperado valores iguais, mas " + result214 + " <server.httpsPort()> é diferente de " + " -2"
"Era esperado valores iguais, mas  response é diferente de " + " actual"

"A execução falhou por uma causa deliberada"
"Era esperado valores iguais, mas  'The request was not handled within the timeout of 5ms' é diferente de " + result215 + " <actual.getMessage()>"
"Era esperado verdadeiro, mas o valor obtido é falso"
"Era esperado valores iguais, mas  404 é diferente de " + result216 + " <response.getStatus()>"
"Era esperado valores iguais, mas  200 é diferente de " + result217 + " <response.getStatus()>"
"Era esperado valores iguais, mas  'THINGS!' é diferente de " + result218 + " <response.getBodyAsString()>"
"Era esperado nulo, mas o valor obtido não é nulo"
"Era esperado valores iguais, mas  'default_alias' é diferente de " + " alias"
"Era esperado valores iguais, mas  'default_alias' é diferente de " + " alias"
"Era esperado valores iguais, mas  'default_alias' é diferente de " + " alias"
"Era esperado valores iguais, mas  'default_alias' é diferente de " + " alias"
"Era esperado valores iguais, mas  'default_alias' é diferente de " + " alias"
"Era esperado valores iguais, mas  'default_alias' é diferente de " + " alias"
"Era esperado valores iguais, mas  'default_alias' é diferente de " + " alias"
"Era esperado valores iguais, mas  'default_alias' é diferente de " + " alias"
"Era esperado nulo, mas " + result219 + " <generatingKeyManager.getCertificateChain(hostname)> não é nulo"
"Era esperado nulo, mas " + result220 + " <generatingKeyManager.getPrivateKey(hostname)> não é nulo"
"Era esperado valores iguais, mas  hostname é diferente de " + " keyAlias"
"Era esperado valores iguais, mas  2 é diferente de " + " generatingKeyManager.getCertificateChain(keyAlias).length"
"Era esperado valores iguais, mas  myPublicKey é diferente de " + result221 + " <generatingKeyManager.getCertificateChain(keyAlias)[0].getPublicKey()>"
"Era esperado valores iguais, mas  keyAlias é diferente de " + " sameKeyAlias"
"Era esperado valores iguais, mas  privateKey é diferente de " + result222 + " <generatingKeyManager.getPrivateKey(sameKeyAlias)>"
"Era esperado arrays iguais, mas  certificateChain é diferente de " + result223 + " <generatingKeyManager.getCertificateChain(sameKeyAlias)>"
"Era esperado nulo, mas o valor obtido não é nulo"
"Era esperado valores iguais, mas  'default_alias' é diferente de " + " alias"
"Era esperado valores iguais, mas  'default_alias' é diferente de " + " alias"
"Era esperado valores iguais, mas  'default_alias' é diferente de " + " alias"
"Era esperado valores iguais, mas  'default_alias' é diferente de " + " alias"
"Era esperado valores iguais, mas  'default_alias' é diferente de " + " alias"
"Era esperado valores iguais, mas  'default_alias' é diferente de " + " alias"
"Era esperado valores iguais, mas  'default_alias' é diferente de " + " alias"
"A execução falhou por uma causa deliberada"
"Era esperado valores iguais, mas  invalidCertForTrustManager1 é diferente de " + " thrown"
"Era esperado valores iguais, mas  invalidCertForTrustManager2 é diferente de " + " thrown"
"Era esperado arrays iguais, mas  new X509Certificate[] { cert1, cert2, cert3, cert4 } é diferente de " + " acceptedIssuers"
"Era esperado arrays iguais, mas  new X509Certificate[] { cert1, cert2, cert3, cert4 } é diferente de " + result224 + " <compositeTrustManager.getAcceptedIssuers()>"
"Era esperado valores iguais, mas  'Hello World' é diferente de " + " result"
"Era esperado valores iguais, mas " + result225 + " <response.getBodyAsString()> é diferente de " + " 'Result'"
"Era esperado valores iguais, mas  HTTP_INTERNAL_ERROR é diferente de " + result226 + " <response.getStatus()>"
"Era esperado valores iguais, mas " + result227 + " <response.getBodyAsString()> é diferente de " + " 'Result'"
"A execução falhou por uma causa deliberada"
"Era esperado verdadeiro, mas " + result228 + " <encoding.isPresent()> é falso"
"Era esperado verdadeiro, mas " + result229 + " <encoding.isPresent()> é falso"
"Era esperado verdadeiro, mas " + result230 + " <encoding.isPresent()> é falso"
"A execução falhou por uma causa deliberada"
"A execução falhou por uma causa deliberada"
"A execução falhou por uma causa deliberada"
"A execução falhou por uma causa deliberada"
"Era esperado verdadeiro, mas " + result233 + " <exception.getMessage().contains('No requests exactly matched. Most similar request was:')> é falso"
"Era esperado não nulo, mas  o valor obtido foi nulo"
"Era esperado não nulo, mas  o valor obtido foi nulo"
"Era esperado não nulo, mas  o valor obtido foi nulo"
"Era esperado falso, mas " + result234 + " <header.encodingPart().isPresent()> é verdadeiro "
"Era esperado verdadeiro, mas " + result235 + " <ContentTypes.determineIsTextFromExtension('txt')> é falso"
"Era esperado verdadeiro, mas " + result236 + " <ContentTypes.determineIsTextFromExtension('json')> é falso"
"Era esperado verdadeiro, mas " + result237 + " <ContentTypes.determineIsTextFromExtension('xml')> é falso"
"Era esperado verdadeiro, mas " + result238 + " <ContentTypes.determineIsTextFromExtension('html')> é falso"
"Era esperado verdadeiro, mas " + result239 + " <ContentTypes.determineIsTextFromExtension('htm')> é falso"
"Era esperado verdadeiro, mas " + result240 + " <ContentTypes.determineIsTextFromExtension('yaml')> é falso"
"Era esperado verdadeiro, mas " + result241 + " <ContentTypes.determineIsTextFromExtension('csv')> é falso"
"Era esperado falso, mas " + result242 + " <ContentTypes.determineIsTextFromExtension('jpg')> é verdadeiro "
"Era esperado falso, mas " + result243 + " <ContentTypes.determineIsTextFromExtension('png')> é verdadeiro "
"Era esperado falso, mas " + result244 + " <ContentTypes.determineIsTextFromExtension(null)> é verdadeiro "
"Era esperado falso, mas " + result245 + " <ContentTypes.determineIsTextFromExtension('')> é verdadeiro "
"Era esperado verdadeiro, mas " + result246 + " <ContentTypes.determineIsTextFromMimeType('text/plain')> é falso"
"Era esperado verdadeiro, mas " + result247 + " <ContentTypes.determineIsTextFromMimeType('text/html')> é falso"
"Era esperado verdadeiro, mas " + result248 + " <ContentTypes.determineIsTextFromMimeType('application/json')> é falso"
"Era esperado verdadeiro, mas " + result249 + " <ContentTypes.determineIsTextFromMimeType('some-preamble; application/json')> é falso"
"Era esperado verdadeiro, mas " + result250 + " <ContentTypes.determineIsTextFromMimeType('application/blah.something+json')> é falso"
"Era esperado verdadeiro, mas " + result251 + " <ContentTypes.determineIsTextFromMimeType('application/xml')> é falso"
"Era esperado verdadeiro, mas " + result252 + " <ContentTypes.determineIsTextFromMimeType('text/xml')> é falso"
"Era esperado verdadeiro, mas " + result253 + " <ContentTypes.determineIsTextFromMimeType('text/xml; utf-8')> é falso"
"Era esperado verdadeiro, mas " + result254 + " <ContentTypes.determineIsTextFromMimeType('application/csv')> é falso"
"Era esperado verdadeiro, mas " + result255 + " <ContentTypes.determineIsTextFromMimeType('application/x-www-form-urlencoded')> é falso"
"Era esperado falso, mas " + result256 + " <ContentTypes.determineIsTextFromMimeType('application/octet-stream')> é verdadeiro "
"Era esperado falso, mas " + result257 + " <ContentTypes.determineIsTextFromMimeType('image/jpeg')> é verdadeiro "
"Era esperado falso, mas " + result258 + " <ContentTypes.determineIsTextFromMimeType('application/pdf')> é verdadeiro "
"Era esperado verdadeiro, mas " + result259 + " <ContentTypes.determineIsText('txt', 'text/plain')> é falso"
"Era esperado verdadeiro, mas " + result260 + " <ContentTypes.determineIsText('xml', '')> é falso"
"Era esperado verdadeiro, mas " + result261 + " <ContentTypes.determineIsText('json', null)> é falso"
"Era esperado falso, mas " + result262 + " <ContentTypes.determineIsText('png', null)> é verdadeiro "
"Era esperado falso, mas " + result263 + " <ContentTypes.determineIsText(null, 'image/jpeg')> é verdadeiro "
"Era esperado valores iguais, mas  '/home/bob/myfile.txt' é diferente de " + " path"
"Era esperado valores iguais, mas " + result264 + " <Paths.get('C:/Users/bob/myfile.txt')> é diferente de " + " path"
"Era esperado arrays iguais, mas  empty é diferente de " + result265 + " <concat(empty, empty)>"
"Era esperado arrays iguais, mas  new Integer[] { 1, 2 } é diferente de " + " result"
"Era esperado arrays iguais, mas  new Integer[] { 1, 2 } é diferente de " + " result"
"Era esperado arrays iguais, mas  new Integer[] { 1, 2 } é diferente de " + " result"
"Era esperado arrays iguais, mas  new Integer[] { 1, 2 } é diferente de " + " result"
"Era esperado arrays iguais, mas  new Integer[] { 1, 2, 3, 4 } é diferente de " + " result"
"Era esperado arrays iguais, mas  new Integer[] { 1, 2, 3, 4 } é diferente de " + " result"
"Era esperado arrays iguais, mas  new Integer[] { null } é diferente de " + result266 + " <prepend(null, empty)>"
"Era esperado arrays iguais, mas  new Integer[] { 1 } é diferente de " + " result"
"Era esperado arrays iguais, mas  new Integer[] { null, 1, 2 } é diferente de " + " result"
"Era esperado arrays iguais, mas  new Integer[] { null, 1, 2 } é diferente de " + " result"
"Era esperado arrays iguais, mas  new Integer[] { 1, 2, 3 } é diferente de " + " result"
"Era esperado arrays iguais, mas  new Integer[] { 1, 2, 3 } é diferente de " + " result"
"A execução falhou por uma causa deliberada"
"A execução falhou por uma causa deliberada"
"Era esperado valores iguais, mas " + result267 + " <pair(Collections.<Number>emptyList(), Collections.<Integer>emptyList())> é diferente de " + result268 + " <splitByType(input, Integer.class)>"
"Era esperado valores iguais, mas " + result269 + " <pair(singletonList(1L), Collections.<Integer>emptyList())> é diferente de " + result270 + " <splitByType(input, Integer.class)>"
"Era esperado valores iguais, mas " + result271 + " <pair(Collections.<Number>emptyList(), singletonList(1))> é diferente de " + result272 + " <splitByType(input, Integer.class)>"
"Era esperado valores iguais, mas " + result273 + " <pair(asList(1L, 2L, 3L), asList(1, 2, 3))> é diferente de " + result274 + " <splitByType(input, Integer.class)>"
"Era esperado verdadeiro, mas " + result275 + " <PathTemplate.couldBePathTemplate('/things/{id}')> é falso"
"Era esperado verdadeiro, mas " + result276 + " <PathTemplate.couldBePathTemplate('/things/**')> é falso"
"Era esperado verdadeiro, mas " + result277 + " <PathTemplate.couldBePathTemplate('/things/{id}/stuff')> é falso"
"Era esperado verdadeiro, mas " + result278 + " <optional.isPresent()> é falso"
"Era esperado valores iguais, mas " + result279 + " <Integer.valueOf(number)> é diferente de " + result280 + " <optional.get()>"
"Era esperado verdadeiro, mas " + result281 + " <optional.isPresent()> é falso"
"Era esperado valores iguais, mas " + result282 + " <Long.valueOf(longNumber)> é diferente de " + result283 + " <optional.get()>"
"Era esperado verdadeiro, mas " + result284 + " <Limit.UNLIMITED.isUnlimited()> é falso"
"Era esperado valores iguais, mas  3 é diferente de " + result285 + " <proxyingService.getStubMappings().size()>"
"Era esperado falso, mas " + result286 + " <PathTemplate.couldBePathTemplate('/things/in/path')> é verdadeiro "
"Era esperado falso, mas " + result287 + " <PathTemplate.couldBePathTemplate('/thing')> é verdadeiro "
"Era esperado falso, mas " + result288 + " <jettySettings.getAcceptors().isPresent()> é verdadeiro "
"Era esperado falso, mas " + result289 + " <jettySettings.getAcceptQueueSize().isPresent()> é verdadeiro "
"Era esperado falso, mas " + result290 + " <jettySettings.getRequestHeaderSize().isPresent()> é verdadeiro "
"Era esperado falso, mas " + result291 + " <jettySettings.getStopTimeout().isPresent()> é verdadeiro "
"Era esperado falso, mas " + result292 + " <jettySettings.getIdleTimeout().isPresent()> é verdadeiro "
"Era esperado falso, mas " + result293 + " <wireMockConfiguration.getStores().getSettingsStore().get().getProxyPassThrough()> é verdadeiro "
"Era esperado valores iguais, mas  stubMapping é diferente de " + " result"
"Era esperado valores iguais, mas  stubMapping é diferente de " + " result"
"Era esperado valores iguais, mas  '/?transformed=nonglobal' é diferente de " + result294 + " <result.getRequest().getUrl()>"
"Era esperado valores iguais, mas  '/?transformed=global' é diferente de " + result295 + " <result.getRequest().getUrl()>"
"Era esperado valores iguais, mas  FULL é diferente de " + result296 + " <SnapshotOutputFormatter.fromString(null)>"
"Era esperado valores iguais, mas  FULL é diferente de " + result297 + " <SnapshotOutputFormatter.fromString('full')>"
"Era esperado valores iguais, mas  IDS é diferente de " + result298 + " <SnapshotOutputFormatter.fromString('ids')>"
"Era esperado valores iguais, mas " + result299 + " <expected.build()> é diferente de " + result300 + " <new RequestPatternTransformer(null, null).apply(request).build()>"
"Era esperado valores iguais, mas " + result301 + " <expected.build()> é diferente de " + result302 + " <new RequestPatternTransformer(headers, null).apply(request).build()>"
"Era esperado valores iguais, mas  new ResponseDefinitionBodyMatcher(Long.MAX_VALUE, Long.MAX_VALUE) é diferente de " + " matcher"
"Era esperado valores iguais, mas  new ResponseDefinitionBodyMatcher(100, Long.MAX_VALUE) é diferente de " + " matcher"
"Era esperado valores iguais, mas  new ResponseDefinitionBodyMatcher(100, 10) é diferente de " + " matcher"
"Era esperado falso, mas " + result303 + " <matcher.match(new ResponseDefinition()).isExactMatch()> é verdadeiro "
"Era esperado verdadeiro, mas " + result304 + " <matcher.match(textResponseDefinition('a')).isExactMatch()> é falso"
"Era esperado verdadeiro, mas " + result305 + " <matcher.match(binaryResponseDefinition(new byte[] { 0x1 })).isExactMatch()> é falso"
"Era esperado falso, mas " + result306 + " <matcher.match(textResponseDefinition('f')).isExactMatch()> é verdadeiro "
"Era esperado falso, mas " + result307 + " <matcher.match(textResponseDefinition('fo')).isExactMatch()> é verdadeiro "
"Era esperado verdadeiro, mas " + result308 + " <matcher.match(textResponseDefinition('foo')).isExactMatch()> é falso"
"Era esperado falso, mas " + result309 + " <matcher.match(binaryResponseDefinition(new byte[] { 0x1 })).isExactMatch()> é verdadeiro "
"Era esperado falso, mas " + result310 + " <matcher.match(binaryResponseDefinition(new byte[] { 0x1, 0xc })).isExactMatch()> é verdadeiro "
"Era esperado verdadeiro, mas " + result311 + " <matcher.match(binaryResponseDefinition(new byte[] { 0x1, 0xc, 0xf })).isExactMatch()> é falso"
"Era esperado valores iguais, mas " + result312 + " <responseDefinition().withStatus(401).build()> é diferente de " + result313 + " <aTransformer().apply(response)>"
"Era esperado valores iguais, mas  expected é diferente de " + result314 + " <aTransformer().apply(response)>"
"Era esperado valores iguais, mas  expected é diferente de " + result315 + " <aTransformer().apply(response)>"
"Era esperado valores iguais, mas  expected é diferente de " + result316 + " <aTransformer().apply(response)>"
"Era esperado valores iguais, mas  expected é diferente de " + result317 + " <aTransformer().apply(response)>"
"Era esperado verdadeiro, mas " + result318 + " <filters.apply(serveEvent)> é falso"
"Era esperado verdadeiro, mas " + result319 + " <filters.apply(serveEvent)> é falso"
"Era esperado falso, mas " + result320 + " <filters.apply(serveEvent)> é verdadeiro "
"Era esperado verdadeiro, mas " + result321 + " <filters.apply(proxiedServeEvent(request))> é falso"
"Era esperado verdadeiro, mas " + result322 + " <filters.apply(proxiedServeEvent(request.url('/bar')))> é falso"
"Era esperado falso, mas " + result323 + " <filters.apply(proxiedServeEvent(request.method(POST)))> é verdadeiro "
"Era esperado verdadeiro, mas " + result324 + " <filters.apply(proxiedServeEvent(ids.get(0)))> é falso"
"Era esperado verdadeiro, mas " + result325 + " <filters.apply(proxiedServeEvent(ids.get(1)))> é falso"
"Era esperado falso, mas " + result326 + " <filters.apply(proxiedServeEvent(UUID.fromString('00000000-0000-0000-0000-000000000002')))> é verdadeiro "
"Era esperado verdadeiro, mas " + result327 + " <filters.apply(proxiedServeEvent(request))> é falso"
"Era esperado falso, mas " + result328 + " <filters.apply(proxiedServeEvent(request.url('/bar')))> é verdadeiro "
"Era esperado falso, mas " + result329 + " <filters.apply(proxiedServeEvent(request.method(POST)))> é verdadeiro "
"Era esperado verdadeiro, mas " + result330 + " <filters.apply(proxiedServeEvent(ids.get(0), request))> é falso"
"Era esperado falso, mas " + result331 + " <filters.apply(proxiedServeEvent(UUID.fromString('00000000-0000-0000-0000-000000000002'), request))> é verdadeiro "
"Era esperado falso, mas " + result332 + " <filters.apply(proxiedServeEvent(ids.get(0), request.method(POST)))> é verdadeiro "
"Era esperado não nulo, mas  o valor obtido foi nulo"
"Era esperado verdadeiro, mas o valor obtido é falso"
"Era esperado nulo, mas o valor obtido não é nulo"
"Era esperado valores iguais, mas  '[ERROR: Access to TEST_VAR is denied]' é diferente de " + " value"
"Era esperado valores iguais, mas  '[ERROR: The key cannot be empty]' é diferente de " + " value"
"Era esperado valores iguais, mas  'aaa' é diferente de " + result333 + " <System.getProperty('test.key')>"
"Era esperado valores iguais, mas  'aaa' é diferente de " + " value"
"Era esperado valores iguais, mas  '[ERROR: Access to test.key is denied]' é diferente de " + " value"
"Era esperado nulo, mas o valor obtido não é nulo"
"Era esperado verdadeiro, mas " + result334 + " <authoriser.isPermitted('allowed_key_1')> é falso"
"Era esperado verdadeiro, mas " + result335 + " <authoriser.isPermitted('ALLOWED_KEY_2')> é falso"
"Era esperado verdadeiro, mas " + result336 + " <authoriser.isPermitted('permitted_key_3')> é falso"
"Era esperado falso, mas " + result337 + " <authoriser.isPermitted('forbidden_key_1')> é verdadeiro "
"Era esperado falso, mas " + result338 + " <authoriser.isPermitted('notallowed_key_2')> é verdadeiro "
"Era esperado falso, mas " + result339 + " <authoriser.isPermitted('notpermitted_key_3')> é verdadeiro "
"Era esperado verdadeiro, mas " + result340 + " <authoriser.isPermitted('wiremock_key_1')> é falso"
"Era esperado verdadeiro, mas " + result341 + " <authoriser.isPermitted('wiremock.thing.2')> é falso"
"Era esperado falso, mas " + result342 + " <authoriser.isPermitted('notallowed_key_2')> é verdadeiro "
"Era esperado não nulo, mas  o valor obtido foi nulo"
"Era esperado não nulo, mas  o valor obtido foi nulo"
"Era esperado não nulo, mas  o valor obtido foi nulo"
"Era esperado verdadeiro, mas " + result343 + " <response.equals(copiedResponse)> é falso"
"Era esperado verdadeiro, mas " + result344 + " <responseDefinition.specifiesBodyFile()> é falso"
"Era esperado falso, mas " + result345 + " <responseDefinition.specifiesBodyContent()> é verdadeiro "
"Era esperado falso, mas " + result346 + " <responseDefinition.specifiesBodyFile()> é verdadeiro "
"Era esperado verdadeiro, mas " + result347 + " <responseDefinition.specifiesBodyContent()> é falso"
"Era esperado nulo, mas " + result348 + " <response.content()> não é nulo"
"Era esperado valores iguais, mas  200 é diferente de " + result349 + " <certResponse.statusCode()>"
"Era esperado valores iguais, mas  'application/x-pem-file' é diferente de " + result350 + " <certResponse.firstHeader('Content-Type')>"
"Era esperado valores iguais, mas  keyStore.getCertificateAuthority().certificateChain()[0] é diferente de " + " cert"
"Era esperado não nulo, mas  o valor obtido foi nulo"
"Era esperado não nulo, mas " + result351 + " <wmRuntimeInfo.getWireMock()> é nulo"
"Era esperado que nenhuma exceção fosse lançada, mas  wm1RuntimeInfo::getHttpsPort foi lançada"
"Era esperado que nenhuma exceção fosse lançada, mas  () - extension.afterEach(extensionContext) foi lançada"
"Era esperado que nenhuma exceção fosse lançada, mas  wm1RuntimeInfo::getHttpsPort foi lançada"
"Era esperado que nenhuma exceção fosse lançada, mas  info::getHttpBaseUrl foi lançada"
"Era esperado valores iguais, mas  'Domain 1' é diferente de " + " responseBody"
"Era esperado valores iguais, mas  'Domain 2' é diferente de " + " responseBody"
"Era esperado valores iguais, mas  'Domain 1' é diferente de " + " responseBody"
"Era esperado valores iguais, mas  'Domain 2' é diferente de " + " responseBody"
"Era esperado verdadeiro, mas o valor obtido é falso"
"Era esperado verdadeiro, mas o valor obtido é falso"
"Era esperado valores iguais, mas  'body' é diferente de " + " retrievedBody"
